<?xml version="1.0" encoding="UTF-8"?>
<testsuite name="JustWork.server.login.LoginTest" time="0.012" tests="3" errors="3" skipped="0" failures="0">
  <properties>
    <property name="java.runtime.name" value="Java(TM) SE Runtime Environment"/>
    <property name="java.vm.version" value="12.0.2+10"/>
    <property name="sun.boot.library.path" value="/Library/Java/JavaVirtualMachines/jdk-12.0.2.jdk/Contents/Home/lib"/>
    <property name="maven.multiModuleProjectDirectory" value="/Users/josephlpz/documents/JustWork/JustWork-server"/>
    <property name="java.vm.vendor" value="Oracle Corporation"/>
    <property name="java.vendor.url" value="https://java.oracle.com/"/>
    <property name="guice.disable.misplaced.annotation.check" value="true"/>
    <property name="path.separator" value=":"/>
    <property name="java.vm.name" value="Java HotSpot(TM) 64-Bit Server VM"/>
    <property name="user.country" value="CL"/>
    <property name="sun.java.launcher" value="SUN_STANDARD"/>
    <property name="test" value="LoginTest"/>
    <property name="java.vm.specification.name" value="Java Virtual Machine Specification"/>
    <property name="user.dir" value="/Users/josephlpz/Documents/JustWork/JustWork-server"/>
    <property name="java.vm.compressedOopsMode" value="Zero based"/>
    <property name="java.runtime.version" value="12.0.2+10"/>
    <property name="java.awt.graphicsenv" value="sun.awt.CGraphicsEnvironment"/>
    <property name="os.arch" value="x86_64"/>
    <property name="java.io.tmpdir" value="/var/folders/2y/_md2dlsj0t31t1s__k2m4fdh0000gn/T/"/>
    <property name="line.separator" value="&#10;"/>
    <property name="java.vm.specification.vendor" value="Oracle Corporation"/>
    <property name="os.name" value="Mac OS X"/>
    <property name="classworlds.conf" value="/Users/josephlpz/apache-maven-3.8.4/bin/m2.conf"/>
    <property name="sun.jnu.encoding" value="UTF-8"/>
    <property name="java.library.path" value="/Users/josephlpz/Library/Java/Extensions:/Library/Java/Extensions:/Network/Library/Java/Extensions:/System/Library/Java/Extensions:/usr/lib/java:."/>
    <property name="maven.conf" value="/Users/josephlpz/apache-maven-3.8.4/conf"/>
    <property name="jdk.debug" value="release"/>
    <property name="java.class.version" value="56.0"/>
    <property name="java.specification.name" value="Java Platform API Specification"/>
    <property name="sun.management.compiler" value="HotSpot 64-Bit Tiered Compilers"/>
    <property name="os.version" value="10.16"/>
    <property name="library.jansi.path" value="/Users/josephlpz/apache-maven-3.8.4/lib/jansi-native"/>
    <property name="http.nonProxyHosts" value="local|*.local|169.254/16|*.169.254/16"/>
    <property name="user.home" value="/Users/josephlpz"/>
    <property name="user.timezone" value="America/Santiago"/>
    <property name="file.encoding" value="UTF-8"/>
    <property name="java.specification.version" value="12"/>
    <property name="user.name" value="josephlpz"/>
    <property name="java.class.path" value="/Users/josephlpz/apache-maven-3.8.4/boot/plexus-classworlds-2.6.0.jar"/>
    <property name="java.vm.specification.version" value="12"/>
    <property name="sun.arch.data.model" value="64"/>
    <property name="sun.java.command" value="org.codehaus.plexus.classworlds.launcher.Launcher -Dtest=LoginTest test"/>
    <property name="java.home" value="/Library/Java/JavaVirtualMachines/jdk-12.0.2.jdk/Contents/Home"/>
    <property name="user.language" value="en"/>
    <property name="java.specification.vendor" value="Oracle Corporation"/>
    <property name="awt.toolkit" value="sun.lwawt.macosx.LWCToolkit"/>
    <property name="java.vm.info" value="mixed mode, sharing"/>
    <property name="java.version" value="12.0.2"/>
    <property name="java.vendor" value="Oracle Corporation"/>
    <property name="maven.home" value="/Users/josephlpz/apache-maven-3.8.4"/>
    <property name="file.separator" value="/"/>
    <property name="java.version.date" value="2019-07-16"/>
    <property name="java.vendor.url.bug" value="https://bugreport.java.com/bugreport/"/>
    <property name="sun.io.unicode.encoding" value="UnicodeBig"/>
    <property name="sun.cpu.endian" value="little"/>
    <property name="socksNonProxyHosts" value="local|*.local|169.254/16|*.169.254/16"/>
    <property name="ftp.nonProxyHosts" value="local|*.local|169.254/16|*.169.254/16"/>
  </properties>
  <testcase name="checkTestContainer" classname="JustWork.server.login.LoginTest" time="0.008">
    <error message="Failed to load ApplicationContext" type="java.lang.IllegalStateException">java.lang.IllegalStateException: Illegal access: this web application instance has been stopped already. Could not load [db/migration/V1__create_init_tables.sql]. The following stack trace is thrown for debugging purposes as well as to attempt to terminate the thread which caused the illegal access.
	at org.apache.catalina.loader.WebappClassLoaderBase.checkStateForResourceLoading(WebappClassLoaderBase.java:1432)
	at org.apache.catalina.loader.WebappClassLoaderBase.getResource(WebappClassLoaderBase.java:1057)
	at org.flywaydb.core.internal.resource.classpath.ClassPathResource.getUrl(ClassPathResource.java:85)
	at org.flywaydb.core.internal.resource.classpath.ClassPathResource.getAbsolutePathOnDisk(ClassPathResource.java:74)
	at org.flywaydb.core.internal.sqlscript.FlywaySqlScriptException.getMessage(FlywaySqlScriptException.java:81)
	at org.apache.maven.surefire.report.SmartStackTraceParser.toString(SmartStackTraceParser.java:311)
	at org.apache.maven.surefire.report.SmartStackTraceParser.causeToString(SmartStackTraceParser.java:300)
	at org.apache.maven.surefire.report.SmartStackTraceParser.innerMostWithFocusOnClass(SmartStackTraceParser.java:248)
	at org.apache.maven.surefire.common.junit4.JUnit4StackTraceWriter.writeTrimmedTraceToString(JUnit4StackTraceWriter.java:97)
	at org.apache.maven.surefire.booter.ForkingRunListener.encode(ForkingRunListener.java:330)
	at org.apache.maven.surefire.booter.ForkingRunListener.encode(ForkingRunListener.java:312)
	at org.apache.maven.surefire.booter.ForkingRunListener.toString(ForkingRunListener.java:258)
	at org.apache.maven.surefire.booter.ForkingRunListener.testError(ForkingRunListener.java:132)
	at org.apache.maven.surefire.common.junit4.JUnit4RunListener.testFailure(JUnit4RunListener.java:118)
	at org.apache.maven.surefire.junitcore.NonConcurrentRunListener.testFailure(NonConcurrentRunListener.java:132)
	at org.junit.runner.notification.SynchronizedRunListener.testFailure(SynchronizedRunListener.java:63)
	at org.junit.runner.notification.RunNotifier$4.notifyListener(RunNotifier.java:142)
	at org.junit.runner.notification.RunNotifier$SafeNotifier.run(RunNotifier.java:72)
	at org.junit.runner.notification.RunNotifier.fireTestFailures(RunNotifier.java:138)
	at org.junit.runner.notification.RunNotifier.fireTestFailure(RunNotifier.java:132)
	at org.junit.internal.runners.model.EachTestNotifier.addFailure(EachTestNotifier.java:23)
	at org.junit.runners.ParentRunner.runLeaf(ParentRunner.java:329)
	at org.springframework.test.context.junit4.SpringJUnit4ClassRunner.runChild(SpringJUnit4ClassRunner.java:251)
	at org.springframework.test.context.junit4.SpringJUnit4ClassRunner.runChild(SpringJUnit4ClassRunner.java:97)
	at org.junit.runners.ParentRunner$3.run(ParentRunner.java:290)
	at org.junit.runners.ParentRunner$1.schedule(ParentRunner.java:71)
	at org.junit.runners.ParentRunner.runChildren(ParentRunner.java:288)
	at org.junit.runners.ParentRunner.access$000(ParentRunner.java:58)
	at org.junit.runners.ParentRunner$2.evaluate(ParentRunner.java:268)
	at org.springframework.test.context.junit4.statements.RunBeforeTestClassCallbacks.evaluate(RunBeforeTestClassCallbacks.java:61)
	at org.springframework.test.context.junit4.statements.RunAfterTestClassCallbacks.evaluate(RunAfterTestClassCallbacks.java:70)
	at org.junit.runners.ParentRunner.run(ParentRunner.java:363)
	at org.springframework.test.context.junit4.SpringJUnit4ClassRunner.run(SpringJUnit4ClassRunner.java:190)
	at org.junit.runners.Suite.runChild(Suite.java:128)
	at org.junit.runners.Suite.runChild(Suite.java:27)
	at org.junit.runners.ParentRunner$3.run(ParentRunner.java:290)
	at org.junit.runners.ParentRunner$1.schedule(ParentRunner.java:71)
	at org.junit.runners.ParentRunner.runChildren(ParentRunner.java:288)
	at org.junit.runners.ParentRunner.access$000(ParentRunner.java:58)
	at org.junit.runners.ParentRunner$2.evaluate(ParentRunner.java:268)
	at org.junit.runners.ParentRunner.run(ParentRunner.java:363)
	at org.junit.runner.JUnitCore.run(JUnitCore.java:137)
	at org.junit.runner.JUnitCore.run(JUnitCore.java:115)
	at org.apache.maven.surefire.junitcore.JUnitCoreWrapper.createRequestAndRun(JUnitCoreWrapper.java:108)
	at org.apache.maven.surefire.junitcore.JUnitCoreWrapper.executeEager(JUnitCoreWrapper.java:78)
	at org.apache.maven.surefire.junitcore.JUnitCoreWrapper.execute(JUnitCoreWrapper.java:54)
	at org.apache.maven.surefire.junitcore.JUnitCoreProvider.invoke(JUnitCoreProvider.java:144)
	at org.apache.maven.surefire.booter.ForkedBooter.invokeProviderInSameClassLoader(ForkedBooter.java:203)
	at org.apache.maven.surefire.booter.ForkedBooter.runSuitesInProcess(ForkedBooter.java:155)
	at org.apache.maven.surefire.booter.ForkedBooter.main(ForkedBooter.java:103)
</error>
    <system-out><![CDATA[2023-04-04 21:53:28,218 main ERROR Unable to locate appender "FILE" for logger config "root"
2023-04-04 21:53:28,221 main ERROR Unable to locate appender "STDOUT" for logger config "root"
&amp#27;[30m2023-04-04T21:53:28,438&amp#27;[m &amp#27;[36mDEBUG &amp#27;[m[&amp#27;[1;34mmain&amp#27;[m] &amp#27;[1;33mo.s.t.c.j.SpringJUnit4ClassRunner&amp#27;[m:  SpringJUnit4ClassRunner constructor called with [class JustWork.server.login.LoginTest]
&amp#27;[30m2023-04-04T21:53:28,449&amp#27;[m &amp#27;[36mDEBUG &amp#27;[m[&amp#27;[1;34mmain&amp#27;[m] &amp#27;[1;33mo.s.t.c.BootstrapUtils&amp#27;[m:  Instantiating CacheAwareContextLoaderDelegate from class [org.springframework.test.context.cache.DefaultCacheAwareContextLoaderDelegate]
&amp#27;[30m2023-04-04T21:53:28,458&amp#27;[m &amp#27;[36mDEBUG &amp#27;[m[&amp#27;[1;34mmain&amp#27;[m] &amp#27;[1;33mo.s.t.c.BootstrapUtils&amp#27;[m:  Instantiating BootstrapContext using constructor [public org.springframework.test.context.support.DefaultBootstrapContext(java.lang.Class,org.springframework.test.context.CacheAwareContextLoaderDelegate)]
&amp#27;[30m2023-04-04T21:53:28,541&amp#27;[m &amp#27;[36mDEBUG &amp#27;[m[&amp#27;[1;34mmain&amp#27;[m] &amp#27;[1;33mo.s.t.c.BootstrapUtils&amp#27;[m:  Instantiating TestContextBootstrapper for test class [JustWork.server.login.LoginTest] from class [org.springframework.boot.test.context.SpringBootTestContextBootstrapper]
&amp#27;[30m2023-04-04T21:53:28,563&amp#27;[m &amp#27;[36mDEBUG &amp#27;[m[&amp#27;[1;34mmain&amp#27;[m] &amp#27;[1;33mo.s.t.c.s.AbstractContextLoader&amp#27;[m:  Did not detect default resource location for test class [JustWork.server.login.LoginTest]: class path resource [JustWork/server/login/LoginTest-context.xml] does not exist
&amp#27;[30m2023-04-04T21:53:28,565&amp#27;[m &amp#27;[36mDEBUG &amp#27;[m[&amp#27;[1;34mmain&amp#27;[m] &amp#27;[1;33mo.s.t.c.s.AbstractContextLoader&amp#27;[m:  Did not detect default resource location for test class [JustWork.server.login.LoginTest]: class path resource [JustWork/server/login/LoginTestContext.groovy] does not exist
&amp#27;[30m2023-04-04T21:53:28,565&amp#27;[m &amp#27;[32mINFO  &amp#27;[m[&amp#27;[1;34mmain&amp#27;[m] &amp#27;[1;33mo.s.t.c.s.AbstractContextLoader&amp#27;[m:  Could not detect default resource locations for test class [JustWork.server.login.LoginTest]: no resource found for suffixes {-context.xml, Context.groovy}.
&amp#27;[30m2023-04-04T21:53:28,685&amp#27;[m &amp#27;[36mDEBUG &amp#27;[m[&amp#27;[1;34mmain&amp#27;[m] &amp#27;[1;33mo.s.t.c.s.ActiveProfilesUtils&amp#27;[m:  Could not find an 'annotation declaring class' for annotation type [org.springframework.test.context.ActiveProfiles] and class [JustWork.server.login.LoginTest]
&amp#27;[30m2023-04-04T21:53:28,843&amp#27;[m &amp#27;[36mDEBUG &amp#27;[m[&amp#27;[1;34mmain&amp#27;[m] &amp#27;[1;33mo.s.t.c.s.AbstractTestContextBootstrapper&amp#27;[m:  @TestExecutionListeners is not present for class [JustWork.server.login.LoginTest]: using defaults.
&amp#27;[30m2023-04-04T21:53:28,845&amp#27;[m &amp#27;[32mINFO  &amp#27;[m[&amp#27;[1;34mmain&amp#27;[m] &amp#27;[1;33mo.s.t.c.s.AbstractTestContextBootstrapper&amp#27;[m:  Loaded default TestExecutionListener class names from location [META-INF/spring.factories]: [org.springframework.test.context.web.ServletTestExecutionListener, org.springframework.test.context.support.DirtiesContextBeforeModesTestExecutionListener, org.springframework.test.context.event.ApplicationEventsTestExecutionListener, org.springframework.test.context.support.DependencyInjectionTestExecutionListener, org.springframework.test.context.support.DirtiesContextTestExecutionListener, org.springframework.test.context.transaction.TransactionalTestExecutionListener, org.springframework.test.context.jdbc.SqlScriptsTestExecutionListener, org.springframework.test.context.event.EventPublishingTestExecutionListener, org.springframework.boot.test.mock.mockito.MockitoTestExecutionListener, org.springframework.boot.test.mock.mockito.ResetMocksTestExecutionListener, org.springframework.boot.test.autoconfigure.restdocs.RestDocsTestExecutionListener, org.springframework.boot.test.autoconfigure.web.client.MockRestServiceServerResetTestExecutionListener, org.springframework.boot.test.autoconfigure.web.servlet.MockMvcPrintOnlyOnFailureTestExecutionListener, org.springframework.boot.test.autoconfigure.web.servlet.WebDriverTestExecutionListener, org.springframework.boot.test.autoconfigure.webservices.client.MockWebServiceServerTestExecutionListener]
&amp#27;[30m2023-04-04T21:53:28,861&amp#27;[m &amp#27;[32mINFO  &amp#27;[m[&amp#27;[1;34mmain&amp#27;[m] &amp#27;[1;33mo.s.t.c.s.AbstractTestContextBootstrapper&amp#27;[m:  Using TestExecutionListeners: [org.springframework.test.context.web.ServletTestExecutionListener@499b2a5c, org.springframework.test.context.support.DirtiesContextBeforeModesTestExecutionListener@596df867, org.springframework.test.context.event.ApplicationEventsTestExecutionListener@c1fca1e, org.springframework.boot.test.mock.mockito.MockitoTestExecutionListener@241a53ef, org.springframework.boot.test.autoconfigure.SpringBootDependencyInjectionTestExecutionListener@344344fa, org.springframework.test.context.support.DirtiesContextTestExecutionListener@2db2cd5, org.springframework.test.context.transaction.TransactionalTestExecutionListener@70e659aa, org.springframework.test.context.jdbc.SqlScriptsTestExecutionListener@615f972, org.springframework.test.context.event.EventPublishingTestExecutionListener@285f09de, org.springframework.boot.test.mock.mockito.ResetMocksTestExecutionListener@73393584, org.springframework.boot.test.autoconfigure.restdocs.RestDocsTestExecutionListener@31500940, org.springframework.boot.test.autoconfigure.web.client.MockRestServiceServerResetTestExecutionListener@1827a871, org.springframework.boot.test.autoconfigure.web.servlet.MockMvcPrintOnlyOnFailureTestExecutionListener@48e64352, org.springframework.boot.test.autoconfigure.web.servlet.WebDriverTestExecutionListener@7249dadf, org.springframework.boot.test.autoconfigure.webservices.client.MockWebServiceServerTestExecutionListener@4362d7df]
&amp#27;[30m2023-04-04T21:53:28,863&amp#27;[m &amp#27;[36mDEBUG &amp#27;[m[&amp#27;[1;34mmain&amp#27;[m] &amp#27;[1;33mo.s.t.a.ProfileValueUtils&amp#27;[m:  Retrieved @ProfileValueSourceConfiguration [null] for test class [JustWork.server.login.LoginTest]
&amp#27;[30m2023-04-04T21:53:28,865&amp#27;[m &amp#27;[36mDEBUG &amp#27;[m[&amp#27;[1;34mmain&amp#27;[m] &amp#27;[1;33mo.s.t.a.ProfileValueUtils&amp#27;[m:  Retrieved ProfileValueSource type [class org.springframework.test.annotation.SystemProfileValueSource] for class [JustWork.server.login.LoginTest]
&amp#27;[30m2023-04-04T21:53:28,872&amp#27;[m &amp#27;[36mDEBUG &amp#27;[m[&amp#27;[1;34mmain&amp#27;[m] &amp#27;[1;33mo.s.t.a.ProfileValueUtils&amp#27;[m:  Retrieved @ProfileValueSourceConfiguration [null] for test class [JustWork.server.login.LoginTest]
&amp#27;[30m2023-04-04T21:53:28,872&amp#27;[m &amp#27;[36mDEBUG &amp#27;[m[&amp#27;[1;34mmain&amp#27;[m] &amp#27;[1;33mo.s.t.a.ProfileValueUtils&amp#27;[m:  Retrieved ProfileValueSource type [class org.springframework.test.annotation.SystemProfileValueSource] for class [JustWork.server.login.LoginTest]
&amp#27;[30m2023-04-04T21:53:28,875&amp#27;[m &amp#27;[36mDEBUG &amp#27;[m[&amp#27;[1;34mmain&amp#27;[m] &amp#27;[1;33mo.s.t.a.ProfileValueUtils&amp#27;[m:  Retrieved @ProfileValueSourceConfiguration [null] for test class [JustWork.server.login.LoginTest]
&amp#27;[30m2023-04-04T21:53:28,876&amp#27;[m &amp#27;[36mDEBUG &amp#27;[m[&amp#27;[1;34mmain&amp#27;[m] &amp#27;[1;33mo.s.t.a.ProfileValueUtils&amp#27;[m:  Retrieved ProfileValueSource type [class org.springframework.test.annotation.SystemProfileValueSource] for class [JustWork.server.login.LoginTest]
&amp#27;[30m2023-04-04T21:53:28,876&amp#27;[m &amp#27;[36mDEBUG &amp#27;[m[&amp#27;[1;34mmain&amp#27;[m] &amp#27;[1;33mo.s.t.a.ProfileValueUtils&amp#27;[m:  Retrieved @ProfileValueSourceConfiguration [null] for test class [JustWork.server.login.LoginTest]
&amp#27;[30m2023-04-04T21:53:28,877&amp#27;[m &amp#27;[36mDEBUG &amp#27;[m[&amp#27;[1;34mmain&amp#27;[m] &amp#27;[1;33mo.s.t.a.ProfileValueUtils&amp#27;[m:  Retrieved ProfileValueSource type [class org.springframework.test.annotation.SystemProfileValueSource] for class [JustWork.server.login.LoginTest]
&amp#27;[30m2023-04-04T21:53:28,877&amp#27;[m &amp#27;[36mDEBUG &amp#27;[m[&amp#27;[1;34mmain&amp#27;[m] &amp#27;[1;33mo.s.t.a.ProfileValueUtils&amp#27;[m:  Retrieved @ProfileValueSourceConfiguration [null] for test class [JustWork.server.login.LoginTest]
&amp#27;[30m2023-04-04T21:53:28,877&amp#27;[m &amp#27;[36mDEBUG &amp#27;[m[&amp#27;[1;34mmain&amp#27;[m] &amp#27;[1;33mo.s.t.a.ProfileValueUtils&amp#27;[m:  Retrieved ProfileValueSource type [class org.springframework.test.annotation.SystemProfileValueSource] for class [JustWork.server.login.LoginTest]
&amp#27;[30m2023-04-04T21:53:28,881&amp#27;[m &amp#27;[36mDEBUG &amp#27;[m[&amp#27;[1;34mmain&amp#27;[m] &amp#27;[1;33mo.s.t.c.s.AbstractDirtiesContextTestExecutionListener&amp#27;[m:  Before test class: context [DefaultTestContext@52c8295b testClass = LoginTest, testInstance = [null], testMethod = [null], testException = [null], mergedContextConfiguration = [WebMergedContextConfiguration@251f7d26 testClass = LoginTest, locations = '{}', classes = '{class JustWork.server.ServerApplication}', contextInitializerClasses = '[class JustWork.server.PostgreSQLTesting$Initializer]', activeProfiles = '{}', propertySourceLocations = '{}', propertySourceProperties = '{org.springframework.boot.test.context.SpringBootTestContextBootstrapper=true, server.port=0}', contextCustomizers = set[org.springframework.boot.test.context.filter.ExcludeFilterContextCustomizer@3b7ff809, org.springframework.boot.test.json.DuplicateJsonObjectContextCustomizerFactory$DuplicateJsonObjectContextCustomizer@4b20ca2b, org.springframework.boot.test.mock.mockito.MockitoContextCustomizer@0, org.springframework.boot.test.web.client.TestRestTemplateContextCustomizer@6cfcd46d, org.springframework.boot.test.autoconfigure.actuate.metrics.MetricsExportContextCustomizerFactory$DisableMetricExportContextCustomizer@62f4ff3b, org.springframework.boot.test.autoconfigure.properties.PropertyMappingContextCustomizer@0, org.springframework.boot.test.autoconfigure.web.servlet.WebDriverContextCustomizerFactory$Customizer@792bbc74, org.springframework.boot.test.context.SpringBootTestArgs@1, org.springframework.boot.test.context.SpringBootTestWebEnvironment@26bab2f1], resourceBasePath = 'src/main/webapp', contextLoader = 'org.springframework.boot.test.context.SpringBootContextLoader', parent = [null]], attributes = map['org.springframework.test.context.web.ServletTestExecutionListener.activateListener' -> false]], class annotated with @DirtiesContext [true] with mode [AFTER_CLASS].
&amp#27;[30m2023-04-04T21:53:28,885&amp#27;[m &amp#27;[36mDEBUG &amp#27;[m[&amp#27;[1;34mmain&amp#27;[m] &amp#27;[1;33mo.s.t.a.ProfileValueUtils&amp#27;[m:  Retrieved @ProfileValueSourceConfiguration [null] for test class [JustWork.server.login.LoginTest]
&amp#27;[30m2023-04-04T21:53:28,885&amp#27;[m &amp#27;[36mDEBUG &amp#27;[m[&amp#27;[1;34mmain&amp#27;[m] &amp#27;[1;33mo.s.t.a.ProfileValueUtils&amp#27;[m:  Retrieved ProfileValueSource type [class org.springframework.test.annotation.SystemProfileValueSource] for class [JustWork.server.login.LoginTest]
&amp#27;[30m2023-04-04T21:53:28,926&amp#27;[m &amp#27;[36mDEBUG &amp#27;[m[&amp#27;[1;34mmain&amp#27;[m] &amp#27;[1;33mo.t.u.TestcontainersConfiguration&amp#27;[m:  Testcontainers configuration overrides will be loaded from file:/Users/josephlpz/.testcontainers.properties
&amp#27;[30m2023-04-04T21:53:28,991&amp#27;[m &amp#27;[32mINFO  &amp#27;[m[&amp#27;[1;34mmain&amp#27;[m] &amp#27;[1;33mo.t.d.DockerClientProviderStrategy&amp#27;[m:  Loaded org.testcontainers.dockerclient.UnixSocketClientProviderStrategy from ~/.testcontainers.properties, will try it first
&amp#27;[30m2023-04-04T21:53:29,593&amp#27;[m &amp#27;[36mDEBUG &amp#27;[m[&amp#27;[1;34mducttape-0&amp#27;[m] &amp#27;[1;33mo.t.d.DockerClientProviderStrategy&amp#27;[m:  Pinging docker daemon...
&amp#27;[30m2023-04-04T21:53:29,646&amp#27;[m &amp#27;[36mDEBUG &amp#27;[m[&amp#27;[1;34mducttape-0&amp#27;[m] &amp#27;[1;33mc.g.d.c.c.AbstrDockerCmd&amp#27;[m:  Cmd: 
&amp#27;[30m2023-04-04T21:53:29,834&amp#27;[m &amp#27;[32mINFO  &amp#27;[m[&amp#27;[1;34mmain&amp#27;[m] &amp#27;[1;33mo.t.d.UnixSocketClientProviderStrategy&amp#27;[m:  Accessing docker with local Unix socket
&amp#27;[30m2023-04-04T21:53:29,835&amp#27;[m &amp#27;[32mINFO  &amp#27;[m[&amp#27;[1;34mmain&amp#27;[m] &amp#27;[1;33mo.t.d.DockerClientProviderStrategy&amp#27;[m:  Found Docker environment with local Unix socket (unix:///var/run/docker.sock)
&amp#27;[30m2023-04-04T21:53:29,835&amp#27;[m &amp#27;[36mDEBUG &amp#27;[m[&amp#27;[1;34mmain&amp#27;[m] &amp#27;[1;33mo.t.d.DockerClientProviderStrategy&amp#27;[m:  Checking Docker OS type for local Unix socket (unix:///var/run/docker.sock)
&amp#27;[30m2023-04-04T21:53:29,857&amp#27;[m &amp#27;[36mDEBUG &amp#27;[m[&amp#27;[1;34mmain&amp#27;[m] &amp#27;[1;33mc.g.d.c.c.AbstrDockerCmd&amp#27;[m:  Cmd: 
&amp#27;[30m2023-04-04T21:53:30,068&amp#27;[m &amp#27;[32mINFO  &amp#27;[m[&amp#27;[1;34mmain&amp#27;[m] &amp#27;[1;33mo.t.DockerClientFactory&amp#27;[m:  Docker host IP address is localhost
&amp#27;[30m2023-04-04T21:53:30,070&amp#27;[m &amp#27;[36mDEBUG &amp#27;[m[&amp#27;[1;34mmain&amp#27;[m] &amp#27;[1;33mc.g.d.c.c.AbstrDockerCmd&amp#27;[m:  Cmd: 
&amp#27;[30m2023-04-04T21:53:30,115&amp#27;[m &amp#27;[36mDEBUG &amp#27;[m[&amp#27;[1;34mmain&amp#27;[m] &amp#27;[1;33mc.g.d.c.c.AbstrDockerCmd&amp#27;[m:  Cmd: 
&amp#27;[30m2023-04-04T21:53:30,145&amp#27;[m &amp#27;[32mINFO  &amp#27;[m[&amp#27;[1;34mmain&amp#27;[m] &amp#27;[1;33mo.t.DockerClientFactory&amp#27;[m:  Connected to docker: 
  Server Version: 20.10.21
  API Version: 1.41
  Operating System: Docker Desktop
  Total Memory: 3932 MB
&amp#27;[30m2023-04-04T21:53:30,146&amp#27;[m &amp#27;[36mDEBUG &amp#27;[m[&amp#27;[1;34mmain&amp#27;[m] &amp#27;[1;33mo.t.DockerClientFactory&amp#27;[m:  Ryuk is enabled
&amp#27;[30m2023-04-04T21:53:30,151&amp#27;[m &amp#27;[36mDEBUG &amp#27;[m[&amp#27;[1;34mmain&amp#27;[m] &amp#27;[1;33mc.g.d.c.c.AbstrDockerCmd&amp#27;[m:  Cmd: ListImagesCmdImpl[imageNameFilter=testcontainersofficial/ryuk:0.3.0,showAll=false,filters=com.github.dockerjava.core.util.FiltersBuilder@0]
&amp#27;[30m2023-04-04T21:53:30,243&amp#27;[m &amp#27;[36mDEBUG &amp#27;[m[&amp#27;[1;34mmain&amp#27;[m] &amp#27;[1;33mo.t.u.RegistryAuthLocator&amp#27;[m:  Looking up auth config for image: testcontainersofficial/ryuk:0.3.0 at registry: index.docker.io
&amp#27;[30m2023-04-04T21:53:30,246&amp#27;[m &amp#27;[36mDEBUG &amp#27;[m[&amp#27;[1;34mmain&amp#27;[m] &amp#27;[1;33mo.t.u.RegistryAuthLocator&amp#27;[m:  RegistryAuthLocator has configFile: /Users/josephlpz/.docker/config.json (exists) and commandPathPrefix: 
&amp#27;[30m2023-04-04T21:53:30,250&amp#27;[m &amp#27;[36mDEBUG &amp#27;[m[&amp#27;[1;34mmain&amp#27;[m] &amp#27;[1;33mo.t.u.RegistryAuthLocator&amp#27;[m:  registryName [index.docker.io] for dockerImageName [testcontainersofficial/ryuk:0.3.0]
&amp#27;[30m2023-04-04T21:53:30,250&amp#27;[m &amp#27;[36mDEBUG &amp#27;[m[&amp#27;[1;34mmain&amp#27;[m] &amp#27;[1;33mo.t.u.RegistryAuthLocator&amp#27;[m:  Executing docker credential provider: docker-credential-desktop to locate auth config for: index.docker.io
&amp#27;[30m2023-04-04T21:53:30,266&amp#27;[m &amp#27;[36mDEBUG &amp#27;[m[&amp#27;[1;34mmain&amp#27;[m] &amp#27;[1;33mo.t.s.o.z.e.MessageLoggers$3&amp#27;[m:  Executing [docker-credential-desktop, get].
&amp#27;[30m2023-04-04T21:53:30,284&amp#27;[m &amp#27;[36mDEBUG &amp#27;[m[&amp#27;[1;34mmain&amp#27;[m] &amp#27;[1;33mo.t.s.o.z.e.MessageLoggers$3&amp#27;[m:  Started Process[pid=99277, exitValue="not exited"]
&amp#27;[30m2023-04-04T21:53:30,732&amp#27;[m &amp#27;[36mDEBUG &amp#27;[m[&amp#27;[1;34mWaitForProcess-Process[pid=99277, exitValue="not exited"]&amp#27;[m] &amp#27;[1;33mo.t.s.o.z.e.MessageLoggers$3&amp#27;[m:  Process[pid=99277, exitValue=1] stopped with exit code 1
&amp#27;[30m2023-04-04T21:53:30,735&amp#27;[m &amp#27;[36mDEBUG &amp#27;[m[&amp#27;[1;34mmain&amp#27;[m] &amp#27;[1;33mo.t.s.o.z.e.MessageLoggers$3&amp#27;[m:  Executing [docker-credential-desktop, get].
&amp#27;[30m2023-04-04T21:53:30,742&amp#27;[m &amp#27;[36mDEBUG &amp#27;[m[&amp#27;[1;34mmain&amp#27;[m] &amp#27;[1;33mo.t.s.o.z.e.MessageLoggers$3&amp#27;[m:  Started Process[pid=99285, exitValue="not exited"]
&amp#27;[30m2023-04-04T21:53:30,886&amp#27;[m &amp#27;[36mDEBUG &amp#27;[m[&amp#27;[1;34mWaitForProcess-Process[pid=99285, exitValue="not exited"]&amp#27;[m] &amp#27;[1;33mo.t.s.o.z.e.MessageLoggers$3&amp#27;[m:  Process[pid=99285, exitValue=1] stopped with exit code 1
&amp#27;[30m2023-04-04T21:53:30,887&amp#27;[m &amp#27;[36mDEBUG &amp#27;[m[&amp#27;[1;34mmain&amp#27;[m] &amp#27;[1;33mo.t.u.RegistryAuthLocator&amp#27;[m:  Got credentials not found error message from docker credential helper - credentials not found in native keychain
&amp#27;[30m2023-04-04T21:53:30,887&amp#27;[m &amp#27;[32mINFO  &amp#27;[m[&amp#27;[1;34mmain&amp#27;[m] &amp#27;[1;33mo.t.u.RegistryAuthLocator&amp#27;[m:  Credential helper/store (docker-credential-desktop) does not have credentials for index.docker.io
&amp#27;[30m2023-04-04T21:53:30,888&amp#27;[m &amp#27;[36mDEBUG &amp#27;[m[&amp#27;[1;34mmain&amp#27;[m] &amp#27;[1;33mo.t.u.RegistryAuthLocator&amp#27;[m:  No matching Auth Configs - falling back to defaultAuthConfig [null]
&amp#27;[30m2023-04-04T21:53:30,888&amp#27;[m &amp#27;[36mDEBUG &amp#27;[m[&amp#27;[1;34mmain&amp#27;[m] &amp#27;[1;33mo.t.d.a.AuthDelegatingDockerClientConfig&amp#27;[m:  Effective auth config [null]
&amp#27;[30m2023-04-04T21:53:30,923&amp#27;[m &amp#27;[36mDEBUG &amp#27;[m[&amp#27;[1;34mmain&amp#27;[m] &amp#27;[1;33mc.g.d.c.c.AbstrDockerCmd&amp#27;[m:  Cmd: com.github.dockerjava.core.command.CreateContainerCmdImpl@16eedaa6[name=testcontainers-ryuk-3aec81b2-c6e2-4bf4-aef7-39a13dac3cf0,hostName=<null>,domainName=<null>,user=<null>,attachStdin=<null>,attachStdout=<null>,attachStderr=<null>,portSpecs=<null>,tty=<null>,stdinOpen=<null>,stdInOnce=<null>,env=<null>,cmd=<null>,healthcheck=<null>,argsEscaped=<null>,entrypoint=<null>,image=testcontainersofficial/ryuk:0.3.0,volumes=com.github.dockerjava.api.model.Volumes@58cf8f94,workingDir=<null>,macAddress=<null>,onBuild=<null>,networkDisabled=<null>,exposedPorts=com.github.dockerjava.api.model.ExposedPorts@6e33fcae,stopSignal=<null>,stopTimeout=<null>,hostConfig=HostConfig(binds=[//var/run/docker.sock:/var/run/docker.sock:rw], blkioWeight=null, blkioWeightDevice=null, blkioDeviceReadBps=null, blkioDeviceWriteBps=null, blkioDeviceReadIOps=null, blkioDeviceWriteIOps=null, memorySwappiness=null, nanoCPUs=null, capAdd=null, capDrop=null, containerIDFile=null, cpuPeriod=null, cpuRealtimePeriod=null, cpuRealtimeRuntime=null, cpuShares=null, cpuQuota=null, cpusetCpus=null, cpusetMems=null, devices=null, deviceCgroupRules=null, deviceRequests=null, diskQuota=null, dns=null, dnsOptions=null, dnsSearch=null, extraHosts=null, groupAdd=null, ipcMode=null, cgroup=null, links=[], logConfig=com.github.dockerjava.api.model.LogConfig@764cba, lxcConf=null, memory=null, memorySwap=null, memoryReservation=null, kernelMemory=null, networkMode=null, oomKillDisable=null, init=null, autoRemove=true, oomScoreAdj=null, portBindings=null, privileged=false, publishAllPorts=true, readonlyRootfs=null, restartPolicy=null, ulimits=null, cpuCount=null, cpuPercent=null, ioMaximumIOps=null, ioMaximumBandwidth=null, volumesFrom=null, mounts=null, pidMode=null, isolation=null, securityOpts=null, storageOpt=null, cgroupParent=null, volumeDriver=null, shmSize=null, pidsLimit=null, runtime=null, tmpFs=null, utSMode=null, usernsMode=null, sysctls=null, consoleSize=null),labels={org.testcontainers=true},shell=<null>,networkingConfig=<null>,ipv4Address=<null>,ipv6Address=<null>,aliases=<null>,authConfig=<null>]
&amp#27;[30m2023-04-04T21:53:31,165&amp#27;[m &amp#27;[36mDEBUG &amp#27;[m[&amp#27;[1;34mmain&amp#27;[m] &amp#27;[1;33mc.g.d.c.c.AbstrDockerCmd&amp#27;[m:  Cmd: 8d19295be6d934b881e687e21a3140ae59e7e76d617df3a31e7627d382c69aaf
&amp#27;[30m2023-04-04T21:53:31,489&amp#27;[m &amp#27;[36mDEBUG &amp#27;[m[&amp#27;[1;34mmain&amp#27;[m] &amp#27;[1;33mc.g.d.c.c.AbstrDockerCmd&amp#27;[m:  Cmd: 8d19295be6d934b881e687e21a3140ae59e7e76d617df3a31e7627d382c69aaf,false
&amp#27;[30m2023-04-04T21:53:31,490&amp#27;[m &amp#27;[36mDEBUG &amp#27;[m[&amp#27;[1;34mmain&amp#27;[m] &amp#27;[1;33mc.g.d.c.e.InspectContainerCmdExec&amp#27;[m:  GET: com.github.dockerjava.okhttp.OkHttpWebTarget@6fc29daa
&amp#27;[30m2023-04-04T21:53:31,647&amp#27;[m &amp#27;[36mDEBUG &amp#27;[m[&amp#27;[1;34mtestcontainers-ryuk&amp#27;[m] &amp#27;[1;33mo.t.u.ResourceReaper$FilterRegistry&amp#27;[m:  Sending 'label=org.testcontainers%3Dtrue&label=org.testcontainers.sessionId%3D3aec81b2-c6e2-4bf4-aef7-39a13dac3cf0' to Ryuk
&amp#27;[30m2023-04-04T21:53:31,655&amp#27;[m &amp#27;[36mDEBUG &amp#27;[m[&amp#27;[1;34mtestcontainers-ryuk&amp#27;[m] &amp#27;[1;33mo.t.u.ResourceReaper&amp#27;[m:  Received 'ACK' from Ryuk
&amp#27;[30m2023-04-04T21:53:31,655&amp#27;[m &amp#27;[32mINFO  &amp#27;[m[&amp#27;[1;34mmain&amp#27;[m] &amp#27;[1;33mo.t.DockerClientFactory&amp#27;[m:  Ryuk started - will monitor and terminate Testcontainers containers on JVM exit
&amp#27;[30m2023-04-04T21:53:31,656&amp#27;[m &amp#27;[36mDEBUG &amp#27;[m[&amp#27;[1;34mmain&amp#27;[m] &amp#27;[1;33mo.t.DockerClientFactory&amp#27;[m:  Checks are enabled
&amp#27;[30m2023-04-04T21:53:31,656&amp#27;[m &amp#27;[32mINFO  &amp#27;[m[&amp#27;[1;34mmain&amp#27;[m] &amp#27;[1;33mo.t.DockerClientFactory&amp#27;[m:  Checking the system...
&amp#27;[30m2023-04-04T21:53:31,657&amp#27;[m &amp#27;[32mINFO  &amp#27;[m[&amp#27;[1;34mmain&amp#27;[m] &amp#27;[1;33mo.t.DockerClientFactory&amp#27;[m:  ✔︎ Docker server version should be at least 1.6.0
&amp#27;[30m2023-04-04T21:53:31,661&amp#27;[m &amp#27;[36mDEBUG &amp#27;[m[&amp#27;[1;34mmain&amp#27;[m] &amp#27;[1;33mc.g.d.c.c.AbstrDockerCmd&amp#27;[m:  Cmd: 8d19295be6d934b881e687e21a3140ae59e7e76d617df3a31e7627d382c69aaf,<null>,true,<null>,<null>,<null>,<null>,{df,-P},<null>,<null>
&amp#27;[30m2023-04-04T21:53:31,778&amp#27;[m &amp#27;[36mDEBUG &amp#27;[m[&amp#27;[1;34mtc-okhttp-stream-57407566&amp#27;[m] &amp#27;[1;33mc.g.d.c.c.ExecStartResultCallback&amp#27;[m:  STDOUT: Filesystem           1024-blocks    Used Available Capacity Mounted on
&amp#27;[30m2023-04-04T21:53:31,781&amp#27;[m &amp#27;[36mDEBUG &amp#27;[m[&amp#27;[1;34mtc-okhttp-stream-57407566&amp#27;[m] &amp#27;[1;33mc.g.d.c.c.ExecStartResultCallback&amp#27;[m:  STDOUT: overlay               61202244  16270936  41789984  28% /
tmpfs                    65536         0     65536   0% /dev
shm                      65536         0     65536   0% /dev/shm
/dev/vda1             61202244  16270936  41789984  28% /etc/resolv.conf
/dev/vda1             61202244  16270936  41789984  28% /etc/hostname
/dev/vda1             61202244  16270936  41789984  28% /etc/hosts
overlay                2013396       668   2012728   0% /run/docker.sock
tmpfs                    65536         0     65536   0% /proc/kcore
tmpfs                    65536         0     65536   0% /proc/keys
tmpfs                    65536         0     65536   0% /proc/timer_list
tmpfs                  2013396         0   2013396   0% /sys/firmware
&amp#27;[30m2023-04-04T21:53:31,792&amp#27;[m &amp#27;[32mINFO  &amp#27;[m[&amp#27;[1;34mmain&amp#27;[m] &amp#27;[1;33mo.t.DockerClientFactory&amp#27;[m:  ✔︎ Docker environment should have more than 2GB free disk space
&amp#27;[30m2023-04-04T21:53:31,793&amp#27;[m &amp#27;[36mDEBUG &amp#27;[m[&amp#27;[1;34mmain&amp#27;[m] &amp#27;[1;33mc.g.d.c.c.AbstrDockerCmd&amp#27;[m:  Cmd: ListImagesCmdImpl[imageNameFilter=<null>,showAll=false,filters=com.github.dockerjava.core.util.FiltersBuilder@0]
&amp#27;[30m2023-04-04T21:53:31,847&amp#27;[m &amp#27;[36mDEBUG &amp#27;[m[&amp#27;[1;34mmain&amp#27;[m] &amp#27;[1;33mo.t.i.LocalImagesCache&amp#27;[m:  repoTags is null, skipping image: Image(created=1673486320, id=sha256:fa6ea1ccdd3e35259416010276e617e8ce28f7b41761ba4957fc03ad7cfee8db, parentId=, repoTags=null, size=294304448, virtualSize=294304448)
&amp#27;[30m2023-04-04T21:53:31,849&amp#27;[m &amp#27;[36mDEBUG &amp#27;[m[&amp#27;[1;34mmain&amp#27;[m] &amp#27;[1;33mo.t.i.LocalImagesCache&amp#27;[m:  repoTags is null, skipping image: Image(created=1673485401, id=sha256:4f4d025aa5a044b712c549682e4fadda6b4ca315a96525202ac0e840a8255e8b, parentId=, repoTags=null, size=294304448, virtualSize=294304448)
&amp#27;[30m2023-04-04T21:53:31,850&amp#27;[m &amp#27;[36mDEBUG &amp#27;[m[&amp#27;[1;34mmain&amp#27;[m] &amp#27;[1;33mo.t.i.LocalImagesCache&amp#27;[m:  repoTags is null, skipping image: Image(created=1673485108, id=sha256:c59577a33be1cd0e3aaabb63574ab6c45cca866becf60150f0b4b689f271861e, parentId=, repoTags=null, size=294304448, virtualSize=294304448)
&amp#27;[30m2023-04-04T21:53:31,850&amp#27;[m &amp#27;[36mDEBUG &amp#27;[m[&amp#27;[1;34mmain&amp#27;[m] &amp#27;[1;33mo.t.i.LocalImagesCache&amp#27;[m:  repoTags is null, skipping image: Image(created=1673484199, id=sha256:f7d9476aeb78764be781e389c439e1323e394e8f07ff4ff75107f8b52298a8ec, parentId=, repoTags=null, size=294304448, virtualSize=294304448)
&amp#27;[30m2023-04-04T21:53:31,851&amp#27;[m &amp#27;[36mDEBUG &amp#27;[m[&amp#27;[1;34mmain&amp#27;[m] &amp#27;[1;33mo.t.i.LocalImagesCache&amp#27;[m:  repoTags is null, skipping image: Image(created=1673483712, id=sha256:cc283442cee6d6a342a35d179da4171497d89589edf1a5e93f4bcc64dd9950fd, parentId=, repoTags=null, size=294304448, virtualSize=294304448)
&amp#27;[30m2023-04-04T21:53:31,851&amp#27;[m &amp#27;[36mDEBUG &amp#27;[m[&amp#27;[1;34mmain&amp#27;[m] &amp#27;[1;33mo.t.i.LocalImagesCache&amp#27;[m:  repoTags is null, skipping image: Image(created=1673468450, id=sha256:f1eccfe63129bbc998250bcb8992e04d2f7ac672b1e1ad45be74bf9df92d4b22, parentId=, repoTags=null, size=294304448, virtualSize=294304448)
&amp#27;[30m2023-04-04T21:53:31,851&amp#27;[m &amp#27;[36mDEBUG &amp#27;[m[&amp#27;[1;34mmain&amp#27;[m] &amp#27;[1;33mo.t.i.LocalImagesCache&amp#27;[m:  repoTags is null, skipping image: Image(created=1673468257, id=sha256:9d8bb5b62514cb722fa483f68bce0170b9d6b33f79629314556b0793c62ca8e3, parentId=, repoTags=null, size=294304448, virtualSize=294304448)
&amp#27;[30m2023-04-04T21:53:31,852&amp#27;[m &amp#27;[36mDEBUG &amp#27;[m[&amp#27;[1;34mmain&amp#27;[m] &amp#27;[1;33mo.t.i.LocalImagesCache&amp#27;[m:  repoTags is null, skipping image: Image(created=1673467713, id=sha256:f28ec89fe15e8cae1d8d38c98c7756fa1b8073c2ed6bf4865507444bc67b8373, parentId=, repoTags=null, size=294304448, virtualSize=294304448)
&amp#27;[30m2023-04-04T21:53:31,853&amp#27;[m &amp#27;[36mDEBUG &amp#27;[m[&amp#27;[1;34mmain&amp#27;[m] &amp#27;[1;33mo.t.i.LocalImagesCache&amp#27;[m:  repoTags is null, skipping image: Image(created=1673467546, id=sha256:7f8a2d00a0d72f7490bd6c8b649d53a23a5fc48422d9db7d13644bec59fd439e, parentId=, repoTags=null, size=294304448, virtualSize=294304448)
&amp#27;[30m2023-04-04T21:53:31,853&amp#27;[m &amp#27;[36mDEBUG &amp#27;[m[&amp#27;[1;34mmain&amp#27;[m] &amp#27;[1;33mo.t.i.LocalImagesCache&amp#27;[m:  repoTags is null, skipping image: Image(created=1673465853, id=sha256:fb6de3da53be8c2341d9245ac5626a940e55d357d5b99ecc715bf14948450f4e, parentId=, repoTags=null, size=294304448, virtualSize=294304448)
&amp#27;[30m2023-04-04T21:53:31,853&amp#27;[m &amp#27;[36mDEBUG &amp#27;[m[&amp#27;[1;34mmain&amp#27;[m] &amp#27;[1;33mo.t.i.LocalImagesCache&amp#27;[m:  repoTags is null, skipping image: Image(created=1673465577, id=sha256:a8aea246910f7cfac9293ec7550edc871e4b569e36b26f55ce427674847df9ec, parentId=, repoTags=null, size=294304448, virtualSize=294304448)
&amp#27;[30m2023-04-04T21:53:31,853&amp#27;[m &amp#27;[36mDEBUG &amp#27;[m[&amp#27;[1;34mmain&amp#27;[m] &amp#27;[1;33mo.t.i.LocalImagesCache&amp#27;[m:  repoTags is null, skipping image: Image(created=1673465193, id=sha256:3901747cc7fd555767c9d50b2989828ec738317e330e3e69f47fa0de01a96ec5, parentId=, repoTags=null, size=294304448, virtualSize=294304448)
&amp#27;[30m2023-04-04T21:53:31,854&amp#27;[m &amp#27;[36mDEBUG &amp#27;[m[&amp#27;[1;34mmain&amp#27;[m] &amp#27;[1;33mo.t.i.LocalImagesCache&amp#27;[m:  repoTags is null, skipping image: Image(created=1673464731, id=sha256:5a285d398467fbde38d6e06df89f822040e817f64aac715e425154c1fef48c50, parentId=, repoTags=null, size=294304448, virtualSize=294304448)
&amp#27;[30m2023-04-04T21:53:31,854&amp#27;[m &amp#27;[36mDEBUG &amp#27;[m[&amp#27;[1;34mmain&amp#27;[m] &amp#27;[1;33mo.t.i.LocalImagesCache&amp#27;[m:  repoTags is null, skipping image: Image(created=1673449764, id=sha256:9d2766bb24140794e7ebea23dcdc94e3564fdc38c672c825f15929904184b88b, parentId=, repoTags=null, size=294304392, virtualSize=294304392)
&amp#27;[30m2023-04-04T21:53:31,854&amp#27;[m &amp#27;[36mDEBUG &amp#27;[m[&amp#27;[1;34mmain&amp#27;[m] &amp#27;[1;33mo.t.i.LocalImagesCache&amp#27;[m:  repoTags is null, skipping image: Image(created=1673449570, id=sha256:41b4bd754a694ba3c8d65e2c0d6a4e97c72b95558a67548a40a79af60192c711, parentId=, repoTags=null, size=294304392, virtualSize=294304392)
&amp#27;[30m2023-04-04T21:53:31,854&amp#27;[m &amp#27;[36mDEBUG &amp#27;[m[&amp#27;[1;34mmain&amp#27;[m] &amp#27;[1;33mo.t.i.LocalImagesCache&amp#27;[m:  repoTags is null, skipping image: Image(created=1673449193, id=sha256:c40202d26b8da3d589c18ac9e07d01cc4cc74d887c70404ca352224dd295329a, parentId=, repoTags=null, size=294304392, virtualSize=294304392)
&amp#27;[30m2023-04-04T21:53:31,855&amp#27;[m &amp#27;[36mDEBUG &amp#27;[m[&amp#27;[1;34mmain&amp#27;[m] &amp#27;[1;33mo.t.i.LocalImagesCache&amp#27;[m:  repoTags is null, skipping image: Image(created=1673449004, id=sha256:1ece7290ae1c7fde1cca9da6301f6809ec4bddc02f8a75bd8e51ab358f687c84, parentId=, repoTags=null, size=294304392, virtualSize=294304392)
&amp#27;[30m2023-04-04T21:53:31,855&amp#27;[m &amp#27;[36mDEBUG &amp#27;[m[&amp#27;[1;34mmain&amp#27;[m] &amp#27;[1;33mo.t.i.LocalImagesCache&amp#27;[m:  repoTags is null, skipping image: Image(created=1673448618, id=sha256:33cd320f56f46dcf04d83194b2ec284c80ae035d53509a351f66d95b20d8280c, parentId=, repoTags=null, size=294304392, virtualSize=294304392)
&amp#27;[30m2023-04-04T21:53:31,855&amp#27;[m &amp#27;[36mDEBUG &amp#27;[m[&amp#27;[1;34mmain&amp#27;[m] &amp#27;[1;33mo.t.i.LocalImagesCache&amp#27;[m:  repoTags is null, skipping image: Image(created=1673448387, id=sha256:a6806e5348dc3912e94f7c5f689713bc3460eeb78f2e82ed419f25bf44068ee1, parentId=, repoTags=null, size=294304392, virtualSize=294304392)
&amp#27;[30m2023-04-04T21:53:31,856&amp#27;[m &amp#27;[36mDEBUG &amp#27;[m[&amp#27;[1;34mmain&amp#27;[m] &amp#27;[1;33mo.t.i.LocalImagesCache&amp#27;[m:  repoTags is null, skipping image: Image(created=1673446736, id=sha256:c8a46695031a4ab273373125e6c59940e408ac31bd5ac8424db4ba2bdeb69862, parentId=, repoTags=null, size=294304392, virtualSize=294304392)
&amp#27;[30m2023-04-04T21:53:31,857&amp#27;[m &amp#27;[36mDEBUG &amp#27;[m[&amp#27;[1;34mmain&amp#27;[m] &amp#27;[1;33mo.t.i.LocalImagesCache&amp#27;[m:  repoTags is null, skipping image: Image(created=1673446539, id=sha256:1bb06b1086da311cb9d0ce54d4d8d4644a0f0d022d86fd800ba5d9f0ec4c2b3d, parentId=, repoTags=null, size=294304392, virtualSize=294304392)
&amp#27;[30m2023-04-04T21:53:31,857&amp#27;[m &amp#27;[36mDEBUG &amp#27;[m[&amp#27;[1;34mmain&amp#27;[m] &amp#27;[1;33mo.t.i.LocalImagesCache&amp#27;[m:  repoTags is null, skipping image: Image(created=1673445638, id=sha256:1c2b95315ef3955b917ff98506380d3a5594823caece577fc51c5494ea15a68c, parentId=, repoTags=null, size=294304392, virtualSize=294304392)
&amp#27;[30m2023-04-04T21:53:31,857&amp#27;[m &amp#27;[36mDEBUG &amp#27;[m[&amp#27;[1;34mmain&amp#27;[m] &amp#27;[1;33mo.t.i.LocalImagesCache&amp#27;[m:  repoTags is null, skipping image: Image(created=1673445457, id=sha256:fec1af55b158ce746c317a02de5386cb61fe9a77d7c20070d42803797ad6559b, parentId=, repoTags=null, size=294304392, virtualSize=294304392)
&amp#27;[30m2023-04-04T21:53:31,858&amp#27;[m &amp#27;[36mDEBUG &amp#27;[m[&amp#27;[1;34mmain&amp#27;[m] &amp#27;[1;33mo.t.i.LocalImagesCache&amp#27;[m:  repoTags is null, skipping image: Image(created=1673445294, id=sha256:6dac152b3fd5fb073facdc8ceea844c7b52b433b9141e0894d47df0a05486301, parentId=, repoTags=null, size=294304392, virtualSize=294304392)
&amp#27;[30m2023-04-04T21:53:31,858&amp#27;[m &amp#27;[36mDEBUG &amp#27;[m[&amp#27;[1;34mmain&amp#27;[m] &amp#27;[1;33mo.t.i.LocalImagesCache&amp#27;[m:  repoTags is null, skipping image: Image(created=1673445127, id=sha256:70a18f00e4cb898437f181784f39552c4b2b440a73f09c78fc89476ce36c8560, parentId=, repoTags=null, size=294304392, virtualSize=294304392)
&amp#27;[30m2023-04-04T21:53:31,859&amp#27;[m &amp#27;[36mDEBUG &amp#27;[m[&amp#27;[1;34mmain&amp#27;[m] &amp#27;[1;33mo.t.i.LocalImagesCache&amp#27;[m:  repoTags is null, skipping image: Image(created=1673444816, id=sha256:e6639b14e84aa7d50441291affa67df735b10799c45f1a98375a2af116f2bb84, parentId=, repoTags=null, size=294304392, virtualSize=294304392)
&amp#27;[30m2023-04-04T21:53:31,859&amp#27;[m &amp#27;[36mDEBUG &amp#27;[m[&amp#27;[1;34mmain&amp#27;[m] &amp#27;[1;33mo.t.i.LocalImagesCache&amp#27;[m:  repoTags is null, skipping image: Image(created=1673444657, id=sha256:b9943a7d48c812546f266d83079e9639adf19541379431533c40ec0ff15fba5e, parentId=, repoTags=null, size=294304392, virtualSize=294304392)
&amp#27;[30m2023-04-04T21:53:31,859&amp#27;[m &amp#27;[36mDEBUG &amp#27;[m[&amp#27;[1;34mmain&amp#27;[m] &amp#27;[1;33mo.t.i.LocalImagesCache&amp#27;[m:  repoTags is null, skipping image: Image(created=1673421259, id=sha256:3b9afea7926fb2a5425c607c374a6768bd757eb812242955885d7c4b5ca10a12, parentId=, repoTags=null, size=294304392, virtualSize=294304392)
&amp#27;[30m2023-04-04T21:53:31,860&amp#27;[m &amp#27;[36mDEBUG &amp#27;[m[&amp#27;[1;34mmain&amp#27;[m] &amp#27;[1;33mo.t.i.LocalImagesCache&amp#27;[m:  repoTags is null, skipping image: Image(created=1673420873, id=sha256:458ce30ebc7aa8d0331df0068302a2cb84a15ed1157629381908acd4481e7a01, parentId=, repoTags=null, size=294304392, virtualSize=294304392)
&amp#27;[30m2023-04-04T21:53:31,860&amp#27;[m &amp#27;[36mDEBUG &amp#27;[m[&amp#27;[1;34mmain&amp#27;[m] &amp#27;[1;33mo.t.i.LocalImagesCache&amp#27;[m:  repoTags is null, skipping image: Image(created=1673417203, id=sha256:1a849a072621c2f6b89a42a99ac963098ef3c97e0bfe5912276baf4b156b30e9, parentId=, repoTags=null, size=294304392, virtualSize=294304392)
&amp#27;[30m2023-04-04T21:53:31,861&amp#27;[m &amp#27;[36mDEBUG &amp#27;[m[&amp#27;[1;34mmain&amp#27;[m] &amp#27;[1;33mo.t.i.LocalImagesCache&amp#27;[m:  repoTags is null, skipping image: Image(created=1673417047, id=sha256:096d481950d1dca96850052e21e35bd90dd440f645059d5421cc90bffbdcd4fe, parentId=, repoTags=null, size=294304392, virtualSize=294304392)
&amp#27;[30m2023-04-04T21:53:31,861&amp#27;[m &amp#27;[36mDEBUG &amp#27;[m[&amp#27;[1;34mmain&amp#27;[m] &amp#27;[1;33mo.t.i.LocalImagesCache&amp#27;[m:  repoTags is null, skipping image: Image(created=1673416682, id=sha256:21526e8860c2cb1014193e194667b27e2083ab96e72a12146fa4a8b58bf7eaa7, parentId=, repoTags=null, size=294304392, virtualSize=294304392)
&amp#27;[30m2023-04-04T21:53:31,861&amp#27;[m &amp#27;[36mDEBUG &amp#27;[m[&amp#27;[1;34mmain&amp#27;[m] &amp#27;[1;33mo.t.i.LocalImagesCache&amp#27;[m:  repoTags is null, skipping image: Image(created=1673416529, id=sha256:b6d92517f0f2ef3f15898f922674fc17f4bf7cb2e00d5e487efb15c4edebd818, parentId=, repoTags=null, size=294304392, virtualSize=294304392)
&amp#27;[30m2023-04-04T21:53:31,861&amp#27;[m &amp#27;[36mDEBUG &amp#27;[m[&amp#27;[1;34mmain&amp#27;[m] &amp#27;[1;33mo.t.i.LocalImagesCache&amp#27;[m:  repoTags is null, skipping image: Image(created=1673415901, id=sha256:bf257dbf965e9349a002adf48755a3465572b7eea8856c78a2db7e7b5ebdfcfb, parentId=, repoTags=null, size=294304392, virtualSize=294304392)
&amp#27;[30m2023-04-04T21:53:31,862&amp#27;[m &amp#27;[36mDEBUG &amp#27;[m[&amp#27;[1;34mmain&amp#27;[m] &amp#27;[1;33mo.t.i.LocalImagesCache&amp#27;[m:  repoTags is null, skipping image: Image(created=1673414342, id=sha256:df989c8e056e8f40908a8212366bad4751666a445ae91499fb9ce7c3edccbf97, parentId=, repoTags=null, size=294304392, virtualSize=294304392)
&amp#27;[30m2023-04-04T21:53:31,862&amp#27;[m &amp#27;[36mDEBUG &amp#27;[m[&amp#27;[1;34mmain&amp#27;[m] &amp#27;[1;33mo.t.i.LocalImagesCache&amp#27;[m:  repoTags is null, skipping image: Image(created=1673414203, id=sha256:8f50ac59ea53f92a9f2fd693e98e9b859967730386d75f64766f954740c73262, parentId=, repoTags=null, size=294304392, virtualSize=294304392)
&amp#27;[30m2023-04-04T21:53:31,862&amp#27;[m &amp#27;[36mDEBUG &amp#27;[m[&amp#27;[1;34mmain&amp#27;[m] &amp#27;[1;33mo.t.i.LocalImagesCache&amp#27;[m:  repoTags is null, skipping image: Image(created=1673413872, id=sha256:6c3adc62b5881e7f43b094f8a5ca7ce9b310f3deb3ccab29c42640b4c21e9e16, parentId=, repoTags=null, size=294304392, virtualSize=294304392)
&amp#27;[30m2023-04-04T21:53:31,862&amp#27;[m &amp#27;[36mDEBUG &amp#27;[m[&amp#27;[1;34mmain&amp#27;[m] &amp#27;[1;33mo.t.i.LocalImagesCache&amp#27;[m:  repoTags is null, skipping image: Image(created=1673413741, id=sha256:406e3b22b54aba13ac92f22b990315795cca807a99c020e734590bde6e0d028b, parentId=, repoTags=null, size=294304392, virtualSize=294304392)
&amp#27;[30m2023-04-04T21:53:31,862&amp#27;[m &amp#27;[36mDEBUG &amp#27;[m[&amp#27;[1;34mmain&amp#27;[m] &amp#27;[1;33mo.t.i.LocalImagesCache&amp#27;[m:  repoTags is null, skipping image: Image(created=1673412049, id=sha256:cb102f931ce7fdc8fdb14477f20b38db7ce4cdaf1c5194adddbf20a2f808fc63, parentId=, repoTags=null, size=294304392, virtualSize=294304392)
&amp#27;[30m2023-04-04T21:53:31,863&amp#27;[m &amp#27;[36mDEBUG &amp#27;[m[&amp#27;[1;34mmain&amp#27;[m] &amp#27;[1;33mo.t.i.LocalImagesCache&amp#27;[m:  repoTags is null, skipping image: Image(created=1673411898, id=sha256:e3ef844281ae8d44ee8eb0e42199b50bcd3793fc3da830d0beb93cb93a77712d, parentId=, repoTags=null, size=294304392, virtualSize=294304392)
&amp#27;[30m2023-04-04T21:53:31,863&amp#27;[m &amp#27;[36mDEBUG &amp#27;[m[&amp#27;[1;34mmain&amp#27;[m] &amp#27;[1;33mo.t.i.LocalImagesCache&amp#27;[m:  repoTags is null, skipping image: Image(created=1673411758, id=sha256:2b62ea01d1066033ebd0214f422e1db55c684cc0c13bec835bb4c67d755e2a57, parentId=, repoTags=null, size=294304392, virtualSize=294304392)
&amp#27;[30m2023-04-04T21:53:31,864&amp#27;[m &amp#27;[36mDEBUG &amp#27;[m[&amp#27;[1;34mmain&amp#27;[m] &amp#27;[1;33mo.t.i.LocalImagesCache&amp#27;[m:  repoTags is null, skipping image: Image(created=1673411405, id=sha256:3774cf2397b14d196299d74b37bc8fe7e28f88670e727c08ff58fca57adc75c9, parentId=, repoTags=null, size=294304392, virtualSize=294304392)
&amp#27;[30m2023-04-04T21:53:31,864&amp#27;[m &amp#27;[36mDEBUG &amp#27;[m[&amp#27;[1;34mmain&amp#27;[m] &amp#27;[1;33mo.t.i.LocalImagesCache&amp#27;[m:  repoTags is null, skipping image: Image(created=1673411271, id=sha256:2046084500b613b317927906eb1a373df1e6fc8c9ebadc6865b50a96d727d2b7, parentId=, repoTags=null, size=294304392, virtualSize=294304392)
&amp#27;[30m2023-04-04T21:53:31,865&amp#27;[m &amp#27;[36mDEBUG &amp#27;[m[&amp#27;[1;34mmain&amp#27;[m] &amp#27;[1;33mo.t.i.LocalImagesCache&amp#27;[m:  repoTags is null, skipping image: Image(created=1673411076, id=sha256:292dcdacf07686b564688db49a3332a79b652acf0f39fc937945c98d62d85df4, parentId=, repoTags=null, size=294304392, virtualSize=294304392)
&amp#27;[30m2023-04-04T21:53:31,865&amp#27;[m &amp#27;[36mDEBUG &amp#27;[m[&amp#27;[1;34mmain&amp#27;[m] &amp#27;[1;33mo.t.i.LocalImagesCache&amp#27;[m:  repoTags is null, skipping image: Image(created=1673410165, id=sha256:46075739492625d50513d9d8393e520b5e1d441465bf1a09934dc15b488e3bf2, parentId=, repoTags=null, size=294304392, virtualSize=294304392)
&amp#27;[30m2023-04-04T21:53:31,866&amp#27;[m &amp#27;[36mDEBUG &amp#27;[m[&amp#27;[1;34mmain&amp#27;[m] &amp#27;[1;33mo.t.i.LocalImagesCache&amp#27;[m:  repoTags is null, skipping image: Image(created=1673410020, id=sha256:789af035c58a34176bd3371577b2f6f25f50d12eb40347d5cde9ed364a2195cf, parentId=, repoTags=null, size=294304392, virtualSize=294304392)
&amp#27;[30m2023-04-04T21:53:31,866&amp#27;[m &amp#27;[36mDEBUG &amp#27;[m[&amp#27;[1;34mmain&amp#27;[m] &amp#27;[1;33mo.t.i.LocalImagesCache&amp#27;[m:  repoTags is null, skipping image: Image(created=1672275914, id=sha256:c08c0a6337c4b1629b5fdacf92f3b34f1990932f872102851c2e630a59d837d9, parentId=, repoTags=null, size=354858128, virtualSize=354858128)
&amp#27;[30m2023-04-04T21:53:31,867&amp#27;[m &amp#27;[36mDEBUG &amp#27;[m[&amp#27;[1;34mmain&amp#27;[m] &amp#27;[1;33mo.t.i.LocalImagesCache&amp#27;[m:  repoTags is null, skipping image: Image(created=1672090625, id=sha256:e36328d200d291def960c1305d92f131ee1d3caf620f1a5d1b2fb22025da4de0, parentId=, repoTags=null, size=354858128, virtualSize=354858128)
&amp#27;[30m2023-04-04T21:53:31,867&amp#27;[m &amp#27;[36mDEBUG &amp#27;[m[&amp#27;[1;34mmain&amp#27;[m] &amp#27;[1;33mo.t.i.LocalImagesCache&amp#27;[m:  repoTags is null, skipping image: Image(created=1646767572, id=sha256:826efd84393bb2451404ae04fd24c97aa0094d6072242001a9505e0a8099aac3, parentId=, repoTags=null, size=520728361, virtualSize=520728361)
&amp#27;[30m2023-04-04T21:53:31,868&amp#27;[m &amp#27;[36mDEBUG &amp#27;[m[&amp#27;[1;34mmain&amp#27;[m] &amp#27;[1;33mo.t.i.AbstractImagePullPolicy&amp#27;[m:  Using locally available and not pulling image: postgres:11.8
&amp#27;[30m2023-04-04T21:53:31,870&amp#27;[m &amp#27;[36mDEBUG &amp#27;[m[&amp#27;[1;34mmain&amp#27;[m] &amp#27;[1;33mo.t.c.GenericContainer&amp#27;[m:  Starting container: postgres:11.8
&amp#27;[30m2023-04-04T21:53:31,871&amp#27;[m &amp#27;[36mDEBUG &amp#27;[m[&amp#27;[1;34mmain&amp#27;[m] &amp#27;[1;33mo.t.c.GenericContainer&amp#27;[m:  Trying to start container: postgres:11.8 (attempt 1/1)
&amp#27;[30m2023-04-04T21:53:31,872&amp#27;[m &amp#27;[36mDEBUG &amp#27;[m[&amp#27;[1;34mmain&amp#27;[m] &amp#27;[1;33mo.t.c.GenericContainer&amp#27;[m:  Starting container: postgres:11.8
&amp#27;[30m2023-04-04T21:53:31,872&amp#27;[m &amp#27;[32mINFO  &amp#27;[m[&amp#27;[1;34mmain&amp#27;[m] &amp#27;[1;33mo.t.c.GenericContainer&amp#27;[m:  Creating container for image: postgres:11.8
&amp#27;[30m2023-04-04T21:53:31,873&amp#27;[m &amp#27;[36mDEBUG &amp#27;[m[&amp#27;[1;34mmain&amp#27;[m] &amp#27;[1;33mo.t.u.RegistryAuthLocator&amp#27;[m:  Looking up auth config for image: postgres:11.8 at registry: index.docker.io
&amp#27;[30m2023-04-04T21:53:31,873&amp#27;[m &amp#27;[36mDEBUG &amp#27;[m[&amp#27;[1;34mmain&amp#27;[m] &amp#27;[1;33mo.t.u.RegistryAuthLocator&amp#27;[m:  No matching Auth Configs - falling back to defaultAuthConfig [null]
&amp#27;[30m2023-04-04T21:53:31,873&amp#27;[m &amp#27;[36mDEBUG &amp#27;[m[&amp#27;[1;34mmain&amp#27;[m] &amp#27;[1;33mo.t.d.a.AuthDelegatingDockerClientConfig&amp#27;[m:  Effective auth config [null]
&amp#27;[30m2023-04-04T21:53:31,887&amp#27;[m &amp#27;[36mDEBUG &amp#27;[m[&amp#27;[1;34mmain&amp#27;[m] &amp#27;[1;33mc.g.d.c.c.AbstrDockerCmd&amp#27;[m:  Cmd: com.github.dockerjava.core.command.CreateContainerCmdImpl@3f725306[name=<null>,hostName=<null>,domainName=<null>,user=<null>,attachStdin=<null>,attachStdout=<null>,attachStderr=<null>,portSpecs=<null>,tty=<null>,stdinOpen=<null>,stdInOnce=<null>,env={POSTGRES_USER=it,POSTGRES_PASSWORD=it,POSTGRES_DB=test-db},cmd={postgres,-c,fsync=off},healthcheck=<null>,argsEscaped=<null>,entrypoint=<null>,image=postgres:11.8,volumes=com.github.dockerjava.api.model.Volumes@3c69362a,workingDir=<null>,macAddress=<null>,onBuild=<null>,networkDisabled=<null>,exposedPorts=com.github.dockerjava.api.model.ExposedPorts@2412a42b,stopSignal=<null>,stopTimeout=<null>,hostConfig=HostConfig(binds=[], blkioWeight=null, blkioWeightDevice=null, blkioDeviceReadBps=null, blkioDeviceWriteBps=null, blkioDeviceReadIOps=null, blkioDeviceWriteIOps=null, memorySwappiness=null, nanoCPUs=null, capAdd=null, capDrop=null, containerIDFile=null, cpuPeriod=null, cpuRealtimePeriod=null, cpuRealtimeRuntime=null, cpuShares=null, cpuQuota=null, cpusetCpus=null, cpusetMems=null, devices=null, deviceCgroupRules=null, deviceRequests=null, diskQuota=null, dns=null, dnsOptions=null, dnsSearch=null, extraHosts=[], groupAdd=null, ipcMode=null, cgroup=null, links=[], logConfig=com.github.dockerjava.api.model.LogConfig@5ba26eb0, lxcConf=null, memory=null, memorySwap=null, memoryReservation=null, kernelMemory=null, networkMode=null, oomKillDisable=null, init=null, autoRemove=null, oomScoreAdj=null, portBindings={}, privileged=null, publishAllPorts=true, readonlyRootfs=null, restartPolicy=null, ulimits=null, cpuCount=null, cpuPercent=null, ioMaximumIOps=null, ioMaximumBandwidth=null, volumesFrom=[], mounts=null, pidMode=null, isolation=null, securityOpts=null, storageOpt=null, cgroupParent=null, volumeDriver=null, shmSize=null, pidsLimit=null, runtime=null, tmpFs=null, utSMode=null, usernsMode=null, sysctls=null, consoleSize=null),labels={org.testcontainers=true, org.testcontainers.sessionId=3aec81b2-c6e2-4bf4-aef7-39a13dac3cf0},shell=<null>,networkingConfig=<null>,ipv4Address=<null>,ipv6Address=<null>,aliases=<null>,authConfig=<null>]
&amp#27;[30m2023-04-04T21:53:31,938&amp#27;[m &amp#27;[32mINFO  &amp#27;[m[&amp#27;[1;34mmain&amp#27;[m] &amp#27;[1;33mo.t.c.GenericContainer&amp#27;[m:  Starting container with ID: 35a3530b4388969f11675a798a31a21d4dfccaf1492216e9db62b8324b74ff87
&amp#27;[30m2023-04-04T21:53:31,939&amp#27;[m &amp#27;[36mDEBUG &amp#27;[m[&amp#27;[1;34mmain&amp#27;[m] &amp#27;[1;33mc.g.d.c.c.AbstrDockerCmd&amp#27;[m:  Cmd: 35a3530b4388969f11675a798a31a21d4dfccaf1492216e9db62b8324b74ff87
&amp#27;[30m2023-04-04T21:53:32,137&amp#27;[m &amp#27;[32mINFO  &amp#27;[m[&amp#27;[1;34mmain&amp#27;[m] &amp#27;[1;33mo.t.c.GenericContainer&amp#27;[m:  Container postgres:11.8 is starting: 35a3530b4388969f11675a798a31a21d4dfccaf1492216e9db62b8324b74ff87
&amp#27;[30m2023-04-04T21:53:32,140&amp#27;[m &amp#27;[36mDEBUG &amp#27;[m[&amp#27;[1;34mmain&amp#27;[m] &amp#27;[1;33mc.g.d.c.c.AbstrDockerCmd&amp#27;[m:  Cmd: 35a3530b4388969f11675a798a31a21d4dfccaf1492216e9db62b8324b74ff87,false
&amp#27;[30m2023-04-04T21:53:32,141&amp#27;[m &amp#27;[36mDEBUG &amp#27;[m[&amp#27;[1;34mmain&amp#27;[m] &amp#27;[1;33mc.g.d.c.e.InspectContainerCmdExec&amp#27;[m:  GET: com.github.dockerjava.okhttp.OkHttpWebTarget@534c6767
&amp#27;[30m2023-04-04T21:53:32,159&amp#27;[m &amp#27;[36mDEBUG &amp#27;[m[&amp#27;[1;34mducttape-0&amp#27;[m] &amp#27;[1;33mc.g.d.c.c.AbstrDockerCmd&amp#27;[m:  Cmd: 35a3530b4388969f11675a798a31a21d4dfccaf1492216e9db62b8324b74ff87,false
&amp#27;[30m2023-04-04T21:53:32,160&amp#27;[m &amp#27;[36mDEBUG &amp#27;[m[&amp#27;[1;34mducttape-0&amp#27;[m] &amp#27;[1;33mc.g.d.c.e.InspectContainerCmdExec&amp#27;[m:  GET: com.github.dockerjava.okhttp.OkHttpWebTarget@37da2344
&amp#27;[30m2023-04-04T21:53:32,187&amp#27;[m &amp#27;[36mDEBUG &amp#27;[m[&amp#27;[1;34mmain&amp#27;[m] &amp#27;[1;33mo.t.c.o.WaitingConsumer&amp#27;[m:  STDOUT: The files belonging to this database system will be owned by user "postgres".
&amp#27;[30m2023-04-04T21:53:32,188&amp#27;[m &amp#27;[36mDEBUG &amp#27;[m[&amp#27;[1;34mmain&amp#27;[m] &amp#27;[1;33mo.t.c.o.WaitingConsumer&amp#27;[m:  STDOUT: creating subdirectories ... ok
&amp#27;[30m2023-04-04T21:53:32,188&amp#27;[m &amp#27;[36mDEBUG &amp#27;[m[&amp#27;[1;34mmain&amp#27;[m] &amp#27;[1;33mo.t.c.o.WaitingConsumer&amp#27;[m:  STDOUT: fixing permissions on existing directory /var/lib/postgresql/data ... ok
&amp#27;[30m2023-04-04T21:53:32,188&amp#27;[m &amp#27;[36mDEBUG &amp#27;[m[&amp#27;[1;34mmain&amp#27;[m] &amp#27;[1;33mo.t.c.o.WaitingConsumer&amp#27;[m:  STDOUT: 
&amp#27;[30m2023-04-04T21:53:32,188&amp#27;[m &amp#27;[36mDEBUG &amp#27;[m[&amp#27;[1;34mmain&amp#27;[m] &amp#27;[1;33mo.t.c.o.WaitingConsumer&amp#27;[m:  STDOUT: Data page checksums are disabled.
&amp#27;[30m2023-04-04T21:53:32,189&amp#27;[m &amp#27;[36mDEBUG &amp#27;[m[&amp#27;[1;34mmain&amp#27;[m] &amp#27;[1;33mo.t.c.o.WaitingConsumer&amp#27;[m:  STDOUT: 
&amp#27;[30m2023-04-04T21:53:32,189&amp#27;[m &amp#27;[36mDEBUG &amp#27;[m[&amp#27;[1;34mmain&amp#27;[m] &amp#27;[1;33mo.t.c.o.WaitingConsumer&amp#27;[m:  STDOUT: The default text search configuration will be set to "english".
&amp#27;[30m2023-04-04T21:53:32,190&amp#27;[m &amp#27;[36mDEBUG &amp#27;[m[&amp#27;[1;34mmain&amp#27;[m] &amp#27;[1;33mo.t.c.o.WaitingConsumer&amp#27;[m:  STDOUT: The default database encoding has accordingly been set to "UTF8".
&amp#27;[30m2023-04-04T21:53:32,190&amp#27;[m &amp#27;[36mDEBUG &amp#27;[m[&amp#27;[1;34mmain&amp#27;[m] &amp#27;[1;33mo.t.c.o.WaitingConsumer&amp#27;[m:  STDOUT: The database cluster will be initialized with locale "en_US.utf8".
&amp#27;[30m2023-04-04T21:53:32,190&amp#27;[m &amp#27;[36mDEBUG &amp#27;[m[&amp#27;[1;34mmain&amp#27;[m] &amp#27;[1;33mo.t.c.o.WaitingConsumer&amp#27;[m:  STDOUT: 
&amp#27;[30m2023-04-04T21:53:32,190&amp#27;[m &amp#27;[36mDEBUG &amp#27;[m[&amp#27;[1;34mmain&amp#27;[m] &amp#27;[1;33mo.t.c.o.WaitingConsumer&amp#27;[m:  STDOUT: This user must also own the server process.
&amp#27;[30m2023-04-04T21:53:32,204&amp#27;[m &amp#27;[36mDEBUG &amp#27;[m[&amp#27;[1;34mmain&amp#27;[m] &amp#27;[1;33mo.t.c.o.WaitingConsumer&amp#27;[m:  STDOUT: selecting default max_connections ... 100
&amp#27;[30m2023-04-04T21:53:32,218&amp#27;[m &amp#27;[36mDEBUG &amp#27;[m[&amp#27;[1;34mmain&amp#27;[m] &amp#27;[1;33mo.t.c.o.WaitingConsumer&amp#27;[m:  STDOUT: selecting default shared_buffers ... 128MB
&amp#27;[30m2023-04-04T21:53:32,232&amp#27;[m &amp#27;[36mDEBUG &amp#27;[m[&amp#27;[1;34mmain&amp#27;[m] &amp#27;[1;33mo.t.c.o.WaitingConsumer&amp#27;[m:  STDOUT: selecting dynamic shared memory implementation ... posix
&amp#27;[30m2023-04-04T21:53:32,232&amp#27;[m &amp#27;[36mDEBUG &amp#27;[m[&amp#27;[1;34mmain&amp#27;[m] &amp#27;[1;33mo.t.c.o.WaitingConsumer&amp#27;[m:  STDOUT: selecting default timezone ... Etc/UTC
&amp#27;[30m2023-04-04T21:53:32,245&amp#27;[m &amp#27;[36mDEBUG &amp#27;[m[&amp#27;[1;34mmain&amp#27;[m] &amp#27;[1;33mo.t.c.o.WaitingConsumer&amp#27;[m:  STDOUT: creating configuration files ... ok
&amp#27;[30m2023-04-04T21:53:32,317&amp#27;[m &amp#27;[36mDEBUG &amp#27;[m[&amp#27;[1;34mmain&amp#27;[m] &amp#27;[1;33mo.t.c.o.WaitingConsumer&amp#27;[m:  STDOUT: running bootstrap script ... ok
&amp#27;[30m2023-04-04T21:53:32,568&amp#27;[m &amp#27;[36mDEBUG &amp#27;[m[&amp#27;[1;34mmain&amp#27;[m] &amp#27;[1;33mo.t.c.o.WaitingConsumer&amp#27;[m:  STDOUT: performing post-bootstrap initialization ... ok
&amp#27;[30m2023-04-04T21:53:32,739&amp#27;[m &amp#27;[36mDEBUG &amp#27;[m[&amp#27;[1;34mmain&amp#27;[m] &amp#27;[1;33mo.t.c.o.WaitingConsumer&amp#27;[m:  STDOUT: 
&amp#27;[30m2023-04-04T21:53:32,740&amp#27;[m &amp#27;[36mDEBUG &amp#27;[m[&amp#27;[1;34mmain&amp#27;[m] &amp#27;[1;33mo.t.c.o.WaitingConsumer&amp#27;[m:  STDERR: --auth-local and --auth-host, the next time you run initdb.
&amp#27;[30m2023-04-04T21:53:32,741&amp#27;[m &amp#27;[36mDEBUG &amp#27;[m[&amp#27;[1;34mmain&amp#27;[m] &amp#27;[1;33mo.t.c.o.WaitingConsumer&amp#27;[m:  STDERR: You can change this by editing pg_hba.conf or using the option -A, or
&amp#27;[30m2023-04-04T21:53:32,742&amp#27;[m &amp#27;[36mDEBUG &amp#27;[m[&amp#27;[1;34mmain&amp#27;[m] &amp#27;[1;33mo.t.c.o.WaitingConsumer&amp#27;[m:  STDERR: WARNING: enabling "trust" authentication for local connections
&amp#27;[30m2023-04-04T21:53:32,742&amp#27;[m &amp#27;[36mDEBUG &amp#27;[m[&amp#27;[1;34mmain&amp#27;[m] &amp#27;[1;33mo.t.c.o.WaitingConsumer&amp#27;[m:  STDERR: 
&amp#27;[30m2023-04-04T21:53:32,743&amp#27;[m &amp#27;[36mDEBUG &amp#27;[m[&amp#27;[1;34mmain&amp#27;[m] &amp#27;[1;33mo.t.c.o.WaitingConsumer&amp#27;[m:  STDOUT: 
&amp#27;[30m2023-04-04T21:53:32,743&amp#27;[m &amp#27;[36mDEBUG &amp#27;[m[&amp#27;[1;34mmain&amp#27;[m] &amp#27;[1;33mo.t.c.o.WaitingConsumer&amp#27;[m:  STDOUT:     pg_ctl -D /var/lib/postgresql/data -l logfile start
&amp#27;[30m2023-04-04T21:53:32,744&amp#27;[m &amp#27;[36mDEBUG &amp#27;[m[&amp#27;[1;34mmain&amp#27;[m] &amp#27;[1;33mo.t.c.o.WaitingConsumer&amp#27;[m:  STDOUT: 
&amp#27;[30m2023-04-04T21:53:32,745&amp#27;[m &amp#27;[36mDEBUG &amp#27;[m[&amp#27;[1;34mmain&amp#27;[m] &amp#27;[1;33mo.t.c.o.WaitingConsumer&amp#27;[m:  STDOUT: Success. You can now start the database server using:
&amp#27;[30m2023-04-04T21:53:32,746&amp#27;[m &amp#27;[36mDEBUG &amp#27;[m[&amp#27;[1;34mmain&amp#27;[m] &amp#27;[1;33mo.t.c.o.WaitingConsumer&amp#27;[m:  STDOUT: syncing data to disk ... ok
&amp#27;[30m2023-04-04T21:53:32,758&amp#27;[m &amp#27;[36mDEBUG &amp#27;[m[&amp#27;[1;34mmain&amp#27;[m] &amp#27;[1;33mo.t.c.o.WaitingConsumer&amp#27;[m:  STDOUT: waiting for server to start....2023-04-05 01:53:32.756 UTC [47] LOG:  listening on Unix socket "/var/run/postgresql/.s.PGSQL.5432"
&amp#27;[30m2023-04-04T21:53:32,769&amp#27;[m &amp#27;[36mDEBUG &amp#27;[m[&amp#27;[1;34mmain&amp#27;[m] &amp#27;[1;33mo.t.c.o.WaitingConsumer&amp#27;[m:  STDOUT: 2023-04-05 01:53:32.765 UTC [48] LOG:  database system was shut down at 2023-04-05 01:53:32 UTC
&amp#27;[30m2023-04-04T21:53:32,773&amp#27;[m &amp#27;[36mDEBUG &amp#27;[m[&amp#27;[1;34mmain&amp#27;[m] &amp#27;[1;33mo.t.c.o.WaitingConsumer&amp#27;[m:  STDOUT: 2023-04-05 01:53:32.769 UTC [47] LOG:  database system is ready to accept connections
&amp#27;[30m2023-04-04T21:53:32,854&amp#27;[m &amp#27;[36mDEBUG &amp#27;[m[&amp#27;[1;34mmain&amp#27;[m] &amp#27;[1;33mo.t.c.o.WaitingConsumer&amp#27;[m:  STDOUT:  done
&amp#27;[30m2023-04-04T21:53:32,856&amp#27;[m &amp#27;[36mDEBUG &amp#27;[m[&amp#27;[1;34mmain&amp#27;[m] &amp#27;[1;33mo.t.c.o.WaitingConsumer&amp#27;[m:  STDOUT: server started
&amp#27;[30m2023-04-04T21:53:33,102&amp#27;[m &amp#27;[36mDEBUG &amp#27;[m[&amp#27;[1;34mmain&amp#27;[m] &amp#27;[1;33mo.t.c.o.WaitingConsumer&amp#27;[m:  STDOUT: CREATE DATABASE
&amp#27;[30m2023-04-04T21:53:33,102&amp#27;[m &amp#27;[36mDEBUG &amp#27;[m[&amp#27;[1;34mmain&amp#27;[m] &amp#27;[1;33mo.t.c.o.WaitingConsumer&amp#27;[m:  STDOUT: 
&amp#27;[30m2023-04-04T21:53:33,103&amp#27;[m &amp#27;[36mDEBUG &amp#27;[m[&amp#27;[1;34mmain&amp#27;[m] &amp#27;[1;33mo.t.c.o.WaitingConsumer&amp#27;[m:  STDOUT: 
&amp#27;[30m2023-04-04T21:53:33,103&amp#27;[m &amp#27;[36mDEBUG &amp#27;[m[&amp#27;[1;34mmain&amp#27;[m] &amp#27;[1;33mo.t.c.o.WaitingConsumer&amp#27;[m:  STDOUT: /usr/local/bin/docker-entrypoint.sh: ignoring /docker-entrypoint-initdb.d/*
&amp#27;[30m2023-04-04T21:53:33,104&amp#27;[m &amp#27;[36mDEBUG &amp#27;[m[&amp#27;[1;34mmain&amp#27;[m] &amp#27;[1;33mo.t.c.o.WaitingConsumer&amp#27;[m:  STDOUT: 
&amp#27;[30m2023-04-04T21:53:33,117&amp#27;[m &amp#27;[36mDEBUG &amp#27;[m[&amp#27;[1;34mmain&amp#27;[m] &amp#27;[1;33mo.t.c.o.WaitingConsumer&amp#27;[m:  STDOUT: 2023-04-05 01:53:33.111 UTC [49] LOG:  shutting down
&amp#27;[30m2023-04-04T21:53:33,117&amp#27;[m &amp#27;[36mDEBUG &amp#27;[m[&amp#27;[1;34mmain&amp#27;[m] &amp#27;[1;33mo.t.c.o.WaitingConsumer&amp#27;[m:  STDOUT: 2023-04-05 01:53:33.108 UTC [47] LOG:  background worker "logical replication launcher" (PID 54) exited with exit code 1
&amp#27;[30m2023-04-04T21:53:33,118&amp#27;[m &amp#27;[36mDEBUG &amp#27;[m[&amp#27;[1;34mmain&amp#27;[m] &amp#27;[1;33mo.t.c.o.WaitingConsumer&amp#27;[m:  STDOUT: 2023-04-05 01:53:33.104 UTC [47] LOG:  aborting any active transactions
&amp#27;[30m2023-04-04T21:53:33,118&amp#27;[m &amp#27;[36mDEBUG &amp#27;[m[&amp#27;[1;34mmain&amp#27;[m] &amp#27;[1;33mo.t.c.o.WaitingConsumer&amp#27;[m:  STDOUT: waiting for server to shut down....2023-04-05 01:53:33.104 UTC [47] LOG:  received fast shutdown request
&amp#27;[30m2023-04-04T21:53:33,130&amp#27;[m &amp#27;[36mDEBUG &amp#27;[m[&amp#27;[1;34mmain&amp#27;[m] &amp#27;[1;33mo.t.c.o.WaitingConsumer&amp#27;[m:  STDOUT: 2023-04-05 01:53:33.122 UTC [47] LOG:  database system is shut down
&amp#27;[30m2023-04-04T21:53:33,212&amp#27;[m &amp#27;[36mDEBUG &amp#27;[m[&amp#27;[1;34mmain&amp#27;[m] &amp#27;[1;33mo.t.c.o.WaitingConsumer&amp#27;[m:  STDOUT: server stopped
&amp#27;[30m2023-04-04T21:53:33,215&amp#27;[m &amp#27;[36mDEBUG &amp#27;[m[&amp#27;[1;34mmain&amp#27;[m] &amp#27;[1;33mo.t.c.o.WaitingConsumer&amp#27;[m:  STDOUT: 
&amp#27;[30m2023-04-04T21:53:33,215&amp#27;[m &amp#27;[36mDEBUG &amp#27;[m[&amp#27;[1;34mmain&amp#27;[m] &amp#27;[1;33mo.t.c.o.WaitingConsumer&amp#27;[m:  STDOUT: PostgreSQL init process complete; ready for start up.
&amp#27;[30m2023-04-04T21:53:33,216&amp#27;[m &amp#27;[36mDEBUG &amp#27;[m[&amp#27;[1;34mmain&amp#27;[m] &amp#27;[1;33mo.t.c.o.WaitingConsumer&amp#27;[m:  STDOUT: 
&amp#27;[30m2023-04-04T21:53:33,216&amp#27;[m &amp#27;[36mDEBUG &amp#27;[m[&amp#27;[1;34mmain&amp#27;[m] &amp#27;[1;33mo.t.c.o.WaitingConsumer&amp#27;[m:  STDOUT:  done
&amp#27;[30m2023-04-04T21:53:33,229&amp#27;[m &amp#27;[36mDEBUG &amp#27;[m[&amp#27;[1;34mmain&amp#27;[m] &amp#27;[1;33mo.t.c.o.WaitingConsumer&amp#27;[m:  STDERR: 2023-04-05 01:53:33.227 UTC [65] LOG:  database system was shut down at 2023-04-05 01:53:33 UTC
&amp#27;[30m2023-04-04T21:53:33,230&amp#27;[m &amp#27;[36mDEBUG &amp#27;[m[&amp#27;[1;34mmain&amp#27;[m] &amp#27;[1;33mo.t.c.o.WaitingConsumer&amp#27;[m:  STDERR: 2023-04-05 01:53:33.217 UTC [1] LOG:  listening on Unix socket "/var/run/postgresql/.s.PGSQL.5432"
&amp#27;[30m2023-04-04T21:53:33,230&amp#27;[m &amp#27;[36mDEBUG &amp#27;[m[&amp#27;[1;34mmain&amp#27;[m] &amp#27;[1;33mo.t.c.o.WaitingConsumer&amp#27;[m:  STDERR: 2023-04-05 01:53:33.217 UTC [1] LOG:  listening on IPv6 address "::", port 5432
&amp#27;[30m2023-04-04T21:53:33,231&amp#27;[m &amp#27;[36mDEBUG &amp#27;[m[&amp#27;[1;34mmain&amp#27;[m] &amp#27;[1;33mo.t.c.o.WaitingConsumer&amp#27;[m:  STDERR: 2023-04-05 01:53:33.217 UTC [1] LOG:  listening on IPv4 address "0.0.0.0", port 5432
&amp#27;[30m2023-04-04T21:53:33,245&amp#27;[m &amp#27;[36mDEBUG &amp#27;[m[&amp#27;[1;34mmain&amp#27;[m] &amp#27;[1;33mo.t.c.o.WaitingConsumer&amp#27;[m:  STDERR: 2023-04-05 01:53:33.232 UTC [1] LOG:  database system is ready to accept connections
&amp#27;[30m2023-04-04T21:53:33,246&amp#27;[m &amp#27;[32mINFO  &amp#27;[m[&amp#27;[1;34mmain&amp#27;[m] &amp#27;[1;33mo.t.c.GenericContainer&amp#27;[m:  Container postgres:11.8 started in PT4.303022S
&amp#27;[30m2023-04-04T21:53:33,289&amp#27;[m &amp#27;[32mINFO  &amp#27;[m[&amp#27;[1;34mmain&amp#27;[m] &amp#27;[1;33mo.f.c.i.l.s.Slf4jLog&amp#27;[m:  Flyway Community Edition 6.1.0 by Redgate
&amp#27;[30m2023-04-04T21:53:33,292&amp#27;[m &amp#27;[36mDEBUG &amp#27;[m[&amp#27;[1;34mmain&amp#27;[m] &amp#27;[1;33mo.f.c.i.l.s.Slf4jLog&amp#27;[m:  Scanning for classpath resources at 'classpath:db/flyway/db/migration' ...
&amp#27;[30m2023-04-04T21:53:33,292&amp#27;[m &amp#27;[36mDEBUG &amp#27;[m[&amp#27;[1;34mmain&amp#27;[m] &amp#27;[1;33mo.f.c.i.l.s.Slf4jLog&amp#27;[m:  Determining location urls for classpath:db/flyway/db/migration using ClassLoader jdk.internal.loader.ClassLoaders$AppClassLoader@55054057 ...
&amp#27;[30m2023-04-04T21:53:33,294&amp#27;[m &amp#27;[33mWARN  &amp#27;[m[&amp#27;[1;34mmain&amp#27;[m] &amp#27;[1;33mo.f.c.i.l.s.Slf4jLog&amp#27;[m:  Unable to resolve location classpath:db/flyway/db/migration
&amp#27;[30m2023-04-04T21:53:33,294&amp#27;[m &amp#27;[36mDEBUG &amp#27;[m[&amp#27;[1;34mmain&amp#27;[m] &amp#27;[1;33mo.f.c.i.l.s.Slf4jLog&amp#27;[m:  Scanning for classes at classpath:db/flyway/db/migration
&amp#27;[30m2023-04-04T21:53:33,391&amp#27;[m &amp#27;[32mINFO  &amp#27;[m[&amp#27;[1;34mmain&amp#27;[m] &amp#27;[1;33mo.f.c.i.l.s.Slf4jLog&amp#27;[m:  Database: jdbc:postgresql://localhost:55013/test-db (PostgreSQL 11.8)
&amp#27;[30m2023-04-04T21:53:33,392&amp#27;[m &amp#27;[36mDEBUG &amp#27;[m[&amp#27;[1;34mmain&amp#27;[m] &amp#27;[1;33mo.f.c.i.l.s.Slf4jLog&amp#27;[m:  Driver  : PostgreSQL JDBC Driver 42.2.11
&amp#27;[30m2023-04-04T21:53:33,393&amp#27;[m &amp#27;[36mDEBUG &amp#27;[m[&amp#27;[1;34mmain&amp#27;[m] &amp#27;[1;33mo.f.c.i.l.s.Slf4jLog&amp#27;[m:  DDL Transactions Supported: true
&amp#27;[30m2023-04-04T21:53:33,394&amp#27;[m &amp#27;[36mDEBUG &amp#27;[m[&amp#27;[1;34mmain&amp#27;[m] &amp#27;[1;33mo.f.c.i.l.s.Slf4jLog&amp#27;[m:  Schemas: 
&amp#27;[30m2023-04-04T21:53:33,395&amp#27;[m &amp#27;[36mDEBUG &amp#27;[m[&amp#27;[1;34mmain&amp#27;[m] &amp#27;[1;33mo.f.c.i.l.s.Slf4jLog&amp#27;[m:  Default schema: null
&amp#27;[30m2023-04-04T21:53:33,407&amp#27;[m &amp#27;[36mDEBUG &amp#27;[m[&amp#27;[1;34mmain&amp#27;[m] &amp#27;[1;33mo.f.c.i.l.s.Slf4jLog&amp#27;[m:  Scanning for SQL callbacks ...
&amp#27;[30m2023-04-04T21:53:33,415&amp#27;[m &amp#27;[36mDEBUG &amp#27;[m[&amp#27;[1;34mmain&amp#27;[m] &amp#27;[1;33mo.f.c.i.l.s.Slf4jLog&amp#27;[m:  Validating migrations ...
&amp#27;[30m2023-04-04T21:53:33,423&amp#27;[m &amp#27;[32mINFO  &amp#27;[m[&amp#27;[1;34mmain&amp#27;[m] &amp#27;[1;33mo.f.c.i.l.s.Slf4jLog&amp#27;[m:  Successfully validated 0 migrations (execution time 00:00.006s)
&amp#27;[30m2023-04-04T21:53:33,434&amp#27;[m &amp#27;[36mDEBUG &amp#27;[m[&amp#27;[1;34mmain&amp#27;[m] &amp#27;[1;33mo.f.c.i.l.s.Slf4jLog&amp#27;[m:  Schema "public" already exists. Skipping schema creation.
&amp#27;[30m2023-04-04T21:53:33,442&amp#27;[m &amp#27;[32mINFO  &amp#27;[m[&amp#27;[1;34mmain&amp#27;[m] &amp#27;[1;33mo.f.c.i.l.s.Slf4jLog&amp#27;[m:  Creating Schema History table "public"."flyway_schema_history" ...
&amp#27;[30m2023-04-04T21:53:33,449&amp#27;[m &amp#27;[36mDEBUG &amp#27;[m[&amp#27;[1;34mmain&amp#27;[m] &amp#27;[1;33mo.f.c.i.l.s.Slf4jLog&amp#27;[m:  Parsing  ...
&amp#27;[30m2023-04-04T21:53:33,456&amp#27;[m &amp#27;[36mDEBUG &amp#27;[m[&amp#27;[1;34mmain&amp#27;[m] &amp#27;[1;33mo.f.c.i.l.s.Slf4jLog&amp#27;[m:  Found statement at line 1: CREATE TABLE "public"."flyway_schema_history" (
    "installed_rank" INT NOT NULL,
    "version" VARCHAR(50),
    "description" VARCHAR(200) NOT NULL,
    "type" VARCHAR(20) NOT NULL,
    "script" VARCHAR(1000) NOT NULL,
    "checksum" INTEGER,
    "installed_by" VARCHAR(100) NOT NULL,
    "installed_on" TIMESTAMP NOT NULL DEFAULT now(),
    "execution_time" INTEGER NOT NULL,
    "success" BOOLEAN NOT NULL
)
&amp#27;[30m2023-04-04T21:53:33,459&amp#27;[m &amp#27;[36mDEBUG &amp#27;[m[&amp#27;[1;34mmain&amp#27;[m] &amp#27;[1;33mo.f.c.i.l.s.Slf4jLog&amp#27;[m:  Found statement at line 13: ALTER TABLE "public"."flyway_schema_history" ADD CONSTRAINT "flyway_schema_history_pk" PRIMARY KEY ("installed_rank")
&amp#27;[30m2023-04-04T21:53:33,459&amp#27;[m &amp#27;[36mDEBUG &amp#27;[m[&amp#27;[1;34mmain&amp#27;[m] &amp#27;[1;33mo.f.c.i.l.s.Slf4jLog&amp#27;[m:  Found statement at line 14: CREATE INDEX "flyway_schema_history_s_idx" ON "public"."flyway_schema_history" ("success")
&amp#27;[30m2023-04-04T21:53:33,460&amp#27;[m &amp#27;[36mDEBUG &amp#27;[m[&amp#27;[1;34mmain&amp#27;[m] &amp#27;[1;33mo.f.c.i.l.s.Slf4jLog&amp#27;[m:  Executing SQL: CREATE TABLE "public"."flyway_schema_history" (
    "installed_rank" INT NOT NULL,
    "version" VARCHAR(50),
    "description" VARCHAR(200) NOT NULL,
    "type" VARCHAR(20) NOT NULL,
    "script" VARCHAR(1000) NOT NULL,
    "checksum" INTEGER,
    "installed_by" VARCHAR(100) NOT NULL,
    "installed_on" TIMESTAMP NOT NULL DEFAULT now(),
    "execution_time" INTEGER NOT NULL,
    "success" BOOLEAN NOT NULL
)
&amp#27;[30m2023-04-04T21:53:33,464&amp#27;[m &amp#27;[36mDEBUG &amp#27;[m[&amp#27;[1;34mmain&amp#27;[m] &amp#27;[1;33mo.f.c.i.l.s.Slf4jLog&amp#27;[m:  Update Count: 0
&amp#27;[30m2023-04-04T21:53:33,464&amp#27;[m &amp#27;[36mDEBUG &amp#27;[m[&amp#27;[1;34mmain&amp#27;[m] &amp#27;[1;33mo.f.c.i.l.s.Slf4jLog&amp#27;[m:  Executing SQL: ALTER TABLE "public"."flyway_schema_history" ADD CONSTRAINT "flyway_schema_history_pk" PRIMARY KEY ("installed_rank")
&amp#27;[30m2023-04-04T21:53:33,466&amp#27;[m &amp#27;[36mDEBUG &amp#27;[m[&amp#27;[1;34mmain&amp#27;[m] &amp#27;[1;33mo.f.c.i.l.s.Slf4jLog&amp#27;[m:  Update Count: 0
&amp#27;[30m2023-04-04T21:53:33,467&amp#27;[m &amp#27;[36mDEBUG &amp#27;[m[&amp#27;[1;34mmain&amp#27;[m] &amp#27;[1;33mo.f.c.i.l.s.Slf4jLog&amp#27;[m:  Executing SQL: CREATE INDEX "flyway_schema_history_s_idx" ON "public"."flyway_schema_history" ("success")
&amp#27;[30m2023-04-04T21:53:33,468&amp#27;[m &amp#27;[36mDEBUG &amp#27;[m[&amp#27;[1;34mmain&amp#27;[m] &amp#27;[1;33mo.f.c.i.l.s.Slf4jLog&amp#27;[m:  Update Count: 0
&amp#27;[30m2023-04-04T21:53:33,469&amp#27;[m &amp#27;[36mDEBUG &amp#27;[m[&amp#27;[1;34mmain&amp#27;[m] &amp#27;[1;33mo.f.c.i.l.s.Slf4jLog&amp#27;[m:  Created Schema History table "public"."flyway_schema_history"
&amp#27;[30m2023-04-04T21:53:33,483&amp#27;[m &amp#27;[32mINFO  &amp#27;[m[&amp#27;[1;34mmain&amp#27;[m] &amp#27;[1;33mo.f.c.i.l.s.Slf4jLog&amp#27;[m:  Current version of schema "public": << Empty Schema >>
&amp#27;[30m2023-04-04T21:53:33,485&amp#27;[m &amp#27;[32mINFO  &amp#27;[m[&amp#27;[1;34mmain&amp#27;[m] &amp#27;[1;33mo.f.c.i.l.s.Slf4jLog&amp#27;[m:  Schema "public" is up to date. No migration necessary.
&amp#27;[30m2023-04-04T21:53:33,490&amp#27;[m &amp#27;[36mDEBUG &amp#27;[m[&amp#27;[1;34mmain&amp#27;[m] &amp#27;[1;33mo.f.c.i.l.s.Slf4jLog&amp#27;[m:  Memory usage: 80 of 173M
&amp#27;[30m2023-04-04T21:53:33,503&amp#27;[m &amp#27;[36mDEBUG &amp#27;[m[&amp#27;[1;34mmain&amp#27;[m] &amp#27;[1;33mo.s.t.c.s.DependencyInjectionTestExecutionListener&amp#27;[m:  Performing dependency injection for test context [[DefaultTestContext@52c8295b testClass = LoginTest, testInstance = JustWork.server.login.LoginTest@640ab13c, testMethod = [null], testException = [null], mergedContextConfiguration = [WebMergedContextConfiguration@251f7d26 testClass = LoginTest, locations = '{}', classes = '{class JustWork.server.ServerApplication}', contextInitializerClasses = '[class JustWork.server.PostgreSQLTesting$Initializer]', activeProfiles = '{}', propertySourceLocations = '{}', propertySourceProperties = '{org.springframework.boot.test.context.SpringBootTestContextBootstrapper=true, server.port=0}', contextCustomizers = set[org.springframework.boot.test.context.filter.ExcludeFilterContextCustomizer@3b7ff809, org.springframework.boot.test.json.DuplicateJsonObjectContextCustomizerFactory$DuplicateJsonObjectContextCustomizer@4b20ca2b, org.springframework.boot.test.mock.mockito.MockitoContextCustomizer@0, org.springframework.boot.test.web.client.TestRestTemplateContextCustomizer@6cfcd46d, org.springframework.boot.test.autoconfigure.actuate.metrics.MetricsExportContextCustomizerFactory$DisableMetricExportContextCustomizer@62f4ff3b, org.springframework.boot.test.autoconfigure.properties.PropertyMappingContextCustomizer@0, org.springframework.boot.test.autoconfigure.web.servlet.WebDriverContextCustomizerFactory$Customizer@792bbc74, org.springframework.boot.test.context.SpringBootTestArgs@1, org.springframework.boot.test.context.SpringBootTestWebEnvironment@26bab2f1], resourceBasePath = 'src/main/webapp', contextLoader = 'org.springframework.boot.test.context.SpringBootContextLoader', parent = [null]], attributes = map['org.springframework.test.context.web.ServletTestExecutionListener.activateListener' -> false, 'org.springframework.test.context.event.ApplicationEventsTestExecutionListener.recordApplicationEvents' -> false]]].
2023-04-04 21:53:33,890 main ERROR Unable to locate appender "FILE" for logger config "root"
2023-04-04 21:53:33,891 main ERROR Unable to locate appender "STDOUT" for logger config "root"

  .   ____          _            __ _ _
 /\\ / ___'_ __ _ _(_)_ __  __ _ \ \ \ \
( ( )\___ | '_ | '_| | '_ \/ _` | \ \ \ \
 \\/  ___)| |_)| | | | | || (_| |  ) ) ) )
  '  |____| .__|_| |_|_| |_\__, | / / / /
 =========|_|==============|___/=/_/_/_/
 :: Spring Boot ::                (v2.7.2)

&amp#27;[30m2023-04-04T21:53:34,106&amp#27;[m &amp#27;[32mINFO  &amp#27;[m[&amp#27;[1;34mmain&amp#27;[m] &amp#27;[1;33mo.s.b.StartupInfoLogger&amp#27;[m:  Starting LoginTest using Java 12.0.2 on MacBook-Air-de-Joseph.local with PID 99265 (started by josephlpz in /Users/josephlpz/Documents/JustWork/JustWork-server)
&amp#27;[30m2023-04-04T21:53:34,115&amp#27;[m &amp#27;[36mDEBUG &amp#27;[m[&amp#27;[1;34mmain&amp#27;[m] &amp#27;[1;33mo.s.b.StartupInfoLogger&amp#27;[m:  Running with Spring Boot v2.7.2, Spring v5.3.22
&amp#27;[30m2023-04-04T21:53:34,115&amp#27;[m &amp#27;[32mINFO  &amp#27;[m[&amp#27;[1;34mmain&amp#27;[m] &amp#27;[1;33mo.s.b.SpringApplication&amp#27;[m:  The following 1 profile is active: "@typeProfile@"
&amp#27;[30m2023-04-04T21:53:34,116&amp#27;[m &amp#27;[36mDEBUG &amp#27;[m[&amp#27;[1;34mmain&amp#27;[m] &amp#27;[1;33mo.s.b.SpringApplication&amp#27;[m:  Loading source class JustWork.server.ServerApplication
&amp#27;[30m2023-04-04T21:53:35,954&amp#27;[m &amp#27;[36mDEBUG &amp#27;[m[&amp#27;[1;34mmain&amp#27;[m] &amp#27;[1;33mo.s.c.s.AbstractApplicationContext&amp#27;[m:  Refreshing org.springframework.boot.web.servlet.context.AnnotationConfigServletWebServerApplicationContext@6680f714
&amp#27;[30m2023-04-04T21:53:35,975&amp#27;[m &amp#27;[36mDEBUG &amp#27;[m[&amp#27;[1;34mmain&amp#27;[m] &amp#27;[1;33mo.s.b.f.s.DefaultSingletonBeanRegistry&amp#27;[m:  Creating shared instance of singleton bean 'org.springframework.context.annotation.internalConfigurationAnnotationProcessor'
&amp#27;[30m2023-04-04T21:53:35,989&amp#27;[m &amp#27;[36mDEBUG &amp#27;[m[&amp#27;[1;34mmain&amp#27;[m] &amp#27;[1;33mo.s.b.f.s.DefaultSingletonBeanRegistry&amp#27;[m:  Creating shared instance of singleton bean 'org.springframework.boot.autoconfigure.internalCachingMetadataReaderFactory'
&amp#27;[30m2023-04-04T21:53:36,060&amp#27;[m &amp#27;[36mDEBUG &amp#27;[m[&amp#27;[1;34mmain&amp#27;[m] &amp#27;[1;33mo.s.c.a.ClassPathScanningCandidateComponentProvider&amp#27;[m:  Identified candidate component class: file [/Users/josephlpz/Documents/JustWork/JustWork-server/target/classes/JustWork/server/config/JwtAuthenticationEntryPoint.class]
&amp#27;[30m2023-04-04T21:53:36,061&amp#27;[m &amp#27;[36mDEBUG &amp#27;[m[&amp#27;[1;34mmain&amp#27;[m] &amp#27;[1;33mo.s.c.a.ClassPathScanningCandidateComponentProvider&amp#27;[m:  Identified candidate component class: file [/Users/josephlpz/Documents/JustWork/JustWork-server/target/classes/JustWork/server/config/JwtRequestFilter.class]
&amp#27;[30m2023-04-04T21:53:36,062&amp#27;[m &amp#27;[36mDEBUG &amp#27;[m[&amp#27;[1;34mmain&amp#27;[m] &amp#27;[1;33mo.s.c.a.ClassPathScanningCandidateComponentProvider&amp#27;[m:  Identified candidate component class: file [/Users/josephlpz/Documents/JustWork/JustWork-server/target/classes/JustWork/server/config/JwtTokenUtil.class]
&amp#27;[30m2023-04-04T21:53:36,062&amp#27;[m &amp#27;[36mDEBUG &amp#27;[m[&amp#27;[1;34mmain&amp#27;[m] &amp#27;[1;33mo.s.c.a.ClassPathScanningCandidateComponentProvider&amp#27;[m:  Identified candidate component class: file [/Users/josephlpz/Documents/JustWork/JustWork-server/target/classes/JustWork/server/config/JwtUtils.class]
&amp#27;[30m2023-04-04T21:53:36,081&amp#27;[m &amp#27;[36mDEBUG &amp#27;[m[&amp#27;[1;34mmain&amp#27;[m] &amp#27;[1;33mo.s.c.a.ClassPathScanningCandidateComponentProvider&amp#27;[m:  Identified candidate component class: file [/Users/josephlpz/Documents/JustWork/JustWork-server/target/classes/JustWork/server/config/WebSecurityConfig.class]
&amp#27;[30m2023-04-04T21:53:36,090&amp#27;[m &amp#27;[36mDEBUG &amp#27;[m[&amp#27;[1;34mmain&amp#27;[m] &amp#27;[1;33mo.s.c.a.ClassPathScanningCandidateComponentProvider&amp#27;[m:  Identified candidate component class: file [/Users/josephlpz/Documents/JustWork/JustWork-server/target/classes/JustWork/server/controllers/PosicionController.class]
&amp#27;[30m2023-04-04T21:53:36,092&amp#27;[m &amp#27;[36mDEBUG &amp#27;[m[&amp#27;[1;34mmain&amp#27;[m] &amp#27;[1;33mo.s.c.a.ClassPathScanningCandidateComponentProvider&amp#27;[m:  Identified candidate component class: file [/Users/josephlpz/Documents/JustWork/JustWork-server/target/classes/JustWork/server/controllers/UsuarioController.class]
&amp#27;[30m2023-04-04T21:53:36,094&amp#27;[m &amp#27;[36mDEBUG &amp#27;[m[&amp#27;[1;34mmain&amp#27;[m] &amp#27;[1;33mo.s.c.a.ClassPathScanningCandidateComponentProvider&amp#27;[m:  Ignored because not a concrete top-level class: file [/Users/josephlpz/Documents/JustWork/JustWork-server/target/classes/JustWork/server/interfaces/UserDetailsService.class]
&amp#27;[30m2023-04-04T21:53:36,101&amp#27;[m &amp#27;[36mDEBUG &amp#27;[m[&amp#27;[1;34mmain&amp#27;[m] &amp#27;[1;33mo.s.c.a.ClassPathScanningCandidateComponentProvider&amp#27;[m:  Ignored because not a concrete top-level class: file [/Users/josephlpz/Documents/JustWork/JustWork-server/target/classes/JustWork/server/repository/RolRepository.class]
&amp#27;[30m2023-04-04T21:53:36,101&amp#27;[m &amp#27;[36mDEBUG &amp#27;[m[&amp#27;[1;34mmain&amp#27;[m] &amp#27;[1;33mo.s.c.a.ClassPathScanningCandidateComponentProvider&amp#27;[m:  Ignored because not a concrete top-level class: file [/Users/josephlpz/Documents/JustWork/JustWork-server/target/classes/JustWork/server/repository/TokenRepository.class]
&amp#27;[30m2023-04-04T21:53:36,102&amp#27;[m &amp#27;[36mDEBUG &amp#27;[m[&amp#27;[1;34mmain&amp#27;[m] &amp#27;[1;33mo.s.c.a.ClassPathScanningCandidateComponentProvider&amp#27;[m:  Ignored because not a concrete top-level class: file [/Users/josephlpz/Documents/JustWork/JustWork-server/target/classes/JustWork/server/repository/UsuarioRepository.class]
&amp#27;[30m2023-04-04T21:53:36,105&amp#27;[m &amp#27;[36mDEBUG &amp#27;[m[&amp#27;[1;34mmain&amp#27;[m] &amp#27;[1;33mo.s.c.a.ClassPathScanningCandidateComponentProvider&amp#27;[m:  Identified candidate component class: file [/Users/josephlpz/Documents/JustWork/JustWork-server/target/classes/JustWork/server/service/LoginService.class]
&amp#27;[30m2023-04-04T21:53:36,107&amp#27;[m &amp#27;[36mDEBUG &amp#27;[m[&amp#27;[1;34mmain&amp#27;[m] &amp#27;[1;33mo.s.c.a.ClassPathScanningCandidateComponentProvider&amp#27;[m:  Identified candidate component class: file [/Users/josephlpz/Documents/JustWork/JustWork-server/target/classes/JustWork/server/service/TokenService.class]
&amp#27;[30m2023-04-04T21:53:36,108&amp#27;[m &amp#27;[36mDEBUG &amp#27;[m[&amp#27;[1;34mmain&amp#27;[m] &amp#27;[1;33mo.s.c.a.ClassPathScanningCandidateComponentProvider&amp#27;[m:  Identified candidate component class: file [/Users/josephlpz/Documents/JustWork/JustWork-server/target/classes/JustWork/server/service/UsuarioService.class]
&amp#27;[30m2023-04-04T21:53:37,097&amp#27;[m &amp#27;[32mINFO  &amp#27;[m[&amp#27;[1;34mmain&amp#27;[m] &amp#27;[1;33mo.s.d.r.c.RepositoryConfigurationDelegate&amp#27;[m:  Bootstrapping Spring Data JPA repositories in DEFAULT mode.
&amp#27;[30m2023-04-04T21:53:37,111&amp#27;[m &amp#27;[36mDEBUG &amp#27;[m[&amp#27;[1;34mmain&amp#27;[m] &amp#27;[1;33mo.s.b.f.s.DefaultSingletonBeanRegistry&amp#27;[m:  Creating shared instance of singleton bean 'org.springframework.boot.autoconfigure.AutoConfigurationPackages'
&amp#27;[30m2023-04-04T21:53:37,112&amp#27;[m &amp#27;[36mDEBUG &amp#27;[m[&amp#27;[1;34mmain&amp#27;[m] &amp#27;[1;33mo.s.b.a.AutoConfigurationPackages$BasePackages&amp#27;[m:  @EnableAutoConfiguration was declared on a class in the package 'JustWork.server'. Automatic @Repository and @Entity scanning is enabled.
&amp#27;[30m2023-04-04T21:53:37,114&amp#27;[m &amp#27;[36mDEBUG &amp#27;[m[&amp#27;[1;34mmain&amp#27;[m] &amp#27;[1;33mo.s.d.r.c.RepositoryConfigurationDelegate&amp#27;[m:  Scanning for JPA repositories in packages JustWork.server.
&amp#27;[30m2023-04-04T21:53:37,140&amp#27;[m &amp#27;[36mDEBUG &amp#27;[m[&amp#27;[1;34mmain&amp#27;[m] &amp#27;[1;33mo.s.c.a.ClassPathScanningCandidateComponentProvider&amp#27;[m:  Identified candidate component class: file [/Users/josephlpz/Documents/JustWork/JustWork-server/target/classes/JustWork/server/repository/RolRepository.class]
&amp#27;[30m2023-04-04T21:53:37,141&amp#27;[m &amp#27;[36mDEBUG &amp#27;[m[&amp#27;[1;34mmain&amp#27;[m] &amp#27;[1;33mo.s.c.a.ClassPathScanningCandidateComponentProvider&amp#27;[m:  Identified candidate component class: file [/Users/josephlpz/Documents/JustWork/JustWork-server/target/classes/JustWork/server/repository/TokenRepository.class]
&amp#27;[30m2023-04-04T21:53:37,142&amp#27;[m &amp#27;[36mDEBUG &amp#27;[m[&amp#27;[1;34mmain&amp#27;[m] &amp#27;[1;33mo.s.c.a.ClassPathScanningCandidateComponentProvider&amp#27;[m:  Identified candidate component class: file [/Users/josephlpz/Documents/JustWork/JustWork-server/target/classes/JustWork/server/repository/UsuarioRepository.class]
&amp#27;[30m2023-04-04T21:53:37,196&amp#27;[m &amp#27;[32mINFO  &amp#27;[m[&amp#27;[1;34mmain&amp#27;[m] &amp#27;[1;33mo.s.d.r.c.RepositoryConfigurationDelegate&amp#27;[m:  Finished Spring Data repository scanning in 80 ms. Found 3 JPA repository interfaces.
&amp#27;[30m2023-04-04T21:53:37,460&amp#27;[m &amp#27;[36mDEBUG &amp#27;[m[&amp#27;[1;34mmain&amp#27;[m] &amp#27;[1;33mo.s.b.f.s.DefaultSingletonBeanRegistry&amp#27;[m:  Creating shared instance of singleton bean 'org.springframework.boot.test.web.client.TestRestTemplateContextCustomizer$TestRestTemplateRegistrar'
&amp#27;[30m2023-04-04T21:53:37,562&amp#27;[m &amp#27;[36mDEBUG &amp#27;[m[&amp#27;[1;34mmain&amp#27;[m] &amp#27;[1;33mo.s.b.f.s.DefaultSingletonBeanRegistry&amp#27;[m:  Creating shared instance of singleton bean 'propertySourcesPlaceholderConfigurer'
&amp#27;[30m2023-04-04T21:53:37,569&amp#27;[m &amp#27;[36mDEBUG &amp#27;[m[&amp#27;[1;34mmain&amp#27;[m] &amp#27;[1;33mo.s.b.f.s.DefaultSingletonBeanRegistry&amp#27;[m:  Creating shared instance of singleton bean 'org.springframework.boot.test.mock.mockito.MockitoPostProcessor'
&amp#27;[30m2023-04-04T21:53:37,579&amp#27;[m &amp#27;[36mDEBUG &amp#27;[m[&amp#27;[1;34mmain&amp#27;[m] &amp#27;[1;33mo.s.b.f.s.DefaultSingletonBeanRegistry&amp#27;[m:  Creating shared instance of singleton bean 'emBeanDefinitionRegistrarPostProcessor'
&amp#27;[30m2023-04-04T21:53:37,579&amp#27;[m &amp#27;[36mDEBUG &amp#27;[m[&amp#27;[1;34mmain&amp#27;[m] &amp#27;[1;33mo.s.b.f.s.DefaultSingletonBeanRegistry&amp#27;[m:  Creating shared instance of singleton bean 'org.springframework.boot.sql.init.dependency.DatabaseInitializationDependencyConfigurer$DependsOnDatabaseInitializationPostProcessor'
&amp#27;[30m2023-04-04T21:53:37,696&amp#27;[m &amp#27;[36mDEBUG &amp#27;[m[&amp#27;[1;34mmain&amp#27;[m] &amp#27;[1;33mo.s.b.f.s.DefaultSingletonBeanRegistry&amp#27;[m:  Creating shared instance of singleton bean 'org.springframework.context.event.internalEventListenerProcessor'
&amp#27;[30m2023-04-04T21:53:37,697&amp#27;[m &amp#27;[36mDEBUG &amp#27;[m[&amp#27;[1;34mmain&amp#27;[m] &amp#27;[1;33mo.s.b.f.s.DefaultSingletonBeanRegistry&amp#27;[m:  Creating shared instance of singleton bean 'conversionServicePostProcessor'
&amp#27;[30m2023-04-04T21:53:37,701&amp#27;[m &amp#27;[36mDEBUG &amp#27;[m[&amp#27;[1;34mmain&amp#27;[m] &amp#27;[1;33mo.s.b.f.s.DefaultSingletonBeanRegistry&amp#27;[m:  Creating shared instance of singleton bean 'preserveErrorControllerTargetClassPostProcessor'
&amp#27;[30m2023-04-04T21:53:37,706&amp#27;[m &amp#27;[36mDEBUG &amp#27;[m[&amp#27;[1;34mmain&amp#27;[m] &amp#27;[1;33mo.s.b.f.s.DefaultSingletonBeanRegistry&amp#27;[m:  Creating shared instance of singleton bean 'org.springframework.context.event.internalEventListenerFactory'
&amp#27;[30m2023-04-04T21:53:37,707&amp#27;[m &amp#27;[36mDEBUG &amp#27;[m[&amp#27;[1;34mmain&amp#27;[m] &amp#27;[1;33mo.s.b.f.s.DefaultSingletonBeanRegistry&amp#27;[m:  Creating shared instance of singleton bean 'org.springframework.transaction.config.internalTransactionalEventListenerFactory'
&amp#27;[30m2023-04-04T21:53:37,716&amp#27;[m &amp#27;[36mDEBUG &amp#27;[m[&amp#27;[1;34mmain&amp#27;[m] &amp#27;[1;33mo.s.b.f.s.DefaultSingletonBeanRegistry&amp#27;[m:  Creating shared instance of singleton bean 'org.springframework.context.annotation.internalAutowiredAnnotationProcessor'
&amp#27;[30m2023-04-04T21:53:37,723&amp#27;[m &amp#27;[36mDEBUG &amp#27;[m[&amp#27;[1;34mmain&amp#27;[m] &amp#27;[1;33mo.s.b.f.s.DefaultSingletonBeanRegistry&amp#27;[m:  Creating shared instance of singleton bean 'org.springframework.context.annotation.internalCommonAnnotationProcessor'
&amp#27;[30m2023-04-04T21:53:37,729&amp#27;[m &amp#27;[36mDEBUG &amp#27;[m[&amp#27;[1;34mmain&amp#27;[m] &amp#27;[1;33mo.s.b.f.s.DefaultSingletonBeanRegistry&amp#27;[m:  Creating shared instance of singleton bean 'org.springframework.context.annotation.internalPersistenceAnnotationProcessor'
&amp#27;[30m2023-04-04T21:53:37,730&amp#27;[m &amp#27;[36mDEBUG &amp#27;[m[&amp#27;[1;34mmain&amp#27;[m] &amp#27;[1;33mo.s.b.f.s.DefaultSingletonBeanRegistry&amp#27;[m:  Creating shared instance of singleton bean 'org.springframework.boot.test.mock.mockito.MockitoPostProcessor$SpyPostProcessor'
&amp#27;[30m2023-04-04T21:53:37,734&amp#27;[m &amp#27;[36mDEBUG &amp#27;[m[&amp#27;[1;34mmain&amp#27;[m] &amp#27;[1;33mo.s.b.f.s.DefaultSingletonBeanRegistry&amp#27;[m:  Creating shared instance of singleton bean 'org.springframework.boot.context.properties.ConfigurationPropertiesBindingPostProcessor'
&amp#27;[30m2023-04-04T21:53:37,734&amp#27;[m &amp#27;[36mDEBUG &amp#27;[m[&amp#27;[1;34mmain&amp#27;[m] &amp#27;[1;33mo.s.b.f.s.DefaultSingletonBeanRegistry&amp#27;[m:  Creating shared instance of singleton bean 'org.springframework.boot.context.internalConfigurationPropertiesBinder'
&amp#27;[30m2023-04-04T21:53:37,735&amp#27;[m &amp#27;[36mDEBUG &amp#27;[m[&amp#27;[1;34mmain&amp#27;[m] &amp#27;[1;33mo.s.b.f.s.DefaultSingletonBeanRegistry&amp#27;[m:  Creating shared instance of singleton bean 'org.springframework.boot.context.internalConfigurationPropertiesBinderFactory'
&amp#27;[30m2023-04-04T21:53:37,742&amp#27;[m &amp#27;[36mDEBUG &amp#27;[m[&amp#27;[1;34mmain&amp#27;[m] &amp#27;[1;33mo.s.b.f.s.DefaultSingletonBeanRegistry&amp#27;[m:  Creating shared instance of singleton bean 'org.springframework.aop.config.internalAutoProxyCreator'
&amp#27;[30m2023-04-04T21:53:37,793&amp#27;[m &amp#27;[36mDEBUG &amp#27;[m[&amp#27;[1;34mmain&amp#27;[m] &amp#27;[1;33mo.s.b.f.s.DefaultSingletonBeanRegistry&amp#27;[m:  Creating shared instance of singleton bean 'persistenceExceptionTranslationPostProcessor'
&amp#27;[30m2023-04-04T21:53:37,807&amp#27;[m &amp#27;[36mDEBUG &amp#27;[m[&amp#27;[1;34mmain&amp#27;[m] &amp#27;[1;33mo.s.b.f.s.ConstructorResolver&amp#27;[m:  Autowiring by type from bean name 'persistenceExceptionTranslationPostProcessor' via factory method to bean named 'environment'
&amp#27;[30m2023-04-04T21:53:37,848&amp#27;[m &amp#27;[36mDEBUG &amp#27;[m[&amp#27;[1;34mmain&amp#27;[m] &amp#27;[1;33mo.s.b.f.s.DefaultSingletonBeanRegistry&amp#27;[m:  Creating shared instance of singleton bean 'webServerFactoryCustomizerBeanPostProcessor'
&amp#27;[30m2023-04-04T21:53:37,854&amp#27;[m &amp#27;[36mDEBUG &amp#27;[m[&amp#27;[1;34mmain&amp#27;[m] &amp#27;[1;33mo.s.b.f.s.DefaultSingletonBeanRegistry&amp#27;[m:  Creating shared instance of singleton bean 'errorPageRegistrarBeanPostProcessor'
&amp#27;[30m2023-04-04T21:53:37,858&amp#27;[m &amp#27;[36mDEBUG &amp#27;[m[&amp#27;[1;34mmain&amp#27;[m] &amp#27;[1;33mo.s.b.f.s.DefaultSingletonBeanRegistry&amp#27;[m:  Creating shared instance of singleton bean 'hypermediaRepresentionModelProcessorConfigurator'
&amp#27;[30m2023-04-04T21:53:37,863&amp#27;[m &amp#27;[36mDEBUG &amp#27;[m[&amp#27;[1;34mmain&amp#27;[m] &amp#27;[1;33mo.s.b.f.s.DefaultSingletonBeanRegistry&amp#27;[m:  Creating shared instance of singleton bean 'metaDataSourceAdvisor'
&amp#27;[30m2023-04-04T21:53:37,863&amp#27;[m &amp#27;[36mDEBUG &amp#27;[m[&amp#27;[1;34mmain&amp#27;[m] &amp#27;[1;33mo.s.b.f.s.DefaultSingletonBeanRegistry&amp#27;[m:  Creating shared instance of singleton bean 'methodSecurityMetadataSource'
&amp#27;[30m2023-04-04T21:53:37,863&amp#27;[m &amp#27;[36mDEBUG &amp#27;[m[&amp#27;[1;34mmain&amp#27;[m] &amp#27;[1;33mo.s.b.f.s.DefaultSingletonBeanRegistry&amp#27;[m:  Creating shared instance of singleton bean 'org.springframework.security.config.annotation.method.configuration.GlobalMethodSecurityConfiguration'
&amp#27;[30m2023-04-04T21:53:37,864&amp#27;[m &amp#27;[36mDEBUG &amp#27;[m[&amp#27;[1;34mmain&amp#27;[m] &amp#27;[1;33mo.s.b.f.s.DefaultSingletonBeanRegistry&amp#27;[m:  Creating shared instance of singleton bean 'org.springframework.transaction.config.internalTransactionAdvisor'
&amp#27;[30m2023-04-04T21:53:37,864&amp#27;[m &amp#27;[36mDEBUG &amp#27;[m[&amp#27;[1;34mmain&amp#27;[m] &amp#27;[1;33mo.s.b.f.s.DefaultSingletonBeanRegistry&amp#27;[m:  Creating shared instance of singleton bean 'org.springframework.transaction.annotation.ProxyTransactionManagementConfiguration'
&amp#27;[30m2023-04-04T21:53:37,899&amp#27;[m &amp#27;[36mDEBUG &amp#27;[m[&amp#27;[1;34mmain&amp#27;[m] &amp#27;[1;33mo.s.b.f.s.DefaultSingletonBeanRegistry&amp#27;[m:  Creating shared instance of singleton bean 'transactionAttributeSource'
&amp#27;[30m2023-04-04T21:53:37,906&amp#27;[m &amp#27;[36mDEBUG &amp#27;[m[&amp#27;[1;34mmain&amp#27;[m] &amp#27;[1;33mo.s.b.f.s.DefaultSingletonBeanRegistry&amp#27;[m:  Creating shared instance of singleton bean 'transactionInterceptor'
&amp#27;[30m2023-04-04T21:53:37,906&amp#27;[m &amp#27;[36mDEBUG &amp#27;[m[&amp#27;[1;34mmain&amp#27;[m] &amp#27;[1;33mo.s.b.f.s.ConstructorResolver&amp#27;[m:  Autowiring by type from bean name 'transactionInterceptor' via factory method to bean named 'transactionAttributeSource'
&amp#27;[30m2023-04-04T21:53:37,922&amp#27;[m &amp#27;[36mDEBUG &amp#27;[m[&amp#27;[1;34mmain&amp#27;[m] &amp#27;[1;33mo.s.b.f.s.ConstructorResolver&amp#27;[m:  Autowiring by type from bean name 'org.springframework.transaction.config.internalTransactionAdvisor' via factory method to bean named 'transactionAttributeSource'
&amp#27;[30m2023-04-04T21:53:37,922&amp#27;[m &amp#27;[36mDEBUG &amp#27;[m[&amp#27;[1;34mmain&amp#27;[m] &amp#27;[1;33mo.s.b.f.s.ConstructorResolver&amp#27;[m:  Autowiring by type from bean name 'org.springframework.transaction.config.internalTransactionAdvisor' via factory method to bean named 'transactionInterceptor'
&amp#27;[30m2023-04-04T21:53:37,952&amp#27;[m &amp#27;[36mDEBUG &amp#27;[m[&amp#27;[1;34mmain&amp#27;[m] &amp#27;[1;33mo.s.b.f.s.DefaultSingletonBeanRegistry&amp#27;[m:  Creating shared instance of singleton bean 'objectPostProcessor'
&amp#27;[30m2023-04-04T21:53:37,952&amp#27;[m &amp#27;[36mDEBUG &amp#27;[m[&amp#27;[1;34mmain&amp#27;[m] &amp#27;[1;33mo.s.b.f.s.DefaultSingletonBeanRegistry&amp#27;[m:  Creating shared instance of singleton bean 'org.springframework.security.config.annotation.configuration.ObjectPostProcessorConfiguration'
&amp#27;[30m2023-04-04T21:53:37,956&amp#27;[m &amp#27;[36mDEBUG &amp#27;[m[&amp#27;[1;34mmain&amp#27;[m] &amp#27;[1;33mo.s.b.f.s.ConstructorResolver&amp#27;[m:  Autowiring by type from bean name 'objectPostProcessor' via factory method to bean named 'org.springframework.beans.factory.support.DefaultListableBeanFactory@bb3ecfe'
&amp#27;[30m2023-04-04T21:53:37,987&amp#27;[m &amp#27;[36mDEBUG &amp#27;[m[&amp#27;[1;34mmain&amp#27;[m] &amp#27;[1;33mo.s.b.f.s.DefaultSingletonBeanRegistry&amp#27;[m:  Creating shared instance of singleton bean 'hypermediaRestTemplateBeanPostProcessor'
&amp#27;[30m2023-04-04T21:53:37,993&amp#27;[m &amp#27;[36mDEBUG &amp#27;[m[&amp#27;[1;34mmain&amp#27;[m] &amp#27;[1;33mo.s.b.f.s.DefaultSingletonBeanRegistry&amp#27;[m:  Creating shared instance of singleton bean 'projectionDefinitionRegistrar'
&amp#27;[30m2023-04-04T21:53:38,000&amp#27;[m &amp#27;[36mDEBUG &amp#27;[m[&amp#27;[1;34mmain&amp#27;[m] &amp#27;[1;33mo.s.b.f.s.DefaultSingletonBeanRegistry&amp#27;[m:  Creating shared instance of singleton bean 'annotatedEventHandlerInvoker'
&amp#27;[30m2023-04-04T21:53:38,014&amp#27;[m &amp#27;[36mDEBUG &amp#27;[m[&amp#27;[1;34mmain&amp#27;[m] &amp#27;[1;33mo.s.u.c.s.UiApplicationContextUtils&amp#27;[m:  Unable to locate ThemeSource with name 'themeSource': using default [org.springframework.ui.context.support.ResourceBundleThemeSource@44485db]
&amp#27;[30m2023-04-04T21:53:38,015&amp#27;[m &amp#27;[36mDEBUG &amp#27;[m[&amp#27;[1;34mmain&amp#27;[m] &amp#27;[1;33mo.s.b.f.s.DefaultSingletonBeanRegistry&amp#27;[m:  Creating shared instance of singleton bean 'tomcatServletWebServerFactory'
&amp#27;[30m2023-04-04T21:53:38,015&amp#27;[m &amp#27;[36mDEBUG &amp#27;[m[&amp#27;[1;34mmain&amp#27;[m] &amp#27;[1;33mo.s.b.f.s.DefaultSingletonBeanRegistry&amp#27;[m:  Creating shared instance of singleton bean 'org.springframework.boot.autoconfigure.web.servlet.ServletWebServerFactoryConfiguration$EmbeddedTomcat'
&amp#27;[30m2023-04-04T21:53:38,085&amp#27;[m &amp#27;[36mDEBUG &amp#27;[m[&amp#27;[1;34mmain&amp#27;[m] &amp#27;[1;33mo.s.b.f.s.DefaultSingletonBeanRegistry&amp#27;[m:  Creating shared instance of singleton bean 'websocketServletWebServerCustomizer'
&amp#27;[30m2023-04-04T21:53:38,086&amp#27;[m &amp#27;[36mDEBUG &amp#27;[m[&amp#27;[1;34mmain&amp#27;[m] &amp#27;[1;33mo.s.b.f.s.DefaultSingletonBeanRegistry&amp#27;[m:  Creating shared instance of singleton bean 'org.springframework.boot.autoconfigure.websocket.servlet.WebSocketServletAutoConfiguration$TomcatWebSocketConfiguration'
&amp#27;[30m2023-04-04T21:53:38,092&amp#27;[m &amp#27;[36mDEBUG &amp#27;[m[&amp#27;[1;34mmain&amp#27;[m] &amp#27;[1;33mo.s.b.f.s.DefaultSingletonBeanRegistry&amp#27;[m:  Creating shared instance of singleton bean 'servletWebServerFactoryCustomizer'
&amp#27;[30m2023-04-04T21:53:38,092&amp#27;[m &amp#27;[36mDEBUG &amp#27;[m[&amp#27;[1;34mmain&amp#27;[m] &amp#27;[1;33mo.s.b.f.s.DefaultSingletonBeanRegistry&amp#27;[m:  Creating shared instance of singleton bean 'org.springframework.boot.autoconfigure.web.servlet.ServletWebServerFactoryAutoConfiguration'
&amp#27;[30m2023-04-04T21:53:38,098&amp#27;[m &amp#27;[36mDEBUG &amp#27;[m[&amp#27;[1;34mmain&amp#27;[m] &amp#27;[1;33mo.s.b.f.s.DefaultSingletonBeanRegistry&amp#27;[m:  Creating shared instance of singleton bean 'server-org.springframework.boot.autoconfigure.web.ServerProperties'
&amp#27;[30m2023-04-04T21:53:38,106&amp#27;[m &amp#27;[36mDEBUG &amp#27;[m[&amp#27;[1;34mmain&amp#27;[m] &amp#27;[1;33mo.s.b.f.s.DefaultSingletonBeanRegistry&amp#27;[m:  Creating shared instance of singleton bean 'org.springframework.boot.context.properties.BoundConfigurationProperties'
&amp#27;[30m2023-04-04T21:53:38,114&amp#27;[m &amp#27;[36mDEBUG &amp#27;[m[&amp#27;[1;34mmain&amp#27;[m] &amp#27;[1;33mo.s.b.f.s.DefaultSingletonBeanRegistry&amp#27;[m:  Creating shared instance of singleton bean 'stringOrNumberMigrationVersionConverter'
&amp#27;[30m2023-04-04T21:53:38,114&amp#27;[m &amp#27;[36mDEBUG &amp#27;[m[&amp#27;[1;34mmain&amp#27;[m] &amp#27;[1;33mo.s.b.f.s.DefaultSingletonBeanRegistry&amp#27;[m:  Creating shared instance of singleton bean 'org.springframework.boot.autoconfigure.flyway.FlywayAutoConfiguration'
&amp#27;[30m2023-04-04T21:53:38,156&amp#27;[m &amp#27;[36mDEBUG &amp#27;[m[&amp#27;[1;34mmain&amp#27;[m] &amp#27;[1;33mo.s.b.f.s.ConstructorResolver&amp#27;[m:  Autowiring by type from bean name 'servletWebServerFactoryCustomizer' via factory method to bean named 'server-org.springframework.boot.autoconfigure.web.ServerProperties'
&amp#27;[30m2023-04-04T21:53:38,172&amp#27;[m &amp#27;[36mDEBUG &amp#27;[m[&amp#27;[1;34mmain&amp#27;[m] &amp#27;[1;33mo.s.b.f.s.DefaultSingletonBeanRegistry&amp#27;[m:  Creating shared instance of singleton bean 'tomcatServletWebServerFactoryCustomizer'
&amp#27;[30m2023-04-04T21:53:38,174&amp#27;[m &amp#27;[36mDEBUG &amp#27;[m[&amp#27;[1;34mmain&amp#27;[m] &amp#27;[1;33mo.s.b.f.s.ConstructorResolver&amp#27;[m:  Autowiring by type from bean name 'tomcatServletWebServerFactoryCustomizer' via factory method to bean named 'server-org.springframework.boot.autoconfigure.web.ServerProperties'
&amp#27;[30m2023-04-04T21:53:38,180&amp#27;[m &amp#27;[36mDEBUG &amp#27;[m[&amp#27;[1;34mmain&amp#27;[m] &amp#27;[1;33mo.s.b.f.s.DefaultSingletonBeanRegistry&amp#27;[m:  Creating shared instance of singleton bean 'tomcatWebServerFactoryCustomizer'
&amp#27;[30m2023-04-04T21:53:38,181&amp#27;[m &amp#27;[36mDEBUG &amp#27;[m[&amp#27;[1;34mmain&amp#27;[m] &amp#27;[1;33mo.s.b.f.s.DefaultSingletonBeanRegistry&amp#27;[m:  Creating shared instance of singleton bean 'org.springframework.boot.autoconfigure.web.embedded.EmbeddedWebServerFactoryCustomizerAutoConfiguration$TomcatWebServerFactoryCustomizerConfiguration'
&amp#27;[30m2023-04-04T21:53:38,188&amp#27;[m &amp#27;[36mDEBUG &amp#27;[m[&amp#27;[1;34mmain&amp#27;[m] &amp#27;[1;33mo.s.b.f.s.ConstructorResolver&amp#27;[m:  Autowiring by type from bean name 'tomcatWebServerFactoryCustomizer' via factory method to bean named 'environment'
&amp#27;[30m2023-04-04T21:53:38,189&amp#27;[m &amp#27;[36mDEBUG &amp#27;[m[&amp#27;[1;34mmain&amp#27;[m] &amp#27;[1;33mo.s.b.f.s.ConstructorResolver&amp#27;[m:  Autowiring by type from bean name 'tomcatWebServerFactoryCustomizer' via factory method to bean named 'server-org.springframework.boot.autoconfigure.web.ServerProperties'
&amp#27;[30m2023-04-04T21:53:38,199&amp#27;[m &amp#27;[36mDEBUG &amp#27;[m[&amp#27;[1;34mmain&amp#27;[m] &amp#27;[1;33mo.s.b.f.s.DefaultSingletonBeanRegistry&amp#27;[m:  Creating shared instance of singleton bean 'localeCharsetMappingsCustomizer'
&amp#27;[30m2023-04-04T21:53:38,200&amp#27;[m &amp#27;[36mDEBUG &amp#27;[m[&amp#27;[1;34mmain&amp#27;[m] &amp#27;[1;33mo.s.b.f.s.DefaultSingletonBeanRegistry&amp#27;[m:  Creating shared instance of singleton bean 'org.springframework.boot.autoconfigure.web.servlet.HttpEncodingAutoConfiguration'
&amp#27;[30m2023-04-04T21:53:38,202&amp#27;[m &amp#27;[36mDEBUG &amp#27;[m[&amp#27;[1;34mmain&amp#27;[m] &amp#27;[1;33mo.s.b.f.s.ConstructorResolver&amp#27;[m:  Autowiring by type from bean name 'org.springframework.boot.autoconfigure.web.servlet.HttpEncodingAutoConfiguration' via constructor to bean named 'server-org.springframework.boot.autoconfigure.web.ServerProperties'
&amp#27;[30m2023-04-04T21:53:38,237&amp#27;[m &amp#27;[36mDEBUG &amp#27;[m[&amp#27;[1;34mmain&amp#27;[m] &amp#27;[1;33mo.s.b.f.s.DefaultSingletonBeanRegistry&amp#27;[m:  Creating shared instance of singleton bean 'errorPageCustomizer'
&amp#27;[30m2023-04-04T21:53:38,238&amp#27;[m &amp#27;[36mDEBUG &amp#27;[m[&amp#27;[1;34mmain&amp#27;[m] &amp#27;[1;33mo.s.b.f.s.DefaultSingletonBeanRegistry&amp#27;[m:  Creating shared instance of singleton bean 'org.springframework.boot.autoconfigure.web.servlet.error.ErrorMvcAutoConfiguration'
&amp#27;[30m2023-04-04T21:53:38,238&amp#27;[m &amp#27;[36mDEBUG &amp#27;[m[&amp#27;[1;34mmain&amp#27;[m] &amp#27;[1;33mo.s.b.f.s.ConstructorResolver&amp#27;[m:  Autowiring by type from bean name 'org.springframework.boot.autoconfigure.web.servlet.error.ErrorMvcAutoConfiguration' via constructor to bean named 'server-org.springframework.boot.autoconfigure.web.ServerProperties'
&amp#27;[30m2023-04-04T21:53:38,241&amp#27;[m &amp#27;[36mDEBUG &amp#27;[m[&amp#27;[1;34mmain&amp#27;[m] &amp#27;[1;33mo.s.b.f.s.DefaultSingletonBeanRegistry&amp#27;[m:  Creating shared instance of singleton bean 'dispatcherServletRegistration'
&amp#27;[30m2023-04-04T21:53:38,242&amp#27;[m &amp#27;[36mDEBUG &amp#27;[m[&amp#27;[1;34mmain&amp#27;[m] &amp#27;[1;33mo.s.b.f.s.DefaultSingletonBeanRegistry&amp#27;[m:  Creating shared instance of singleton bean 'org.springframework.boot.autoconfigure.web.servlet.DispatcherServletAutoConfiguration$DispatcherServletRegistrationConfiguration'
&amp#27;[30m2023-04-04T21:53:38,244&amp#27;[m &amp#27;[36mDEBUG &amp#27;[m[&amp#27;[1;34mmain&amp#27;[m] &amp#27;[1;33mo.s.b.f.s.DefaultSingletonBeanRegistry&amp#27;[m:  Creating shared instance of singleton bean 'dispatcherServlet'
&amp#27;[30m2023-04-04T21:53:38,244&amp#27;[m &amp#27;[36mDEBUG &amp#27;[m[&amp#27;[1;34mmain&amp#27;[m] &amp#27;[1;33mo.s.b.f.s.DefaultSingletonBeanRegistry&amp#27;[m:  Creating shared instance of singleton bean 'org.springframework.boot.autoconfigure.web.servlet.DispatcherServletAutoConfiguration$DispatcherServletConfiguration'
&amp#27;[30m2023-04-04T21:53:38,246&amp#27;[m &amp#27;[36mDEBUG &amp#27;[m[&amp#27;[1;34mmain&amp#27;[m] &amp#27;[1;33mo.s.b.f.s.DefaultSingletonBeanRegistry&amp#27;[m:  Creating shared instance of singleton bean 'spring.mvc-org.springframework.boot.autoconfigure.web.servlet.WebMvcProperties'
&amp#27;[30m2023-04-04T21:53:38,254&amp#27;[m &amp#27;[36mDEBUG &amp#27;[m[&amp#27;[1;34mmain&amp#27;[m] &amp#27;[1;33mo.s.b.f.s.ConstructorResolver&amp#27;[m:  Autowiring by type from bean name 'dispatcherServlet' via factory method to bean named 'spring.mvc-org.springframework.boot.autoconfigure.web.servlet.WebMvcProperties'
&amp#27;[30m2023-04-04T21:53:38,291&amp#27;[m &amp#27;[36mDEBUG &amp#27;[m[&amp#27;[1;34mmain&amp#27;[m] &amp#27;[1;33mo.s.b.f.s.ConstructorResolver&amp#27;[m:  Autowiring by type from bean name 'dispatcherServletRegistration' via factory method to bean named 'dispatcherServlet'
&amp#27;[30m2023-04-04T21:53:38,291&amp#27;[m &amp#27;[36mDEBUG &amp#27;[m[&amp#27;[1;34mmain&amp#27;[m] &amp#27;[1;33mo.s.b.f.s.ConstructorResolver&amp#27;[m:  Autowiring by type from bean name 'dispatcherServletRegistration' via factory method to bean named 'spring.mvc-org.springframework.boot.autoconfigure.web.servlet.WebMvcProperties'
&amp#27;[30m2023-04-04T21:53:38,294&amp#27;[m &amp#27;[36mDEBUG &amp#27;[m[&amp#27;[1;34mmain&amp#27;[m] &amp#27;[1;33mo.s.b.f.s.DefaultSingletonBeanRegistry&amp#27;[m:  Creating shared instance of singleton bean 'multipartConfigElement'
&amp#27;[30m2023-04-04T21:53:38,294&amp#27;[m &amp#27;[36mDEBUG &amp#27;[m[&amp#27;[1;34mmain&amp#27;[m] &amp#27;[1;33mo.s.b.f.s.DefaultSingletonBeanRegistry&amp#27;[m:  Creating shared instance of singleton bean 'org.springframework.boot.autoconfigure.web.servlet.MultipartAutoConfiguration'
&amp#27;[30m2023-04-04T21:53:38,295&amp#27;[m &amp#27;[36mDEBUG &amp#27;[m[&amp#27;[1;34mmain&amp#27;[m] &amp#27;[1;33mo.s.b.f.s.DefaultSingletonBeanRegistry&amp#27;[m:  Creating shared instance of singleton bean 'spring.servlet.multipart-org.springframework.boot.autoconfigure.web.servlet.MultipartProperties'
&amp#27;[30m2023-04-04T21:53:38,306&amp#27;[m &amp#27;[36mDEBUG &amp#27;[m[&amp#27;[1;34mmain&amp#27;[m] &amp#27;[1;33mo.s.b.f.s.ConstructorResolver&amp#27;[m:  Autowiring by type from bean name 'org.springframework.boot.autoconfigure.web.servlet.MultipartAutoConfiguration' via constructor to bean named 'spring.servlet.multipart-org.springframework.boot.autoconfigure.web.servlet.MultipartProperties'
&amp#27;[30m2023-04-04T21:53:38,328&amp#27;[m &amp#27;[36mDEBUG &amp#27;[m[&amp#27;[1;34mmain&amp#27;[m] &amp#27;[1;33mo.s.b.f.s.ConstructorResolver&amp#27;[m:  Autowiring by type from bean name 'errorPageCustomizer' via factory method to bean named 'dispatcherServletRegistration'
&amp#27;[30m2023-04-04T21:53:38,432&amp#27;[m &amp#27;[36mDEBUG &amp#27;[m[&amp#27;[1;34mmain&amp#27;[m] &amp#27;[1;33mo.s.b.w.s.s.DocumentRoot&amp#27;[m:  Code archive: /Users/josephlpz/.m2/repository/org/springframework/boot/spring-boot/2.7.2/spring-boot-2.7.2.jar
&amp#27;[30m2023-04-04T21:53:38,433&amp#27;[m &amp#27;[36mDEBUG &amp#27;[m[&amp#27;[1;34mmain&amp#27;[m] &amp#27;[1;33mo.s.b.w.s.s.DocumentRoot&amp#27;[m:  Code archive: /Users/josephlpz/.m2/repository/org/springframework/boot/spring-boot/2.7.2/spring-boot-2.7.2.jar
&amp#27;[30m2023-04-04T21:53:38,433&amp#27;[m &amp#27;[36mDEBUG &amp#27;[m[&amp#27;[1;34mmain&amp#27;[m] &amp#27;[1;33mo.s.b.w.s.s.DocumentRoot&amp#27;[m:  None of the document roots [src/main/webapp, public, static] point to a directory and will be ignored.
&amp#27;[30m2023-04-04T21:53:38,451&amp#27;[m &amp#27;[32mINFO  &amp#27;[m[&amp#27;[1;34mmain&amp#27;[m] &amp#27;[1;33mo.s.b.w.e.t.TomcatWebServer&amp#27;[m:  Tomcat initialized with port(s): 0 (http)
&amp#27;[30m2023-04-04T21:53:38,724&amp#27;[m &amp#27;[36mDEBUG &amp#27;[m[&amp#27;[1;34mmain&amp#27;[m] &amp#27;[1;33mo.s.b.w.s.c.ServletWebServerApplicationContext&amp#27;[m:  Published root WebApplicationContext as ServletContext attribute with name [org.springframework.web.context.WebApplicationContext.ROOT]
&amp#27;[30m2023-04-04T21:53:38,724&amp#27;[m &amp#27;[32mINFO  &amp#27;[m[&amp#27;[1;34mmain&amp#27;[m] &amp#27;[1;33mo.s.b.w.s.c.ServletWebServerApplicationContext&amp#27;[m:  Root WebApplicationContext: initialization completed in 2771 ms
&amp#27;[30m2023-04-04T21:53:38,732&amp#27;[m &amp#27;[36mDEBUG &amp#27;[m[&amp#27;[1;34mmain&amp#27;[m] &amp#27;[1;33mo.s.b.f.s.DefaultSingletonBeanRegistry&amp#27;[m:  Creating shared instance of singleton bean 'h2Console'
&amp#27;[30m2023-04-04T21:53:38,733&amp#27;[m &amp#27;[36mDEBUG &amp#27;[m[&amp#27;[1;34mmain&amp#27;[m] &amp#27;[1;33mo.s.b.f.s.DefaultSingletonBeanRegistry&amp#27;[m:  Creating shared instance of singleton bean 'org.springframework.boot.autoconfigure.h2.H2ConsoleAutoConfiguration'
&amp#27;[30m2023-04-04T21:53:38,746&amp#27;[m &amp#27;[36mDEBUG &amp#27;[m[&amp#27;[1;34mmain&amp#27;[m] &amp#27;[1;33mo.s.b.f.s.DefaultSingletonBeanRegistry&amp#27;[m:  Creating shared instance of singleton bean 'spring.h2.console-org.springframework.boot.autoconfigure.h2.H2ConsoleProperties'
&amp#27;[30m2023-04-04T21:53:38,754&amp#27;[m &amp#27;[36mDEBUG &amp#27;[m[&amp#27;[1;34mmain&amp#27;[m] &amp#27;[1;33mo.s.b.f.s.ConstructorResolver&amp#27;[m:  Autowiring by type from bean name 'h2Console' via factory method to bean named 'spring.h2.console-org.springframework.boot.autoconfigure.h2.H2ConsoleProperties'
&amp#27;[30m2023-04-04T21:53:38,756&amp#27;[m &amp#27;[36mDEBUG &amp#27;[m[&amp#27;[1;34mmain&amp#27;[m] &amp#27;[1;33mo.s.b.f.s.DefaultSingletonBeanRegistry&amp#27;[m:  Creating shared instance of singleton bean 'dataSource'
&amp#27;[30m2023-04-04T21:53:38,756&amp#27;[m &amp#27;[36mDEBUG &amp#27;[m[&amp#27;[1;34mmain&amp#27;[m] &amp#27;[1;33mo.s.b.f.s.DefaultSingletonBeanRegistry&amp#27;[m:  Creating shared instance of singleton bean 'org.springframework.boot.autoconfigure.jdbc.DataSourceConfiguration$Hikari'
&amp#27;[30m2023-04-04T21:53:38,760&amp#27;[m &amp#27;[36mDEBUG &amp#27;[m[&amp#27;[1;34mmain&amp#27;[m] &amp#27;[1;33mo.s.b.f.s.DefaultSingletonBeanRegistry&amp#27;[m:  Creating shared instance of singleton bean 'spring.datasource-org.springframework.boot.autoconfigure.jdbc.DataSourceProperties'
&amp#27;[30m2023-04-04T21:53:38,783&amp#27;[m &amp#27;[36mDEBUG &amp#27;[m[&amp#27;[1;34mmain&amp#27;[m] &amp#27;[1;33mo.s.b.f.s.ConstructorResolver&amp#27;[m:  Autowiring by type from bean name 'dataSource' via factory method to bean named 'spring.datasource-org.springframework.boot.autoconfigure.jdbc.DataSourceProperties'
&amp#27;[30m2023-04-04T21:53:38,787&amp#27;[m &amp#27;[36mDEBUG &amp#27;[m[&amp#27;[1;34mmain&amp#27;[m] &amp#27;[1;33mc.z.h.HikariConfig&amp#27;[m:  Driver class org.postgresql.Driver found in Thread context class loader TomcatEmbeddedWebappClassLoader
  context: ROOT
  delegate: true
----------> Parent Classloader:
jdk.internal.loader.ClassLoaders$AppClassLoader@55054057

&amp#27;[30m2023-04-04T21:53:38,826&amp#27;[m &amp#27;[36mDEBUG &amp#27;[m[&amp#27;[1;34mmain&amp#27;[m] &amp#27;[1;33mc.z.h.HikariConfig&amp#27;[m:  HikariPool-1 - configuration:
&amp#27;[30m2023-04-04T21:53:38,830&amp#27;[m &amp#27;[36mDEBUG &amp#27;[m[&amp#27;[1;34mmain&amp#27;[m] &amp#27;[1;33mc.z.h.HikariConfig&amp#27;[m:  allowPoolSuspension................................false
&amp#27;[30m2023-04-04T21:53:38,830&amp#27;[m &amp#27;[36mDEBUG &amp#27;[m[&amp#27;[1;34mmain&amp#27;[m] &amp#27;[1;33mc.z.h.HikariConfig&amp#27;[m:  autoCommit................................true
&amp#27;[30m2023-04-04T21:53:38,832&amp#27;[m &amp#27;[36mDEBUG &amp#27;[m[&amp#27;[1;34mmain&amp#27;[m] &amp#27;[1;33mc.z.h.HikariConfig&amp#27;[m:  catalog................................none
&amp#27;[30m2023-04-04T21:53:38,833&amp#27;[m &amp#27;[36mDEBUG &amp#27;[m[&amp#27;[1;34mmain&amp#27;[m] &amp#27;[1;33mc.z.h.HikariConfig&amp#27;[m:  connectionInitSql................................none
&amp#27;[30m2023-04-04T21:53:38,833&amp#27;[m &amp#27;[36mDEBUG &amp#27;[m[&amp#27;[1;34mmain&amp#27;[m] &amp#27;[1;33mc.z.h.HikariConfig&amp#27;[m:  connectionTestQuery................................none
&amp#27;[30m2023-04-04T21:53:38,833&amp#27;[m &amp#27;[36mDEBUG &amp#27;[m[&amp#27;[1;34mmain&amp#27;[m] &amp#27;[1;33mc.z.h.HikariConfig&amp#27;[m:  connectionTimeout................................30000
&amp#27;[30m2023-04-04T21:53:38,833&amp#27;[m &amp#27;[36mDEBUG &amp#27;[m[&amp#27;[1;34mmain&amp#27;[m] &amp#27;[1;33mc.z.h.HikariConfig&amp#27;[m:  dataSource................................none
&amp#27;[30m2023-04-04T21:53:38,834&amp#27;[m &amp#27;[36mDEBUG &amp#27;[m[&amp#27;[1;34mmain&amp#27;[m] &amp#27;[1;33mc.z.h.HikariConfig&amp#27;[m:  dataSourceClassName................................none
&amp#27;[30m2023-04-04T21:53:38,834&amp#27;[m &amp#27;[36mDEBUG &amp#27;[m[&amp#27;[1;34mmain&amp#27;[m] &amp#27;[1;33mc.z.h.HikariConfig&amp#27;[m:  dataSourceJNDI................................none
&amp#27;[30m2023-04-04T21:53:38,834&amp#27;[m &amp#27;[36mDEBUG &amp#27;[m[&amp#27;[1;34mmain&amp#27;[m] &amp#27;[1;33mc.z.h.HikariConfig&amp#27;[m:  dataSourceProperties................................{password=<masked>}
&amp#27;[30m2023-04-04T21:53:38,835&amp#27;[m &amp#27;[36mDEBUG &amp#27;[m[&amp#27;[1;34mmain&amp#27;[m] &amp#27;[1;33mc.z.h.HikariConfig&amp#27;[m:  driverClassName................................"org.postgresql.Driver"
&amp#27;[30m2023-04-04T21:53:38,835&amp#27;[m &amp#27;[36mDEBUG &amp#27;[m[&amp#27;[1;34mmain&amp#27;[m] &amp#27;[1;33mc.z.h.HikariConfig&amp#27;[m:  exceptionOverrideClassName................................none
&amp#27;[30m2023-04-04T21:53:38,836&amp#27;[m &amp#27;[36mDEBUG &amp#27;[m[&amp#27;[1;34mmain&amp#27;[m] &amp#27;[1;33mc.z.h.HikariConfig&amp#27;[m:  healthCheckProperties................................{}
&amp#27;[30m2023-04-04T21:53:38,836&amp#27;[m &amp#27;[36mDEBUG &amp#27;[m[&amp#27;[1;34mmain&amp#27;[m] &amp#27;[1;33mc.z.h.HikariConfig&amp#27;[m:  healthCheckRegistry................................none
&amp#27;[30m2023-04-04T21:53:38,836&amp#27;[m &amp#27;[36mDEBUG &amp#27;[m[&amp#27;[1;34mmain&amp#27;[m] &amp#27;[1;33mc.z.h.HikariConfig&amp#27;[m:  idleTimeout................................600000
&amp#27;[30m2023-04-04T21:53:38,836&amp#27;[m &amp#27;[36mDEBUG &amp#27;[m[&amp#27;[1;34mmain&amp#27;[m] &amp#27;[1;33mc.z.h.HikariConfig&amp#27;[m:  initializationFailTimeout................................1
&amp#27;[30m2023-04-04T21:53:38,836&amp#27;[m &amp#27;[36mDEBUG &amp#27;[m[&amp#27;[1;34mmain&amp#27;[m] &amp#27;[1;33mc.z.h.HikariConfig&amp#27;[m:  isolateInternalQueries................................false
&amp#27;[30m2023-04-04T21:53:38,836&amp#27;[m &amp#27;[36mDEBUG &amp#27;[m[&amp#27;[1;34mmain&amp#27;[m] &amp#27;[1;33mc.z.h.HikariConfig&amp#27;[m:  jdbcUrl................................jdbc:postgresql://localhost:55013/test-db?loggerLevel=OFF?nullNamePatternMatchesAll=true&useSSL=false&useUnicode=yes&characterEncoding=UTF-8
&amp#27;[30m2023-04-04T21:53:38,837&amp#27;[m &amp#27;[36mDEBUG &amp#27;[m[&amp#27;[1;34mmain&amp#27;[m] &amp#27;[1;33mc.z.h.HikariConfig&amp#27;[m:  keepaliveTime................................0
&amp#27;[30m2023-04-04T21:53:38,837&amp#27;[m &amp#27;[36mDEBUG &amp#27;[m[&amp#27;[1;34mmain&amp#27;[m] &amp#27;[1;33mc.z.h.HikariConfig&amp#27;[m:  leakDetectionThreshold................................0
&amp#27;[30m2023-04-04T21:53:38,837&amp#27;[m &amp#27;[36mDEBUG &amp#27;[m[&amp#27;[1;34mmain&amp#27;[m] &amp#27;[1;33mc.z.h.HikariConfig&amp#27;[m:  maxLifetime................................1800000
&amp#27;[30m2023-04-04T21:53:38,837&amp#27;[m &amp#27;[36mDEBUG &amp#27;[m[&amp#27;[1;34mmain&amp#27;[m] &amp#27;[1;33mc.z.h.HikariConfig&amp#27;[m:  maximumPoolSize................................10
&amp#27;[30m2023-04-04T21:53:38,837&amp#27;[m &amp#27;[36mDEBUG &amp#27;[m[&amp#27;[1;34mmain&amp#27;[m] &amp#27;[1;33mc.z.h.HikariConfig&amp#27;[m:  metricRegistry................................none
&amp#27;[30m2023-04-04T21:53:38,837&amp#27;[m &amp#27;[36mDEBUG &amp#27;[m[&amp#27;[1;34mmain&amp#27;[m] &amp#27;[1;33mc.z.h.HikariConfig&amp#27;[m:  metricsTrackerFactory................................none
&amp#27;[30m2023-04-04T21:53:38,837&amp#27;[m &amp#27;[36mDEBUG &amp#27;[m[&amp#27;[1;34mmain&amp#27;[m] &amp#27;[1;33mc.z.h.HikariConfig&amp#27;[m:  minimumIdle................................10
&amp#27;[30m2023-04-04T21:53:38,837&amp#27;[m &amp#27;[36mDEBUG &amp#27;[m[&amp#27;[1;34mmain&amp#27;[m] &amp#27;[1;33mc.z.h.HikariConfig&amp#27;[m:  password................................<masked>
&amp#27;[30m2023-04-04T21:53:38,838&amp#27;[m &amp#27;[36mDEBUG &amp#27;[m[&amp#27;[1;34mmain&amp#27;[m] &amp#27;[1;33mc.z.h.HikariConfig&amp#27;[m:  poolName................................"HikariPool-1"
&amp#27;[30m2023-04-04T21:53:38,838&amp#27;[m &amp#27;[36mDEBUG &amp#27;[m[&amp#27;[1;34mmain&amp#27;[m] &amp#27;[1;33mc.z.h.HikariConfig&amp#27;[m:  readOnly................................false
&amp#27;[30m2023-04-04T21:53:38,838&amp#27;[m &amp#27;[36mDEBUG &amp#27;[m[&amp#27;[1;34mmain&amp#27;[m] &amp#27;[1;33mc.z.h.HikariConfig&amp#27;[m:  registerMbeans................................false
&amp#27;[30m2023-04-04T21:53:38,838&amp#27;[m &amp#27;[36mDEBUG &amp#27;[m[&amp#27;[1;34mmain&amp#27;[m] &amp#27;[1;33mc.z.h.HikariConfig&amp#27;[m:  scheduledExecutor................................none
&amp#27;[30m2023-04-04T21:53:38,838&amp#27;[m &amp#27;[36mDEBUG &amp#27;[m[&amp#27;[1;34mmain&amp#27;[m] &amp#27;[1;33mc.z.h.HikariConfig&amp#27;[m:  schema................................none
&amp#27;[30m2023-04-04T21:53:38,838&amp#27;[m &amp#27;[36mDEBUG &amp#27;[m[&amp#27;[1;34mmain&amp#27;[m] &amp#27;[1;33mc.z.h.HikariConfig&amp#27;[m:  threadFactory................................internal
&amp#27;[30m2023-04-04T21:53:38,838&amp#27;[m &amp#27;[36mDEBUG &amp#27;[m[&amp#27;[1;34mmain&amp#27;[m] &amp#27;[1;33mc.z.h.HikariConfig&amp#27;[m:  transactionIsolation................................default
&amp#27;[30m2023-04-04T21:53:38,838&amp#27;[m &amp#27;[36mDEBUG &amp#27;[m[&amp#27;[1;34mmain&amp#27;[m] &amp#27;[1;33mc.z.h.HikariConfig&amp#27;[m:  username................................"it"
&amp#27;[30m2023-04-04T21:53:38,838&amp#27;[m &amp#27;[36mDEBUG &amp#27;[m[&amp#27;[1;34mmain&amp#27;[m] &amp#27;[1;33mc.z.h.HikariConfig&amp#27;[m:  validationTimeout................................5000
&amp#27;[30m2023-04-04T21:53:38,838&amp#27;[m &amp#27;[32mINFO  &amp#27;[m[&amp#27;[1;34mmain&amp#27;[m] &amp#27;[1;33mc.z.h.HikariDataSource&amp#27;[m:  HikariPool-1 - Starting...
&amp#27;[30m2023-04-04T21:53:38,908&amp#27;[m &amp#27;[36mDEBUG &amp#27;[m[&amp#27;[1;34mmain&amp#27;[m] &amp#27;[1;33mc.z.h.p.HikariPool&amp#27;[m:  HikariPool-1 - Added connection org.postgresql.jdbc.PgConnection@8ecc457
&amp#27;[30m2023-04-04T21:53:38,910&amp#27;[m &amp#27;[32mINFO  &amp#27;[m[&amp#27;[1;34mmain&amp#27;[m] &amp#27;[1;33mc.z.h.HikariDataSource&amp#27;[m:  HikariPool-1 - Start completed.
&amp#27;[30m2023-04-04T21:53:38,923&amp#27;[m &amp#27;[32mINFO  &amp#27;[m[&amp#27;[1;34mmain&amp#27;[m] &amp#27;[1;33mo.s.b.a.h.H2ConsoleAutoConfiguration&amp#27;[m:  H2 console available at '/h2-ui'. Database available at 'jdbc:postgresql://localhost:55013/test-db?loggerLevel=OFF?nullNamePatternMatchesAll=true&useSSL=false&useUnicode=yes&characterEncoding=UTF-8'
&amp#27;[30m2023-04-04T21:53:38,934&amp#27;[m &amp#27;[36mDEBUG &amp#27;[m[&amp#27;[1;34mmain&amp#27;[m] &amp#27;[1;33mo.s.b.f.s.DefaultSingletonBeanRegistry&amp#27;[m:  Creating shared instance of singleton bean 'errorPageSecurityFilter'
&amp#27;[30m2023-04-04T21:53:38,934&amp#27;[m &amp#27;[36mDEBUG &amp#27;[m[&amp#27;[1;34mmain&amp#27;[m] &amp#27;[1;33mo.s.b.f.s.DefaultSingletonBeanRegistry&amp#27;[m:  Creating shared instance of singleton bean 'org.springframework.boot.autoconfigure.security.servlet.SpringBootWebSecurityConfiguration$ErrorPageSecurityFilterConfiguration'
&amp#27;[30m2023-04-04T21:53:38,943&amp#27;[m &amp#27;[36mDEBUG &amp#27;[m[&amp#27;[1;34mmain&amp#27;[m] &amp#27;[1;33mo.s.b.f.s.ConstructorResolver&amp#27;[m:  Autowiring by type from bean name 'errorPageSecurityFilter' via factory method to bean named 'org.springframework.boot.web.servlet.context.AnnotationConfigServletWebServerApplicationContext@6680f714'
&amp#27;[30m2023-04-04T21:53:38,964&amp#27;[m &amp#27;[36mDEBUG &amp#27;[m[&amp#27;[1;34mmain&amp#27;[m] &amp#27;[1;33mo.s.b.f.s.DefaultSingletonBeanRegistry&amp#27;[m:  Creating shared instance of singleton bean 'securityFilterChainRegistration'
&amp#27;[30m2023-04-04T21:53:38,965&amp#27;[m &amp#27;[36mDEBUG &amp#27;[m[&amp#27;[1;34mmain&amp#27;[m] &amp#27;[1;33mo.s.b.f.s.DefaultSingletonBeanRegistry&amp#27;[m:  Creating shared instance of singleton bean 'org.springframework.boot.autoconfigure.security.servlet.SecurityFilterAutoConfiguration'
&amp#27;[30m2023-04-04T21:53:38,969&amp#27;[m &amp#27;[36mDEBUG &amp#27;[m[&amp#27;[1;34mmain&amp#27;[m] &amp#27;[1;33mo.s.b.f.s.DefaultSingletonBeanRegistry&amp#27;[m:  Creating shared instance of singleton bean 'spring.security-org.springframework.boot.autoconfigure.security.SecurityProperties'
&amp#27;[30m2023-04-04T21:53:38,976&amp#27;[m &amp#27;[36mDEBUG &amp#27;[m[&amp#27;[1;34mmain&amp#27;[m] &amp#27;[1;33mo.s.b.f.s.ConstructorResolver&amp#27;[m:  Autowiring by type from bean name 'securityFilterChainRegistration' via factory method to bean named 'spring.security-org.springframework.boot.autoconfigure.security.SecurityProperties'
&amp#27;[30m2023-04-04T21:53:38,994&amp#27;[m &amp#27;[36mDEBUG &amp#27;[m[&amp#27;[1;34mmain&amp#27;[m] &amp#27;[1;33mo.s.b.f.s.DefaultSingletonBeanRegistry&amp#27;[m:  Creating shared instance of singleton bean 'jwtRequestFilter'
&amp#27;[30m2023-04-04T21:53:39,016&amp#27;[m &amp#27;[36mDEBUG &amp#27;[m[&amp#27;[1;34mmain&amp#27;[m] &amp#27;[1;33mo.s.b.f.s.DefaultSingletonBeanRegistry&amp#27;[m:  Creating shared instance of singleton bean 'tokenService'
&amp#27;[30m2023-04-04T21:53:39,016&amp#27;[m &amp#27;[36mDEBUG &amp#27;[m[&amp#27;[1;34mHikariPool-1 housekeeper&amp#27;[m] &amp#27;[1;33mc.z.h.p.HikariPool&amp#27;[m:  HikariPool-1 - Pool stats (total=1, active=0, idle=1, waiting=0)
&amp#27;[30m2023-04-04T21:53:39,033&amp#27;[m &amp#27;[36mDEBUG &amp#27;[m[&amp#27;[1;34mmain&amp#27;[m] &amp#27;[1;33mo.s.b.f.s.DefaultSingletonBeanRegistry&amp#27;[m:  Creating shared instance of singleton bean 'tokenRepository'
&amp#27;[30m2023-04-04T21:53:39,057&amp#27;[m &amp#27;[36mDEBUG &amp#27;[m[&amp#27;[1;34mHikariPool-1 connection adder&amp#27;[m] &amp#27;[1;33mc.z.h.p.HikariPool$PoolEntryCreator&amp#27;[m:  HikariPool-1 - Added connection org.postgresql.jdbc.PgConnection@11ddba1f
&amp#27;[30m2023-04-04T21:53:39,077&amp#27;[m &amp#27;[36mDEBUG &amp#27;[m[&amp#27;[1;34mHikariPool-1 connection adder&amp#27;[m] &amp#27;[1;33mc.z.h.p.HikariPool$PoolEntryCreator&amp#27;[m:  HikariPool-1 - Added connection org.postgresql.jdbc.PgConnection@1f1a4654
&amp#27;[30m2023-04-04T21:53:39,097&amp#27;[m &amp#27;[36mDEBUG &amp#27;[m[&amp#27;[1;34mHikariPool-1 connection adder&amp#27;[m] &amp#27;[1;33mc.z.h.p.HikariPool$PoolEntryCreator&amp#27;[m:  HikariPool-1 - Added connection org.postgresql.jdbc.PgConnection@1b25d16f
&amp#27;[30m2023-04-04T21:53:39,112&amp#27;[m &amp#27;[36mDEBUG &amp#27;[m[&amp#27;[1;34mHikariPool-1 connection adder&amp#27;[m] &amp#27;[1;33mc.z.h.p.HikariPool$PoolEntryCreator&amp#27;[m:  HikariPool-1 - Added connection org.postgresql.jdbc.PgConnection@5e274c6f
&amp#27;[30m2023-04-04T21:53:39,139&amp#27;[m &amp#27;[36mDEBUG &amp#27;[m[&amp#27;[1;34mHikariPool-1 connection adder&amp#27;[m] &amp#27;[1;33mc.z.h.p.HikariPool$PoolEntryCreator&amp#27;[m:  HikariPool-1 - Added connection org.postgresql.jdbc.PgConnection@22d618f6
&amp#27;[30m2023-04-04T21:53:39,143&amp#27;[m &amp#27;[36mDEBUG &amp#27;[m[&amp#27;[1;34mmain&amp#27;[m] &amp#27;[1;33mo.s.b.f.s.DefaultSingletonBeanRegistry&amp#27;[m:  Creating shared instance of singleton bean 'flyway'
&amp#27;[30m2023-04-04T21:53:39,143&amp#27;[m &amp#27;[36mDEBUG &amp#27;[m[&amp#27;[1;34mmain&amp#27;[m] &amp#27;[1;33mo.s.b.f.s.DefaultSingletonBeanRegistry&amp#27;[m:  Creating shared instance of singleton bean 'org.springframework.boot.autoconfigure.flyway.FlywayAutoConfiguration$FlywayConfiguration'
&amp#27;[30m2023-04-04T21:53:39,155&amp#27;[m &amp#27;[36mDEBUG &amp#27;[m[&amp#27;[1;34mHikariPool-1 connection adder&amp#27;[m] &amp#27;[1;33mc.z.h.p.HikariPool$PoolEntryCreator&amp#27;[m:  HikariPool-1 - Added connection org.postgresql.jdbc.PgConnection@6fb3d21e
&amp#27;[30m2023-04-04T21:53:39,159&amp#27;[m &amp#27;[36mDEBUG &amp#27;[m[&amp#27;[1;34mmain&amp#27;[m] &amp#27;[1;33mo.s.b.f.s.DefaultSingletonBeanRegistry&amp#27;[m:  Creating shared instance of singleton bean 'spring.flyway-org.springframework.boot.autoconfigure.flyway.FlywayProperties'
&amp#27;[30m2023-04-04T21:53:39,177&amp#27;[m &amp#27;[36mDEBUG &amp#27;[m[&amp#27;[1;34mHikariPool-1 connection adder&amp#27;[m] &amp#27;[1;33mc.z.h.p.HikariPool$PoolEntryCreator&amp#27;[m:  HikariPool-1 - Added connection org.postgresql.jdbc.PgConnection@5aa8d82e
&amp#27;[30m2023-04-04T21:53:39,192&amp#27;[m &amp#27;[36mDEBUG &amp#27;[m[&amp#27;[1;34mmain&amp#27;[m] &amp#27;[1;33mo.s.b.f.s.ConstructorResolver&amp#27;[m:  Autowiring by type from bean name 'flyway' via factory method to bean named 'spring.flyway-org.springframework.boot.autoconfigure.flyway.FlywayProperties'
&amp#27;[30m2023-04-04T21:53:39,192&amp#27;[m &amp#27;[36mDEBUG &amp#27;[m[&amp#27;[1;34mmain&amp#27;[m] &amp#27;[1;33mo.s.b.f.s.ConstructorResolver&amp#27;[m:  Autowiring by type from bean name 'flyway' via factory method to bean named 'org.springframework.boot.web.servlet.context.AnnotationConfigServletWebServerApplicationContext@6680f714'
&amp#27;[30m2023-04-04T21:53:39,193&amp#27;[m &amp#27;[36mDEBUG &amp#27;[m[&amp#27;[1;34mHikariPool-1 connection adder&amp#27;[m] &amp#27;[1;33mc.z.h.p.HikariPool$PoolEntryCreator&amp#27;[m:  HikariPool-1 - Added connection org.postgresql.jdbc.PgConnection@3e08b320
&amp#27;[30m2023-04-04T21:53:39,206&amp#27;[m &amp#27;[36mDEBUG &amp#27;[m[&amp#27;[1;34mHikariPool-1 connection adder&amp#27;[m] &amp#27;[1;33mc.z.h.p.HikariPool$PoolEntryCreator&amp#27;[m:  HikariPool-1 - Added connection org.postgresql.jdbc.PgConnection@2c8b0dbf
&amp#27;[30m2023-04-04T21:53:39,207&amp#27;[m &amp#27;[36mDEBUG &amp#27;[m[&amp#27;[1;34mHikariPool-1 connection adder&amp#27;[m] &amp#27;[1;33mc.z.h.p.HikariPool&amp#27;[m:  HikariPool-1 - After adding stats (total=10, active=0, idle=10, waiting=0)
&amp#27;[30m2023-04-04T21:53:39,216&amp#27;[m &amp#27;[36mDEBUG &amp#27;[m[&amp#27;[1;34mmain&amp#27;[m] &amp#27;[1;33mo.s.b.f.s.DefaultSingletonBeanRegistry&amp#27;[m:  Creating shared instance of singleton bean 'flywayInitializer'
&amp#27;[30m2023-04-04T21:53:39,219&amp#27;[m &amp#27;[36mDEBUG &amp#27;[m[&amp#27;[1;34mmain&amp#27;[m] &amp#27;[1;33mo.s.b.f.s.ConstructorResolver&amp#27;[m:  Autowiring by type from bean name 'flywayInitializer' via factory method to bean named 'flyway'
&amp#27;[30m2023-04-04T21:53:39,226&amp#27;[m &amp#27;[36mDEBUG &amp#27;[m[&amp#27;[1;34mmain&amp#27;[m] &amp#27;[1;33mo.f.c.i.l.s.Slf4jLog&amp#27;[m:  Scanning for classpath resources at 'classpath:db/migration' ...
&amp#27;[30m2023-04-04T21:53:39,226&amp#27;[m &amp#27;[36mDEBUG &amp#27;[m[&amp#27;[1;34mmain&amp#27;[m] &amp#27;[1;33mo.f.c.i.l.s.Slf4jLog&amp#27;[m:  Determining location urls for classpath:db/migration using ClassLoader TomcatEmbeddedWebappClassLoader
  context: ROOT
  delegate: true
----------> Parent Classloader:
jdk.internal.loader.ClassLoaders$AppClassLoader@55054057
 ...
&amp#27;[30m2023-04-04T21:53:39,227&amp#27;[m &amp#27;[36mDEBUG &amp#27;[m[&amp#27;[1;34mmain&amp#27;[m] &amp#27;[1;33mo.f.c.i.l.s.Slf4jLog&amp#27;[m:  Scanning URL: file:/Users/josephlpz/Documents/JustWork/JustWork-server/target/classes/db/migration
&amp#27;[30m2023-04-04T21:53:39,228&amp#27;[m &amp#27;[36mDEBUG &amp#27;[m[&amp#27;[1;34mmain&amp#27;[m] &amp#27;[1;33mo.f.c.i.l.s.Slf4jLog&amp#27;[m:  JBoss VFS v2 available: false
&amp#27;[30m2023-04-04T21:53:39,231&amp#27;[m &amp#27;[36mDEBUG &amp#27;[m[&amp#27;[1;34mmain&amp#27;[m] &amp#27;[1;33mo.f.c.i.l.s.Slf4jLog&amp#27;[m:  Scanning starting at classpath root in filesystem: /Users/josephlpz/Documents/JustWork/JustWork-server/target/classes/
&amp#27;[30m2023-04-04T21:53:39,231&amp#27;[m &amp#27;[36mDEBUG &amp#27;[m[&amp#27;[1;34mmain&amp#27;[m] &amp#27;[1;33mo.f.c.i.l.s.Slf4jLog&amp#27;[m:  Scanning for resources in path: /Users/josephlpz/Documents/JustWork/JustWork-server/target/classes/db/migration (db/migration)
&amp#27;[30m2023-04-04T21:53:39,232&amp#27;[m &amp#27;[36mDEBUG &amp#27;[m[&amp#27;[1;34mmain&amp#27;[m] &amp#27;[1;33mo.f.c.i.l.s.Slf4jLog&amp#27;[m:  Found resource: db/migration/V1__create_init_tables.sql
&amp#27;[30m2023-04-04T21:53:39,233&amp#27;[m &amp#27;[36mDEBUG &amp#27;[m[&amp#27;[1;34mmain&amp#27;[m] &amp#27;[1;33mo.f.c.i.l.s.Slf4jLog&amp#27;[m:  Scanning for classes at classpath:db/migration
&amp#27;[30m2023-04-04T21:53:39,241&amp#27;[m &amp#27;[32mINFO  &amp#27;[m[&amp#27;[1;34mmain&amp#27;[m] &amp#27;[1;33mo.f.c.i.l.s.Slf4jLog&amp#27;[m:  Database: jdbc:postgresql://localhost:55013/test-db (PostgreSQL 11.8)
&amp#27;[30m2023-04-04T21:53:39,242&amp#27;[m &amp#27;[36mDEBUG &amp#27;[m[&amp#27;[1;34mmain&amp#27;[m] &amp#27;[1;33mo.f.c.i.l.s.Slf4jLog&amp#27;[m:  Driver  : PostgreSQL JDBC Driver 42.2.11
&amp#27;[30m2023-04-04T21:53:39,242&amp#27;[m &amp#27;[36mDEBUG &amp#27;[m[&amp#27;[1;34mmain&amp#27;[m] &amp#27;[1;33mo.f.c.i.l.s.Slf4jLog&amp#27;[m:  DDL Transactions Supported: true
&amp#27;[30m2023-04-04T21:53:39,242&amp#27;[m &amp#27;[36mDEBUG &amp#27;[m[&amp#27;[1;34mmain&amp#27;[m] &amp#27;[1;33mo.f.c.i.l.s.Slf4jLog&amp#27;[m:  Schemas: 
&amp#27;[30m2023-04-04T21:53:39,242&amp#27;[m &amp#27;[36mDEBUG &amp#27;[m[&amp#27;[1;34mmain&amp#27;[m] &amp#27;[1;33mo.f.c.i.l.s.Slf4jLog&amp#27;[m:  Default schema: null
&amp#27;[30m2023-04-04T21:53:39,250&amp#27;[m &amp#27;[36mDEBUG &amp#27;[m[&amp#27;[1;34mmain&amp#27;[m] &amp#27;[1;33mo.f.c.i.l.s.Slf4jLog&amp#27;[m:  Scanning for SQL callbacks ...
&amp#27;[30m2023-04-04T21:53:39,252&amp#27;[m &amp#27;[36mDEBUG &amp#27;[m[&amp#27;[1;34mmain&amp#27;[m] &amp#27;[1;33mo.f.c.i.l.s.Slf4jLog&amp#27;[m:  Validating migrations ...
&amp#27;[30m2023-04-04T21:53:39,255&amp#27;[m &amp#27;[36mDEBUG &amp#27;[m[&amp#27;[1;34mmain&amp#27;[m] &amp#27;[1;33mo.f.c.i.l.s.Slf4jLog&amp#27;[m:  Filtering out resource: db/migration/V1__create_init_tables.sql (filename: V1__create_init_tables.sql)
&amp#27;[30m2023-04-04T21:53:39,261&amp#27;[m &amp#27;[32mINFO  &amp#27;[m[&amp#27;[1;34mmain&amp#27;[m] &amp#27;[1;33mo.f.c.i.l.s.Slf4jLog&amp#27;[m:  Successfully validated 1 migration (execution time 00:00.008s)
&amp#27;[30m2023-04-04T21:53:39,270&amp#27;[m &amp#27;[32mINFO  &amp#27;[m[&amp#27;[1;34mmain&amp#27;[m] &amp#27;[1;33mo.f.c.i.l.s.Slf4jLog&amp#27;[m:  Current version of schema "public": << Empty Schema >>
&amp#27;[30m2023-04-04T21:53:39,270&amp#27;[m &amp#27;[36mDEBUG &amp#27;[m[&amp#27;[1;34mmain&amp#27;[m] &amp#27;[1;33mo.f.c.i.l.s.Slf4jLog&amp#27;[m:  Parsing V1__create_init_tables.sql ...
&amp#27;[30m2023-04-04T21:53:39,276&amp#27;[m &amp#27;[36mDEBUG &amp#27;[m[&amp#27;[1;34mmain&amp#27;[m] &amp#27;[1;33mo.f.c.i.l.s.Slf4jLog&amp#27;[m:  Found statement at line 1: CREATE TABLE usuario (
    id                  BIGSERIAL PRIMARY KEY,
    uuid                uuid DEFAULT NULL,
    rut                 character varying(20) NOT NULL,
    nombre              character varying(255) DEFAULT NULL,
    email               character varying(255) NOT NULL,
    telefono            character varying(255) NOT NULL,
    eliminado           boolean NOT NULL DEFAULT false,
    fecha_creacion      timestamp without time zone NOT NULL,
    fecha_actualizacion timestamp without time zone,
    password_sha512     character varying(128) NOT NULL,
    firma               character varying(128) DEFAULT NULL,
    apellido   character varying(255) DEFAULT NULL,
    profesion   character varying(255) DEFAULT NULL,
    tipo       character varying(250) DEFAULT NULL
)
&amp#27;[30m2023-04-04T21:53:39,276&amp#27;[m &amp#27;[36mDEBUG &amp#27;[m[&amp#27;[1;34mmain&amp#27;[m] &amp#27;[1;33mo.f.c.i.l.s.Slf4jLog&amp#27;[m:  Found statement at line 18: CREATE UNIQUE INDEX usuario_uuid_key ON usuario(uuid uuid_ops)
&amp#27;[30m2023-04-04T21:53:39,277&amp#27;[m &amp#27;[36mDEBUG &amp#27;[m[&amp#27;[1;34mmain&amp#27;[m] &amp#27;[1;33mo.f.c.i.l.s.Slf4jLog&amp#27;[m:  Found statement at line 20: CREATE TABLE token (
    id                  BIGSERIAL PRIMARY KEY,
    fecha_creacion      timestamp without time zone,
    fecha_expiracion    timestamp without time zone,
    sso_fecha_expiracion    timestamp without time zone,
    sha_token           character varying(128) DEFAULT NULL,
    firma               character varying(128) DEFAULT NULL,
    usuario_id          bigint NOT NULL,
    sso_access_token    character varying(255) DEFAULT NULL
    sso_refresh_token    character varying(255) DEFAULT NULL
)
&amp#27;[30m2023-04-04T21:53:39,277&amp#27;[m &amp#27;[36mDEBUG &amp#27;[m[&amp#27;[1;34mmain&amp#27;[m] &amp#27;[1;33mo.f.c.i.l.s.Slf4jLog&amp#27;[m:  Found statement at line 33: CREATE TABLE rol(
    id                  BIGSERIAL PRIMARY KEY,
    uuid                uuid DEFAULT NULL,
    nombre              character varying(100) NOT NULL
)
&amp#27;[30m2023-04-04T21:53:39,277&amp#27;[m &amp#27;[36mDEBUG &amp#27;[m[&amp#27;[1;34mmain&amp#27;[m] &amp#27;[1;33mo.f.c.i.l.s.Slf4jLog&amp#27;[m:  Found statement at line 39: CREATE TABLE usuario_roles(
 usuario_id         bigserial not null,
 rol_id             bigserial not null,
 PRIMARY KEY (usuario_id,rol_id)
)
&amp#27;[30m2023-04-04T21:53:39,277&amp#27;[m &amp#27;[36mDEBUG &amp#27;[m[&amp#27;[1;34mmain&amp#27;[m] &amp#27;[1;33mo.f.c.i.l.s.Slf4jLog&amp#27;[m:  Found statement at line 44: create index ix_usuario_roles_usuario_id on usuario_roles (usuario_id)
&amp#27;[30m2023-04-04T21:53:39,277&amp#27;[m &amp#27;[36mDEBUG &amp#27;[m[&amp#27;[1;34mmain&amp#27;[m] &amp#27;[1;33mo.f.c.i.l.s.Slf4jLog&amp#27;[m:  Found statement at line 45: create index ix_usuario_roles_rol_id on usuario_roles (rol_id)
&amp#27;[30m2023-04-04T21:53:39,277&amp#27;[m &amp#27;[36mDEBUG &amp#27;[m[&amp#27;[1;34mmain&amp#27;[m] &amp#27;[1;33mo.f.c.i.l.s.Slf4jLog&amp#27;[m:  Found statement at line 46: alter table usuario_roles add constraint fk_usuario_roles_usuario_id foreign key (usuario_id) references usuario (id)
&amp#27;[30m2023-04-04T21:53:39,278&amp#27;[m &amp#27;[36mDEBUG &amp#27;[m[&amp#27;[1;34mmain&amp#27;[m] &amp#27;[1;33mo.f.c.i.l.s.Slf4jLog&amp#27;[m:  Found statement at line 47: alter table usuario_roles add constraint fk_usuario_roles_rol_id foreign key (rol_id) references rol (id)
&amp#27;[30m2023-04-04T21:53:39,279&amp#27;[m &amp#27;[36mDEBUG &amp#27;[m[&amp#27;[1;34mmain&amp#27;[m] &amp#27;[1;33mo.f.c.i.l.s.Slf4jLog&amp#27;[m:  Starting migration of schema "public" to version 1 - create init tables ...
&amp#27;[30m2023-04-04T21:53:39,285&amp#27;[m &amp#27;[32mINFO  &amp#27;[m[&amp#27;[1;34mmain&amp#27;[m] &amp#27;[1;33mo.f.c.i.l.s.Slf4jLog&amp#27;[m:  Migrating schema "public" to version 1 - create init tables
&amp#27;[30m2023-04-04T21:53:39,285&amp#27;[m &amp#27;[36mDEBUG &amp#27;[m[&amp#27;[1;34mmain&amp#27;[m] &amp#27;[1;33mo.f.c.i.l.s.Slf4jLog&amp#27;[m:  Executing SQL: CREATE TABLE usuario (
    id                  BIGSERIAL PRIMARY KEY,
    uuid                uuid DEFAULT NULL,
    rut                 character varying(20) NOT NULL,
    nombre              character varying(255) DEFAULT NULL,
    email               character varying(255) NOT NULL,
    telefono            character varying(255) NOT NULL,
    eliminado           boolean NOT NULL DEFAULT false,
    fecha_creacion      timestamp without time zone NOT NULL,
    fecha_actualizacion timestamp without time zone,
    password_sha512     character varying(128) NOT NULL,
    firma               character varying(128) DEFAULT NULL,
    apellido   character varying(255) DEFAULT NULL,
    profesion   character varying(255) DEFAULT NULL,
    tipo       character varying(250) DEFAULT NULL
)
&amp#27;[30m2023-04-04T21:53:39,290&amp#27;[m &amp#27;[36mDEBUG &amp#27;[m[&amp#27;[1;34mmain&amp#27;[m] &amp#27;[1;33mo.f.c.i.l.s.Slf4jLog&amp#27;[m:  Update Count: 0
&amp#27;[30m2023-04-04T21:53:39,291&amp#27;[m &amp#27;[36mDEBUG &amp#27;[m[&amp#27;[1;34mmain&amp#27;[m] &amp#27;[1;33mo.f.c.i.l.s.Slf4jLog&amp#27;[m:  Executing SQL: CREATE UNIQUE INDEX usuario_uuid_key ON usuario(uuid uuid_ops)
&amp#27;[30m2023-04-04T21:53:39,295&amp#27;[m &amp#27;[36mDEBUG &amp#27;[m[&amp#27;[1;34mmain&amp#27;[m] &amp#27;[1;33mo.f.c.i.l.s.Slf4jLog&amp#27;[m:  Update Count: 0
&amp#27;[30m2023-04-04T21:53:39,295&amp#27;[m &amp#27;[36mDEBUG &amp#27;[m[&amp#27;[1;34mmain&amp#27;[m] &amp#27;[1;33mo.f.c.i.l.s.Slf4jLog&amp#27;[m:  Executing SQL: CREATE TABLE token (
    id                  BIGSERIAL PRIMARY KEY,
    fecha_creacion      timestamp without time zone,
    fecha_expiracion    timestamp without time zone,
    sso_fecha_expiracion    timestamp without time zone,
    sha_token           character varying(128) DEFAULT NULL,
    firma               character varying(128) DEFAULT NULL,
    usuario_id          bigint NOT NULL,
    sso_access_token    character varying(255) DEFAULT NULL
    sso_refresh_token    character varying(255) DEFAULT NULL
)
&amp#27;[30m2023-04-04T21:53:39,304&amp#27;[m &amp#27;[36mDEBUG &amp#27;[m[&amp#27;[1;34mmain&amp#27;[m] &amp#27;[1;33mo.f.c.i.l.s.Slf4jLog&amp#27;[m:  Rolling back transaction...
&amp#27;[30m2023-04-04T21:53:39,306&amp#27;[m &amp#27;[36mDEBUG &amp#27;[m[&amp#27;[1;34mmain&amp#27;[m] &amp#27;[1;33mo.f.c.i.l.s.Slf4jLog&amp#27;[m:  Transaction rolled back
&amp#27;[30m2023-04-04T21:53:39,306&amp#27;[m &amp#27;[1;31mERROR &amp#27;[m[&amp#27;[1;34mmain&amp#27;[m] &amp#27;[1;33mo.f.c.i.l.s.Slf4jLog&amp#27;[m:  Migration of schema "public" to version 1 - create init tables failed! Changes successfully rolled back.
&amp#27;[30m2023-04-04T21:53:39,313&amp#27;[m &amp#27;[36mDEBUG &amp#27;[m[&amp#27;[1;34mmain&amp#27;[m] &amp#27;[1;33mo.f.c.i.l.s.Slf4jLog&amp#27;[m:  Memory usage: 59 of 130M
&amp#27;[30m2023-04-04T21:53:39,316&amp#27;[m &amp#27;[1;31mERROR &amp#27;[m[&amp#27;[1;34mmain&amp#27;[m] &amp#27;[1;33mo.s.b.w.e.t.TomcatStarter&amp#27;[m:  Error starting Tomcat context. Exception: org.springframework.beans.factory.UnsatisfiedDependencyException. Message: Error creating bean with name 'jwtRequestFilter': Unsatisfied dependency expressed through field 'tokenService'; nested exception is org.springframework.beans.factory.UnsatisfiedDependencyException: Error creating bean with name 'tokenService': Unsatisfied dependency expressed through field 'tokenRepository'; nested exception is org.springframework.beans.factory.BeanCreationException: Error creating bean with name 'tokenRepository' defined in JustWork.server.repository.TokenRepository defined in @EnableJpaRepositories declared on JpaRepositoriesRegistrar.EnableJpaRepositoriesConfiguration: Cannot create inner bean '(inner bean)#37665305' of type [org.springframework.orm.jpa.SharedEntityManagerCreator] while setting bean property 'entityManager'; nested exception is org.springframework.beans.factory.BeanCreationException: Error creating bean with name '(inner bean)#37665305': Cannot resolve reference to bean 'entityManagerFactory' while setting constructor argument; nested exception is org.springframework.beans.factory.BeanCreationException: Error creating bean with name 'flywayInitializer' defined in class path resource [org/springframework/boot/autoconfigure/flyway/FlywayAutoConfiguration$FlywayConfiguration.class]: Invocation of init method failed; nested exception is java.lang.reflect.InvocationTargetException
&amp#27;[30m2023-04-04T21:53:39,343&amp#27;[m &amp#27;[33mWARN  &amp#27;[m[&amp#27;[1;34mmain&amp#27;[m] &amp#27;[1;33mo.s.c.s.AbstractApplicationContext&amp#27;[m:  Exception encountered during context initialization - cancelling refresh attempt: org.springframework.context.ApplicationContextException: Unable to start web server; nested exception is org.springframework.boot.web.server.WebServerException: Unable to start embedded Tomcat
&amp#27;[30m2023-04-04T21:53:39,343&amp#27;[m &amp#27;[32mINFO  &amp#27;[m[&amp#27;[1;34mmain&amp#27;[m] &amp#27;[1;33mc.z.h.HikariDataSource&amp#27;[m:  HikariPool-1 - Shutdown initiated...
&amp#27;[30m2023-04-04T21:53:39,344&amp#27;[m &amp#27;[36mDEBUG &amp#27;[m[&amp#27;[1;34mmain&amp#27;[m] &amp#27;[1;33mc.z.h.p.HikariPool&amp#27;[m:  HikariPool-1 - Before shutdown stats (total=10, active=0, idle=10, waiting=0)
&amp#27;[30m2023-04-04T21:53:39,344&amp#27;[m &amp#27;[36mDEBUG &amp#27;[m[&amp#27;[1;34mHikariPool-1 connection closer&amp#27;[m] &amp#27;[1;33mc.z.h.p.PoolBase&amp#27;[m:  HikariPool-1 - Closing connection org.postgresql.jdbc.PgConnection@8ecc457: (connection evicted)
&amp#27;[30m2023-04-04T21:53:39,350&amp#27;[m &amp#27;[36mDEBUG &amp#27;[m[&amp#27;[1;34mHikariPool-1 connection closer&amp#27;[m] &amp#27;[1;33mc.z.h.p.PoolBase&amp#27;[m:  HikariPool-1 - Closing connection org.postgresql.jdbc.PgConnection@11ddba1f: (connection evicted)
&amp#27;[30m2023-04-04T21:53:39,351&amp#27;[m &amp#27;[36mDEBUG &amp#27;[m[&amp#27;[1;34mHikariPool-1 connection closer&amp#27;[m] &amp#27;[1;33mc.z.h.p.PoolBase&amp#27;[m:  HikariPool-1 - Closing connection org.postgresql.jdbc.PgConnection@1f1a4654: (connection evicted)
&amp#27;[30m2023-04-04T21:53:39,352&amp#27;[m &amp#27;[36mDEBUG &amp#27;[m[&amp#27;[1;34mHikariPool-1 connection closer&amp#27;[m] &amp#27;[1;33mc.z.h.p.PoolBase&amp#27;[m:  HikariPool-1 - Closing connection org.postgresql.jdbc.PgConnection@1b25d16f: (connection evicted)
&amp#27;[30m2023-04-04T21:53:39,353&amp#27;[m &amp#27;[36mDEBUG &amp#27;[m[&amp#27;[1;34mHikariPool-1 connection closer&amp#27;[m] &amp#27;[1;33mc.z.h.p.PoolBase&amp#27;[m:  HikariPool-1 - Closing connection org.postgresql.jdbc.PgConnection@5e274c6f: (connection evicted)
&amp#27;[30m2023-04-04T21:53:39,354&amp#27;[m &amp#27;[36mDEBUG &amp#27;[m[&amp#27;[1;34mHikariPool-1 connection closer&amp#27;[m] &amp#27;[1;33mc.z.h.p.PoolBase&amp#27;[m:  HikariPool-1 - Closing connection org.postgresql.jdbc.PgConnection@22d618f6: (connection evicted)
&amp#27;[30m2023-04-04T21:53:39,355&amp#27;[m &amp#27;[36mDEBUG &amp#27;[m[&amp#27;[1;34mHikariPool-1 connection closer&amp#27;[m] &amp#27;[1;33mc.z.h.p.PoolBase&amp#27;[m:  HikariPool-1 - Closing connection org.postgresql.jdbc.PgConnection@6fb3d21e: (connection evicted)
&amp#27;[30m2023-04-04T21:53:39,358&amp#27;[m &amp#27;[36mDEBUG &amp#27;[m[&amp#27;[1;34mHikariPool-1 connection closer&amp#27;[m] &amp#27;[1;33mc.z.h.p.PoolBase&amp#27;[m:  HikariPool-1 - Closing connection org.postgresql.jdbc.PgConnection@5aa8d82e: (connection evicted)
&amp#27;[30m2023-04-04T21:53:39,360&amp#27;[m &amp#27;[36mDEBUG &amp#27;[m[&amp#27;[1;34mHikariPool-1 connection closer&amp#27;[m] &amp#27;[1;33mc.z.h.p.PoolBase&amp#27;[m:  HikariPool-1 - Closing connection org.postgresql.jdbc.PgConnection@3e08b320: (connection evicted)
&amp#27;[30m2023-04-04T21:53:39,362&amp#27;[m &amp#27;[36mDEBUG &amp#27;[m[&amp#27;[1;34mHikariPool-1 connection closer&amp#27;[m] &amp#27;[1;33mc.z.h.p.PoolBase&amp#27;[m:  HikariPool-1 - Closing connection org.postgresql.jdbc.PgConnection@2c8b0dbf: (connection evicted)
&amp#27;[30m2023-04-04T21:53:39,364&amp#27;[m &amp#27;[36mDEBUG &amp#27;[m[&amp#27;[1;34mmain&amp#27;[m] &amp#27;[1;33mc.z.h.p.HikariPool&amp#27;[m:  HikariPool-1 - After shutdown stats (total=0, active=0, idle=0, waiting=0)
&amp#27;[30m2023-04-04T21:53:39,364&amp#27;[m &amp#27;[32mINFO  &amp#27;[m[&amp#27;[1;34mmain&amp#27;[m] &amp#27;[1;33mc.z.h.HikariDataSource&amp#27;[m:  HikariPool-1 - Shutdown completed.
&amp#27;[30m2023-04-04T21:53:39,378&amp#27;[m &amp#27;[36mDEBUG &amp#27;[m[&amp#27;[1;34mmain&amp#27;[m] &amp#27;[1;33mo.s.b.l.DeferredLog&amp#27;[m:  Creating new Restarter for thread Thread[main,5,main]
&amp#27;[30m2023-04-04T21:53:39,432&amp#27;[m &amp#27;[36mDEBUG &amp#27;[m[&amp#27;[1;34mmain&amp#27;[m] &amp#27;[1;33mo.s.b.a.l.ConditionEvaluationReportLoggingListener&amp#27;[m:  


============================
CONDITIONS EVALUATION REPORT
============================


Positive matches:
-----------------

   AopAutoConfiguration matched:
      - @ConditionalOnProperty (spring.aop.auto=true) matched (OnPropertyCondition)

   AopAutoConfiguration.AspectJAutoProxyingConfiguration matched:
      - @ConditionalOnClass found required class 'org.aspectj.weaver.Advice' (OnClassCondition)

   AopAutoConfiguration.AspectJAutoProxyingConfiguration.CglibAutoProxyConfiguration matched:
      - @ConditionalOnProperty (spring.aop.proxy-target-class=true) matched (OnPropertyCondition)

   DataSourceAutoConfiguration matched:
      - @ConditionalOnClass found required classes 'javax.sql.DataSource', 'org.springframework.jdbc.datasource.embedded.EmbeddedDatabaseType' (OnClassCondition)
      - @ConditionalOnMissingBean (types: io.r2dbc.spi.ConnectionFactory; SearchStrategy: all) did not find any beans (OnBeanCondition)

   DataSourceAutoConfiguration.PooledDataSourceConfiguration matched:
      - AnyNestedCondition 1 matched 1 did not; NestedCondition on DataSourceAutoConfiguration.PooledDataSourceCondition.PooledDataSourceAvailable PooledDataSource found supported DataSource; NestedCondition on DataSourceAutoConfiguration.PooledDataSourceCondition.ExplicitType @ConditionalOnProperty (spring.datasource.type) did not find property 'type' (DataSourceAutoConfiguration.PooledDataSourceCondition)
      - @ConditionalOnMissingBean (types: javax.sql.DataSource,javax.sql.XADataSource; SearchStrategy: all) did not find any beans (OnBeanCondition)

   DataSourceConfiguration.Hikari matched:
      - @ConditionalOnClass found required class 'com.zaxxer.hikari.HikariDataSource' (OnClassCondition)
      - @ConditionalOnProperty (spring.datasource.type=com.zaxxer.hikari.HikariDataSource) matched (OnPropertyCondition)
      - @ConditionalOnMissingBean (types: javax.sql.DataSource; SearchStrategy: all) did not find any beans (OnBeanCondition)

   DataSourceInitializationConfiguration matched:
      - @ConditionalOnClass found required class 'org.springframework.jdbc.datasource.init.DatabasePopulator' (OnClassCondition)
      - @ConditionalOnSingleCandidate (types: javax.sql.DataSource; SearchStrategy: all) found a single bean 'dataSource'; @ConditionalOnMissingBean (types: org.springframework.boot.autoconfigure.sql.init.SqlDataSourceScriptDatabaseInitializer,org.springframework.boot.autoconfigure.sql.init.SqlR2dbcScriptDatabaseInitializer; SearchStrategy: all) did not find any beans (OnBeanCondition)

   DataSourcePoolMetadataProvidersConfiguration.HikariPoolDataSourceMetadataProviderConfiguration matched:
      - @ConditionalOnClass found required class 'com.zaxxer.hikari.HikariDataSource' (OnClassCondition)

   DataSourceTransactionManagerAutoConfiguration matched:
      - @ConditionalOnClass found required classes 'org.springframework.jdbc.core.JdbcTemplate', 'org.springframework.transaction.TransactionManager' (OnClassCondition)

   DataSourceTransactionManagerAutoConfiguration.JdbcTransactionManagerConfiguration matched:
      - @ConditionalOnSingleCandidate (types: javax.sql.DataSource; SearchStrategy: all) found a single bean 'dataSource' (OnBeanCondition)

   DispatcherServletAutoConfiguration matched:
      - @ConditionalOnClass found required class 'org.springframework.web.servlet.DispatcherServlet' (OnClassCondition)
      - found 'session' scope (OnWebApplicationCondition)

   DispatcherServletAutoConfiguration.DispatcherServletConfiguration matched:
      - @ConditionalOnClass found required class 'javax.servlet.ServletRegistration' (OnClassCondition)
      - Default DispatcherServlet did not find dispatcher servlet beans (DispatcherServletAutoConfiguration.DefaultDispatcherServletCondition)

   DispatcherServletAutoConfiguration.DispatcherServletRegistrationConfiguration matched:
      - @ConditionalOnClass found required class 'javax.servlet.ServletRegistration' (OnClassCondition)
      - DispatcherServlet Registration did not find servlet registration bean (DispatcherServletAutoConfiguration.DispatcherServletRegistrationCondition)

   DispatcherServletAutoConfiguration.DispatcherServletRegistrationConfiguration#dispatcherServletRegistration matched:
      - @ConditionalOnBean (names: dispatcherServlet types: org.springframework.web.servlet.DispatcherServlet; SearchStrategy: all) found bean 'dispatcherServlet' (OnBeanCondition)

   EmbeddedWebServerFactoryCustomizerAutoConfiguration matched:
      - @ConditionalOnWebApplication (required) found 'session' scope (OnWebApplicationCondition)

   EmbeddedWebServerFactoryCustomizerAutoConfiguration.TomcatWebServerFactoryCustomizerConfiguration matched:
      - @ConditionalOnClass found required classes 'org.apache.catalina.startup.Tomcat', 'org.apache.coyote.UpgradeProtocol' (OnClassCondition)

   ErrorMvcAutoConfiguration matched:
      - @ConditionalOnClass found required classes 'javax.servlet.Servlet', 'org.springframework.web.servlet.DispatcherServlet' (OnClassCondition)
      - found 'session' scope (OnWebApplicationCondition)

   ErrorMvcAutoConfiguration#basicErrorController matched:
      - @ConditionalOnMissingBean (types: org.springframework.boot.web.servlet.error.ErrorController; SearchStrategy: current) did not find any beans (OnBeanCondition)

   ErrorMvcAutoConfiguration#errorAttributes matched:
      - @ConditionalOnMissingBean (types: org.springframework.boot.web.servlet.error.ErrorAttributes; SearchStrategy: current) did not find any beans (OnBeanCondition)

   ErrorMvcAutoConfiguration.DefaultErrorViewResolverConfiguration#conventionErrorViewResolver matched:
      - @ConditionalOnBean (types: org.springframework.web.servlet.DispatcherServlet; SearchStrategy: all) found bean 'dispatcherServlet'; @ConditionalOnMissingBean (types: org.springframework.boot.autoconfigure.web.servlet.error.ErrorViewResolver; SearchStrategy: all) did not find any beans (OnBeanCondition)

   ErrorMvcAutoConfiguration.WhitelabelErrorViewConfiguration matched:
      - @ConditionalOnProperty (server.error.whitelabel.enabled) matched (OnPropertyCondition)
      - ErrorTemplate Missing did not find error template view (ErrorMvcAutoConfiguration.ErrorTemplateMissingCondition)

   ErrorMvcAutoConfiguration.WhitelabelErrorViewConfiguration#beanNameViewResolver matched:
      - @ConditionalOnMissingBean (types: org.springframework.web.servlet.view.BeanNameViewResolver; SearchStrategy: all) did not find any beans (OnBeanCondition)

   ErrorMvcAutoConfiguration.WhitelabelErrorViewConfiguration#defaultErrorView matched:
      - @ConditionalOnMissingBean (names: error; SearchStrategy: all) did not find any beans (OnBeanCondition)

   FlywayAutoConfiguration matched:
      - @ConditionalOnClass found required class 'org.flywaydb.core.Flyway' (OnClassCondition)
      - @ConditionalOnProperty (spring.flyway.enabled) matched (OnPropertyCondition)
      - AnyNestedCondition 1 matched 1 did not; NestedCondition on FlywayAutoConfiguration.FlywayDataSourceCondition.FlywayUrlCondition @ConditionalOnProperty (spring.flyway.url) did not find property 'url'; NestedCondition on FlywayAutoConfiguration.FlywayDataSourceCondition.DataSourceBeanCondition @ConditionalOnBean (types: javax.sql.DataSource; SearchStrategy: all) found bean 'dataSource' (FlywayAutoConfiguration.FlywayDataSourceCondition)

   FlywayAutoConfiguration.FlywayConfiguration matched:
      - @ConditionalOnClass found required class 'org.springframework.jdbc.support.JdbcUtils' (OnClassCondition)
      - @ConditionalOnMissingBean (types: org.flywaydb.core.Flyway; SearchStrategy: all) did not find any beans (OnBeanCondition)

   FlywayAutoConfiguration.FlywayConfiguration#flywayInitializer matched:
      - @ConditionalOnMissingBean (types: org.springframework.boot.autoconfigure.flyway.FlywayMigrationInitializer; SearchStrategy: all) did not find any beans (OnBeanCondition)

   GenericCacheConfiguration matched:
      - Cache org.springframework.boot.autoconfigure.cache.GenericCacheConfiguration automatic cache type (CacheCondition)

   GroovyTemplateAutoConfiguration matched:
      - @ConditionalOnClass found required class 'groovy.text.markup.MarkupTemplateEngine' (OnClassCondition)

   GroovyTemplateAutoConfiguration.GroovyMarkupConfiguration matched:
      - @ConditionalOnClass found required class 'org.springframework.web.servlet.view.groovy.GroovyMarkupConfigurer' (OnClassCondition)

   GroovyTemplateAutoConfiguration.GroovyMarkupConfiguration#groovyMarkupConfigurer matched:
      - @ConditionalOnMissingBean (types: org.springframework.web.servlet.view.groovy.GroovyMarkupConfig; SearchStrategy: all) did not find any beans (OnBeanCondition)

   GroovyTemplateAutoConfiguration.GroovyWebConfiguration matched:
      - @ConditionalOnClass found required classes 'javax.servlet.Servlet', 'org.springframework.context.i18n.LocaleContextHolder', 'org.springframework.web.servlet.view.UrlBasedViewResolver' (OnClassCondition)
      - found 'session' scope (OnWebApplicationCondition)
      - @ConditionalOnProperty (spring.groovy.template.enabled) matched (OnPropertyCondition)

   GroovyTemplateAutoConfiguration.GroovyWebConfiguration#groovyMarkupViewResolver matched:
      - @ConditionalOnMissingBean (names: groovyMarkupViewResolver; SearchStrategy: all) did not find any beans (OnBeanCondition)

   GsonAutoConfiguration matched:
      - @ConditionalOnClass found required class 'com.google.gson.Gson' (OnClassCondition)

   GsonAutoConfiguration#gson matched:
      - @ConditionalOnMissingBean (types: com.google.gson.Gson; SearchStrategy: all) did not find any beans (OnBeanCondition)

   GsonAutoConfiguration#gsonBuilder matched:
      - @ConditionalOnMissingBean (types: com.google.gson.GsonBuilder; SearchStrategy: all) did not find any beans (OnBeanCondition)

   GsonHttpMessageConvertersConfiguration matched:
      - @ConditionalOnClass found required class 'com.google.gson.Gson' (OnClassCondition)

   H2ConsoleAutoConfiguration matched:
      - @ConditionalOnClass found required class 'org.h2.server.web.WebServlet' (OnClassCondition)
      - found 'session' scope (OnWebApplicationCondition)
      - @ConditionalOnProperty (spring.h2.console.enabled=true) matched (OnPropertyCondition)

   HibernateJpaAutoConfiguration matched:
      - @ConditionalOnClass found required classes 'org.springframework.orm.jpa.LocalContainerEntityManagerFactoryBean', 'javax.persistence.EntityManager', 'org.hibernate.engine.spi.SessionImplementor' (OnClassCondition)

   HibernateJpaConfiguration matched:
      - @ConditionalOnSingleCandidate (types: javax.sql.DataSource; SearchStrategy: all) found a single bean 'dataSource' (OnBeanCondition)

   HttpEncodingAutoConfiguration matched:
      - @ConditionalOnClass found required class 'org.springframework.web.filter.CharacterEncodingFilter' (OnClassCondition)
      - found 'session' scope (OnWebApplicationCondition)
      - @ConditionalOnProperty (server.servlet.encoding.enabled) matched (OnPropertyCondition)

   HttpEncodingAutoConfiguration#characterEncodingFilter matched:
      - @ConditionalOnMissingBean (types: org.springframework.web.filter.CharacterEncodingFilter; SearchStrategy: all) did not find any beans (OnBeanCondition)

   HttpMessageConvertersAutoConfiguration matched:
      - @ConditionalOnClass found required class 'org.springframework.http.converter.HttpMessageConverter' (OnClassCondition)
      - NoneNestedConditions 0 matched 1 did not; NestedCondition on HttpMessageConvertersAutoConfiguration.NotReactiveWebApplicationCondition.ReactiveWebApplication did not find reactive web application classes (HttpMessageConvertersAutoConfiguration.NotReactiveWebApplicationCondition)

   HttpMessageConvertersAutoConfiguration#messageConverters matched:
      - @ConditionalOnMissingBean (types: org.springframework.boot.autoconfigure.http.HttpMessageConverters; SearchStrategy: all) did not find any beans (OnBeanCondition)

   HttpMessageConvertersAutoConfiguration.StringHttpMessageConverterConfiguration matched:
      - @ConditionalOnClass found required class 'org.springframework.http.converter.StringHttpMessageConverter' (OnClassCondition)

   HttpMessageConvertersAutoConfiguration.StringHttpMessageConverterConfiguration#stringHttpMessageConverter matched:
      - @ConditionalOnMissingBean (types: org.springframework.http.converter.StringHttpMessageConverter; SearchStrategy: all) did not find any beans (OnBeanCondition)

   HypermediaAutoConfiguration matched:
      - @ConditionalOnClass found required classes 'org.springframework.hateoas.EntityModel', 'org.springframework.web.bind.annotation.RequestMapping', 'org.springframework.web.servlet.mvc.method.annotation.RequestMappingHandlerAdapter', 'org.springframework.plugin.core.Plugin' (OnClassCondition)
      - @ConditionalOnWebApplication (required) found 'session' scope (OnWebApplicationCondition)

   HypermediaAutoConfiguration#applicationJsonHalConfiguration matched:
      - @ConditionalOnClass found required class 'com.fasterxml.jackson.databind.ObjectMapper' (OnClassCondition)
      - @ConditionalOnProperty (spring.hateoas.use-hal-as-default-json-media-type) matched (OnPropertyCondition)
      - @ConditionalOnMissingBean (types: org.springframework.hateoas.mediatype.hal.HalConfiguration; SearchStrategy: all) did not find any beans (OnBeanCondition)

   JacksonAutoConfiguration matched:
      - @ConditionalOnClass found required class 'com.fasterxml.jackson.databind.ObjectMapper' (OnClassCondition)

   JacksonAutoConfiguration.Jackson2ObjectMapperBuilderCustomizerConfiguration matched:
      - @ConditionalOnClass found required class 'org.springframework.http.converter.json.Jackson2ObjectMapperBuilder' (OnClassCondition)

   JacksonAutoConfiguration.JacksonObjectMapperBuilderConfiguration matched:
      - @ConditionalOnClass found required class 'org.springframework.http.converter.json.Jackson2ObjectMapperBuilder' (OnClassCondition)

   JacksonAutoConfiguration.JacksonObjectMapperBuilderConfiguration#jacksonObjectMapperBuilder matched:
      - @ConditionalOnMissingBean (types: org.springframework.http.converter.json.Jackson2ObjectMapperBuilder; SearchStrategy: all) did not find any beans (OnBeanCondition)

   JacksonAutoConfiguration.JacksonObjectMapperConfiguration matched:
      - @ConditionalOnClass found required class 'org.springframework.http.converter.json.Jackson2ObjectMapperBuilder' (OnClassCondition)

   JacksonAutoConfiguration.JacksonObjectMapperConfiguration#jacksonObjectMapper matched:
      - @ConditionalOnMissingBean (types: com.fasterxml.jackson.databind.ObjectMapper; SearchStrategy: all) did not find any beans (OnBeanCondition)

   JacksonAutoConfiguration.ParameterNamesModuleConfiguration matched:
      - @ConditionalOnClass found required class 'com.fasterxml.jackson.module.paramnames.ParameterNamesModule' (OnClassCondition)

   JacksonAutoConfiguration.ParameterNamesModuleConfiguration#parameterNamesModule matched:
      - @ConditionalOnMissingBean (types: com.fasterxml.jackson.module.paramnames.ParameterNamesModule; SearchStrategy: all) did not find any beans (OnBeanCondition)

   JacksonHttpMessageConvertersConfiguration.MappingJackson2HttpMessageConverterConfiguration matched:
      - @ConditionalOnClass found required class 'com.fasterxml.jackson.databind.ObjectMapper' (OnClassCondition)
      - @ConditionalOnProperty (spring.mvc.converters.preferred-json-mapper=jackson) matched (OnPropertyCondition)
      - @ConditionalOnBean (types: com.fasterxml.jackson.databind.ObjectMapper; SearchStrategy: all) found bean 'jacksonObjectMapper' (OnBeanCondition)

   JacksonHttpMessageConvertersConfiguration.MappingJackson2HttpMessageConverterConfiguration#mappingJackson2HttpMessageConverter matched:
      - @ConditionalOnMissingBean (types: org.springframework.http.converter.json.MappingJackson2HttpMessageConverter ignored: org.springframework.hateoas.server.mvc.TypeConstrainedMappingJackson2HttpMessageConverter,org.springframework.data.rest.webmvc.alps.AlpsJsonHttpMessageConverter; SearchStrategy: all) did not find any beans (OnBeanCondition)

   JdbcTemplateAutoConfiguration matched:
      - @ConditionalOnClass found required classes 'javax.sql.DataSource', 'org.springframework.jdbc.core.JdbcTemplate' (OnClassCondition)
      - @ConditionalOnSingleCandidate (types: javax.sql.DataSource; SearchStrategy: all) found a single bean 'dataSource' (OnBeanCondition)

   JdbcTemplateConfiguration matched:
      - @ConditionalOnMissingBean (types: org.springframework.jdbc.core.JdbcOperations; SearchStrategy: all) did not find any beans (OnBeanCondition)

   JpaBaseConfiguration#entityManagerFactory matched:
      - @ConditionalOnMissingBean (types: org.springframework.orm.jpa.LocalContainerEntityManagerFactoryBean,javax.persistence.EntityManagerFactory; SearchStrategy: all) did not find any beans (OnBeanCondition)

   JpaBaseConfiguration#entityManagerFactoryBuilder matched:
      - @ConditionalOnMissingBean (types: org.springframework.boot.orm.jpa.EntityManagerFactoryBuilder; SearchStrategy: all) did not find any beans (OnBeanCondition)

   JpaBaseConfiguration#jpaVendorAdapter matched:
      - @ConditionalOnMissingBean (types: org.springframework.orm.jpa.JpaVendorAdapter; SearchStrategy: all) did not find any beans (OnBeanCondition)

   JpaBaseConfiguration#transactionManager matched:
      - @ConditionalOnMissingBean (types: org.springframework.transaction.TransactionManager; SearchStrategy: all) did not find any beans (OnBeanCondition)

   JpaBaseConfiguration.JpaWebConfiguration matched:
      - @ConditionalOnClass found required class 'org.springframework.web.servlet.config.annotation.WebMvcConfigurer' (OnClassCondition)
      - found 'session' scope (OnWebApplicationCondition)
      - @ConditionalOnProperty (spring.jpa.open-in-view=true) matched (OnPropertyCondition)
      - @ConditionalOnMissingBean (types: org.springframework.orm.jpa.support.OpenEntityManagerInViewInterceptor,org.springframework.orm.jpa.support.OpenEntityManagerInViewFilter; SearchStrategy: all) did not find any beans (OnBeanCondition)

   JpaRepositoriesAutoConfiguration matched:
      - @ConditionalOnClass found required class 'org.springframework.data.jpa.repository.JpaRepository' (OnClassCondition)
      - @ConditionalOnProperty (spring.data.jpa.repositories.enabled=true) matched (OnPropertyCondition)
      - @ConditionalOnBean (types: javax.sql.DataSource; SearchStrategy: all) found bean 'dataSource'; @ConditionalOnMissingBean (types: org.springframework.data.jpa.repository.support.JpaRepositoryFactoryBean,org.springframework.data.jpa.repository.config.JpaRepositoryConfigExtension; SearchStrategy: all) did not find any beans (OnBeanCondition)

   JtaAutoConfiguration matched:
      - @ConditionalOnClass found required class 'javax.transaction.Transaction' (OnClassCondition)
      - @ConditionalOnProperty (spring.jta.enabled) matched (OnPropertyCondition)

   LifecycleAutoConfiguration#defaultLifecycleProcessor matched:
      - @ConditionalOnMissingBean (names: lifecycleProcessor; SearchStrategy: current) did not find any beans (OnBeanCondition)

   MultipartAutoConfiguration matched:
      - @ConditionalOnClass found required classes 'javax.servlet.Servlet', 'org.springframework.web.multipart.support.StandardServletMultipartResolver', 'javax.servlet.MultipartConfigElement' (OnClassCondition)
      - found 'session' scope (OnWebApplicationCondition)
      - @ConditionalOnProperty (spring.servlet.multipart.enabled) matched (OnPropertyCondition)

   MultipartAutoConfiguration#multipartConfigElement matched:
      - @ConditionalOnMissingBean (types: javax.servlet.MultipartConfigElement,org.springframework.web.multipart.commons.CommonsMultipartResolver; SearchStrategy: all) did not find any beans (OnBeanCondition)

   MultipartAutoConfiguration#multipartResolver matched:
      - @ConditionalOnMissingBean (types: org.springframework.web.multipart.MultipartResolver; SearchStrategy: all) did not find any beans (OnBeanCondition)

   NamedParameterJdbcTemplateConfiguration matched:
      - @ConditionalOnSingleCandidate (types: org.springframework.jdbc.core.JdbcTemplate; SearchStrategy: all) found a single bean 'jdbcTemplate'; @ConditionalOnMissingBean (types: org.springframework.jdbc.core.namedparam.NamedParameterJdbcOperations; SearchStrategy: all) did not find any beans (OnBeanCondition)

   NettyAutoConfiguration matched:
      - @ConditionalOnClass found required class 'io.netty.util.NettyRuntime' (OnClassCondition)

   NoOpCacheConfiguration matched:
      - Cache org.springframework.boot.autoconfigure.cache.NoOpCacheConfiguration automatic cache type (CacheCondition)

   PersistenceExceptionTranslationAutoConfiguration matched:
      - @ConditionalOnClass found required class 'org.springframework.dao.annotation.PersistenceExceptionTranslationPostProcessor' (OnClassCondition)

   PersistenceExceptionTranslationAutoConfiguration#persistenceExceptionTranslationPostProcessor matched:
      - @ConditionalOnProperty (spring.dao.exceptiontranslation.enabled) matched (OnPropertyCondition)
      - @ConditionalOnMissingBean (types: org.springframework.dao.annotation.PersistenceExceptionTranslationPostProcessor; SearchStrategy: all) did not find any beans (OnBeanCondition)

   PropertyPlaceholderAutoConfiguration#propertySourcesPlaceholderConfigurer matched:
      - @ConditionalOnMissingBean (types: org.springframework.context.support.PropertySourcesPlaceholderConfigurer; SearchStrategy: current) did not find any beans (OnBeanCondition)

   RepositoryRestMvcAutoConfiguration matched:
      - @ConditionalOnClass found required class 'org.springframework.data.rest.webmvc.config.RepositoryRestMvcConfiguration' (OnClassCondition)
      - found 'session' scope (OnWebApplicationCondition)
      - @ConditionalOnMissingBean (types: org.springframework.data.rest.webmvc.config.RepositoryRestMvcConfiguration; SearchStrategy: all) did not find any beans (OnBeanCondition)

   RestTemplateAutoConfiguration matched:
      - @ConditionalOnClass found required class 'org.springframework.web.client.RestTemplate' (OnClassCondition)
      - NoneNestedConditions 0 matched 1 did not; NestedCondition on RestTemplateAutoConfiguration.NotReactiveWebApplicationCondition.ReactiveWebApplication did not find reactive web application classes (RestTemplateAutoConfiguration.NotReactiveWebApplicationCondition)

   RestTemplateAutoConfiguration#restTemplateBuilder matched:
      - @ConditionalOnMissingBean (types: org.springframework.boot.web.client.RestTemplateBuilder; SearchStrategy: all) did not find any beans (OnBeanCondition)

   RestTemplateAutoConfiguration#restTemplateBuilderConfigurer matched:
      - @ConditionalOnMissingBean (types: org.springframework.boot.autoconfigure.web.client.RestTemplateBuilderConfigurer; SearchStrategy: all) did not find any beans (OnBeanCondition)

   SecurityAutoConfiguration matched:
      - @ConditionalOnClass found required class 'org.springframework.security.authentication.DefaultAuthenticationEventPublisher' (OnClassCondition)

   SecurityAutoConfiguration#authenticationEventPublisher matched:
      - @ConditionalOnMissingBean (types: org.springframework.security.authentication.AuthenticationEventPublisher; SearchStrategy: all) did not find any beans (OnBeanCondition)

   SecurityFilterAutoConfiguration matched:
      - @ConditionalOnClass found required classes 'org.springframework.security.web.context.AbstractSecurityWebApplicationInitializer', 'org.springframework.security.config.http.SessionCreationPolicy' (OnClassCondition)
      - found 'session' scope (OnWebApplicationCondition)

   SecurityFilterAutoConfiguration#securityFilterChainRegistration matched:
      - @ConditionalOnBean (names: springSecurityFilterChain; SearchStrategy: all) found bean 'springSecurityFilterChain' (OnBeanCondition)

   ServletWebServerFactoryAutoConfiguration matched:
      - @ConditionalOnClass found required class 'javax.servlet.ServletRequest' (OnClassCondition)
      - found 'session' scope (OnWebApplicationCondition)

   ServletWebServerFactoryAutoConfiguration#tomcatServletWebServerFactoryCustomizer matched:
      - @ConditionalOnClass found required class 'org.apache.catalina.startup.Tomcat' (OnClassCondition)

   ServletWebServerFactoryConfiguration.EmbeddedTomcat matched:
      - @ConditionalOnClass found required classes 'javax.servlet.Servlet', 'org.apache.catalina.startup.Tomcat', 'org.apache.coyote.UpgradeProtocol' (OnClassCondition)
      - @ConditionalOnMissingBean (types: org.springframework.boot.web.servlet.server.ServletWebServerFactory; SearchStrategy: current) did not find any beans (OnBeanCondition)

   SimpleCacheConfiguration matched:
      - Cache org.springframework.boot.autoconfigure.cache.SimpleCacheConfiguration automatic cache type (CacheCondition)

   SpringBootWebSecurityConfiguration matched:
      - found 'session' scope (OnWebApplicationCondition)

   SpringBootWebSecurityConfiguration.ErrorPageSecurityFilterConfiguration matched:
      - @ConditionalOnClass found required class 'org.springframework.security.web.access.WebInvocationPrivilegeEvaluator' (OnClassCondition)
      - @ConditionalOnBean (types: org.springframework.security.web.access.WebInvocationPrivilegeEvaluator; SearchStrategy: all) found bean 'privilegeEvaluator' (OnBeanCondition)

   SqlInitializationAutoConfiguration matched:
      - @ConditionalOnProperty (spring.sql.init.enabled) matched (OnPropertyCondition)
      - NoneNestedConditions 0 matched 1 did not; NestedCondition on SqlInitializationAutoConfiguration.SqlInitializationModeCondition.ModeIsNever @ConditionalOnProperty (spring.sql.init.mode=never) did not find property 'mode' (SqlInitializationAutoConfiguration.SqlInitializationModeCondition)

   TaskExecutionAutoConfiguration matched:
      - @ConditionalOnClass found required class 'org.springframework.scheduling.concurrent.ThreadPoolTaskExecutor' (OnClassCondition)

   TaskExecutionAutoConfiguration#applicationTaskExecutor matched:
      - @ConditionalOnMissingBean (types: java.util.concurrent.Executor; SearchStrategy: all) did not find any beans (OnBeanCondition)

   TaskExecutionAutoConfiguration#taskExecutorBuilder matched:
      - @ConditionalOnMissingBean (types: org.springframework.boot.task.TaskExecutorBuilder; SearchStrategy: all) did not find any beans (OnBeanCondition)

   TaskSchedulingAutoConfiguration matched:
      - @ConditionalOnClass found required class 'org.springframework.scheduling.concurrent.ThreadPoolTaskScheduler' (OnClassCondition)

   TaskSchedulingAutoConfiguration#taskSchedulerBuilder matched:
      - @ConditionalOnMissingBean (types: org.springframework.boot.task.TaskSchedulerBuilder; SearchStrategy: all) did not find any beans (OnBeanCondition)

   TemplateEngineConfigurations.DefaultTemplateEngineConfiguration#templateEngine matched:
      - @ConditionalOnMissingBean (types: org.thymeleaf.spring5.ISpringTemplateEngine; SearchStrategy: all) did not find any beans (OnBeanCondition)

   ThymeleafAutoConfiguration matched:
      - @ConditionalOnClass found required classes 'org.thymeleaf.templatemode.TemplateMode', 'org.thymeleaf.spring5.SpringTemplateEngine' (OnClassCondition)

   ThymeleafAutoConfiguration.DefaultTemplateResolverConfiguration matched:
      - @ConditionalOnMissingBean (names: defaultTemplateResolver; SearchStrategy: all) did not find any beans (OnBeanCondition)

   ThymeleafAutoConfiguration.ThymeleafJava8TimeDialect matched:
      - @ConditionalOnClass found required class 'org.thymeleaf.extras.java8time.dialect.Java8TimeDialect' (OnClassCondition)

   ThymeleafAutoConfiguration.ThymeleafJava8TimeDialect#java8TimeDialect matched:
      - @ConditionalOnMissingBean (types: org.thymeleaf.extras.java8time.dialect.Java8TimeDialect; SearchStrategy: all) did not find any beans (OnBeanCondition)

   ThymeleafAutoConfiguration.ThymeleafWebMvcConfiguration matched:
      - found 'session' scope (OnWebApplicationCondition)
      - @ConditionalOnProperty (spring.thymeleaf.enabled) matched (OnPropertyCondition)

   ThymeleafAutoConfiguration.ThymeleafWebMvcConfiguration.ThymeleafViewResolverConfiguration#thymeleafViewResolver matched:
      - @ConditionalOnMissingBean (names: thymeleafViewResolver; SearchStrategy: all) did not find any beans (OnBeanCondition)

   TransactionAutoConfiguration matched:
      - @ConditionalOnClass found required class 'org.springframework.transaction.PlatformTransactionManager' (OnClassCondition)

   TransactionAutoConfiguration#platformTransactionManagerCustomizers matched:
      - @ConditionalOnMissingBean (types: org.springframework.boot.autoconfigure.transaction.TransactionManagerCustomizers; SearchStrategy: all) did not find any beans (OnBeanCondition)

   TransactionAutoConfiguration.EnableTransactionManagementConfiguration matched:
      - @ConditionalOnBean (types: org.springframework.transaction.TransactionManager; SearchStrategy: all) found bean 'transactionManager'; @ConditionalOnMissingBean (types: org.springframework.transaction.annotation.AbstractTransactionManagementConfiguration; SearchStrategy: all) did not find any beans (OnBeanCondition)

   TransactionAutoConfiguration.EnableTransactionManagementConfiguration.CglibAutoProxyConfiguration matched:
      - @ConditionalOnProperty (spring.aop.proxy-target-class=true) matched (OnPropertyCondition)

   TransactionAutoConfiguration.TransactionTemplateConfiguration matched:
      - @ConditionalOnSingleCandidate (types: org.springframework.transaction.PlatformTransactionManager; SearchStrategy: all) found a single bean 'transactionManager' (OnBeanCondition)

   TransactionAutoConfiguration.TransactionTemplateConfiguration#transactionTemplate matched:
      - @ConditionalOnMissingBean (types: org.springframework.transaction.support.TransactionOperations; SearchStrategy: all) did not find any beans (OnBeanCondition)

   WebMvcAutoConfiguration matched:
      - @ConditionalOnClass found required classes 'javax.servlet.Servlet', 'org.springframework.web.servlet.DispatcherServlet', 'org.springframework.web.servlet.config.annotation.WebMvcConfigurer' (OnClassCondition)
      - found 'session' scope (OnWebApplicationCondition)
      - @ConditionalOnMissingBean (types: org.springframework.web.servlet.config.annotation.WebMvcConfigurationSupport; SearchStrategy: all) did not find any beans (OnBeanCondition)

   WebMvcAutoConfiguration#formContentFilter matched:
      - @ConditionalOnProperty (spring.mvc.formcontent.filter.enabled) matched (OnPropertyCondition)
      - @ConditionalOnMissingBean (types: org.springframework.web.filter.FormContentFilter; SearchStrategy: all) did not find any beans (OnBeanCondition)

   WebMvcAutoConfiguration.EnableWebMvcConfiguration#flashMapManager matched:
      - @ConditionalOnMissingBean (names: flashMapManager; SearchStrategy: all) did not find any beans (OnBeanCondition)

   WebMvcAutoConfiguration.EnableWebMvcConfiguration#localeResolver matched:
      - @ConditionalOnMissingBean (names: localeResolver; SearchStrategy: all) did not find any beans (OnBeanCondition)

   WebMvcAutoConfiguration.EnableWebMvcConfiguration#themeResolver matched:
      - @ConditionalOnMissingBean (names: themeResolver; SearchStrategy: all) did not find any beans (OnBeanCondition)

   WebMvcAutoConfiguration.WebMvcAutoConfigurationAdapter#defaultViewResolver matched:
      - @ConditionalOnMissingBean (types: org.springframework.web.servlet.view.InternalResourceViewResolver; SearchStrategy: all) did not find any beans (OnBeanCondition)

   WebMvcAutoConfiguration.WebMvcAutoConfigurationAdapter#requestContextFilter matched:
      - @ConditionalOnMissingBean (types: org.springframework.web.context.request.RequestContextListener,org.springframework.web.filter.RequestContextFilter; SearchStrategy: all) did not find any beans (OnBeanCondition)

   WebMvcAutoConfiguration.WebMvcAutoConfigurationAdapter#viewResolver matched:
      - @ConditionalOnBean (types: org.springframework.web.servlet.ViewResolver; SearchStrategy: all) found beans 'defaultViewResolver', 'beanNameViewResolver', 'mvcViewResolver'; @ConditionalOnMissingBean (names: viewResolver types: org.springframework.web.servlet.view.ContentNegotiatingViewResolver; SearchStrategy: all) did not find any beans (OnBeanCondition)

   WebSocketServletAutoConfiguration matched:
      - @ConditionalOnClass found required classes 'javax.servlet.Servlet', 'javax.websocket.server.ServerContainer' (OnClassCondition)
      - found 'session' scope (OnWebApplicationCondition)

   WebSocketServletAutoConfiguration.TomcatWebSocketConfiguration matched:
      - @ConditionalOnClass found required classes 'org.apache.catalina.startup.Tomcat', 'org.apache.tomcat.websocket.server.WsSci' (OnClassCondition)

   WebSocketServletAutoConfiguration.TomcatWebSocketConfiguration#websocketServletWebServerCustomizer matched:
      - @ConditionalOnMissingBean (names: websocketServletWebServerCustomizer; SearchStrategy: all) did not find any beans (OnBeanCondition)


Negative matches:
-----------------

   ActiveMQAutoConfiguration:
      Did not match:
         - @ConditionalOnClass did not find required class 'javax.jms.ConnectionFactory' (OnClassCondition)

   AopAutoConfiguration.AspectJAutoProxyingConfiguration.JdkDynamicAutoProxyConfiguration:
      Did not match:
         - @ConditionalOnProperty (spring.aop.proxy-target-class=false) did not find property 'proxy-target-class' (OnPropertyCondition)

   AopAutoConfiguration.ClassProxyingConfiguration:
      Did not match:
         - @ConditionalOnMissingClass found unwanted class 'org.aspectj.weaver.Advice' (OnClassCondition)

   ArtemisAutoConfiguration:
      Did not match:
         - @ConditionalOnClass did not find required class 'javax.jms.ConnectionFactory' (OnClassCondition)

   AtomikosJtaConfiguration:
      Did not match:
         - @ConditionalOnClass did not find required class 'com.atomikos.icatch.jta.UserTransactionManager' (OnClassCondition)

   BatchAutoConfiguration:
      Did not match:
         - @ConditionalOnClass did not find required class 'org.springframework.batch.core.launch.JobLauncher' (OnClassCondition)

   Cache2kCacheConfiguration:
      Did not match:
         - @ConditionalOnClass did not find required class 'org.cache2k.Cache2kBuilder' (OnClassCondition)

   CacheAutoConfiguration:
      Did not match:
         - @ConditionalOnBean (types: org.springframework.cache.interceptor.CacheAspectSupport; SearchStrategy: all) did not find any beans of type org.springframework.cache.interceptor.CacheAspectSupport (OnBeanCondition)
      Matched:
         - @ConditionalOnClass found required class 'org.springframework.cache.CacheManager' (OnClassCondition)

   CacheAutoConfiguration.CacheManagerEntityManagerFactoryDependsOnPostProcessor:
      Did not match:
         - Ancestor org.springframework.boot.autoconfigure.cache.CacheAutoConfiguration did not match (ConditionEvaluationReport.AncestorsMatchedCondition)
      Matched:
         - @ConditionalOnClass found required class 'org.springframework.orm.jpa.LocalContainerEntityManagerFactoryBean' (OnClassCondition)

   CaffeineCacheConfiguration:
      Did not match:
         - @ConditionalOnClass did not find required class 'com.github.benmanes.caffeine.cache.Caffeine' (OnClassCondition)

   CassandraAutoConfiguration:
      Did not match:
         - @ConditionalOnClass did not find required class 'com.datastax.oss.driver.api.core.CqlSession' (OnClassCondition)

   CassandraDataAutoConfiguration:
      Did not match:
         - @ConditionalOnClass did not find required class 'com.datastax.oss.driver.api.core.CqlSession' (OnClassCondition)

   CassandraReactiveDataAutoConfiguration:
      Did not match:
         - @ConditionalOnClass did not find required class 'com.datastax.oss.driver.api.core.CqlSession' (OnClassCondition)

   CassandraReactiveRepositoriesAutoConfiguration:
      Did not match:
         - @ConditionalOnClass did not find required class 'org.springframework.data.cassandra.ReactiveSession' (OnClassCondition)

   CassandraRepositoriesAutoConfiguration:
      Did not match:
         - @ConditionalOnClass did not find required class 'com.datastax.oss.driver.api.core.CqlSession' (OnClassCondition)

   ClientHttpConnectorAutoConfiguration:
      Did not match:
         - @ConditionalOnClass did not find required class 'org.springframework.web.reactive.function.client.WebClient' (OnClassCondition)

   CodecsAutoConfiguration:
      Did not match:
         - @ConditionalOnClass did not find required class 'org.springframework.web.reactive.function.client.WebClient' (OnClassCondition)

   CouchbaseAutoConfiguration:
      Did not match:
         - @ConditionalOnClass did not find required class 'com.couchbase.client.java.Cluster' (OnClassCondition)

   CouchbaseCacheConfiguration:
      Did not match:
         - @ConditionalOnClass did not find required class 'com.couchbase.client.java.Cluster' (OnClassCondition)

   CouchbaseDataAutoConfiguration:
      Did not match:
         - @ConditionalOnClass did not find required class 'com.couchbase.client.java.Bucket' (OnClassCondition)

   CouchbaseReactiveDataAutoConfiguration:
      Did not match:
         - @ConditionalOnClass did not find required class 'com.couchbase.client.java.Cluster' (OnClassCondition)

   CouchbaseReactiveRepositoriesAutoConfiguration:
      Did not match:
         - @ConditionalOnClass did not find required class 'com.couchbase.client.java.Cluster' (OnClassCondition)

   CouchbaseRepositoriesAutoConfiguration:
      Did not match:
         - @ConditionalOnClass did not find required class 'com.couchbase.client.java.Bucket' (OnClassCondition)

   DataSourceAutoConfiguration.EmbeddedDatabaseConfiguration:
      Did not match:
         - EmbeddedDataSource spring.datasource.url is set (DataSourceAutoConfiguration.EmbeddedDatabaseCondition)

   DataSourceConfiguration.Dbcp2:
      Did not match:
         - @ConditionalOnClass did not find required class 'org.apache.commons.dbcp2.BasicDataSource' (OnClassCondition)

   DataSourceConfiguration.Generic:
      Did not match:
         - @ConditionalOnProperty (spring.datasource.type) did not find property 'spring.datasource.type' (OnPropertyCondition)

   DataSourceConfiguration.OracleUcp:
      Did not match:
         - @ConditionalOnClass did not find required classes 'oracle.ucp.jdbc.PoolDataSourceImpl', 'oracle.jdbc.OracleConnection' (OnClassCondition)

   DataSourceConfiguration.Tomcat:
      Did not match:
         - @ConditionalOnClass did not find required class 'org.apache.tomcat.jdbc.pool.DataSource' (OnClassCondition)

   DataSourceJmxConfiguration:
      Did not match:
         - @ConditionalOnProperty (spring.jmx.enabled=true) found different value in property 'enabled' (OnPropertyCondition)

   DataSourcePoolMetadataProvidersConfiguration.CommonsDbcp2PoolDataSourceMetadataProviderConfiguration:
      Did not match:
         - @ConditionalOnClass did not find required class 'org.apache.commons.dbcp2.BasicDataSource' (OnClassCondition)

   DataSourcePoolMetadataProvidersConfiguration.OracleUcpPoolDataSourceMetadataProviderConfiguration:
      Did not match:
         - @ConditionalOnClass did not find required classes 'oracle.ucp.jdbc.PoolDataSource', 'oracle.jdbc.OracleConnection' (OnClassCondition)

   DataSourcePoolMetadataProvidersConfiguration.TomcatDataSourcePoolMetadataProviderConfiguration:
      Did not match:
         - @ConditionalOnClass did not find required class 'org.apache.tomcat.jdbc.pool.DataSource' (OnClassCondition)

   DataSourceTransactionManagerAutoConfiguration.JdbcTransactionManagerConfiguration#transactionManager:
      Did not match:
         - @ConditionalOnMissingBean (types: org.springframework.transaction.TransactionManager; SearchStrategy: all) found beans of type 'org.springframework.transaction.TransactionManager' transactionManager (OnBeanCondition)

   DevToolsDataSourceAutoConfiguration:
      Did not match:
         - Devtools devtools is disabled for current context. (OnEnabledDevToolsCondition)

   DevToolsR2dbcAutoConfiguration:
      Did not match:
         - @ConditionalOnClass did not find required class 'io.r2dbc.spi.ConnectionFactory' (OnClassCondition)

   DispatcherServletAutoConfiguration.DispatcherServletConfiguration#multipartResolver:
      Did not match:
         - @ConditionalOnBean (types: org.springframework.web.multipart.MultipartResolver; SearchStrategy: all) did not find any beans of type org.springframework.web.multipart.MultipartResolver (OnBeanCondition)

   EhCacheCacheConfiguration:
      Did not match:
         - @ConditionalOnClass did not find required class 'net.sf.ehcache.Cache' (OnClassCondition)

   ElasticsearchDataAutoConfiguration:
      Did not match:
         - @ConditionalOnClass did not find required class 'org.springframework.data.elasticsearch.core.ElasticsearchRestTemplate' (OnClassCondition)

   ElasticsearchRepositoriesAutoConfiguration:
      Did not match:
         - @ConditionalOnClass did not find required class 'org.elasticsearch.client.Client' (OnClassCondition)

   ElasticsearchRestClientAutoConfiguration:
      Did not match:
         - @ConditionalOnClass did not find required class 'org.elasticsearch.client.RestClientBuilder' (OnClassCondition)

   EmbeddedLdapAutoConfiguration:
      Did not match:
         - @ConditionalOnClass did not find required class 'com.unboundid.ldap.listener.InMemoryDirectoryServer' (OnClassCondition)

   EmbeddedMongoAutoConfiguration:
      Did not match:
         - @ConditionalOnClass did not find required class 'com.mongodb.MongoClientSettings' (OnClassCondition)

   EmbeddedWebServerFactoryCustomizerAutoConfiguration.JettyWebServerFactoryCustomizerConfiguration:
      Did not match:
         - @ConditionalOnClass did not find required classes 'org.eclipse.jetty.server.Server', 'org.eclipse.jetty.util.Loader', 'org.eclipse.jetty.webapp.WebAppContext' (OnClassCondition)

   EmbeddedWebServerFactoryCustomizerAutoConfiguration.NettyWebServerFactoryCustomizerConfiguration:
      Did not match:
         - @ConditionalOnClass did not find required class 'reactor.netty.http.server.HttpServer' (OnClassCondition)

   EmbeddedWebServerFactoryCustomizerAutoConfiguration.UndertowWebServerFactoryCustomizerConfiguration:
      Did not match:
         - @ConditionalOnClass did not find required classes 'io.undertow.Undertow', 'org.xnio.SslClientAuthMode' (OnClassCondition)

   ErrorWebFluxAutoConfiguration:
      Did not match:
         - @ConditionalOnClass did not find required class 'org.springframework.web.reactive.config.WebFluxConfigurer' (OnClassCondition)

   FreeMarkerAutoConfiguration:
      Did not match:
         - @ConditionalOnClass did not find required class 'freemarker.template.Configuration' (OnClassCondition)

   GraphQlAutoConfiguration:
      Did not match:
         - @ConditionalOnClass did not find required class 'graphql.GraphQL' (OnClassCondition)

   GraphQlQueryByExampleAutoConfiguration:
      Did not match:
         - @ConditionalOnClass did not find required class 'graphql.GraphQL' (OnClassCondition)

   GraphQlQuerydslAutoConfiguration:
      Did not match:
         - @ConditionalOnClass did not find required class 'graphql.GraphQL' (OnClassCondition)

   GraphQlRSocketAutoConfiguration:
      Did not match:
         - @ConditionalOnClass did not find required class 'graphql.GraphQL' (OnClassCondition)

   GraphQlReactiveQueryByExampleAutoConfiguration:
      Did not match:
         - @ConditionalOnClass did not find required class 'graphql.GraphQL' (OnClassCondition)

   GraphQlReactiveQuerydslAutoConfiguration:
      Did not match:
         - @ConditionalOnClass did not find required class 'graphql.GraphQL' (OnClassCondition)

   GraphQlWebFluxAutoConfiguration:
      Did not match:
         - @ConditionalOnClass did not find required class 'graphql.GraphQL' (OnClassCondition)

   GraphQlWebFluxSecurityAutoConfiguration:
      Did not match:
         - @ConditionalOnClass did not find required class 'graphql.GraphQL' (OnClassCondition)

   GraphQlWebMvcAutoConfiguration:
      Did not match:
         - @ConditionalOnClass did not find required class 'graphql.GraphQL' (OnClassCondition)

   GraphQlWebMvcSecurityAutoConfiguration:
      Did not match:
         - @ConditionalOnClass did not find required class 'graphql.GraphQL' (OnClassCondition)

   GsonHttpMessageConvertersConfiguration.GsonHttpMessageConverterConfiguration:
      Did not match:
         - AnyNestedCondition 0 matched 2 did not; NestedCondition on GsonHttpMessageConvertersConfiguration.PreferGsonOrJacksonAndJsonbUnavailableCondition.JacksonJsonbUnavailable NoneNestedConditions 1 matched 1 did not; NestedCondition on GsonHttpMessageConvertersConfiguration.JacksonAndJsonbUnavailableCondition.JsonbPreferred @ConditionalOnProperty (spring.mvc.converters.preferred-json-mapper=jsonb) did not find property 'spring.mvc.converters.preferred-json-mapper'; NestedCondition on GsonHttpMessageConvertersConfiguration.JacksonAndJsonbUnavailableCondition.JacksonAvailable @ConditionalOnBean (types: org.springframework.http.converter.json.MappingJackson2HttpMessageConverter; SearchStrategy: all) found bean 'mappingJackson2HttpMessageConverter'; NestedCondition on GsonHttpMessageConvertersConfiguration.PreferGsonOrJacksonAndJsonbUnavailableCondition.GsonPreferred @ConditionalOnProperty (spring.mvc.converters.preferred-json-mapper=gson) did not find property 'spring.mvc.converters.preferred-json-mapper' (GsonHttpMessageConvertersConfiguration.PreferGsonOrJacksonAndJsonbUnavailableCondition)

   HazelcastAutoConfiguration:
      Did not match:
         - @ConditionalOnClass did not find required class 'com.hazelcast.core.HazelcastInstance' (OnClassCondition)

   HazelcastCacheConfiguration:
      Did not match:
         - @ConditionalOnClass did not find required class 'com.hazelcast.core.HazelcastInstance' (OnClassCondition)

   HazelcastJpaDependencyAutoConfiguration:
      Did not match:
         - @ConditionalOnClass did not find required class 'com.hazelcast.core.HazelcastInstance' (OnClassCondition)

   HttpHandlerAutoConfiguration:
      Did not match:
         - @ConditionalOnClass did not find required class 'org.springframework.web.reactive.DispatcherHandler' (OnClassCondition)

   HypermediaAutoConfiguration.HypermediaConfiguration:
      Did not match:
         - @ConditionalOnMissingBean (types: org.springframework.hateoas.client.LinkDiscoverers; SearchStrategy: all) found beans of type 'org.springframework.hateoas.client.LinkDiscoverers' linkDiscoverers (OnBeanCondition)
      Matched:
         - @ConditionalOnClass found required class 'com.fasterxml.jackson.databind.ObjectMapper' (OnClassCondition)

   InfinispanCacheConfiguration:
      Did not match:
         - @ConditionalOnClass did not find required class 'org.infinispan.spring.embedded.provider.SpringEmbeddedCacheManager' (OnClassCondition)

   InfluxDbAutoConfiguration:
      Did not match:
         - @ConditionalOnClass did not find required class 'org.influxdb.InfluxDB' (OnClassCondition)

   IntegrationAutoConfiguration:
      Did not match:
         - @ConditionalOnClass did not find required class 'org.springframework.integration.config.EnableIntegration' (OnClassCondition)

   JCacheCacheConfiguration:
      Did not match:
         - @ConditionalOnClass did not find required class 'javax.cache.Caching' (OnClassCondition)

   JacksonHttpMessageConvertersConfiguration.MappingJackson2XmlHttpMessageConverterConfiguration:
      Did not match:
         - @ConditionalOnClass did not find required class 'com.fasterxml.jackson.dataformat.xml.XmlMapper' (OnClassCondition)

   JdbcRepositoriesAutoConfiguration:
      Did not match:
         - @ConditionalOnClass did not find required class 'org.springframework.data.jdbc.repository.config.AbstractJdbcConfiguration' (OnClassCondition)

   JerseyAutoConfiguration:
      Did not match:
         - @ConditionalOnClass did not find required class 'org.glassfish.jersey.server.spring.SpringComponentProvider' (OnClassCondition)

   JmsAutoConfiguration:
      Did not match:
         - @ConditionalOnClass did not find required class 'javax.jms.Message' (OnClassCondition)

   JmxAutoConfiguration:
      Did not match:
         - @ConditionalOnProperty (spring.jmx.enabled=true) found different value in property 'enabled' (OnPropertyCondition)
      Matched:
         - @ConditionalOnClass found required class 'org.springframework.jmx.export.MBeanExporter' (OnClassCondition)

   JndiConnectionFactoryAutoConfiguration:
      Did not match:
         - @ConditionalOnClass did not find required class 'org.springframework.jms.core.JmsTemplate' (OnClassCondition)

   JndiDataSourceAutoConfiguration:
      Did not match:
         - @ConditionalOnProperty (spring.datasource.jndi-name) did not find property 'jndi-name' (OnPropertyCondition)
      Matched:
         - @ConditionalOnClass found required classes 'javax.sql.DataSource', 'org.springframework.jdbc.datasource.embedded.EmbeddedDatabaseType' (OnClassCondition)

   JndiJtaConfiguration:
      Did not match:
         - @ConditionalOnJndi JNDI environment is not available (OnJndiCondition)
      Matched:
         - @ConditionalOnClass found required class 'org.springframework.transaction.jta.JtaTransactionManager' (OnClassCondition)

   JooqAutoConfiguration:
      Did not match:
         - @ConditionalOnClass did not find required class 'org.jooq.DSLContext' (OnClassCondition)

   JpaRepositoriesAutoConfiguration#entityManagerFactoryBootstrapExecutorCustomizer:
      Did not match:
         - AnyNestedCondition 0 matched 2 did not; NestedCondition on JpaRepositoriesAutoConfiguration.BootstrapExecutorCondition.LazyBootstrapMode @ConditionalOnProperty (spring.data.jpa.repositories.bootstrap-mode=lazy) did not find property 'bootstrap-mode'; NestedCondition on JpaRepositoriesAutoConfiguration.BootstrapExecutorCondition.DeferredBootstrapMode @ConditionalOnProperty (spring.data.jpa.repositories.bootstrap-mode=deferred) did not find property 'bootstrap-mode' (JpaRepositoriesAutoConfiguration.BootstrapExecutorCondition)

   JsonbAutoConfiguration:
      Did not match:
         - @ConditionalOnClass did not find required class 'javax.json.bind.Jsonb' (OnClassCondition)

   JsonbHttpMessageConvertersConfiguration:
      Did not match:
         - @ConditionalOnClass did not find required class 'javax.json.bind.Jsonb' (OnClassCondition)

   KafkaAutoConfiguration:
      Did not match:
         - @ConditionalOnClass did not find required class 'org.springframework.kafka.core.KafkaTemplate' (OnClassCondition)

   LdapAutoConfiguration:
      Did not match:
         - @ConditionalOnClass did not find required class 'org.springframework.ldap.core.ContextSource' (OnClassCondition)

   LdapRepositoriesAutoConfiguration:
      Did not match:
         - @ConditionalOnClass did not find required class 'org.springframework.data.ldap.repository.LdapRepository' (OnClassCondition)

   LiquibaseAutoConfiguration:
      Did not match:
         - @ConditionalOnClass did not find required class 'liquibase.change.DatabaseChange' (OnClassCondition)

   LocalDevToolsAutoConfiguration:
      Did not match:
         - Initialized Restarter Condition initialized without URLs (OnInitializedRestarterCondition)

   MailSenderAutoConfiguration:
      Did not match:
         - @ConditionalOnClass did not find required class 'javax.mail.internet.MimeMessage' (OnClassCondition)

   MailSenderValidatorAutoConfiguration:
      Did not match:
         - @ConditionalOnProperty (spring.mail.test-connection) did not find property 'test-connection' (OnPropertyCondition)

   MessageSourceAutoConfiguration:
      Did not match:
         - ResourceBundle did not find bundle with basename messages (MessageSourceAutoConfiguration.ResourceBundleCondition)

   MongoAutoConfiguration:
      Did not match:
         - @ConditionalOnClass did not find required class 'com.mongodb.client.MongoClient' (OnClassCondition)

   MongoDataAutoConfiguration:
      Did not match:
         - @ConditionalOnClass did not find required class 'com.mongodb.client.MongoClient' (OnClassCondition)

   MongoReactiveAutoConfiguration:
      Did not match:
         - @ConditionalOnClass did not find required class 'com.mongodb.reactivestreams.client.MongoClient' (OnClassCondition)

   MongoReactiveDataAutoConfiguration:
      Did not match:
         - @ConditionalOnClass did not find required class 'com.mongodb.reactivestreams.client.MongoClient' (OnClassCondition)

   MongoReactiveRepositoriesAutoConfiguration:
      Did not match:
         - @ConditionalOnClass did not find required class 'com.mongodb.reactivestreams.client.MongoClient' (OnClassCondition)

   MongoRepositoriesAutoConfiguration:
      Did not match:
         - @ConditionalOnClass did not find required class 'com.mongodb.client.MongoClient' (OnClassCondition)

   MustacheAutoConfiguration:
      Did not match:
         - @ConditionalOnClass did not find required class 'com.samskivert.mustache.Mustache' (OnClassCondition)

   Neo4jAutoConfiguration:
      Did not match:
         - @ConditionalOnClass did not find required class 'org.neo4j.driver.Driver' (OnClassCondition)

   Neo4jDataAutoConfiguration:
      Did not match:
         - @ConditionalOnClass did not find required class 'org.neo4j.driver.Driver' (OnClassCondition)

   Neo4jReactiveDataAutoConfiguration:
      Did not match:
         - @ConditionalOnClass did not find required class 'org.neo4j.driver.Driver' (OnClassCondition)

   Neo4jReactiveRepositoriesAutoConfiguration:
      Did not match:
         - @ConditionalOnClass did not find required class 'org.neo4j.driver.Driver' (OnClassCondition)

   Neo4jRepositoriesAutoConfiguration:
      Did not match:
         - @ConditionalOnClass did not find required class 'org.neo4j.driver.Driver' (OnClassCondition)

   OAuth2ClientAutoConfiguration:
      Did not match:
         - @ConditionalOnClass did not find required class 'org.springframework.security.oauth2.client.registration.ClientRegistration' (OnClassCondition)

   OAuth2ResourceServerAutoConfiguration:
      Did not match:
         - @ConditionalOnClass did not find required class 'org.springframework.security.oauth2.server.resource.BearerTokenAuthenticationToken' (OnClassCondition)

   ProjectInfoAutoConfiguration#buildProperties:
      Did not match:
         - @ConditionalOnResource did not find resource '${spring.info.build.location:classpath:META-INF/build-info.properties}' (OnResourceCondition)

   ProjectInfoAutoConfiguration#gitProperties:
      Did not match:
         - GitResource did not find git info at classpath:git.properties (ProjectInfoAutoConfiguration.GitResourceAvailableCondition)

   QuartzAutoConfiguration:
      Did not match:
         - @ConditionalOnClass did not find required class 'org.quartz.Scheduler' (OnClassCondition)

   R2dbcAutoConfiguration:
      Did not match:
         - @ConditionalOnClass did not find required class 'io.r2dbc.spi.ConnectionFactory' (OnClassCondition)

   R2dbcDataAutoConfiguration:
      Did not match:
         - @ConditionalOnClass did not find required class 'org.springframework.data.r2dbc.core.R2dbcEntityTemplate' (OnClassCondition)

   R2dbcInitializationConfiguration:
      Did not match:
         - @ConditionalOnClass did not find required classes 'io.r2dbc.spi.ConnectionFactory', 'org.springframework.r2dbc.connection.init.DatabasePopulator' (OnClassCondition)

   R2dbcRepositoriesAutoConfiguration:
      Did not match:
         - @ConditionalOnClass did not find required class 'io.r2dbc.spi.ConnectionFactory' (OnClassCondition)

   R2dbcTransactionManagerAutoConfiguration:
      Did not match:
         - @ConditionalOnClass did not find required class 'org.springframework.r2dbc.connection.R2dbcTransactionManager' (OnClassCondition)

   RSocketGraphQlClientAutoConfiguration:
      Did not match:
         - @ConditionalOnClass did not find required class 'graphql.GraphQL' (OnClassCondition)

   RSocketMessagingAutoConfiguration:
      Did not match:
         - @ConditionalOnClass did not find required class 'io.rsocket.RSocket' (OnClassCondition)

   RSocketRequesterAutoConfiguration:
      Did not match:
         - @ConditionalOnClass did not find required class 'io.rsocket.RSocket' (OnClassCondition)

   RSocketSecurityAutoConfiguration:
      Did not match:
         - @ConditionalOnClass did not find required class 'org.springframework.security.rsocket.core.SecuritySocketAcceptorInterceptor' (OnClassCondition)

   RSocketServerAutoConfiguration:
      Did not match:
         - @ConditionalOnClass did not find required class 'io.rsocket.core.RSocketServer' (OnClassCondition)

   RSocketStrategiesAutoConfiguration:
      Did not match:
         - @ConditionalOnClass did not find required class 'io.rsocket.RSocket' (OnClassCondition)

   RabbitAutoConfiguration:
      Did not match:
         - @ConditionalOnClass did not find required class 'com.rabbitmq.client.Channel' (OnClassCondition)

   ReactiveElasticsearchRepositoriesAutoConfiguration:
      Did not match:
         - @ConditionalOnClass did not find required class 'org.springframework.data.elasticsearch.client.reactive.ReactiveElasticsearchClient' (OnClassCondition)

   ReactiveElasticsearchRestClientAutoConfiguration:
      Did not match:
         - @ConditionalOnClass did not find required class 'reactor.netty.http.client.HttpClient' (OnClassCondition)

   ReactiveMultipartAutoConfiguration:
      Did not match:
         - @ConditionalOnClass did not find required class 'org.springframework.web.reactive.config.WebFluxConfigurer' (OnClassCondition)

   ReactiveOAuth2ClientAutoConfiguration:
      Did not match:
         - @ConditionalOnClass did not find required class 'reactor.core.publisher.Flux' (OnClassCondition)

   ReactiveOAuth2ResourceServerAutoConfiguration:
      Did not match:
         - @ConditionalOnWebApplication did not find reactive web application classes (OnWebApplicationCondition)

   ReactiveSecurityAutoConfiguration:
      Did not match:
         - @ConditionalOnClass did not find required class 'reactor.core.publisher.Flux' (OnClassCondition)

   ReactiveUserDetailsServiceAutoConfiguration:
      Did not match:
         - AnyNestedCondition 0 matched 2 did not; NestedCondition on ReactiveUserDetailsServiceAutoConfiguration.ReactiveUserDetailsServiceCondition.ReactiveWebApplicationCondition did not find reactive web application classes; NestedCondition on ReactiveUserDetailsServiceAutoConfiguration.ReactiveUserDetailsServiceCondition.RSocketSecurityEnabledCondition @ConditionalOnBean (types: org.springframework.messaging.rsocket.annotation.support.RSocketMessageHandler; SearchStrategy: all) did not find any beans of type org.springframework.messaging.rsocket.annotation.support.RSocketMessageHandler (ReactiveUserDetailsServiceAutoConfiguration.ReactiveUserDetailsServiceCondition)
      Matched:
         - @ConditionalOnClass found required class 'org.springframework.security.authentication.ReactiveAuthenticationManager' (OnClassCondition)

   ReactiveWebServerFactoryAutoConfiguration:
      Did not match:
         - @ConditionalOnWebApplication did not find reactive web application classes (OnWebApplicationCondition)

   RedisAutoConfiguration:
      Did not match:
         - @ConditionalOnClass did not find required class 'org.springframework.data.redis.core.RedisOperations' (OnClassCondition)

   RedisCacheConfiguration:
      Did not match:
         - @ConditionalOnClass did not find required class 'org.springframework.data.redis.connection.RedisConnectionFactory' (OnClassCondition)

   RedisReactiveAutoConfiguration:
      Did not match:
         - @ConditionalOnClass did not find required class 'reactor.core.publisher.Flux' (OnClassCondition)

   RedisRepositoriesAutoConfiguration:
      Did not match:
         - @ConditionalOnClass did not find required class 'org.springframework.data.redis.repository.configuration.EnableRedisRepositories' (OnClassCondition)

   RemoteDevToolsAutoConfiguration:
      Did not match:
         - @ConditionalOnProperty (spring.devtools.remote.secret) did not find property 'secret' (OnPropertyCondition)
      Matched:
         - @ConditionalOnClass found required classes 'javax.servlet.Filter', 'org.springframework.http.server.ServerHttpRequest' (OnClassCondition)

   Saml2RelyingPartyAutoConfiguration:
      Did not match:
         - @ConditionalOnClass did not find required class 'org.springframework.security.saml2.provider.service.registration.RelyingPartyRegistrationRepository' (OnClassCondition)

   SecurityDataConfiguration:
      Did not match:
         - @ConditionalOnClass did not find required class 'org.springframework.security.data.repository.query.SecurityEvaluationContextExtension' (OnClassCondition)

   SendGridAutoConfiguration:
      Did not match:
         - @ConditionalOnClass did not find required class 'com.sendgrid.SendGrid' (OnClassCondition)

   ServletWebServerFactoryAutoConfiguration.ForwardedHeaderFilterConfiguration:
      Did not match:
         - @ConditionalOnProperty (server.forward-headers-strategy=framework) did not find property 'server.forward-headers-strategy' (OnPropertyCondition)

   ServletWebServerFactoryConfiguration.EmbeddedJetty:
      Did not match:
         - @ConditionalOnClass did not find required classes 'org.eclipse.jetty.server.Server', 'org.eclipse.jetty.util.Loader', 'org.eclipse.jetty.webapp.WebAppContext' (OnClassCondition)

   ServletWebServerFactoryConfiguration.EmbeddedUndertow:
      Did not match:
         - @ConditionalOnClass did not find required classes 'io.undertow.Undertow', 'org.xnio.SslClientAuthMode' (OnClassCondition)

   SessionAutoConfiguration:
      Did not match:
         - @ConditionalOnClass did not find required class 'org.springframework.session.Session' (OnClassCondition)

   SolrAutoConfiguration:
      Did not match:
         - @ConditionalOnClass did not find required class 'org.apache.solr.client.solrj.impl.CloudSolrClient' (OnClassCondition)

   SpringApplicationAdminJmxAutoConfiguration:
      Did not match:
         - @ConditionalOnProperty (spring.application.admin.enabled=true) did not find property 'enabled' (OnPropertyCondition)

   SpringBootWebSecurityConfiguration.SecurityFilterChainConfiguration:
      Did not match:
         - AllNestedConditions 1 matched 1 did not; NestedCondition on DefaultWebSecurityCondition.Beans @ConditionalOnMissingBean (types: org.springframework.security.config.annotation.web.configuration.WebSecurityConfigurerAdapter,org.springframework.security.web.SecurityFilterChain; SearchStrategy: all) found beans of type 'org.springframework.security.config.annotation.web.configuration.WebSecurityConfigurerAdapter' webSecurityConfig; NestedCondition on DefaultWebSecurityCondition.Classes @ConditionalOnClass found required classes 'org.springframework.security.web.SecurityFilterChain', 'org.springframework.security.config.annotation.web.builders.HttpSecurity' (DefaultWebSecurityCondition)

   SpringBootWebSecurityConfiguration.WebSecurityEnablerConfiguration:
      Did not match:
         - @ConditionalOnMissingBean (names: springSecurityFilterChain; SearchStrategy: all) found beans named springSecurityFilterChain (OnBeanCondition)
      Matched:
         - @ConditionalOnClass found required class 'org.springframework.security.config.annotation.web.configuration.EnableWebSecurity' (OnClassCondition)

   SpringDataWebAutoConfiguration:
      Did not match:
         - @ConditionalOnMissingBean (types: org.springframework.data.web.PageableHandlerMethodArgumentResolver; SearchStrategy: all) found beans of type 'org.springframework.data.web.PageableHandlerMethodArgumentResolver' pageableResolver (OnBeanCondition)
      Matched:
         - @ConditionalOnClass found required classes 'org.springframework.data.web.PageableHandlerMethodArgumentResolver', 'org.springframework.web.servlet.config.annotation.WebMvcConfigurer' (OnClassCondition)
         - found 'session' scope (OnWebApplicationCondition)

   TaskSchedulingAutoConfiguration#taskScheduler:
      Did not match:
         - @ConditionalOnBean (names: org.springframework.context.annotation.internalScheduledAnnotationProcessor; SearchStrategy: all) did not find any beans named org.springframework.context.annotation.internalScheduledAnnotationProcessor (OnBeanCondition)

   TemplateEngineConfigurations.ReactiveTemplateEngineConfiguration:
      Did not match:
         - did not find reactive web application classes (OnWebApplicationCondition)

   ThymeleafAutoConfiguration.DataAttributeDialectConfiguration:
      Did not match:
         - @ConditionalOnClass did not find required class 'com.github.mxab.thymeleaf.extras.dataattribute.dialect.DataAttributeDialect' (OnClassCondition)

   ThymeleafAutoConfiguration.ThymeleafSecurityDialectConfiguration:
      Did not match:
         - @ConditionalOnClass did not find required class 'org.thymeleaf.extras.springsecurity5.dialect.SpringSecurityDialect' (OnClassCondition)

   ThymeleafAutoConfiguration.ThymeleafWebFluxConfiguration:
      Did not match:
         - did not find reactive web application classes (OnWebApplicationCondition)

   ThymeleafAutoConfiguration.ThymeleafWebLayoutConfiguration:
      Did not match:
         - @ConditionalOnClass did not find required class 'nz.net.ultraq.thymeleaf.layoutdialect.LayoutDialect' (OnClassCondition)

   ThymeleafAutoConfiguration.ThymeleafWebMvcConfiguration#resourceUrlEncodingFilter:
      Did not match:
         - @ConditionalOnEnabledResourceChain did not find class org.webjars.WebJarAssetLocator (OnEnabledResourceChainCondition)

   TransactionAutoConfiguration#transactionalOperator:
      Did not match:
         - @ConditionalOnSingleCandidate (types: org.springframework.transaction.ReactiveTransactionManager; SearchStrategy: all) did not find any beans (OnBeanCondition)

   TransactionAutoConfiguration.EnableTransactionManagementConfiguration.JdkDynamicAutoProxyConfiguration:
      Did not match:
         - @ConditionalOnProperty (spring.aop.proxy-target-class=false) did not find property 'proxy-target-class' (OnPropertyCondition)

   UserDetailsServiceAutoConfiguration:
      Did not match:
         - @ConditionalOnMissingBean (types: org.springframework.security.authentication.AuthenticationManager,org.springframework.security.authentication.AuthenticationProvider,org.springframework.security.core.userdetails.UserDetailsService,org.springframework.security.authentication.AuthenticationManagerResolver,org.springframework.security.oauth2.jwt.JwtDecoder,org.springframework.security.oauth2.server.resource.introspection.OpaqueTokenIntrospector,org.springframework.security.oauth2.client.registration.ClientRegistrationRepository,org.springframework.security.saml2.provider.service.registration.RelyingPartyRegistrationRepository; SearchStrategy: all) found beans of type 'org.springframework.security.authentication.AuthenticationManager' authenticationManagerBean and found beans of type 'org.springframework.security.core.userdetails.UserDetailsService' usuarioService (OnBeanCondition)
      Matched:
         - @ConditionalOnClass found required class 'org.springframework.security.authentication.AuthenticationManager' (OnClassCondition)

   ValidationAutoConfiguration:
      Did not match:
         - @ConditionalOnResource did not find resource 'classpath:META-INF/services/javax.validation.spi.ValidationProvider' (OnResourceCondition)
      Matched:
         - @ConditionalOnClass found required class 'javax.validation.executable.ExecutableValidator' (OnClassCondition)

   WebClientAutoConfiguration:
      Did not match:
         - @ConditionalOnClass did not find required class 'org.springframework.web.reactive.function.client.WebClient' (OnClassCondition)

   WebFluxAutoConfiguration:
      Did not match:
         - @ConditionalOnClass did not find required class 'org.springframework.web.reactive.config.WebFluxConfigurer' (OnClassCondition)

   WebMvcAutoConfiguration#hiddenHttpMethodFilter:
      Did not match:
         - @ConditionalOnProperty (spring.mvc.hiddenmethod.filter.enabled) did not find property 'enabled' (OnPropertyCondition)

   WebMvcAutoConfiguration.ResourceChainCustomizerConfiguration:
      Did not match:
         - @ConditionalOnEnabledResourceChain did not find class org.webjars.WebJarAssetLocator (OnEnabledResourceChainCondition)

   WebMvcAutoConfiguration.WebMvcAutoConfigurationAdapter#beanNameViewResolver:
      Did not match:
         - @ConditionalOnMissingBean (types: org.springframework.web.servlet.view.BeanNameViewResolver; SearchStrategy: all) found beans of type 'org.springframework.web.servlet.view.BeanNameViewResolver' beanNameViewResolver (OnBeanCondition)

   WebServiceTemplateAutoConfiguration:
      Did not match:
         - @ConditionalOnClass did not find required class 'org.springframework.oxm.Marshaller' (OnClassCondition)

   WebServicesAutoConfiguration:
      Did not match:
         - @ConditionalOnClass did not find required class 'org.springframework.ws.transport.http.MessageDispatcherServlet' (OnClassCondition)

   WebSessionIdResolverAutoConfiguration:
      Did not match:
         - @ConditionalOnClass did not find required class 'reactor.core.publisher.Mono' (OnClassCondition)

   WebSocketMessagingAutoConfiguration:
      Did not match:
         - @ConditionalOnClass did not find required class 'org.springframework.web.socket.config.annotation.WebSocketMessageBrokerConfigurer' (OnClassCondition)

   WebSocketReactiveAutoConfiguration:
      Did not match:
         - @ConditionalOnWebApplication did not find reactive web application classes (OnWebApplicationCondition)

   WebSocketServletAutoConfiguration.Jetty10WebSocketConfiguration:
      Did not match:
         - @ConditionalOnClass did not find required classes 'org.eclipse.jetty.websocket.javax.server.internal.JavaxWebSocketServerContainer', 'org.eclipse.jetty.websocket.server.JettyWebSocketServerContainer' (OnClassCondition)

   WebSocketServletAutoConfiguration.JettyWebSocketConfiguration:
      Did not match:
         - @ConditionalOnClass did not find required class 'org.eclipse.jetty.websocket.jsr356.server.deploy.WebSocketServerContainerInitializer' (OnClassCondition)

   WebSocketServletAutoConfiguration.UndertowWebSocketConfiguration:
      Did not match:
         - @ConditionalOnClass did not find required class 'io.undertow.websockets.jsr.Bootstrap' (OnClassCondition)

   XADataSourceAutoConfiguration:
      Did not match:
         - @ConditionalOnBean (types: org.springframework.boot.jdbc.XADataSourceWrapper; SearchStrategy: all) did not find any beans of type org.springframework.boot.jdbc.XADataSourceWrapper (OnBeanCondition)
      Matched:
         - @ConditionalOnClass found required classes 'javax.sql.DataSource', 'javax.transaction.TransactionManager', 'org.springframework.jdbc.datasource.embedded.EmbeddedDatabaseType' (OnClassCondition)


Exclusions:
-----------

    None


Unconditional classes:
----------------------

    org.springframework.boot.autoconfigure.context.ConfigurationPropertiesAutoConfiguration

    org.springframework.boot.autoconfigure.context.PropertyPlaceholderAutoConfiguration

    org.springframework.boot.autoconfigure.context.LifecycleAutoConfiguration

    org.springframework.boot.autoconfigure.availability.ApplicationAvailabilityAutoConfiguration

    org.springframework.boot.autoconfigure.info.ProjectInfoAutoConfiguration



2023-04-04 21:53:39,499 main ERROR An exception occurred processing Appender Console java.lang.IllegalStateException: Illegal access: this web application instance has been stopped already. Could not load [db/migration/V1__create_init_tables.sql]. The following stack trace is thrown for debugging purposes as well as to attempt to terminate the thread which caused the illegal access.
	at org.apache.catalina.loader.WebappClassLoaderBase.checkStateForResourceLoading(WebappClassLoaderBase.java:1432)
	at org.apache.catalina.loader.WebappClassLoaderBase.getResource(WebappClassLoaderBase.java:1057)
	at org.flywaydb.core.internal.resource.classpath.ClassPathResource.getUrl(ClassPathResource.java:85)
	at org.flywaydb.core.internal.resource.classpath.ClassPathResource.getAbsolutePathOnDisk(ClassPathResource.java:74)
	at org.flywaydb.core.internal.sqlscript.FlywaySqlScriptException.getMessage(FlywaySqlScriptException.java:81)
	at java.base/java.lang.Throwable.getLocalizedMessage(Throwable.java:396)
	at java.base/java.lang.Throwable.toString(Throwable.java:495)
	at java.base/java.lang.String.valueOf(String.java:3042)
	at java.base/java.lang.StringBuilder.append(StringBuilder.java:168)
	at java.base/java.lang.Throwable.printEnclosedStackTrace(Throwable.java:709)
	at java.base/java.lang.Throwable.printEnclosedStackTrace(Throwable.java:723)
	at java.base/java.lang.Throwable.printEnclosedStackTrace(Throwable.java:723)
	at java.base/java.lang.Throwable.printEnclosedStackTrace(Throwable.java:723)
	at java.base/java.lang.Throwable.printEnclosedStackTrace(Throwable.java:723)
	at java.base/java.lang.Throwable.printEnclosedStackTrace(Throwable.java:723)
	at java.base/java.lang.Throwable.printEnclosedStackTrace(Throwable.java:723)
	at java.base/java.lang.Throwable.printEnclosedStackTrace(Throwable.java:723)
	at java.base/java.lang.Throwable.printEnclosedStackTrace(Throwable.java:723)
	at java.base/java.lang.Throwable.printStackTrace(Throwable.java:681)
	at java.base/java.lang.Throwable.printStackTrace(Throwable.java:735)
	at org.apache.logging.log4j.core.pattern.ThrowablePatternConverter.formatOption(ThrowablePatternConverter.java:211)
	at org.apache.logging.log4j.core.pattern.ThrowablePatternConverter.format(ThrowablePatternConverter.java:137)
	at org.apache.logging.log4j.core.layout.PatternLayout$NoFormatPatternSerializer.toSerializable(PatternLayout.java:342)
	at org.apache.logging.log4j.core.layout.PatternLayout.toText(PatternLayout.java:240)
	at org.apache.logging.log4j.core.layout.PatternLayout.encode(PatternLayout.java:225)
	at org.apache.logging.log4j.core.layout.PatternLayout.encode(PatternLayout.java:59)
	at org.apache.logging.log4j.core.appender.AbstractOutputStreamAppender.directEncodeEvent(AbstractOutputStreamAppender.java:215)
	at org.apache.logging.log4j.core.appender.AbstractOutputStreamAppender.tryAppend(AbstractOutputStreamAppender.java:208)
	at org.apache.logging.log4j.core.appender.AbstractOutputStreamAppender.append(AbstractOutputStreamAppender.java:199)
	at org.apache.logging.log4j.core.config.AppenderControl.tryCallAppender(AppenderControl.java:161)
	at org.apache.logging.log4j.core.config.AppenderControl.callAppender0(AppenderControl.java:134)
	at org.apache.logging.log4j.core.config.AppenderControl.callAppenderPreventRecursion(AppenderControl.java:125)
	at org.apache.logging.log4j.core.config.AppenderControl.callAppender(AppenderControl.java:89)
	at org.apache.logging.log4j.core.config.LoggerConfig.callAppenders(LoggerConfig.java:675)
	at org.apache.logging.log4j.core.config.LoggerConfig.processLogEvent(LoggerConfig.java:633)
	at org.apache.logging.log4j.core.config.LoggerConfig.log(LoggerConfig.java:616)
	at org.apache.logging.log4j.core.config.LoggerConfig.log(LoggerConfig.java:552)
	at org.apache.logging.log4j.core.config.AwaitCompletionReliabilityStrategy.log(AwaitCompletionReliabilityStrategy.java:82)
	at org.apache.logging.log4j.core.Logger.log(Logger.java:161)
	at org.apache.logging.log4j.spi.AbstractLogger.tryLogMessage(AbstractLogger.java:2205)
	at org.apache.logging.log4j.spi.AbstractLogger.logMessageTrackRecursion(AbstractLogger.java:2159)
	at org.apache.logging.log4j.spi.AbstractLogger.logMessageSafely(AbstractLogger.java:2142)
	at org.apache.logging.log4j.spi.AbstractLogger.logMessage(AbstractLogger.java:2017)
	at org.apache.logging.log4j.spi.AbstractLogger.logIfEnabled(AbstractLogger.java:1983)
	at org.apache.commons.logging.LogAdapter$Log4jLog.log(LogAdapter.java:263)
	at org.apache.commons.logging.LogAdapter$Log4jLog.error(LogAdapter.java:215)
	at org.springframework.boot.SpringApplication.reportFailure(SpringApplication.java:824)
	at org.springframework.boot.SpringApplication.handleRunFailure(SpringApplication.java:788)
	at org.springframework.boot.SpringApplication.run(SpringApplication.java:318)
	at org.springframework.boot.test.context.SpringBootContextLoader.loadContext(SpringBootContextLoader.java:132)
	at org.springframework.test.context.cache.DefaultCacheAwareContextLoaderDelegate.loadContextInternal(DefaultCacheAwareContextLoaderDelegate.java:99)
	at org.springframework.test.context.cache.DefaultCacheAwareContextLoaderDelegate.loadContext(DefaultCacheAwareContextLoaderDelegate.java:124)
	at org.springframework.test.context.support.DefaultTestContext.getApplicationContext(DefaultTestContext.java:124)
	at org.springframework.test.context.support.DependencyInjectionTestExecutionListener.injectDependencies(DependencyInjectionTestExecutionListener.java:118)
	at org.springframework.test.context.support.DependencyInjectionTestExecutionListener.prepareTestInstance(DependencyInjectionTestExecutionListener.java:83)
	at org.springframework.boot.test.autoconfigure.SpringBootDependencyInjectionTestExecutionListener.prepareTestInstance(SpringBootDependencyInjectionTestExecutionListener.java:43)
	at org.springframework.test.context.TestContextManager.prepareTestInstance(TestContextManager.java:248)
	at org.springframework.test.context.junit4.SpringJUnit4ClassRunner.createTest(SpringJUnit4ClassRunner.java:227)
	at org.springframework.test.context.junit4.SpringJUnit4ClassRunner$1.runReflectiveCall(SpringJUnit4ClassRunner.java:289)
	at org.junit.internal.runners.model.ReflectiveCallable.run(ReflectiveCallable.java:12)
	at org.springframework.test.context.junit4.SpringJUnit4ClassRunner.methodBlock(SpringJUnit4ClassRunner.java:291)
	at org.springframework.test.context.junit4.SpringJUnit4ClassRunner.runChild(SpringJUnit4ClassRunner.java:246)
	at org.springframework.test.context.junit4.SpringJUnit4ClassRunner.runChild(SpringJUnit4ClassRunner.java:97)
	at org.junit.runners.ParentRunner$3.run(ParentRunner.java:290)
	at org.junit.runners.ParentRunner$1.schedule(ParentRunner.java:71)
	at org.junit.runners.ParentRunner.runChildren(ParentRunner.java:288)
	at org.junit.runners.ParentRunner.access$000(ParentRunner.java:58)
	at org.junit.runners.ParentRunner$2.evaluate(ParentRunner.java:268)
	at org.springframework.test.context.junit4.statements.RunBeforeTestClassCallbacks.evaluate(RunBeforeTestClassCallbacks.java:61)
	at org.springframework.test.context.junit4.statements.RunAfterTestClassCallbacks.evaluate(RunAfterTestClassCallbacks.java:70)
	at org.junit.runners.ParentRunner.run(ParentRunner.java:363)
	at org.springframework.test.context.junit4.SpringJUnit4ClassRunner.run(SpringJUnit4ClassRunner.java:190)
	at org.junit.runners.Suite.runChild(Suite.java:128)
	at org.junit.runners.Suite.runChild(Suite.java:27)
	at org.junit.runners.ParentRunner$3.run(ParentRunner.java:290)
	at org.junit.runners.ParentRunner$1.schedule(ParentRunner.java:71)
	at org.junit.runners.ParentRunner.runChildren(ParentRunner.java:288)
	at org.junit.runners.ParentRunner.access$000(ParentRunner.java:58)
	at org.junit.runners.ParentRunner$2.evaluate(ParentRunner.java:268)
	at org.junit.runners.ParentRunner.run(ParentRunner.java:363)
	at org.junit.runner.JUnitCore.run(JUnitCore.java:137)
	at org.junit.runner.JUnitCore.run(JUnitCore.java:115)
	at org.apache.maven.surefire.junitcore.JUnitCoreWrapper.createRequestAndRun(JUnitCoreWrapper.java:108)
	at org.apache.maven.surefire.junitcore.JUnitCoreWrapper.executeEager(JUnitCoreWrapper.java:78)
	at org.apache.maven.surefire.junitcore.JUnitCoreWrapper.execute(JUnitCoreWrapper.java:54)
	at org.apache.maven.surefire.junitcore.JUnitCoreProvider.invoke(JUnitCoreProvider.java:144)
	at org.apache.maven.surefire.booter.ForkedBooter.invokeProviderInSameClassLoader(ForkedBooter.java:203)
	at org.apache.maven.surefire.booter.ForkedBooter.runSuitesInProcess(ForkedBooter.java:155)
	at org.apache.maven.surefire.booter.ForkedBooter.main(ForkedBooter.java:103)

2023-04-04 21:53:39,507 main ERROR An exception occurred processing Appender RollingFile org.apache.logging.log4j.core.appender.AppenderLoggingException: java.lang.NoSuchMethodError: org.apache.logging.log4j.util.StackLocatorUtil.getCurrentStackTrace()Ljava/util/Deque;
	at org.apache.logging.log4j.core.config.AppenderControl.tryCallAppender(AppenderControl.java:165)
	at org.apache.logging.log4j.core.config.AppenderControl.callAppender0(AppenderControl.java:134)
	at org.apache.logging.log4j.core.config.AppenderControl.callAppenderPreventRecursion(AppenderControl.java:125)
	at org.apache.logging.log4j.core.config.AppenderControl.callAppender(AppenderControl.java:89)
	at org.apache.logging.log4j.core.config.LoggerConfig.callAppenders(LoggerConfig.java:675)
	at org.apache.logging.log4j.core.config.LoggerConfig.processLogEvent(LoggerConfig.java:633)
	at org.apache.logging.log4j.core.config.LoggerConfig.log(LoggerConfig.java:616)
	at org.apache.logging.log4j.core.config.LoggerConfig.log(LoggerConfig.java:552)
	at org.apache.logging.log4j.core.config.AwaitCompletionReliabilityStrategy.log(AwaitCompletionReliabilityStrategy.java:82)
	at org.apache.logging.log4j.core.Logger.log(Logger.java:161)
	at org.apache.logging.log4j.spi.AbstractLogger.tryLogMessage(AbstractLogger.java:2205)
	at org.apache.logging.log4j.spi.AbstractLogger.logMessageTrackRecursion(AbstractLogger.java:2159)
	at org.apache.logging.log4j.spi.AbstractLogger.logMessageSafely(AbstractLogger.java:2142)
	at org.apache.logging.log4j.spi.AbstractLogger.logMessage(AbstractLogger.java:2017)
	at org.apache.logging.log4j.spi.AbstractLogger.logIfEnabled(AbstractLogger.java:1983)
	at org.apache.commons.logging.LogAdapter$Log4jLog.log(LogAdapter.java:263)
	at org.apache.commons.logging.LogAdapter$Log4jLog.error(LogAdapter.java:215)
	at org.springframework.boot.SpringApplication.reportFailure(SpringApplication.java:824)
	at org.springframework.boot.SpringApplication.handleRunFailure(SpringApplication.java:788)
	at org.springframework.boot.SpringApplication.run(SpringApplication.java:318)
	at org.springframework.boot.test.context.SpringBootContextLoader.loadContext(SpringBootContextLoader.java:132)
	at org.springframework.test.context.cache.DefaultCacheAwareContextLoaderDelegate.loadContextInternal(DefaultCacheAwareContextLoaderDelegate.java:99)
	at org.springframework.test.context.cache.DefaultCacheAwareContextLoaderDelegate.loadContext(DefaultCacheAwareContextLoaderDelegate.java:124)
	at org.springframework.test.context.support.DefaultTestContext.getApplicationContext(DefaultTestContext.java:124)
	at org.springframework.test.context.support.DependencyInjectionTestExecutionListener.injectDependencies(DependencyInjectionTestExecutionListener.java:118)
	at org.springframework.test.context.support.DependencyInjectionTestExecutionListener.prepareTestInstance(DependencyInjectionTestExecutionListener.java:83)
	at org.springframework.boot.test.autoconfigure.SpringBootDependencyInjectionTestExecutionListener.prepareTestInstance(SpringBootDependencyInjectionTestExecutionListener.java:43)
	at org.springframework.test.context.TestContextManager.prepareTestInstance(TestContextManager.java:248)
	at org.springframework.test.context.junit4.SpringJUnit4ClassRunner.createTest(SpringJUnit4ClassRunner.java:227)
	at org.springframework.test.context.junit4.SpringJUnit4ClassRunner$1.runReflectiveCall(SpringJUnit4ClassRunner.java:289)
	at org.junit.internal.runners.model.ReflectiveCallable.run(ReflectiveCallable.java:12)
	at org.springframework.test.context.junit4.SpringJUnit4ClassRunner.methodBlock(SpringJUnit4ClassRunner.java:291)
	at org.springframework.test.context.junit4.SpringJUnit4ClassRunner.runChild(SpringJUnit4ClassRunner.java:246)
	at org.springframework.test.context.junit4.SpringJUnit4ClassRunner.runChild(SpringJUnit4ClassRunner.java:97)
	at org.junit.runners.ParentRunner$3.run(ParentRunner.java:290)
	at org.junit.runners.ParentRunner$1.schedule(ParentRunner.java:71)
	at org.junit.runners.ParentRunner.runChildren(ParentRunner.java:288)
	at org.junit.runners.ParentRunner.access$000(ParentRunner.java:58)
	at org.junit.runners.ParentRunner$2.evaluate(ParentRunner.java:268)
	at org.springframework.test.context.junit4.statements.RunBeforeTestClassCallbacks.evaluate(RunBeforeTestClassCallbacks.java:61)
	at org.springframework.test.context.junit4.statements.RunAfterTestClassCallbacks.evaluate(RunAfterTestClassCallbacks.java:70)
	at org.junit.runners.ParentRunner.run(ParentRunner.java:363)
	at org.springframework.test.context.junit4.SpringJUnit4ClassRunner.run(SpringJUnit4ClassRunner.java:190)
	at org.junit.runners.Suite.runChild(Suite.java:128)
	at org.junit.runners.Suite.runChild(Suite.java:27)
	at org.junit.runners.ParentRunner$3.run(ParentRunner.java:290)
	at org.junit.runners.ParentRunner$1.schedule(ParentRunner.java:71)
	at org.junit.runners.ParentRunner.runChildren(ParentRunner.java:288)
	at org.junit.runners.ParentRunner.access$000(ParentRunner.java:58)
	at org.junit.runners.ParentRunner$2.evaluate(ParentRunner.java:268)
	at org.junit.runners.ParentRunner.run(ParentRunner.java:363)
	at org.junit.runner.JUnitCore.run(JUnitCore.java:137)
	at org.junit.runner.JUnitCore.run(JUnitCore.java:115)
	at org.apache.maven.surefire.junitcore.JUnitCoreWrapper.createRequestAndRun(JUnitCoreWrapper.java:108)
	at org.apache.maven.surefire.junitcore.JUnitCoreWrapper.executeEager(JUnitCoreWrapper.java:78)
	at org.apache.maven.surefire.junitcore.JUnitCoreWrapper.execute(JUnitCoreWrapper.java:54)
	at org.apache.maven.surefire.junitcore.JUnitCoreProvider.invoke(JUnitCoreProvider.java:144)
	at org.apache.maven.surefire.booter.ForkedBooter.invokeProviderInSameClassLoader(ForkedBooter.java:203)
	at org.apache.maven.surefire.booter.ForkedBooter.runSuitesInProcess(ForkedBooter.java:155)
	at org.apache.maven.surefire.booter.ForkedBooter.main(ForkedBooter.java:103)
Caused by: java.lang.NoSuchMethodError: org.apache.logging.log4j.util.StackLocatorUtil.getCurrentStackTrace()Ljava/util/Deque;
	at org.apache.logging.log4j.core.impl.ThrowableProxy.<init>(ThrowableProxy.java:112)
	at org.apache.logging.log4j.core.impl.ThrowableProxy.<init>(ThrowableProxy.java:97)
	at org.apache.logging.log4j.core.impl.Log4jLogEvent.getThrownProxy(Log4jLogEvent.java:629)
	at org.apache.logging.log4j.core.pattern.ExtendedThrowablePatternConverter.format(ExtendedThrowablePatternConverter.java:63)
	at org.apache.logging.log4j.core.layout.PatternLayout$NoFormatPatternSerializer.toSerializable(PatternLayout.java:342)
	at org.apache.logging.log4j.core.layout.PatternLayout.toText(PatternLayout.java:240)
	at org.apache.logging.log4j.core.layout.PatternLayout.encode(PatternLayout.java:225)
	at org.apache.logging.log4j.core.layout.PatternLayout.encode(PatternLayout.java:59)
	at org.apache.logging.log4j.core.appender.AbstractOutputStreamAppender.directEncodeEvent(AbstractOutputStreamAppender.java:215)
	at org.apache.logging.log4j.core.appender.AbstractOutputStreamAppender.tryAppend(AbstractOutputStreamAppender.java:208)
	at org.apache.logging.log4j.core.appender.AbstractOutputStreamAppender.append(AbstractOutputStreamAppender.java:199)
	at org.apache.logging.log4j.core.appender.RollingFileAppender.append(RollingFileAppender.java:312)
	at org.apache.logging.log4j.core.config.AppenderControl.tryCallAppender(AppenderControl.java:161)
	... 59 more

2023-04-04 21:53:39,644 main ERROR Unable to locate appender "FILE" for logger config "root"
2023-04-04 21:53:39,644 main ERROR Unable to locate appender "STDOUT" for logger config "root"

  .   ____          _            __ _ _
 /\\ / ___'_ __ _ _(_)_ __  __ _ \ \ \ \
( ( )\___ | '_ | '_| | '_ \/ _` | \ \ \ \
 \\/  ___)| |_)| | | | | || (_| |  ) ) ) )
  '  |____| .__|_| |_|_| |_\__, | / / / /
 =========|_|==============|___/=/_/_/_/
 :: Spring Boot ::                (v2.7.2)

&amp#27;[30m2023-04-04T21:53:39,674&amp#27;[m &amp#27;[32mINFO  &amp#27;[m[&amp#27;[1;34mmain&amp#27;[m] &amp#27;[1;33mo.s.b.StartupInfoLogger&amp#27;[m:  Starting LoginTest using Java 12.0.2 on MacBook-Air-de-Joseph.local with PID 99265 (started by josephlpz in /Users/josephlpz/Documents/JustWork/JustWork-server)
&amp#27;[30m2023-04-04T21:53:39,677&amp#27;[m &amp#27;[36mDEBUG &amp#27;[m[&amp#27;[1;34mmain&amp#27;[m] &amp#27;[1;33mo.s.b.StartupInfoLogger&amp#27;[m:  Running with Spring Boot v2.7.2, Spring v5.3.22
&amp#27;[30m2023-04-04T21:53:39,677&amp#27;[m &amp#27;[32mINFO  &amp#27;[m[&amp#27;[1;34mmain&amp#27;[m] &amp#27;[1;33mo.s.b.SpringApplication&amp#27;[m:  The following 1 profile is active: "@typeProfile@"
&amp#27;[30m2023-04-04T21:53:39,678&amp#27;[m &amp#27;[36mDEBUG &amp#27;[m[&amp#27;[1;34mmain&amp#27;[m] &amp#27;[1;33mo.s.b.SpringApplication&amp#27;[m:  Loading source class JustWork.server.ServerApplication
&amp#27;[30m2023-04-04T21:53:39,690&amp#27;[m &amp#27;[36mDEBUG &amp#27;[m[&amp#27;[1;34mmain&amp#27;[m] &amp#27;[1;33mo.s.c.s.AbstractApplicationContext&amp#27;[m:  Refreshing org.springframework.boot.web.servlet.context.AnnotationConfigServletWebServerApplicationContext@1f8d42d1
&amp#27;[30m2023-04-04T21:53:39,699&amp#27;[m &amp#27;[36mDEBUG &amp#27;[m[&amp#27;[1;34mmain&amp#27;[m] &amp#27;[1;33mo.s.b.f.s.DefaultSingletonBeanRegistry&amp#27;[m:  Creating shared instance of singleton bean 'org.springframework.context.annotation.internalConfigurationAnnotationProcessor'
&amp#27;[30m2023-04-04T21:53:39,700&amp#27;[m &amp#27;[36mDEBUG &amp#27;[m[&amp#27;[1;34mmain&amp#27;[m] &amp#27;[1;33mo.s.b.f.s.DefaultSingletonBeanRegistry&amp#27;[m:  Creating shared instance of singleton bean 'org.springframework.boot.autoconfigure.internalCachingMetadataReaderFactory'
&amp#27;[30m2023-04-04T21:53:39,735&amp#27;[m &amp#27;[36mDEBUG &amp#27;[m[&amp#27;[1;34mmain&amp#27;[m] &amp#27;[1;33mo.s.c.a.ClassPathScanningCandidateComponentProvider&amp#27;[m:  Identified candidate component class: file [/Users/josephlpz/Documents/JustWork/JustWork-server/target/classes/JustWork/server/config/JwtAuthenticationEntryPoint.class]
&amp#27;[30m2023-04-04T21:53:39,736&amp#27;[m &amp#27;[36mDEBUG &amp#27;[m[&amp#27;[1;34mmain&amp#27;[m] &amp#27;[1;33mo.s.c.a.ClassPathScanningCandidateComponentProvider&amp#27;[m:  Identified candidate component class: file [/Users/josephlpz/Documents/JustWork/JustWork-server/target/classes/JustWork/server/config/JwtRequestFilter.class]
&amp#27;[30m2023-04-04T21:53:39,736&amp#27;[m &amp#27;[36mDEBUG &amp#27;[m[&amp#27;[1;34mmain&amp#27;[m] &amp#27;[1;33mo.s.c.a.ClassPathScanningCandidateComponentProvider&amp#27;[m:  Identified candidate component class: file [/Users/josephlpz/Documents/JustWork/JustWork-server/target/classes/JustWork/server/config/JwtTokenUtil.class]
&amp#27;[30m2023-04-04T21:53:39,736&amp#27;[m &amp#27;[36mDEBUG &amp#27;[m[&amp#27;[1;34mmain&amp#27;[m] &amp#27;[1;33mo.s.c.a.ClassPathScanningCandidateComponentProvider&amp#27;[m:  Identified candidate component class: file [/Users/josephlpz/Documents/JustWork/JustWork-server/target/classes/JustWork/server/config/JwtUtils.class]
&amp#27;[30m2023-04-04T21:53:39,742&amp#27;[m &amp#27;[36mDEBUG &amp#27;[m[&amp#27;[1;34mmain&amp#27;[m] &amp#27;[1;33mo.s.c.a.ClassPathScanningCandidateComponentProvider&amp#27;[m:  Identified candidate component class: file [/Users/josephlpz/Documents/JustWork/JustWork-server/target/classes/JustWork/server/config/WebSecurityConfig.class]
&amp#27;[30m2023-04-04T21:53:39,747&amp#27;[m &amp#27;[36mDEBUG &amp#27;[m[&amp#27;[1;34mmain&amp#27;[m] &amp#27;[1;33mo.s.c.a.ClassPathScanningCandidateComponentProvider&amp#27;[m:  Identified candidate component class: file [/Users/josephlpz/Documents/JustWork/JustWork-server/target/classes/JustWork/server/controllers/PosicionController.class]
&amp#27;[30m2023-04-04T21:53:39,749&amp#27;[m &amp#27;[36mDEBUG &amp#27;[m[&amp#27;[1;34mmain&amp#27;[m] &amp#27;[1;33mo.s.c.a.ClassPathScanningCandidateComponentProvider&amp#27;[m:  Identified candidate component class: file [/Users/josephlpz/Documents/JustWork/JustWork-server/target/classes/JustWork/server/controllers/UsuarioController.class]
&amp#27;[30m2023-04-04T21:53:39,750&amp#27;[m &amp#27;[36mDEBUG &amp#27;[m[&amp#27;[1;34mmain&amp#27;[m] &amp#27;[1;33mo.s.c.a.ClassPathScanningCandidateComponentProvider&amp#27;[m:  Ignored because not a concrete top-level class: file [/Users/josephlpz/Documents/JustWork/JustWork-server/target/classes/JustWork/server/interfaces/UserDetailsService.class]
&amp#27;[30m2023-04-04T21:53:39,752&amp#27;[m &amp#27;[36mDEBUG &amp#27;[m[&amp#27;[1;34mmain&amp#27;[m] &amp#27;[1;33mo.s.c.a.ClassPathScanningCandidateComponentProvider&amp#27;[m:  Ignored because not a concrete top-level class: file [/Users/josephlpz/Documents/JustWork/JustWork-server/target/classes/JustWork/server/repository/RolRepository.class]
&amp#27;[30m2023-04-04T21:53:39,752&amp#27;[m &amp#27;[36mDEBUG &amp#27;[m[&amp#27;[1;34mmain&amp#27;[m] &amp#27;[1;33mo.s.c.a.ClassPathScanningCandidateComponentProvider&amp#27;[m:  Ignored because not a concrete top-level class: file [/Users/josephlpz/Documents/JustWork/JustWork-server/target/classes/JustWork/server/repository/TokenRepository.class]
&amp#27;[30m2023-04-04T21:53:39,752&amp#27;[m &amp#27;[36mDEBUG &amp#27;[m[&amp#27;[1;34mmain&amp#27;[m] &amp#27;[1;33mo.s.c.a.ClassPathScanningCandidateComponentProvider&amp#27;[m:  Ignored because not a concrete top-level class: file [/Users/josephlpz/Documents/JustWork/JustWork-server/target/classes/JustWork/server/repository/UsuarioRepository.class]
&amp#27;[30m2023-04-04T21:53:39,752&amp#27;[m &amp#27;[36mDEBUG &amp#27;[m[&amp#27;[1;34mmain&amp#27;[m] &amp#27;[1;33mo.s.c.a.ClassPathScanningCandidateComponentProvider&amp#27;[m:  Identified candidate component class: file [/Users/josephlpz/Documents/JustWork/JustWork-server/target/classes/JustWork/server/service/LoginService.class]
&amp#27;[30m2023-04-04T21:53:39,753&amp#27;[m &amp#27;[36mDEBUG &amp#27;[m[&amp#27;[1;34mmain&amp#27;[m] &amp#27;[1;33mo.s.c.a.ClassPathScanningCandidateComponentProvider&amp#27;[m:  Identified candidate component class: file [/Users/josephlpz/Documents/JustWork/JustWork-server/target/classes/JustWork/server/service/TokenService.class]
&amp#27;[30m2023-04-04T21:53:39,753&amp#27;[m &amp#27;[36mDEBUG &amp#27;[m[&amp#27;[1;34mmain&amp#27;[m] &amp#27;[1;33mo.s.c.a.ClassPathScanningCandidateComponentProvider&amp#27;[m:  Identified candidate component class: file [/Users/josephlpz/Documents/JustWork/JustWork-server/target/classes/JustWork/server/service/UsuarioService.class]
&amp#27;[30m2023-04-04T21:53:40,202&amp#27;[m &amp#27;[32mINFO  &amp#27;[m[&amp#27;[1;34mmain&amp#27;[m] &amp#27;[1;33mo.s.d.r.c.RepositoryConfigurationDelegate&amp#27;[m:  Bootstrapping Spring Data JPA repositories in DEFAULT mode.
&amp#27;[30m2023-04-04T21:53:40,211&amp#27;[m &amp#27;[36mDEBUG &amp#27;[m[&amp#27;[1;34mmain&amp#27;[m] &amp#27;[1;33mo.s.b.f.s.DefaultSingletonBeanRegistry&amp#27;[m:  Creating shared instance of singleton bean 'org.springframework.boot.autoconfigure.AutoConfigurationPackages'
&amp#27;[30m2023-04-04T21:53:40,213&amp#27;[m &amp#27;[36mDEBUG &amp#27;[m[&amp#27;[1;34mmain&amp#27;[m] &amp#27;[1;33mo.s.b.a.AutoConfigurationPackages$BasePackages&amp#27;[m:  @EnableAutoConfiguration was declared on a class in the package 'JustWork.server'. Automatic @Repository and @Entity scanning is enabled.
&amp#27;[30m2023-04-04T21:53:40,214&amp#27;[m &amp#27;[36mDEBUG &amp#27;[m[&amp#27;[1;34mmain&amp#27;[m] &amp#27;[1;33mo.s.d.r.c.RepositoryConfigurationDelegate&amp#27;[m:  Scanning for JPA repositories in packages JustWork.server.
&amp#27;[30m2023-04-04T21:53:40,233&amp#27;[m &amp#27;[36mDEBUG &amp#27;[m[&amp#27;[1;34mmain&amp#27;[m] &amp#27;[1;33mo.s.c.a.ClassPathScanningCandidateComponentProvider&amp#27;[m:  Identified candidate component class: file [/Users/josephlpz/Documents/JustWork/JustWork-server/target/classes/JustWork/server/repository/RolRepository.class]
&amp#27;[30m2023-04-04T21:53:40,233&amp#27;[m &amp#27;[36mDEBUG &amp#27;[m[&amp#27;[1;34mmain&amp#27;[m] &amp#27;[1;33mo.s.c.a.ClassPathScanningCandidateComponentProvider&amp#27;[m:  Identified candidate component class: file [/Users/josephlpz/Documents/JustWork/JustWork-server/target/classes/JustWork/server/repository/TokenRepository.class]
&amp#27;[30m2023-04-04T21:53:40,233&amp#27;[m &amp#27;[36mDEBUG &amp#27;[m[&amp#27;[1;34mmain&amp#27;[m] &amp#27;[1;33mo.s.c.a.ClassPathScanningCandidateComponentProvider&amp#27;[m:  Identified candidate component class: file [/Users/josephlpz/Documents/JustWork/JustWork-server/target/classes/JustWork/server/repository/UsuarioRepository.class]
&amp#27;[30m2023-04-04T21:53:40,262&amp#27;[m &amp#27;[32mINFO  &amp#27;[m[&amp#27;[1;34mmain&amp#27;[m] &amp#27;[1;33mo.s.d.r.c.RepositoryConfigurationDelegate&amp#27;[m:  Finished Spring Data repository scanning in 48 ms. Found 3 JPA repository interfaces.
&amp#27;[30m2023-04-04T21:53:40,334&amp#27;[m &amp#27;[36mDEBUG &amp#27;[m[&amp#27;[1;34mmain&amp#27;[m] &amp#27;[1;33mo.s.b.f.s.DefaultSingletonBeanRegistry&amp#27;[m:  Creating shared instance of singleton bean 'org.springframework.boot.test.web.client.TestRestTemplateContextCustomizer$TestRestTemplateRegistrar'
&amp#27;[30m2023-04-04T21:53:40,337&amp#27;[m &amp#27;[36mDEBUG &amp#27;[m[&amp#27;[1;34mmain&amp#27;[m] &amp#27;[1;33mo.s.b.f.s.DefaultSingletonBeanRegistry&amp#27;[m:  Creating shared instance of singleton bean 'propertySourcesPlaceholderConfigurer'
&amp#27;[30m2023-04-04T21:53:40,345&amp#27;[m &amp#27;[36mDEBUG &amp#27;[m[&amp#27;[1;34mmain&amp#27;[m] &amp#27;[1;33mo.s.b.f.s.DefaultSingletonBeanRegistry&amp#27;[m:  Creating shared instance of singleton bean 'org.springframework.boot.test.mock.mockito.MockitoPostProcessor'
&amp#27;[30m2023-04-04T21:53:40,347&amp#27;[m &amp#27;[36mDEBUG &amp#27;[m[&amp#27;[1;34mmain&amp#27;[m] &amp#27;[1;33mo.s.b.f.s.DefaultSingletonBeanRegistry&amp#27;[m:  Creating shared instance of singleton bean 'emBeanDefinitionRegistrarPostProcessor'
&amp#27;[30m2023-04-04T21:53:40,347&amp#27;[m &amp#27;[36mDEBUG &amp#27;[m[&amp#27;[1;34mmain&amp#27;[m] &amp#27;[1;33mo.s.b.f.s.DefaultSingletonBeanRegistry&amp#27;[m:  Creating shared instance of singleton bean 'org.springframework.boot.sql.init.dependency.DatabaseInitializationDependencyConfigurer$DependsOnDatabaseInitializationPostProcessor'
&amp#27;[30m2023-04-04T21:53:40,366&amp#27;[m &amp#27;[36mDEBUG &amp#27;[m[&amp#27;[1;34mmain&amp#27;[m] &amp#27;[1;33mo.s.b.f.s.DefaultSingletonBeanRegistry&amp#27;[m:  Creating shared instance of singleton bean 'org.springframework.context.event.internalEventListenerProcessor'
&amp#27;[30m2023-04-04T21:53:40,367&amp#27;[m &amp#27;[36mDEBUG &amp#27;[m[&amp#27;[1;34mmain&amp#27;[m] &amp#27;[1;33mo.s.b.f.s.DefaultSingletonBeanRegistry&amp#27;[m:  Creating shared instance of singleton bean 'conversionServicePostProcessor'
&amp#27;[30m2023-04-04T21:53:40,368&amp#27;[m &amp#27;[36mDEBUG &amp#27;[m[&amp#27;[1;34mmain&amp#27;[m] &amp#27;[1;33mo.s.b.f.s.DefaultSingletonBeanRegistry&amp#27;[m:  Creating shared instance of singleton bean 'preserveErrorControllerTargetClassPostProcessor'
&amp#27;[30m2023-04-04T21:53:40,368&amp#27;[m &amp#27;[36mDEBUG &amp#27;[m[&amp#27;[1;34mmain&amp#27;[m] &amp#27;[1;33mo.s.b.f.s.DefaultSingletonBeanRegistry&amp#27;[m:  Creating shared instance of singleton bean 'org.springframework.context.event.internalEventListenerFactory'
&amp#27;[30m2023-04-04T21:53:40,368&amp#27;[m &amp#27;[36mDEBUG &amp#27;[m[&amp#27;[1;34mmain&amp#27;[m] &amp#27;[1;33mo.s.b.f.s.DefaultSingletonBeanRegistry&amp#27;[m:  Creating shared instance of singleton bean 'org.springframework.transaction.config.internalTransactionalEventListenerFactory'
&amp#27;[30m2023-04-04T21:53:40,370&amp#27;[m &amp#27;[36mDEBUG &amp#27;[m[&amp#27;[1;34mmain&amp#27;[m] &amp#27;[1;33mo.s.b.f.s.DefaultSingletonBeanRegistry&amp#27;[m:  Creating shared instance of singleton bean 'org.springframework.context.annotation.internalAutowiredAnnotationProcessor'
&amp#27;[30m2023-04-04T21:53:40,372&amp#27;[m &amp#27;[36mDEBUG &amp#27;[m[&amp#27;[1;34mmain&amp#27;[m] &amp#27;[1;33mo.s.b.f.s.DefaultSingletonBeanRegistry&amp#27;[m:  Creating shared instance of singleton bean 'org.springframework.context.annotation.internalCommonAnnotationProcessor'
&amp#27;[30m2023-04-04T21:53:40,372&amp#27;[m &amp#27;[36mDEBUG &amp#27;[m[&amp#27;[1;34mmain&amp#27;[m] &amp#27;[1;33mo.s.b.f.s.DefaultSingletonBeanRegistry&amp#27;[m:  Creating shared instance of singleton bean 'org.springframework.context.annotation.internalPersistenceAnnotationProcessor'
&amp#27;[30m2023-04-04T21:53:40,372&amp#27;[m &amp#27;[36mDEBUG &amp#27;[m[&amp#27;[1;34mmain&amp#27;[m] &amp#27;[1;33mo.s.b.f.s.DefaultSingletonBeanRegistry&amp#27;[m:  Creating shared instance of singleton bean 'org.springframework.boot.test.mock.mockito.MockitoPostProcessor$SpyPostProcessor'
&amp#27;[30m2023-04-04T21:53:40,373&amp#27;[m &amp#27;[36mDEBUG &amp#27;[m[&amp#27;[1;34mmain&amp#27;[m] &amp#27;[1;33mo.s.b.f.s.DefaultSingletonBeanRegistry&amp#27;[m:  Creating shared instance of singleton bean 'org.springframework.boot.context.properties.ConfigurationPropertiesBindingPostProcessor'
&amp#27;[30m2023-04-04T21:53:40,373&amp#27;[m &amp#27;[36mDEBUG &amp#27;[m[&amp#27;[1;34mmain&amp#27;[m] &amp#27;[1;33mo.s.b.f.s.DefaultSingletonBeanRegistry&amp#27;[m:  Creating shared instance of singleton bean 'org.springframework.boot.context.internalConfigurationPropertiesBinder'
&amp#27;[30m2023-04-04T21:53:40,373&amp#27;[m &amp#27;[36mDEBUG &amp#27;[m[&amp#27;[1;34mmain&amp#27;[m] &amp#27;[1;33mo.s.b.f.s.DefaultSingletonBeanRegistry&amp#27;[m:  Creating shared instance of singleton bean 'org.springframework.boot.context.internalConfigurationPropertiesBinderFactory'
&amp#27;[30m2023-04-04T21:53:40,374&amp#27;[m &amp#27;[36mDEBUG &amp#27;[m[&amp#27;[1;34mmain&amp#27;[m] &amp#27;[1;33mo.s.b.f.s.DefaultSingletonBeanRegistry&amp#27;[m:  Creating shared instance of singleton bean 'org.springframework.aop.config.internalAutoProxyCreator'
&amp#27;[30m2023-04-04T21:53:40,398&amp#27;[m &amp#27;[36mDEBUG &amp#27;[m[&amp#27;[1;34mmain&amp#27;[m] &amp#27;[1;33mo.s.b.f.s.DefaultSingletonBeanRegistry&amp#27;[m:  Creating shared instance of singleton bean 'persistenceExceptionTranslationPostProcessor'
&amp#27;[30m2023-04-04T21:53:40,402&amp#27;[m &amp#27;[36mDEBUG &amp#27;[m[&amp#27;[1;34mmain&amp#27;[m] &amp#27;[1;33mo.s.b.f.s.ConstructorResolver&amp#27;[m:  Autowiring by type from bean name 'persistenceExceptionTranslationPostProcessor' via factory method to bean named 'environment'
&amp#27;[30m2023-04-04T21:53:40,411&amp#27;[m &amp#27;[36mDEBUG &amp#27;[m[&amp#27;[1;34mmain&amp#27;[m] &amp#27;[1;33mo.s.b.f.s.DefaultSingletonBeanRegistry&amp#27;[m:  Creating shared instance of singleton bean 'webServerFactoryCustomizerBeanPostProcessor'
&amp#27;[30m2023-04-04T21:53:40,416&amp#27;[m &amp#27;[36mDEBUG &amp#27;[m[&amp#27;[1;34mmain&amp#27;[m] &amp#27;[1;33mo.s.b.f.s.DefaultSingletonBeanRegistry&amp#27;[m:  Creating shared instance of singleton bean 'errorPageRegistrarBeanPostProcessor'
&amp#27;[30m2023-04-04T21:53:40,420&amp#27;[m &amp#27;[36mDEBUG &amp#27;[m[&amp#27;[1;34mmain&amp#27;[m] &amp#27;[1;33mo.s.b.f.s.DefaultSingletonBeanRegistry&amp#27;[m:  Creating shared instance of singleton bean 'hypermediaRepresentionModelProcessorConfigurator'
&amp#27;[30m2023-04-04T21:53:40,421&amp#27;[m &amp#27;[36mDEBUG &amp#27;[m[&amp#27;[1;34mmain&amp#27;[m] &amp#27;[1;33mo.s.b.f.s.DefaultSingletonBeanRegistry&amp#27;[m:  Creating shared instance of singleton bean 'metaDataSourceAdvisor'
&amp#27;[30m2023-04-04T21:53:40,422&amp#27;[m &amp#27;[36mDEBUG &amp#27;[m[&amp#27;[1;34mmain&amp#27;[m] &amp#27;[1;33mo.s.b.f.s.DefaultSingletonBeanRegistry&amp#27;[m:  Creating shared instance of singleton bean 'methodSecurityMetadataSource'
&amp#27;[30m2023-04-04T21:53:40,422&amp#27;[m &amp#27;[36mDEBUG &amp#27;[m[&amp#27;[1;34mmain&amp#27;[m] &amp#27;[1;33mo.s.b.f.s.DefaultSingletonBeanRegistry&amp#27;[m:  Creating shared instance of singleton bean 'org.springframework.security.config.annotation.method.configuration.GlobalMethodSecurityConfiguration'
&amp#27;[30m2023-04-04T21:53:40,423&amp#27;[m &amp#27;[36mDEBUG &amp#27;[m[&amp#27;[1;34mmain&amp#27;[m] &amp#27;[1;33mo.s.b.f.s.DefaultSingletonBeanRegistry&amp#27;[m:  Creating shared instance of singleton bean 'org.springframework.transaction.config.internalTransactionAdvisor'
&amp#27;[30m2023-04-04T21:53:40,423&amp#27;[m &amp#27;[36mDEBUG &amp#27;[m[&amp#27;[1;34mmain&amp#27;[m] &amp#27;[1;33mo.s.b.f.s.DefaultSingletonBeanRegistry&amp#27;[m:  Creating shared instance of singleton bean 'org.springframework.transaction.annotation.ProxyTransactionManagementConfiguration'
&amp#27;[30m2023-04-04T21:53:40,435&amp#27;[m &amp#27;[36mDEBUG &amp#27;[m[&amp#27;[1;34mmain&amp#27;[m] &amp#27;[1;33mo.s.b.f.s.DefaultSingletonBeanRegistry&amp#27;[m:  Creating shared instance of singleton bean 'transactionAttributeSource'
&amp#27;[30m2023-04-04T21:53:40,447&amp#27;[m &amp#27;[36mDEBUG &amp#27;[m[&amp#27;[1;34mmain&amp#27;[m] &amp#27;[1;33mo.s.b.f.s.DefaultSingletonBeanRegistry&amp#27;[m:  Creating shared instance of singleton bean 'transactionInterceptor'
&amp#27;[30m2023-04-04T21:53:40,448&amp#27;[m &amp#27;[36mDEBUG &amp#27;[m[&amp#27;[1;34mmain&amp#27;[m] &amp#27;[1;33mo.s.b.f.s.ConstructorResolver&amp#27;[m:  Autowiring by type from bean name 'transactionInterceptor' via factory method to bean named 'transactionAttributeSource'
&amp#27;[30m2023-04-04T21:53:40,456&amp#27;[m &amp#27;[36mDEBUG &amp#27;[m[&amp#27;[1;34mmain&amp#27;[m] &amp#27;[1;33mo.s.b.f.s.ConstructorResolver&amp#27;[m:  Autowiring by type from bean name 'org.springframework.transaction.config.internalTransactionAdvisor' via factory method to bean named 'transactionAttributeSource'
&amp#27;[30m2023-04-04T21:53:40,456&amp#27;[m &amp#27;[36mDEBUG &amp#27;[m[&amp#27;[1;34mmain&amp#27;[m] &amp#27;[1;33mo.s.b.f.s.ConstructorResolver&amp#27;[m:  Autowiring by type from bean name 'org.springframework.transaction.config.internalTransactionAdvisor' via factory method to bean named 'transactionInterceptor'
&amp#27;[30m2023-04-04T21:53:40,464&amp#27;[m &amp#27;[36mDEBUG &amp#27;[m[&amp#27;[1;34mmain&amp#27;[m] &amp#27;[1;33mo.s.b.f.s.DefaultSingletonBeanRegistry&amp#27;[m:  Creating shared instance of singleton bean 'objectPostProcessor'
&amp#27;[30m2023-04-04T21:53:40,464&amp#27;[m &amp#27;[36mDEBUG &amp#27;[m[&amp#27;[1;34mmain&amp#27;[m] &amp#27;[1;33mo.s.b.f.s.DefaultSingletonBeanRegistry&amp#27;[m:  Creating shared instance of singleton bean 'org.springframework.security.config.annotation.configuration.ObjectPostProcessorConfiguration'
&amp#27;[30m2023-04-04T21:53:40,468&amp#27;[m &amp#27;[36mDEBUG &amp#27;[m[&amp#27;[1;34mmain&amp#27;[m] &amp#27;[1;33mo.s.b.f.s.ConstructorResolver&amp#27;[m:  Autowiring by type from bean name 'objectPostProcessor' via factory method to bean named 'org.springframework.beans.factory.support.DefaultListableBeanFactory@301e5d23'
&amp#27;[30m2023-04-04T21:53:40,485&amp#27;[m &amp#27;[36mDEBUG &amp#27;[m[&amp#27;[1;34mmain&amp#27;[m] &amp#27;[1;33mo.s.b.f.s.DefaultSingletonBeanRegistry&amp#27;[m:  Creating shared instance of singleton bean 'hypermediaRestTemplateBeanPostProcessor'
&amp#27;[30m2023-04-04T21:53:40,487&amp#27;[m &amp#27;[36mDEBUG &amp#27;[m[&amp#27;[1;34mmain&amp#27;[m] &amp#27;[1;33mo.s.b.f.s.DefaultSingletonBeanRegistry&amp#27;[m:  Creating shared instance of singleton bean 'projectionDefinitionRegistrar'
&amp#27;[30m2023-04-04T21:53:40,491&amp#27;[m &amp#27;[36mDEBUG &amp#27;[m[&amp#27;[1;34mmain&amp#27;[m] &amp#27;[1;33mo.s.b.f.s.DefaultSingletonBeanRegistry&amp#27;[m:  Creating shared instance of singleton bean 'annotatedEventHandlerInvoker'
&amp#27;[30m2023-04-04T21:53:40,496&amp#27;[m &amp#27;[36mDEBUG &amp#27;[m[&amp#27;[1;34mmain&amp#27;[m] &amp#27;[1;33mo.s.u.c.s.UiApplicationContextUtils&amp#27;[m:  Unable to locate ThemeSource with name 'themeSource': using default [org.springframework.ui.context.support.ResourceBundleThemeSource@1ba3c03d]
&amp#27;[30m2023-04-04T21:53:40,498&amp#27;[m &amp#27;[36mDEBUG &amp#27;[m[&amp#27;[1;34mmain&amp#27;[m] &amp#27;[1;33mo.s.b.f.s.DefaultSingletonBeanRegistry&amp#27;[m:  Creating shared instance of singleton bean 'tomcatServletWebServerFactory'
&amp#27;[30m2023-04-04T21:53:40,498&amp#27;[m &amp#27;[36mDEBUG &amp#27;[m[&amp#27;[1;34mmain&amp#27;[m] &amp#27;[1;33mo.s.b.f.s.DefaultSingletonBeanRegistry&amp#27;[m:  Creating shared instance of singleton bean 'org.springframework.boot.autoconfigure.web.servlet.ServletWebServerFactoryConfiguration$EmbeddedTomcat'
&amp#27;[30m2023-04-04T21:53:40,513&amp#27;[m &amp#27;[36mDEBUG &amp#27;[m[&amp#27;[1;34mmain&amp#27;[m] &amp#27;[1;33mo.s.b.f.s.DefaultSingletonBeanRegistry&amp#27;[m:  Creating shared instance of singleton bean 'websocketServletWebServerCustomizer'
&amp#27;[30m2023-04-04T21:53:40,514&amp#27;[m &amp#27;[36mDEBUG &amp#27;[m[&amp#27;[1;34mmain&amp#27;[m] &amp#27;[1;33mo.s.b.f.s.DefaultSingletonBeanRegistry&amp#27;[m:  Creating shared instance of singleton bean 'org.springframework.boot.autoconfigure.websocket.servlet.WebSocketServletAutoConfiguration$TomcatWebSocketConfiguration'
&amp#27;[30m2023-04-04T21:53:40,525&amp#27;[m &amp#27;[36mDEBUG &amp#27;[m[&amp#27;[1;34mmain&amp#27;[m] &amp#27;[1;33mo.s.b.f.s.DefaultSingletonBeanRegistry&amp#27;[m:  Creating shared instance of singleton bean 'servletWebServerFactoryCustomizer'
&amp#27;[30m2023-04-04T21:53:40,525&amp#27;[m &amp#27;[36mDEBUG &amp#27;[m[&amp#27;[1;34mmain&amp#27;[m] &amp#27;[1;33mo.s.b.f.s.DefaultSingletonBeanRegistry&amp#27;[m:  Creating shared instance of singleton bean 'org.springframework.boot.autoconfigure.web.servlet.ServletWebServerFactoryAutoConfiguration'
&amp#27;[30m2023-04-04T21:53:40,529&amp#27;[m &amp#27;[36mDEBUG &amp#27;[m[&amp#27;[1;34mmain&amp#27;[m] &amp#27;[1;33mo.s.b.f.s.DefaultSingletonBeanRegistry&amp#27;[m:  Creating shared instance of singleton bean 'server-org.springframework.boot.autoconfigure.web.ServerProperties'
&amp#27;[30m2023-04-04T21:53:40,533&amp#27;[m &amp#27;[36mDEBUG &amp#27;[m[&amp#27;[1;34mmain&amp#27;[m] &amp#27;[1;33mo.s.b.f.s.DefaultSingletonBeanRegistry&amp#27;[m:  Creating shared instance of singleton bean 'org.springframework.boot.context.properties.BoundConfigurationProperties'
&amp#27;[30m2023-04-04T21:53:40,536&amp#27;[m &amp#27;[36mDEBUG &amp#27;[m[&amp#27;[1;34mmain&amp#27;[m] &amp#27;[1;33mo.s.b.f.s.DefaultSingletonBeanRegistry&amp#27;[m:  Creating shared instance of singleton bean 'stringOrNumberMigrationVersionConverter'
&amp#27;[30m2023-04-04T21:53:40,537&amp#27;[m &amp#27;[36mDEBUG &amp#27;[m[&amp#27;[1;34mmain&amp#27;[m] &amp#27;[1;33mo.s.b.f.s.DefaultSingletonBeanRegistry&amp#27;[m:  Creating shared instance of singleton bean 'org.springframework.boot.autoconfigure.flyway.FlywayAutoConfiguration'
&amp#27;[30m2023-04-04T21:53:40,556&amp#27;[m &amp#27;[36mDEBUG &amp#27;[m[&amp#27;[1;34mmain&amp#27;[m] &amp#27;[1;33mo.s.b.f.s.ConstructorResolver&amp#27;[m:  Autowiring by type from bean name 'servletWebServerFactoryCustomizer' via factory method to bean named 'server-org.springframework.boot.autoconfigure.web.ServerProperties'
&amp#27;[30m2023-04-04T21:53:40,559&amp#27;[m &amp#27;[36mDEBUG &amp#27;[m[&amp#27;[1;34mmain&amp#27;[m] &amp#27;[1;33mo.s.b.f.s.DefaultSingletonBeanRegistry&amp#27;[m:  Creating shared instance of singleton bean 'tomcatServletWebServerFactoryCustomizer'
&amp#27;[30m2023-04-04T21:53:40,560&amp#27;[m &amp#27;[36mDEBUG &amp#27;[m[&amp#27;[1;34mmain&amp#27;[m] &amp#27;[1;33mo.s.b.f.s.ConstructorResolver&amp#27;[m:  Autowiring by type from bean name 'tomcatServletWebServerFactoryCustomizer' via factory method to bean named 'server-org.springframework.boot.autoconfigure.web.ServerProperties'
&amp#27;[30m2023-04-04T21:53:40,563&amp#27;[m &amp#27;[36mDEBUG &amp#27;[m[&amp#27;[1;34mmain&amp#27;[m] &amp#27;[1;33mo.s.b.f.s.DefaultSingletonBeanRegistry&amp#27;[m:  Creating shared instance of singleton bean 'tomcatWebServerFactoryCustomizer'
&amp#27;[30m2023-04-04T21:53:40,563&amp#27;[m &amp#27;[36mDEBUG &amp#27;[m[&amp#27;[1;34mmain&amp#27;[m] &amp#27;[1;33mo.s.b.f.s.DefaultSingletonBeanRegistry&amp#27;[m:  Creating shared instance of singleton bean 'org.springframework.boot.autoconfigure.web.embedded.EmbeddedWebServerFactoryCustomizerAutoConfiguration$TomcatWebServerFactoryCustomizerConfiguration'
&amp#27;[30m2023-04-04T21:53:40,565&amp#27;[m &amp#27;[36mDEBUG &amp#27;[m[&amp#27;[1;34mmain&amp#27;[m] &amp#27;[1;33mo.s.b.f.s.ConstructorResolver&amp#27;[m:  Autowiring by type from bean name 'tomcatWebServerFactoryCustomizer' via factory method to bean named 'environment'
&amp#27;[30m2023-04-04T21:53:40,565&amp#27;[m &amp#27;[36mDEBUG &amp#27;[m[&amp#27;[1;34mmain&amp#27;[m] &amp#27;[1;33mo.s.b.f.s.ConstructorResolver&amp#27;[m:  Autowiring by type from bean name 'tomcatWebServerFactoryCustomizer' via factory method to bean named 'server-org.springframework.boot.autoconfigure.web.ServerProperties'
&amp#27;[30m2023-04-04T21:53:40,568&amp#27;[m &amp#27;[36mDEBUG &amp#27;[m[&amp#27;[1;34mmain&amp#27;[m] &amp#27;[1;33mo.s.b.f.s.DefaultSingletonBeanRegistry&amp#27;[m:  Creating shared instance of singleton bean 'localeCharsetMappingsCustomizer'
&amp#27;[30m2023-04-04T21:53:40,569&amp#27;[m &amp#27;[36mDEBUG &amp#27;[m[&amp#27;[1;34mmain&amp#27;[m] &amp#27;[1;33mo.s.b.f.s.DefaultSingletonBeanRegistry&amp#27;[m:  Creating shared instance of singleton bean 'org.springframework.boot.autoconfigure.web.servlet.HttpEncodingAutoConfiguration'
&amp#27;[30m2023-04-04T21:53:40,569&amp#27;[m &amp#27;[36mDEBUG &amp#27;[m[&amp#27;[1;34mmain&amp#27;[m] &amp#27;[1;33mo.s.b.f.s.ConstructorResolver&amp#27;[m:  Autowiring by type from bean name 'org.springframework.boot.autoconfigure.web.servlet.HttpEncodingAutoConfiguration' via constructor to bean named 'server-org.springframework.boot.autoconfigure.web.ServerProperties'
&amp#27;[30m2023-04-04T21:53:40,579&amp#27;[m &amp#27;[36mDEBUG &amp#27;[m[&amp#27;[1;34mmain&amp#27;[m] &amp#27;[1;33mo.s.b.f.s.DefaultSingletonBeanRegistry&amp#27;[m:  Creating shared instance of singleton bean 'errorPageCustomizer'
&amp#27;[30m2023-04-04T21:53:40,579&amp#27;[m &amp#27;[36mDEBUG &amp#27;[m[&amp#27;[1;34mmain&amp#27;[m] &amp#27;[1;33mo.s.b.f.s.DefaultSingletonBeanRegistry&amp#27;[m:  Creating shared instance of singleton bean 'org.springframework.boot.autoconfigure.web.servlet.error.ErrorMvcAutoConfiguration'
&amp#27;[30m2023-04-04T21:53:40,580&amp#27;[m &amp#27;[36mDEBUG &amp#27;[m[&amp#27;[1;34mmain&amp#27;[m] &amp#27;[1;33mo.s.b.f.s.ConstructorResolver&amp#27;[m:  Autowiring by type from bean name 'org.springframework.boot.autoconfigure.web.servlet.error.ErrorMvcAutoConfiguration' via constructor to bean named 'server-org.springframework.boot.autoconfigure.web.ServerProperties'
&amp#27;[30m2023-04-04T21:53:40,584&amp#27;[m &amp#27;[36mDEBUG &amp#27;[m[&amp#27;[1;34mmain&amp#27;[m] &amp#27;[1;33mo.s.b.f.s.DefaultSingletonBeanRegistry&amp#27;[m:  Creating shared instance of singleton bean 'dispatcherServletRegistration'
&amp#27;[30m2023-04-04T21:53:40,585&amp#27;[m &amp#27;[36mDEBUG &amp#27;[m[&amp#27;[1;34mmain&amp#27;[m] &amp#27;[1;33mo.s.b.f.s.DefaultSingletonBeanRegistry&amp#27;[m:  Creating shared instance of singleton bean 'org.springframework.boot.autoconfigure.web.servlet.DispatcherServletAutoConfiguration$DispatcherServletRegistrationConfiguration'
&amp#27;[30m2023-04-04T21:53:40,587&amp#27;[m &amp#27;[36mDEBUG &amp#27;[m[&amp#27;[1;34mmain&amp#27;[m] &amp#27;[1;33mo.s.b.f.s.DefaultSingletonBeanRegistry&amp#27;[m:  Creating shared instance of singleton bean 'dispatcherServlet'
&amp#27;[30m2023-04-04T21:53:40,587&amp#27;[m &amp#27;[36mDEBUG &amp#27;[m[&amp#27;[1;34mmain&amp#27;[m] &amp#27;[1;33mo.s.b.f.s.DefaultSingletonBeanRegistry&amp#27;[m:  Creating shared instance of singleton bean 'org.springframework.boot.autoconfigure.web.servlet.DispatcherServletAutoConfiguration$DispatcherServletConfiguration'
&amp#27;[30m2023-04-04T21:53:40,590&amp#27;[m &amp#27;[36mDEBUG &amp#27;[m[&amp#27;[1;34mmain&amp#27;[m] &amp#27;[1;33mo.s.b.f.s.DefaultSingletonBeanRegistry&amp#27;[m:  Creating shared instance of singleton bean 'spring.mvc-org.springframework.boot.autoconfigure.web.servlet.WebMvcProperties'
&amp#27;[30m2023-04-04T21:53:40,596&amp#27;[m &amp#27;[36mDEBUG &amp#27;[m[&amp#27;[1;34mmain&amp#27;[m] &amp#27;[1;33mo.s.b.f.s.ConstructorResolver&amp#27;[m:  Autowiring by type from bean name 'dispatcherServlet' via factory method to bean named 'spring.mvc-org.springframework.boot.autoconfigure.web.servlet.WebMvcProperties'
&amp#27;[30m2023-04-04T21:53:40,608&amp#27;[m &amp#27;[36mDEBUG &amp#27;[m[&amp#27;[1;34mmain&amp#27;[m] &amp#27;[1;33mo.s.b.f.s.ConstructorResolver&amp#27;[m:  Autowiring by type from bean name 'dispatcherServletRegistration' via factory method to bean named 'dispatcherServlet'
&amp#27;[30m2023-04-04T21:53:40,609&amp#27;[m &amp#27;[36mDEBUG &amp#27;[m[&amp#27;[1;34mmain&amp#27;[m] &amp#27;[1;33mo.s.b.f.s.ConstructorResolver&amp#27;[m:  Autowiring by type from bean name 'dispatcherServletRegistration' via factory method to bean named 'spring.mvc-org.springframework.boot.autoconfigure.web.servlet.WebMvcProperties'
&amp#27;[30m2023-04-04T21:53:40,610&amp#27;[m &amp#27;[36mDEBUG &amp#27;[m[&amp#27;[1;34mmain&amp#27;[m] &amp#27;[1;33mo.s.b.f.s.DefaultSingletonBeanRegistry&amp#27;[m:  Creating shared instance of singleton bean 'multipartConfigElement'
&amp#27;[30m2023-04-04T21:53:40,610&amp#27;[m &amp#27;[36mDEBUG &amp#27;[m[&amp#27;[1;34mmain&amp#27;[m] &amp#27;[1;33mo.s.b.f.s.DefaultSingletonBeanRegistry&amp#27;[m:  Creating shared instance of singleton bean 'org.springframework.boot.autoconfigure.web.servlet.MultipartAutoConfiguration'
&amp#27;[30m2023-04-04T21:53:40,611&amp#27;[m &amp#27;[36mDEBUG &amp#27;[m[&amp#27;[1;34mmain&amp#27;[m] &amp#27;[1;33mo.s.b.f.s.DefaultSingletonBeanRegistry&amp#27;[m:  Creating shared instance of singleton bean 'spring.servlet.multipart-org.springframework.boot.autoconfigure.web.servlet.MultipartProperties'
&amp#27;[30m2023-04-04T21:53:40,617&amp#27;[m &amp#27;[36mDEBUG &amp#27;[m[&amp#27;[1;34mmain&amp#27;[m] &amp#27;[1;33mo.s.b.f.s.ConstructorResolver&amp#27;[m:  Autowiring by type from bean name 'org.springframework.boot.autoconfigure.web.servlet.MultipartAutoConfiguration' via constructor to bean named 'spring.servlet.multipart-org.springframework.boot.autoconfigure.web.servlet.MultipartProperties'
&amp#27;[30m2023-04-04T21:53:40,625&amp#27;[m &amp#27;[36mDEBUG &amp#27;[m[&amp#27;[1;34mmain&amp#27;[m] &amp#27;[1;33mo.s.b.f.s.ConstructorResolver&amp#27;[m:  Autowiring by type from bean name 'errorPageCustomizer' via factory method to bean named 'dispatcherServletRegistration'
&amp#27;[30m2023-04-04T21:53:40,633&amp#27;[m &amp#27;[36mDEBUG &amp#27;[m[&amp#27;[1;34mmain&amp#27;[m] &amp#27;[1;33mo.s.b.w.s.s.DocumentRoot&amp#27;[m:  Code archive: /Users/josephlpz/.m2/repository/org/springframework/boot/spring-boot/2.7.2/spring-boot-2.7.2.jar
&amp#27;[30m2023-04-04T21:53:40,633&amp#27;[m &amp#27;[36mDEBUG &amp#27;[m[&amp#27;[1;34mmain&amp#27;[m] &amp#27;[1;33mo.s.b.w.s.s.DocumentRoot&amp#27;[m:  Code archive: /Users/josephlpz/.m2/repository/org/springframework/boot/spring-boot/2.7.2/spring-boot-2.7.2.jar
&amp#27;[30m2023-04-04T21:53:40,634&amp#27;[m &amp#27;[36mDEBUG &amp#27;[m[&amp#27;[1;34mmain&amp#27;[m] &amp#27;[1;33mo.s.b.w.s.s.DocumentRoot&amp#27;[m:  None of the document roots [src/main/webapp, public, static] point to a directory and will be ignored.
&amp#27;[30m2023-04-04T21:53:40,638&amp#27;[m &amp#27;[32mINFO  &amp#27;[m[&amp#27;[1;34mmain&amp#27;[m] &amp#27;[1;33mo.s.b.w.e.t.TomcatWebServer&amp#27;[m:  Tomcat initialized with port(s): 0 (http)
&amp#27;[30m2023-04-04T21:53:40,677&amp#27;[m &amp#27;[36mDEBUG &amp#27;[m[&amp#27;[1;34mmain&amp#27;[m] &amp#27;[1;33mo.s.b.w.s.c.ServletWebServerApplicationContext&amp#27;[m:  Published root WebApplicationContext as ServletContext attribute with name [org.springframework.web.context.WebApplicationContext.ROOT]
&amp#27;[30m2023-04-04T21:53:40,677&amp#27;[m &amp#27;[32mINFO  &amp#27;[m[&amp#27;[1;34mmain&amp#27;[m] &amp#27;[1;33mo.s.b.w.s.c.ServletWebServerApplicationContext&amp#27;[m:  Root WebApplicationContext: initialization completed in 988 ms
&amp#27;[30m2023-04-04T21:53:40,678&amp#27;[m &amp#27;[36mDEBUG &amp#27;[m[&amp#27;[1;34mmain&amp#27;[m] &amp#27;[1;33mo.s.b.f.s.DefaultSingletonBeanRegistry&amp#27;[m:  Creating shared instance of singleton bean 'h2Console'
&amp#27;[30m2023-04-04T21:53:40,678&amp#27;[m &amp#27;[36mDEBUG &amp#27;[m[&amp#27;[1;34mmain&amp#27;[m] &amp#27;[1;33mo.s.b.f.s.DefaultSingletonBeanRegistry&amp#27;[m:  Creating shared instance of singleton bean 'org.springframework.boot.autoconfigure.h2.H2ConsoleAutoConfiguration'
&amp#27;[30m2023-04-04T21:53:40,681&amp#27;[m &amp#27;[36mDEBUG &amp#27;[m[&amp#27;[1;34mmain&amp#27;[m] &amp#27;[1;33mo.s.b.f.s.DefaultSingletonBeanRegistry&amp#27;[m:  Creating shared instance of singleton bean 'spring.h2.console-org.springframework.boot.autoconfigure.h2.H2ConsoleProperties'
&amp#27;[30m2023-04-04T21:53:40,687&amp#27;[m &amp#27;[36mDEBUG &amp#27;[m[&amp#27;[1;34mmain&amp#27;[m] &amp#27;[1;33mo.s.b.f.s.ConstructorResolver&amp#27;[m:  Autowiring by type from bean name 'h2Console' via factory method to bean named 'spring.h2.console-org.springframework.boot.autoconfigure.h2.H2ConsoleProperties'
&amp#27;[30m2023-04-04T21:53:40,688&amp#27;[m &amp#27;[36mDEBUG &amp#27;[m[&amp#27;[1;34mmain&amp#27;[m] &amp#27;[1;33mo.s.b.f.s.DefaultSingletonBeanRegistry&amp#27;[m:  Creating shared instance of singleton bean 'dataSource'
&amp#27;[30m2023-04-04T21:53:40,688&amp#27;[m &amp#27;[36mDEBUG &amp#27;[m[&amp#27;[1;34mmain&amp#27;[m] &amp#27;[1;33mo.s.b.f.s.DefaultSingletonBeanRegistry&amp#27;[m:  Creating shared instance of singleton bean 'org.springframework.boot.autoconfigure.jdbc.DataSourceConfiguration$Hikari'
&amp#27;[30m2023-04-04T21:53:40,690&amp#27;[m &amp#27;[36mDEBUG &amp#27;[m[&amp#27;[1;34mmain&amp#27;[m] &amp#27;[1;33mo.s.b.f.s.DefaultSingletonBeanRegistry&amp#27;[m:  Creating shared instance of singleton bean 'spring.datasource-org.springframework.boot.autoconfigure.jdbc.DataSourceProperties'
&amp#27;[30m2023-04-04T21:53:40,697&amp#27;[m &amp#27;[36mDEBUG &amp#27;[m[&amp#27;[1;34mmain&amp#27;[m] &amp#27;[1;33mo.s.b.f.s.ConstructorResolver&amp#27;[m:  Autowiring by type from bean name 'dataSource' via factory method to bean named 'spring.datasource-org.springframework.boot.autoconfigure.jdbc.DataSourceProperties'
&amp#27;[30m2023-04-04T21:53:40,698&amp#27;[m &amp#27;[36mDEBUG &amp#27;[m[&amp#27;[1;34mmain&amp#27;[m] &amp#27;[1;33mc.z.h.HikariConfig&amp#27;[m:  Driver class org.postgresql.Driver found in Thread context class loader TomcatEmbeddedWebappClassLoader
  context: ROOT
  delegate: true
----------> Parent Classloader:
jdk.internal.loader.ClassLoaders$AppClassLoader@55054057

&amp#27;[30m2023-04-04T21:53:40,711&amp#27;[m &amp#27;[36mDEBUG &amp#27;[m[&amp#27;[1;34mmain&amp#27;[m] &amp#27;[1;33mc.z.h.HikariConfig&amp#27;[m:  HikariPool-2 - configuration:
&amp#27;[30m2023-04-04T21:53:40,712&amp#27;[m &amp#27;[36mDEBUG &amp#27;[m[&amp#27;[1;34mmain&amp#27;[m] &amp#27;[1;33mc.z.h.HikariConfig&amp#27;[m:  allowPoolSuspension................................false
&amp#27;[30m2023-04-04T21:53:40,712&amp#27;[m &amp#27;[36mDEBUG &amp#27;[m[&amp#27;[1;34mmain&amp#27;[m] &amp#27;[1;33mc.z.h.HikariConfig&amp#27;[m:  autoCommit................................true
&amp#27;[30m2023-04-04T21:53:40,712&amp#27;[m &amp#27;[36mDEBUG &amp#27;[m[&amp#27;[1;34mmain&amp#27;[m] &amp#27;[1;33mc.z.h.HikariConfig&amp#27;[m:  catalog................................none
&amp#27;[30m2023-04-04T21:53:40,712&amp#27;[m &amp#27;[36mDEBUG &amp#27;[m[&amp#27;[1;34mmain&amp#27;[m] &amp#27;[1;33mc.z.h.HikariConfig&amp#27;[m:  connectionInitSql................................none
&amp#27;[30m2023-04-04T21:53:40,712&amp#27;[m &amp#27;[36mDEBUG &amp#27;[m[&amp#27;[1;34mmain&amp#27;[m] &amp#27;[1;33mc.z.h.HikariConfig&amp#27;[m:  connectionTestQuery................................none
&amp#27;[30m2023-04-04T21:53:40,712&amp#27;[m &amp#27;[36mDEBUG &amp#27;[m[&amp#27;[1;34mmain&amp#27;[m] &amp#27;[1;33mc.z.h.HikariConfig&amp#27;[m:  connectionTimeout................................30000
&amp#27;[30m2023-04-04T21:53:40,712&amp#27;[m &amp#27;[36mDEBUG &amp#27;[m[&amp#27;[1;34mmain&amp#27;[m] &amp#27;[1;33mc.z.h.HikariConfig&amp#27;[m:  dataSource................................none
&amp#27;[30m2023-04-04T21:53:40,712&amp#27;[m &amp#27;[36mDEBUG &amp#27;[m[&amp#27;[1;34mmain&amp#27;[m] &amp#27;[1;33mc.z.h.HikariConfig&amp#27;[m:  dataSourceClassName................................none
&amp#27;[30m2023-04-04T21:53:40,712&amp#27;[m &amp#27;[36mDEBUG &amp#27;[m[&amp#27;[1;34mmain&amp#27;[m] &amp#27;[1;33mc.z.h.HikariConfig&amp#27;[m:  dataSourceJNDI................................none
&amp#27;[30m2023-04-04T21:53:40,712&amp#27;[m &amp#27;[36mDEBUG &amp#27;[m[&amp#27;[1;34mmain&amp#27;[m] &amp#27;[1;33mc.z.h.HikariConfig&amp#27;[m:  dataSourceProperties................................{password=<masked>}
&amp#27;[30m2023-04-04T21:53:40,712&amp#27;[m &amp#27;[36mDEBUG &amp#27;[m[&amp#27;[1;34mmain&amp#27;[m] &amp#27;[1;33mc.z.h.HikariConfig&amp#27;[m:  driverClassName................................"org.postgresql.Driver"
&amp#27;[30m2023-04-04T21:53:40,712&amp#27;[m &amp#27;[36mDEBUG &amp#27;[m[&amp#27;[1;34mmain&amp#27;[m] &amp#27;[1;33mc.z.h.HikariConfig&amp#27;[m:  exceptionOverrideClassName................................none
&amp#27;[30m2023-04-04T21:53:40,713&amp#27;[m &amp#27;[36mDEBUG &amp#27;[m[&amp#27;[1;34mmain&amp#27;[m] &amp#27;[1;33mc.z.h.HikariConfig&amp#27;[m:  healthCheckProperties................................{}
&amp#27;[30m2023-04-04T21:53:40,713&amp#27;[m &amp#27;[36mDEBUG &amp#27;[m[&amp#27;[1;34mmain&amp#27;[m] &amp#27;[1;33mc.z.h.HikariConfig&amp#27;[m:  healthCheckRegistry................................none
&amp#27;[30m2023-04-04T21:53:40,713&amp#27;[m &amp#27;[36mDEBUG &amp#27;[m[&amp#27;[1;34mmain&amp#27;[m] &amp#27;[1;33mc.z.h.HikariConfig&amp#27;[m:  idleTimeout................................600000
&amp#27;[30m2023-04-04T21:53:40,713&amp#27;[m &amp#27;[36mDEBUG &amp#27;[m[&amp#27;[1;34mmain&amp#27;[m] &amp#27;[1;33mc.z.h.HikariConfig&amp#27;[m:  initializationFailTimeout................................1
&amp#27;[30m2023-04-04T21:53:40,713&amp#27;[m &amp#27;[36mDEBUG &amp#27;[m[&amp#27;[1;34mmain&amp#27;[m] &amp#27;[1;33mc.z.h.HikariConfig&amp#27;[m:  isolateInternalQueries................................false
&amp#27;[30m2023-04-04T21:53:40,713&amp#27;[m &amp#27;[36mDEBUG &amp#27;[m[&amp#27;[1;34mmain&amp#27;[m] &amp#27;[1;33mc.z.h.HikariConfig&amp#27;[m:  jdbcUrl................................jdbc:postgresql://localhost:55013/test-db?loggerLevel=OFF?nullNamePatternMatchesAll=true&useSSL=false&useUnicode=yes&characterEncoding=UTF-8
&amp#27;[30m2023-04-04T21:53:40,713&amp#27;[m &amp#27;[36mDEBUG &amp#27;[m[&amp#27;[1;34mmain&amp#27;[m] &amp#27;[1;33mc.z.h.HikariConfig&amp#27;[m:  keepaliveTime................................0
&amp#27;[30m2023-04-04T21:53:40,713&amp#27;[m &amp#27;[36mDEBUG &amp#27;[m[&amp#27;[1;34mmain&amp#27;[m] &amp#27;[1;33mc.z.h.HikariConfig&amp#27;[m:  leakDetectionThreshold................................0
&amp#27;[30m2023-04-04T21:53:40,713&amp#27;[m &amp#27;[36mDEBUG &amp#27;[m[&amp#27;[1;34mmain&amp#27;[m] &amp#27;[1;33mc.z.h.HikariConfig&amp#27;[m:  maxLifetime................................1800000
&amp#27;[30m2023-04-04T21:53:40,713&amp#27;[m &amp#27;[36mDEBUG &amp#27;[m[&amp#27;[1;34mmain&amp#27;[m] &amp#27;[1;33mc.z.h.HikariConfig&amp#27;[m:  maximumPoolSize................................10
&amp#27;[30m2023-04-04T21:53:40,713&amp#27;[m &amp#27;[36mDEBUG &amp#27;[m[&amp#27;[1;34mmain&amp#27;[m] &amp#27;[1;33mc.z.h.HikariConfig&amp#27;[m:  metricRegistry................................none
&amp#27;[30m2023-04-04T21:53:40,714&amp#27;[m &amp#27;[36mDEBUG &amp#27;[m[&amp#27;[1;34mmain&amp#27;[m] &amp#27;[1;33mc.z.h.HikariConfig&amp#27;[m:  metricsTrackerFactory................................none
&amp#27;[30m2023-04-04T21:53:40,714&amp#27;[m &amp#27;[36mDEBUG &amp#27;[m[&amp#27;[1;34mmain&amp#27;[m] &amp#27;[1;33mc.z.h.HikariConfig&amp#27;[m:  minimumIdle................................10
&amp#27;[30m2023-04-04T21:53:40,714&amp#27;[m &amp#27;[36mDEBUG &amp#27;[m[&amp#27;[1;34mmain&amp#27;[m] &amp#27;[1;33mc.z.h.HikariConfig&amp#27;[m:  password................................<masked>
&amp#27;[30m2023-04-04T21:53:40,714&amp#27;[m &amp#27;[36mDEBUG &amp#27;[m[&amp#27;[1;34mmain&amp#27;[m] &amp#27;[1;33mc.z.h.HikariConfig&amp#27;[m:  poolName................................"HikariPool-2"
&amp#27;[30m2023-04-04T21:53:40,714&amp#27;[m &amp#27;[36mDEBUG &amp#27;[m[&amp#27;[1;34mmain&amp#27;[m] &amp#27;[1;33mc.z.h.HikariConfig&amp#27;[m:  readOnly................................false
&amp#27;[30m2023-04-04T21:53:40,714&amp#27;[m &amp#27;[36mDEBUG &amp#27;[m[&amp#27;[1;34mmain&amp#27;[m] &amp#27;[1;33mc.z.h.HikariConfig&amp#27;[m:  registerMbeans................................false
&amp#27;[30m2023-04-04T21:53:40,714&amp#27;[m &amp#27;[36mDEBUG &amp#27;[m[&amp#27;[1;34mmain&amp#27;[m] &amp#27;[1;33mc.z.h.HikariConfig&amp#27;[m:  scheduledExecutor................................none
&amp#27;[30m2023-04-04T21:53:40,714&amp#27;[m &amp#27;[36mDEBUG &amp#27;[m[&amp#27;[1;34mmain&amp#27;[m] &amp#27;[1;33mc.z.h.HikariConfig&amp#27;[m:  schema................................none
&amp#27;[30m2023-04-04T21:53:40,714&amp#27;[m &amp#27;[36mDEBUG &amp#27;[m[&amp#27;[1;34mmain&amp#27;[m] &amp#27;[1;33mc.z.h.HikariConfig&amp#27;[m:  threadFactory................................internal
&amp#27;[30m2023-04-04T21:53:40,714&amp#27;[m &amp#27;[36mDEBUG &amp#27;[m[&amp#27;[1;34mmain&amp#27;[m] &amp#27;[1;33mc.z.h.HikariConfig&amp#27;[m:  transactionIsolation................................default
&amp#27;[30m2023-04-04T21:53:40,714&amp#27;[m &amp#27;[36mDEBUG &amp#27;[m[&amp#27;[1;34mmain&amp#27;[m] &amp#27;[1;33mc.z.h.HikariConfig&amp#27;[m:  username................................"it"
&amp#27;[30m2023-04-04T21:53:40,714&amp#27;[m &amp#27;[36mDEBUG &amp#27;[m[&amp#27;[1;34mmain&amp#27;[m] &amp#27;[1;33mc.z.h.HikariConfig&amp#27;[m:  validationTimeout................................5000
&amp#27;[30m2023-04-04T21:53:40,714&amp#27;[m &amp#27;[32mINFO  &amp#27;[m[&amp#27;[1;34mmain&amp#27;[m] &amp#27;[1;33mc.z.h.HikariDataSource&amp#27;[m:  HikariPool-2 - Starting...
&amp#27;[30m2023-04-04T21:53:40,751&amp#27;[m &amp#27;[36mDEBUG &amp#27;[m[&amp#27;[1;34mmain&amp#27;[m] &amp#27;[1;33mc.z.h.p.HikariPool&amp#27;[m:  HikariPool-2 - Added connection org.postgresql.jdbc.PgConnection@43cc7951
&amp#27;[30m2023-04-04T21:53:40,751&amp#27;[m &amp#27;[32mINFO  &amp#27;[m[&amp#27;[1;34mmain&amp#27;[m] &amp#27;[1;33mc.z.h.HikariDataSource&amp#27;[m:  HikariPool-2 - Start completed.
&amp#27;[30m2023-04-04T21:53:40,752&amp#27;[m &amp#27;[32mINFO  &amp#27;[m[&amp#27;[1;34mmain&amp#27;[m] &amp#27;[1;33mo.s.b.a.h.H2ConsoleAutoConfiguration&amp#27;[m:  H2 console available at '/h2-ui'. Database available at 'jdbc:postgresql://localhost:55013/test-db?loggerLevel=OFF?nullNamePatternMatchesAll=true&useSSL=false&useUnicode=yes&characterEncoding=UTF-8'
&amp#27;[30m2023-04-04T21:53:40,763&amp#27;[m &amp#27;[36mDEBUG &amp#27;[m[&amp#27;[1;34mmain&amp#27;[m] &amp#27;[1;33mo.s.b.f.s.DefaultSingletonBeanRegistry&amp#27;[m:  Creating shared instance of singleton bean 'errorPageSecurityFilter'
&amp#27;[30m2023-04-04T21:53:40,764&amp#27;[m &amp#27;[36mDEBUG &amp#27;[m[&amp#27;[1;34mmain&amp#27;[m] &amp#27;[1;33mo.s.b.f.s.DefaultSingletonBeanRegistry&amp#27;[m:  Creating shared instance of singleton bean 'org.springframework.boot.autoconfigure.security.servlet.SpringBootWebSecurityConfiguration$ErrorPageSecurityFilterConfiguration'
&amp#27;[30m2023-04-04T21:53:40,767&amp#27;[m &amp#27;[36mDEBUG &amp#27;[m[&amp#27;[1;34mmain&amp#27;[m] &amp#27;[1;33mo.s.b.f.s.ConstructorResolver&amp#27;[m:  Autowiring by type from bean name 'errorPageSecurityFilter' via factory method to bean named 'org.springframework.boot.web.servlet.context.AnnotationConfigServletWebServerApplicationContext@1f8d42d1'
&amp#27;[30m2023-04-04T21:53:40,781&amp#27;[m &amp#27;[36mDEBUG &amp#27;[m[&amp#27;[1;34mmain&amp#27;[m] &amp#27;[1;33mo.s.b.f.s.DefaultSingletonBeanRegistry&amp#27;[m:  Creating shared instance of singleton bean 'securityFilterChainRegistration'
&amp#27;[30m2023-04-04T21:53:40,781&amp#27;[m &amp#27;[36mDEBUG &amp#27;[m[&amp#27;[1;34mmain&amp#27;[m] &amp#27;[1;33mo.s.b.f.s.DefaultSingletonBeanRegistry&amp#27;[m:  Creating shared instance of singleton bean 'org.springframework.boot.autoconfigure.security.servlet.SecurityFilterAutoConfiguration'
&amp#27;[30m2023-04-04T21:53:40,785&amp#27;[m &amp#27;[36mDEBUG &amp#27;[m[&amp#27;[1;34mmain&amp#27;[m] &amp#27;[1;33mo.s.b.f.s.DefaultSingletonBeanRegistry&amp#27;[m:  Creating shared instance of singleton bean 'spring.security-org.springframework.boot.autoconfigure.security.SecurityProperties'
&amp#27;[30m2023-04-04T21:53:40,789&amp#27;[m &amp#27;[36mDEBUG &amp#27;[m[&amp#27;[1;34mmain&amp#27;[m] &amp#27;[1;33mo.s.b.f.s.ConstructorResolver&amp#27;[m:  Autowiring by type from bean name 'securityFilterChainRegistration' via factory method to bean named 'spring.security-org.springframework.boot.autoconfigure.security.SecurityProperties'
&amp#27;[30m2023-04-04T21:53:40,798&amp#27;[m &amp#27;[36mDEBUG &amp#27;[m[&amp#27;[1;34mmain&amp#27;[m] &amp#27;[1;33mo.s.b.f.s.DefaultSingletonBeanRegistry&amp#27;[m:  Creating shared instance of singleton bean 'jwtRequestFilter'
&amp#27;[30m2023-04-04T21:53:40,810&amp#27;[m &amp#27;[36mDEBUG &amp#27;[m[&amp#27;[1;34mmain&amp#27;[m] &amp#27;[1;33mo.s.b.f.s.DefaultSingletonBeanRegistry&amp#27;[m:  Creating shared instance of singleton bean 'tokenService'
&amp#27;[30m2023-04-04T21:53:40,814&amp#27;[m &amp#27;[36mDEBUG &amp#27;[m[&amp#27;[1;34mmain&amp#27;[m] &amp#27;[1;33mo.s.b.f.s.DefaultSingletonBeanRegistry&amp#27;[m:  Creating shared instance of singleton bean 'tokenRepository'
&amp#27;[30m2023-04-04T21:53:40,850&amp#27;[m &amp#27;[36mDEBUG &amp#27;[m[&amp#27;[1;34mmain&amp#27;[m] &amp#27;[1;33mo.s.b.f.s.DefaultSingletonBeanRegistry&amp#27;[m:  Creating shared instance of singleton bean 'flyway'
&amp#27;[30m2023-04-04T21:53:40,850&amp#27;[m &amp#27;[36mDEBUG &amp#27;[m[&amp#27;[1;34mmain&amp#27;[m] &amp#27;[1;33mo.s.b.f.s.DefaultSingletonBeanRegistry&amp#27;[m:  Creating shared instance of singleton bean 'org.springframework.boot.autoconfigure.flyway.FlywayAutoConfiguration$FlywayConfiguration'
&amp#27;[30m2023-04-04T21:53:40,852&amp#27;[m &amp#27;[36mDEBUG &amp#27;[m[&amp#27;[1;34mmain&amp#27;[m] &amp#27;[1;33mo.s.b.f.s.DefaultSingletonBeanRegistry&amp#27;[m:  Creating shared instance of singleton bean 'spring.flyway-org.springframework.boot.autoconfigure.flyway.FlywayProperties'
&amp#27;[30m2023-04-04T21:53:40,857&amp#27;[m &amp#27;[36mDEBUG &amp#27;[m[&amp#27;[1;34mHikariPool-2 housekeeper&amp#27;[m] &amp#27;[1;33mc.z.h.p.HikariPool&amp#27;[m:  HikariPool-2 - Pool stats (total=1, active=0, idle=1, waiting=0)
&amp#27;[30m2023-04-04T21:53:40,865&amp#27;[m &amp#27;[36mDEBUG &amp#27;[m[&amp#27;[1;34mmain&amp#27;[m] &amp#27;[1;33mo.s.b.f.s.ConstructorResolver&amp#27;[m:  Autowiring by type from bean name 'flyway' via factory method to bean named 'spring.flyway-org.springframework.boot.autoconfigure.flyway.FlywayProperties'
&amp#27;[30m2023-04-04T21:53:40,865&amp#27;[m &amp#27;[36mDEBUG &amp#27;[m[&amp#27;[1;34mmain&amp#27;[m] &amp#27;[1;33mo.s.b.f.s.ConstructorResolver&amp#27;[m:  Autowiring by type from bean name 'flyway' via factory method to bean named 'org.springframework.boot.web.servlet.context.AnnotationConfigServletWebServerApplicationContext@1f8d42d1'
&amp#27;[30m2023-04-04T21:53:40,870&amp#27;[m &amp#27;[36mDEBUG &amp#27;[m[&amp#27;[1;34mmain&amp#27;[m] &amp#27;[1;33mo.s.b.f.s.DefaultSingletonBeanRegistry&amp#27;[m:  Creating shared instance of singleton bean 'flywayInitializer'
&amp#27;[30m2023-04-04T21:53:40,871&amp#27;[m &amp#27;[36mDEBUG &amp#27;[m[&amp#27;[1;34mmain&amp#27;[m] &amp#27;[1;33mo.s.b.f.s.ConstructorResolver&amp#27;[m:  Autowiring by type from bean name 'flywayInitializer' via factory method to bean named 'flyway'
&amp#27;[30m2023-04-04T21:53:40,875&amp#27;[m &amp#27;[36mDEBUG &amp#27;[m[&amp#27;[1;34mmain&amp#27;[m] &amp#27;[1;33mo.f.c.i.l.s.Slf4jLog&amp#27;[m:  Scanning for classpath resources at 'classpath:db/migration' ...
&amp#27;[30m2023-04-04T21:53:40,878&amp#27;[m &amp#27;[36mDEBUG &amp#27;[m[&amp#27;[1;34mmain&amp#27;[m] &amp#27;[1;33mo.f.c.i.l.s.Slf4jLog&amp#27;[m:  Determining location urls for classpath:db/migration using ClassLoader TomcatEmbeddedWebappClassLoader
  context: ROOT
  delegate: true
----------> Parent Classloader:
jdk.internal.loader.ClassLoaders$AppClassLoader@55054057
 ...
&amp#27;[30m2023-04-04T21:53:40,879&amp#27;[m &amp#27;[36mDEBUG &amp#27;[m[&amp#27;[1;34mHikariPool-2 connection adder&amp#27;[m] &amp#27;[1;33mc.z.h.p.HikariPool$PoolEntryCreator&amp#27;[m:  HikariPool-2 - Added connection org.postgresql.jdbc.PgConnection@4caf02a0
&amp#27;[30m2023-04-04T21:53:40,879&amp#27;[m &amp#27;[36mDEBUG &amp#27;[m[&amp#27;[1;34mmain&amp#27;[m] &amp#27;[1;33mo.f.c.i.l.s.Slf4jLog&amp#27;[m:  Scanning URL: file:/Users/josephlpz/Documents/JustWork/JustWork-server/target/classes/db/migration
&amp#27;[30m2023-04-04T21:53:40,880&amp#27;[m &amp#27;[36mDEBUG &amp#27;[m[&amp#27;[1;34mmain&amp#27;[m] &amp#27;[1;33mo.f.c.i.l.s.Slf4jLog&amp#27;[m:  JBoss VFS v2 available: false
&amp#27;[30m2023-04-04T21:53:40,880&amp#27;[m &amp#27;[36mDEBUG &amp#27;[m[&amp#27;[1;34mmain&amp#27;[m] &amp#27;[1;33mo.f.c.i.l.s.Slf4jLog&amp#27;[m:  Scanning starting at classpath root in filesystem: /Users/josephlpz/Documents/JustWork/JustWork-server/target/classes/
&amp#27;[30m2023-04-04T21:53:40,880&amp#27;[m &amp#27;[36mDEBUG &amp#27;[m[&amp#27;[1;34mmain&amp#27;[m] &amp#27;[1;33mo.f.c.i.l.s.Slf4jLog&amp#27;[m:  Scanning for resources in path: /Users/josephlpz/Documents/JustWork/JustWork-server/target/classes/db/migration (db/migration)
&amp#27;[30m2023-04-04T21:53:40,880&amp#27;[m &amp#27;[36mDEBUG &amp#27;[m[&amp#27;[1;34mmain&amp#27;[m] &amp#27;[1;33mo.f.c.i.l.s.Slf4jLog&amp#27;[m:  Found resource: db/migration/V1__create_init_tables.sql
&amp#27;[30m2023-04-04T21:53:40,880&amp#27;[m &amp#27;[36mDEBUG &amp#27;[m[&amp#27;[1;34mmain&amp#27;[m] &amp#27;[1;33mo.f.c.i.l.s.Slf4jLog&amp#27;[m:  Scanning for classes at classpath:db/migration
&amp#27;[30m2023-04-04T21:53:40,884&amp#27;[m &amp#27;[32mINFO  &amp#27;[m[&amp#27;[1;34mmain&amp#27;[m] &amp#27;[1;33mo.f.c.i.l.s.Slf4jLog&amp#27;[m:  Database: jdbc:postgresql://localhost:55013/test-db (PostgreSQL 11.8)
&amp#27;[30m2023-04-04T21:53:40,884&amp#27;[m &amp#27;[36mDEBUG &amp#27;[m[&amp#27;[1;34mmain&amp#27;[m] &amp#27;[1;33mo.f.c.i.l.s.Slf4jLog&amp#27;[m:  Driver  : PostgreSQL JDBC Driver 42.2.11
&amp#27;[30m2023-04-04T21:53:40,884&amp#27;[m &amp#27;[36mDEBUG &amp#27;[m[&amp#27;[1;34mmain&amp#27;[m] &amp#27;[1;33mo.f.c.i.l.s.Slf4jLog&amp#27;[m:  DDL Transactions Supported: true
&amp#27;[30m2023-04-04T21:53:40,884&amp#27;[m &amp#27;[36mDEBUG &amp#27;[m[&amp#27;[1;34mmain&amp#27;[m] &amp#27;[1;33mo.f.c.i.l.s.Slf4jLog&amp#27;[m:  Schemas: 
&amp#27;[30m2023-04-04T21:53:40,884&amp#27;[m &amp#27;[36mDEBUG &amp#27;[m[&amp#27;[1;34mmain&amp#27;[m] &amp#27;[1;33mo.f.c.i.l.s.Slf4jLog&amp#27;[m:  Default schema: null
&amp#27;[30m2023-04-04T21:53:40,895&amp#27;[m &amp#27;[36mDEBUG &amp#27;[m[&amp#27;[1;34mmain&amp#27;[m] &amp#27;[1;33mo.f.c.i.l.s.Slf4jLog&amp#27;[m:  Scanning for SQL callbacks ...
&amp#27;[30m2023-04-04T21:53:40,898&amp#27;[m &amp#27;[36mDEBUG &amp#27;[m[&amp#27;[1;34mHikariPool-2 connection adder&amp#27;[m] &amp#27;[1;33mc.z.h.p.HikariPool$PoolEntryCreator&amp#27;[m:  HikariPool-2 - Added connection org.postgresql.jdbc.PgConnection@4268e545
&amp#27;[30m2023-04-04T21:53:40,899&amp#27;[m &amp#27;[36mDEBUG &amp#27;[m[&amp#27;[1;34mmain&amp#27;[m] &amp#27;[1;33mo.f.c.i.l.s.Slf4jLog&amp#27;[m:  Validating migrations ...
&amp#27;[30m2023-04-04T21:53:40,900&amp#27;[m &amp#27;[36mDEBUG &amp#27;[m[&amp#27;[1;34mmain&amp#27;[m] &amp#27;[1;33mo.f.c.i.l.s.Slf4jLog&amp#27;[m:  Filtering out resource: db/migration/V1__create_init_tables.sql (filename: V1__create_init_tables.sql)
&amp#27;[30m2023-04-04T21:53:40,918&amp#27;[m &amp#27;[32mINFO  &amp#27;[m[&amp#27;[1;34mmain&amp#27;[m] &amp#27;[1;33mo.f.c.i.l.s.Slf4jLog&amp#27;[m:  Successfully validated 1 migration (execution time 00:00.015s)
&amp#27;[30m2023-04-04T21:53:40,918&amp#27;[m &amp#27;[36mDEBUG &amp#27;[m[&amp#27;[1;34mHikariPool-2 connection adder&amp#27;[m] &amp#27;[1;33mc.z.h.p.HikariPool$PoolEntryCreator&amp#27;[m:  HikariPool-2 - Added connection org.postgresql.jdbc.PgConnection@465769d0
&amp#27;[30m2023-04-04T21:53:40,932&amp#27;[m &amp#27;[32mINFO  &amp#27;[m[&amp#27;[1;34mmain&amp#27;[m] &amp#27;[1;33mo.f.c.i.l.s.Slf4jLog&amp#27;[m:  Current version of schema "public": << Empty Schema >>
&amp#27;[30m2023-04-04T21:53:40,932&amp#27;[m &amp#27;[36mDEBUG &amp#27;[m[&amp#27;[1;34mmain&amp#27;[m] &amp#27;[1;33mo.f.c.i.l.s.Slf4jLog&amp#27;[m:  Parsing V1__create_init_tables.sql ...
&amp#27;[30m2023-04-04T21:53:40,934&amp#27;[m &amp#27;[36mDEBUG &amp#27;[m[&amp#27;[1;34mHikariPool-2 connection adder&amp#27;[m] &amp#27;[1;33mc.z.h.p.HikariPool$PoolEntryCreator&amp#27;[m:  HikariPool-2 - Added connection org.postgresql.jdbc.PgConnection@321cced5
&amp#27;[30m2023-04-04T21:53:40,952&amp#27;[m &amp#27;[36mDEBUG &amp#27;[m[&amp#27;[1;34mHikariPool-2 connection adder&amp#27;[m] &amp#27;[1;33mc.z.h.p.HikariPool$PoolEntryCreator&amp#27;[m:  HikariPool-2 - Added connection org.postgresql.jdbc.PgConnection@4ff828af
&amp#27;[30m2023-04-04T21:53:40,955&amp#27;[m &amp#27;[36mDEBUG &amp#27;[m[&amp#27;[1;34mmain&amp#27;[m] &amp#27;[1;33mo.f.c.i.l.s.Slf4jLog&amp#27;[m:  Found statement at line 1: CREATE TABLE usuario (
    id                  BIGSERIAL PRIMARY KEY,
    uuid                uuid DEFAULT NULL,
    rut                 character varying(20) NOT NULL,
    nombre              character varying(255) DEFAULT NULL,
    email               character varying(255) NOT NULL,
    telefono            character varying(255) NOT NULL,
    eliminado           boolean NOT NULL DEFAULT false,
    fecha_creacion      timestamp without time zone NOT NULL,
    fecha_actualizacion timestamp without time zone,
    password_sha512     character varying(128) NOT NULL,
    firma               character varying(128) DEFAULT NULL,
    apellido   character varying(255) DEFAULT NULL,
    profesion   character varying(255) DEFAULT NULL,
    tipo       character varying(250) DEFAULT NULL
)
&amp#27;[30m2023-04-04T21:53:40,960&amp#27;[m &amp#27;[36mDEBUG &amp#27;[m[&amp#27;[1;34mmain&amp#27;[m] &amp#27;[1;33mo.f.c.i.l.s.Slf4jLog&amp#27;[m:  Found statement at line 18: CREATE UNIQUE INDEX usuario_uuid_key ON usuario(uuid uuid_ops)
&amp#27;[30m2023-04-04T21:53:40,960&amp#27;[m &amp#27;[36mDEBUG &amp#27;[m[&amp#27;[1;34mmain&amp#27;[m] &amp#27;[1;33mo.f.c.i.l.s.Slf4jLog&amp#27;[m:  Found statement at line 20: CREATE TABLE token (
    id                  BIGSERIAL PRIMARY KEY,
    fecha_creacion      timestamp without time zone,
    fecha_expiracion    timestamp without time zone,
    sso_fecha_expiracion    timestamp without time zone,
    sha_token           character varying(128) DEFAULT NULL,
    firma               character varying(128) DEFAULT NULL,
    usuario_id          bigint NOT NULL,
    sso_access_token    character varying(255) DEFAULT NULL
    sso_refresh_token    character varying(255) DEFAULT NULL
)
&amp#27;[30m2023-04-04T21:53:40,960&amp#27;[m &amp#27;[36mDEBUG &amp#27;[m[&amp#27;[1;34mmain&amp#27;[m] &amp#27;[1;33mo.f.c.i.l.s.Slf4jLog&amp#27;[m:  Found statement at line 33: CREATE TABLE rol(
    id                  BIGSERIAL PRIMARY KEY,
    uuid                uuid DEFAULT NULL,
    nombre              character varying(100) NOT NULL
)
&amp#27;[30m2023-04-04T21:53:40,960&amp#27;[m &amp#27;[36mDEBUG &amp#27;[m[&amp#27;[1;34mmain&amp#27;[m] &amp#27;[1;33mo.f.c.i.l.s.Slf4jLog&amp#27;[m:  Found statement at line 39: CREATE TABLE usuario_roles(
 usuario_id         bigserial not null,
 rol_id             bigserial not null,
 PRIMARY KEY (usuario_id,rol_id)
)
&amp#27;[30m2023-04-04T21:53:40,960&amp#27;[m &amp#27;[36mDEBUG &amp#27;[m[&amp#27;[1;34mmain&amp#27;[m] &amp#27;[1;33mo.f.c.i.l.s.Slf4jLog&amp#27;[m:  Found statement at line 44: create index ix_usuario_roles_usuario_id on usuario_roles (usuario_id)
&amp#27;[30m2023-04-04T21:53:40,961&amp#27;[m &amp#27;[36mDEBUG &amp#27;[m[&amp#27;[1;34mmain&amp#27;[m] &amp#27;[1;33mo.f.c.i.l.s.Slf4jLog&amp#27;[m:  Found statement at line 45: create index ix_usuario_roles_rol_id on usuario_roles (rol_id)
&amp#27;[30m2023-04-04T21:53:40,962&amp#27;[m &amp#27;[36mDEBUG &amp#27;[m[&amp#27;[1;34mmain&amp#27;[m] &amp#27;[1;33mo.f.c.i.l.s.Slf4jLog&amp#27;[m:  Found statement at line 46: alter table usuario_roles add constraint fk_usuario_roles_usuario_id foreign key (usuario_id) references usuario (id)
&amp#27;[30m2023-04-04T21:53:40,963&amp#27;[m &amp#27;[36mDEBUG &amp#27;[m[&amp#27;[1;34mmain&amp#27;[m] &amp#27;[1;33mo.f.c.i.l.s.Slf4jLog&amp#27;[m:  Found statement at line 47: alter table usuario_roles add constraint fk_usuario_roles_rol_id foreign key (rol_id) references rol (id)
&amp#27;[30m2023-04-04T21:53:40,963&amp#27;[m &amp#27;[36mDEBUG &amp#27;[m[&amp#27;[1;34mmain&amp#27;[m] &amp#27;[1;33mo.f.c.i.l.s.Slf4jLog&amp#27;[m:  Starting migration of schema "public" to version 1 - create init tables ...
&amp#27;[30m2023-04-04T21:53:40,970&amp#27;[m &amp#27;[36mDEBUG &amp#27;[m[&amp#27;[1;34mHikariPool-2 connection adder&amp#27;[m] &amp#27;[1;33mc.z.h.p.HikariPool$PoolEntryCreator&amp#27;[m:  HikariPool-2 - Added connection org.postgresql.jdbc.PgConnection@637a1031
&amp#27;[30m2023-04-04T21:53:40,972&amp#27;[m &amp#27;[32mINFO  &amp#27;[m[&amp#27;[1;34mmain&amp#27;[m] &amp#27;[1;33mo.f.c.i.l.s.Slf4jLog&amp#27;[m:  Migrating schema "public" to version 1 - create init tables
&amp#27;[30m2023-04-04T21:53:40,972&amp#27;[m &amp#27;[36mDEBUG &amp#27;[m[&amp#27;[1;34mmain&amp#27;[m] &amp#27;[1;33mo.f.c.i.l.s.Slf4jLog&amp#27;[m:  Executing SQL: CREATE TABLE usuario (
    id                  BIGSERIAL PRIMARY KEY,
    uuid                uuid DEFAULT NULL,
    rut                 character varying(20) NOT NULL,
    nombre              character varying(255) DEFAULT NULL,
    email               character varying(255) NOT NULL,
    telefono            character varying(255) NOT NULL,
    eliminado           boolean NOT NULL DEFAULT false,
    fecha_creacion      timestamp without time zone NOT NULL,
    fecha_actualizacion timestamp without time zone,
    password_sha512     character varying(128) NOT NULL,
    firma               character varying(128) DEFAULT NULL,
    apellido   character varying(255) DEFAULT NULL,
    profesion   character varying(255) DEFAULT NULL,
    tipo       character varying(250) DEFAULT NULL
)
&amp#27;[30m2023-04-04T21:53:40,976&amp#27;[m &amp#27;[36mDEBUG &amp#27;[m[&amp#27;[1;34mmain&amp#27;[m] &amp#27;[1;33mo.f.c.i.l.s.Slf4jLog&amp#27;[m:  Update Count: 0
&amp#27;[30m2023-04-04T21:53:40,976&amp#27;[m &amp#27;[36mDEBUG &amp#27;[m[&amp#27;[1;34mmain&amp#27;[m] &amp#27;[1;33mo.f.c.i.l.s.Slf4jLog&amp#27;[m:  Executing SQL: CREATE UNIQUE INDEX usuario_uuid_key ON usuario(uuid uuid_ops)
&amp#27;[30m2023-04-04T21:53:40,978&amp#27;[m &amp#27;[36mDEBUG &amp#27;[m[&amp#27;[1;34mmain&amp#27;[m] &amp#27;[1;33mo.f.c.i.l.s.Slf4jLog&amp#27;[m:  Update Count: 0
&amp#27;[30m2023-04-04T21:53:40,978&amp#27;[m &amp#27;[36mDEBUG &amp#27;[m[&amp#27;[1;34mmain&amp#27;[m] &amp#27;[1;33mo.f.c.i.l.s.Slf4jLog&amp#27;[m:  Executing SQL: CREATE TABLE token (
    id                  BIGSERIAL PRIMARY KEY,
    fecha_creacion      timestamp without time zone,
    fecha_expiracion    timestamp without time zone,
    sso_fecha_expiracion    timestamp without time zone,
    sha_token           character varying(128) DEFAULT NULL,
    firma               character varying(128) DEFAULT NULL,
    usuario_id          bigint NOT NULL,
    sso_access_token    character varying(255) DEFAULT NULL
    sso_refresh_token    character varying(255) DEFAULT NULL
)
&amp#27;[30m2023-04-04T21:53:40,983&amp#27;[m &amp#27;[36mDEBUG &amp#27;[m[&amp#27;[1;34mmain&amp#27;[m] &amp#27;[1;33mo.f.c.i.l.s.Slf4jLog&amp#27;[m:  Rolling back transaction...
&amp#27;[30m2023-04-04T21:53:40,985&amp#27;[m &amp#27;[36mDEBUG &amp#27;[m[&amp#27;[1;34mmain&amp#27;[m] &amp#27;[1;33mo.f.c.i.l.s.Slf4jLog&amp#27;[m:  Transaction rolled back
&amp#27;[30m2023-04-04T21:53:40,986&amp#27;[m &amp#27;[1;31mERROR &amp#27;[m[&amp#27;[1;34mmain&amp#27;[m] &amp#27;[1;33mo.f.c.i.l.s.Slf4jLog&amp#27;[m:  Migration of schema "public" to version 1 - create init tables failed! Changes successfully rolled back.
&amp#27;[30m2023-04-04T21:53:40,986&amp#27;[m &amp#27;[36mDEBUG &amp#27;[m[&amp#27;[1;34mHikariPool-2 connection adder&amp#27;[m] &amp#27;[1;33mc.z.h.p.HikariPool$PoolEntryCreator&amp#27;[m:  HikariPool-2 - Added connection org.postgresql.jdbc.PgConnection@ef10d0f
&amp#27;[30m2023-04-04T21:53:40,992&amp#27;[m &amp#27;[36mDEBUG &amp#27;[m[&amp#27;[1;34mmain&amp#27;[m] &amp#27;[1;33mo.f.c.i.l.s.Slf4jLog&amp#27;[m:  Memory usage: 74 of 130M
&amp#27;[30m2023-04-04T21:53:40,994&amp#27;[m &amp#27;[1;31mERROR &amp#27;[m[&amp#27;[1;34mmain&amp#27;[m] &amp#27;[1;33mo.s.b.w.e.t.TomcatStarter&amp#27;[m:  Error starting Tomcat context. Exception: org.springframework.beans.factory.UnsatisfiedDependencyException. Message: Error creating bean with name 'jwtRequestFilter': Unsatisfied dependency expressed through field 'tokenService'; nested exception is org.springframework.beans.factory.UnsatisfiedDependencyException: Error creating bean with name 'tokenService': Unsatisfied dependency expressed through field 'tokenRepository'; nested exception is org.springframework.beans.factory.BeanCreationException: Error creating bean with name 'tokenRepository' defined in JustWork.server.repository.TokenRepository defined in @EnableJpaRepositories declared on JpaRepositoriesRegistrar.EnableJpaRepositoriesConfiguration: Cannot create inner bean '(inner bean)#237c8718' of type [org.springframework.orm.jpa.SharedEntityManagerCreator] while setting bean property 'entityManager'; nested exception is org.springframework.beans.factory.BeanCreationException: Error creating bean with name '(inner bean)#237c8718': Cannot resolve reference to bean 'entityManagerFactory' while setting constructor argument; nested exception is org.springframework.beans.factory.BeanCreationException: Error creating bean with name 'flywayInitializer' defined in class path resource [org/springframework/boot/autoconfigure/flyway/FlywayAutoConfiguration$FlywayConfiguration.class]: Invocation of init method failed; nested exception is java.lang.reflect.InvocationTargetException
&amp#27;[30m2023-04-04T21:53:41,005&amp#27;[m &amp#27;[36mDEBUG &amp#27;[m[&amp#27;[1;34mHikariPool-2 connection adder&amp#27;[m] &amp#27;[1;33mc.z.h.p.HikariPool$PoolEntryCreator&amp#27;[m:  HikariPool-2 - Added connection org.postgresql.jdbc.PgConnection@5acf1062
&amp#27;[30m2023-04-04T21:53:41,012&amp#27;[m &amp#27;[33mWARN  &amp#27;[m[&amp#27;[1;34mmain&amp#27;[m] &amp#27;[1;33mo.s.c.s.AbstractApplicationContext&amp#27;[m:  Exception encountered during context initialization - cancelling refresh attempt: org.springframework.context.ApplicationContextException: Unable to start web server; nested exception is org.springframework.boot.web.server.WebServerException: Unable to start embedded Tomcat
&amp#27;[30m2023-04-04T21:53:41,013&amp#27;[m &amp#27;[32mINFO  &amp#27;[m[&amp#27;[1;34mmain&amp#27;[m] &amp#27;[1;33mc.z.h.HikariDataSource&amp#27;[m:  HikariPool-2 - Shutdown initiated...
&amp#27;[30m2023-04-04T21:53:41,014&amp#27;[m &amp#27;[36mDEBUG &amp#27;[m[&amp#27;[1;34mmain&amp#27;[m] &amp#27;[1;33mc.z.h.p.HikariPool&amp#27;[m:  HikariPool-2 - Before shutdown stats (total=9, active=0, idle=9, waiting=0)
&amp#27;[30m2023-04-04T21:53:41,014&amp#27;[m &amp#27;[36mDEBUG &amp#27;[m[&amp#27;[1;34mHikariPool-2 connection closer&amp#27;[m] &amp#27;[1;33mc.z.h.p.PoolBase&amp#27;[m:  HikariPool-2 - Closing connection org.postgresql.jdbc.PgConnection@43cc7951: (connection evicted)
&amp#27;[30m2023-04-04T21:53:41,016&amp#27;[m &amp#27;[36mDEBUG &amp#27;[m[&amp#27;[1;34mHikariPool-2 connection closer&amp#27;[m] &amp#27;[1;33mc.z.h.p.PoolBase&amp#27;[m:  HikariPool-2 - Closing connection org.postgresql.jdbc.PgConnection@4caf02a0: (connection evicted)
&amp#27;[30m2023-04-04T21:53:41,017&amp#27;[m &amp#27;[36mDEBUG &amp#27;[m[&amp#27;[1;34mHikariPool-2 connection closer&amp#27;[m] &amp#27;[1;33mc.z.h.p.PoolBase&amp#27;[m:  HikariPool-2 - Closing connection org.postgresql.jdbc.PgConnection@4268e545: (connection evicted)
&amp#27;[30m2023-04-04T21:53:41,019&amp#27;[m &amp#27;[36mDEBUG &amp#27;[m[&amp#27;[1;34mHikariPool-2 connection closer&amp#27;[m] &amp#27;[1;33mc.z.h.p.PoolBase&amp#27;[m:  HikariPool-2 - Closing connection org.postgresql.jdbc.PgConnection@465769d0: (connection evicted)
&amp#27;[30m2023-04-04T21:53:41,022&amp#27;[m &amp#27;[36mDEBUG &amp#27;[m[&amp#27;[1;34mHikariPool-2 connection closer&amp#27;[m] &amp#27;[1;33mc.z.h.p.PoolBase&amp#27;[m:  HikariPool-2 - Closing connection org.postgresql.jdbc.PgConnection@321cced5: (connection evicted)
&amp#27;[30m2023-04-04T21:53:41,024&amp#27;[m &amp#27;[36mDEBUG &amp#27;[m[&amp#27;[1;34mHikariPool-2 connection closer&amp#27;[m] &amp#27;[1;33mc.z.h.p.PoolBase&amp#27;[m:  HikariPool-2 - Closing connection org.postgresql.jdbc.PgConnection@4ff828af: (connection evicted)
&amp#27;[30m2023-04-04T21:53:41,026&amp#27;[m &amp#27;[36mDEBUG &amp#27;[m[&amp#27;[1;34mHikariPool-2 connection closer&amp#27;[m] &amp#27;[1;33mc.z.h.p.PoolBase&amp#27;[m:  HikariPool-2 - Closing connection org.postgresql.jdbc.PgConnection@637a1031: (connection evicted)
&amp#27;[30m2023-04-04T21:53:41,028&amp#27;[m &amp#27;[36mDEBUG &amp#27;[m[&amp#27;[1;34mHikariPool-2 connection closer&amp#27;[m] &amp#27;[1;33mc.z.h.p.PoolBase&amp#27;[m:  HikariPool-2 - Closing connection org.postgresql.jdbc.PgConnection@ef10d0f: (connection evicted)
&amp#27;[30m2023-04-04T21:53:41,029&amp#27;[m &amp#27;[36mDEBUG &amp#27;[m[&amp#27;[1;34mHikariPool-2 connection closer&amp#27;[m] &amp#27;[1;33mc.z.h.p.PoolBase&amp#27;[m:  HikariPool-2 - Closing connection org.postgresql.jdbc.PgConnection@5acf1062: (connection evicted)
&amp#27;[30m2023-04-04T21:53:41,036&amp#27;[m &amp#27;[36mDEBUG &amp#27;[m[&amp#27;[1;34mHikariPool-2 connection adder&amp#27;[m] &amp#27;[1;33mc.z.h.p.HikariPool$PoolEntryCreator&amp#27;[m:  HikariPool-2 - Added connection org.postgresql.jdbc.PgConnection@54fce6c4
&amp#27;[30m2023-04-04T21:53:41,037&amp#27;[m &amp#27;[36mDEBUG &amp#27;[m[&amp#27;[1;34mHikariPool-2 connection adder&amp#27;[m] &amp#27;[1;33mc.z.h.p.HikariPool&amp#27;[m:  HikariPool-2 - After adding stats (total=1, active=0, idle=1, waiting=0)
&amp#27;[30m2023-04-04T21:53:41,038&amp#27;[m &amp#27;[36mDEBUG &amp#27;[m[&amp#27;[1;34mHikariPool-2 connection closer&amp#27;[m] &amp#27;[1;33mc.z.h.p.PoolBase&amp#27;[m:  HikariPool-2 - Closing connection org.postgresql.jdbc.PgConnection@54fce6c4: (connection evicted)
&amp#27;[30m2023-04-04T21:53:41,040&amp#27;[m &amp#27;[36mDEBUG &amp#27;[m[&amp#27;[1;34mmain&amp#27;[m] &amp#27;[1;33mc.z.h.p.HikariPool&amp#27;[m:  HikariPool-2 - After shutdown stats (total=0, active=0, idle=0, waiting=0)
&amp#27;[30m2023-04-04T21:53:41,040&amp#27;[m &amp#27;[32mINFO  &amp#27;[m[&amp#27;[1;34mmain&amp#27;[m] &amp#27;[1;33mc.z.h.HikariDataSource&amp#27;[m:  HikariPool-2 - Shutdown completed.
&amp#27;[30m2023-04-04T21:53:41,073&amp#27;[m &amp#27;[36mDEBUG &amp#27;[m[&amp#27;[1;34mmain&amp#27;[m] &amp#27;[1;33mo.s.b.a.l.ConditionEvaluationReportLoggingListener&amp#27;[m:  


============================
CONDITIONS EVALUATION REPORT
============================


Positive matches:
-----------------

   AopAutoConfiguration matched:
      - @ConditionalOnProperty (spring.aop.auto=true) matched (OnPropertyCondition)

   AopAutoConfiguration.AspectJAutoProxyingConfiguration matched:
      - @ConditionalOnClass found required class 'org.aspectj.weaver.Advice' (OnClassCondition)

   AopAutoConfiguration.AspectJAutoProxyingConfiguration.CglibAutoProxyConfiguration matched:
      - @ConditionalOnProperty (spring.aop.proxy-target-class=true) matched (OnPropertyCondition)

   DataSourceAutoConfiguration matched:
      - @ConditionalOnClass found required classes 'javax.sql.DataSource', 'org.springframework.jdbc.datasource.embedded.EmbeddedDatabaseType' (OnClassCondition)
      - @ConditionalOnMissingBean (types: io.r2dbc.spi.ConnectionFactory; SearchStrategy: all) did not find any beans (OnBeanCondition)

   DataSourceAutoConfiguration.PooledDataSourceConfiguration matched:
      - AnyNestedCondition 1 matched 1 did not; NestedCondition on DataSourceAutoConfiguration.PooledDataSourceCondition.PooledDataSourceAvailable PooledDataSource found supported DataSource; NestedCondition on DataSourceAutoConfiguration.PooledDataSourceCondition.ExplicitType @ConditionalOnProperty (spring.datasource.type) did not find property 'type' (DataSourceAutoConfiguration.PooledDataSourceCondition)
      - @ConditionalOnMissingBean (types: javax.sql.DataSource,javax.sql.XADataSource; SearchStrategy: all) did not find any beans (OnBeanCondition)

   DataSourceConfiguration.Hikari matched:
      - @ConditionalOnClass found required class 'com.zaxxer.hikari.HikariDataSource' (OnClassCondition)
      - @ConditionalOnProperty (spring.datasource.type=com.zaxxer.hikari.HikariDataSource) matched (OnPropertyCondition)
      - @ConditionalOnMissingBean (types: javax.sql.DataSource; SearchStrategy: all) did not find any beans (OnBeanCondition)

   DataSourceInitializationConfiguration matched:
      - @ConditionalOnClass found required class 'org.springframework.jdbc.datasource.init.DatabasePopulator' (OnClassCondition)
      - @ConditionalOnSingleCandidate (types: javax.sql.DataSource; SearchStrategy: all) found a single bean 'dataSource'; @ConditionalOnMissingBean (types: org.springframework.boot.autoconfigure.sql.init.SqlDataSourceScriptDatabaseInitializer,org.springframework.boot.autoconfigure.sql.init.SqlR2dbcScriptDatabaseInitializer; SearchStrategy: all) did not find any beans (OnBeanCondition)

   DataSourcePoolMetadataProvidersConfiguration.HikariPoolDataSourceMetadataProviderConfiguration matched:
      - @ConditionalOnClass found required class 'com.zaxxer.hikari.HikariDataSource' (OnClassCondition)

   DataSourceTransactionManagerAutoConfiguration matched:
      - @ConditionalOnClass found required classes 'org.springframework.jdbc.core.JdbcTemplate', 'org.springframework.transaction.TransactionManager' (OnClassCondition)

   DataSourceTransactionManagerAutoConfiguration.JdbcTransactionManagerConfiguration matched:
      - @ConditionalOnSingleCandidate (types: javax.sql.DataSource; SearchStrategy: all) found a single bean 'dataSource' (OnBeanCondition)

   DispatcherServletAutoConfiguration matched:
      - @ConditionalOnClass found required class 'org.springframework.web.servlet.DispatcherServlet' (OnClassCondition)
      - found 'session' scope (OnWebApplicationCondition)

   DispatcherServletAutoConfiguration.DispatcherServletConfiguration matched:
      - @ConditionalOnClass found required class 'javax.servlet.ServletRegistration' (OnClassCondition)
      - Default DispatcherServlet did not find dispatcher servlet beans (DispatcherServletAutoConfiguration.DefaultDispatcherServletCondition)

   DispatcherServletAutoConfiguration.DispatcherServletRegistrationConfiguration matched:
      - @ConditionalOnClass found required class 'javax.servlet.ServletRegistration' (OnClassCondition)
      - DispatcherServlet Registration did not find servlet registration bean (DispatcherServletAutoConfiguration.DispatcherServletRegistrationCondition)

   DispatcherServletAutoConfiguration.DispatcherServletRegistrationConfiguration#dispatcherServletRegistration matched:
      - @ConditionalOnBean (names: dispatcherServlet types: org.springframework.web.servlet.DispatcherServlet; SearchStrategy: all) found bean 'dispatcherServlet' (OnBeanCondition)

   EmbeddedWebServerFactoryCustomizerAutoConfiguration matched:
      - @ConditionalOnWebApplication (required) found 'session' scope (OnWebApplicationCondition)

   EmbeddedWebServerFactoryCustomizerAutoConfiguration.TomcatWebServerFactoryCustomizerConfiguration matched:
      - @ConditionalOnClass found required classes 'org.apache.catalina.startup.Tomcat', 'org.apache.coyote.UpgradeProtocol' (OnClassCondition)

   ErrorMvcAutoConfiguration matched:
      - @ConditionalOnClass found required classes 'javax.servlet.Servlet', 'org.springframework.web.servlet.DispatcherServlet' (OnClassCondition)
      - found 'session' scope (OnWebApplicationCondition)

   ErrorMvcAutoConfiguration#basicErrorController matched:
      - @ConditionalOnMissingBean (types: org.springframework.boot.web.servlet.error.ErrorController; SearchStrategy: current) did not find any beans (OnBeanCondition)

   ErrorMvcAutoConfiguration#errorAttributes matched:
      - @ConditionalOnMissingBean (types: org.springframework.boot.web.servlet.error.ErrorAttributes; SearchStrategy: current) did not find any beans (OnBeanCondition)

   ErrorMvcAutoConfiguration.DefaultErrorViewResolverConfiguration#conventionErrorViewResolver matched:
      - @ConditionalOnBean (types: org.springframework.web.servlet.DispatcherServlet; SearchStrategy: all) found bean 'dispatcherServlet'; @ConditionalOnMissingBean (types: org.springframework.boot.autoconfigure.web.servlet.error.ErrorViewResolver; SearchStrategy: all) did not find any beans (OnBeanCondition)

   ErrorMvcAutoConfiguration.WhitelabelErrorViewConfiguration matched:
      - @ConditionalOnProperty (server.error.whitelabel.enabled) matched (OnPropertyCondition)
      - ErrorTemplate Missing did not find error template view (ErrorMvcAutoConfiguration.ErrorTemplateMissingCondition)

   ErrorMvcAutoConfiguration.WhitelabelErrorViewConfiguration#beanNameViewResolver matched:
      - @ConditionalOnMissingBean (types: org.springframework.web.servlet.view.BeanNameViewResolver; SearchStrategy: all) did not find any beans (OnBeanCondition)

   ErrorMvcAutoConfiguration.WhitelabelErrorViewConfiguration#defaultErrorView matched:
      - @ConditionalOnMissingBean (names: error; SearchStrategy: all) did not find any beans (OnBeanCondition)

   FlywayAutoConfiguration matched:
      - @ConditionalOnClass found required class 'org.flywaydb.core.Flyway' (OnClassCondition)
      - @ConditionalOnProperty (spring.flyway.enabled) matched (OnPropertyCondition)
      - AnyNestedCondition 1 matched 1 did not; NestedCondition on FlywayAutoConfiguration.FlywayDataSourceCondition.FlywayUrlCondition @ConditionalOnProperty (spring.flyway.url) did not find property 'url'; NestedCondition on FlywayAutoConfiguration.FlywayDataSourceCondition.DataSourceBeanCondition @ConditionalOnBean (types: javax.sql.DataSource; SearchStrategy: all) found bean 'dataSource' (FlywayAutoConfiguration.FlywayDataSourceCondition)

   FlywayAutoConfiguration.FlywayConfiguration matched:
      - @ConditionalOnClass found required class 'org.springframework.jdbc.support.JdbcUtils' (OnClassCondition)
      - @ConditionalOnMissingBean (types: org.flywaydb.core.Flyway; SearchStrategy: all) did not find any beans (OnBeanCondition)

   FlywayAutoConfiguration.FlywayConfiguration#flywayInitializer matched:
      - @ConditionalOnMissingBean (types: org.springframework.boot.autoconfigure.flyway.FlywayMigrationInitializer; SearchStrategy: all) did not find any beans (OnBeanCondition)

   GenericCacheConfiguration matched:
      - Cache org.springframework.boot.autoconfigure.cache.GenericCacheConfiguration automatic cache type (CacheCondition)

   GroovyTemplateAutoConfiguration matched:
      - @ConditionalOnClass found required class 'groovy.text.markup.MarkupTemplateEngine' (OnClassCondition)

   GroovyTemplateAutoConfiguration.GroovyMarkupConfiguration matched:
      - @ConditionalOnClass found required class 'org.springframework.web.servlet.view.groovy.GroovyMarkupConfigurer' (OnClassCondition)

   GroovyTemplateAutoConfiguration.GroovyMarkupConfiguration#groovyMarkupConfigurer matched:
      - @ConditionalOnMissingBean (types: org.springframework.web.servlet.view.groovy.GroovyMarkupConfig; SearchStrategy: all) did not find any beans (OnBeanCondition)

   GroovyTemplateAutoConfiguration.GroovyWebConfiguration matched:
      - @ConditionalOnClass found required classes 'javax.servlet.Servlet', 'org.springframework.context.i18n.LocaleContextHolder', 'org.springframework.web.servlet.view.UrlBasedViewResolver' (OnClassCondition)
      - found 'session' scope (OnWebApplicationCondition)
      - @ConditionalOnProperty (spring.groovy.template.enabled) matched (OnPropertyCondition)

   GroovyTemplateAutoConfiguration.GroovyWebConfiguration#groovyMarkupViewResolver matched:
      - @ConditionalOnMissingBean (names: groovyMarkupViewResolver; SearchStrategy: all) did not find any beans (OnBeanCondition)

   GsonAutoConfiguration matched:
      - @ConditionalOnClass found required class 'com.google.gson.Gson' (OnClassCondition)

   GsonAutoConfiguration#gson matched:
      - @ConditionalOnMissingBean (types: com.google.gson.Gson; SearchStrategy: all) did not find any beans (OnBeanCondition)

   GsonAutoConfiguration#gsonBuilder matched:
      - @ConditionalOnMissingBean (types: com.google.gson.GsonBuilder; SearchStrategy: all) did not find any beans (OnBeanCondition)

   GsonHttpMessageConvertersConfiguration matched:
      - @ConditionalOnClass found required class 'com.google.gson.Gson' (OnClassCondition)

   H2ConsoleAutoConfiguration matched:
      - @ConditionalOnClass found required class 'org.h2.server.web.WebServlet' (OnClassCondition)
      - found 'session' scope (OnWebApplicationCondition)
      - @ConditionalOnProperty (spring.h2.console.enabled=true) matched (OnPropertyCondition)

   HibernateJpaAutoConfiguration matched:
      - @ConditionalOnClass found required classes 'org.springframework.orm.jpa.LocalContainerEntityManagerFactoryBean', 'javax.persistence.EntityManager', 'org.hibernate.engine.spi.SessionImplementor' (OnClassCondition)

   HibernateJpaConfiguration matched:
      - @ConditionalOnSingleCandidate (types: javax.sql.DataSource; SearchStrategy: all) found a single bean 'dataSource' (OnBeanCondition)

   HttpEncodingAutoConfiguration matched:
      - @ConditionalOnClass found required class 'org.springframework.web.filter.CharacterEncodingFilter' (OnClassCondition)
      - found 'session' scope (OnWebApplicationCondition)
      - @ConditionalOnProperty (server.servlet.encoding.enabled) matched (OnPropertyCondition)

   HttpEncodingAutoConfiguration#characterEncodingFilter matched:
      - @ConditionalOnMissingBean (types: org.springframework.web.filter.CharacterEncodingFilter; SearchStrategy: all) did not find any beans (OnBeanCondition)

   HttpMessageConvertersAutoConfiguration matched:
      - @ConditionalOnClass found required class 'org.springframework.http.converter.HttpMessageConverter' (OnClassCondition)
      - NoneNestedConditions 0 matched 1 did not; NestedCondition on HttpMessageConvertersAutoConfiguration.NotReactiveWebApplicationCondition.ReactiveWebApplication did not find reactive web application classes (HttpMessageConvertersAutoConfiguration.NotReactiveWebApplicationCondition)

   HttpMessageConvertersAutoConfiguration#messageConverters matched:
      - @ConditionalOnMissingBean (types: org.springframework.boot.autoconfigure.http.HttpMessageConverters; SearchStrategy: all) did not find any beans (OnBeanCondition)

   HttpMessageConvertersAutoConfiguration.StringHttpMessageConverterConfiguration matched:
      - @ConditionalOnClass found required class 'org.springframework.http.converter.StringHttpMessageConverter' (OnClassCondition)

   HttpMessageConvertersAutoConfiguration.StringHttpMessageConverterConfiguration#stringHttpMessageConverter matched:
      - @ConditionalOnMissingBean (types: org.springframework.http.converter.StringHttpMessageConverter; SearchStrategy: all) did not find any beans (OnBeanCondition)

   HypermediaAutoConfiguration matched:
      - @ConditionalOnClass found required classes 'org.springframework.hateoas.EntityModel', 'org.springframework.web.bind.annotation.RequestMapping', 'org.springframework.web.servlet.mvc.method.annotation.RequestMappingHandlerAdapter', 'org.springframework.plugin.core.Plugin' (OnClassCondition)
      - @ConditionalOnWebApplication (required) found 'session' scope (OnWebApplicationCondition)

   HypermediaAutoConfiguration#applicationJsonHalConfiguration matched:
      - @ConditionalOnClass found required class 'com.fasterxml.jackson.databind.ObjectMapper' (OnClassCondition)
      - @ConditionalOnProperty (spring.hateoas.use-hal-as-default-json-media-type) matched (OnPropertyCondition)
      - @ConditionalOnMissingBean (types: org.springframework.hateoas.mediatype.hal.HalConfiguration; SearchStrategy: all) did not find any beans (OnBeanCondition)

   JacksonAutoConfiguration matched:
      - @ConditionalOnClass found required class 'com.fasterxml.jackson.databind.ObjectMapper' (OnClassCondition)

   JacksonAutoConfiguration.Jackson2ObjectMapperBuilderCustomizerConfiguration matched:
      - @ConditionalOnClass found required class 'org.springframework.http.converter.json.Jackson2ObjectMapperBuilder' (OnClassCondition)

   JacksonAutoConfiguration.JacksonObjectMapperBuilderConfiguration matched:
      - @ConditionalOnClass found required class 'org.springframework.http.converter.json.Jackson2ObjectMapperBuilder' (OnClassCondition)

   JacksonAutoConfiguration.JacksonObjectMapperBuilderConfiguration#jacksonObjectMapperBuilder matched:
      - @ConditionalOnMissingBean (types: org.springframework.http.converter.json.Jackson2ObjectMapperBuilder; SearchStrategy: all) did not find any beans (OnBeanCondition)

   JacksonAutoConfiguration.JacksonObjectMapperConfiguration matched:
      - @ConditionalOnClass found required class 'org.springframework.http.converter.json.Jackson2ObjectMapperBuilder' (OnClassCondition)

   JacksonAutoConfiguration.JacksonObjectMapperConfiguration#jacksonObjectMapper matched:
      - @ConditionalOnMissingBean (types: com.fasterxml.jackson.databind.ObjectMapper; SearchStrategy: all) did not find any beans (OnBeanCondition)

   JacksonAutoConfiguration.ParameterNamesModuleConfiguration matched:
      - @ConditionalOnClass found required class 'com.fasterxml.jackson.module.paramnames.ParameterNamesModule' (OnClassCondition)

   JacksonAutoConfiguration.ParameterNamesModuleConfiguration#parameterNamesModule matched:
      - @ConditionalOnMissingBean (types: com.fasterxml.jackson.module.paramnames.ParameterNamesModule; SearchStrategy: all) did not find any beans (OnBeanCondition)

   JacksonHttpMessageConvertersConfiguration.MappingJackson2HttpMessageConverterConfiguration matched:
      - @ConditionalOnClass found required class 'com.fasterxml.jackson.databind.ObjectMapper' (OnClassCondition)
      - @ConditionalOnProperty (spring.mvc.converters.preferred-json-mapper=jackson) matched (OnPropertyCondition)
      - @ConditionalOnBean (types: com.fasterxml.jackson.databind.ObjectMapper; SearchStrategy: all) found bean 'jacksonObjectMapper' (OnBeanCondition)

   JacksonHttpMessageConvertersConfiguration.MappingJackson2HttpMessageConverterConfiguration#mappingJackson2HttpMessageConverter matched:
      - @ConditionalOnMissingBean (types: org.springframework.http.converter.json.MappingJackson2HttpMessageConverter ignored: org.springframework.hateoas.server.mvc.TypeConstrainedMappingJackson2HttpMessageConverter,org.springframework.data.rest.webmvc.alps.AlpsJsonHttpMessageConverter; SearchStrategy: all) did not find any beans (OnBeanCondition)

   JdbcTemplateAutoConfiguration matched:
      - @ConditionalOnClass found required classes 'javax.sql.DataSource', 'org.springframework.jdbc.core.JdbcTemplate' (OnClassCondition)
      - @ConditionalOnSingleCandidate (types: javax.sql.DataSource; SearchStrategy: all) found a single bean 'dataSource' (OnBeanCondition)

   JdbcTemplateConfiguration matched:
      - @ConditionalOnMissingBean (types: org.springframework.jdbc.core.JdbcOperations; SearchStrategy: all) did not find any beans (OnBeanCondition)

   JpaBaseConfiguration#entityManagerFactory matched:
      - @ConditionalOnMissingBean (types: org.springframework.orm.jpa.LocalContainerEntityManagerFactoryBean,javax.persistence.EntityManagerFactory; SearchStrategy: all) did not find any beans (OnBeanCondition)

   JpaBaseConfiguration#entityManagerFactoryBuilder matched:
      - @ConditionalOnMissingBean (types: org.springframework.boot.orm.jpa.EntityManagerFactoryBuilder; SearchStrategy: all) did not find any beans (OnBeanCondition)

   JpaBaseConfiguration#jpaVendorAdapter matched:
      - @ConditionalOnMissingBean (types: org.springframework.orm.jpa.JpaVendorAdapter; SearchStrategy: all) did not find any beans (OnBeanCondition)

   JpaBaseConfiguration#transactionManager matched:
      - @ConditionalOnMissingBean (types: org.springframework.transaction.TransactionManager; SearchStrategy: all) did not find any beans (OnBeanCondition)

   JpaBaseConfiguration.JpaWebConfiguration matched:
      - @ConditionalOnClass found required class 'org.springframework.web.servlet.config.annotation.WebMvcConfigurer' (OnClassCondition)
      - found 'session' scope (OnWebApplicationCondition)
      - @ConditionalOnProperty (spring.jpa.open-in-view=true) matched (OnPropertyCondition)
      - @ConditionalOnMissingBean (types: org.springframework.orm.jpa.support.OpenEntityManagerInViewInterceptor,org.springframework.orm.jpa.support.OpenEntityManagerInViewFilter; SearchStrategy: all) did not find any beans (OnBeanCondition)

   JpaRepositoriesAutoConfiguration matched:
      - @ConditionalOnClass found required class 'org.springframework.data.jpa.repository.JpaRepository' (OnClassCondition)
      - @ConditionalOnProperty (spring.data.jpa.repositories.enabled=true) matched (OnPropertyCondition)
      - @ConditionalOnBean (types: javax.sql.DataSource; SearchStrategy: all) found bean 'dataSource'; @ConditionalOnMissingBean (types: org.springframework.data.jpa.repository.support.JpaRepositoryFactoryBean,org.springframework.data.jpa.repository.config.JpaRepositoryConfigExtension; SearchStrategy: all) did not find any beans (OnBeanCondition)

   JtaAutoConfiguration matched:
      - @ConditionalOnClass found required class 'javax.transaction.Transaction' (OnClassCondition)
      - @ConditionalOnProperty (spring.jta.enabled) matched (OnPropertyCondition)

   LifecycleAutoConfiguration#defaultLifecycleProcessor matched:
      - @ConditionalOnMissingBean (names: lifecycleProcessor; SearchStrategy: current) did not find any beans (OnBeanCondition)

   MultipartAutoConfiguration matched:
      - @ConditionalOnClass found required classes 'javax.servlet.Servlet', 'org.springframework.web.multipart.support.StandardServletMultipartResolver', 'javax.servlet.MultipartConfigElement' (OnClassCondition)
      - found 'session' scope (OnWebApplicationCondition)
      - @ConditionalOnProperty (spring.servlet.multipart.enabled) matched (OnPropertyCondition)

   MultipartAutoConfiguration#multipartConfigElement matched:
      - @ConditionalOnMissingBean (types: javax.servlet.MultipartConfigElement,org.springframework.web.multipart.commons.CommonsMultipartResolver; SearchStrategy: all) did not find any beans (OnBeanCondition)

   MultipartAutoConfiguration#multipartResolver matched:
      - @ConditionalOnMissingBean (types: org.springframework.web.multipart.MultipartResolver; SearchStrategy: all) did not find any beans (OnBeanCondition)

   NamedParameterJdbcTemplateConfiguration matched:
      - @ConditionalOnSingleCandidate (types: org.springframework.jdbc.core.JdbcTemplate; SearchStrategy: all) found a single bean 'jdbcTemplate'; @ConditionalOnMissingBean (types: org.springframework.jdbc.core.namedparam.NamedParameterJdbcOperations; SearchStrategy: all) did not find any beans (OnBeanCondition)

   NettyAutoConfiguration matched:
      - @ConditionalOnClass found required class 'io.netty.util.NettyRuntime' (OnClassCondition)

   NoOpCacheConfiguration matched:
      - Cache org.springframework.boot.autoconfigure.cache.NoOpCacheConfiguration automatic cache type (CacheCondition)

   PersistenceExceptionTranslationAutoConfiguration matched:
      - @ConditionalOnClass found required class 'org.springframework.dao.annotation.PersistenceExceptionTranslationPostProcessor' (OnClassCondition)

   PersistenceExceptionTranslationAutoConfiguration#persistenceExceptionTranslationPostProcessor matched:
      - @ConditionalOnProperty (spring.dao.exceptiontranslation.enabled) matched (OnPropertyCondition)
      - @ConditionalOnMissingBean (types: org.springframework.dao.annotation.PersistenceExceptionTranslationPostProcessor; SearchStrategy: all) did not find any beans (OnBeanCondition)

   PropertyPlaceholderAutoConfiguration#propertySourcesPlaceholderConfigurer matched:
      - @ConditionalOnMissingBean (types: org.springframework.context.support.PropertySourcesPlaceholderConfigurer; SearchStrategy: current) did not find any beans (OnBeanCondition)

   RepositoryRestMvcAutoConfiguration matched:
      - @ConditionalOnClass found required class 'org.springframework.data.rest.webmvc.config.RepositoryRestMvcConfiguration' (OnClassCondition)
      - found 'session' scope (OnWebApplicationCondition)
      - @ConditionalOnMissingBean (types: org.springframework.data.rest.webmvc.config.RepositoryRestMvcConfiguration; SearchStrategy: all) did not find any beans (OnBeanCondition)

   RestTemplateAutoConfiguration matched:
      - @ConditionalOnClass found required class 'org.springframework.web.client.RestTemplate' (OnClassCondition)
      - NoneNestedConditions 0 matched 1 did not; NestedCondition on RestTemplateAutoConfiguration.NotReactiveWebApplicationCondition.ReactiveWebApplication did not find reactive web application classes (RestTemplateAutoConfiguration.NotReactiveWebApplicationCondition)

   RestTemplateAutoConfiguration#restTemplateBuilder matched:
      - @ConditionalOnMissingBean (types: org.springframework.boot.web.client.RestTemplateBuilder; SearchStrategy: all) did not find any beans (OnBeanCondition)

   RestTemplateAutoConfiguration#restTemplateBuilderConfigurer matched:
      - @ConditionalOnMissingBean (types: org.springframework.boot.autoconfigure.web.client.RestTemplateBuilderConfigurer; SearchStrategy: all) did not find any beans (OnBeanCondition)

   SecurityAutoConfiguration matched:
      - @ConditionalOnClass found required class 'org.springframework.security.authentication.DefaultAuthenticationEventPublisher' (OnClassCondition)

   SecurityAutoConfiguration#authenticationEventPublisher matched:
      - @ConditionalOnMissingBean (types: org.springframework.security.authentication.AuthenticationEventPublisher; SearchStrategy: all) did not find any beans (OnBeanCondition)

   SecurityFilterAutoConfiguration matched:
      - @ConditionalOnClass found required classes 'org.springframework.security.web.context.AbstractSecurityWebApplicationInitializer', 'org.springframework.security.config.http.SessionCreationPolicy' (OnClassCondition)
      - found 'session' scope (OnWebApplicationCondition)

   SecurityFilterAutoConfiguration#securityFilterChainRegistration matched:
      - @ConditionalOnBean (names: springSecurityFilterChain; SearchStrategy: all) found bean 'springSecurityFilterChain' (OnBeanCondition)

   ServletWebServerFactoryAutoConfiguration matched:
      - @ConditionalOnClass found required class 'javax.servlet.ServletRequest' (OnClassCondition)
      - found 'session' scope (OnWebApplicationCondition)

   ServletWebServerFactoryAutoConfiguration#tomcatServletWebServerFactoryCustomizer matched:
      - @ConditionalOnClass found required class 'org.apache.catalina.startup.Tomcat' (OnClassCondition)

   ServletWebServerFactoryConfiguration.EmbeddedTomcat matched:
      - @ConditionalOnClass found required classes 'javax.servlet.Servlet', 'org.apache.catalina.startup.Tomcat', 'org.apache.coyote.UpgradeProtocol' (OnClassCondition)
      - @ConditionalOnMissingBean (types: org.springframework.boot.web.servlet.server.ServletWebServerFactory; SearchStrategy: current) did not find any beans (OnBeanCondition)

   SimpleCacheConfiguration matched:
      - Cache org.springframework.boot.autoconfigure.cache.SimpleCacheConfiguration automatic cache type (CacheCondition)

   SpringBootWebSecurityConfiguration matched:
      - found 'session' scope (OnWebApplicationCondition)

   SpringBootWebSecurityConfiguration.ErrorPageSecurityFilterConfiguration matched:
      - @ConditionalOnClass found required class 'org.springframework.security.web.access.WebInvocationPrivilegeEvaluator' (OnClassCondition)
      - @ConditionalOnBean (types: org.springframework.security.web.access.WebInvocationPrivilegeEvaluator; SearchStrategy: all) found bean 'privilegeEvaluator' (OnBeanCondition)

   SqlInitializationAutoConfiguration matched:
      - @ConditionalOnProperty (spring.sql.init.enabled) matched (OnPropertyCondition)
      - NoneNestedConditions 0 matched 1 did not; NestedCondition on SqlInitializationAutoConfiguration.SqlInitializationModeCondition.ModeIsNever @ConditionalOnProperty (spring.sql.init.mode=never) did not find property 'mode' (SqlInitializationAutoConfiguration.SqlInitializationModeCondition)

   TaskExecutionAutoConfiguration matched:
      - @ConditionalOnClass found required class 'org.springframework.scheduling.concurrent.ThreadPoolTaskExecutor' (OnClassCondition)

   TaskExecutionAutoConfiguration#applicationTaskExecutor matched:
      - @ConditionalOnMissingBean (types: java.util.concurrent.Executor; SearchStrategy: all) did not find any beans (OnBeanCondition)

   TaskExecutionAutoConfiguration#taskExecutorBuilder matched:
      - @ConditionalOnMissingBean (types: org.springframework.boot.task.TaskExecutorBuilder; SearchStrategy: all) did not find any beans (OnBeanCondition)

   TaskSchedulingAutoConfiguration matched:
      - @ConditionalOnClass found required class 'org.springframework.scheduling.concurrent.ThreadPoolTaskScheduler' (OnClassCondition)

   TaskSchedulingAutoConfiguration#taskSchedulerBuilder matched:
      - @ConditionalOnMissingBean (types: org.springframework.boot.task.TaskSchedulerBuilder; SearchStrategy: all) did not find any beans (OnBeanCondition)

   TemplateEngineConfigurations.DefaultTemplateEngineConfiguration#templateEngine matched:
      - @ConditionalOnMissingBean (types: org.thymeleaf.spring5.ISpringTemplateEngine; SearchStrategy: all) did not find any beans (OnBeanCondition)

   ThymeleafAutoConfiguration matched:
      - @ConditionalOnClass found required classes 'org.thymeleaf.templatemode.TemplateMode', 'org.thymeleaf.spring5.SpringTemplateEngine' (OnClassCondition)

   ThymeleafAutoConfiguration.DefaultTemplateResolverConfiguration matched:
      - @ConditionalOnMissingBean (names: defaultTemplateResolver; SearchStrategy: all) did not find any beans (OnBeanCondition)

   ThymeleafAutoConfiguration.ThymeleafJava8TimeDialect matched:
      - @ConditionalOnClass found required class 'org.thymeleaf.extras.java8time.dialect.Java8TimeDialect' (OnClassCondition)

   ThymeleafAutoConfiguration.ThymeleafJava8TimeDialect#java8TimeDialect matched:
      - @ConditionalOnMissingBean (types: org.thymeleaf.extras.java8time.dialect.Java8TimeDialect; SearchStrategy: all) did not find any beans (OnBeanCondition)

   ThymeleafAutoConfiguration.ThymeleafWebMvcConfiguration matched:
      - found 'session' scope (OnWebApplicationCondition)
      - @ConditionalOnProperty (spring.thymeleaf.enabled) matched (OnPropertyCondition)

   ThymeleafAutoConfiguration.ThymeleafWebMvcConfiguration.ThymeleafViewResolverConfiguration#thymeleafViewResolver matched:
      - @ConditionalOnMissingBean (names: thymeleafViewResolver; SearchStrategy: all) did not find any beans (OnBeanCondition)

   TransactionAutoConfiguration matched:
      - @ConditionalOnClass found required class 'org.springframework.transaction.PlatformTransactionManager' (OnClassCondition)

   TransactionAutoConfiguration#platformTransactionManagerCustomizers matched:
      - @ConditionalOnMissingBean (types: org.springframework.boot.autoconfigure.transaction.TransactionManagerCustomizers; SearchStrategy: all) did not find any beans (OnBeanCondition)

   TransactionAutoConfiguration.EnableTransactionManagementConfiguration matched:
      - @ConditionalOnBean (types: org.springframework.transaction.TransactionManager; SearchStrategy: all) found bean 'transactionManager'; @ConditionalOnMissingBean (types: org.springframework.transaction.annotation.AbstractTransactionManagementConfiguration; SearchStrategy: all) did not find any beans (OnBeanCondition)

   TransactionAutoConfiguration.EnableTransactionManagementConfiguration.CglibAutoProxyConfiguration matched:
      - @ConditionalOnProperty (spring.aop.proxy-target-class=true) matched (OnPropertyCondition)

   TransactionAutoConfiguration.TransactionTemplateConfiguration matched:
      - @ConditionalOnSingleCandidate (types: org.springframework.transaction.PlatformTransactionManager; SearchStrategy: all) found a single bean 'transactionManager' (OnBeanCondition)

   TransactionAutoConfiguration.TransactionTemplateConfiguration#transactionTemplate matched:
      - @ConditionalOnMissingBean (types: org.springframework.transaction.support.TransactionOperations; SearchStrategy: all) did not find any beans (OnBeanCondition)

   WebMvcAutoConfiguration matched:
      - @ConditionalOnClass found required classes 'javax.servlet.Servlet', 'org.springframework.web.servlet.DispatcherServlet', 'org.springframework.web.servlet.config.annotation.WebMvcConfigurer' (OnClassCondition)
      - found 'session' scope (OnWebApplicationCondition)
      - @ConditionalOnMissingBean (types: org.springframework.web.servlet.config.annotation.WebMvcConfigurationSupport; SearchStrategy: all) did not find any beans (OnBeanCondition)

   WebMvcAutoConfiguration#formContentFilter matched:
      - @ConditionalOnProperty (spring.mvc.formcontent.filter.enabled) matched (OnPropertyCondition)
      - @ConditionalOnMissingBean (types: org.springframework.web.filter.FormContentFilter; SearchStrategy: all) did not find any beans (OnBeanCondition)

   WebMvcAutoConfiguration.EnableWebMvcConfiguration#flashMapManager matched:
      - @ConditionalOnMissingBean (names: flashMapManager; SearchStrategy: all) did not find any beans (OnBeanCondition)

   WebMvcAutoConfiguration.EnableWebMvcConfiguration#localeResolver matched:
      - @ConditionalOnMissingBean (names: localeResolver; SearchStrategy: all) did not find any beans (OnBeanCondition)

   WebMvcAutoConfiguration.EnableWebMvcConfiguration#themeResolver matched:
      - @ConditionalOnMissingBean (names: themeResolver; SearchStrategy: all) did not find any beans (OnBeanCondition)

   WebMvcAutoConfiguration.WebMvcAutoConfigurationAdapter#defaultViewResolver matched:
      - @ConditionalOnMissingBean (types: org.springframework.web.servlet.view.InternalResourceViewResolver; SearchStrategy: all) did not find any beans (OnBeanCondition)

   WebMvcAutoConfiguration.WebMvcAutoConfigurationAdapter#requestContextFilter matched:
      - @ConditionalOnMissingBean (types: org.springframework.web.context.request.RequestContextListener,org.springframework.web.filter.RequestContextFilter; SearchStrategy: all) did not find any beans (OnBeanCondition)

   WebMvcAutoConfiguration.WebMvcAutoConfigurationAdapter#viewResolver matched:
      - @ConditionalOnBean (types: org.springframework.web.servlet.ViewResolver; SearchStrategy: all) found beans 'defaultViewResolver', 'beanNameViewResolver', 'mvcViewResolver'; @ConditionalOnMissingBean (names: viewResolver types: org.springframework.web.servlet.view.ContentNegotiatingViewResolver; SearchStrategy: all) did not find any beans (OnBeanCondition)

   WebSocketServletAutoConfiguration matched:
      - @ConditionalOnClass found required classes 'javax.servlet.Servlet', 'javax.websocket.server.ServerContainer' (OnClassCondition)
      - found 'session' scope (OnWebApplicationCondition)

   WebSocketServletAutoConfiguration.TomcatWebSocketConfiguration matched:
      - @ConditionalOnClass found required classes 'org.apache.catalina.startup.Tomcat', 'org.apache.tomcat.websocket.server.WsSci' (OnClassCondition)

   WebSocketServletAutoConfiguration.TomcatWebSocketConfiguration#websocketServletWebServerCustomizer matched:
      - @ConditionalOnMissingBean (names: websocketServletWebServerCustomizer; SearchStrategy: all) did not find any beans (OnBeanCondition)


Negative matches:
-----------------

   ActiveMQAutoConfiguration:
      Did not match:
         - @ConditionalOnClass did not find required class 'javax.jms.ConnectionFactory' (OnClassCondition)

   AopAutoConfiguration.AspectJAutoProxyingConfiguration.JdkDynamicAutoProxyConfiguration:
      Did not match:
         - @ConditionalOnProperty (spring.aop.proxy-target-class=false) did not find property 'proxy-target-class' (OnPropertyCondition)

   AopAutoConfiguration.ClassProxyingConfiguration:
      Did not match:
         - @ConditionalOnMissingClass found unwanted class 'org.aspectj.weaver.Advice' (OnClassCondition)

   ArtemisAutoConfiguration:
      Did not match:
         - @ConditionalOnClass did not find required class 'javax.jms.ConnectionFactory' (OnClassCondition)

   AtomikosJtaConfiguration:
      Did not match:
         - @ConditionalOnClass did not find required class 'com.atomikos.icatch.jta.UserTransactionManager' (OnClassCondition)

   BatchAutoConfiguration:
      Did not match:
         - @ConditionalOnClass did not find required class 'org.springframework.batch.core.launch.JobLauncher' (OnClassCondition)

   Cache2kCacheConfiguration:
      Did not match:
         - @ConditionalOnClass did not find required class 'org.cache2k.Cache2kBuilder' (OnClassCondition)

   CacheAutoConfiguration:
      Did not match:
         - @ConditionalOnBean (types: org.springframework.cache.interceptor.CacheAspectSupport; SearchStrategy: all) did not find any beans of type org.springframework.cache.interceptor.CacheAspectSupport (OnBeanCondition)
      Matched:
         - @ConditionalOnClass found required class 'org.springframework.cache.CacheManager' (OnClassCondition)

   CacheAutoConfiguration.CacheManagerEntityManagerFactoryDependsOnPostProcessor:
      Did not match:
         - Ancestor org.springframework.boot.autoconfigure.cache.CacheAutoConfiguration did not match (ConditionEvaluationReport.AncestorsMatchedCondition)
      Matched:
         - @ConditionalOnClass found required class 'org.springframework.orm.jpa.LocalContainerEntityManagerFactoryBean' (OnClassCondition)

   CaffeineCacheConfiguration:
      Did not match:
         - @ConditionalOnClass did not find required class 'com.github.benmanes.caffeine.cache.Caffeine' (OnClassCondition)

   CassandraAutoConfiguration:
      Did not match:
         - @ConditionalOnClass did not find required class 'com.datastax.oss.driver.api.core.CqlSession' (OnClassCondition)

   CassandraDataAutoConfiguration:
      Did not match:
         - @ConditionalOnClass did not find required class 'com.datastax.oss.driver.api.core.CqlSession' (OnClassCondition)

   CassandraReactiveDataAutoConfiguration:
      Did not match:
         - @ConditionalOnClass did not find required class 'com.datastax.oss.driver.api.core.CqlSession' (OnClassCondition)

   CassandraReactiveRepositoriesAutoConfiguration:
      Did not match:
         - @ConditionalOnClass did not find required class 'org.springframework.data.cassandra.ReactiveSession' (OnClassCondition)

   CassandraRepositoriesAutoConfiguration:
      Did not match:
         - @ConditionalOnClass did not find required class 'com.datastax.oss.driver.api.core.CqlSession' (OnClassCondition)

   ClientHttpConnectorAutoConfiguration:
      Did not match:
         - @ConditionalOnClass did not find required class 'org.springframework.web.reactive.function.client.WebClient' (OnClassCondition)

   CodecsAutoConfiguration:
      Did not match:
         - @ConditionalOnClass did not find required class 'org.springframework.web.reactive.function.client.WebClient' (OnClassCondition)

   CouchbaseAutoConfiguration:
      Did not match:
         - @ConditionalOnClass did not find required class 'com.couchbase.client.java.Cluster' (OnClassCondition)

   CouchbaseCacheConfiguration:
      Did not match:
         - @ConditionalOnClass did not find required class 'com.couchbase.client.java.Cluster' (OnClassCondition)

   CouchbaseDataAutoConfiguration:
      Did not match:
         - @ConditionalOnClass did not find required class 'com.couchbase.client.java.Bucket' (OnClassCondition)

   CouchbaseReactiveDataAutoConfiguration:
      Did not match:
         - @ConditionalOnClass did not find required class 'com.couchbase.client.java.Cluster' (OnClassCondition)

   CouchbaseReactiveRepositoriesAutoConfiguration:
      Did not match:
         - @ConditionalOnClass did not find required class 'com.couchbase.client.java.Cluster' (OnClassCondition)

   CouchbaseRepositoriesAutoConfiguration:
      Did not match:
         - @ConditionalOnClass did not find required class 'com.couchbase.client.java.Bucket' (OnClassCondition)

   DataSourceAutoConfiguration.EmbeddedDatabaseConfiguration:
      Did not match:
         - EmbeddedDataSource spring.datasource.url is set (DataSourceAutoConfiguration.EmbeddedDatabaseCondition)

   DataSourceConfiguration.Dbcp2:
      Did not match:
         - @ConditionalOnClass did not find required class 'org.apache.commons.dbcp2.BasicDataSource' (OnClassCondition)

   DataSourceConfiguration.Generic:
      Did not match:
         - @ConditionalOnProperty (spring.datasource.type) did not find property 'spring.datasource.type' (OnPropertyCondition)

   DataSourceConfiguration.OracleUcp:
      Did not match:
         - @ConditionalOnClass did not find required classes 'oracle.ucp.jdbc.PoolDataSourceImpl', 'oracle.jdbc.OracleConnection' (OnClassCondition)

   DataSourceConfiguration.Tomcat:
      Did not match:
         - @ConditionalOnClass did not find required class 'org.apache.tomcat.jdbc.pool.DataSource' (OnClassCondition)

   DataSourceJmxConfiguration:
      Did not match:
         - @ConditionalOnProperty (spring.jmx.enabled=true) found different value in property 'enabled' (OnPropertyCondition)

   DataSourcePoolMetadataProvidersConfiguration.CommonsDbcp2PoolDataSourceMetadataProviderConfiguration:
      Did not match:
         - @ConditionalOnClass did not find required class 'org.apache.commons.dbcp2.BasicDataSource' (OnClassCondition)

   DataSourcePoolMetadataProvidersConfiguration.OracleUcpPoolDataSourceMetadataProviderConfiguration:
      Did not match:
         - @ConditionalOnClass did not find required classes 'oracle.ucp.jdbc.PoolDataSource', 'oracle.jdbc.OracleConnection' (OnClassCondition)

   DataSourcePoolMetadataProvidersConfiguration.TomcatDataSourcePoolMetadataProviderConfiguration:
      Did not match:
         - @ConditionalOnClass did not find required class 'org.apache.tomcat.jdbc.pool.DataSource' (OnClassCondition)

   DataSourceTransactionManagerAutoConfiguration.JdbcTransactionManagerConfiguration#transactionManager:
      Did not match:
         - @ConditionalOnMissingBean (types: org.springframework.transaction.TransactionManager; SearchStrategy: all) found beans of type 'org.springframework.transaction.TransactionManager' transactionManager (OnBeanCondition)

   DevToolsDataSourceAutoConfiguration:
      Did not match:
         - Devtools devtools is disabled for current context. (OnEnabledDevToolsCondition)

   DevToolsR2dbcAutoConfiguration:
      Did not match:
         - @ConditionalOnClass did not find required class 'io.r2dbc.spi.ConnectionFactory' (OnClassCondition)

   DispatcherServletAutoConfiguration.DispatcherServletConfiguration#multipartResolver:
      Did not match:
         - @ConditionalOnBean (types: org.springframework.web.multipart.MultipartResolver; SearchStrategy: all) did not find any beans of type org.springframework.web.multipart.MultipartResolver (OnBeanCondition)

   EhCacheCacheConfiguration:
      Did not match:
         - @ConditionalOnClass did not find required class 'net.sf.ehcache.Cache' (OnClassCondition)

   ElasticsearchDataAutoConfiguration:
      Did not match:
         - @ConditionalOnClass did not find required class 'org.springframework.data.elasticsearch.core.ElasticsearchRestTemplate' (OnClassCondition)

   ElasticsearchRepositoriesAutoConfiguration:
      Did not match:
         - @ConditionalOnClass did not find required class 'org.elasticsearch.client.Client' (OnClassCondition)

   ElasticsearchRestClientAutoConfiguration:
      Did not match:
         - @ConditionalOnClass did not find required class 'org.elasticsearch.client.RestClientBuilder' (OnClassCondition)

   EmbeddedLdapAutoConfiguration:
      Did not match:
         - @ConditionalOnClass did not find required class 'com.unboundid.ldap.listener.InMemoryDirectoryServer' (OnClassCondition)

   EmbeddedMongoAutoConfiguration:
      Did not match:
         - @ConditionalOnClass did not find required class 'com.mongodb.MongoClientSettings' (OnClassCondition)

   EmbeddedWebServerFactoryCustomizerAutoConfiguration.JettyWebServerFactoryCustomizerConfiguration:
      Did not match:
         - @ConditionalOnClass did not find required classes 'org.eclipse.jetty.server.Server', 'org.eclipse.jetty.util.Loader', 'org.eclipse.jetty.webapp.WebAppContext' (OnClassCondition)

   EmbeddedWebServerFactoryCustomizerAutoConfiguration.NettyWebServerFactoryCustomizerConfiguration:
      Did not match:
         - @ConditionalOnClass did not find required class 'reactor.netty.http.server.HttpServer' (OnClassCondition)

   EmbeddedWebServerFactoryCustomizerAutoConfiguration.UndertowWebServerFactoryCustomizerConfiguration:
      Did not match:
         - @ConditionalOnClass did not find required classes 'io.undertow.Undertow', 'org.xnio.SslClientAuthMode' (OnClassCondition)

   ErrorWebFluxAutoConfiguration:
      Did not match:
         - @ConditionalOnClass did not find required class 'org.springframework.web.reactive.config.WebFluxConfigurer' (OnClassCondition)

   FreeMarkerAutoConfiguration:
      Did not match:
         - @ConditionalOnClass did not find required class 'freemarker.template.Configuration' (OnClassCondition)

   GraphQlAutoConfiguration:
      Did not match:
         - @ConditionalOnClass did not find required class 'graphql.GraphQL' (OnClassCondition)

   GraphQlQueryByExampleAutoConfiguration:
      Did not match:
         - @ConditionalOnClass did not find required class 'graphql.GraphQL' (OnClassCondition)

   GraphQlQuerydslAutoConfiguration:
      Did not match:
         - @ConditionalOnClass did not find required class 'graphql.GraphQL' (OnClassCondition)

   GraphQlRSocketAutoConfiguration:
      Did not match:
         - @ConditionalOnClass did not find required class 'graphql.GraphQL' (OnClassCondition)

   GraphQlReactiveQueryByExampleAutoConfiguration:
      Did not match:
         - @ConditionalOnClass did not find required class 'graphql.GraphQL' (OnClassCondition)

   GraphQlReactiveQuerydslAutoConfiguration:
      Did not match:
         - @ConditionalOnClass did not find required class 'graphql.GraphQL' (OnClassCondition)

   GraphQlWebFluxAutoConfiguration:
      Did not match:
         - @ConditionalOnClass did not find required class 'graphql.GraphQL' (OnClassCondition)

   GraphQlWebFluxSecurityAutoConfiguration:
      Did not match:
         - @ConditionalOnClass did not find required class 'graphql.GraphQL' (OnClassCondition)

   GraphQlWebMvcAutoConfiguration:
      Did not match:
         - @ConditionalOnClass did not find required class 'graphql.GraphQL' (OnClassCondition)

   GraphQlWebMvcSecurityAutoConfiguration:
      Did not match:
         - @ConditionalOnClass did not find required class 'graphql.GraphQL' (OnClassCondition)

   GsonHttpMessageConvertersConfiguration.GsonHttpMessageConverterConfiguration:
      Did not match:
         - AnyNestedCondition 0 matched 2 did not; NestedCondition on GsonHttpMessageConvertersConfiguration.PreferGsonOrJacksonAndJsonbUnavailableCondition.JacksonJsonbUnavailable NoneNestedConditions 1 matched 1 did not; NestedCondition on GsonHttpMessageConvertersConfiguration.JacksonAndJsonbUnavailableCondition.JsonbPreferred @ConditionalOnProperty (spring.mvc.converters.preferred-json-mapper=jsonb) did not find property 'spring.mvc.converters.preferred-json-mapper'; NestedCondition on GsonHttpMessageConvertersConfiguration.JacksonAndJsonbUnavailableCondition.JacksonAvailable @ConditionalOnBean (types: org.springframework.http.converter.json.MappingJackson2HttpMessageConverter; SearchStrategy: all) found bean 'mappingJackson2HttpMessageConverter'; NestedCondition on GsonHttpMessageConvertersConfiguration.PreferGsonOrJacksonAndJsonbUnavailableCondition.GsonPreferred @ConditionalOnProperty (spring.mvc.converters.preferred-json-mapper=gson) did not find property 'spring.mvc.converters.preferred-json-mapper' (GsonHttpMessageConvertersConfiguration.PreferGsonOrJacksonAndJsonbUnavailableCondition)

   HazelcastAutoConfiguration:
      Did not match:
         - @ConditionalOnClass did not find required class 'com.hazelcast.core.HazelcastInstance' (OnClassCondition)

   HazelcastCacheConfiguration:
      Did not match:
         - @ConditionalOnClass did not find required class 'com.hazelcast.core.HazelcastInstance' (OnClassCondition)

   HazelcastJpaDependencyAutoConfiguration:
      Did not match:
         - @ConditionalOnClass did not find required class 'com.hazelcast.core.HazelcastInstance' (OnClassCondition)

   HttpHandlerAutoConfiguration:
      Did not match:
         - @ConditionalOnClass did not find required class 'org.springframework.web.reactive.DispatcherHandler' (OnClassCondition)

   HypermediaAutoConfiguration.HypermediaConfiguration:
      Did not match:
         - @ConditionalOnMissingBean (types: org.springframework.hateoas.client.LinkDiscoverers; SearchStrategy: all) found beans of type 'org.springframework.hateoas.client.LinkDiscoverers' linkDiscoverers (OnBeanCondition)
      Matched:
         - @ConditionalOnClass found required class 'com.fasterxml.jackson.databind.ObjectMapper' (OnClassCondition)

   InfinispanCacheConfiguration:
      Did not match:
         - @ConditionalOnClass did not find required class 'org.infinispan.spring.embedded.provider.SpringEmbeddedCacheManager' (OnClassCondition)

   InfluxDbAutoConfiguration:
      Did not match:
         - @ConditionalOnClass did not find required class 'org.influxdb.InfluxDB' (OnClassCondition)

   IntegrationAutoConfiguration:
      Did not match:
         - @ConditionalOnClass did not find required class 'org.springframework.integration.config.EnableIntegration' (OnClassCondition)

   JCacheCacheConfiguration:
      Did not match:
         - @ConditionalOnClass did not find required class 'javax.cache.Caching' (OnClassCondition)

   JacksonHttpMessageConvertersConfiguration.MappingJackson2XmlHttpMessageConverterConfiguration:
      Did not match:
         - @ConditionalOnClass did not find required class 'com.fasterxml.jackson.dataformat.xml.XmlMapper' (OnClassCondition)

   JdbcRepositoriesAutoConfiguration:
      Did not match:
         - @ConditionalOnClass did not find required class 'org.springframework.data.jdbc.repository.config.AbstractJdbcConfiguration' (OnClassCondition)

   JerseyAutoConfiguration:
      Did not match:
         - @ConditionalOnClass did not find required class 'org.glassfish.jersey.server.spring.SpringComponentProvider' (OnClassCondition)

   JmsAutoConfiguration:
      Did not match:
         - @ConditionalOnClass did not find required class 'javax.jms.Message' (OnClassCondition)

   JmxAutoConfiguration:
      Did not match:
         - @ConditionalOnProperty (spring.jmx.enabled=true) found different value in property 'enabled' (OnPropertyCondition)
      Matched:
         - @ConditionalOnClass found required class 'org.springframework.jmx.export.MBeanExporter' (OnClassCondition)

   JndiConnectionFactoryAutoConfiguration:
      Did not match:
         - @ConditionalOnClass did not find required class 'org.springframework.jms.core.JmsTemplate' (OnClassCondition)

   JndiDataSourceAutoConfiguration:
      Did not match:
         - @ConditionalOnProperty (spring.datasource.jndi-name) did not find property 'jndi-name' (OnPropertyCondition)
      Matched:
         - @ConditionalOnClass found required classes 'javax.sql.DataSource', 'org.springframework.jdbc.datasource.embedded.EmbeddedDatabaseType' (OnClassCondition)

   JndiJtaConfiguration:
      Did not match:
         - @ConditionalOnJndi JNDI environment is not available (OnJndiCondition)
      Matched:
         - @ConditionalOnClass found required class 'org.springframework.transaction.jta.JtaTransactionManager' (OnClassCondition)

   JooqAutoConfiguration:
      Did not match:
         - @ConditionalOnClass did not find required class 'org.jooq.DSLContext' (OnClassCondition)

   JpaRepositoriesAutoConfiguration#entityManagerFactoryBootstrapExecutorCustomizer:
      Did not match:
         - AnyNestedCondition 0 matched 2 did not; NestedCondition on JpaRepositoriesAutoConfiguration.BootstrapExecutorCondition.LazyBootstrapMode @ConditionalOnProperty (spring.data.jpa.repositories.bootstrap-mode=lazy) did not find property 'bootstrap-mode'; NestedCondition on JpaRepositoriesAutoConfiguration.BootstrapExecutorCondition.DeferredBootstrapMode @ConditionalOnProperty (spring.data.jpa.repositories.bootstrap-mode=deferred) did not find property 'bootstrap-mode' (JpaRepositoriesAutoConfiguration.BootstrapExecutorCondition)

   JsonbAutoConfiguration:
      Did not match:
         - @ConditionalOnClass did not find required class 'javax.json.bind.Jsonb' (OnClassCondition)

   JsonbHttpMessageConvertersConfiguration:
      Did not match:
         - @ConditionalOnClass did not find required class 'javax.json.bind.Jsonb' (OnClassCondition)

   KafkaAutoConfiguration:
      Did not match:
         - @ConditionalOnClass did not find required class 'org.springframework.kafka.core.KafkaTemplate' (OnClassCondition)

   LdapAutoConfiguration:
      Did not match:
         - @ConditionalOnClass did not find required class 'org.springframework.ldap.core.ContextSource' (OnClassCondition)

   LdapRepositoriesAutoConfiguration:
      Did not match:
         - @ConditionalOnClass did not find required class 'org.springframework.data.ldap.repository.LdapRepository' (OnClassCondition)

   LiquibaseAutoConfiguration:
      Did not match:
         - @ConditionalOnClass did not find required class 'liquibase.change.DatabaseChange' (OnClassCondition)

   LocalDevToolsAutoConfiguration:
      Did not match:
         - Initialized Restarter Condition initialized without URLs (OnInitializedRestarterCondition)

   MailSenderAutoConfiguration:
      Did not match:
         - @ConditionalOnClass did not find required class 'javax.mail.internet.MimeMessage' (OnClassCondition)

   MailSenderValidatorAutoConfiguration:
      Did not match:
         - @ConditionalOnProperty (spring.mail.test-connection) did not find property 'test-connection' (OnPropertyCondition)

   MessageSourceAutoConfiguration:
      Did not match:
         - ResourceBundle did not find bundle with basename messages (MessageSourceAutoConfiguration.ResourceBundleCondition)

   MongoAutoConfiguration:
      Did not match:
         - @ConditionalOnClass did not find required class 'com.mongodb.client.MongoClient' (OnClassCondition)

   MongoDataAutoConfiguration:
      Did not match:
         - @ConditionalOnClass did not find required class 'com.mongodb.client.MongoClient' (OnClassCondition)

   MongoReactiveAutoConfiguration:
      Did not match:
         - @ConditionalOnClass did not find required class 'com.mongodb.reactivestreams.client.MongoClient' (OnClassCondition)

   MongoReactiveDataAutoConfiguration:
      Did not match:
         - @ConditionalOnClass did not find required class 'com.mongodb.reactivestreams.client.MongoClient' (OnClassCondition)

   MongoReactiveRepositoriesAutoConfiguration:
      Did not match:
         - @ConditionalOnClass did not find required class 'com.mongodb.reactivestreams.client.MongoClient' (OnClassCondition)

   MongoRepositoriesAutoConfiguration:
      Did not match:
         - @ConditionalOnClass did not find required class 'com.mongodb.client.MongoClient' (OnClassCondition)

   MustacheAutoConfiguration:
      Did not match:
         - @ConditionalOnClass did not find required class 'com.samskivert.mustache.Mustache' (OnClassCondition)

   Neo4jAutoConfiguration:
      Did not match:
         - @ConditionalOnClass did not find required class 'org.neo4j.driver.Driver' (OnClassCondition)

   Neo4jDataAutoConfiguration:
      Did not match:
         - @ConditionalOnClass did not find required class 'org.neo4j.driver.Driver' (OnClassCondition)

   Neo4jReactiveDataAutoConfiguration:
      Did not match:
         - @ConditionalOnClass did not find required class 'org.neo4j.driver.Driver' (OnClassCondition)

   Neo4jReactiveRepositoriesAutoConfiguration:
      Did not match:
         - @ConditionalOnClass did not find required class 'org.neo4j.driver.Driver' (OnClassCondition)

   Neo4jRepositoriesAutoConfiguration:
      Did not match:
         - @ConditionalOnClass did not find required class 'org.neo4j.driver.Driver' (OnClassCondition)

   OAuth2ClientAutoConfiguration:
      Did not match:
         - @ConditionalOnClass did not find required class 'org.springframework.security.oauth2.client.registration.ClientRegistration' (OnClassCondition)

   OAuth2ResourceServerAutoConfiguration:
      Did not match:
         - @ConditionalOnClass did not find required class 'org.springframework.security.oauth2.server.resource.BearerTokenAuthenticationToken' (OnClassCondition)

   ProjectInfoAutoConfiguration#buildProperties:
      Did not match:
         - @ConditionalOnResource did not find resource '${spring.info.build.location:classpath:META-INF/build-info.properties}' (OnResourceCondition)

   ProjectInfoAutoConfiguration#gitProperties:
      Did not match:
         - GitResource did not find git info at classpath:git.properties (ProjectInfoAutoConfiguration.GitResourceAvailableCondition)

   QuartzAutoConfiguration:
      Did not match:
         - @ConditionalOnClass did not find required class 'org.quartz.Scheduler' (OnClassCondition)

   R2dbcAutoConfiguration:
      Did not match:
         - @ConditionalOnClass did not find required class 'io.r2dbc.spi.ConnectionFactory' (OnClassCondition)

   R2dbcDataAutoConfiguration:
      Did not match:
         - @ConditionalOnClass did not find required class 'org.springframework.data.r2dbc.core.R2dbcEntityTemplate' (OnClassCondition)

   R2dbcInitializationConfiguration:
      Did not match:
         - @ConditionalOnClass did not find required classes 'io.r2dbc.spi.ConnectionFactory', 'org.springframework.r2dbc.connection.init.DatabasePopulator' (OnClassCondition)

   R2dbcRepositoriesAutoConfiguration:
      Did not match:
         - @ConditionalOnClass did not find required class 'io.r2dbc.spi.ConnectionFactory' (OnClassCondition)

   R2dbcTransactionManagerAutoConfiguration:
      Did not match:
         - @ConditionalOnClass did not find required class 'org.springframework.r2dbc.connection.R2dbcTransactionManager' (OnClassCondition)

   RSocketGraphQlClientAutoConfiguration:
      Did not match:
         - @ConditionalOnClass did not find required class 'graphql.GraphQL' (OnClassCondition)

   RSocketMessagingAutoConfiguration:
      Did not match:
         - @ConditionalOnClass did not find required class 'io.rsocket.RSocket' (OnClassCondition)

   RSocketRequesterAutoConfiguration:
      Did not match:
         - @ConditionalOnClass did not find required class 'io.rsocket.RSocket' (OnClassCondition)

   RSocketSecurityAutoConfiguration:
      Did not match:
         - @ConditionalOnClass did not find required class 'org.springframework.security.rsocket.core.SecuritySocketAcceptorInterceptor' (OnClassCondition)

   RSocketServerAutoConfiguration:
      Did not match:
         - @ConditionalOnClass did not find required class 'io.rsocket.core.RSocketServer' (OnClassCondition)

   RSocketStrategiesAutoConfiguration:
      Did not match:
         - @ConditionalOnClass did not find required class 'io.rsocket.RSocket' (OnClassCondition)

   RabbitAutoConfiguration:
      Did not match:
         - @ConditionalOnClass did not find required class 'com.rabbitmq.client.Channel' (OnClassCondition)

   ReactiveElasticsearchRepositoriesAutoConfiguration:
      Did not match:
         - @ConditionalOnClass did not find required class 'org.springframework.data.elasticsearch.client.reactive.ReactiveElasticsearchClient' (OnClassCondition)

   ReactiveElasticsearchRestClientAutoConfiguration:
      Did not match:
         - @ConditionalOnClass did not find required class 'reactor.netty.http.client.HttpClient' (OnClassCondition)

   ReactiveMultipartAutoConfiguration:
      Did not match:
         - @ConditionalOnClass did not find required class 'org.springframework.web.reactive.config.WebFluxConfigurer' (OnClassCondition)

   ReactiveOAuth2ClientAutoConfiguration:
      Did not match:
         - @ConditionalOnClass did not find required class 'reactor.core.publisher.Flux' (OnClassCondition)

   ReactiveOAuth2ResourceServerAutoConfiguration:
      Did not match:
         - @ConditionalOnWebApplication did not find reactive web application classes (OnWebApplicationCondition)

   ReactiveSecurityAutoConfiguration:
      Did not match:
         - @ConditionalOnClass did not find required class 'reactor.core.publisher.Flux' (OnClassCondition)

   ReactiveUserDetailsServiceAutoConfiguration:
      Did not match:
         - AnyNestedCondition 0 matched 2 did not; NestedCondition on ReactiveUserDetailsServiceAutoConfiguration.ReactiveUserDetailsServiceCondition.ReactiveWebApplicationCondition did not find reactive web application classes; NestedCondition on ReactiveUserDetailsServiceAutoConfiguration.ReactiveUserDetailsServiceCondition.RSocketSecurityEnabledCondition @ConditionalOnBean (types: org.springframework.messaging.rsocket.annotation.support.RSocketMessageHandler; SearchStrategy: all) did not find any beans of type org.springframework.messaging.rsocket.annotation.support.RSocketMessageHandler (ReactiveUserDetailsServiceAutoConfiguration.ReactiveUserDetailsServiceCondition)
      Matched:
         - @ConditionalOnClass found required class 'org.springframework.security.authentication.ReactiveAuthenticationManager' (OnClassCondition)

   ReactiveWebServerFactoryAutoConfiguration:
      Did not match:
         - @ConditionalOnWebApplication did not find reactive web application classes (OnWebApplicationCondition)

   RedisAutoConfiguration:
      Did not match:
         - @ConditionalOnClass did not find required class 'org.springframework.data.redis.core.RedisOperations' (OnClassCondition)

   RedisCacheConfiguration:
      Did not match:
         - @ConditionalOnClass did not find required class 'org.springframework.data.redis.connection.RedisConnectionFactory' (OnClassCondition)

   RedisReactiveAutoConfiguration:
      Did not match:
         - @ConditionalOnClass did not find required class 'reactor.core.publisher.Flux' (OnClassCondition)

   RedisRepositoriesAutoConfiguration:
      Did not match:
         - @ConditionalOnClass did not find required class 'org.springframework.data.redis.repository.configuration.EnableRedisRepositories' (OnClassCondition)

   RemoteDevToolsAutoConfiguration:
      Did not match:
         - @ConditionalOnProperty (spring.devtools.remote.secret) did not find property 'secret' (OnPropertyCondition)
      Matched:
         - @ConditionalOnClass found required classes 'javax.servlet.Filter', 'org.springframework.http.server.ServerHttpRequest' (OnClassCondition)

   Saml2RelyingPartyAutoConfiguration:
      Did not match:
         - @ConditionalOnClass did not find required class 'org.springframework.security.saml2.provider.service.registration.RelyingPartyRegistrationRepository' (OnClassCondition)

   SecurityDataConfiguration:
      Did not match:
         - @ConditionalOnClass did not find required class 'org.springframework.security.data.repository.query.SecurityEvaluationContextExtension' (OnClassCondition)

   SendGridAutoConfiguration:
      Did not match:
         - @ConditionalOnClass did not find required class 'com.sendgrid.SendGrid' (OnClassCondition)

   ServletWebServerFactoryAutoConfiguration.ForwardedHeaderFilterConfiguration:
      Did not match:
         - @ConditionalOnProperty (server.forward-headers-strategy=framework) did not find property 'server.forward-headers-strategy' (OnPropertyCondition)

   ServletWebServerFactoryConfiguration.EmbeddedJetty:
      Did not match:
         - @ConditionalOnClass did not find required classes 'org.eclipse.jetty.server.Server', 'org.eclipse.jetty.util.Loader', 'org.eclipse.jetty.webapp.WebAppContext' (OnClassCondition)

   ServletWebServerFactoryConfiguration.EmbeddedUndertow:
      Did not match:
         - @ConditionalOnClass did not find required classes 'io.undertow.Undertow', 'org.xnio.SslClientAuthMode' (OnClassCondition)

   SessionAutoConfiguration:
      Did not match:
         - @ConditionalOnClass did not find required class 'org.springframework.session.Session' (OnClassCondition)

   SolrAutoConfiguration:
      Did not match:
         - @ConditionalOnClass did not find required class 'org.apache.solr.client.solrj.impl.CloudSolrClient' (OnClassCondition)

   SpringApplicationAdminJmxAutoConfiguration:
      Did not match:
         - @ConditionalOnProperty (spring.application.admin.enabled=true) did not find property 'enabled' (OnPropertyCondition)

   SpringBootWebSecurityConfiguration.SecurityFilterChainConfiguration:
      Did not match:
         - AllNestedConditions 1 matched 1 did not; NestedCondition on DefaultWebSecurityCondition.Beans @ConditionalOnMissingBean (types: org.springframework.security.config.annotation.web.configuration.WebSecurityConfigurerAdapter,org.springframework.security.web.SecurityFilterChain; SearchStrategy: all) found beans of type 'org.springframework.security.config.annotation.web.configuration.WebSecurityConfigurerAdapter' webSecurityConfig; NestedCondition on DefaultWebSecurityCondition.Classes @ConditionalOnClass found required classes 'org.springframework.security.web.SecurityFilterChain', 'org.springframework.security.config.annotation.web.builders.HttpSecurity' (DefaultWebSecurityCondition)

   SpringBootWebSecurityConfiguration.WebSecurityEnablerConfiguration:
      Did not match:
         - @ConditionalOnMissingBean (names: springSecurityFilterChain; SearchStrategy: all) found beans named springSecurityFilterChain (OnBeanCondition)
      Matched:
         - @ConditionalOnClass found required class 'org.springframework.security.config.annotation.web.configuration.EnableWebSecurity' (OnClassCondition)

   SpringDataWebAutoConfiguration:
      Did not match:
         - @ConditionalOnMissingBean (types: org.springframework.data.web.PageableHandlerMethodArgumentResolver; SearchStrategy: all) found beans of type 'org.springframework.data.web.PageableHandlerMethodArgumentResolver' pageableResolver (OnBeanCondition)
      Matched:
         - @ConditionalOnClass found required classes 'org.springframework.data.web.PageableHandlerMethodArgumentResolver', 'org.springframework.web.servlet.config.annotation.WebMvcConfigurer' (OnClassCondition)
         - found 'session' scope (OnWebApplicationCondition)

   TaskSchedulingAutoConfiguration#taskScheduler:
      Did not match:
         - @ConditionalOnBean (names: org.springframework.context.annotation.internalScheduledAnnotationProcessor; SearchStrategy: all) did not find any beans named org.springframework.context.annotation.internalScheduledAnnotationProcessor (OnBeanCondition)

   TemplateEngineConfigurations.ReactiveTemplateEngineConfiguration:
      Did not match:
         - did not find reactive web application classes (OnWebApplicationCondition)

   ThymeleafAutoConfiguration.DataAttributeDialectConfiguration:
      Did not match:
         - @ConditionalOnClass did not find required class 'com.github.mxab.thymeleaf.extras.dataattribute.dialect.DataAttributeDialect' (OnClassCondition)

   ThymeleafAutoConfiguration.ThymeleafSecurityDialectConfiguration:
      Did not match:
         - @ConditionalOnClass did not find required class 'org.thymeleaf.extras.springsecurity5.dialect.SpringSecurityDialect' (OnClassCondition)

   ThymeleafAutoConfiguration.ThymeleafWebFluxConfiguration:
      Did not match:
         - did not find reactive web application classes (OnWebApplicationCondition)

   ThymeleafAutoConfiguration.ThymeleafWebLayoutConfiguration:
      Did not match:
         - @ConditionalOnClass did not find required class 'nz.net.ultraq.thymeleaf.layoutdialect.LayoutDialect' (OnClassCondition)

   ThymeleafAutoConfiguration.ThymeleafWebMvcConfiguration#resourceUrlEncodingFilter:
      Did not match:
         - @ConditionalOnEnabledResourceChain did not find class org.webjars.WebJarAssetLocator (OnEnabledResourceChainCondition)

   TransactionAutoConfiguration#transactionalOperator:
      Did not match:
         - @ConditionalOnSingleCandidate (types: org.springframework.transaction.ReactiveTransactionManager; SearchStrategy: all) did not find any beans (OnBeanCondition)

   TransactionAutoConfiguration.EnableTransactionManagementConfiguration.JdkDynamicAutoProxyConfiguration:
      Did not match:
         - @ConditionalOnProperty (spring.aop.proxy-target-class=false) did not find property 'proxy-target-class' (OnPropertyCondition)

   UserDetailsServiceAutoConfiguration:
      Did not match:
         - @ConditionalOnMissingBean (types: org.springframework.security.authentication.AuthenticationManager,org.springframework.security.authentication.AuthenticationProvider,org.springframework.security.core.userdetails.UserDetailsService,org.springframework.security.authentication.AuthenticationManagerResolver,org.springframework.security.oauth2.jwt.JwtDecoder,org.springframework.security.oauth2.server.resource.introspection.OpaqueTokenIntrospector,org.springframework.security.oauth2.client.registration.ClientRegistrationRepository,org.springframework.security.saml2.provider.service.registration.RelyingPartyRegistrationRepository; SearchStrategy: all) found beans of type 'org.springframework.security.authentication.AuthenticationManager' authenticationManagerBean and found beans of type 'org.springframework.security.core.userdetails.UserDetailsService' usuarioService (OnBeanCondition)
      Matched:
         - @ConditionalOnClass found required class 'org.springframework.security.authentication.AuthenticationManager' (OnClassCondition)

   ValidationAutoConfiguration:
      Did not match:
         - @ConditionalOnResource did not find resource 'classpath:META-INF/services/javax.validation.spi.ValidationProvider' (OnResourceCondition)
      Matched:
         - @ConditionalOnClass found required class 'javax.validation.executable.ExecutableValidator' (OnClassCondition)

   WebClientAutoConfiguration:
      Did not match:
         - @ConditionalOnClass did not find required class 'org.springframework.web.reactive.function.client.WebClient' (OnClassCondition)

   WebFluxAutoConfiguration:
      Did not match:
         - @ConditionalOnClass did not find required class 'org.springframework.web.reactive.config.WebFluxConfigurer' (OnClassCondition)

   WebMvcAutoConfiguration#hiddenHttpMethodFilter:
      Did not match:
         - @ConditionalOnProperty (spring.mvc.hiddenmethod.filter.enabled) did not find property 'enabled' (OnPropertyCondition)

   WebMvcAutoConfiguration.ResourceChainCustomizerConfiguration:
      Did not match:
         - @ConditionalOnEnabledResourceChain did not find class org.webjars.WebJarAssetLocator (OnEnabledResourceChainCondition)

   WebMvcAutoConfiguration.WebMvcAutoConfigurationAdapter#beanNameViewResolver:
      Did not match:
         - @ConditionalOnMissingBean (types: org.springframework.web.servlet.view.BeanNameViewResolver; SearchStrategy: all) found beans of type 'org.springframework.web.servlet.view.BeanNameViewResolver' beanNameViewResolver (OnBeanCondition)

   WebServiceTemplateAutoConfiguration:
      Did not match:
         - @ConditionalOnClass did not find required class 'org.springframework.oxm.Marshaller' (OnClassCondition)

   WebServicesAutoConfiguration:
      Did not match:
         - @ConditionalOnClass did not find required class 'org.springframework.ws.transport.http.MessageDispatcherServlet' (OnClassCondition)

   WebSessionIdResolverAutoConfiguration:
      Did not match:
         - @ConditionalOnClass did not find required class 'reactor.core.publisher.Mono' (OnClassCondition)

   WebSocketMessagingAutoConfiguration:
      Did not match:
         - @ConditionalOnClass did not find required class 'org.springframework.web.socket.config.annotation.WebSocketMessageBrokerConfigurer' (OnClassCondition)

   WebSocketReactiveAutoConfiguration:
      Did not match:
         - @ConditionalOnWebApplication did not find reactive web application classes (OnWebApplicationCondition)

   WebSocketServletAutoConfiguration.Jetty10WebSocketConfiguration:
      Did not match:
         - @ConditionalOnClass did not find required classes 'org.eclipse.jetty.websocket.javax.server.internal.JavaxWebSocketServerContainer', 'org.eclipse.jetty.websocket.server.JettyWebSocketServerContainer' (OnClassCondition)

   WebSocketServletAutoConfiguration.JettyWebSocketConfiguration:
      Did not match:
         - @ConditionalOnClass did not find required class 'org.eclipse.jetty.websocket.jsr356.server.deploy.WebSocketServerContainerInitializer' (OnClassCondition)

   WebSocketServletAutoConfiguration.UndertowWebSocketConfiguration:
      Did not match:
         - @ConditionalOnClass did not find required class 'io.undertow.websockets.jsr.Bootstrap' (OnClassCondition)

   XADataSourceAutoConfiguration:
      Did not match:
         - @ConditionalOnBean (types: org.springframework.boot.jdbc.XADataSourceWrapper; SearchStrategy: all) did not find any beans of type org.springframework.boot.jdbc.XADataSourceWrapper (OnBeanCondition)
      Matched:
         - @ConditionalOnClass found required classes 'javax.sql.DataSource', 'javax.transaction.TransactionManager', 'org.springframework.jdbc.datasource.embedded.EmbeddedDatabaseType' (OnClassCondition)


Exclusions:
-----------

    None


Unconditional classes:
----------------------

    org.springframework.boot.autoconfigure.context.ConfigurationPropertiesAutoConfiguration

    org.springframework.boot.autoconfigure.context.PropertyPlaceholderAutoConfiguration

    org.springframework.boot.autoconfigure.context.LifecycleAutoConfiguration

    org.springframework.boot.autoconfigure.availability.ApplicationAvailabilityAutoConfiguration

    org.springframework.boot.autoconfigure.info.ProjectInfoAutoConfiguration



2023-04-04 21:53:41,091 main ERROR An exception occurred processing Appender Console java.lang.IllegalStateException: Illegal access: this web application instance has been stopped already. Could not load [db/migration/V1__create_init_tables.sql]. The following stack trace is thrown for debugging purposes as well as to attempt to terminate the thread which caused the illegal access.
	at org.apache.catalina.loader.WebappClassLoaderBase.checkStateForResourceLoading(WebappClassLoaderBase.java:1432)
	at org.apache.catalina.loader.WebappClassLoaderBase.getResource(WebappClassLoaderBase.java:1057)
	at org.flywaydb.core.internal.resource.classpath.ClassPathResource.getUrl(ClassPathResource.java:85)
	at org.flywaydb.core.internal.resource.classpath.ClassPathResource.getAbsolutePathOnDisk(ClassPathResource.java:74)
	at org.flywaydb.core.internal.sqlscript.FlywaySqlScriptException.getMessage(FlywaySqlScriptException.java:81)
	at java.base/java.lang.Throwable.getLocalizedMessage(Throwable.java:396)
	at java.base/java.lang.Throwable.toString(Throwable.java:495)
	at java.base/java.lang.String.valueOf(String.java:3042)
	at java.base/java.lang.StringBuilder.append(StringBuilder.java:168)
	at java.base/java.lang.Throwable.printEnclosedStackTrace(Throwable.java:709)
	at java.base/java.lang.Throwable.printEnclosedStackTrace(Throwable.java:723)
	at java.base/java.lang.Throwable.printEnclosedStackTrace(Throwable.java:723)
	at java.base/java.lang.Throwable.printEnclosedStackTrace(Throwable.java:723)
	at java.base/java.lang.Throwable.printEnclosedStackTrace(Throwable.java:723)
	at java.base/java.lang.Throwable.printEnclosedStackTrace(Throwable.java:723)
	at java.base/java.lang.Throwable.printEnclosedStackTrace(Throwable.java:723)
	at java.base/java.lang.Throwable.printEnclosedStackTrace(Throwable.java:723)
	at java.base/java.lang.Throwable.printEnclosedStackTrace(Throwable.java:723)
	at java.base/java.lang.Throwable.printStackTrace(Throwable.java:681)
	at java.base/java.lang.Throwable.printStackTrace(Throwable.java:735)
	at org.apache.logging.log4j.core.pattern.ThrowablePatternConverter.formatOption(ThrowablePatternConverter.java:211)
	at org.apache.logging.log4j.core.pattern.ThrowablePatternConverter.format(ThrowablePatternConverter.java:137)
	at org.apache.logging.log4j.core.layout.PatternLayout$NoFormatPatternSerializer.toSerializable(PatternLayout.java:342)
	at org.apache.logging.log4j.core.layout.PatternLayout.toText(PatternLayout.java:240)
	at org.apache.logging.log4j.core.layout.PatternLayout.encode(PatternLayout.java:225)
	at org.apache.logging.log4j.core.layout.PatternLayout.encode(PatternLayout.java:59)
	at org.apache.logging.log4j.core.appender.AbstractOutputStreamAppender.directEncodeEvent(AbstractOutputStreamAppender.java:215)
	at org.apache.logging.log4j.core.appender.AbstractOutputStreamAppender.tryAppend(AbstractOutputStreamAppender.java:208)
	at org.apache.logging.log4j.core.appender.AbstractOutputStreamAppender.append(AbstractOutputStreamAppender.java:199)
	at org.apache.logging.log4j.core.config.AppenderControl.tryCallAppender(AppenderControl.java:161)
	at org.apache.logging.log4j.core.config.AppenderControl.callAppender0(AppenderControl.java:134)
	at org.apache.logging.log4j.core.config.AppenderControl.callAppenderPreventRecursion(AppenderControl.java:125)
	at org.apache.logging.log4j.core.config.AppenderControl.callAppender(AppenderControl.java:89)
	at org.apache.logging.log4j.core.config.LoggerConfig.callAppenders(LoggerConfig.java:675)
	at org.apache.logging.log4j.core.config.LoggerConfig.processLogEvent(LoggerConfig.java:633)
	at org.apache.logging.log4j.core.config.LoggerConfig.log(LoggerConfig.java:616)
	at org.apache.logging.log4j.core.config.LoggerConfig.log(LoggerConfig.java:552)
	at org.apache.logging.log4j.core.config.AwaitCompletionReliabilityStrategy.log(AwaitCompletionReliabilityStrategy.java:82)
	at org.apache.logging.log4j.core.Logger.log(Logger.java:161)
	at org.apache.logging.log4j.spi.AbstractLogger.tryLogMessage(AbstractLogger.java:2205)
	at org.apache.logging.log4j.spi.AbstractLogger.logMessageTrackRecursion(AbstractLogger.java:2159)
	at org.apache.logging.log4j.spi.AbstractLogger.logMessageSafely(AbstractLogger.java:2142)
	at org.apache.logging.log4j.spi.AbstractLogger.logMessage(AbstractLogger.java:2017)
	at org.apache.logging.log4j.spi.AbstractLogger.logIfEnabled(AbstractLogger.java:1983)
	at org.apache.commons.logging.LogAdapter$Log4jLog.log(LogAdapter.java:263)
	at org.apache.commons.logging.LogAdapter$Log4jLog.error(LogAdapter.java:215)
	at org.springframework.boot.SpringApplication.reportFailure(SpringApplication.java:824)
	at org.springframework.boot.SpringApplication.handleRunFailure(SpringApplication.java:788)
	at org.springframework.boot.SpringApplication.run(SpringApplication.java:318)
	at org.springframework.boot.test.context.SpringBootContextLoader.loadContext(SpringBootContextLoader.java:132)
	at org.springframework.test.context.cache.DefaultCacheAwareContextLoaderDelegate.loadContextInternal(DefaultCacheAwareContextLoaderDelegate.java:99)
	at org.springframework.test.context.cache.DefaultCacheAwareContextLoaderDelegate.loadContext(DefaultCacheAwareContextLoaderDelegate.java:124)
	at org.springframework.test.context.support.DefaultTestContext.getApplicationContext(DefaultTestContext.java:124)
	at org.springframework.boot.test.autoconfigure.SpringBootDependencyInjectionTestExecutionListener.outputConditionEvaluationReport(SpringBootDependencyInjectionTestExecutionListener.java:53)
	at org.springframework.boot.test.autoconfigure.SpringBootDependencyInjectionTestExecutionListener.prepareTestInstance(SpringBootDependencyInjectionTestExecutionListener.java:46)
	at org.springframework.test.context.TestContextManager.prepareTestInstance(TestContextManager.java:248)
	at org.springframework.test.context.junit4.SpringJUnit4ClassRunner.createTest(SpringJUnit4ClassRunner.java:227)
	at org.springframework.test.context.junit4.SpringJUnit4ClassRunner$1.runReflectiveCall(SpringJUnit4ClassRunner.java:289)
	at org.junit.internal.runners.model.ReflectiveCallable.run(ReflectiveCallable.java:12)
	at org.springframework.test.context.junit4.SpringJUnit4ClassRunner.methodBlock(SpringJUnit4ClassRunner.java:291)
	at org.springframework.test.context.junit4.SpringJUnit4ClassRunner.runChild(SpringJUnit4ClassRunner.java:246)
	at org.springframework.test.context.junit4.SpringJUnit4ClassRunner.runChild(SpringJUnit4ClassRunner.java:97)
	at org.junit.runners.ParentRunner$3.run(ParentRunner.java:290)
	at org.junit.runners.ParentRunner$1.schedule(ParentRunner.java:71)
	at org.junit.runners.ParentRunner.runChildren(ParentRunner.java:288)
	at org.junit.runners.ParentRunner.access$000(ParentRunner.java:58)
	at org.junit.runners.ParentRunner$2.evaluate(ParentRunner.java:268)
	at org.springframework.test.context.junit4.statements.RunBeforeTestClassCallbacks.evaluate(RunBeforeTestClassCallbacks.java:61)
	at org.springframework.test.context.junit4.statements.RunAfterTestClassCallbacks.evaluate(RunAfterTestClassCallbacks.java:70)
	at org.junit.runners.ParentRunner.run(ParentRunner.java:363)
	at org.springframework.test.context.junit4.SpringJUnit4ClassRunner.run(SpringJUnit4ClassRunner.java:190)
	at org.junit.runners.Suite.runChild(Suite.java:128)
	at org.junit.runners.Suite.runChild(Suite.java:27)
	at org.junit.runners.ParentRunner$3.run(ParentRunner.java:290)
	at org.junit.runners.ParentRunner$1.schedule(ParentRunner.java:71)
	at org.junit.runners.ParentRunner.runChildren(ParentRunner.java:288)
	at org.junit.runners.ParentRunner.access$000(ParentRunner.java:58)
	at org.junit.runners.ParentRunner$2.evaluate(ParentRunner.java:268)
	at org.junit.runners.ParentRunner.run(ParentRunner.java:363)
	at org.junit.runner.JUnitCore.run(JUnitCore.java:137)
	at org.junit.runner.JUnitCore.run(JUnitCore.java:115)
	at org.apache.maven.surefire.junitcore.JUnitCoreWrapper.createRequestAndRun(JUnitCoreWrapper.java:108)
	at org.apache.maven.surefire.junitcore.JUnitCoreWrapper.executeEager(JUnitCoreWrapper.java:78)
	at org.apache.maven.surefire.junitcore.JUnitCoreWrapper.execute(JUnitCoreWrapper.java:54)
	at org.apache.maven.surefire.junitcore.JUnitCoreProvider.invoke(JUnitCoreProvider.java:144)
	at org.apache.maven.surefire.booter.ForkedBooter.invokeProviderInSameClassLoader(ForkedBooter.java:203)
	at org.apache.maven.surefire.booter.ForkedBooter.runSuitesInProcess(ForkedBooter.java:155)
	at org.apache.maven.surefire.booter.ForkedBooter.main(ForkedBooter.java:103)

2023-04-04 21:53:41,096 main ERROR An exception occurred processing Appender RollingFile org.apache.logging.log4j.core.appender.AppenderLoggingException: java.lang.NoSuchMethodError: org.apache.logging.log4j.util.StackLocatorUtil.getCurrentStackTrace()Ljava/util/Deque;
	at org.apache.logging.log4j.core.config.AppenderControl.tryCallAppender(AppenderControl.java:165)
	at org.apache.logging.log4j.core.config.AppenderControl.callAppender0(AppenderControl.java:134)
	at org.apache.logging.log4j.core.config.AppenderControl.callAppenderPreventRecursion(AppenderControl.java:125)
	at org.apache.logging.log4j.core.config.AppenderControl.callAppender(AppenderControl.java:89)
	at org.apache.logging.log4j.core.config.LoggerConfig.callAppenders(LoggerConfig.java:675)
	at org.apache.logging.log4j.core.config.LoggerConfig.processLogEvent(LoggerConfig.java:633)
	at org.apache.logging.log4j.core.config.LoggerConfig.log(LoggerConfig.java:616)
	at org.apache.logging.log4j.core.config.LoggerConfig.log(LoggerConfig.java:552)
	at org.apache.logging.log4j.core.config.AwaitCompletionReliabilityStrategy.log(AwaitCompletionReliabilityStrategy.java:82)
	at org.apache.logging.log4j.core.Logger.log(Logger.java:161)
	at org.apache.logging.log4j.spi.AbstractLogger.tryLogMessage(AbstractLogger.java:2205)
	at org.apache.logging.log4j.spi.AbstractLogger.logMessageTrackRecursion(AbstractLogger.java:2159)
	at org.apache.logging.log4j.spi.AbstractLogger.logMessageSafely(AbstractLogger.java:2142)
	at org.apache.logging.log4j.spi.AbstractLogger.logMessage(AbstractLogger.java:2017)
	at org.apache.logging.log4j.spi.AbstractLogger.logIfEnabled(AbstractLogger.java:1983)
	at org.apache.commons.logging.LogAdapter$Log4jLog.log(LogAdapter.java:263)
	at org.apache.commons.logging.LogAdapter$Log4jLog.error(LogAdapter.java:215)
	at org.springframework.boot.SpringApplication.reportFailure(SpringApplication.java:824)
	at org.springframework.boot.SpringApplication.handleRunFailure(SpringApplication.java:788)
	at org.springframework.boot.SpringApplication.run(SpringApplication.java:318)
	at org.springframework.boot.test.context.SpringBootContextLoader.loadContext(SpringBootContextLoader.java:132)
	at org.springframework.test.context.cache.DefaultCacheAwareContextLoaderDelegate.loadContextInternal(DefaultCacheAwareContextLoaderDelegate.java:99)
	at org.springframework.test.context.cache.DefaultCacheAwareContextLoaderDelegate.loadContext(DefaultCacheAwareContextLoaderDelegate.java:124)
	at org.springframework.test.context.support.DefaultTestContext.getApplicationContext(DefaultTestContext.java:124)
	at org.springframework.boot.test.autoconfigure.SpringBootDependencyInjectionTestExecutionListener.outputConditionEvaluationReport(SpringBootDependencyInjectionTestExecutionListener.java:53)
	at org.springframework.boot.test.autoconfigure.SpringBootDependencyInjectionTestExecutionListener.prepareTestInstance(SpringBootDependencyInjectionTestExecutionListener.java:46)
	at org.springframework.test.context.TestContextManager.prepareTestInstance(TestContextManager.java:248)
	at org.springframework.test.context.junit4.SpringJUnit4ClassRunner.createTest(SpringJUnit4ClassRunner.java:227)
	at org.springframework.test.context.junit4.SpringJUnit4ClassRunner$1.runReflectiveCall(SpringJUnit4ClassRunner.java:289)
	at org.junit.internal.runners.model.ReflectiveCallable.run(ReflectiveCallable.java:12)
	at org.springframework.test.context.junit4.SpringJUnit4ClassRunner.methodBlock(SpringJUnit4ClassRunner.java:291)
	at org.springframework.test.context.junit4.SpringJUnit4ClassRunner.runChild(SpringJUnit4ClassRunner.java:246)
	at org.springframework.test.context.junit4.SpringJUnit4ClassRunner.runChild(SpringJUnit4ClassRunner.java:97)
	at org.junit.runners.ParentRunner$3.run(ParentRunner.java:290)
	at org.junit.runners.ParentRunner$1.schedule(ParentRunner.java:71)
	at org.junit.runners.ParentRunner.runChildren(ParentRunner.java:288)
	at org.junit.runners.ParentRunner.access$000(ParentRunner.java:58)
	at org.junit.runners.ParentRunner$2.evaluate(ParentRunner.java:268)
	at org.springframework.test.context.junit4.statements.RunBeforeTestClassCallbacks.evaluate(RunBeforeTestClassCallbacks.java:61)
	at org.springframework.test.context.junit4.statements.RunAfterTestClassCallbacks.evaluate(RunAfterTestClassCallbacks.java:70)
	at org.junit.runners.ParentRunner.run(ParentRunner.java:363)
	at org.springframework.test.context.junit4.SpringJUnit4ClassRunner.run(SpringJUnit4ClassRunner.java:190)
	at org.junit.runners.Suite.runChild(Suite.java:128)
	at org.junit.runners.Suite.runChild(Suite.java:27)
	at org.junit.runners.ParentRunner$3.run(ParentRunner.java:290)
	at org.junit.runners.ParentRunner$1.schedule(ParentRunner.java:71)
	at org.junit.runners.ParentRunner.runChildren(ParentRunner.java:288)
	at org.junit.runners.ParentRunner.access$000(ParentRunner.java:58)
	at org.junit.runners.ParentRunner$2.evaluate(ParentRunner.java:268)
	at org.junit.runners.ParentRunner.run(ParentRunner.java:363)
	at org.junit.runner.JUnitCore.run(JUnitCore.java:137)
	at org.junit.runner.JUnitCore.run(JUnitCore.java:115)
	at org.apache.maven.surefire.junitcore.JUnitCoreWrapper.createRequestAndRun(JUnitCoreWrapper.java:108)
	at org.apache.maven.surefire.junitcore.JUnitCoreWrapper.executeEager(JUnitCoreWrapper.java:78)
	at org.apache.maven.surefire.junitcore.JUnitCoreWrapper.execute(JUnitCoreWrapper.java:54)
	at org.apache.maven.surefire.junitcore.JUnitCoreProvider.invoke(JUnitCoreProvider.java:144)
	at org.apache.maven.surefire.booter.ForkedBooter.invokeProviderInSameClassLoader(ForkedBooter.java:203)
	at org.apache.maven.surefire.booter.ForkedBooter.runSuitesInProcess(ForkedBooter.java:155)
	at org.apache.maven.surefire.booter.ForkedBooter.main(ForkedBooter.java:103)
Caused by: java.lang.NoSuchMethodError: org.apache.logging.log4j.util.StackLocatorUtil.getCurrentStackTrace()Ljava/util/Deque;
	at org.apache.logging.log4j.core.impl.ThrowableProxy.<init>(ThrowableProxy.java:112)
	at org.apache.logging.log4j.core.impl.ThrowableProxy.<init>(ThrowableProxy.java:97)
	at org.apache.logging.log4j.core.impl.Log4jLogEvent.getThrownProxy(Log4jLogEvent.java:629)
	at org.apache.logging.log4j.core.pattern.ExtendedThrowablePatternConverter.format(ExtendedThrowablePatternConverter.java:63)
	at org.apache.logging.log4j.core.layout.PatternLayout$NoFormatPatternSerializer.toSerializable(PatternLayout.java:342)
	at org.apache.logging.log4j.core.layout.PatternLayout.toText(PatternLayout.java:240)
	at org.apache.logging.log4j.core.layout.PatternLayout.encode(PatternLayout.java:225)
	at org.apache.logging.log4j.core.layout.PatternLayout.encode(PatternLayout.java:59)
	at org.apache.logging.log4j.core.appender.AbstractOutputStreamAppender.directEncodeEvent(AbstractOutputStreamAppender.java:215)
	at org.apache.logging.log4j.core.appender.AbstractOutputStreamAppender.tryAppend(AbstractOutputStreamAppender.java:208)
	at org.apache.logging.log4j.core.appender.AbstractOutputStreamAppender.append(AbstractOutputStreamAppender.java:199)
	at org.apache.logging.log4j.core.appender.RollingFileAppender.append(RollingFileAppender.java:312)
	at org.apache.logging.log4j.core.config.AppenderControl.tryCallAppender(AppenderControl.java:161)
	... 58 more

2023-04-04 21:53:41,103 main ERROR An exception occurred processing Appender Console java.lang.IllegalStateException: Illegal access: this web application instance has been stopped already. Could not load [db/migration/V1__create_init_tables.sql]. The following stack trace is thrown for debugging purposes as well as to attempt to terminate the thread which caused the illegal access.
	at org.apache.catalina.loader.WebappClassLoaderBase.checkStateForResourceLoading(WebappClassLoaderBase.java:1432)
	at org.apache.catalina.loader.WebappClassLoaderBase.getResource(WebappClassLoaderBase.java:1057)
	at org.flywaydb.core.internal.resource.classpath.ClassPathResource.getUrl(ClassPathResource.java:85)
	at org.flywaydb.core.internal.resource.classpath.ClassPathResource.getAbsolutePathOnDisk(ClassPathResource.java:74)
	at org.flywaydb.core.internal.sqlscript.FlywaySqlScriptException.getMessage(FlywaySqlScriptException.java:81)
	at java.base/java.lang.Throwable.getLocalizedMessage(Throwable.java:396)
	at java.base/java.lang.Throwable.toString(Throwable.java:495)
	at java.base/java.lang.String.valueOf(String.java:3042)
	at java.base/java.lang.StringBuilder.append(StringBuilder.java:168)
	at java.base/java.lang.Throwable.printEnclosedStackTrace(Throwable.java:709)
	at java.base/java.lang.Throwable.printEnclosedStackTrace(Throwable.java:723)
	at java.base/java.lang.Throwable.printEnclosedStackTrace(Throwable.java:723)
	at java.base/java.lang.Throwable.printEnclosedStackTrace(Throwable.java:723)
	at java.base/java.lang.Throwable.printEnclosedStackTrace(Throwable.java:723)
	at java.base/java.lang.Throwable.printEnclosedStackTrace(Throwable.java:723)
	at java.base/java.lang.Throwable.printEnclosedStackTrace(Throwable.java:723)
	at java.base/java.lang.Throwable.printEnclosedStackTrace(Throwable.java:723)
	at java.base/java.lang.Throwable.printEnclosedStackTrace(Throwable.java:723)
	at java.base/java.lang.Throwable.printEnclosedStackTrace(Throwable.java:723)
	at java.base/java.lang.Throwable.printStackTrace(Throwable.java:681)
	at java.base/java.lang.Throwable.printStackTrace(Throwable.java:735)
	at org.apache.logging.log4j.core.pattern.ThrowablePatternConverter.formatOption(ThrowablePatternConverter.java:211)
	at org.apache.logging.log4j.core.pattern.ThrowablePatternConverter.format(ThrowablePatternConverter.java:137)
	at org.apache.logging.log4j.core.layout.PatternLayout$NoFormatPatternSerializer.toSerializable(PatternLayout.java:342)
	at org.apache.logging.log4j.core.layout.PatternLayout.toText(PatternLayout.java:240)
	at org.apache.logging.log4j.core.layout.PatternLayout.encode(PatternLayout.java:225)
	at org.apache.logging.log4j.core.layout.PatternLayout.encode(PatternLayout.java:59)
	at org.apache.logging.log4j.core.appender.AbstractOutputStreamAppender.directEncodeEvent(AbstractOutputStreamAppender.java:215)
	at org.apache.logging.log4j.core.appender.AbstractOutputStreamAppender.tryAppend(AbstractOutputStreamAppender.java:208)
	at org.apache.logging.log4j.core.appender.AbstractOutputStreamAppender.append(AbstractOutputStreamAppender.java:199)
	at org.apache.logging.log4j.core.config.AppenderControl.tryCallAppender(AppenderControl.java:161)
	at org.apache.logging.log4j.core.config.AppenderControl.callAppender0(AppenderControl.java:134)
	at org.apache.logging.log4j.core.config.AppenderControl.callAppenderPreventRecursion(AppenderControl.java:125)
	at org.apache.logging.log4j.core.config.AppenderControl.callAppender(AppenderControl.java:89)
	at org.apache.logging.log4j.core.config.LoggerConfig.callAppenders(LoggerConfig.java:675)
	at org.apache.logging.log4j.core.config.LoggerConfig.processLogEvent(LoggerConfig.java:633)
	at org.apache.logging.log4j.core.config.LoggerConfig.log(LoggerConfig.java:616)
	at org.apache.logging.log4j.core.config.LoggerConfig.log(LoggerConfig.java:552)
	at org.apache.logging.log4j.core.config.AwaitCompletionReliabilityStrategy.log(AwaitCompletionReliabilityStrategy.java:82)
	at org.apache.logging.log4j.core.Logger.log(Logger.java:161)
	at org.apache.logging.log4j.spi.AbstractLogger.tryLogMessage(AbstractLogger.java:2205)
	at org.apache.logging.log4j.spi.AbstractLogger.logMessageTrackRecursion(AbstractLogger.java:2159)
	at org.apache.logging.log4j.spi.AbstractLogger.logMessageSafely(AbstractLogger.java:2142)
	at org.apache.logging.log4j.spi.AbstractLogger.logMessage(AbstractLogger.java:2017)
	at org.apache.logging.log4j.spi.AbstractLogger.logIfEnabled(AbstractLogger.java:1983)
	at org.apache.commons.logging.LogAdapter$Log4jLog.log(LogAdapter.java:263)
	at org.apache.commons.logging.LogAdapter$Log4jLog.error(LogAdapter.java:215)
	at org.springframework.test.context.TestContextManager.prepareTestInstance(TestContextManager.java:252)
	at org.springframework.test.context.junit4.SpringJUnit4ClassRunner.createTest(SpringJUnit4ClassRunner.java:227)
	at org.springframework.test.context.junit4.SpringJUnit4ClassRunner$1.runReflectiveCall(SpringJUnit4ClassRunner.java:289)
	at org.junit.internal.runners.model.ReflectiveCallable.run(ReflectiveCallable.java:12)
	at org.springframework.test.context.junit4.SpringJUnit4ClassRunner.methodBlock(SpringJUnit4ClassRunner.java:291)
	at org.springframework.test.context.junit4.SpringJUnit4ClassRunner.runChild(SpringJUnit4ClassRunner.java:246)
	at org.springframework.test.context.junit4.SpringJUnit4ClassRunner.runChild(SpringJUnit4ClassRunner.java:97)
	at org.junit.runners.ParentRunner$3.run(ParentRunner.java:290)
	at org.junit.runners.ParentRunner$1.schedule(ParentRunner.java:71)
	at org.junit.runners.ParentRunner.runChildren(ParentRunner.java:288)
	at org.junit.runners.ParentRunner.access$000(ParentRunner.java:58)
	at org.junit.runners.ParentRunner$2.evaluate(ParentRunner.java:268)
	at org.springframework.test.context.junit4.statements.RunBeforeTestClassCallbacks.evaluate(RunBeforeTestClassCallbacks.java:61)
	at org.springframework.test.context.junit4.statements.RunAfterTestClassCallbacks.evaluate(RunAfterTestClassCallbacks.java:70)
	at org.junit.runners.ParentRunner.run(ParentRunner.java:363)
	at org.springframework.test.context.junit4.SpringJUnit4ClassRunner.run(SpringJUnit4ClassRunner.java:190)
	at org.junit.runners.Suite.runChild(Suite.java:128)
	at org.junit.runners.Suite.runChild(Suite.java:27)
	at org.junit.runners.ParentRunner$3.run(ParentRunner.java:290)
	at org.junit.runners.ParentRunner$1.schedule(ParentRunner.java:71)
	at org.junit.runners.ParentRunner.runChildren(ParentRunner.java:288)
	at org.junit.runners.ParentRunner.access$000(ParentRunner.java:58)
	at org.junit.runners.ParentRunner$2.evaluate(ParentRunner.java:268)
	at org.junit.runners.ParentRunner.run(ParentRunner.java:363)
	at org.junit.runner.JUnitCore.run(JUnitCore.java:137)
	at org.junit.runner.JUnitCore.run(JUnitCore.java:115)
	at org.apache.maven.surefire.junitcore.JUnitCoreWrapper.createRequestAndRun(JUnitCoreWrapper.java:108)
	at org.apache.maven.surefire.junitcore.JUnitCoreWrapper.executeEager(JUnitCoreWrapper.java:78)
	at org.apache.maven.surefire.junitcore.JUnitCoreWrapper.execute(JUnitCoreWrapper.java:54)
	at org.apache.maven.surefire.junitcore.JUnitCoreProvider.invoke(JUnitCoreProvider.java:144)
	at org.apache.maven.surefire.booter.ForkedBooter.invokeProviderInSameClassLoader(ForkedBooter.java:203)
	at org.apache.maven.surefire.booter.ForkedBooter.runSuitesInProcess(ForkedBooter.java:155)
	at org.apache.maven.surefire.booter.ForkedBooter.main(ForkedBooter.java:103)

2023-04-04 21:53:41,104 main ERROR An exception occurred processing Appender RollingFile org.apache.logging.log4j.core.appender.AppenderLoggingException: java.lang.NoSuchMethodError: org.apache.logging.log4j.util.StackLocatorUtil.getCurrentStackTrace()Ljava/util/Deque;
	at org.apache.logging.log4j.core.config.AppenderControl.tryCallAppender(AppenderControl.java:165)
	at org.apache.logging.log4j.core.config.AppenderControl.callAppender0(AppenderControl.java:134)
	at org.apache.logging.log4j.core.config.AppenderControl.callAppenderPreventRecursion(AppenderControl.java:125)
	at org.apache.logging.log4j.core.config.AppenderControl.callAppender(AppenderControl.java:89)
	at org.apache.logging.log4j.core.config.LoggerConfig.callAppenders(LoggerConfig.java:675)
	at org.apache.logging.log4j.core.config.LoggerConfig.processLogEvent(LoggerConfig.java:633)
	at org.apache.logging.log4j.core.config.LoggerConfig.log(LoggerConfig.java:616)
	at org.apache.logging.log4j.core.config.LoggerConfig.log(LoggerConfig.java:552)
	at org.apache.logging.log4j.core.config.AwaitCompletionReliabilityStrategy.log(AwaitCompletionReliabilityStrategy.java:82)
	at org.apache.logging.log4j.core.Logger.log(Logger.java:161)
	at org.apache.logging.log4j.spi.AbstractLogger.tryLogMessage(AbstractLogger.java:2205)
	at org.apache.logging.log4j.spi.AbstractLogger.logMessageTrackRecursion(AbstractLogger.java:2159)
	at org.apache.logging.log4j.spi.AbstractLogger.logMessageSafely(AbstractLogger.java:2142)
	at org.apache.logging.log4j.spi.AbstractLogger.logMessage(AbstractLogger.java:2017)
	at org.apache.logging.log4j.spi.AbstractLogger.logIfEnabled(AbstractLogger.java:1983)
	at org.apache.commons.logging.LogAdapter$Log4jLog.log(LogAdapter.java:263)
	at org.apache.commons.logging.LogAdapter$Log4jLog.error(LogAdapter.java:215)
	at org.springframework.test.context.TestContextManager.prepareTestInstance(TestContextManager.java:252)
	at org.springframework.test.context.junit4.SpringJUnit4ClassRunner.createTest(SpringJUnit4ClassRunner.java:227)
	at org.springframework.test.context.junit4.SpringJUnit4ClassRunner$1.runReflectiveCall(SpringJUnit4ClassRunner.java:289)
	at org.junit.internal.runners.model.ReflectiveCallable.run(ReflectiveCallable.java:12)
	at org.springframework.test.context.junit4.SpringJUnit4ClassRunner.methodBlock(SpringJUnit4ClassRunner.java:291)
	at org.springframework.test.context.junit4.SpringJUnit4ClassRunner.runChild(SpringJUnit4ClassRunner.java:246)
	at org.springframework.test.context.junit4.SpringJUnit4ClassRunner.runChild(SpringJUnit4ClassRunner.java:97)
	at org.junit.runners.ParentRunner$3.run(ParentRunner.java:290)
	at org.junit.runners.ParentRunner$1.schedule(ParentRunner.java:71)
	at org.junit.runners.ParentRunner.runChildren(ParentRunner.java:288)
	at org.junit.runners.ParentRunner.access$000(ParentRunner.java:58)
	at org.junit.runners.ParentRunner$2.evaluate(ParentRunner.java:268)
	at org.springframework.test.context.junit4.statements.RunBeforeTestClassCallbacks.evaluate(RunBeforeTestClassCallbacks.java:61)
	at org.springframework.test.context.junit4.statements.RunAfterTestClassCallbacks.evaluate(RunAfterTestClassCallbacks.java:70)
	at org.junit.runners.ParentRunner.run(ParentRunner.java:363)
	at org.springframework.test.context.junit4.SpringJUnit4ClassRunner.run(SpringJUnit4ClassRunner.java:190)
	at org.junit.runners.Suite.runChild(Suite.java:128)
	at org.junit.runners.Suite.runChild(Suite.java:27)
	at org.junit.runners.ParentRunner$3.run(ParentRunner.java:290)
	at org.junit.runners.ParentRunner$1.schedule(ParentRunner.java:71)
	at org.junit.runners.ParentRunner.runChildren(ParentRunner.java:288)
	at org.junit.runners.ParentRunner.access$000(ParentRunner.java:58)
	at org.junit.runners.ParentRunner$2.evaluate(ParentRunner.java:268)
	at org.junit.runners.ParentRunner.run(ParentRunner.java:363)
	at org.junit.runner.JUnitCore.run(JUnitCore.java:137)
	at org.junit.runner.JUnitCore.run(JUnitCore.java:115)
	at org.apache.maven.surefire.junitcore.JUnitCoreWrapper.createRequestAndRun(JUnitCoreWrapper.java:108)
	at org.apache.maven.surefire.junitcore.JUnitCoreWrapper.executeEager(JUnitCoreWrapper.java:78)
	at org.apache.maven.surefire.junitcore.JUnitCoreWrapper.execute(JUnitCoreWrapper.java:54)
	at org.apache.maven.surefire.junitcore.JUnitCoreProvider.invoke(JUnitCoreProvider.java:144)
	at org.apache.maven.surefire.booter.ForkedBooter.invokeProviderInSameClassLoader(ForkedBooter.java:203)
	at org.apache.maven.surefire.booter.ForkedBooter.runSuitesInProcess(ForkedBooter.java:155)
	at org.apache.maven.surefire.booter.ForkedBooter.main(ForkedBooter.java:103)
Caused by: java.lang.NoSuchMethodError: org.apache.logging.log4j.util.StackLocatorUtil.getCurrentStackTrace()Ljava/util/Deque;
	at org.apache.logging.log4j.core.impl.ThrowableProxy.<init>(ThrowableProxy.java:112)
	at org.apache.logging.log4j.core.impl.ThrowableProxy.<init>(ThrowableProxy.java:97)
	at org.apache.logging.log4j.core.impl.Log4jLogEvent.getThrownProxy(Log4jLogEvent.java:629)
	at org.apache.logging.log4j.core.pattern.ExtendedThrowablePatternConverter.format(ExtendedThrowablePatternConverter.java:63)
	at org.apache.logging.log4j.core.layout.PatternLayout$NoFormatPatternSerializer.toSerializable(PatternLayout.java:342)
	at org.apache.logging.log4j.core.layout.PatternLayout.toText(PatternLayout.java:240)
	at org.apache.logging.log4j.core.layout.PatternLayout.encode(PatternLayout.java:225)
	at org.apache.logging.log4j.core.layout.PatternLayout.encode(PatternLayout.java:59)
	at org.apache.logging.log4j.core.appender.AbstractOutputStreamAppender.directEncodeEvent(AbstractOutputStreamAppender.java:215)
	at org.apache.logging.log4j.core.appender.AbstractOutputStreamAppender.tryAppend(AbstractOutputStreamAppender.java:208)
	at org.apache.logging.log4j.core.appender.AbstractOutputStreamAppender.append(AbstractOutputStreamAppender.java:199)
	at org.apache.logging.log4j.core.appender.RollingFileAppender.append(RollingFileAppender.java:312)
	at org.apache.logging.log4j.core.config.AppenderControl.tryCallAppender(AppenderControl.java:161)
	... 49 more

]]></system-out>
    <system-err><![CDATA[Apr 04, 2023 9:53:38 PM org.apache.coyote.AbstractProtocol init
INFO: Initializing ProtocolHandler ["http-nio-auto-1"]
Apr 04, 2023 9:53:38 PM org.apache.catalina.core.StandardService startInternal
INFO: Starting service [Tomcat]
Apr 04, 2023 9:53:38 PM org.apache.catalina.core.StandardEngine startInternal
INFO: Starting Servlet engine: [Apache Tomcat/9.0.65]
Apr 04, 2023 9:53:38 PM org.apache.catalina.core.ApplicationContext log
INFO: Initializing Spring embedded WebApplicationContext
Apr 04, 2023 9:53:39 PM org.apache.catalina.core.StandardService stopInternal
INFO: Stopping service [Tomcat]
Apr 04, 2023 9:53:39 PM org.apache.catalina.loader.WebappClassLoaderBase clearReferencesThreads
WARNING: The web application [ROOT] appears to have started a thread named [HikariPool-1 housekeeper] but has failed to stop it. This is very likely to create a memory leak. Stack trace of thread:
 java.base@12.0.2/jdk.internal.misc.Unsafe.park(Native Method)
 java.base@12.0.2/java.util.concurrent.locks.LockSupport.parkNanos(LockSupport.java:235)
 java.base@12.0.2/java.util.concurrent.locks.AbstractQueuedSynchronizer$ConditionObject.awaitNanos(AbstractQueuedSynchronizer.java:2123)
 java.base@12.0.2/java.util.concurrent.ScheduledThreadPoolExecutor$DelayedWorkQueue.take(ScheduledThreadPoolExecutor.java:1182)
 java.base@12.0.2/java.util.concurrent.ScheduledThreadPoolExecutor$DelayedWorkQueue.take(ScheduledThreadPoolExecutor.java:899)
 java.base@12.0.2/java.util.concurrent.ThreadPoolExecutor.getTask(ThreadPoolExecutor.java:1054)
 java.base@12.0.2/java.util.concurrent.ThreadPoolExecutor.runWorker(ThreadPoolExecutor.java:1114)
 java.base@12.0.2/java.util.concurrent.ThreadPoolExecutor$Worker.run(ThreadPoolExecutor.java:628)
 java.base@12.0.2/java.lang.Thread.run(Thread.java:835)
Apr 04, 2023 9:53:39 PM org.apache.catalina.loader.WebappClassLoaderBase clearReferencesThreads
WARNING: The web application [ROOT] appears to have started a thread named [HikariPool-1 connection adder] but has failed to stop it. This is very likely to create a memory leak. Stack trace of thread:
 java.base@12.0.2/jdk.internal.misc.Unsafe.park(Native Method)
 java.base@12.0.2/java.util.concurrent.locks.LockSupport.parkNanos(LockSupport.java:235)
 java.base@12.0.2/java.util.concurrent.locks.AbstractQueuedSynchronizer$ConditionObject.awaitNanos(AbstractQueuedSynchronizer.java:2123)
 java.base@12.0.2/java.util.concurrent.LinkedBlockingQueue.poll(LinkedBlockingQueue.java:458)
 java.base@12.0.2/java.util.concurrent.ThreadPoolExecutor.getTask(ThreadPoolExecutor.java:1053)
 java.base@12.0.2/java.util.concurrent.ThreadPoolExecutor.runWorker(ThreadPoolExecutor.java:1114)
 java.base@12.0.2/java.util.concurrent.ThreadPoolExecutor$Worker.run(ThreadPoolExecutor.java:628)
 java.base@12.0.2/java.lang.Thread.run(Thread.java:835)
Apr 04, 2023 9:53:39 PM org.apache.catalina.loader.WebappClassLoaderBase checkStateForResourceLoading
INFO: Illegal access: this web application instance has been stopped already. Could not load [db/migration/V1__create_init_tables.sql]. The following stack trace is thrown for debugging purposes as well as to attempt to terminate the thread which caused the illegal access.
java.lang.IllegalStateException: Illegal access: this web application instance has been stopped already. Could not load [db/migration/V1__create_init_tables.sql]. The following stack trace is thrown for debugging purposes as well as to attempt to terminate the thread which caused the illegal access.
	at org.apache.catalina.loader.WebappClassLoaderBase.checkStateForResourceLoading(WebappClassLoaderBase.java:1432)
	at org.apache.catalina.loader.WebappClassLoaderBase.getResource(WebappClassLoaderBase.java:1057)
	at org.flywaydb.core.internal.resource.classpath.ClassPathResource.getUrl(ClassPathResource.java:85)
	at org.flywaydb.core.internal.resource.classpath.ClassPathResource.getAbsolutePathOnDisk(ClassPathResource.java:74)
	at org.flywaydb.core.internal.sqlscript.FlywaySqlScriptException.getMessage(FlywaySqlScriptException.java:81)
	at java.base/java.lang.Throwable.getLocalizedMessage(Throwable.java:396)
	at java.base/java.lang.Throwable.toString(Throwable.java:495)
	at java.base/java.lang.String.valueOf(String.java:3042)
	at java.base/java.lang.StringBuilder.append(StringBuilder.java:168)
	at java.base/java.lang.Throwable.printEnclosedStackTrace(Throwable.java:709)
	at java.base/java.lang.Throwable.printEnclosedStackTrace(Throwable.java:723)
	at java.base/java.lang.Throwable.printEnclosedStackTrace(Throwable.java:723)
	at java.base/java.lang.Throwable.printEnclosedStackTrace(Throwable.java:723)
	at java.base/java.lang.Throwable.printEnclosedStackTrace(Throwable.java:723)
	at java.base/java.lang.Throwable.printEnclosedStackTrace(Throwable.java:723)
	at java.base/java.lang.Throwable.printEnclosedStackTrace(Throwable.java:723)
	at java.base/java.lang.Throwable.printEnclosedStackTrace(Throwable.java:723)
	at java.base/java.lang.Throwable.printEnclosedStackTrace(Throwable.java:723)
	at java.base/java.lang.Throwable.printStackTrace(Throwable.java:681)
	at java.base/java.lang.Throwable.printStackTrace(Throwable.java:735)
	at org.apache.logging.log4j.core.pattern.ThrowablePatternConverter.formatOption(ThrowablePatternConverter.java:211)
	at org.apache.logging.log4j.core.pattern.ThrowablePatternConverter.format(ThrowablePatternConverter.java:137)
	at org.apache.logging.log4j.core.layout.PatternLayout$NoFormatPatternSerializer.toSerializable(PatternLayout.java:342)
	at org.apache.logging.log4j.core.layout.PatternLayout.toText(PatternLayout.java:240)
	at org.apache.logging.log4j.core.layout.PatternLayout.encode(PatternLayout.java:225)
	at org.apache.logging.log4j.core.layout.PatternLayout.encode(PatternLayout.java:59)
	at org.apache.logging.log4j.core.appender.AbstractOutputStreamAppender.directEncodeEvent(AbstractOutputStreamAppender.java:215)
	at org.apache.logging.log4j.core.appender.AbstractOutputStreamAppender.tryAppend(AbstractOutputStreamAppender.java:208)
	at org.apache.logging.log4j.core.appender.AbstractOutputStreamAppender.append(AbstractOutputStreamAppender.java:199)
	at org.apache.logging.log4j.core.config.AppenderControl.tryCallAppender(AppenderControl.java:161)
	at org.apache.logging.log4j.core.config.AppenderControl.callAppender0(AppenderControl.java:134)
	at org.apache.logging.log4j.core.config.AppenderControl.callAppenderPreventRecursion(AppenderControl.java:125)
	at org.apache.logging.log4j.core.config.AppenderControl.callAppender(AppenderControl.java:89)
	at org.apache.logging.log4j.core.config.LoggerConfig.callAppenders(LoggerConfig.java:675)
	at org.apache.logging.log4j.core.config.LoggerConfig.processLogEvent(LoggerConfig.java:633)
	at org.apache.logging.log4j.core.config.LoggerConfig.log(LoggerConfig.java:616)
	at org.apache.logging.log4j.core.config.LoggerConfig.log(LoggerConfig.java:552)
	at org.apache.logging.log4j.core.config.AwaitCompletionReliabilityStrategy.log(AwaitCompletionReliabilityStrategy.java:82)
	at org.apache.logging.log4j.core.Logger.log(Logger.java:161)
	at org.apache.logging.log4j.spi.AbstractLogger.tryLogMessage(AbstractLogger.java:2205)
	at org.apache.logging.log4j.spi.AbstractLogger.logMessageTrackRecursion(AbstractLogger.java:2159)
	at org.apache.logging.log4j.spi.AbstractLogger.logMessageSafely(AbstractLogger.java:2142)
	at org.apache.logging.log4j.spi.AbstractLogger.logMessage(AbstractLogger.java:2017)
	at org.apache.logging.log4j.spi.AbstractLogger.logIfEnabled(AbstractLogger.java:1983)
	at org.apache.commons.logging.LogAdapter$Log4jLog.log(LogAdapter.java:263)
	at org.apache.commons.logging.LogAdapter$Log4jLog.error(LogAdapter.java:215)
	at org.springframework.boot.SpringApplication.reportFailure(SpringApplication.java:824)
	at org.springframework.boot.SpringApplication.handleRunFailure(SpringApplication.java:788)
	at org.springframework.boot.SpringApplication.run(SpringApplication.java:318)
	at org.springframework.boot.test.context.SpringBootContextLoader.loadContext(SpringBootContextLoader.java:132)
	at org.springframework.test.context.cache.DefaultCacheAwareContextLoaderDelegate.loadContextInternal(DefaultCacheAwareContextLoaderDelegate.java:99)
	at org.springframework.test.context.cache.DefaultCacheAwareContextLoaderDelegate.loadContext(DefaultCacheAwareContextLoaderDelegate.java:124)
	at org.springframework.test.context.support.DefaultTestContext.getApplicationContext(DefaultTestContext.java:124)
	at org.springframework.test.context.support.DependencyInjectionTestExecutionListener.injectDependencies(DependencyInjectionTestExecutionListener.java:118)
	at org.springframework.test.context.support.DependencyInjectionTestExecutionListener.prepareTestInstance(DependencyInjectionTestExecutionListener.java:83)
	at org.springframework.boot.test.autoconfigure.SpringBootDependencyInjectionTestExecutionListener.prepareTestInstance(SpringBootDependencyInjectionTestExecutionListener.java:43)
	at org.springframework.test.context.TestContextManager.prepareTestInstance(TestContextManager.java:248)
	at org.springframework.test.context.junit4.SpringJUnit4ClassRunner.createTest(SpringJUnit4ClassRunner.java:227)
	at org.springframework.test.context.junit4.SpringJUnit4ClassRunner$1.runReflectiveCall(SpringJUnit4ClassRunner.java:289)
	at org.junit.internal.runners.model.ReflectiveCallable.run(ReflectiveCallable.java:12)
	at org.springframework.test.context.junit4.SpringJUnit4ClassRunner.methodBlock(SpringJUnit4ClassRunner.java:291)
	at org.springframework.test.context.junit4.SpringJUnit4ClassRunner.runChild(SpringJUnit4ClassRunner.java:246)
	at org.springframework.test.context.junit4.SpringJUnit4ClassRunner.runChild(SpringJUnit4ClassRunner.java:97)
	at org.junit.runners.ParentRunner$3.run(ParentRunner.java:290)
	at org.junit.runners.ParentRunner$1.schedule(ParentRunner.java:71)
	at org.junit.runners.ParentRunner.runChildren(ParentRunner.java:288)
	at org.junit.runners.ParentRunner.access$000(ParentRunner.java:58)
	at org.junit.runners.ParentRunner$2.evaluate(ParentRunner.java:268)
	at org.springframework.test.context.junit4.statements.RunBeforeTestClassCallbacks.evaluate(RunBeforeTestClassCallbacks.java:61)
	at org.springframework.test.context.junit4.statements.RunAfterTestClassCallbacks.evaluate(RunAfterTestClassCallbacks.java:70)
	at org.junit.runners.ParentRunner.run(ParentRunner.java:363)
	at org.springframework.test.context.junit4.SpringJUnit4ClassRunner.run(SpringJUnit4ClassRunner.java:190)
	at org.junit.runners.Suite.runChild(Suite.java:128)
	at org.junit.runners.Suite.runChild(Suite.java:27)
	at org.junit.runners.ParentRunner$3.run(ParentRunner.java:290)
	at org.junit.runners.ParentRunner$1.schedule(ParentRunner.java:71)
	at org.junit.runners.ParentRunner.runChildren(ParentRunner.java:288)
	at org.junit.runners.ParentRunner.access$000(ParentRunner.java:58)
	at org.junit.runners.ParentRunner$2.evaluate(ParentRunner.java:268)
	at org.junit.runners.ParentRunner.run(ParentRunner.java:363)
	at org.junit.runner.JUnitCore.run(JUnitCore.java:137)
	at org.junit.runner.JUnitCore.run(JUnitCore.java:115)
	at org.apache.maven.surefire.junitcore.JUnitCoreWrapper.createRequestAndRun(JUnitCoreWrapper.java:108)
	at org.apache.maven.surefire.junitcore.JUnitCoreWrapper.executeEager(JUnitCoreWrapper.java:78)
	at org.apache.maven.surefire.junitcore.JUnitCoreWrapper.execute(JUnitCoreWrapper.java:54)
	at org.apache.maven.surefire.junitcore.JUnitCoreProvider.invoke(JUnitCoreProvider.java:144)
	at org.apache.maven.surefire.booter.ForkedBooter.invokeProviderInSameClassLoader(ForkedBooter.java:203)
	at org.apache.maven.surefire.booter.ForkedBooter.runSuitesInProcess(ForkedBooter.java:155)
	at org.apache.maven.surefire.booter.ForkedBooter.main(ForkedBooter.java:103)

Apr 04, 2023 9:53:40 PM org.apache.coyote.AbstractProtocol init
INFO: Initializing ProtocolHandler ["http-nio-auto-2"]
Apr 04, 2023 9:53:40 PM org.apache.catalina.core.StandardService startInternal
INFO: Starting service [Tomcat]
Apr 04, 2023 9:53:40 PM org.apache.catalina.core.StandardEngine startInternal
INFO: Starting Servlet engine: [Apache Tomcat/9.0.65]
Apr 04, 2023 9:53:40 PM org.apache.catalina.core.ApplicationContext log
INFO: Initializing Spring embedded WebApplicationContext
Apr 04, 2023 9:53:40 PM org.apache.catalina.core.StandardService stopInternal
INFO: Stopping service [Tomcat]
Apr 04, 2023 9:53:41 PM org.apache.catalina.loader.WebappClassLoaderBase clearReferencesThreads
WARNING: The web application [ROOT] appears to have started a thread named [HikariPool-2 housekeeper] but has failed to stop it. This is very likely to create a memory leak. Stack trace of thread:
 java.base@12.0.2/jdk.internal.misc.Unsafe.park(Native Method)
 java.base@12.0.2/java.util.concurrent.locks.LockSupport.parkNanos(LockSupport.java:235)
 java.base@12.0.2/java.util.concurrent.locks.AbstractQueuedSynchronizer$ConditionObject.awaitNanos(AbstractQueuedSynchronizer.java:2123)
 java.base@12.0.2/java.util.concurrent.ScheduledThreadPoolExecutor$DelayedWorkQueue.take(ScheduledThreadPoolExecutor.java:1182)
 java.base@12.0.2/java.util.concurrent.ScheduledThreadPoolExecutor$DelayedWorkQueue.take(ScheduledThreadPoolExecutor.java:899)
 java.base@12.0.2/java.util.concurrent.ThreadPoolExecutor.getTask(ThreadPoolExecutor.java:1054)
 java.base@12.0.2/java.util.concurrent.ThreadPoolExecutor.runWorker(ThreadPoolExecutor.java:1114)
 java.base@12.0.2/java.util.concurrent.ThreadPoolExecutor$Worker.run(ThreadPoolExecutor.java:628)
 java.base@12.0.2/java.lang.Thread.run(Thread.java:835)
Apr 04, 2023 9:53:41 PM org.apache.catalina.loader.WebappClassLoaderBase clearReferencesThreads
WARNING: The web application [ROOT] appears to have started a thread named [HikariPool-2 connection adder] but has failed to stop it. This is very likely to create a memory leak. Stack trace of thread:
 java.base@12.0.2/java.net.SocketInputStream.socketRead0(Native Method)
 java.base@12.0.2/java.net.SocketInputStream.socketRead(SocketInputStream.java:115)
 java.base@12.0.2/java.net.SocketInputStream.read(SocketInputStream.java:168)
 java.base@12.0.2/java.net.SocketInputStream.read(SocketInputStream.java:140)
 app//org.postgresql.core.VisibleBufferedInputStream.readMore(VisibleBufferedInputStream.java:161)
 app//org.postgresql.core.VisibleBufferedInputStream.ensureBytes(VisibleBufferedInputStream.java:128)
 app//org.postgresql.core.VisibleBufferedInputStream.ensureBytes(VisibleBufferedInputStream.java:113)
 app//org.postgresql.core.VisibleBufferedInputStream.read(VisibleBufferedInputStream.java:73)
 app//org.postgresql.core.PGStream.receiveChar(PGStream.java:370)
 app//org.postgresql.core.v3.ConnectionFactoryImpl.enableSSL(ConnectionFactoryImpl.java:416)
 app//org.postgresql.core.v3.ConnectionFactoryImpl.tryConnect(ConnectionFactoryImpl.java:140)
 app//org.postgresql.core.v3.ConnectionFactoryImpl.openConnectionImpl(ConnectionFactoryImpl.java:197)
 app//org.postgresql.core.ConnectionFactory.openConnection(ConnectionFactory.java:49)
 app//org.postgresql.jdbc.PgConnection.<init>(PgConnection.java:211)
 app//org.postgresql.Driver.makeConnection(Driver.java:459)
 app//org.postgresql.Driver.connect(Driver.java:261)
 app//com.zaxxer.hikari.util.DriverDataSource.getConnection(DriverDataSource.java:138)
 app//com.zaxxer.hikari.pool.PoolBase.newConnection(PoolBase.java:364)
 app//com.zaxxer.hikari.pool.PoolBase.newPoolEntry(PoolBase.java:206)
 app//com.zaxxer.hikari.pool.HikariPool.createPoolEntry(HikariPool.java:476)
 app//com.zaxxer.hikari.pool.HikariPool.access$100(HikariPool.java:71)
 app//com.zaxxer.hikari.pool.HikariPool$PoolEntryCreator.call(HikariPool.java:726)
 app//com.zaxxer.hikari.pool.HikariPool$PoolEntryCreator.call(HikariPool.java:712)
 java.base@12.0.2/java.util.concurrent.FutureTask.run(FutureTask.java:264)
 java.base@12.0.2/java.util.concurrent.ThreadPoolExecutor.runWorker(ThreadPoolExecutor.java:1128)
 java.base@12.0.2/java.util.concurrent.ThreadPoolExecutor$Worker.run(ThreadPoolExecutor.java:628)
 java.base@12.0.2/java.lang.Thread.run(Thread.java:835)
Apr 04, 2023 9:53:41 PM org.apache.catalina.loader.WebappClassLoaderBase checkStateForResourceLoading
INFO: Illegal access: this web application instance has been stopped already. Could not load [db/migration/V1__create_init_tables.sql]. The following stack trace is thrown for debugging purposes as well as to attempt to terminate the thread which caused the illegal access.
java.lang.IllegalStateException: Illegal access: this web application instance has been stopped already. Could not load [db/migration/V1__create_init_tables.sql]. The following stack trace is thrown for debugging purposes as well as to attempt to terminate the thread which caused the illegal access.
	at org.apache.catalina.loader.WebappClassLoaderBase.checkStateForResourceLoading(WebappClassLoaderBase.java:1432)
	at org.apache.catalina.loader.WebappClassLoaderBase.getResource(WebappClassLoaderBase.java:1057)
	at org.flywaydb.core.internal.resource.classpath.ClassPathResource.getUrl(ClassPathResource.java:85)
	at org.flywaydb.core.internal.resource.classpath.ClassPathResource.getAbsolutePathOnDisk(ClassPathResource.java:74)
	at org.flywaydb.core.internal.sqlscript.FlywaySqlScriptException.getMessage(FlywaySqlScriptException.java:81)
	at java.base/java.lang.Throwable.getLocalizedMessage(Throwable.java:396)
	at java.base/java.lang.Throwable.toString(Throwable.java:495)
	at java.base/java.lang.String.valueOf(String.java:3042)
	at java.base/java.lang.StringBuilder.append(StringBuilder.java:168)
	at java.base/java.lang.Throwable.printEnclosedStackTrace(Throwable.java:709)
	at java.base/java.lang.Throwable.printEnclosedStackTrace(Throwable.java:723)
	at java.base/java.lang.Throwable.printEnclosedStackTrace(Throwable.java:723)
	at java.base/java.lang.Throwable.printEnclosedStackTrace(Throwable.java:723)
	at java.base/java.lang.Throwable.printEnclosedStackTrace(Throwable.java:723)
	at java.base/java.lang.Throwable.printEnclosedStackTrace(Throwable.java:723)
	at java.base/java.lang.Throwable.printEnclosedStackTrace(Throwable.java:723)
	at java.base/java.lang.Throwable.printEnclosedStackTrace(Throwable.java:723)
	at java.base/java.lang.Throwable.printEnclosedStackTrace(Throwable.java:723)
	at java.base/java.lang.Throwable.printStackTrace(Throwable.java:681)
	at java.base/java.lang.Throwable.printStackTrace(Throwable.java:735)
	at org.apache.logging.log4j.core.pattern.ThrowablePatternConverter.formatOption(ThrowablePatternConverter.java:211)
	at org.apache.logging.log4j.core.pattern.ThrowablePatternConverter.format(ThrowablePatternConverter.java:137)
	at org.apache.logging.log4j.core.layout.PatternLayout$NoFormatPatternSerializer.toSerializable(PatternLayout.java:342)
	at org.apache.logging.log4j.core.layout.PatternLayout.toText(PatternLayout.java:240)
	at org.apache.logging.log4j.core.layout.PatternLayout.encode(PatternLayout.java:225)
	at org.apache.logging.log4j.core.layout.PatternLayout.encode(PatternLayout.java:59)
	at org.apache.logging.log4j.core.appender.AbstractOutputStreamAppender.directEncodeEvent(AbstractOutputStreamAppender.java:215)
	at org.apache.logging.log4j.core.appender.AbstractOutputStreamAppender.tryAppend(AbstractOutputStreamAppender.java:208)
	at org.apache.logging.log4j.core.appender.AbstractOutputStreamAppender.append(AbstractOutputStreamAppender.java:199)
	at org.apache.logging.log4j.core.config.AppenderControl.tryCallAppender(AppenderControl.java:161)
	at org.apache.logging.log4j.core.config.AppenderControl.callAppender0(AppenderControl.java:134)
	at org.apache.logging.log4j.core.config.AppenderControl.callAppenderPreventRecursion(AppenderControl.java:125)
	at org.apache.logging.log4j.core.config.AppenderControl.callAppender(AppenderControl.java:89)
	at org.apache.logging.log4j.core.config.LoggerConfig.callAppenders(LoggerConfig.java:675)
	at org.apache.logging.log4j.core.config.LoggerConfig.processLogEvent(LoggerConfig.java:633)
	at org.apache.logging.log4j.core.config.LoggerConfig.log(LoggerConfig.java:616)
	at org.apache.logging.log4j.core.config.LoggerConfig.log(LoggerConfig.java:552)
	at org.apache.logging.log4j.core.config.AwaitCompletionReliabilityStrategy.log(AwaitCompletionReliabilityStrategy.java:82)
	at org.apache.logging.log4j.core.Logger.log(Logger.java:161)
	at org.apache.logging.log4j.spi.AbstractLogger.tryLogMessage(AbstractLogger.java:2205)
	at org.apache.logging.log4j.spi.AbstractLogger.logMessageTrackRecursion(AbstractLogger.java:2159)
	at org.apache.logging.log4j.spi.AbstractLogger.logMessageSafely(AbstractLogger.java:2142)
	at org.apache.logging.log4j.spi.AbstractLogger.logMessage(AbstractLogger.java:2017)
	at org.apache.logging.log4j.spi.AbstractLogger.logIfEnabled(AbstractLogger.java:1983)
	at org.apache.commons.logging.LogAdapter$Log4jLog.log(LogAdapter.java:263)
	at org.apache.commons.logging.LogAdapter$Log4jLog.error(LogAdapter.java:215)
	at org.springframework.boot.SpringApplication.reportFailure(SpringApplication.java:824)
	at org.springframework.boot.SpringApplication.handleRunFailure(SpringApplication.java:788)
	at org.springframework.boot.SpringApplication.run(SpringApplication.java:318)
	at org.springframework.boot.test.context.SpringBootContextLoader.loadContext(SpringBootContextLoader.java:132)
	at org.springframework.test.context.cache.DefaultCacheAwareContextLoaderDelegate.loadContextInternal(DefaultCacheAwareContextLoaderDelegate.java:99)
	at org.springframework.test.context.cache.DefaultCacheAwareContextLoaderDelegate.loadContext(DefaultCacheAwareContextLoaderDelegate.java:124)
	at org.springframework.test.context.support.DefaultTestContext.getApplicationContext(DefaultTestContext.java:124)
	at org.springframework.boot.test.autoconfigure.SpringBootDependencyInjectionTestExecutionListener.outputConditionEvaluationReport(SpringBootDependencyInjectionTestExecutionListener.java:53)
	at org.springframework.boot.test.autoconfigure.SpringBootDependencyInjectionTestExecutionListener.prepareTestInstance(SpringBootDependencyInjectionTestExecutionListener.java:46)
	at org.springframework.test.context.TestContextManager.prepareTestInstance(TestContextManager.java:248)
	at org.springframework.test.context.junit4.SpringJUnit4ClassRunner.createTest(SpringJUnit4ClassRunner.java:227)
	at org.springframework.test.context.junit4.SpringJUnit4ClassRunner$1.runReflectiveCall(SpringJUnit4ClassRunner.java:289)
	at org.junit.internal.runners.model.ReflectiveCallable.run(ReflectiveCallable.java:12)
	at org.springframework.test.context.junit4.SpringJUnit4ClassRunner.methodBlock(SpringJUnit4ClassRunner.java:291)
	at org.springframework.test.context.junit4.SpringJUnit4ClassRunner.runChild(SpringJUnit4ClassRunner.java:246)
	at org.springframework.test.context.junit4.SpringJUnit4ClassRunner.runChild(SpringJUnit4ClassRunner.java:97)
	at org.junit.runners.ParentRunner$3.run(ParentRunner.java:290)
	at org.junit.runners.ParentRunner$1.schedule(ParentRunner.java:71)
	at org.junit.runners.ParentRunner.runChildren(ParentRunner.java:288)
	at org.junit.runners.ParentRunner.access$000(ParentRunner.java:58)
	at org.junit.runners.ParentRunner$2.evaluate(ParentRunner.java:268)
	at org.springframework.test.context.junit4.statements.RunBeforeTestClassCallbacks.evaluate(RunBeforeTestClassCallbacks.java:61)
	at org.springframework.test.context.junit4.statements.RunAfterTestClassCallbacks.evaluate(RunAfterTestClassCallbacks.java:70)
	at org.junit.runners.ParentRunner.run(ParentRunner.java:363)
	at org.springframework.test.context.junit4.SpringJUnit4ClassRunner.run(SpringJUnit4ClassRunner.java:190)
	at org.junit.runners.Suite.runChild(Suite.java:128)
	at org.junit.runners.Suite.runChild(Suite.java:27)
	at org.junit.runners.ParentRunner$3.run(ParentRunner.java:290)
	at org.junit.runners.ParentRunner$1.schedule(ParentRunner.java:71)
	at org.junit.runners.ParentRunner.runChildren(ParentRunner.java:288)
	at org.junit.runners.ParentRunner.access$000(ParentRunner.java:58)
	at org.junit.runners.ParentRunner$2.evaluate(ParentRunner.java:268)
	at org.junit.runners.ParentRunner.run(ParentRunner.java:363)
	at org.junit.runner.JUnitCore.run(JUnitCore.java:137)
	at org.junit.runner.JUnitCore.run(JUnitCore.java:115)
	at org.apache.maven.surefire.junitcore.JUnitCoreWrapper.createRequestAndRun(JUnitCoreWrapper.java:108)
	at org.apache.maven.surefire.junitcore.JUnitCoreWrapper.executeEager(JUnitCoreWrapper.java:78)
	at org.apache.maven.surefire.junitcore.JUnitCoreWrapper.execute(JUnitCoreWrapper.java:54)
	at org.apache.maven.surefire.junitcore.JUnitCoreProvider.invoke(JUnitCoreProvider.java:144)
	at org.apache.maven.surefire.booter.ForkedBooter.invokeProviderInSameClassLoader(ForkedBooter.java:203)
	at org.apache.maven.surefire.booter.ForkedBooter.runSuitesInProcess(ForkedBooter.java:155)
	at org.apache.maven.surefire.booter.ForkedBooter.main(ForkedBooter.java:103)

Apr 04, 2023 9:53:41 PM org.apache.catalina.loader.WebappClassLoaderBase checkStateForResourceLoading
INFO: Illegal access: this web application instance has been stopped already. Could not load [db/migration/V1__create_init_tables.sql]. The following stack trace is thrown for debugging purposes as well as to attempt to terminate the thread which caused the illegal access.
java.lang.IllegalStateException: Illegal access: this web application instance has been stopped already. Could not load [db/migration/V1__create_init_tables.sql]. The following stack trace is thrown for debugging purposes as well as to attempt to terminate the thread which caused the illegal access.
	at org.apache.catalina.loader.WebappClassLoaderBase.checkStateForResourceLoading(WebappClassLoaderBase.java:1432)
	at org.apache.catalina.loader.WebappClassLoaderBase.getResource(WebappClassLoaderBase.java:1057)
	at org.flywaydb.core.internal.resource.classpath.ClassPathResource.getUrl(ClassPathResource.java:85)
	at org.flywaydb.core.internal.resource.classpath.ClassPathResource.getAbsolutePathOnDisk(ClassPathResource.java:74)
	at org.flywaydb.core.internal.sqlscript.FlywaySqlScriptException.getMessage(FlywaySqlScriptException.java:81)
	at java.base/java.lang.Throwable.getLocalizedMessage(Throwable.java:396)
	at java.base/java.lang.Throwable.toString(Throwable.java:495)
	at java.base/java.lang.String.valueOf(String.java:3042)
	at java.base/java.lang.StringBuilder.append(StringBuilder.java:168)
	at java.base/java.lang.Throwable.printEnclosedStackTrace(Throwable.java:709)
	at java.base/java.lang.Throwable.printEnclosedStackTrace(Throwable.java:723)
	at java.base/java.lang.Throwable.printEnclosedStackTrace(Throwable.java:723)
	at java.base/java.lang.Throwable.printEnclosedStackTrace(Throwable.java:723)
	at java.base/java.lang.Throwable.printEnclosedStackTrace(Throwable.java:723)
	at java.base/java.lang.Throwable.printEnclosedStackTrace(Throwable.java:723)
	at java.base/java.lang.Throwable.printEnclosedStackTrace(Throwable.java:723)
	at java.base/java.lang.Throwable.printEnclosedStackTrace(Throwable.java:723)
	at java.base/java.lang.Throwable.printEnclosedStackTrace(Throwable.java:723)
	at java.base/java.lang.Throwable.printEnclosedStackTrace(Throwable.java:723)
	at java.base/java.lang.Throwable.printStackTrace(Throwable.java:681)
	at java.base/java.lang.Throwable.printStackTrace(Throwable.java:735)
	at org.apache.logging.log4j.core.pattern.ThrowablePatternConverter.formatOption(ThrowablePatternConverter.java:211)
	at org.apache.logging.log4j.core.pattern.ThrowablePatternConverter.format(ThrowablePatternConverter.java:137)
	at org.apache.logging.log4j.core.layout.PatternLayout$NoFormatPatternSerializer.toSerializable(PatternLayout.java:342)
	at org.apache.logging.log4j.core.layout.PatternLayout.toText(PatternLayout.java:240)
	at org.apache.logging.log4j.core.layout.PatternLayout.encode(PatternLayout.java:225)
	at org.apache.logging.log4j.core.layout.PatternLayout.encode(PatternLayout.java:59)
	at org.apache.logging.log4j.core.appender.AbstractOutputStreamAppender.directEncodeEvent(AbstractOutputStreamAppender.java:215)
	at org.apache.logging.log4j.core.appender.AbstractOutputStreamAppender.tryAppend(AbstractOutputStreamAppender.java:208)
	at org.apache.logging.log4j.core.appender.AbstractOutputStreamAppender.append(AbstractOutputStreamAppender.java:199)
	at org.apache.logging.log4j.core.config.AppenderControl.tryCallAppender(AppenderControl.java:161)
	at org.apache.logging.log4j.core.config.AppenderControl.callAppender0(AppenderControl.java:134)
	at org.apache.logging.log4j.core.config.AppenderControl.callAppenderPreventRecursion(AppenderControl.java:125)
	at org.apache.logging.log4j.core.config.AppenderControl.callAppender(AppenderControl.java:89)
	at org.apache.logging.log4j.core.config.LoggerConfig.callAppenders(LoggerConfig.java:675)
	at org.apache.logging.log4j.core.config.LoggerConfig.processLogEvent(LoggerConfig.java:633)
	at org.apache.logging.log4j.core.config.LoggerConfig.log(LoggerConfig.java:616)
	at org.apache.logging.log4j.core.config.LoggerConfig.log(LoggerConfig.java:552)
	at org.apache.logging.log4j.core.config.AwaitCompletionReliabilityStrategy.log(AwaitCompletionReliabilityStrategy.java:82)
	at org.apache.logging.log4j.core.Logger.log(Logger.java:161)
	at org.apache.logging.log4j.spi.AbstractLogger.tryLogMessage(AbstractLogger.java:2205)
	at org.apache.logging.log4j.spi.AbstractLogger.logMessageTrackRecursion(AbstractLogger.java:2159)
	at org.apache.logging.log4j.spi.AbstractLogger.logMessageSafely(AbstractLogger.java:2142)
	at org.apache.logging.log4j.spi.AbstractLogger.logMessage(AbstractLogger.java:2017)
	at org.apache.logging.log4j.spi.AbstractLogger.logIfEnabled(AbstractLogger.java:1983)
	at org.apache.commons.logging.LogAdapter$Log4jLog.log(LogAdapter.java:263)
	at org.apache.commons.logging.LogAdapter$Log4jLog.error(LogAdapter.java:215)
	at org.springframework.test.context.TestContextManager.prepareTestInstance(TestContextManager.java:252)
	at org.springframework.test.context.junit4.SpringJUnit4ClassRunner.createTest(SpringJUnit4ClassRunner.java:227)
	at org.springframework.test.context.junit4.SpringJUnit4ClassRunner$1.runReflectiveCall(SpringJUnit4ClassRunner.java:289)
	at org.junit.internal.runners.model.ReflectiveCallable.run(ReflectiveCallable.java:12)
	at org.springframework.test.context.junit4.SpringJUnit4ClassRunner.methodBlock(SpringJUnit4ClassRunner.java:291)
	at org.springframework.test.context.junit4.SpringJUnit4ClassRunner.runChild(SpringJUnit4ClassRunner.java:246)
	at org.springframework.test.context.junit4.SpringJUnit4ClassRunner.runChild(SpringJUnit4ClassRunner.java:97)
	at org.junit.runners.ParentRunner$3.run(ParentRunner.java:290)
	at org.junit.runners.ParentRunner$1.schedule(ParentRunner.java:71)
	at org.junit.runners.ParentRunner.runChildren(ParentRunner.java:288)
	at org.junit.runners.ParentRunner.access$000(ParentRunner.java:58)
	at org.junit.runners.ParentRunner$2.evaluate(ParentRunner.java:268)
	at org.springframework.test.context.junit4.statements.RunBeforeTestClassCallbacks.evaluate(RunBeforeTestClassCallbacks.java:61)
	at org.springframework.test.context.junit4.statements.RunAfterTestClassCallbacks.evaluate(RunAfterTestClassCallbacks.java:70)
	at org.junit.runners.ParentRunner.run(ParentRunner.java:363)
	at org.springframework.test.context.junit4.SpringJUnit4ClassRunner.run(SpringJUnit4ClassRunner.java:190)
	at org.junit.runners.Suite.runChild(Suite.java:128)
	at org.junit.runners.Suite.runChild(Suite.java:27)
	at org.junit.runners.ParentRunner$3.run(ParentRunner.java:290)
	at org.junit.runners.ParentRunner$1.schedule(ParentRunner.java:71)
	at org.junit.runners.ParentRunner.runChildren(ParentRunner.java:288)
	at org.junit.runners.ParentRunner.access$000(ParentRunner.java:58)
	at org.junit.runners.ParentRunner$2.evaluate(ParentRunner.java:268)
	at org.junit.runners.ParentRunner.run(ParentRunner.java:363)
	at org.junit.runner.JUnitCore.run(JUnitCore.java:137)
	at org.junit.runner.JUnitCore.run(JUnitCore.java:115)
	at org.apache.maven.surefire.junitcore.JUnitCoreWrapper.createRequestAndRun(JUnitCoreWrapper.java:108)
	at org.apache.maven.surefire.junitcore.JUnitCoreWrapper.executeEager(JUnitCoreWrapper.java:78)
	at org.apache.maven.surefire.junitcore.JUnitCoreWrapper.execute(JUnitCoreWrapper.java:54)
	at org.apache.maven.surefire.junitcore.JUnitCoreProvider.invoke(JUnitCoreProvider.java:144)
	at org.apache.maven.surefire.booter.ForkedBooter.invokeProviderInSameClassLoader(ForkedBooter.java:203)
	at org.apache.maven.surefire.booter.ForkedBooter.runSuitesInProcess(ForkedBooter.java:155)
	at org.apache.maven.surefire.booter.ForkedBooter.main(ForkedBooter.java:103)

Apr 04, 2023 9:53:41 PM org.apache.catalina.loader.WebappClassLoaderBase checkStateForResourceLoading
INFO: Illegal access: this web application instance has been stopped already. Could not load [db/migration/V1__create_init_tables.sql]. The following stack trace is thrown for debugging purposes as well as to attempt to terminate the thread which caused the illegal access.
java.lang.IllegalStateException: Illegal access: this web application instance has been stopped already. Could not load [db/migration/V1__create_init_tables.sql]. The following stack trace is thrown for debugging purposes as well as to attempt to terminate the thread which caused the illegal access.
	at org.apache.catalina.loader.WebappClassLoaderBase.checkStateForResourceLoading(WebappClassLoaderBase.java:1432)
	at org.apache.catalina.loader.WebappClassLoaderBase.getResource(WebappClassLoaderBase.java:1057)
	at org.flywaydb.core.internal.resource.classpath.ClassPathResource.getUrl(ClassPathResource.java:85)
	at org.flywaydb.core.internal.resource.classpath.ClassPathResource.getAbsolutePathOnDisk(ClassPathResource.java:74)
	at org.flywaydb.core.internal.sqlscript.FlywaySqlScriptException.getMessage(FlywaySqlScriptException.java:81)
	at org.apache.maven.surefire.report.SmartStackTraceParser.toString(SmartStackTraceParser.java:311)
	at org.apache.maven.surefire.report.SmartStackTraceParser.causeToString(SmartStackTraceParser.java:300)
	at org.apache.maven.surefire.report.SmartStackTraceParser.innerMostWithFocusOnClass(SmartStackTraceParser.java:248)
	at org.apache.maven.surefire.common.junit4.JUnit4StackTraceWriter.writeTrimmedTraceToString(JUnit4StackTraceWriter.java:97)
	at org.apache.maven.surefire.booter.ForkingRunListener.encode(ForkingRunListener.java:330)
	at org.apache.maven.surefire.booter.ForkingRunListener.encode(ForkingRunListener.java:312)
	at org.apache.maven.surefire.booter.ForkingRunListener.toString(ForkingRunListener.java:258)
	at org.apache.maven.surefire.booter.ForkingRunListener.testError(ForkingRunListener.java:132)
	at org.apache.maven.surefire.common.junit4.JUnit4RunListener.testFailure(JUnit4RunListener.java:118)
	at org.apache.maven.surefire.junitcore.NonConcurrentRunListener.testFailure(NonConcurrentRunListener.java:132)
	at org.junit.runner.notification.SynchronizedRunListener.testFailure(SynchronizedRunListener.java:63)
	at org.junit.runner.notification.RunNotifier$4.notifyListener(RunNotifier.java:142)
	at org.junit.runner.notification.RunNotifier$SafeNotifier.run(RunNotifier.java:72)
	at org.junit.runner.notification.RunNotifier.fireTestFailures(RunNotifier.java:138)
	at org.junit.runner.notification.RunNotifier.fireTestFailure(RunNotifier.java:132)
	at org.junit.internal.runners.model.EachTestNotifier.addFailure(EachTestNotifier.java:23)
	at org.junit.runners.ParentRunner.runLeaf(ParentRunner.java:329)
	at org.springframework.test.context.junit4.SpringJUnit4ClassRunner.runChild(SpringJUnit4ClassRunner.java:251)
	at org.springframework.test.context.junit4.SpringJUnit4ClassRunner.runChild(SpringJUnit4ClassRunner.java:97)
	at org.junit.runners.ParentRunner$3.run(ParentRunner.java:290)
	at org.junit.runners.ParentRunner$1.schedule(ParentRunner.java:71)
	at org.junit.runners.ParentRunner.runChildren(ParentRunner.java:288)
	at org.junit.runners.ParentRunner.access$000(ParentRunner.java:58)
	at org.junit.runners.ParentRunner$2.evaluate(ParentRunner.java:268)
	at org.springframework.test.context.junit4.statements.RunBeforeTestClassCallbacks.evaluate(RunBeforeTestClassCallbacks.java:61)
	at org.springframework.test.context.junit4.statements.RunAfterTestClassCallbacks.evaluate(RunAfterTestClassCallbacks.java:70)
	at org.junit.runners.ParentRunner.run(ParentRunner.java:363)
	at org.springframework.test.context.junit4.SpringJUnit4ClassRunner.run(SpringJUnit4ClassRunner.java:190)
	at org.junit.runners.Suite.runChild(Suite.java:128)
	at org.junit.runners.Suite.runChild(Suite.java:27)
	at org.junit.runners.ParentRunner$3.run(ParentRunner.java:290)
	at org.junit.runners.ParentRunner$1.schedule(ParentRunner.java:71)
	at org.junit.runners.ParentRunner.runChildren(ParentRunner.java:288)
	at org.junit.runners.ParentRunner.access$000(ParentRunner.java:58)
	at org.junit.runners.ParentRunner$2.evaluate(ParentRunner.java:268)
	at org.junit.runners.ParentRunner.run(ParentRunner.java:363)
	at org.junit.runner.JUnitCore.run(JUnitCore.java:137)
	at org.junit.runner.JUnitCore.run(JUnitCore.java:115)
	at org.apache.maven.surefire.junitcore.JUnitCoreWrapper.createRequestAndRun(JUnitCoreWrapper.java:108)
	at org.apache.maven.surefire.junitcore.JUnitCoreWrapper.executeEager(JUnitCoreWrapper.java:78)
	at org.apache.maven.surefire.junitcore.JUnitCoreWrapper.execute(JUnitCoreWrapper.java:54)
	at org.apache.maven.surefire.junitcore.JUnitCoreProvider.invoke(JUnitCoreProvider.java:144)
	at org.apache.maven.surefire.booter.ForkedBooter.invokeProviderInSameClassLoader(ForkedBooter.java:203)
	at org.apache.maven.surefire.booter.ForkedBooter.runSuitesInProcess(ForkedBooter.java:155)
	at org.apache.maven.surefire.booter.ForkedBooter.main(ForkedBooter.java:103)

]]></system-err>
  </testcase>
  <testcase name="test01_ttest" classname="JustWork.server.login.LoginTest" time="0.003">
    <error message="Failed to load ApplicationContext" type="java.lang.IllegalStateException">java.lang.IllegalStateException: Illegal access: this web application instance has been stopped already. Could not load [db/migration/V1__create_init_tables.sql]. The following stack trace is thrown for debugging purposes as well as to attempt to terminate the thread which caused the illegal access.
	at org.apache.catalina.loader.WebappClassLoaderBase.checkStateForResourceLoading(WebappClassLoaderBase.java:1432)
	at org.apache.catalina.loader.WebappClassLoaderBase.getResource(WebappClassLoaderBase.java:1057)
	at org.flywaydb.core.internal.resource.classpath.ClassPathResource.getUrl(ClassPathResource.java:85)
	at org.flywaydb.core.internal.resource.classpath.ClassPathResource.getAbsolutePathOnDisk(ClassPathResource.java:74)
	at org.flywaydb.core.internal.sqlscript.FlywaySqlScriptException.getMessage(FlywaySqlScriptException.java:81)
	at org.apache.maven.surefire.report.SmartStackTraceParser.toString(SmartStackTraceParser.java:311)
	at org.apache.maven.surefire.report.SmartStackTraceParser.causeToString(SmartStackTraceParser.java:300)
	at org.apache.maven.surefire.report.SmartStackTraceParser.innerMostWithFocusOnClass(SmartStackTraceParser.java:248)
	at org.apache.maven.surefire.common.junit4.JUnit4StackTraceWriter.writeTrimmedTraceToString(JUnit4StackTraceWriter.java:97)
	at org.apache.maven.surefire.booter.ForkingRunListener.encode(ForkingRunListener.java:330)
	at org.apache.maven.surefire.booter.ForkingRunListener.encode(ForkingRunListener.java:312)
	at org.apache.maven.surefire.booter.ForkingRunListener.toString(ForkingRunListener.java:258)
	at org.apache.maven.surefire.booter.ForkingRunListener.testError(ForkingRunListener.java:132)
	at org.apache.maven.surefire.common.junit4.JUnit4RunListener.testFailure(JUnit4RunListener.java:118)
	at org.apache.maven.surefire.junitcore.NonConcurrentRunListener.testFailure(NonConcurrentRunListener.java:132)
	at org.junit.runner.notification.SynchronizedRunListener.testFailure(SynchronizedRunListener.java:63)
	at org.junit.runner.notification.RunNotifier$4.notifyListener(RunNotifier.java:142)
	at org.junit.runner.notification.RunNotifier$SafeNotifier.run(RunNotifier.java:72)
	at org.junit.runner.notification.RunNotifier.fireTestFailures(RunNotifier.java:138)
	at org.junit.runner.notification.RunNotifier.fireTestFailure(RunNotifier.java:132)
	at org.junit.internal.runners.model.EachTestNotifier.addFailure(EachTestNotifier.java:23)
	at org.junit.runners.ParentRunner.runLeaf(ParentRunner.java:329)
	at org.springframework.test.context.junit4.SpringJUnit4ClassRunner.runChild(SpringJUnit4ClassRunner.java:251)
	at org.springframework.test.context.junit4.SpringJUnit4ClassRunner.runChild(SpringJUnit4ClassRunner.java:97)
	at org.junit.runners.ParentRunner$3.run(ParentRunner.java:290)
	at org.junit.runners.ParentRunner$1.schedule(ParentRunner.java:71)
	at org.junit.runners.ParentRunner.runChildren(ParentRunner.java:288)
	at org.junit.runners.ParentRunner.access$000(ParentRunner.java:58)
	at org.junit.runners.ParentRunner$2.evaluate(ParentRunner.java:268)
	at org.springframework.test.context.junit4.statements.RunBeforeTestClassCallbacks.evaluate(RunBeforeTestClassCallbacks.java:61)
	at org.springframework.test.context.junit4.statements.RunAfterTestClassCallbacks.evaluate(RunAfterTestClassCallbacks.java:70)
	at org.junit.runners.ParentRunner.run(ParentRunner.java:363)
	at org.springframework.test.context.junit4.SpringJUnit4ClassRunner.run(SpringJUnit4ClassRunner.java:190)
	at org.junit.runners.Suite.runChild(Suite.java:128)
	at org.junit.runners.Suite.runChild(Suite.java:27)
	at org.junit.runners.ParentRunner$3.run(ParentRunner.java:290)
	at org.junit.runners.ParentRunner$1.schedule(ParentRunner.java:71)
	at org.junit.runners.ParentRunner.runChildren(ParentRunner.java:288)
	at org.junit.runners.ParentRunner.access$000(ParentRunner.java:58)
	at org.junit.runners.ParentRunner$2.evaluate(ParentRunner.java:268)
	at org.junit.runners.ParentRunner.run(ParentRunner.java:363)
	at org.junit.runner.JUnitCore.run(JUnitCore.java:137)
	at org.junit.runner.JUnitCore.run(JUnitCore.java:115)
	at org.apache.maven.surefire.junitcore.JUnitCoreWrapper.createRequestAndRun(JUnitCoreWrapper.java:108)
	at org.apache.maven.surefire.junitcore.JUnitCoreWrapper.executeEager(JUnitCoreWrapper.java:78)
	at org.apache.maven.surefire.junitcore.JUnitCoreWrapper.execute(JUnitCoreWrapper.java:54)
	at org.apache.maven.surefire.junitcore.JUnitCoreProvider.invoke(JUnitCoreProvider.java:144)
	at org.apache.maven.surefire.booter.ForkedBooter.invokeProviderInSameClassLoader(ForkedBooter.java:203)
	at org.apache.maven.surefire.booter.ForkedBooter.runSuitesInProcess(ForkedBooter.java:155)
	at org.apache.maven.surefire.booter.ForkedBooter.main(ForkedBooter.java:103)
</error>
    <system-out><![CDATA[&amp#27;[30m2023-04-04T21:53:41,140&amp#27;[m &amp#27;[36mDEBUG &amp#27;[m[&amp#27;[1;34mmain&amp#27;[m] &amp#27;[1;33mo.s.t.a.ProfileValueUtils&amp#27;[m:  Retrieved @ProfileValueSourceConfiguration [null] for test class [JustWork.server.login.LoginTest]
&amp#27;[30m2023-04-04T21:53:41,144&amp#27;[m &amp#27;[36mDEBUG &amp#27;[m[&amp#27;[1;34mmain&amp#27;[m] &amp#27;[1;33mo.s.t.a.ProfileValueUtils&amp#27;[m:  Retrieved ProfileValueSource type [class org.springframework.test.annotation.SystemProfileValueSource] for class [JustWork.server.login.LoginTest]
&amp#27;[30m2023-04-04T21:53:41,151&amp#27;[m &amp#27;[36mDEBUG &amp#27;[m[&amp#27;[1;34mmain&amp#27;[m] &amp#27;[1;33mo.s.t.c.s.DependencyInjectionTestExecutionListener&amp#27;[m:  Performing dependency injection for test context [[DefaultTestContext@52c8295b testClass = LoginTest, testInstance = JustWork.server.login.LoginTest@4d9cf71d, testMethod = [null], testException = [null], mergedContextConfiguration = [WebMergedContextConfiguration@251f7d26 testClass = LoginTest, locations = '{}', classes = '{class JustWork.server.ServerApplication}', contextInitializerClasses = '[class JustWork.server.PostgreSQLTesting$Initializer]', activeProfiles = '{}', propertySourceLocations = '{}', propertySourceProperties = '{org.springframework.boot.test.context.SpringBootTestContextBootstrapper=true, server.port=0}', contextCustomizers = set[org.springframework.boot.test.context.filter.ExcludeFilterContextCustomizer@3b7ff809, org.springframework.boot.test.json.DuplicateJsonObjectContextCustomizerFactory$DuplicateJsonObjectContextCustomizer@4b20ca2b, org.springframework.boot.test.mock.mockito.MockitoContextCustomizer@0, org.springframework.boot.test.web.client.TestRestTemplateContextCustomizer@6cfcd46d, org.springframework.boot.test.autoconfigure.actuate.metrics.MetricsExportContextCustomizerFactory$DisableMetricExportContextCustomizer@62f4ff3b, org.springframework.boot.test.autoconfigure.properties.PropertyMappingContextCustomizer@0, org.springframework.boot.test.autoconfigure.web.servlet.WebDriverContextCustomizerFactory$Customizer@792bbc74, org.springframework.boot.test.context.SpringBootTestArgs@1, org.springframework.boot.test.context.SpringBootTestWebEnvironment@26bab2f1], resourceBasePath = 'src/main/webapp', contextLoader = 'org.springframework.boot.test.context.SpringBootContextLoader', parent = [null]], attributes = map['org.springframework.test.context.web.ServletTestExecutionListener.activateListener' -> false, 'org.springframework.test.context.event.ApplicationEventsTestExecutionListener.recordApplicationEvents' -> false]]].
2023-04-04 21:53:41,273 main ERROR Unable to locate appender "FILE" for logger config "root"
2023-04-04 21:53:41,274 main ERROR Unable to locate appender "STDOUT" for logger config "root"

  .   ____          _            __ _ _
 /\\ / ___'_ __ _ _(_)_ __  __ _ \ \ \ \
( ( )\___ | '_ | '_| | '_ \/ _` | \ \ \ \
 \\/  ___)| |_)| | | | | || (_| |  ) ) ) )
  '  |____| .__|_| |_|_| |_\__, | / / / /
 =========|_|==============|___/=/_/_/_/
 :: Spring Boot ::                (v2.7.2)

&amp#27;[30m2023-04-04T21:53:41,292&amp#27;[m &amp#27;[32mINFO  &amp#27;[m[&amp#27;[1;34mmain&amp#27;[m] &amp#27;[1;33mo.s.b.StartupInfoLogger&amp#27;[m:  Starting LoginTest using Java 12.0.2 on MacBook-Air-de-Joseph.local with PID 99265 (started by josephlpz in /Users/josephlpz/Documents/JustWork/JustWork-server)
&amp#27;[30m2023-04-04T21:53:41,294&amp#27;[m &amp#27;[36mDEBUG &amp#27;[m[&amp#27;[1;34mmain&amp#27;[m] &amp#27;[1;33mo.s.b.StartupInfoLogger&amp#27;[m:  Running with Spring Boot v2.7.2, Spring v5.3.22
&amp#27;[30m2023-04-04T21:53:41,294&amp#27;[m &amp#27;[32mINFO  &amp#27;[m[&amp#27;[1;34mmain&amp#27;[m] &amp#27;[1;33mo.s.b.SpringApplication&amp#27;[m:  The following 1 profile is active: "@typeProfile@"
&amp#27;[30m2023-04-04T21:53:41,294&amp#27;[m &amp#27;[36mDEBUG &amp#27;[m[&amp#27;[1;34mmain&amp#27;[m] &amp#27;[1;33mo.s.b.SpringApplication&amp#27;[m:  Loading source class JustWork.server.ServerApplication
&amp#27;[30m2023-04-04T21:53:41,304&amp#27;[m &amp#27;[36mDEBUG &amp#27;[m[&amp#27;[1;34mmain&amp#27;[m] &amp#27;[1;33mo.s.c.s.AbstractApplicationContext&amp#27;[m:  Refreshing org.springframework.boot.web.servlet.context.AnnotationConfigServletWebServerApplicationContext@391e2a
&amp#27;[30m2023-04-04T21:53:41,308&amp#27;[m &amp#27;[36mDEBUG &amp#27;[m[&amp#27;[1;34mmain&amp#27;[m] &amp#27;[1;33mo.s.b.f.s.DefaultSingletonBeanRegistry&amp#27;[m:  Creating shared instance of singleton bean 'org.springframework.context.annotation.internalConfigurationAnnotationProcessor'
&amp#27;[30m2023-04-04T21:53:41,312&amp#27;[m &amp#27;[36mDEBUG &amp#27;[m[&amp#27;[1;34mmain&amp#27;[m] &amp#27;[1;33mo.s.b.f.s.DefaultSingletonBeanRegistry&amp#27;[m:  Creating shared instance of singleton bean 'org.springframework.boot.autoconfigure.internalCachingMetadataReaderFactory'
&amp#27;[30m2023-04-04T21:53:41,343&amp#27;[m &amp#27;[36mDEBUG &amp#27;[m[&amp#27;[1;34mmain&amp#27;[m] &amp#27;[1;33mo.s.c.a.ClassPathScanningCandidateComponentProvider&amp#27;[m:  Identified candidate component class: file [/Users/josephlpz/Documents/JustWork/JustWork-server/target/classes/JustWork/server/config/JwtAuthenticationEntryPoint.class]
&amp#27;[30m2023-04-04T21:53:41,343&amp#27;[m &amp#27;[36mDEBUG &amp#27;[m[&amp#27;[1;34mmain&amp#27;[m] &amp#27;[1;33mo.s.c.a.ClassPathScanningCandidateComponentProvider&amp#27;[m:  Identified candidate component class: file [/Users/josephlpz/Documents/JustWork/JustWork-server/target/classes/JustWork/server/config/JwtRequestFilter.class]
&amp#27;[30m2023-04-04T21:53:41,344&amp#27;[m &amp#27;[36mDEBUG &amp#27;[m[&amp#27;[1;34mmain&amp#27;[m] &amp#27;[1;33mo.s.c.a.ClassPathScanningCandidateComponentProvider&amp#27;[m:  Identified candidate component class: file [/Users/josephlpz/Documents/JustWork/JustWork-server/target/classes/JustWork/server/config/JwtTokenUtil.class]
&amp#27;[30m2023-04-04T21:53:41,344&amp#27;[m &amp#27;[36mDEBUG &amp#27;[m[&amp#27;[1;34mmain&amp#27;[m] &amp#27;[1;33mo.s.c.a.ClassPathScanningCandidateComponentProvider&amp#27;[m:  Identified candidate component class: file [/Users/josephlpz/Documents/JustWork/JustWork-server/target/classes/JustWork/server/config/JwtUtils.class]
&amp#27;[30m2023-04-04T21:53:41,347&amp#27;[m &amp#27;[36mDEBUG &amp#27;[m[&amp#27;[1;34mmain&amp#27;[m] &amp#27;[1;33mo.s.c.a.ClassPathScanningCandidateComponentProvider&amp#27;[m:  Identified candidate component class: file [/Users/josephlpz/Documents/JustWork/JustWork-server/target/classes/JustWork/server/config/WebSecurityConfig.class]
&amp#27;[30m2023-04-04T21:53:41,348&amp#27;[m &amp#27;[36mDEBUG &amp#27;[m[&amp#27;[1;34mmain&amp#27;[m] &amp#27;[1;33mo.s.c.a.ClassPathScanningCandidateComponentProvider&amp#27;[m:  Identified candidate component class: file [/Users/josephlpz/Documents/JustWork/JustWork-server/target/classes/JustWork/server/controllers/PosicionController.class]
&amp#27;[30m2023-04-04T21:53:41,348&amp#27;[m &amp#27;[36mDEBUG &amp#27;[m[&amp#27;[1;34mmain&amp#27;[m] &amp#27;[1;33mo.s.c.a.ClassPathScanningCandidateComponentProvider&amp#27;[m:  Identified candidate component class: file [/Users/josephlpz/Documents/JustWork/JustWork-server/target/classes/JustWork/server/controllers/UsuarioController.class]
&amp#27;[30m2023-04-04T21:53:41,349&amp#27;[m &amp#27;[36mDEBUG &amp#27;[m[&amp#27;[1;34mmain&amp#27;[m] &amp#27;[1;33mo.s.c.a.ClassPathScanningCandidateComponentProvider&amp#27;[m:  Ignored because not a concrete top-level class: file [/Users/josephlpz/Documents/JustWork/JustWork-server/target/classes/JustWork/server/interfaces/UserDetailsService.class]
&amp#27;[30m2023-04-04T21:53:41,351&amp#27;[m &amp#27;[36mDEBUG &amp#27;[m[&amp#27;[1;34mmain&amp#27;[m] &amp#27;[1;33mo.s.c.a.ClassPathScanningCandidateComponentProvider&amp#27;[m:  Ignored because not a concrete top-level class: file [/Users/josephlpz/Documents/JustWork/JustWork-server/target/classes/JustWork/server/repository/RolRepository.class]
&amp#27;[30m2023-04-04T21:53:41,351&amp#27;[m &amp#27;[36mDEBUG &amp#27;[m[&amp#27;[1;34mmain&amp#27;[m] &amp#27;[1;33mo.s.c.a.ClassPathScanningCandidateComponentProvider&amp#27;[m:  Ignored because not a concrete top-level class: file [/Users/josephlpz/Documents/JustWork/JustWork-server/target/classes/JustWork/server/repository/TokenRepository.class]
&amp#27;[30m2023-04-04T21:53:41,351&amp#27;[m &amp#27;[36mDEBUG &amp#27;[m[&amp#27;[1;34mmain&amp#27;[m] &amp#27;[1;33mo.s.c.a.ClassPathScanningCandidateComponentProvider&amp#27;[m:  Ignored because not a concrete top-level class: file [/Users/josephlpz/Documents/JustWork/JustWork-server/target/classes/JustWork/server/repository/UsuarioRepository.class]
&amp#27;[30m2023-04-04T21:53:41,352&amp#27;[m &amp#27;[36mDEBUG &amp#27;[m[&amp#27;[1;34mmain&amp#27;[m] &amp#27;[1;33mo.s.c.a.ClassPathScanningCandidateComponentProvider&amp#27;[m:  Identified candidate component class: file [/Users/josephlpz/Documents/JustWork/JustWork-server/target/classes/JustWork/server/service/LoginService.class]
&amp#27;[30m2023-04-04T21:53:41,352&amp#27;[m &amp#27;[36mDEBUG &amp#27;[m[&amp#27;[1;34mmain&amp#27;[m] &amp#27;[1;33mo.s.c.a.ClassPathScanningCandidateComponentProvider&amp#27;[m:  Identified candidate component class: file [/Users/josephlpz/Documents/JustWork/JustWork-server/target/classes/JustWork/server/service/TokenService.class]
&amp#27;[30m2023-04-04T21:53:41,353&amp#27;[m &amp#27;[36mDEBUG &amp#27;[m[&amp#27;[1;34mmain&amp#27;[m] &amp#27;[1;33mo.s.c.a.ClassPathScanningCandidateComponentProvider&amp#27;[m:  Identified candidate component class: file [/Users/josephlpz/Documents/JustWork/JustWork-server/target/classes/JustWork/server/service/UsuarioService.class]
&amp#27;[30m2023-04-04T21:53:41,570&amp#27;[m &amp#27;[32mINFO  &amp#27;[m[&amp#27;[1;34mmain&amp#27;[m] &amp#27;[1;33mo.s.d.r.c.RepositoryConfigurationDelegate&amp#27;[m:  Bootstrapping Spring Data JPA repositories in DEFAULT mode.
&amp#27;[30m2023-04-04T21:53:41,571&amp#27;[m &amp#27;[36mDEBUG &amp#27;[m[&amp#27;[1;34mmain&amp#27;[m] &amp#27;[1;33mo.s.b.f.s.DefaultSingletonBeanRegistry&amp#27;[m:  Creating shared instance of singleton bean 'org.springframework.boot.autoconfigure.AutoConfigurationPackages'
&amp#27;[30m2023-04-04T21:53:41,571&amp#27;[m &amp#27;[36mDEBUG &amp#27;[m[&amp#27;[1;34mmain&amp#27;[m] &amp#27;[1;33mo.s.b.a.AutoConfigurationPackages$BasePackages&amp#27;[m:  @EnableAutoConfiguration was declared on a class in the package 'JustWork.server'. Automatic @Repository and @Entity scanning is enabled.
&amp#27;[30m2023-04-04T21:53:41,571&amp#27;[m &amp#27;[36mDEBUG &amp#27;[m[&amp#27;[1;34mmain&amp#27;[m] &amp#27;[1;33mo.s.d.r.c.RepositoryConfigurationDelegate&amp#27;[m:  Scanning for JPA repositories in packages JustWork.server.
&amp#27;[30m2023-04-04T21:53:41,580&amp#27;[m &amp#27;[36mDEBUG &amp#27;[m[&amp#27;[1;34mmain&amp#27;[m] &amp#27;[1;33mo.s.c.a.ClassPathScanningCandidateComponentProvider&amp#27;[m:  Identified candidate component class: file [/Users/josephlpz/Documents/JustWork/JustWork-server/target/classes/JustWork/server/repository/RolRepository.class]
&amp#27;[30m2023-04-04T21:53:41,581&amp#27;[m &amp#27;[36mDEBUG &amp#27;[m[&amp#27;[1;34mmain&amp#27;[m] &amp#27;[1;33mo.s.c.a.ClassPathScanningCandidateComponentProvider&amp#27;[m:  Identified candidate component class: file [/Users/josephlpz/Documents/JustWork/JustWork-server/target/classes/JustWork/server/repository/TokenRepository.class]
&amp#27;[30m2023-04-04T21:53:41,581&amp#27;[m &amp#27;[36mDEBUG &amp#27;[m[&amp#27;[1;34mmain&amp#27;[m] &amp#27;[1;33mo.s.c.a.ClassPathScanningCandidateComponentProvider&amp#27;[m:  Identified candidate component class: file [/Users/josephlpz/Documents/JustWork/JustWork-server/target/classes/JustWork/server/repository/UsuarioRepository.class]
&amp#27;[30m2023-04-04T21:53:41,593&amp#27;[m &amp#27;[32mINFO  &amp#27;[m[&amp#27;[1;34mmain&amp#27;[m] &amp#27;[1;33mo.s.d.r.c.RepositoryConfigurationDelegate&amp#27;[m:  Finished Spring Data repository scanning in 22 ms. Found 3 JPA repository interfaces.
&amp#27;[30m2023-04-04T21:53:41,651&amp#27;[m &amp#27;[36mDEBUG &amp#27;[m[&amp#27;[1;34mmain&amp#27;[m] &amp#27;[1;33mo.s.b.f.s.DefaultSingletonBeanRegistry&amp#27;[m:  Creating shared instance of singleton bean 'org.springframework.boot.test.web.client.TestRestTemplateContextCustomizer$TestRestTemplateRegistrar'
&amp#27;[30m2023-04-04T21:53:41,652&amp#27;[m &amp#27;[36mDEBUG &amp#27;[m[&amp#27;[1;34mmain&amp#27;[m] &amp#27;[1;33mo.s.b.f.s.DefaultSingletonBeanRegistry&amp#27;[m:  Creating shared instance of singleton bean 'propertySourcesPlaceholderConfigurer'
&amp#27;[30m2023-04-04T21:53:41,655&amp#27;[m &amp#27;[36mDEBUG &amp#27;[m[&amp#27;[1;34mmain&amp#27;[m] &amp#27;[1;33mo.s.b.f.s.DefaultSingletonBeanRegistry&amp#27;[m:  Creating shared instance of singleton bean 'org.springframework.boot.test.mock.mockito.MockitoPostProcessor'
&amp#27;[30m2023-04-04T21:53:41,657&amp#27;[m &amp#27;[36mDEBUG &amp#27;[m[&amp#27;[1;34mmain&amp#27;[m] &amp#27;[1;33mo.s.b.f.s.DefaultSingletonBeanRegistry&amp#27;[m:  Creating shared instance of singleton bean 'emBeanDefinitionRegistrarPostProcessor'
&amp#27;[30m2023-04-04T21:53:41,657&amp#27;[m &amp#27;[36mDEBUG &amp#27;[m[&amp#27;[1;34mmain&amp#27;[m] &amp#27;[1;33mo.s.b.f.s.DefaultSingletonBeanRegistry&amp#27;[m:  Creating shared instance of singleton bean 'org.springframework.boot.sql.init.dependency.DatabaseInitializationDependencyConfigurer$DependsOnDatabaseInitializationPostProcessor'
&amp#27;[30m2023-04-04T21:53:41,666&amp#27;[m &amp#27;[36mDEBUG &amp#27;[m[&amp#27;[1;34mmain&amp#27;[m] &amp#27;[1;33mo.s.b.f.s.DefaultSingletonBeanRegistry&amp#27;[m:  Creating shared instance of singleton bean 'org.springframework.context.event.internalEventListenerProcessor'
&amp#27;[30m2023-04-04T21:53:41,666&amp#27;[m &amp#27;[36mDEBUG &amp#27;[m[&amp#27;[1;34mmain&amp#27;[m] &amp#27;[1;33mo.s.b.f.s.DefaultSingletonBeanRegistry&amp#27;[m:  Creating shared instance of singleton bean 'conversionServicePostProcessor'
&amp#27;[30m2023-04-04T21:53:41,666&amp#27;[m &amp#27;[36mDEBUG &amp#27;[m[&amp#27;[1;34mmain&amp#27;[m] &amp#27;[1;33mo.s.b.f.s.DefaultSingletonBeanRegistry&amp#27;[m:  Creating shared instance of singleton bean 'preserveErrorControllerTargetClassPostProcessor'
&amp#27;[30m2023-04-04T21:53:41,667&amp#27;[m &amp#27;[36mDEBUG &amp#27;[m[&amp#27;[1;34mmain&amp#27;[m] &amp#27;[1;33mo.s.b.f.s.DefaultSingletonBeanRegistry&amp#27;[m:  Creating shared instance of singleton bean 'org.springframework.context.event.internalEventListenerFactory'
&amp#27;[30m2023-04-04T21:53:41,667&amp#27;[m &amp#27;[36mDEBUG &amp#27;[m[&amp#27;[1;34mmain&amp#27;[m] &amp#27;[1;33mo.s.b.f.s.DefaultSingletonBeanRegistry&amp#27;[m:  Creating shared instance of singleton bean 'org.springframework.transaction.config.internalTransactionalEventListenerFactory'
&amp#27;[30m2023-04-04T21:53:41,668&amp#27;[m &amp#27;[36mDEBUG &amp#27;[m[&amp#27;[1;34mmain&amp#27;[m] &amp#27;[1;33mo.s.b.f.s.DefaultSingletonBeanRegistry&amp#27;[m:  Creating shared instance of singleton bean 'org.springframework.context.annotation.internalAutowiredAnnotationProcessor'
&amp#27;[30m2023-04-04T21:53:41,669&amp#27;[m &amp#27;[36mDEBUG &amp#27;[m[&amp#27;[1;34mmain&amp#27;[m] &amp#27;[1;33mo.s.b.f.s.DefaultSingletonBeanRegistry&amp#27;[m:  Creating shared instance of singleton bean 'org.springframework.context.annotation.internalCommonAnnotationProcessor'
&amp#27;[30m2023-04-04T21:53:41,669&amp#27;[m &amp#27;[36mDEBUG &amp#27;[m[&amp#27;[1;34mmain&amp#27;[m] &amp#27;[1;33mo.s.b.f.s.DefaultSingletonBeanRegistry&amp#27;[m:  Creating shared instance of singleton bean 'org.springframework.context.annotation.internalPersistenceAnnotationProcessor'
&amp#27;[30m2023-04-04T21:53:41,669&amp#27;[m &amp#27;[36mDEBUG &amp#27;[m[&amp#27;[1;34mmain&amp#27;[m] &amp#27;[1;33mo.s.b.f.s.DefaultSingletonBeanRegistry&amp#27;[m:  Creating shared instance of singleton bean 'org.springframework.boot.test.mock.mockito.MockitoPostProcessor$SpyPostProcessor'
&amp#27;[30m2023-04-04T21:53:41,669&amp#27;[m &amp#27;[36mDEBUG &amp#27;[m[&amp#27;[1;34mmain&amp#27;[m] &amp#27;[1;33mo.s.b.f.s.DefaultSingletonBeanRegistry&amp#27;[m:  Creating shared instance of singleton bean 'org.springframework.boot.context.properties.ConfigurationPropertiesBindingPostProcessor'
&amp#27;[30m2023-04-04T21:53:41,669&amp#27;[m &amp#27;[36mDEBUG &amp#27;[m[&amp#27;[1;34mmain&amp#27;[m] &amp#27;[1;33mo.s.b.f.s.DefaultSingletonBeanRegistry&amp#27;[m:  Creating shared instance of singleton bean 'org.springframework.boot.context.internalConfigurationPropertiesBinder'
&amp#27;[30m2023-04-04T21:53:41,669&amp#27;[m &amp#27;[36mDEBUG &amp#27;[m[&amp#27;[1;34mmain&amp#27;[m] &amp#27;[1;33mo.s.b.f.s.DefaultSingletonBeanRegistry&amp#27;[m:  Creating shared instance of singleton bean 'org.springframework.boot.context.internalConfigurationPropertiesBinderFactory'
&amp#27;[30m2023-04-04T21:53:41,670&amp#27;[m &amp#27;[36mDEBUG &amp#27;[m[&amp#27;[1;34mmain&amp#27;[m] &amp#27;[1;33mo.s.b.f.s.DefaultSingletonBeanRegistry&amp#27;[m:  Creating shared instance of singleton bean 'org.springframework.aop.config.internalAutoProxyCreator'
&amp#27;[30m2023-04-04T21:53:41,684&amp#27;[m &amp#27;[36mDEBUG &amp#27;[m[&amp#27;[1;34mmain&amp#27;[m] &amp#27;[1;33mo.s.b.f.s.DefaultSingletonBeanRegistry&amp#27;[m:  Creating shared instance of singleton bean 'persistenceExceptionTranslationPostProcessor'
&amp#27;[30m2023-04-04T21:53:41,691&amp#27;[m &amp#27;[36mDEBUG &amp#27;[m[&amp#27;[1;34mmain&amp#27;[m] &amp#27;[1;33mo.s.b.f.s.ConstructorResolver&amp#27;[m:  Autowiring by type from bean name 'persistenceExceptionTranslationPostProcessor' via factory method to bean named 'environment'
&amp#27;[30m2023-04-04T21:53:41,700&amp#27;[m &amp#27;[36mDEBUG &amp#27;[m[&amp#27;[1;34mmain&amp#27;[m] &amp#27;[1;33mo.s.b.f.s.DefaultSingletonBeanRegistry&amp#27;[m:  Creating shared instance of singleton bean 'webServerFactoryCustomizerBeanPostProcessor'
&amp#27;[30m2023-04-04T21:53:41,704&amp#27;[m &amp#27;[36mDEBUG &amp#27;[m[&amp#27;[1;34mmain&amp#27;[m] &amp#27;[1;33mo.s.b.f.s.DefaultSingletonBeanRegistry&amp#27;[m:  Creating shared instance of singleton bean 'errorPageRegistrarBeanPostProcessor'
&amp#27;[30m2023-04-04T21:53:41,706&amp#27;[m &amp#27;[36mDEBUG &amp#27;[m[&amp#27;[1;34mmain&amp#27;[m] &amp#27;[1;33mo.s.b.f.s.DefaultSingletonBeanRegistry&amp#27;[m:  Creating shared instance of singleton bean 'hypermediaRepresentionModelProcessorConfigurator'
&amp#27;[30m2023-04-04T21:53:41,707&amp#27;[m &amp#27;[36mDEBUG &amp#27;[m[&amp#27;[1;34mmain&amp#27;[m] &amp#27;[1;33mo.s.b.f.s.DefaultSingletonBeanRegistry&amp#27;[m:  Creating shared instance of singleton bean 'metaDataSourceAdvisor'
&amp#27;[30m2023-04-04T21:53:41,707&amp#27;[m &amp#27;[36mDEBUG &amp#27;[m[&amp#27;[1;34mmain&amp#27;[m] &amp#27;[1;33mo.s.b.f.s.DefaultSingletonBeanRegistry&amp#27;[m:  Creating shared instance of singleton bean 'methodSecurityMetadataSource'
&amp#27;[30m2023-04-04T21:53:41,707&amp#27;[m &amp#27;[36mDEBUG &amp#27;[m[&amp#27;[1;34mmain&amp#27;[m] &amp#27;[1;33mo.s.b.f.s.DefaultSingletonBeanRegistry&amp#27;[m:  Creating shared instance of singleton bean 'org.springframework.security.config.annotation.method.configuration.GlobalMethodSecurityConfiguration'
&amp#27;[30m2023-04-04T21:53:41,707&amp#27;[m &amp#27;[36mDEBUG &amp#27;[m[&amp#27;[1;34mmain&amp#27;[m] &amp#27;[1;33mo.s.b.f.s.DefaultSingletonBeanRegistry&amp#27;[m:  Creating shared instance of singleton bean 'org.springframework.transaction.config.internalTransactionAdvisor'
&amp#27;[30m2023-04-04T21:53:41,707&amp#27;[m &amp#27;[36mDEBUG &amp#27;[m[&amp#27;[1;34mmain&amp#27;[m] &amp#27;[1;33mo.s.b.f.s.DefaultSingletonBeanRegistry&amp#27;[m:  Creating shared instance of singleton bean 'org.springframework.transaction.annotation.ProxyTransactionManagementConfiguration'
&amp#27;[30m2023-04-04T21:53:41,716&amp#27;[m &amp#27;[36mDEBUG &amp#27;[m[&amp#27;[1;34mmain&amp#27;[m] &amp#27;[1;33mo.s.b.f.s.DefaultSingletonBeanRegistry&amp#27;[m:  Creating shared instance of singleton bean 'transactionAttributeSource'
&amp#27;[30m2023-04-04T21:53:41,719&amp#27;[m &amp#27;[36mDEBUG &amp#27;[m[&amp#27;[1;34mmain&amp#27;[m] &amp#27;[1;33mo.s.b.f.s.DefaultSingletonBeanRegistry&amp#27;[m:  Creating shared instance of singleton bean 'transactionInterceptor'
&amp#27;[30m2023-04-04T21:53:41,719&amp#27;[m &amp#27;[36mDEBUG &amp#27;[m[&amp#27;[1;34mmain&amp#27;[m] &amp#27;[1;33mo.s.b.f.s.ConstructorResolver&amp#27;[m:  Autowiring by type from bean name 'transactionInterceptor' via factory method to bean named 'transactionAttributeSource'
&amp#27;[30m2023-04-04T21:53:41,727&amp#27;[m &amp#27;[36mDEBUG &amp#27;[m[&amp#27;[1;34mmain&amp#27;[m] &amp#27;[1;33mo.s.b.f.s.ConstructorResolver&amp#27;[m:  Autowiring by type from bean name 'org.springframework.transaction.config.internalTransactionAdvisor' via factory method to bean named 'transactionAttributeSource'
&amp#27;[30m2023-04-04T21:53:41,727&amp#27;[m &amp#27;[36mDEBUG &amp#27;[m[&amp#27;[1;34mmain&amp#27;[m] &amp#27;[1;33mo.s.b.f.s.ConstructorResolver&amp#27;[m:  Autowiring by type from bean name 'org.springframework.transaction.config.internalTransactionAdvisor' via factory method to bean named 'transactionInterceptor'
&amp#27;[30m2023-04-04T21:53:41,748&amp#27;[m &amp#27;[36mDEBUG &amp#27;[m[&amp#27;[1;34mmain&amp#27;[m] &amp#27;[1;33mo.s.b.f.s.DefaultSingletonBeanRegistry&amp#27;[m:  Creating shared instance of singleton bean 'objectPostProcessor'
&amp#27;[30m2023-04-04T21:53:41,749&amp#27;[m &amp#27;[36mDEBUG &amp#27;[m[&amp#27;[1;34mmain&amp#27;[m] &amp#27;[1;33mo.s.b.f.s.DefaultSingletonBeanRegistry&amp#27;[m:  Creating shared instance of singleton bean 'org.springframework.security.config.annotation.configuration.ObjectPostProcessorConfiguration'
&amp#27;[30m2023-04-04T21:53:41,751&amp#27;[m &amp#27;[36mDEBUG &amp#27;[m[&amp#27;[1;34mmain&amp#27;[m] &amp#27;[1;33mo.s.b.f.s.ConstructorResolver&amp#27;[m:  Autowiring by type from bean name 'objectPostProcessor' via factory method to bean named 'org.springframework.beans.factory.support.DefaultListableBeanFactory@261099e1'
&amp#27;[30m2023-04-04T21:53:41,771&amp#27;[m &amp#27;[36mDEBUG &amp#27;[m[&amp#27;[1;34mmain&amp#27;[m] &amp#27;[1;33mo.s.b.f.s.DefaultSingletonBeanRegistry&amp#27;[m:  Creating shared instance of singleton bean 'hypermediaRestTemplateBeanPostProcessor'
&amp#27;[30m2023-04-04T21:53:41,775&amp#27;[m &amp#27;[36mDEBUG &amp#27;[m[&amp#27;[1;34mmain&amp#27;[m] &amp#27;[1;33mo.s.b.f.s.DefaultSingletonBeanRegistry&amp#27;[m:  Creating shared instance of singleton bean 'projectionDefinitionRegistrar'
&amp#27;[30m2023-04-04T21:53:41,778&amp#27;[m &amp#27;[36mDEBUG &amp#27;[m[&amp#27;[1;34mmain&amp#27;[m] &amp#27;[1;33mo.s.b.f.s.DefaultSingletonBeanRegistry&amp#27;[m:  Creating shared instance of singleton bean 'annotatedEventHandlerInvoker'
&amp#27;[30m2023-04-04T21:53:41,781&amp#27;[m &amp#27;[36mDEBUG &amp#27;[m[&amp#27;[1;34mmain&amp#27;[m] &amp#27;[1;33mo.s.u.c.s.UiApplicationContextUtils&amp#27;[m:  Unable to locate ThemeSource with name 'themeSource': using default [org.springframework.ui.context.support.ResourceBundleThemeSource@3962b216]
&amp#27;[30m2023-04-04T21:53:41,781&amp#27;[m &amp#27;[36mDEBUG &amp#27;[m[&amp#27;[1;34mmain&amp#27;[m] &amp#27;[1;33mo.s.b.f.s.DefaultSingletonBeanRegistry&amp#27;[m:  Creating shared instance of singleton bean 'tomcatServletWebServerFactory'
&amp#27;[30m2023-04-04T21:53:41,781&amp#27;[m &amp#27;[36mDEBUG &amp#27;[m[&amp#27;[1;34mmain&amp#27;[m] &amp#27;[1;33mo.s.b.f.s.DefaultSingletonBeanRegistry&amp#27;[m:  Creating shared instance of singleton bean 'org.springframework.boot.autoconfigure.web.servlet.ServletWebServerFactoryConfiguration$EmbeddedTomcat'
&amp#27;[30m2023-04-04T21:53:41,795&amp#27;[m &amp#27;[36mDEBUG &amp#27;[m[&amp#27;[1;34mmain&amp#27;[m] &amp#27;[1;33mo.s.b.f.s.DefaultSingletonBeanRegistry&amp#27;[m:  Creating shared instance of singleton bean 'websocketServletWebServerCustomizer'
&amp#27;[30m2023-04-04T21:53:41,796&amp#27;[m &amp#27;[36mDEBUG &amp#27;[m[&amp#27;[1;34mmain&amp#27;[m] &amp#27;[1;33mo.s.b.f.s.DefaultSingletonBeanRegistry&amp#27;[m:  Creating shared instance of singleton bean 'org.springframework.boot.autoconfigure.websocket.servlet.WebSocketServletAutoConfiguration$TomcatWebSocketConfiguration'
&amp#27;[30m2023-04-04T21:53:41,804&amp#27;[m &amp#27;[36mDEBUG &amp#27;[m[&amp#27;[1;34mmain&amp#27;[m] &amp#27;[1;33mo.s.b.f.s.DefaultSingletonBeanRegistry&amp#27;[m:  Creating shared instance of singleton bean 'servletWebServerFactoryCustomizer'
&amp#27;[30m2023-04-04T21:53:41,804&amp#27;[m &amp#27;[36mDEBUG &amp#27;[m[&amp#27;[1;34mmain&amp#27;[m] &amp#27;[1;33mo.s.b.f.s.DefaultSingletonBeanRegistry&amp#27;[m:  Creating shared instance of singleton bean 'org.springframework.boot.autoconfigure.web.servlet.ServletWebServerFactoryAutoConfiguration'
&amp#27;[30m2023-04-04T21:53:41,808&amp#27;[m &amp#27;[36mDEBUG &amp#27;[m[&amp#27;[1;34mmain&amp#27;[m] &amp#27;[1;33mo.s.b.f.s.DefaultSingletonBeanRegistry&amp#27;[m:  Creating shared instance of singleton bean 'server-org.springframework.boot.autoconfigure.web.ServerProperties'
&amp#27;[30m2023-04-04T21:53:41,811&amp#27;[m &amp#27;[36mDEBUG &amp#27;[m[&amp#27;[1;34mmain&amp#27;[m] &amp#27;[1;33mo.s.b.f.s.DefaultSingletonBeanRegistry&amp#27;[m:  Creating shared instance of singleton bean 'org.springframework.boot.context.properties.BoundConfigurationProperties'
&amp#27;[30m2023-04-04T21:53:41,813&amp#27;[m &amp#27;[36mDEBUG &amp#27;[m[&amp#27;[1;34mmain&amp#27;[m] &amp#27;[1;33mo.s.b.f.s.DefaultSingletonBeanRegistry&amp#27;[m:  Creating shared instance of singleton bean 'stringOrNumberMigrationVersionConverter'
&amp#27;[30m2023-04-04T21:53:41,814&amp#27;[m &amp#27;[36mDEBUG &amp#27;[m[&amp#27;[1;34mmain&amp#27;[m] &amp#27;[1;33mo.s.b.f.s.DefaultSingletonBeanRegistry&amp#27;[m:  Creating shared instance of singleton bean 'org.springframework.boot.autoconfigure.flyway.FlywayAutoConfiguration'
&amp#27;[30m2023-04-04T21:53:41,826&amp#27;[m &amp#27;[36mDEBUG &amp#27;[m[&amp#27;[1;34mmain&amp#27;[m] &amp#27;[1;33mo.s.b.f.s.ConstructorResolver&amp#27;[m:  Autowiring by type from bean name 'servletWebServerFactoryCustomizer' via factory method to bean named 'server-org.springframework.boot.autoconfigure.web.ServerProperties'
&amp#27;[30m2023-04-04T21:53:41,829&amp#27;[m &amp#27;[36mDEBUG &amp#27;[m[&amp#27;[1;34mmain&amp#27;[m] &amp#27;[1;33mo.s.b.f.s.DefaultSingletonBeanRegistry&amp#27;[m:  Creating shared instance of singleton bean 'tomcatServletWebServerFactoryCustomizer'
&amp#27;[30m2023-04-04T21:53:41,830&amp#27;[m &amp#27;[36mDEBUG &amp#27;[m[&amp#27;[1;34mmain&amp#27;[m] &amp#27;[1;33mo.s.b.f.s.ConstructorResolver&amp#27;[m:  Autowiring by type from bean name 'tomcatServletWebServerFactoryCustomizer' via factory method to bean named 'server-org.springframework.boot.autoconfigure.web.ServerProperties'
&amp#27;[30m2023-04-04T21:53:41,833&amp#27;[m &amp#27;[36mDEBUG &amp#27;[m[&amp#27;[1;34mmain&amp#27;[m] &amp#27;[1;33mo.s.b.f.s.DefaultSingletonBeanRegistry&amp#27;[m:  Creating shared instance of singleton bean 'tomcatWebServerFactoryCustomizer'
&amp#27;[30m2023-04-04T21:53:41,833&amp#27;[m &amp#27;[36mDEBUG &amp#27;[m[&amp#27;[1;34mmain&amp#27;[m] &amp#27;[1;33mo.s.b.f.s.DefaultSingletonBeanRegistry&amp#27;[m:  Creating shared instance of singleton bean 'org.springframework.boot.autoconfigure.web.embedded.EmbeddedWebServerFactoryCustomizerAutoConfiguration$TomcatWebServerFactoryCustomizerConfiguration'
&amp#27;[30m2023-04-04T21:53:41,835&amp#27;[m &amp#27;[36mDEBUG &amp#27;[m[&amp#27;[1;34mmain&amp#27;[m] &amp#27;[1;33mo.s.b.f.s.ConstructorResolver&amp#27;[m:  Autowiring by type from bean name 'tomcatWebServerFactoryCustomizer' via factory method to bean named 'environment'
&amp#27;[30m2023-04-04T21:53:41,835&amp#27;[m &amp#27;[36mDEBUG &amp#27;[m[&amp#27;[1;34mmain&amp#27;[m] &amp#27;[1;33mo.s.b.f.s.ConstructorResolver&amp#27;[m:  Autowiring by type from bean name 'tomcatWebServerFactoryCustomizer' via factory method to bean named 'server-org.springframework.boot.autoconfigure.web.ServerProperties'
&amp#27;[30m2023-04-04T21:53:41,839&amp#27;[m &amp#27;[36mDEBUG &amp#27;[m[&amp#27;[1;34mmain&amp#27;[m] &amp#27;[1;33mo.s.b.f.s.DefaultSingletonBeanRegistry&amp#27;[m:  Creating shared instance of singleton bean 'localeCharsetMappingsCustomizer'
&amp#27;[30m2023-04-04T21:53:41,840&amp#27;[m &amp#27;[36mDEBUG &amp#27;[m[&amp#27;[1;34mmain&amp#27;[m] &amp#27;[1;33mo.s.b.f.s.DefaultSingletonBeanRegistry&amp#27;[m:  Creating shared instance of singleton bean 'org.springframework.boot.autoconfigure.web.servlet.HttpEncodingAutoConfiguration'
&amp#27;[30m2023-04-04T21:53:41,841&amp#27;[m &amp#27;[36mDEBUG &amp#27;[m[&amp#27;[1;34mmain&amp#27;[m] &amp#27;[1;33mo.s.b.f.s.ConstructorResolver&amp#27;[m:  Autowiring by type from bean name 'org.springframework.boot.autoconfigure.web.servlet.HttpEncodingAutoConfiguration' via constructor to bean named 'server-org.springframework.boot.autoconfigure.web.ServerProperties'
&amp#27;[30m2023-04-04T21:53:41,851&amp#27;[m &amp#27;[36mDEBUG &amp#27;[m[&amp#27;[1;34mmain&amp#27;[m] &amp#27;[1;33mo.s.b.f.s.DefaultSingletonBeanRegistry&amp#27;[m:  Creating shared instance of singleton bean 'errorPageCustomizer'
&amp#27;[30m2023-04-04T21:53:41,851&amp#27;[m &amp#27;[36mDEBUG &amp#27;[m[&amp#27;[1;34mmain&amp#27;[m] &amp#27;[1;33mo.s.b.f.s.DefaultSingletonBeanRegistry&amp#27;[m:  Creating shared instance of singleton bean 'org.springframework.boot.autoconfigure.web.servlet.error.ErrorMvcAutoConfiguration'
&amp#27;[30m2023-04-04T21:53:41,852&amp#27;[m &amp#27;[36mDEBUG &amp#27;[m[&amp#27;[1;34mmain&amp#27;[m] &amp#27;[1;33mo.s.b.f.s.ConstructorResolver&amp#27;[m:  Autowiring by type from bean name 'org.springframework.boot.autoconfigure.web.servlet.error.ErrorMvcAutoConfiguration' via constructor to bean named 'server-org.springframework.boot.autoconfigure.web.ServerProperties'
&amp#27;[30m2023-04-04T21:53:41,854&amp#27;[m &amp#27;[36mDEBUG &amp#27;[m[&amp#27;[1;34mmain&amp#27;[m] &amp#27;[1;33mo.s.b.f.s.DefaultSingletonBeanRegistry&amp#27;[m:  Creating shared instance of singleton bean 'dispatcherServletRegistration'
&amp#27;[30m2023-04-04T21:53:41,854&amp#27;[m &amp#27;[36mDEBUG &amp#27;[m[&amp#27;[1;34mmain&amp#27;[m] &amp#27;[1;33mo.s.b.f.s.DefaultSingletonBeanRegistry&amp#27;[m:  Creating shared instance of singleton bean 'org.springframework.boot.autoconfigure.web.servlet.DispatcherServletAutoConfiguration$DispatcherServletRegistrationConfiguration'
&amp#27;[30m2023-04-04T21:53:41,856&amp#27;[m &amp#27;[36mDEBUG &amp#27;[m[&amp#27;[1;34mmain&amp#27;[m] &amp#27;[1;33mo.s.b.f.s.DefaultSingletonBeanRegistry&amp#27;[m:  Creating shared instance of singleton bean 'dispatcherServlet'
&amp#27;[30m2023-04-04T21:53:41,856&amp#27;[m &amp#27;[36mDEBUG &amp#27;[m[&amp#27;[1;34mmain&amp#27;[m] &amp#27;[1;33mo.s.b.f.s.DefaultSingletonBeanRegistry&amp#27;[m:  Creating shared instance of singleton bean 'org.springframework.boot.autoconfigure.web.servlet.DispatcherServletAutoConfiguration$DispatcherServletConfiguration'
&amp#27;[30m2023-04-04T21:53:41,858&amp#27;[m &amp#27;[36mDEBUG &amp#27;[m[&amp#27;[1;34mmain&amp#27;[m] &amp#27;[1;33mo.s.b.f.s.DefaultSingletonBeanRegistry&amp#27;[m:  Creating shared instance of singleton bean 'spring.mvc-org.springframework.boot.autoconfigure.web.servlet.WebMvcProperties'
&amp#27;[30m2023-04-04T21:53:41,864&amp#27;[m &amp#27;[36mDEBUG &amp#27;[m[&amp#27;[1;34mmain&amp#27;[m] &amp#27;[1;33mo.s.b.f.s.ConstructorResolver&amp#27;[m:  Autowiring by type from bean name 'dispatcherServlet' via factory method to bean named 'spring.mvc-org.springframework.boot.autoconfigure.web.servlet.WebMvcProperties'
&amp#27;[30m2023-04-04T21:53:41,875&amp#27;[m &amp#27;[36mDEBUG &amp#27;[m[&amp#27;[1;34mmain&amp#27;[m] &amp#27;[1;33mo.s.b.f.s.ConstructorResolver&amp#27;[m:  Autowiring by type from bean name 'dispatcherServletRegistration' via factory method to bean named 'dispatcherServlet'
&amp#27;[30m2023-04-04T21:53:41,875&amp#27;[m &amp#27;[36mDEBUG &amp#27;[m[&amp#27;[1;34mmain&amp#27;[m] &amp#27;[1;33mo.s.b.f.s.ConstructorResolver&amp#27;[m:  Autowiring by type from bean name 'dispatcherServletRegistration' via factory method to bean named 'spring.mvc-org.springframework.boot.autoconfigure.web.servlet.WebMvcProperties'
&amp#27;[30m2023-04-04T21:53:41,875&amp#27;[m &amp#27;[36mDEBUG &amp#27;[m[&amp#27;[1;34mmain&amp#27;[m] &amp#27;[1;33mo.s.b.f.s.DefaultSingletonBeanRegistry&amp#27;[m:  Creating shared instance of singleton bean 'multipartConfigElement'
&amp#27;[30m2023-04-04T21:53:41,876&amp#27;[m &amp#27;[36mDEBUG &amp#27;[m[&amp#27;[1;34mmain&amp#27;[m] &amp#27;[1;33mo.s.b.f.s.DefaultSingletonBeanRegistry&amp#27;[m:  Creating shared instance of singleton bean 'org.springframework.boot.autoconfigure.web.servlet.MultipartAutoConfiguration'
&amp#27;[30m2023-04-04T21:53:41,877&amp#27;[m &amp#27;[36mDEBUG &amp#27;[m[&amp#27;[1;34mmain&amp#27;[m] &amp#27;[1;33mo.s.b.f.s.DefaultSingletonBeanRegistry&amp#27;[m:  Creating shared instance of singleton bean 'spring.servlet.multipart-org.springframework.boot.autoconfigure.web.servlet.MultipartProperties'
&amp#27;[30m2023-04-04T21:53:41,879&amp#27;[m &amp#27;[36mDEBUG &amp#27;[m[&amp#27;[1;34mmain&amp#27;[m] &amp#27;[1;33mo.s.b.f.s.ConstructorResolver&amp#27;[m:  Autowiring by type from bean name 'org.springframework.boot.autoconfigure.web.servlet.MultipartAutoConfiguration' via constructor to bean named 'spring.servlet.multipart-org.springframework.boot.autoconfigure.web.servlet.MultipartProperties'
&amp#27;[30m2023-04-04T21:53:41,886&amp#27;[m &amp#27;[36mDEBUG &amp#27;[m[&amp#27;[1;34mmain&amp#27;[m] &amp#27;[1;33mo.s.b.f.s.ConstructorResolver&amp#27;[m:  Autowiring by type from bean name 'errorPageCustomizer' via factory method to bean named 'dispatcherServletRegistration'
&amp#27;[30m2023-04-04T21:53:41,894&amp#27;[m &amp#27;[36mDEBUG &amp#27;[m[&amp#27;[1;34mmain&amp#27;[m] &amp#27;[1;33mo.s.b.w.s.s.DocumentRoot&amp#27;[m:  Code archive: /Users/josephlpz/.m2/repository/org/springframework/boot/spring-boot/2.7.2/spring-boot-2.7.2.jar
&amp#27;[30m2023-04-04T21:53:41,894&amp#27;[m &amp#27;[36mDEBUG &amp#27;[m[&amp#27;[1;34mmain&amp#27;[m] &amp#27;[1;33mo.s.b.w.s.s.DocumentRoot&amp#27;[m:  Code archive: /Users/josephlpz/.m2/repository/org/springframework/boot/spring-boot/2.7.2/spring-boot-2.7.2.jar
&amp#27;[30m2023-04-04T21:53:41,894&amp#27;[m &amp#27;[36mDEBUG &amp#27;[m[&amp#27;[1;34mmain&amp#27;[m] &amp#27;[1;33mo.s.b.w.s.s.DocumentRoot&amp#27;[m:  None of the document roots [src/main/webapp, public, static] point to a directory and will be ignored.
&amp#27;[30m2023-04-04T21:53:41,896&amp#27;[m &amp#27;[32mINFO  &amp#27;[m[&amp#27;[1;34mmain&amp#27;[m] &amp#27;[1;33mo.s.b.w.e.t.TomcatWebServer&amp#27;[m:  Tomcat initialized with port(s): 0 (http)
&amp#27;[30m2023-04-04T21:53:41,921&amp#27;[m &amp#27;[36mDEBUG &amp#27;[m[&amp#27;[1;34mmain&amp#27;[m] &amp#27;[1;33mo.s.b.w.s.c.ServletWebServerApplicationContext&amp#27;[m:  Published root WebApplicationContext as ServletContext attribute with name [org.springframework.web.context.WebApplicationContext.ROOT]
&amp#27;[30m2023-04-04T21:53:41,921&amp#27;[m &amp#27;[32mINFO  &amp#27;[m[&amp#27;[1;34mmain&amp#27;[m] &amp#27;[1;33mo.s.b.w.s.c.ServletWebServerApplicationContext&amp#27;[m:  Root WebApplicationContext: initialization completed in 617 ms
&amp#27;[30m2023-04-04T21:53:41,921&amp#27;[m &amp#27;[36mDEBUG &amp#27;[m[&amp#27;[1;34mmain&amp#27;[m] &amp#27;[1;33mo.s.b.f.s.DefaultSingletonBeanRegistry&amp#27;[m:  Creating shared instance of singleton bean 'h2Console'
&amp#27;[30m2023-04-04T21:53:41,922&amp#27;[m &amp#27;[36mDEBUG &amp#27;[m[&amp#27;[1;34mmain&amp#27;[m] &amp#27;[1;33mo.s.b.f.s.DefaultSingletonBeanRegistry&amp#27;[m:  Creating shared instance of singleton bean 'org.springframework.boot.autoconfigure.h2.H2ConsoleAutoConfiguration'
&amp#27;[30m2023-04-04T21:53:41,924&amp#27;[m &amp#27;[36mDEBUG &amp#27;[m[&amp#27;[1;34mmain&amp#27;[m] &amp#27;[1;33mo.s.b.f.s.DefaultSingletonBeanRegistry&amp#27;[m:  Creating shared instance of singleton bean 'spring.h2.console-org.springframework.boot.autoconfigure.h2.H2ConsoleProperties'
&amp#27;[30m2023-04-04T21:53:41,928&amp#27;[m &amp#27;[36mDEBUG &amp#27;[m[&amp#27;[1;34mmain&amp#27;[m] &amp#27;[1;33mo.s.b.f.s.ConstructorResolver&amp#27;[m:  Autowiring by type from bean name 'h2Console' via factory method to bean named 'spring.h2.console-org.springframework.boot.autoconfigure.h2.H2ConsoleProperties'
&amp#27;[30m2023-04-04T21:53:41,929&amp#27;[m &amp#27;[36mDEBUG &amp#27;[m[&amp#27;[1;34mmain&amp#27;[m] &amp#27;[1;33mo.s.b.f.s.DefaultSingletonBeanRegistry&amp#27;[m:  Creating shared instance of singleton bean 'dataSource'
&amp#27;[30m2023-04-04T21:53:41,929&amp#27;[m &amp#27;[36mDEBUG &amp#27;[m[&amp#27;[1;34mmain&amp#27;[m] &amp#27;[1;33mo.s.b.f.s.DefaultSingletonBeanRegistry&amp#27;[m:  Creating shared instance of singleton bean 'org.springframework.boot.autoconfigure.jdbc.DataSourceConfiguration$Hikari'
&amp#27;[30m2023-04-04T21:53:41,931&amp#27;[m &amp#27;[36mDEBUG &amp#27;[m[&amp#27;[1;34mmain&amp#27;[m] &amp#27;[1;33mo.s.b.f.s.DefaultSingletonBeanRegistry&amp#27;[m:  Creating shared instance of singleton bean 'spring.datasource-org.springframework.boot.autoconfigure.jdbc.DataSourceProperties'
&amp#27;[30m2023-04-04T21:53:41,938&amp#27;[m &amp#27;[36mDEBUG &amp#27;[m[&amp#27;[1;34mmain&amp#27;[m] &amp#27;[1;33mo.s.b.f.s.ConstructorResolver&amp#27;[m:  Autowiring by type from bean name 'dataSource' via factory method to bean named 'spring.datasource-org.springframework.boot.autoconfigure.jdbc.DataSourceProperties'
&amp#27;[30m2023-04-04T21:53:41,938&amp#27;[m &amp#27;[36mDEBUG &amp#27;[m[&amp#27;[1;34mmain&amp#27;[m] &amp#27;[1;33mc.z.h.HikariConfig&amp#27;[m:  Driver class org.postgresql.Driver found in Thread context class loader TomcatEmbeddedWebappClassLoader
  context: ROOT
  delegate: true
----------> Parent Classloader:
jdk.internal.loader.ClassLoaders$AppClassLoader@55054057

&amp#27;[30m2023-04-04T21:53:41,948&amp#27;[m &amp#27;[36mDEBUG &amp#27;[m[&amp#27;[1;34mmain&amp#27;[m] &amp#27;[1;33mc.z.h.HikariConfig&amp#27;[m:  HikariPool-3 - configuration:
&amp#27;[30m2023-04-04T21:53:41,949&amp#27;[m &amp#27;[36mDEBUG &amp#27;[m[&amp#27;[1;34mmain&amp#27;[m] &amp#27;[1;33mc.z.h.HikariConfig&amp#27;[m:  allowPoolSuspension................................false
&amp#27;[30m2023-04-04T21:53:41,949&amp#27;[m &amp#27;[36mDEBUG &amp#27;[m[&amp#27;[1;34mmain&amp#27;[m] &amp#27;[1;33mc.z.h.HikariConfig&amp#27;[m:  autoCommit................................true
&amp#27;[30m2023-04-04T21:53:41,949&amp#27;[m &amp#27;[36mDEBUG &amp#27;[m[&amp#27;[1;34mmain&amp#27;[m] &amp#27;[1;33mc.z.h.HikariConfig&amp#27;[m:  catalog................................none
&amp#27;[30m2023-04-04T21:53:41,949&amp#27;[m &amp#27;[36mDEBUG &amp#27;[m[&amp#27;[1;34mmain&amp#27;[m] &amp#27;[1;33mc.z.h.HikariConfig&amp#27;[m:  connectionInitSql................................none
&amp#27;[30m2023-04-04T21:53:41,949&amp#27;[m &amp#27;[36mDEBUG &amp#27;[m[&amp#27;[1;34mmain&amp#27;[m] &amp#27;[1;33mc.z.h.HikariConfig&amp#27;[m:  connectionTestQuery................................none
&amp#27;[30m2023-04-04T21:53:41,949&amp#27;[m &amp#27;[36mDEBUG &amp#27;[m[&amp#27;[1;34mmain&amp#27;[m] &amp#27;[1;33mc.z.h.HikariConfig&amp#27;[m:  connectionTimeout................................30000
&amp#27;[30m2023-04-04T21:53:41,949&amp#27;[m &amp#27;[36mDEBUG &amp#27;[m[&amp#27;[1;34mmain&amp#27;[m] &amp#27;[1;33mc.z.h.HikariConfig&amp#27;[m:  dataSource................................none
&amp#27;[30m2023-04-04T21:53:41,949&amp#27;[m &amp#27;[36mDEBUG &amp#27;[m[&amp#27;[1;34mmain&amp#27;[m] &amp#27;[1;33mc.z.h.HikariConfig&amp#27;[m:  dataSourceClassName................................none
&amp#27;[30m2023-04-04T21:53:41,949&amp#27;[m &amp#27;[36mDEBUG &amp#27;[m[&amp#27;[1;34mmain&amp#27;[m] &amp#27;[1;33mc.z.h.HikariConfig&amp#27;[m:  dataSourceJNDI................................none
&amp#27;[30m2023-04-04T21:53:41,949&amp#27;[m &amp#27;[36mDEBUG &amp#27;[m[&amp#27;[1;34mmain&amp#27;[m] &amp#27;[1;33mc.z.h.HikariConfig&amp#27;[m:  dataSourceProperties................................{password=<masked>}
&amp#27;[30m2023-04-04T21:53:41,950&amp#27;[m &amp#27;[36mDEBUG &amp#27;[m[&amp#27;[1;34mmain&amp#27;[m] &amp#27;[1;33mc.z.h.HikariConfig&amp#27;[m:  driverClassName................................"org.postgresql.Driver"
&amp#27;[30m2023-04-04T21:53:41,950&amp#27;[m &amp#27;[36mDEBUG &amp#27;[m[&amp#27;[1;34mmain&amp#27;[m] &amp#27;[1;33mc.z.h.HikariConfig&amp#27;[m:  exceptionOverrideClassName................................none
&amp#27;[30m2023-04-04T21:53:41,950&amp#27;[m &amp#27;[36mDEBUG &amp#27;[m[&amp#27;[1;34mmain&amp#27;[m] &amp#27;[1;33mc.z.h.HikariConfig&amp#27;[m:  healthCheckProperties................................{}
&amp#27;[30m2023-04-04T21:53:41,950&amp#27;[m &amp#27;[36mDEBUG &amp#27;[m[&amp#27;[1;34mmain&amp#27;[m] &amp#27;[1;33mc.z.h.HikariConfig&amp#27;[m:  healthCheckRegistry................................none
&amp#27;[30m2023-04-04T21:53:41,950&amp#27;[m &amp#27;[36mDEBUG &amp#27;[m[&amp#27;[1;34mmain&amp#27;[m] &amp#27;[1;33mc.z.h.HikariConfig&amp#27;[m:  idleTimeout................................600000
&amp#27;[30m2023-04-04T21:53:41,950&amp#27;[m &amp#27;[36mDEBUG &amp#27;[m[&amp#27;[1;34mmain&amp#27;[m] &amp#27;[1;33mc.z.h.HikariConfig&amp#27;[m:  initializationFailTimeout................................1
&amp#27;[30m2023-04-04T21:53:41,950&amp#27;[m &amp#27;[36mDEBUG &amp#27;[m[&amp#27;[1;34mmain&amp#27;[m] &amp#27;[1;33mc.z.h.HikariConfig&amp#27;[m:  isolateInternalQueries................................false
&amp#27;[30m2023-04-04T21:53:41,950&amp#27;[m &amp#27;[36mDEBUG &amp#27;[m[&amp#27;[1;34mmain&amp#27;[m] &amp#27;[1;33mc.z.h.HikariConfig&amp#27;[m:  jdbcUrl................................jdbc:postgresql://localhost:55013/test-db?loggerLevel=OFF?nullNamePatternMatchesAll=true&useSSL=false&useUnicode=yes&characterEncoding=UTF-8
&amp#27;[30m2023-04-04T21:53:41,950&amp#27;[m &amp#27;[36mDEBUG &amp#27;[m[&amp#27;[1;34mmain&amp#27;[m] &amp#27;[1;33mc.z.h.HikariConfig&amp#27;[m:  keepaliveTime................................0
&amp#27;[30m2023-04-04T21:53:41,950&amp#27;[m &amp#27;[36mDEBUG &amp#27;[m[&amp#27;[1;34mmain&amp#27;[m] &amp#27;[1;33mc.z.h.HikariConfig&amp#27;[m:  leakDetectionThreshold................................0
&amp#27;[30m2023-04-04T21:53:41,950&amp#27;[m &amp#27;[36mDEBUG &amp#27;[m[&amp#27;[1;34mmain&amp#27;[m] &amp#27;[1;33mc.z.h.HikariConfig&amp#27;[m:  maxLifetime................................1800000
&amp#27;[30m2023-04-04T21:53:41,950&amp#27;[m &amp#27;[36mDEBUG &amp#27;[m[&amp#27;[1;34mmain&amp#27;[m] &amp#27;[1;33mc.z.h.HikariConfig&amp#27;[m:  maximumPoolSize................................10
&amp#27;[30m2023-04-04T21:53:41,950&amp#27;[m &amp#27;[36mDEBUG &amp#27;[m[&amp#27;[1;34mmain&amp#27;[m] &amp#27;[1;33mc.z.h.HikariConfig&amp#27;[m:  metricRegistry................................none
&amp#27;[30m2023-04-04T21:53:41,950&amp#27;[m &amp#27;[36mDEBUG &amp#27;[m[&amp#27;[1;34mmain&amp#27;[m] &amp#27;[1;33mc.z.h.HikariConfig&amp#27;[m:  metricsTrackerFactory................................none
&amp#27;[30m2023-04-04T21:53:41,951&amp#27;[m &amp#27;[36mDEBUG &amp#27;[m[&amp#27;[1;34mmain&amp#27;[m] &amp#27;[1;33mc.z.h.HikariConfig&amp#27;[m:  minimumIdle................................10
&amp#27;[30m2023-04-04T21:53:41,951&amp#27;[m &amp#27;[36mDEBUG &amp#27;[m[&amp#27;[1;34mmain&amp#27;[m] &amp#27;[1;33mc.z.h.HikariConfig&amp#27;[m:  password................................<masked>
&amp#27;[30m2023-04-04T21:53:41,951&amp#27;[m &amp#27;[36mDEBUG &amp#27;[m[&amp#27;[1;34mmain&amp#27;[m] &amp#27;[1;33mc.z.h.HikariConfig&amp#27;[m:  poolName................................"HikariPool-3"
&amp#27;[30m2023-04-04T21:53:41,951&amp#27;[m &amp#27;[36mDEBUG &amp#27;[m[&amp#27;[1;34mmain&amp#27;[m] &amp#27;[1;33mc.z.h.HikariConfig&amp#27;[m:  readOnly................................false
&amp#27;[30m2023-04-04T21:53:41,951&amp#27;[m &amp#27;[36mDEBUG &amp#27;[m[&amp#27;[1;34mmain&amp#27;[m] &amp#27;[1;33mc.z.h.HikariConfig&amp#27;[m:  registerMbeans................................false
&amp#27;[30m2023-04-04T21:53:41,951&amp#27;[m &amp#27;[36mDEBUG &amp#27;[m[&amp#27;[1;34mmain&amp#27;[m] &amp#27;[1;33mc.z.h.HikariConfig&amp#27;[m:  scheduledExecutor................................none
&amp#27;[30m2023-04-04T21:53:41,951&amp#27;[m &amp#27;[36mDEBUG &amp#27;[m[&amp#27;[1;34mmain&amp#27;[m] &amp#27;[1;33mc.z.h.HikariConfig&amp#27;[m:  schema................................none
&amp#27;[30m2023-04-04T21:53:41,951&amp#27;[m &amp#27;[36mDEBUG &amp#27;[m[&amp#27;[1;34mmain&amp#27;[m] &amp#27;[1;33mc.z.h.HikariConfig&amp#27;[m:  threadFactory................................internal
&amp#27;[30m2023-04-04T21:53:41,951&amp#27;[m &amp#27;[36mDEBUG &amp#27;[m[&amp#27;[1;34mmain&amp#27;[m] &amp#27;[1;33mc.z.h.HikariConfig&amp#27;[m:  transactionIsolation................................default
&amp#27;[30m2023-04-04T21:53:41,951&amp#27;[m &amp#27;[36mDEBUG &amp#27;[m[&amp#27;[1;34mmain&amp#27;[m] &amp#27;[1;33mc.z.h.HikariConfig&amp#27;[m:  username................................"it"
&amp#27;[30m2023-04-04T21:53:41,951&amp#27;[m &amp#27;[36mDEBUG &amp#27;[m[&amp#27;[1;34mmain&amp#27;[m] &amp#27;[1;33mc.z.h.HikariConfig&amp#27;[m:  validationTimeout................................5000
&amp#27;[30m2023-04-04T21:53:41,951&amp#27;[m &amp#27;[32mINFO  &amp#27;[m[&amp#27;[1;34mmain&amp#27;[m] &amp#27;[1;33mc.z.h.HikariDataSource&amp#27;[m:  HikariPool-3 - Starting...
&amp#27;[30m2023-04-04T21:53:41,981&amp#27;[m &amp#27;[36mDEBUG &amp#27;[m[&amp#27;[1;34mmain&amp#27;[m] &amp#27;[1;33mc.z.h.p.HikariPool&amp#27;[m:  HikariPool-3 - Added connection org.postgresql.jdbc.PgConnection@5cb6b81b
&amp#27;[30m2023-04-04T21:53:41,981&amp#27;[m &amp#27;[32mINFO  &amp#27;[m[&amp#27;[1;34mmain&amp#27;[m] &amp#27;[1;33mc.z.h.HikariDataSource&amp#27;[m:  HikariPool-3 - Start completed.
&amp#27;[30m2023-04-04T21:53:41,981&amp#27;[m &amp#27;[32mINFO  &amp#27;[m[&amp#27;[1;34mmain&amp#27;[m] &amp#27;[1;33mo.s.b.a.h.H2ConsoleAutoConfiguration&amp#27;[m:  H2 console available at '/h2-ui'. Database available at 'jdbc:postgresql://localhost:55013/test-db?loggerLevel=OFF?nullNamePatternMatchesAll=true&useSSL=false&useUnicode=yes&characterEncoding=UTF-8'
&amp#27;[30m2023-04-04T21:53:41,991&amp#27;[m &amp#27;[36mDEBUG &amp#27;[m[&amp#27;[1;34mmain&amp#27;[m] &amp#27;[1;33mo.s.b.f.s.DefaultSingletonBeanRegistry&amp#27;[m:  Creating shared instance of singleton bean 'errorPageSecurityFilter'
&amp#27;[30m2023-04-04T21:53:41,991&amp#27;[m &amp#27;[36mDEBUG &amp#27;[m[&amp#27;[1;34mmain&amp#27;[m] &amp#27;[1;33mo.s.b.f.s.DefaultSingletonBeanRegistry&amp#27;[m:  Creating shared instance of singleton bean 'org.springframework.boot.autoconfigure.security.servlet.SpringBootWebSecurityConfiguration$ErrorPageSecurityFilterConfiguration'
&amp#27;[30m2023-04-04T21:53:41,994&amp#27;[m &amp#27;[36mDEBUG &amp#27;[m[&amp#27;[1;34mmain&amp#27;[m] &amp#27;[1;33mo.s.b.f.s.ConstructorResolver&amp#27;[m:  Autowiring by type from bean name 'errorPageSecurityFilter' via factory method to bean named 'org.springframework.boot.web.servlet.context.AnnotationConfigServletWebServerApplicationContext@391e2a'
&amp#27;[30m2023-04-04T21:53:42,003&amp#27;[m &amp#27;[36mDEBUG &amp#27;[m[&amp#27;[1;34mmain&amp#27;[m] &amp#27;[1;33mo.s.b.f.s.DefaultSingletonBeanRegistry&amp#27;[m:  Creating shared instance of singleton bean 'securityFilterChainRegistration'
&amp#27;[30m2023-04-04T21:53:42,003&amp#27;[m &amp#27;[36mDEBUG &amp#27;[m[&amp#27;[1;34mmain&amp#27;[m] &amp#27;[1;33mo.s.b.f.s.DefaultSingletonBeanRegistry&amp#27;[m:  Creating shared instance of singleton bean 'org.springframework.boot.autoconfigure.security.servlet.SecurityFilterAutoConfiguration'
&amp#27;[30m2023-04-04T21:53:42,006&amp#27;[m &amp#27;[36mDEBUG &amp#27;[m[&amp#27;[1;34mmain&amp#27;[m] &amp#27;[1;33mo.s.b.f.s.DefaultSingletonBeanRegistry&amp#27;[m:  Creating shared instance of singleton bean 'spring.security-org.springframework.boot.autoconfigure.security.SecurityProperties'
&amp#27;[30m2023-04-04T21:53:42,009&amp#27;[m &amp#27;[36mDEBUG &amp#27;[m[&amp#27;[1;34mmain&amp#27;[m] &amp#27;[1;33mo.s.b.f.s.ConstructorResolver&amp#27;[m:  Autowiring by type from bean name 'securityFilterChainRegistration' via factory method to bean named 'spring.security-org.springframework.boot.autoconfigure.security.SecurityProperties'
&amp#27;[30m2023-04-04T21:53:42,019&amp#27;[m &amp#27;[36mDEBUG &amp#27;[m[&amp#27;[1;34mmain&amp#27;[m] &amp#27;[1;33mo.s.b.f.s.DefaultSingletonBeanRegistry&amp#27;[m:  Creating shared instance of singleton bean 'jwtRequestFilter'
&amp#27;[30m2023-04-04T21:53:42,034&amp#27;[m &amp#27;[36mDEBUG &amp#27;[m[&amp#27;[1;34mmain&amp#27;[m] &amp#27;[1;33mo.s.b.f.s.DefaultSingletonBeanRegistry&amp#27;[m:  Creating shared instance of singleton bean 'tokenService'
&amp#27;[30m2023-04-04T21:53:42,038&amp#27;[m &amp#27;[36mDEBUG &amp#27;[m[&amp#27;[1;34mmain&amp#27;[m] &amp#27;[1;33mo.s.b.f.s.DefaultSingletonBeanRegistry&amp#27;[m:  Creating shared instance of singleton bean 'tokenRepository'
&amp#27;[30m2023-04-04T21:53:42,078&amp#27;[m &amp#27;[36mDEBUG &amp#27;[m[&amp#27;[1;34mmain&amp#27;[m] &amp#27;[1;33mo.s.b.f.s.DefaultSingletonBeanRegistry&amp#27;[m:  Creating shared instance of singleton bean 'flyway'
&amp#27;[30m2023-04-04T21:53:42,079&amp#27;[m &amp#27;[36mDEBUG &amp#27;[m[&amp#27;[1;34mmain&amp#27;[m] &amp#27;[1;33mo.s.b.f.s.DefaultSingletonBeanRegistry&amp#27;[m:  Creating shared instance of singleton bean 'org.springframework.boot.autoconfigure.flyway.FlywayAutoConfiguration$FlywayConfiguration'
&amp#27;[30m2023-04-04T21:53:42,087&amp#27;[m &amp#27;[36mDEBUG &amp#27;[m[&amp#27;[1;34mHikariPool-3 housekeeper&amp#27;[m] &amp#27;[1;33mc.z.h.p.HikariPool&amp#27;[m:  HikariPool-3 - Pool stats (total=1, active=0, idle=1, waiting=0)
&amp#27;[30m2023-04-04T21:53:42,088&amp#27;[m &amp#27;[36mDEBUG &amp#27;[m[&amp#27;[1;34mmain&amp#27;[m] &amp#27;[1;33mo.s.b.f.s.DefaultSingletonBeanRegistry&amp#27;[m:  Creating shared instance of singleton bean 'spring.flyway-org.springframework.boot.autoconfigure.flyway.FlywayProperties'
&amp#27;[30m2023-04-04T21:53:42,101&amp#27;[m &amp#27;[36mDEBUG &amp#27;[m[&amp#27;[1;34mmain&amp#27;[m] &amp#27;[1;33mo.s.b.f.s.ConstructorResolver&amp#27;[m:  Autowiring by type from bean name 'flyway' via factory method to bean named 'spring.flyway-org.springframework.boot.autoconfigure.flyway.FlywayProperties'
&amp#27;[30m2023-04-04T21:53:42,102&amp#27;[m &amp#27;[36mDEBUG &amp#27;[m[&amp#27;[1;34mmain&amp#27;[m] &amp#27;[1;33mo.s.b.f.s.ConstructorResolver&amp#27;[m:  Autowiring by type from bean name 'flyway' via factory method to bean named 'org.springframework.boot.web.servlet.context.AnnotationConfigServletWebServerApplicationContext@391e2a'
&amp#27;[30m2023-04-04T21:53:42,110&amp#27;[m &amp#27;[36mDEBUG &amp#27;[m[&amp#27;[1;34mmain&amp#27;[m] &amp#27;[1;33mo.s.b.f.s.DefaultSingletonBeanRegistry&amp#27;[m:  Creating shared instance of singleton bean 'flywayInitializer'
&amp#27;[30m2023-04-04T21:53:42,110&amp#27;[m &amp#27;[36mDEBUG &amp#27;[m[&amp#27;[1;34mmain&amp#27;[m] &amp#27;[1;33mo.s.b.f.s.ConstructorResolver&amp#27;[m:  Autowiring by type from bean name 'flywayInitializer' via factory method to bean named 'flyway'
&amp#27;[30m2023-04-04T21:53:42,110&amp#27;[m &amp#27;[36mDEBUG &amp#27;[m[&amp#27;[1;34mHikariPool-3 connection adder&amp#27;[m] &amp#27;[1;33mc.z.h.p.HikariPool$PoolEntryCreator&amp#27;[m:  HikariPool-3 - Added connection org.postgresql.jdbc.PgConnection@6c57e018
&amp#27;[30m2023-04-04T21:53:42,114&amp#27;[m &amp#27;[36mDEBUG &amp#27;[m[&amp#27;[1;34mmain&amp#27;[m] &amp#27;[1;33mo.f.c.i.l.s.Slf4jLog&amp#27;[m:  Scanning for classpath resources at 'classpath:db/migration' ...
&amp#27;[30m2023-04-04T21:53:42,114&amp#27;[m &amp#27;[36mDEBUG &amp#27;[m[&amp#27;[1;34mmain&amp#27;[m] &amp#27;[1;33mo.f.c.i.l.s.Slf4jLog&amp#27;[m:  Determining location urls for classpath:db/migration using ClassLoader TomcatEmbeddedWebappClassLoader
  context: ROOT
  delegate: true
----------> Parent Classloader:
jdk.internal.loader.ClassLoaders$AppClassLoader@55054057
 ...
&amp#27;[30m2023-04-04T21:53:42,115&amp#27;[m &amp#27;[36mDEBUG &amp#27;[m[&amp#27;[1;34mmain&amp#27;[m] &amp#27;[1;33mo.f.c.i.l.s.Slf4jLog&amp#27;[m:  Scanning URL: file:/Users/josephlpz/Documents/JustWork/JustWork-server/target/classes/db/migration
&amp#27;[30m2023-04-04T21:53:42,115&amp#27;[m &amp#27;[36mDEBUG &amp#27;[m[&amp#27;[1;34mmain&amp#27;[m] &amp#27;[1;33mo.f.c.i.l.s.Slf4jLog&amp#27;[m:  JBoss VFS v2 available: false
&amp#27;[30m2023-04-04T21:53:42,115&amp#27;[m &amp#27;[36mDEBUG &amp#27;[m[&amp#27;[1;34mmain&amp#27;[m] &amp#27;[1;33mo.f.c.i.l.s.Slf4jLog&amp#27;[m:  Scanning starting at classpath root in filesystem: /Users/josephlpz/Documents/JustWork/JustWork-server/target/classes/
&amp#27;[30m2023-04-04T21:53:42,115&amp#27;[m &amp#27;[36mDEBUG &amp#27;[m[&amp#27;[1;34mmain&amp#27;[m] &amp#27;[1;33mo.f.c.i.l.s.Slf4jLog&amp#27;[m:  Scanning for resources in path: /Users/josephlpz/Documents/JustWork/JustWork-server/target/classes/db/migration (db/migration)
&amp#27;[30m2023-04-04T21:53:42,116&amp#27;[m &amp#27;[36mDEBUG &amp#27;[m[&amp#27;[1;34mmain&amp#27;[m] &amp#27;[1;33mo.f.c.i.l.s.Slf4jLog&amp#27;[m:  Found resource: db/migration/V1__create_init_tables.sql
&amp#27;[30m2023-04-04T21:53:42,116&amp#27;[m &amp#27;[36mDEBUG &amp#27;[m[&amp#27;[1;34mmain&amp#27;[m] &amp#27;[1;33mo.f.c.i.l.s.Slf4jLog&amp#27;[m:  Scanning for classes at classpath:db/migration
&amp#27;[30m2023-04-04T21:53:42,119&amp#27;[m &amp#27;[32mINFO  &amp#27;[m[&amp#27;[1;34mmain&amp#27;[m] &amp#27;[1;33mo.f.c.i.l.s.Slf4jLog&amp#27;[m:  Database: jdbc:postgresql://localhost:55013/test-db (PostgreSQL 11.8)
&amp#27;[30m2023-04-04T21:53:42,119&amp#27;[m &amp#27;[36mDEBUG &amp#27;[m[&amp#27;[1;34mmain&amp#27;[m] &amp#27;[1;33mo.f.c.i.l.s.Slf4jLog&amp#27;[m:  Driver  : PostgreSQL JDBC Driver 42.2.11
&amp#27;[30m2023-04-04T21:53:42,119&amp#27;[m &amp#27;[36mDEBUG &amp#27;[m[&amp#27;[1;34mmain&amp#27;[m] &amp#27;[1;33mo.f.c.i.l.s.Slf4jLog&amp#27;[m:  DDL Transactions Supported: true
&amp#27;[30m2023-04-04T21:53:42,119&amp#27;[m &amp#27;[36mDEBUG &amp#27;[m[&amp#27;[1;34mmain&amp#27;[m] &amp#27;[1;33mo.f.c.i.l.s.Slf4jLog&amp#27;[m:  Schemas: 
&amp#27;[30m2023-04-04T21:53:42,119&amp#27;[m &amp#27;[36mDEBUG &amp#27;[m[&amp#27;[1;34mmain&amp#27;[m] &amp#27;[1;33mo.f.c.i.l.s.Slf4jLog&amp#27;[m:  Default schema: null
&amp#27;[30m2023-04-04T21:53:42,127&amp#27;[m &amp#27;[36mDEBUG &amp#27;[m[&amp#27;[1;34mHikariPool-3 connection adder&amp#27;[m] &amp#27;[1;33mc.z.h.p.HikariPool$PoolEntryCreator&amp#27;[m:  HikariPool-3 - Added connection org.postgresql.jdbc.PgConnection@629003e2
&amp#27;[30m2023-04-04T21:53:42,128&amp#27;[m &amp#27;[36mDEBUG &amp#27;[m[&amp#27;[1;34mmain&amp#27;[m] &amp#27;[1;33mo.f.c.i.l.s.Slf4jLog&amp#27;[m:  Scanning for SQL callbacks ...
&amp#27;[30m2023-04-04T21:53:42,132&amp#27;[m &amp#27;[36mDEBUG &amp#27;[m[&amp#27;[1;34mmain&amp#27;[m] &amp#27;[1;33mo.f.c.i.l.s.Slf4jLog&amp#27;[m:  Validating migrations ...
&amp#27;[30m2023-04-04T21:53:42,133&amp#27;[m &amp#27;[36mDEBUG &amp#27;[m[&amp#27;[1;34mmain&amp#27;[m] &amp#27;[1;33mo.f.c.i.l.s.Slf4jLog&amp#27;[m:  Filtering out resource: db/migration/V1__create_init_tables.sql (filename: V1__create_init_tables.sql)
&amp#27;[30m2023-04-04T21:53:42,143&amp#27;[m &amp#27;[36mDEBUG &amp#27;[m[&amp#27;[1;34mHikariPool-3 connection adder&amp#27;[m] &amp#27;[1;33mc.z.h.p.HikariPool$PoolEntryCreator&amp#27;[m:  HikariPool-3 - Added connection org.postgresql.jdbc.PgConnection@66af8b68
&amp#27;[30m2023-04-04T21:53:42,145&amp#27;[m &amp#27;[32mINFO  &amp#27;[m[&amp#27;[1;34mmain&amp#27;[m] &amp#27;[1;33mo.f.c.i.l.s.Slf4jLog&amp#27;[m:  Successfully validated 1 migration (execution time 00:00.013s)
&amp#27;[30m2023-04-04T21:53:42,158&amp#27;[m &amp#27;[32mINFO  &amp#27;[m[&amp#27;[1;34mmain&amp#27;[m] &amp#27;[1;33mo.f.c.i.l.s.Slf4jLog&amp#27;[m:  Current version of schema "public": << Empty Schema >>
&amp#27;[30m2023-04-04T21:53:42,158&amp#27;[m &amp#27;[36mDEBUG &amp#27;[m[&amp#27;[1;34mmain&amp#27;[m] &amp#27;[1;33mo.f.c.i.l.s.Slf4jLog&amp#27;[m:  Parsing V1__create_init_tables.sql ...
&amp#27;[30m2023-04-04T21:53:42,158&amp#27;[m &amp#27;[36mDEBUG &amp#27;[m[&amp#27;[1;34mHikariPool-3 connection adder&amp#27;[m] &amp#27;[1;33mc.z.h.p.HikariPool$PoolEntryCreator&amp#27;[m:  HikariPool-3 - Added connection org.postgresql.jdbc.PgConnection@23ad09d9
&amp#27;[30m2023-04-04T21:53:42,162&amp#27;[m &amp#27;[36mDEBUG &amp#27;[m[&amp#27;[1;34mmain&amp#27;[m] &amp#27;[1;33mo.f.c.i.l.s.Slf4jLog&amp#27;[m:  Found statement at line 1: CREATE TABLE usuario (
    id                  BIGSERIAL PRIMARY KEY,
    uuid                uuid DEFAULT NULL,
    rut                 character varying(20) NOT NULL,
    nombre              character varying(255) DEFAULT NULL,
    email               character varying(255) NOT NULL,
    telefono            character varying(255) NOT NULL,
    eliminado           boolean NOT NULL DEFAULT false,
    fecha_creacion      timestamp without time zone NOT NULL,
    fecha_actualizacion timestamp without time zone,
    password_sha512     character varying(128) NOT NULL,
    firma               character varying(128) DEFAULT NULL,
    apellido   character varying(255) DEFAULT NULL,
    profesion   character varying(255) DEFAULT NULL,
    tipo       character varying(250) DEFAULT NULL
)
&amp#27;[30m2023-04-04T21:53:42,163&amp#27;[m &amp#27;[36mDEBUG &amp#27;[m[&amp#27;[1;34mmain&amp#27;[m] &amp#27;[1;33mo.f.c.i.l.s.Slf4jLog&amp#27;[m:  Found statement at line 18: CREATE UNIQUE INDEX usuario_uuid_key ON usuario(uuid uuid_ops)
&amp#27;[30m2023-04-04T21:53:42,164&amp#27;[m &amp#27;[36mDEBUG &amp#27;[m[&amp#27;[1;34mmain&amp#27;[m] &amp#27;[1;33mo.f.c.i.l.s.Slf4jLog&amp#27;[m:  Found statement at line 20: CREATE TABLE token (
    id                  BIGSERIAL PRIMARY KEY,
    fecha_creacion      timestamp without time zone,
    fecha_expiracion    timestamp without time zone,
    sso_fecha_expiracion    timestamp without time zone,
    sha_token           character varying(128) DEFAULT NULL,
    firma               character varying(128) DEFAULT NULL,
    usuario_id          bigint NOT NULL,
    sso_access_token    character varying(255) DEFAULT NULL
    sso_refresh_token    character varying(255) DEFAULT NULL
)
&amp#27;[30m2023-04-04T21:53:42,164&amp#27;[m &amp#27;[36mDEBUG &amp#27;[m[&amp#27;[1;34mmain&amp#27;[m] &amp#27;[1;33mo.f.c.i.l.s.Slf4jLog&amp#27;[m:  Found statement at line 33: CREATE TABLE rol(
    id                  BIGSERIAL PRIMARY KEY,
    uuid                uuid DEFAULT NULL,
    nombre              character varying(100) NOT NULL
)
&amp#27;[30m2023-04-04T21:53:42,164&amp#27;[m &amp#27;[36mDEBUG &amp#27;[m[&amp#27;[1;34mmain&amp#27;[m] &amp#27;[1;33mo.f.c.i.l.s.Slf4jLog&amp#27;[m:  Found statement at line 39: CREATE TABLE usuario_roles(
 usuario_id         bigserial not null,
 rol_id             bigserial not null,
 PRIMARY KEY (usuario_id,rol_id)
)
&amp#27;[30m2023-04-04T21:53:42,164&amp#27;[m &amp#27;[36mDEBUG &amp#27;[m[&amp#27;[1;34mmain&amp#27;[m] &amp#27;[1;33mo.f.c.i.l.s.Slf4jLog&amp#27;[m:  Found statement at line 44: create index ix_usuario_roles_usuario_id on usuario_roles (usuario_id)
&amp#27;[30m2023-04-04T21:53:42,164&amp#27;[m &amp#27;[36mDEBUG &amp#27;[m[&amp#27;[1;34mmain&amp#27;[m] &amp#27;[1;33mo.f.c.i.l.s.Slf4jLog&amp#27;[m:  Found statement at line 45: create index ix_usuario_roles_rol_id on usuario_roles (rol_id)
&amp#27;[30m2023-04-04T21:53:42,165&amp#27;[m &amp#27;[36mDEBUG &amp#27;[m[&amp#27;[1;34mmain&amp#27;[m] &amp#27;[1;33mo.f.c.i.l.s.Slf4jLog&amp#27;[m:  Found statement at line 46: alter table usuario_roles add constraint fk_usuario_roles_usuario_id foreign key (usuario_id) references usuario (id)
&amp#27;[30m2023-04-04T21:53:42,165&amp#27;[m &amp#27;[36mDEBUG &amp#27;[m[&amp#27;[1;34mmain&amp#27;[m] &amp#27;[1;33mo.f.c.i.l.s.Slf4jLog&amp#27;[m:  Found statement at line 47: alter table usuario_roles add constraint fk_usuario_roles_rol_id foreign key (rol_id) references rol (id)
&amp#27;[30m2023-04-04T21:53:42,165&amp#27;[m &amp#27;[36mDEBUG &amp#27;[m[&amp#27;[1;34mmain&amp#27;[m] &amp#27;[1;33mo.f.c.i.l.s.Slf4jLog&amp#27;[m:  Starting migration of schema "public" to version 1 - create init tables ...
&amp#27;[30m2023-04-04T21:53:42,173&amp#27;[m &amp#27;[32mINFO  &amp#27;[m[&amp#27;[1;34mmain&amp#27;[m] &amp#27;[1;33mo.f.c.i.l.s.Slf4jLog&amp#27;[m:  Migrating schema "public" to version 1 - create init tables
&amp#27;[30m2023-04-04T21:53:42,173&amp#27;[m &amp#27;[36mDEBUG &amp#27;[m[&amp#27;[1;34mmain&amp#27;[m] &amp#27;[1;33mo.f.c.i.l.s.Slf4jLog&amp#27;[m:  Executing SQL: CREATE TABLE usuario (
    id                  BIGSERIAL PRIMARY KEY,
    uuid                uuid DEFAULT NULL,
    rut                 character varying(20) NOT NULL,
    nombre              character varying(255) DEFAULT NULL,
    email               character varying(255) NOT NULL,
    telefono            character varying(255) NOT NULL,
    eliminado           boolean NOT NULL DEFAULT false,
    fecha_creacion      timestamp without time zone NOT NULL,
    fecha_actualizacion timestamp without time zone,
    password_sha512     character varying(128) NOT NULL,
    firma               character varying(128) DEFAULT NULL,
    apellido   character varying(255) DEFAULT NULL,
    profesion   character varying(255) DEFAULT NULL,
    tipo       character varying(250) DEFAULT NULL
)
&amp#27;[30m2023-04-04T21:53:42,175&amp#27;[m &amp#27;[36mDEBUG &amp#27;[m[&amp#27;[1;34mHikariPool-3 connection adder&amp#27;[m] &amp#27;[1;33mc.z.h.p.HikariPool$PoolEntryCreator&amp#27;[m:  HikariPool-3 - Added connection org.postgresql.jdbc.PgConnection@70a97a94
&amp#27;[30m2023-04-04T21:53:42,177&amp#27;[m &amp#27;[36mDEBUG &amp#27;[m[&amp#27;[1;34mmain&amp#27;[m] &amp#27;[1;33mo.f.c.i.l.s.Slf4jLog&amp#27;[m:  Update Count: 0
&amp#27;[30m2023-04-04T21:53:42,177&amp#27;[m &amp#27;[36mDEBUG &amp#27;[m[&amp#27;[1;34mmain&amp#27;[m] &amp#27;[1;33mo.f.c.i.l.s.Slf4jLog&amp#27;[m:  Executing SQL: CREATE UNIQUE INDEX usuario_uuid_key ON usuario(uuid uuid_ops)
&amp#27;[30m2023-04-04T21:53:42,178&amp#27;[m &amp#27;[36mDEBUG &amp#27;[m[&amp#27;[1;34mmain&amp#27;[m] &amp#27;[1;33mo.f.c.i.l.s.Slf4jLog&amp#27;[m:  Update Count: 0
&amp#27;[30m2023-04-04T21:53:42,178&amp#27;[m &amp#27;[36mDEBUG &amp#27;[m[&amp#27;[1;34mmain&amp#27;[m] &amp#27;[1;33mo.f.c.i.l.s.Slf4jLog&amp#27;[m:  Executing SQL: CREATE TABLE token (
    id                  BIGSERIAL PRIMARY KEY,
    fecha_creacion      timestamp without time zone,
    fecha_expiracion    timestamp without time zone,
    sso_fecha_expiracion    timestamp without time zone,
    sha_token           character varying(128) DEFAULT NULL,
    firma               character varying(128) DEFAULT NULL,
    usuario_id          bigint NOT NULL,
    sso_access_token    character varying(255) DEFAULT NULL
    sso_refresh_token    character varying(255) DEFAULT NULL
)
&amp#27;[30m2023-04-04T21:53:42,183&amp#27;[m &amp#27;[36mDEBUG &amp#27;[m[&amp#27;[1;34mmain&amp#27;[m] &amp#27;[1;33mo.f.c.i.l.s.Slf4jLog&amp#27;[m:  Rolling back transaction...
&amp#27;[30m2023-04-04T21:53:42,185&amp#27;[m &amp#27;[36mDEBUG &amp#27;[m[&amp#27;[1;34mmain&amp#27;[m] &amp#27;[1;33mo.f.c.i.l.s.Slf4jLog&amp#27;[m:  Transaction rolled back
&amp#27;[30m2023-04-04T21:53:42,185&amp#27;[m &amp#27;[1;31mERROR &amp#27;[m[&amp#27;[1;34mmain&amp#27;[m] &amp#27;[1;33mo.f.c.i.l.s.Slf4jLog&amp#27;[m:  Migration of schema "public" to version 1 - create init tables failed! Changes successfully rolled back.
&amp#27;[30m2023-04-04T21:53:42,189&amp#27;[m &amp#27;[36mDEBUG &amp#27;[m[&amp#27;[1;34mHikariPool-3 connection adder&amp#27;[m] &amp#27;[1;33mc.z.h.p.HikariPool$PoolEntryCreator&amp#27;[m:  HikariPool-3 - Added connection org.postgresql.jdbc.PgConnection@12c4e870
&amp#27;[30m2023-04-04T21:53:42,191&amp#27;[m &amp#27;[36mDEBUG &amp#27;[m[&amp#27;[1;34mmain&amp#27;[m] &amp#27;[1;33mo.f.c.i.l.s.Slf4jLog&amp#27;[m:  Memory usage: 59 of 156M
&amp#27;[30m2023-04-04T21:53:42,193&amp#27;[m &amp#27;[1;31mERROR &amp#27;[m[&amp#27;[1;34mmain&amp#27;[m] &amp#27;[1;33mo.s.b.w.e.t.TomcatStarter&amp#27;[m:  Error starting Tomcat context. Exception: org.springframework.beans.factory.UnsatisfiedDependencyException. Message: Error creating bean with name 'jwtRequestFilter': Unsatisfied dependency expressed through field 'tokenService'; nested exception is org.springframework.beans.factory.UnsatisfiedDependencyException: Error creating bean with name 'tokenService': Unsatisfied dependency expressed through field 'tokenRepository'; nested exception is org.springframework.beans.factory.BeanCreationException: Error creating bean with name 'tokenRepository' defined in JustWork.server.repository.TokenRepository defined in @EnableJpaRepositories declared on JpaRepositoriesRegistrar.EnableJpaRepositoriesConfiguration: Cannot create inner bean '(inner bean)#5b3c11ce' of type [org.springframework.orm.jpa.SharedEntityManagerCreator] while setting bean property 'entityManager'; nested exception is org.springframework.beans.factory.BeanCreationException: Error creating bean with name '(inner bean)#5b3c11ce': Cannot resolve reference to bean 'entityManagerFactory' while setting constructor argument; nested exception is org.springframework.beans.factory.BeanCreationException: Error creating bean with name 'flywayInitializer' defined in class path resource [org/springframework/boot/autoconfigure/flyway/FlywayAutoConfiguration$FlywayConfiguration.class]: Invocation of init method failed; nested exception is java.lang.reflect.InvocationTargetException
&amp#27;[30m2023-04-04T21:53:42,199&amp#27;[m &amp#27;[33mWARN  &amp#27;[m[&amp#27;[1;34mmain&amp#27;[m] &amp#27;[1;33mo.s.c.s.AbstractApplicationContext&amp#27;[m:  Exception encountered during context initialization - cancelling refresh attempt: org.springframework.context.ApplicationContextException: Unable to start web server; nested exception is org.springframework.boot.web.server.WebServerException: Unable to start embedded Tomcat
&amp#27;[30m2023-04-04T21:53:42,201&amp#27;[m &amp#27;[32mINFO  &amp#27;[m[&amp#27;[1;34mmain&amp#27;[m] &amp#27;[1;33mc.z.h.HikariDataSource&amp#27;[m:  HikariPool-3 - Shutdown initiated...
&amp#27;[30m2023-04-04T21:53:42,202&amp#27;[m &amp#27;[36mDEBUG &amp#27;[m[&amp#27;[1;34mmain&amp#27;[m] &amp#27;[1;33mc.z.h.p.HikariPool&amp#27;[m:  HikariPool-3 - Before shutdown stats (total=7, active=0, idle=7, waiting=0)
&amp#27;[30m2023-04-04T21:53:42,202&amp#27;[m &amp#27;[36mDEBUG &amp#27;[m[&amp#27;[1;34mHikariPool-3 connection closer&amp#27;[m] &amp#27;[1;33mc.z.h.p.PoolBase&amp#27;[m:  HikariPool-3 - Closing connection org.postgresql.jdbc.PgConnection@5cb6b81b: (connection evicted)
&amp#27;[30m2023-04-04T21:53:42,205&amp#27;[m &amp#27;[36mDEBUG &amp#27;[m[&amp#27;[1;34mHikariPool-3 connection closer&amp#27;[m] &amp#27;[1;33mc.z.h.p.PoolBase&amp#27;[m:  HikariPool-3 - Closing connection org.postgresql.jdbc.PgConnection@6c57e018: (connection evicted)
&amp#27;[30m2023-04-04T21:53:42,207&amp#27;[m &amp#27;[36mDEBUG &amp#27;[m[&amp#27;[1;34mHikariPool-3 connection closer&amp#27;[m] &amp#27;[1;33mc.z.h.p.PoolBase&amp#27;[m:  HikariPool-3 - Closing connection org.postgresql.jdbc.PgConnection@629003e2: (connection evicted)
&amp#27;[30m2023-04-04T21:53:42,210&amp#27;[m &amp#27;[36mDEBUG &amp#27;[m[&amp#27;[1;34mHikariPool-3 connection closer&amp#27;[m] &amp#27;[1;33mc.z.h.p.PoolBase&amp#27;[m:  HikariPool-3 - Closing connection org.postgresql.jdbc.PgConnection@66af8b68: (connection evicted)
&amp#27;[30m2023-04-04T21:53:42,211&amp#27;[m &amp#27;[36mDEBUG &amp#27;[m[&amp#27;[1;34mHikariPool-3 connection adder&amp#27;[m] &amp#27;[1;33mc.z.h.p.HikariPool$PoolEntryCreator&amp#27;[m:  HikariPool-3 - Added connection org.postgresql.jdbc.PgConnection@82ac58b
&amp#27;[30m2023-04-04T21:53:42,213&amp#27;[m &amp#27;[36mDEBUG &amp#27;[m[&amp#27;[1;34mHikariPool-3 connection closer&amp#27;[m] &amp#27;[1;33mc.z.h.p.PoolBase&amp#27;[m:  HikariPool-3 - Closing connection org.postgresql.jdbc.PgConnection@23ad09d9: (connection evicted)
&amp#27;[30m2023-04-04T21:53:42,216&amp#27;[m &amp#27;[36mDEBUG &amp#27;[m[&amp#27;[1;34mHikariPool-3 connection closer&amp#27;[m] &amp#27;[1;33mc.z.h.p.PoolBase&amp#27;[m:  HikariPool-3 - Closing connection org.postgresql.jdbc.PgConnection@70a97a94: (connection evicted)
&amp#27;[30m2023-04-04T21:53:42,218&amp#27;[m &amp#27;[36mDEBUG &amp#27;[m[&amp#27;[1;34mHikariPool-3 connection closer&amp#27;[m] &amp#27;[1;33mc.z.h.p.PoolBase&amp#27;[m:  HikariPool-3 - Closing connection org.postgresql.jdbc.PgConnection@12c4e870: (connection evicted)
&amp#27;[30m2023-04-04T21:53:42,220&amp#27;[m &amp#27;[36mDEBUG &amp#27;[m[&amp#27;[1;34mHikariPool-3 connection closer&amp#27;[m] &amp#27;[1;33mc.z.h.p.PoolBase&amp#27;[m:  HikariPool-3 - Closing connection org.postgresql.jdbc.PgConnection@82ac58b: (connection evicted)
&amp#27;[30m2023-04-04T21:53:42,222&amp#27;[m &amp#27;[36mDEBUG &amp#27;[m[&amp#27;[1;34mmain&amp#27;[m] &amp#27;[1;33mc.z.h.p.HikariPool&amp#27;[m:  HikariPool-3 - After shutdown stats (total=0, active=0, idle=0, waiting=0)
&amp#27;[30m2023-04-04T21:53:42,222&amp#27;[m &amp#27;[32mINFO  &amp#27;[m[&amp#27;[1;34mmain&amp#27;[m] &amp#27;[1;33mc.z.h.HikariDataSource&amp#27;[m:  HikariPool-3 - Shutdown completed.
&amp#27;[30m2023-04-04T21:53:42,255&amp#27;[m &amp#27;[36mDEBUG &amp#27;[m[&amp#27;[1;34mmain&amp#27;[m] &amp#27;[1;33mo.s.b.a.l.ConditionEvaluationReportLoggingListener&amp#27;[m:  


============================
CONDITIONS EVALUATION REPORT
============================


Positive matches:
-----------------

   AopAutoConfiguration matched:
      - @ConditionalOnProperty (spring.aop.auto=true) matched (OnPropertyCondition)

   AopAutoConfiguration.AspectJAutoProxyingConfiguration matched:
      - @ConditionalOnClass found required class 'org.aspectj.weaver.Advice' (OnClassCondition)

   AopAutoConfiguration.AspectJAutoProxyingConfiguration.CglibAutoProxyConfiguration matched:
      - @ConditionalOnProperty (spring.aop.proxy-target-class=true) matched (OnPropertyCondition)

   DataSourceAutoConfiguration matched:
      - @ConditionalOnClass found required classes 'javax.sql.DataSource', 'org.springframework.jdbc.datasource.embedded.EmbeddedDatabaseType' (OnClassCondition)
      - @ConditionalOnMissingBean (types: io.r2dbc.spi.ConnectionFactory; SearchStrategy: all) did not find any beans (OnBeanCondition)

   DataSourceAutoConfiguration.PooledDataSourceConfiguration matched:
      - AnyNestedCondition 1 matched 1 did not; NestedCondition on DataSourceAutoConfiguration.PooledDataSourceCondition.PooledDataSourceAvailable PooledDataSource found supported DataSource; NestedCondition on DataSourceAutoConfiguration.PooledDataSourceCondition.ExplicitType @ConditionalOnProperty (spring.datasource.type) did not find property 'type' (DataSourceAutoConfiguration.PooledDataSourceCondition)
      - @ConditionalOnMissingBean (types: javax.sql.DataSource,javax.sql.XADataSource; SearchStrategy: all) did not find any beans (OnBeanCondition)

   DataSourceConfiguration.Hikari matched:
      - @ConditionalOnClass found required class 'com.zaxxer.hikari.HikariDataSource' (OnClassCondition)
      - @ConditionalOnProperty (spring.datasource.type=com.zaxxer.hikari.HikariDataSource) matched (OnPropertyCondition)
      - @ConditionalOnMissingBean (types: javax.sql.DataSource; SearchStrategy: all) did not find any beans (OnBeanCondition)

   DataSourceInitializationConfiguration matched:
      - @ConditionalOnClass found required class 'org.springframework.jdbc.datasource.init.DatabasePopulator' (OnClassCondition)
      - @ConditionalOnSingleCandidate (types: javax.sql.DataSource; SearchStrategy: all) found a single bean 'dataSource'; @ConditionalOnMissingBean (types: org.springframework.boot.autoconfigure.sql.init.SqlDataSourceScriptDatabaseInitializer,org.springframework.boot.autoconfigure.sql.init.SqlR2dbcScriptDatabaseInitializer; SearchStrategy: all) did not find any beans (OnBeanCondition)

   DataSourcePoolMetadataProvidersConfiguration.HikariPoolDataSourceMetadataProviderConfiguration matched:
      - @ConditionalOnClass found required class 'com.zaxxer.hikari.HikariDataSource' (OnClassCondition)

   DataSourceTransactionManagerAutoConfiguration matched:
      - @ConditionalOnClass found required classes 'org.springframework.jdbc.core.JdbcTemplate', 'org.springframework.transaction.TransactionManager' (OnClassCondition)

   DataSourceTransactionManagerAutoConfiguration.JdbcTransactionManagerConfiguration matched:
      - @ConditionalOnSingleCandidate (types: javax.sql.DataSource; SearchStrategy: all) found a single bean 'dataSource' (OnBeanCondition)

   DispatcherServletAutoConfiguration matched:
      - @ConditionalOnClass found required class 'org.springframework.web.servlet.DispatcherServlet' (OnClassCondition)
      - found 'session' scope (OnWebApplicationCondition)

   DispatcherServletAutoConfiguration.DispatcherServletConfiguration matched:
      - @ConditionalOnClass found required class 'javax.servlet.ServletRegistration' (OnClassCondition)
      - Default DispatcherServlet did not find dispatcher servlet beans (DispatcherServletAutoConfiguration.DefaultDispatcherServletCondition)

   DispatcherServletAutoConfiguration.DispatcherServletRegistrationConfiguration matched:
      - @ConditionalOnClass found required class 'javax.servlet.ServletRegistration' (OnClassCondition)
      - DispatcherServlet Registration did not find servlet registration bean (DispatcherServletAutoConfiguration.DispatcherServletRegistrationCondition)

   DispatcherServletAutoConfiguration.DispatcherServletRegistrationConfiguration#dispatcherServletRegistration matched:
      - @ConditionalOnBean (names: dispatcherServlet types: org.springframework.web.servlet.DispatcherServlet; SearchStrategy: all) found bean 'dispatcherServlet' (OnBeanCondition)

   EmbeddedWebServerFactoryCustomizerAutoConfiguration matched:
      - @ConditionalOnWebApplication (required) found 'session' scope (OnWebApplicationCondition)

   EmbeddedWebServerFactoryCustomizerAutoConfiguration.TomcatWebServerFactoryCustomizerConfiguration matched:
      - @ConditionalOnClass found required classes 'org.apache.catalina.startup.Tomcat', 'org.apache.coyote.UpgradeProtocol' (OnClassCondition)

   ErrorMvcAutoConfiguration matched:
      - @ConditionalOnClass found required classes 'javax.servlet.Servlet', 'org.springframework.web.servlet.DispatcherServlet' (OnClassCondition)
      - found 'session' scope (OnWebApplicationCondition)

   ErrorMvcAutoConfiguration#basicErrorController matched:
      - @ConditionalOnMissingBean (types: org.springframework.boot.web.servlet.error.ErrorController; SearchStrategy: current) did not find any beans (OnBeanCondition)

   ErrorMvcAutoConfiguration#errorAttributes matched:
      - @ConditionalOnMissingBean (types: org.springframework.boot.web.servlet.error.ErrorAttributes; SearchStrategy: current) did not find any beans (OnBeanCondition)

   ErrorMvcAutoConfiguration.DefaultErrorViewResolverConfiguration#conventionErrorViewResolver matched:
      - @ConditionalOnBean (types: org.springframework.web.servlet.DispatcherServlet; SearchStrategy: all) found bean 'dispatcherServlet'; @ConditionalOnMissingBean (types: org.springframework.boot.autoconfigure.web.servlet.error.ErrorViewResolver; SearchStrategy: all) did not find any beans (OnBeanCondition)

   ErrorMvcAutoConfiguration.WhitelabelErrorViewConfiguration matched:
      - @ConditionalOnProperty (server.error.whitelabel.enabled) matched (OnPropertyCondition)
      - ErrorTemplate Missing did not find error template view (ErrorMvcAutoConfiguration.ErrorTemplateMissingCondition)

   ErrorMvcAutoConfiguration.WhitelabelErrorViewConfiguration#beanNameViewResolver matched:
      - @ConditionalOnMissingBean (types: org.springframework.web.servlet.view.BeanNameViewResolver; SearchStrategy: all) did not find any beans (OnBeanCondition)

   ErrorMvcAutoConfiguration.WhitelabelErrorViewConfiguration#defaultErrorView matched:
      - @ConditionalOnMissingBean (names: error; SearchStrategy: all) did not find any beans (OnBeanCondition)

   FlywayAutoConfiguration matched:
      - @ConditionalOnClass found required class 'org.flywaydb.core.Flyway' (OnClassCondition)
      - @ConditionalOnProperty (spring.flyway.enabled) matched (OnPropertyCondition)
      - AnyNestedCondition 1 matched 1 did not; NestedCondition on FlywayAutoConfiguration.FlywayDataSourceCondition.FlywayUrlCondition @ConditionalOnProperty (spring.flyway.url) did not find property 'url'; NestedCondition on FlywayAutoConfiguration.FlywayDataSourceCondition.DataSourceBeanCondition @ConditionalOnBean (types: javax.sql.DataSource; SearchStrategy: all) found bean 'dataSource' (FlywayAutoConfiguration.FlywayDataSourceCondition)

   FlywayAutoConfiguration.FlywayConfiguration matched:
      - @ConditionalOnClass found required class 'org.springframework.jdbc.support.JdbcUtils' (OnClassCondition)
      - @ConditionalOnMissingBean (types: org.flywaydb.core.Flyway; SearchStrategy: all) did not find any beans (OnBeanCondition)

   FlywayAutoConfiguration.FlywayConfiguration#flywayInitializer matched:
      - @ConditionalOnMissingBean (types: org.springframework.boot.autoconfigure.flyway.FlywayMigrationInitializer; SearchStrategy: all) did not find any beans (OnBeanCondition)

   GenericCacheConfiguration matched:
      - Cache org.springframework.boot.autoconfigure.cache.GenericCacheConfiguration automatic cache type (CacheCondition)

   GroovyTemplateAutoConfiguration matched:
      - @ConditionalOnClass found required class 'groovy.text.markup.MarkupTemplateEngine' (OnClassCondition)

   GroovyTemplateAutoConfiguration.GroovyMarkupConfiguration matched:
      - @ConditionalOnClass found required class 'org.springframework.web.servlet.view.groovy.GroovyMarkupConfigurer' (OnClassCondition)

   GroovyTemplateAutoConfiguration.GroovyMarkupConfiguration#groovyMarkupConfigurer matched:
      - @ConditionalOnMissingBean (types: org.springframework.web.servlet.view.groovy.GroovyMarkupConfig; SearchStrategy: all) did not find any beans (OnBeanCondition)

   GroovyTemplateAutoConfiguration.GroovyWebConfiguration matched:
      - @ConditionalOnClass found required classes 'javax.servlet.Servlet', 'org.springframework.context.i18n.LocaleContextHolder', 'org.springframework.web.servlet.view.UrlBasedViewResolver' (OnClassCondition)
      - found 'session' scope (OnWebApplicationCondition)
      - @ConditionalOnProperty (spring.groovy.template.enabled) matched (OnPropertyCondition)

   GroovyTemplateAutoConfiguration.GroovyWebConfiguration#groovyMarkupViewResolver matched:
      - @ConditionalOnMissingBean (names: groovyMarkupViewResolver; SearchStrategy: all) did not find any beans (OnBeanCondition)

   GsonAutoConfiguration matched:
      - @ConditionalOnClass found required class 'com.google.gson.Gson' (OnClassCondition)

   GsonAutoConfiguration#gson matched:
      - @ConditionalOnMissingBean (types: com.google.gson.Gson; SearchStrategy: all) did not find any beans (OnBeanCondition)

   GsonAutoConfiguration#gsonBuilder matched:
      - @ConditionalOnMissingBean (types: com.google.gson.GsonBuilder; SearchStrategy: all) did not find any beans (OnBeanCondition)

   GsonHttpMessageConvertersConfiguration matched:
      - @ConditionalOnClass found required class 'com.google.gson.Gson' (OnClassCondition)

   H2ConsoleAutoConfiguration matched:
      - @ConditionalOnClass found required class 'org.h2.server.web.WebServlet' (OnClassCondition)
      - found 'session' scope (OnWebApplicationCondition)
      - @ConditionalOnProperty (spring.h2.console.enabled=true) matched (OnPropertyCondition)

   HibernateJpaAutoConfiguration matched:
      - @ConditionalOnClass found required classes 'org.springframework.orm.jpa.LocalContainerEntityManagerFactoryBean', 'javax.persistence.EntityManager', 'org.hibernate.engine.spi.SessionImplementor' (OnClassCondition)

   HibernateJpaConfiguration matched:
      - @ConditionalOnSingleCandidate (types: javax.sql.DataSource; SearchStrategy: all) found a single bean 'dataSource' (OnBeanCondition)

   HttpEncodingAutoConfiguration matched:
      - @ConditionalOnClass found required class 'org.springframework.web.filter.CharacterEncodingFilter' (OnClassCondition)
      - found 'session' scope (OnWebApplicationCondition)
      - @ConditionalOnProperty (server.servlet.encoding.enabled) matched (OnPropertyCondition)

   HttpEncodingAutoConfiguration#characterEncodingFilter matched:
      - @ConditionalOnMissingBean (types: org.springframework.web.filter.CharacterEncodingFilter; SearchStrategy: all) did not find any beans (OnBeanCondition)

   HttpMessageConvertersAutoConfiguration matched:
      - @ConditionalOnClass found required class 'org.springframework.http.converter.HttpMessageConverter' (OnClassCondition)
      - NoneNestedConditions 0 matched 1 did not; NestedCondition on HttpMessageConvertersAutoConfiguration.NotReactiveWebApplicationCondition.ReactiveWebApplication did not find reactive web application classes (HttpMessageConvertersAutoConfiguration.NotReactiveWebApplicationCondition)

   HttpMessageConvertersAutoConfiguration#messageConverters matched:
      - @ConditionalOnMissingBean (types: org.springframework.boot.autoconfigure.http.HttpMessageConverters; SearchStrategy: all) did not find any beans (OnBeanCondition)

   HttpMessageConvertersAutoConfiguration.StringHttpMessageConverterConfiguration matched:
      - @ConditionalOnClass found required class 'org.springframework.http.converter.StringHttpMessageConverter' (OnClassCondition)

   HttpMessageConvertersAutoConfiguration.StringHttpMessageConverterConfiguration#stringHttpMessageConverter matched:
      - @ConditionalOnMissingBean (types: org.springframework.http.converter.StringHttpMessageConverter; SearchStrategy: all) did not find any beans (OnBeanCondition)

   HypermediaAutoConfiguration matched:
      - @ConditionalOnClass found required classes 'org.springframework.hateoas.EntityModel', 'org.springframework.web.bind.annotation.RequestMapping', 'org.springframework.web.servlet.mvc.method.annotation.RequestMappingHandlerAdapter', 'org.springframework.plugin.core.Plugin' (OnClassCondition)
      - @ConditionalOnWebApplication (required) found 'session' scope (OnWebApplicationCondition)

   HypermediaAutoConfiguration#applicationJsonHalConfiguration matched:
      - @ConditionalOnClass found required class 'com.fasterxml.jackson.databind.ObjectMapper' (OnClassCondition)
      - @ConditionalOnProperty (spring.hateoas.use-hal-as-default-json-media-type) matched (OnPropertyCondition)
      - @ConditionalOnMissingBean (types: org.springframework.hateoas.mediatype.hal.HalConfiguration; SearchStrategy: all) did not find any beans (OnBeanCondition)

   JacksonAutoConfiguration matched:
      - @ConditionalOnClass found required class 'com.fasterxml.jackson.databind.ObjectMapper' (OnClassCondition)

   JacksonAutoConfiguration.Jackson2ObjectMapperBuilderCustomizerConfiguration matched:
      - @ConditionalOnClass found required class 'org.springframework.http.converter.json.Jackson2ObjectMapperBuilder' (OnClassCondition)

   JacksonAutoConfiguration.JacksonObjectMapperBuilderConfiguration matched:
      - @ConditionalOnClass found required class 'org.springframework.http.converter.json.Jackson2ObjectMapperBuilder' (OnClassCondition)

   JacksonAutoConfiguration.JacksonObjectMapperBuilderConfiguration#jacksonObjectMapperBuilder matched:
      - @ConditionalOnMissingBean (types: org.springframework.http.converter.json.Jackson2ObjectMapperBuilder; SearchStrategy: all) did not find any beans (OnBeanCondition)

   JacksonAutoConfiguration.JacksonObjectMapperConfiguration matched:
      - @ConditionalOnClass found required class 'org.springframework.http.converter.json.Jackson2ObjectMapperBuilder' (OnClassCondition)

   JacksonAutoConfiguration.JacksonObjectMapperConfiguration#jacksonObjectMapper matched:
      - @ConditionalOnMissingBean (types: com.fasterxml.jackson.databind.ObjectMapper; SearchStrategy: all) did not find any beans (OnBeanCondition)

   JacksonAutoConfiguration.ParameterNamesModuleConfiguration matched:
      - @ConditionalOnClass found required class 'com.fasterxml.jackson.module.paramnames.ParameterNamesModule' (OnClassCondition)

   JacksonAutoConfiguration.ParameterNamesModuleConfiguration#parameterNamesModule matched:
      - @ConditionalOnMissingBean (types: com.fasterxml.jackson.module.paramnames.ParameterNamesModule; SearchStrategy: all) did not find any beans (OnBeanCondition)

   JacksonHttpMessageConvertersConfiguration.MappingJackson2HttpMessageConverterConfiguration matched:
      - @ConditionalOnClass found required class 'com.fasterxml.jackson.databind.ObjectMapper' (OnClassCondition)
      - @ConditionalOnProperty (spring.mvc.converters.preferred-json-mapper=jackson) matched (OnPropertyCondition)
      - @ConditionalOnBean (types: com.fasterxml.jackson.databind.ObjectMapper; SearchStrategy: all) found bean 'jacksonObjectMapper' (OnBeanCondition)

   JacksonHttpMessageConvertersConfiguration.MappingJackson2HttpMessageConverterConfiguration#mappingJackson2HttpMessageConverter matched:
      - @ConditionalOnMissingBean (types: org.springframework.http.converter.json.MappingJackson2HttpMessageConverter ignored: org.springframework.hateoas.server.mvc.TypeConstrainedMappingJackson2HttpMessageConverter,org.springframework.data.rest.webmvc.alps.AlpsJsonHttpMessageConverter; SearchStrategy: all) did not find any beans (OnBeanCondition)

   JdbcTemplateAutoConfiguration matched:
      - @ConditionalOnClass found required classes 'javax.sql.DataSource', 'org.springframework.jdbc.core.JdbcTemplate' (OnClassCondition)
      - @ConditionalOnSingleCandidate (types: javax.sql.DataSource; SearchStrategy: all) found a single bean 'dataSource' (OnBeanCondition)

   JdbcTemplateConfiguration matched:
      - @ConditionalOnMissingBean (types: org.springframework.jdbc.core.JdbcOperations; SearchStrategy: all) did not find any beans (OnBeanCondition)

   JpaBaseConfiguration#entityManagerFactory matched:
      - @ConditionalOnMissingBean (types: org.springframework.orm.jpa.LocalContainerEntityManagerFactoryBean,javax.persistence.EntityManagerFactory; SearchStrategy: all) did not find any beans (OnBeanCondition)

   JpaBaseConfiguration#entityManagerFactoryBuilder matched:
      - @ConditionalOnMissingBean (types: org.springframework.boot.orm.jpa.EntityManagerFactoryBuilder; SearchStrategy: all) did not find any beans (OnBeanCondition)

   JpaBaseConfiguration#jpaVendorAdapter matched:
      - @ConditionalOnMissingBean (types: org.springframework.orm.jpa.JpaVendorAdapter; SearchStrategy: all) did not find any beans (OnBeanCondition)

   JpaBaseConfiguration#transactionManager matched:
      - @ConditionalOnMissingBean (types: org.springframework.transaction.TransactionManager; SearchStrategy: all) did not find any beans (OnBeanCondition)

   JpaBaseConfiguration.JpaWebConfiguration matched:
      - @ConditionalOnClass found required class 'org.springframework.web.servlet.config.annotation.WebMvcConfigurer' (OnClassCondition)
      - found 'session' scope (OnWebApplicationCondition)
      - @ConditionalOnProperty (spring.jpa.open-in-view=true) matched (OnPropertyCondition)
      - @ConditionalOnMissingBean (types: org.springframework.orm.jpa.support.OpenEntityManagerInViewInterceptor,org.springframework.orm.jpa.support.OpenEntityManagerInViewFilter; SearchStrategy: all) did not find any beans (OnBeanCondition)

   JpaRepositoriesAutoConfiguration matched:
      - @ConditionalOnClass found required class 'org.springframework.data.jpa.repository.JpaRepository' (OnClassCondition)
      - @ConditionalOnProperty (spring.data.jpa.repositories.enabled=true) matched (OnPropertyCondition)
      - @ConditionalOnBean (types: javax.sql.DataSource; SearchStrategy: all) found bean 'dataSource'; @ConditionalOnMissingBean (types: org.springframework.data.jpa.repository.support.JpaRepositoryFactoryBean,org.springframework.data.jpa.repository.config.JpaRepositoryConfigExtension; SearchStrategy: all) did not find any beans (OnBeanCondition)

   JtaAutoConfiguration matched:
      - @ConditionalOnClass found required class 'javax.transaction.Transaction' (OnClassCondition)
      - @ConditionalOnProperty (spring.jta.enabled) matched (OnPropertyCondition)

   LifecycleAutoConfiguration#defaultLifecycleProcessor matched:
      - @ConditionalOnMissingBean (names: lifecycleProcessor; SearchStrategy: current) did not find any beans (OnBeanCondition)

   MultipartAutoConfiguration matched:
      - @ConditionalOnClass found required classes 'javax.servlet.Servlet', 'org.springframework.web.multipart.support.StandardServletMultipartResolver', 'javax.servlet.MultipartConfigElement' (OnClassCondition)
      - found 'session' scope (OnWebApplicationCondition)
      - @ConditionalOnProperty (spring.servlet.multipart.enabled) matched (OnPropertyCondition)

   MultipartAutoConfiguration#multipartConfigElement matched:
      - @ConditionalOnMissingBean (types: javax.servlet.MultipartConfigElement,org.springframework.web.multipart.commons.CommonsMultipartResolver; SearchStrategy: all) did not find any beans (OnBeanCondition)

   MultipartAutoConfiguration#multipartResolver matched:
      - @ConditionalOnMissingBean (types: org.springframework.web.multipart.MultipartResolver; SearchStrategy: all) did not find any beans (OnBeanCondition)

   NamedParameterJdbcTemplateConfiguration matched:
      - @ConditionalOnSingleCandidate (types: org.springframework.jdbc.core.JdbcTemplate; SearchStrategy: all) found a single bean 'jdbcTemplate'; @ConditionalOnMissingBean (types: org.springframework.jdbc.core.namedparam.NamedParameterJdbcOperations; SearchStrategy: all) did not find any beans (OnBeanCondition)

   NettyAutoConfiguration matched:
      - @ConditionalOnClass found required class 'io.netty.util.NettyRuntime' (OnClassCondition)

   NoOpCacheConfiguration matched:
      - Cache org.springframework.boot.autoconfigure.cache.NoOpCacheConfiguration automatic cache type (CacheCondition)

   PersistenceExceptionTranslationAutoConfiguration matched:
      - @ConditionalOnClass found required class 'org.springframework.dao.annotation.PersistenceExceptionTranslationPostProcessor' (OnClassCondition)

   PersistenceExceptionTranslationAutoConfiguration#persistenceExceptionTranslationPostProcessor matched:
      - @ConditionalOnProperty (spring.dao.exceptiontranslation.enabled) matched (OnPropertyCondition)
      - @ConditionalOnMissingBean (types: org.springframework.dao.annotation.PersistenceExceptionTranslationPostProcessor; SearchStrategy: all) did not find any beans (OnBeanCondition)

   PropertyPlaceholderAutoConfiguration#propertySourcesPlaceholderConfigurer matched:
      - @ConditionalOnMissingBean (types: org.springframework.context.support.PropertySourcesPlaceholderConfigurer; SearchStrategy: current) did not find any beans (OnBeanCondition)

   RepositoryRestMvcAutoConfiguration matched:
      - @ConditionalOnClass found required class 'org.springframework.data.rest.webmvc.config.RepositoryRestMvcConfiguration' (OnClassCondition)
      - found 'session' scope (OnWebApplicationCondition)
      - @ConditionalOnMissingBean (types: org.springframework.data.rest.webmvc.config.RepositoryRestMvcConfiguration; SearchStrategy: all) did not find any beans (OnBeanCondition)

   RestTemplateAutoConfiguration matched:
      - @ConditionalOnClass found required class 'org.springframework.web.client.RestTemplate' (OnClassCondition)
      - NoneNestedConditions 0 matched 1 did not; NestedCondition on RestTemplateAutoConfiguration.NotReactiveWebApplicationCondition.ReactiveWebApplication did not find reactive web application classes (RestTemplateAutoConfiguration.NotReactiveWebApplicationCondition)

   RestTemplateAutoConfiguration#restTemplateBuilder matched:
      - @ConditionalOnMissingBean (types: org.springframework.boot.web.client.RestTemplateBuilder; SearchStrategy: all) did not find any beans (OnBeanCondition)

   RestTemplateAutoConfiguration#restTemplateBuilderConfigurer matched:
      - @ConditionalOnMissingBean (types: org.springframework.boot.autoconfigure.web.client.RestTemplateBuilderConfigurer; SearchStrategy: all) did not find any beans (OnBeanCondition)

   SecurityAutoConfiguration matched:
      - @ConditionalOnClass found required class 'org.springframework.security.authentication.DefaultAuthenticationEventPublisher' (OnClassCondition)

   SecurityAutoConfiguration#authenticationEventPublisher matched:
      - @ConditionalOnMissingBean (types: org.springframework.security.authentication.AuthenticationEventPublisher; SearchStrategy: all) did not find any beans (OnBeanCondition)

   SecurityFilterAutoConfiguration matched:
      - @ConditionalOnClass found required classes 'org.springframework.security.web.context.AbstractSecurityWebApplicationInitializer', 'org.springframework.security.config.http.SessionCreationPolicy' (OnClassCondition)
      - found 'session' scope (OnWebApplicationCondition)

   SecurityFilterAutoConfiguration#securityFilterChainRegistration matched:
      - @ConditionalOnBean (names: springSecurityFilterChain; SearchStrategy: all) found bean 'springSecurityFilterChain' (OnBeanCondition)

   ServletWebServerFactoryAutoConfiguration matched:
      - @ConditionalOnClass found required class 'javax.servlet.ServletRequest' (OnClassCondition)
      - found 'session' scope (OnWebApplicationCondition)

   ServletWebServerFactoryAutoConfiguration#tomcatServletWebServerFactoryCustomizer matched:
      - @ConditionalOnClass found required class 'org.apache.catalina.startup.Tomcat' (OnClassCondition)

   ServletWebServerFactoryConfiguration.EmbeddedTomcat matched:
      - @ConditionalOnClass found required classes 'javax.servlet.Servlet', 'org.apache.catalina.startup.Tomcat', 'org.apache.coyote.UpgradeProtocol' (OnClassCondition)
      - @ConditionalOnMissingBean (types: org.springframework.boot.web.servlet.server.ServletWebServerFactory; SearchStrategy: current) did not find any beans (OnBeanCondition)

   SimpleCacheConfiguration matched:
      - Cache org.springframework.boot.autoconfigure.cache.SimpleCacheConfiguration automatic cache type (CacheCondition)

   SpringBootWebSecurityConfiguration matched:
      - found 'session' scope (OnWebApplicationCondition)

   SpringBootWebSecurityConfiguration.ErrorPageSecurityFilterConfiguration matched:
      - @ConditionalOnClass found required class 'org.springframework.security.web.access.WebInvocationPrivilegeEvaluator' (OnClassCondition)
      - @ConditionalOnBean (types: org.springframework.security.web.access.WebInvocationPrivilegeEvaluator; SearchStrategy: all) found bean 'privilegeEvaluator' (OnBeanCondition)

   SqlInitializationAutoConfiguration matched:
      - @ConditionalOnProperty (spring.sql.init.enabled) matched (OnPropertyCondition)
      - NoneNestedConditions 0 matched 1 did not; NestedCondition on SqlInitializationAutoConfiguration.SqlInitializationModeCondition.ModeIsNever @ConditionalOnProperty (spring.sql.init.mode=never) did not find property 'mode' (SqlInitializationAutoConfiguration.SqlInitializationModeCondition)

   TaskExecutionAutoConfiguration matched:
      - @ConditionalOnClass found required class 'org.springframework.scheduling.concurrent.ThreadPoolTaskExecutor' (OnClassCondition)

   TaskExecutionAutoConfiguration#applicationTaskExecutor matched:
      - @ConditionalOnMissingBean (types: java.util.concurrent.Executor; SearchStrategy: all) did not find any beans (OnBeanCondition)

   TaskExecutionAutoConfiguration#taskExecutorBuilder matched:
      - @ConditionalOnMissingBean (types: org.springframework.boot.task.TaskExecutorBuilder; SearchStrategy: all) did not find any beans (OnBeanCondition)

   TaskSchedulingAutoConfiguration matched:
      - @ConditionalOnClass found required class 'org.springframework.scheduling.concurrent.ThreadPoolTaskScheduler' (OnClassCondition)

   TaskSchedulingAutoConfiguration#taskSchedulerBuilder matched:
      - @ConditionalOnMissingBean (types: org.springframework.boot.task.TaskSchedulerBuilder; SearchStrategy: all) did not find any beans (OnBeanCondition)

   TemplateEngineConfigurations.DefaultTemplateEngineConfiguration#templateEngine matched:
      - @ConditionalOnMissingBean (types: org.thymeleaf.spring5.ISpringTemplateEngine; SearchStrategy: all) did not find any beans (OnBeanCondition)

   ThymeleafAutoConfiguration matched:
      - @ConditionalOnClass found required classes 'org.thymeleaf.templatemode.TemplateMode', 'org.thymeleaf.spring5.SpringTemplateEngine' (OnClassCondition)

   ThymeleafAutoConfiguration.DefaultTemplateResolverConfiguration matched:
      - @ConditionalOnMissingBean (names: defaultTemplateResolver; SearchStrategy: all) did not find any beans (OnBeanCondition)

   ThymeleafAutoConfiguration.ThymeleafJava8TimeDialect matched:
      - @ConditionalOnClass found required class 'org.thymeleaf.extras.java8time.dialect.Java8TimeDialect' (OnClassCondition)

   ThymeleafAutoConfiguration.ThymeleafJava8TimeDialect#java8TimeDialect matched:
      - @ConditionalOnMissingBean (types: org.thymeleaf.extras.java8time.dialect.Java8TimeDialect; SearchStrategy: all) did not find any beans (OnBeanCondition)

   ThymeleafAutoConfiguration.ThymeleafWebMvcConfiguration matched:
      - found 'session' scope (OnWebApplicationCondition)
      - @ConditionalOnProperty (spring.thymeleaf.enabled) matched (OnPropertyCondition)

   ThymeleafAutoConfiguration.ThymeleafWebMvcConfiguration.ThymeleafViewResolverConfiguration#thymeleafViewResolver matched:
      - @ConditionalOnMissingBean (names: thymeleafViewResolver; SearchStrategy: all) did not find any beans (OnBeanCondition)

   TransactionAutoConfiguration matched:
      - @ConditionalOnClass found required class 'org.springframework.transaction.PlatformTransactionManager' (OnClassCondition)

   TransactionAutoConfiguration#platformTransactionManagerCustomizers matched:
      - @ConditionalOnMissingBean (types: org.springframework.boot.autoconfigure.transaction.TransactionManagerCustomizers; SearchStrategy: all) did not find any beans (OnBeanCondition)

   TransactionAutoConfiguration.EnableTransactionManagementConfiguration matched:
      - @ConditionalOnBean (types: org.springframework.transaction.TransactionManager; SearchStrategy: all) found bean 'transactionManager'; @ConditionalOnMissingBean (types: org.springframework.transaction.annotation.AbstractTransactionManagementConfiguration; SearchStrategy: all) did not find any beans (OnBeanCondition)

   TransactionAutoConfiguration.EnableTransactionManagementConfiguration.CglibAutoProxyConfiguration matched:
      - @ConditionalOnProperty (spring.aop.proxy-target-class=true) matched (OnPropertyCondition)

   TransactionAutoConfiguration.TransactionTemplateConfiguration matched:
      - @ConditionalOnSingleCandidate (types: org.springframework.transaction.PlatformTransactionManager; SearchStrategy: all) found a single bean 'transactionManager' (OnBeanCondition)

   TransactionAutoConfiguration.TransactionTemplateConfiguration#transactionTemplate matched:
      - @ConditionalOnMissingBean (types: org.springframework.transaction.support.TransactionOperations; SearchStrategy: all) did not find any beans (OnBeanCondition)

   WebMvcAutoConfiguration matched:
      - @ConditionalOnClass found required classes 'javax.servlet.Servlet', 'org.springframework.web.servlet.DispatcherServlet', 'org.springframework.web.servlet.config.annotation.WebMvcConfigurer' (OnClassCondition)
      - found 'session' scope (OnWebApplicationCondition)
      - @ConditionalOnMissingBean (types: org.springframework.web.servlet.config.annotation.WebMvcConfigurationSupport; SearchStrategy: all) did not find any beans (OnBeanCondition)

   WebMvcAutoConfiguration#formContentFilter matched:
      - @ConditionalOnProperty (spring.mvc.formcontent.filter.enabled) matched (OnPropertyCondition)
      - @ConditionalOnMissingBean (types: org.springframework.web.filter.FormContentFilter; SearchStrategy: all) did not find any beans (OnBeanCondition)

   WebMvcAutoConfiguration.EnableWebMvcConfiguration#flashMapManager matched:
      - @ConditionalOnMissingBean (names: flashMapManager; SearchStrategy: all) did not find any beans (OnBeanCondition)

   WebMvcAutoConfiguration.EnableWebMvcConfiguration#localeResolver matched:
      - @ConditionalOnMissingBean (names: localeResolver; SearchStrategy: all) did not find any beans (OnBeanCondition)

   WebMvcAutoConfiguration.EnableWebMvcConfiguration#themeResolver matched:
      - @ConditionalOnMissingBean (names: themeResolver; SearchStrategy: all) did not find any beans (OnBeanCondition)

   WebMvcAutoConfiguration.WebMvcAutoConfigurationAdapter#defaultViewResolver matched:
      - @ConditionalOnMissingBean (types: org.springframework.web.servlet.view.InternalResourceViewResolver; SearchStrategy: all) did not find any beans (OnBeanCondition)

   WebMvcAutoConfiguration.WebMvcAutoConfigurationAdapter#requestContextFilter matched:
      - @ConditionalOnMissingBean (types: org.springframework.web.context.request.RequestContextListener,org.springframework.web.filter.RequestContextFilter; SearchStrategy: all) did not find any beans (OnBeanCondition)

   WebMvcAutoConfiguration.WebMvcAutoConfigurationAdapter#viewResolver matched:
      - @ConditionalOnBean (types: org.springframework.web.servlet.ViewResolver; SearchStrategy: all) found beans 'defaultViewResolver', 'beanNameViewResolver', 'mvcViewResolver'; @ConditionalOnMissingBean (names: viewResolver types: org.springframework.web.servlet.view.ContentNegotiatingViewResolver; SearchStrategy: all) did not find any beans (OnBeanCondition)

   WebSocketServletAutoConfiguration matched:
      - @ConditionalOnClass found required classes 'javax.servlet.Servlet', 'javax.websocket.server.ServerContainer' (OnClassCondition)
      - found 'session' scope (OnWebApplicationCondition)

   WebSocketServletAutoConfiguration.TomcatWebSocketConfiguration matched:
      - @ConditionalOnClass found required classes 'org.apache.catalina.startup.Tomcat', 'org.apache.tomcat.websocket.server.WsSci' (OnClassCondition)

   WebSocketServletAutoConfiguration.TomcatWebSocketConfiguration#websocketServletWebServerCustomizer matched:
      - @ConditionalOnMissingBean (names: websocketServletWebServerCustomizer; SearchStrategy: all) did not find any beans (OnBeanCondition)


Negative matches:
-----------------

   ActiveMQAutoConfiguration:
      Did not match:
         - @ConditionalOnClass did not find required class 'javax.jms.ConnectionFactory' (OnClassCondition)

   AopAutoConfiguration.AspectJAutoProxyingConfiguration.JdkDynamicAutoProxyConfiguration:
      Did not match:
         - @ConditionalOnProperty (spring.aop.proxy-target-class=false) did not find property 'proxy-target-class' (OnPropertyCondition)

   AopAutoConfiguration.ClassProxyingConfiguration:
      Did not match:
         - @ConditionalOnMissingClass found unwanted class 'org.aspectj.weaver.Advice' (OnClassCondition)

   ArtemisAutoConfiguration:
      Did not match:
         - @ConditionalOnClass did not find required class 'javax.jms.ConnectionFactory' (OnClassCondition)

   AtomikosJtaConfiguration:
      Did not match:
         - @ConditionalOnClass did not find required class 'com.atomikos.icatch.jta.UserTransactionManager' (OnClassCondition)

   BatchAutoConfiguration:
      Did not match:
         - @ConditionalOnClass did not find required class 'org.springframework.batch.core.launch.JobLauncher' (OnClassCondition)

   Cache2kCacheConfiguration:
      Did not match:
         - @ConditionalOnClass did not find required class 'org.cache2k.Cache2kBuilder' (OnClassCondition)

   CacheAutoConfiguration:
      Did not match:
         - @ConditionalOnBean (types: org.springframework.cache.interceptor.CacheAspectSupport; SearchStrategy: all) did not find any beans of type org.springframework.cache.interceptor.CacheAspectSupport (OnBeanCondition)
      Matched:
         - @ConditionalOnClass found required class 'org.springframework.cache.CacheManager' (OnClassCondition)

   CacheAutoConfiguration.CacheManagerEntityManagerFactoryDependsOnPostProcessor:
      Did not match:
         - Ancestor org.springframework.boot.autoconfigure.cache.CacheAutoConfiguration did not match (ConditionEvaluationReport.AncestorsMatchedCondition)
      Matched:
         - @ConditionalOnClass found required class 'org.springframework.orm.jpa.LocalContainerEntityManagerFactoryBean' (OnClassCondition)

   CaffeineCacheConfiguration:
      Did not match:
         - @ConditionalOnClass did not find required class 'com.github.benmanes.caffeine.cache.Caffeine' (OnClassCondition)

   CassandraAutoConfiguration:
      Did not match:
         - @ConditionalOnClass did not find required class 'com.datastax.oss.driver.api.core.CqlSession' (OnClassCondition)

   CassandraDataAutoConfiguration:
      Did not match:
         - @ConditionalOnClass did not find required class 'com.datastax.oss.driver.api.core.CqlSession' (OnClassCondition)

   CassandraReactiveDataAutoConfiguration:
      Did not match:
         - @ConditionalOnClass did not find required class 'com.datastax.oss.driver.api.core.CqlSession' (OnClassCondition)

   CassandraReactiveRepositoriesAutoConfiguration:
      Did not match:
         - @ConditionalOnClass did not find required class 'org.springframework.data.cassandra.ReactiveSession' (OnClassCondition)

   CassandraRepositoriesAutoConfiguration:
      Did not match:
         - @ConditionalOnClass did not find required class 'com.datastax.oss.driver.api.core.CqlSession' (OnClassCondition)

   ClientHttpConnectorAutoConfiguration:
      Did not match:
         - @ConditionalOnClass did not find required class 'org.springframework.web.reactive.function.client.WebClient' (OnClassCondition)

   CodecsAutoConfiguration:
      Did not match:
         - @ConditionalOnClass did not find required class 'org.springframework.web.reactive.function.client.WebClient' (OnClassCondition)

   CouchbaseAutoConfiguration:
      Did not match:
         - @ConditionalOnClass did not find required class 'com.couchbase.client.java.Cluster' (OnClassCondition)

   CouchbaseCacheConfiguration:
      Did not match:
         - @ConditionalOnClass did not find required class 'com.couchbase.client.java.Cluster' (OnClassCondition)

   CouchbaseDataAutoConfiguration:
      Did not match:
         - @ConditionalOnClass did not find required class 'com.couchbase.client.java.Bucket' (OnClassCondition)

   CouchbaseReactiveDataAutoConfiguration:
      Did not match:
         - @ConditionalOnClass did not find required class 'com.couchbase.client.java.Cluster' (OnClassCondition)

   CouchbaseReactiveRepositoriesAutoConfiguration:
      Did not match:
         - @ConditionalOnClass did not find required class 'com.couchbase.client.java.Cluster' (OnClassCondition)

   CouchbaseRepositoriesAutoConfiguration:
      Did not match:
         - @ConditionalOnClass did not find required class 'com.couchbase.client.java.Bucket' (OnClassCondition)

   DataSourceAutoConfiguration.EmbeddedDatabaseConfiguration:
      Did not match:
         - EmbeddedDataSource spring.datasource.url is set (DataSourceAutoConfiguration.EmbeddedDatabaseCondition)

   DataSourceConfiguration.Dbcp2:
      Did not match:
         - @ConditionalOnClass did not find required class 'org.apache.commons.dbcp2.BasicDataSource' (OnClassCondition)

   DataSourceConfiguration.Generic:
      Did not match:
         - @ConditionalOnProperty (spring.datasource.type) did not find property 'spring.datasource.type' (OnPropertyCondition)

   DataSourceConfiguration.OracleUcp:
      Did not match:
         - @ConditionalOnClass did not find required classes 'oracle.ucp.jdbc.PoolDataSourceImpl', 'oracle.jdbc.OracleConnection' (OnClassCondition)

   DataSourceConfiguration.Tomcat:
      Did not match:
         - @ConditionalOnClass did not find required class 'org.apache.tomcat.jdbc.pool.DataSource' (OnClassCondition)

   DataSourceJmxConfiguration:
      Did not match:
         - @ConditionalOnProperty (spring.jmx.enabled=true) found different value in property 'enabled' (OnPropertyCondition)

   DataSourcePoolMetadataProvidersConfiguration.CommonsDbcp2PoolDataSourceMetadataProviderConfiguration:
      Did not match:
         - @ConditionalOnClass did not find required class 'org.apache.commons.dbcp2.BasicDataSource' (OnClassCondition)

   DataSourcePoolMetadataProvidersConfiguration.OracleUcpPoolDataSourceMetadataProviderConfiguration:
      Did not match:
         - @ConditionalOnClass did not find required classes 'oracle.ucp.jdbc.PoolDataSource', 'oracle.jdbc.OracleConnection' (OnClassCondition)

   DataSourcePoolMetadataProvidersConfiguration.TomcatDataSourcePoolMetadataProviderConfiguration:
      Did not match:
         - @ConditionalOnClass did not find required class 'org.apache.tomcat.jdbc.pool.DataSource' (OnClassCondition)

   DataSourceTransactionManagerAutoConfiguration.JdbcTransactionManagerConfiguration#transactionManager:
      Did not match:
         - @ConditionalOnMissingBean (types: org.springframework.transaction.TransactionManager; SearchStrategy: all) found beans of type 'org.springframework.transaction.TransactionManager' transactionManager (OnBeanCondition)

   DevToolsDataSourceAutoConfiguration:
      Did not match:
         - Devtools devtools is disabled for current context. (OnEnabledDevToolsCondition)

   DevToolsR2dbcAutoConfiguration:
      Did not match:
         - @ConditionalOnClass did not find required class 'io.r2dbc.spi.ConnectionFactory' (OnClassCondition)

   DispatcherServletAutoConfiguration.DispatcherServletConfiguration#multipartResolver:
      Did not match:
         - @ConditionalOnBean (types: org.springframework.web.multipart.MultipartResolver; SearchStrategy: all) did not find any beans of type org.springframework.web.multipart.MultipartResolver (OnBeanCondition)

   EhCacheCacheConfiguration:
      Did not match:
         - @ConditionalOnClass did not find required class 'net.sf.ehcache.Cache' (OnClassCondition)

   ElasticsearchDataAutoConfiguration:
      Did not match:
         - @ConditionalOnClass did not find required class 'org.springframework.data.elasticsearch.core.ElasticsearchRestTemplate' (OnClassCondition)

   ElasticsearchRepositoriesAutoConfiguration:
      Did not match:
         - @ConditionalOnClass did not find required class 'org.elasticsearch.client.Client' (OnClassCondition)

   ElasticsearchRestClientAutoConfiguration:
      Did not match:
         - @ConditionalOnClass did not find required class 'org.elasticsearch.client.RestClientBuilder' (OnClassCondition)

   EmbeddedLdapAutoConfiguration:
      Did not match:
         - @ConditionalOnClass did not find required class 'com.unboundid.ldap.listener.InMemoryDirectoryServer' (OnClassCondition)

   EmbeddedMongoAutoConfiguration:
      Did not match:
         - @ConditionalOnClass did not find required class 'com.mongodb.MongoClientSettings' (OnClassCondition)

   EmbeddedWebServerFactoryCustomizerAutoConfiguration.JettyWebServerFactoryCustomizerConfiguration:
      Did not match:
         - @ConditionalOnClass did not find required classes 'org.eclipse.jetty.server.Server', 'org.eclipse.jetty.util.Loader', 'org.eclipse.jetty.webapp.WebAppContext' (OnClassCondition)

   EmbeddedWebServerFactoryCustomizerAutoConfiguration.NettyWebServerFactoryCustomizerConfiguration:
      Did not match:
         - @ConditionalOnClass did not find required class 'reactor.netty.http.server.HttpServer' (OnClassCondition)

   EmbeddedWebServerFactoryCustomizerAutoConfiguration.UndertowWebServerFactoryCustomizerConfiguration:
      Did not match:
         - @ConditionalOnClass did not find required classes 'io.undertow.Undertow', 'org.xnio.SslClientAuthMode' (OnClassCondition)

   ErrorWebFluxAutoConfiguration:
      Did not match:
         - @ConditionalOnClass did not find required class 'org.springframework.web.reactive.config.WebFluxConfigurer' (OnClassCondition)

   FreeMarkerAutoConfiguration:
      Did not match:
         - @ConditionalOnClass did not find required class 'freemarker.template.Configuration' (OnClassCondition)

   GraphQlAutoConfiguration:
      Did not match:
         - @ConditionalOnClass did not find required class 'graphql.GraphQL' (OnClassCondition)

   GraphQlQueryByExampleAutoConfiguration:
      Did not match:
         - @ConditionalOnClass did not find required class 'graphql.GraphQL' (OnClassCondition)

   GraphQlQuerydslAutoConfiguration:
      Did not match:
         - @ConditionalOnClass did not find required class 'graphql.GraphQL' (OnClassCondition)

   GraphQlRSocketAutoConfiguration:
      Did not match:
         - @ConditionalOnClass did not find required class 'graphql.GraphQL' (OnClassCondition)

   GraphQlReactiveQueryByExampleAutoConfiguration:
      Did not match:
         - @ConditionalOnClass did not find required class 'graphql.GraphQL' (OnClassCondition)

   GraphQlReactiveQuerydslAutoConfiguration:
      Did not match:
         - @ConditionalOnClass did not find required class 'graphql.GraphQL' (OnClassCondition)

   GraphQlWebFluxAutoConfiguration:
      Did not match:
         - @ConditionalOnClass did not find required class 'graphql.GraphQL' (OnClassCondition)

   GraphQlWebFluxSecurityAutoConfiguration:
      Did not match:
         - @ConditionalOnClass did not find required class 'graphql.GraphQL' (OnClassCondition)

   GraphQlWebMvcAutoConfiguration:
      Did not match:
         - @ConditionalOnClass did not find required class 'graphql.GraphQL' (OnClassCondition)

   GraphQlWebMvcSecurityAutoConfiguration:
      Did not match:
         - @ConditionalOnClass did not find required class 'graphql.GraphQL' (OnClassCondition)

   GsonHttpMessageConvertersConfiguration.GsonHttpMessageConverterConfiguration:
      Did not match:
         - AnyNestedCondition 0 matched 2 did not; NestedCondition on GsonHttpMessageConvertersConfiguration.PreferGsonOrJacksonAndJsonbUnavailableCondition.JacksonJsonbUnavailable NoneNestedConditions 1 matched 1 did not; NestedCondition on GsonHttpMessageConvertersConfiguration.JacksonAndJsonbUnavailableCondition.JsonbPreferred @ConditionalOnProperty (spring.mvc.converters.preferred-json-mapper=jsonb) did not find property 'spring.mvc.converters.preferred-json-mapper'; NestedCondition on GsonHttpMessageConvertersConfiguration.JacksonAndJsonbUnavailableCondition.JacksonAvailable @ConditionalOnBean (types: org.springframework.http.converter.json.MappingJackson2HttpMessageConverter; SearchStrategy: all) found bean 'mappingJackson2HttpMessageConverter'; NestedCondition on GsonHttpMessageConvertersConfiguration.PreferGsonOrJacksonAndJsonbUnavailableCondition.GsonPreferred @ConditionalOnProperty (spring.mvc.converters.preferred-json-mapper=gson) did not find property 'spring.mvc.converters.preferred-json-mapper' (GsonHttpMessageConvertersConfiguration.PreferGsonOrJacksonAndJsonbUnavailableCondition)

   HazelcastAutoConfiguration:
      Did not match:
         - @ConditionalOnClass did not find required class 'com.hazelcast.core.HazelcastInstance' (OnClassCondition)

   HazelcastCacheConfiguration:
      Did not match:
         - @ConditionalOnClass did not find required class 'com.hazelcast.core.HazelcastInstance' (OnClassCondition)

   HazelcastJpaDependencyAutoConfiguration:
      Did not match:
         - @ConditionalOnClass did not find required class 'com.hazelcast.core.HazelcastInstance' (OnClassCondition)

   HttpHandlerAutoConfiguration:
      Did not match:
         - @ConditionalOnClass did not find required class 'org.springframework.web.reactive.DispatcherHandler' (OnClassCondition)

   HypermediaAutoConfiguration.HypermediaConfiguration:
      Did not match:
         - @ConditionalOnMissingBean (types: org.springframework.hateoas.client.LinkDiscoverers; SearchStrategy: all) found beans of type 'org.springframework.hateoas.client.LinkDiscoverers' linkDiscoverers (OnBeanCondition)
      Matched:
         - @ConditionalOnClass found required class 'com.fasterxml.jackson.databind.ObjectMapper' (OnClassCondition)

   InfinispanCacheConfiguration:
      Did not match:
         - @ConditionalOnClass did not find required class 'org.infinispan.spring.embedded.provider.SpringEmbeddedCacheManager' (OnClassCondition)

   InfluxDbAutoConfiguration:
      Did not match:
         - @ConditionalOnClass did not find required class 'org.influxdb.InfluxDB' (OnClassCondition)

   IntegrationAutoConfiguration:
      Did not match:
         - @ConditionalOnClass did not find required class 'org.springframework.integration.config.EnableIntegration' (OnClassCondition)

   JCacheCacheConfiguration:
      Did not match:
         - @ConditionalOnClass did not find required class 'javax.cache.Caching' (OnClassCondition)

   JacksonHttpMessageConvertersConfiguration.MappingJackson2XmlHttpMessageConverterConfiguration:
      Did not match:
         - @ConditionalOnClass did not find required class 'com.fasterxml.jackson.dataformat.xml.XmlMapper' (OnClassCondition)

   JdbcRepositoriesAutoConfiguration:
      Did not match:
         - @ConditionalOnClass did not find required class 'org.springframework.data.jdbc.repository.config.AbstractJdbcConfiguration' (OnClassCondition)

   JerseyAutoConfiguration:
      Did not match:
         - @ConditionalOnClass did not find required class 'org.glassfish.jersey.server.spring.SpringComponentProvider' (OnClassCondition)

   JmsAutoConfiguration:
      Did not match:
         - @ConditionalOnClass did not find required class 'javax.jms.Message' (OnClassCondition)

   JmxAutoConfiguration:
      Did not match:
         - @ConditionalOnProperty (spring.jmx.enabled=true) found different value in property 'enabled' (OnPropertyCondition)
      Matched:
         - @ConditionalOnClass found required class 'org.springframework.jmx.export.MBeanExporter' (OnClassCondition)

   JndiConnectionFactoryAutoConfiguration:
      Did not match:
         - @ConditionalOnClass did not find required class 'org.springframework.jms.core.JmsTemplate' (OnClassCondition)

   JndiDataSourceAutoConfiguration:
      Did not match:
         - @ConditionalOnProperty (spring.datasource.jndi-name) did not find property 'jndi-name' (OnPropertyCondition)
      Matched:
         - @ConditionalOnClass found required classes 'javax.sql.DataSource', 'org.springframework.jdbc.datasource.embedded.EmbeddedDatabaseType' (OnClassCondition)

   JndiJtaConfiguration:
      Did not match:
         - @ConditionalOnJndi JNDI environment is not available (OnJndiCondition)
      Matched:
         - @ConditionalOnClass found required class 'org.springframework.transaction.jta.JtaTransactionManager' (OnClassCondition)

   JooqAutoConfiguration:
      Did not match:
         - @ConditionalOnClass did not find required class 'org.jooq.DSLContext' (OnClassCondition)

   JpaRepositoriesAutoConfiguration#entityManagerFactoryBootstrapExecutorCustomizer:
      Did not match:
         - AnyNestedCondition 0 matched 2 did not; NestedCondition on JpaRepositoriesAutoConfiguration.BootstrapExecutorCondition.LazyBootstrapMode @ConditionalOnProperty (spring.data.jpa.repositories.bootstrap-mode=lazy) did not find property 'bootstrap-mode'; NestedCondition on JpaRepositoriesAutoConfiguration.BootstrapExecutorCondition.DeferredBootstrapMode @ConditionalOnProperty (spring.data.jpa.repositories.bootstrap-mode=deferred) did not find property 'bootstrap-mode' (JpaRepositoriesAutoConfiguration.BootstrapExecutorCondition)

   JsonbAutoConfiguration:
      Did not match:
         - @ConditionalOnClass did not find required class 'javax.json.bind.Jsonb' (OnClassCondition)

   JsonbHttpMessageConvertersConfiguration:
      Did not match:
         - @ConditionalOnClass did not find required class 'javax.json.bind.Jsonb' (OnClassCondition)

   KafkaAutoConfiguration:
      Did not match:
         - @ConditionalOnClass did not find required class 'org.springframework.kafka.core.KafkaTemplate' (OnClassCondition)

   LdapAutoConfiguration:
      Did not match:
         - @ConditionalOnClass did not find required class 'org.springframework.ldap.core.ContextSource' (OnClassCondition)

   LdapRepositoriesAutoConfiguration:
      Did not match:
         - @ConditionalOnClass did not find required class 'org.springframework.data.ldap.repository.LdapRepository' (OnClassCondition)

   LiquibaseAutoConfiguration:
      Did not match:
         - @ConditionalOnClass did not find required class 'liquibase.change.DatabaseChange' (OnClassCondition)

   LocalDevToolsAutoConfiguration:
      Did not match:
         - Initialized Restarter Condition initialized without URLs (OnInitializedRestarterCondition)

   MailSenderAutoConfiguration:
      Did not match:
         - @ConditionalOnClass did not find required class 'javax.mail.internet.MimeMessage' (OnClassCondition)

   MailSenderValidatorAutoConfiguration:
      Did not match:
         - @ConditionalOnProperty (spring.mail.test-connection) did not find property 'test-connection' (OnPropertyCondition)

   MessageSourceAutoConfiguration:
      Did not match:
         - ResourceBundle did not find bundle with basename messages (MessageSourceAutoConfiguration.ResourceBundleCondition)

   MongoAutoConfiguration:
      Did not match:
         - @ConditionalOnClass did not find required class 'com.mongodb.client.MongoClient' (OnClassCondition)

   MongoDataAutoConfiguration:
      Did not match:
         - @ConditionalOnClass did not find required class 'com.mongodb.client.MongoClient' (OnClassCondition)

   MongoReactiveAutoConfiguration:
      Did not match:
         - @ConditionalOnClass did not find required class 'com.mongodb.reactivestreams.client.MongoClient' (OnClassCondition)

   MongoReactiveDataAutoConfiguration:
      Did not match:
         - @ConditionalOnClass did not find required class 'com.mongodb.reactivestreams.client.MongoClient' (OnClassCondition)

   MongoReactiveRepositoriesAutoConfiguration:
      Did not match:
         - @ConditionalOnClass did not find required class 'com.mongodb.reactivestreams.client.MongoClient' (OnClassCondition)

   MongoRepositoriesAutoConfiguration:
      Did not match:
         - @ConditionalOnClass did not find required class 'com.mongodb.client.MongoClient' (OnClassCondition)

   MustacheAutoConfiguration:
      Did not match:
         - @ConditionalOnClass did not find required class 'com.samskivert.mustache.Mustache' (OnClassCondition)

   Neo4jAutoConfiguration:
      Did not match:
         - @ConditionalOnClass did not find required class 'org.neo4j.driver.Driver' (OnClassCondition)

   Neo4jDataAutoConfiguration:
      Did not match:
         - @ConditionalOnClass did not find required class 'org.neo4j.driver.Driver' (OnClassCondition)

   Neo4jReactiveDataAutoConfiguration:
      Did not match:
         - @ConditionalOnClass did not find required class 'org.neo4j.driver.Driver' (OnClassCondition)

   Neo4jReactiveRepositoriesAutoConfiguration:
      Did not match:
         - @ConditionalOnClass did not find required class 'org.neo4j.driver.Driver' (OnClassCondition)

   Neo4jRepositoriesAutoConfiguration:
      Did not match:
         - @ConditionalOnClass did not find required class 'org.neo4j.driver.Driver' (OnClassCondition)

   OAuth2ClientAutoConfiguration:
      Did not match:
         - @ConditionalOnClass did not find required class 'org.springframework.security.oauth2.client.registration.ClientRegistration' (OnClassCondition)

   OAuth2ResourceServerAutoConfiguration:
      Did not match:
         - @ConditionalOnClass did not find required class 'org.springframework.security.oauth2.server.resource.BearerTokenAuthenticationToken' (OnClassCondition)

   ProjectInfoAutoConfiguration#buildProperties:
      Did not match:
         - @ConditionalOnResource did not find resource '${spring.info.build.location:classpath:META-INF/build-info.properties}' (OnResourceCondition)

   ProjectInfoAutoConfiguration#gitProperties:
      Did not match:
         - GitResource did not find git info at classpath:git.properties (ProjectInfoAutoConfiguration.GitResourceAvailableCondition)

   QuartzAutoConfiguration:
      Did not match:
         - @ConditionalOnClass did not find required class 'org.quartz.Scheduler' (OnClassCondition)

   R2dbcAutoConfiguration:
      Did not match:
         - @ConditionalOnClass did not find required class 'io.r2dbc.spi.ConnectionFactory' (OnClassCondition)

   R2dbcDataAutoConfiguration:
      Did not match:
         - @ConditionalOnClass did not find required class 'org.springframework.data.r2dbc.core.R2dbcEntityTemplate' (OnClassCondition)

   R2dbcInitializationConfiguration:
      Did not match:
         - @ConditionalOnClass did not find required classes 'io.r2dbc.spi.ConnectionFactory', 'org.springframework.r2dbc.connection.init.DatabasePopulator' (OnClassCondition)

   R2dbcRepositoriesAutoConfiguration:
      Did not match:
         - @ConditionalOnClass did not find required class 'io.r2dbc.spi.ConnectionFactory' (OnClassCondition)

   R2dbcTransactionManagerAutoConfiguration:
      Did not match:
         - @ConditionalOnClass did not find required class 'org.springframework.r2dbc.connection.R2dbcTransactionManager' (OnClassCondition)

   RSocketGraphQlClientAutoConfiguration:
      Did not match:
         - @ConditionalOnClass did not find required class 'graphql.GraphQL' (OnClassCondition)

   RSocketMessagingAutoConfiguration:
      Did not match:
         - @ConditionalOnClass did not find required class 'io.rsocket.RSocket' (OnClassCondition)

   RSocketRequesterAutoConfiguration:
      Did not match:
         - @ConditionalOnClass did not find required class 'io.rsocket.RSocket' (OnClassCondition)

   RSocketSecurityAutoConfiguration:
      Did not match:
         - @ConditionalOnClass did not find required class 'org.springframework.security.rsocket.core.SecuritySocketAcceptorInterceptor' (OnClassCondition)

   RSocketServerAutoConfiguration:
      Did not match:
         - @ConditionalOnClass did not find required class 'io.rsocket.core.RSocketServer' (OnClassCondition)

   RSocketStrategiesAutoConfiguration:
      Did not match:
         - @ConditionalOnClass did not find required class 'io.rsocket.RSocket' (OnClassCondition)

   RabbitAutoConfiguration:
      Did not match:
         - @ConditionalOnClass did not find required class 'com.rabbitmq.client.Channel' (OnClassCondition)

   ReactiveElasticsearchRepositoriesAutoConfiguration:
      Did not match:
         - @ConditionalOnClass did not find required class 'org.springframework.data.elasticsearch.client.reactive.ReactiveElasticsearchClient' (OnClassCondition)

   ReactiveElasticsearchRestClientAutoConfiguration:
      Did not match:
         - @ConditionalOnClass did not find required class 'reactor.netty.http.client.HttpClient' (OnClassCondition)

   ReactiveMultipartAutoConfiguration:
      Did not match:
         - @ConditionalOnClass did not find required class 'org.springframework.web.reactive.config.WebFluxConfigurer' (OnClassCondition)

   ReactiveOAuth2ClientAutoConfiguration:
      Did not match:
         - @ConditionalOnClass did not find required class 'reactor.core.publisher.Flux' (OnClassCondition)

   ReactiveOAuth2ResourceServerAutoConfiguration:
      Did not match:
         - @ConditionalOnWebApplication did not find reactive web application classes (OnWebApplicationCondition)

   ReactiveSecurityAutoConfiguration:
      Did not match:
         - @ConditionalOnClass did not find required class 'reactor.core.publisher.Flux' (OnClassCondition)

   ReactiveUserDetailsServiceAutoConfiguration:
      Did not match:
         - AnyNestedCondition 0 matched 2 did not; NestedCondition on ReactiveUserDetailsServiceAutoConfiguration.ReactiveUserDetailsServiceCondition.ReactiveWebApplicationCondition did not find reactive web application classes; NestedCondition on ReactiveUserDetailsServiceAutoConfiguration.ReactiveUserDetailsServiceCondition.RSocketSecurityEnabledCondition @ConditionalOnBean (types: org.springframework.messaging.rsocket.annotation.support.RSocketMessageHandler; SearchStrategy: all) did not find any beans of type org.springframework.messaging.rsocket.annotation.support.RSocketMessageHandler (ReactiveUserDetailsServiceAutoConfiguration.ReactiveUserDetailsServiceCondition)
      Matched:
         - @ConditionalOnClass found required class 'org.springframework.security.authentication.ReactiveAuthenticationManager' (OnClassCondition)

   ReactiveWebServerFactoryAutoConfiguration:
      Did not match:
         - @ConditionalOnWebApplication did not find reactive web application classes (OnWebApplicationCondition)

   RedisAutoConfiguration:
      Did not match:
         - @ConditionalOnClass did not find required class 'org.springframework.data.redis.core.RedisOperations' (OnClassCondition)

   RedisCacheConfiguration:
      Did not match:
         - @ConditionalOnClass did not find required class 'org.springframework.data.redis.connection.RedisConnectionFactory' (OnClassCondition)

   RedisReactiveAutoConfiguration:
      Did not match:
         - @ConditionalOnClass did not find required class 'reactor.core.publisher.Flux' (OnClassCondition)

   RedisRepositoriesAutoConfiguration:
      Did not match:
         - @ConditionalOnClass did not find required class 'org.springframework.data.redis.repository.configuration.EnableRedisRepositories' (OnClassCondition)

   RemoteDevToolsAutoConfiguration:
      Did not match:
         - @ConditionalOnProperty (spring.devtools.remote.secret) did not find property 'secret' (OnPropertyCondition)
      Matched:
         - @ConditionalOnClass found required classes 'javax.servlet.Filter', 'org.springframework.http.server.ServerHttpRequest' (OnClassCondition)

   Saml2RelyingPartyAutoConfiguration:
      Did not match:
         - @ConditionalOnClass did not find required class 'org.springframework.security.saml2.provider.service.registration.RelyingPartyRegistrationRepository' (OnClassCondition)

   SecurityDataConfiguration:
      Did not match:
         - @ConditionalOnClass did not find required class 'org.springframework.security.data.repository.query.SecurityEvaluationContextExtension' (OnClassCondition)

   SendGridAutoConfiguration:
      Did not match:
         - @ConditionalOnClass did not find required class 'com.sendgrid.SendGrid' (OnClassCondition)

   ServletWebServerFactoryAutoConfiguration.ForwardedHeaderFilterConfiguration:
      Did not match:
         - @ConditionalOnProperty (server.forward-headers-strategy=framework) did not find property 'server.forward-headers-strategy' (OnPropertyCondition)

   ServletWebServerFactoryConfiguration.EmbeddedJetty:
      Did not match:
         - @ConditionalOnClass did not find required classes 'org.eclipse.jetty.server.Server', 'org.eclipse.jetty.util.Loader', 'org.eclipse.jetty.webapp.WebAppContext' (OnClassCondition)

   ServletWebServerFactoryConfiguration.EmbeddedUndertow:
      Did not match:
         - @ConditionalOnClass did not find required classes 'io.undertow.Undertow', 'org.xnio.SslClientAuthMode' (OnClassCondition)

   SessionAutoConfiguration:
      Did not match:
         - @ConditionalOnClass did not find required class 'org.springframework.session.Session' (OnClassCondition)

   SolrAutoConfiguration:
      Did not match:
         - @ConditionalOnClass did not find required class 'org.apache.solr.client.solrj.impl.CloudSolrClient' (OnClassCondition)

   SpringApplicationAdminJmxAutoConfiguration:
      Did not match:
         - @ConditionalOnProperty (spring.application.admin.enabled=true) did not find property 'enabled' (OnPropertyCondition)

   SpringBootWebSecurityConfiguration.SecurityFilterChainConfiguration:
      Did not match:
         - AllNestedConditions 1 matched 1 did not; NestedCondition on DefaultWebSecurityCondition.Beans @ConditionalOnMissingBean (types: org.springframework.security.config.annotation.web.configuration.WebSecurityConfigurerAdapter,org.springframework.security.web.SecurityFilterChain; SearchStrategy: all) found beans of type 'org.springframework.security.config.annotation.web.configuration.WebSecurityConfigurerAdapter' webSecurityConfig; NestedCondition on DefaultWebSecurityCondition.Classes @ConditionalOnClass found required classes 'org.springframework.security.web.SecurityFilterChain', 'org.springframework.security.config.annotation.web.builders.HttpSecurity' (DefaultWebSecurityCondition)

   SpringBootWebSecurityConfiguration.WebSecurityEnablerConfiguration:
      Did not match:
         - @ConditionalOnMissingBean (names: springSecurityFilterChain; SearchStrategy: all) found beans named springSecurityFilterChain (OnBeanCondition)
      Matched:
         - @ConditionalOnClass found required class 'org.springframework.security.config.annotation.web.configuration.EnableWebSecurity' (OnClassCondition)

   SpringDataWebAutoConfiguration:
      Did not match:
         - @ConditionalOnMissingBean (types: org.springframework.data.web.PageableHandlerMethodArgumentResolver; SearchStrategy: all) found beans of type 'org.springframework.data.web.PageableHandlerMethodArgumentResolver' pageableResolver (OnBeanCondition)
      Matched:
         - @ConditionalOnClass found required classes 'org.springframework.data.web.PageableHandlerMethodArgumentResolver', 'org.springframework.web.servlet.config.annotation.WebMvcConfigurer' (OnClassCondition)
         - found 'session' scope (OnWebApplicationCondition)

   TaskSchedulingAutoConfiguration#taskScheduler:
      Did not match:
         - @ConditionalOnBean (names: org.springframework.context.annotation.internalScheduledAnnotationProcessor; SearchStrategy: all) did not find any beans named org.springframework.context.annotation.internalScheduledAnnotationProcessor (OnBeanCondition)

   TemplateEngineConfigurations.ReactiveTemplateEngineConfiguration:
      Did not match:
         - did not find reactive web application classes (OnWebApplicationCondition)

   ThymeleafAutoConfiguration.DataAttributeDialectConfiguration:
      Did not match:
         - @ConditionalOnClass did not find required class 'com.github.mxab.thymeleaf.extras.dataattribute.dialect.DataAttributeDialect' (OnClassCondition)

   ThymeleafAutoConfiguration.ThymeleafSecurityDialectConfiguration:
      Did not match:
         - @ConditionalOnClass did not find required class 'org.thymeleaf.extras.springsecurity5.dialect.SpringSecurityDialect' (OnClassCondition)

   ThymeleafAutoConfiguration.ThymeleafWebFluxConfiguration:
      Did not match:
         - did not find reactive web application classes (OnWebApplicationCondition)

   ThymeleafAutoConfiguration.ThymeleafWebLayoutConfiguration:
      Did not match:
         - @ConditionalOnClass did not find required class 'nz.net.ultraq.thymeleaf.layoutdialect.LayoutDialect' (OnClassCondition)

   ThymeleafAutoConfiguration.ThymeleafWebMvcConfiguration#resourceUrlEncodingFilter:
      Did not match:
         - @ConditionalOnEnabledResourceChain did not find class org.webjars.WebJarAssetLocator (OnEnabledResourceChainCondition)

   TransactionAutoConfiguration#transactionalOperator:
      Did not match:
         - @ConditionalOnSingleCandidate (types: org.springframework.transaction.ReactiveTransactionManager; SearchStrategy: all) did not find any beans (OnBeanCondition)

   TransactionAutoConfiguration.EnableTransactionManagementConfiguration.JdkDynamicAutoProxyConfiguration:
      Did not match:
         - @ConditionalOnProperty (spring.aop.proxy-target-class=false) did not find property 'proxy-target-class' (OnPropertyCondition)

   UserDetailsServiceAutoConfiguration:
      Did not match:
         - @ConditionalOnMissingBean (types: org.springframework.security.authentication.AuthenticationManager,org.springframework.security.authentication.AuthenticationProvider,org.springframework.security.core.userdetails.UserDetailsService,org.springframework.security.authentication.AuthenticationManagerResolver,org.springframework.security.oauth2.jwt.JwtDecoder,org.springframework.security.oauth2.server.resource.introspection.OpaqueTokenIntrospector,org.springframework.security.oauth2.client.registration.ClientRegistrationRepository,org.springframework.security.saml2.provider.service.registration.RelyingPartyRegistrationRepository; SearchStrategy: all) found beans of type 'org.springframework.security.authentication.AuthenticationManager' authenticationManagerBean and found beans of type 'org.springframework.security.core.userdetails.UserDetailsService' usuarioService (OnBeanCondition)
      Matched:
         - @ConditionalOnClass found required class 'org.springframework.security.authentication.AuthenticationManager' (OnClassCondition)

   ValidationAutoConfiguration:
      Did not match:
         - @ConditionalOnResource did not find resource 'classpath:META-INF/services/javax.validation.spi.ValidationProvider' (OnResourceCondition)
      Matched:
         - @ConditionalOnClass found required class 'javax.validation.executable.ExecutableValidator' (OnClassCondition)

   WebClientAutoConfiguration:
      Did not match:
         - @ConditionalOnClass did not find required class 'org.springframework.web.reactive.function.client.WebClient' (OnClassCondition)

   WebFluxAutoConfiguration:
      Did not match:
         - @ConditionalOnClass did not find required class 'org.springframework.web.reactive.config.WebFluxConfigurer' (OnClassCondition)

   WebMvcAutoConfiguration#hiddenHttpMethodFilter:
      Did not match:
         - @ConditionalOnProperty (spring.mvc.hiddenmethod.filter.enabled) did not find property 'enabled' (OnPropertyCondition)

   WebMvcAutoConfiguration.ResourceChainCustomizerConfiguration:
      Did not match:
         - @ConditionalOnEnabledResourceChain did not find class org.webjars.WebJarAssetLocator (OnEnabledResourceChainCondition)

   WebMvcAutoConfiguration.WebMvcAutoConfigurationAdapter#beanNameViewResolver:
      Did not match:
         - @ConditionalOnMissingBean (types: org.springframework.web.servlet.view.BeanNameViewResolver; SearchStrategy: all) found beans of type 'org.springframework.web.servlet.view.BeanNameViewResolver' beanNameViewResolver (OnBeanCondition)

   WebServiceTemplateAutoConfiguration:
      Did not match:
         - @ConditionalOnClass did not find required class 'org.springframework.oxm.Marshaller' (OnClassCondition)

   WebServicesAutoConfiguration:
      Did not match:
         - @ConditionalOnClass did not find required class 'org.springframework.ws.transport.http.MessageDispatcherServlet' (OnClassCondition)

   WebSessionIdResolverAutoConfiguration:
      Did not match:
         - @ConditionalOnClass did not find required class 'reactor.core.publisher.Mono' (OnClassCondition)

   WebSocketMessagingAutoConfiguration:
      Did not match:
         - @ConditionalOnClass did not find required class 'org.springframework.web.socket.config.annotation.WebSocketMessageBrokerConfigurer' (OnClassCondition)

   WebSocketReactiveAutoConfiguration:
      Did not match:
         - @ConditionalOnWebApplication did not find reactive web application classes (OnWebApplicationCondition)

   WebSocketServletAutoConfiguration.Jetty10WebSocketConfiguration:
      Did not match:
         - @ConditionalOnClass did not find required classes 'org.eclipse.jetty.websocket.javax.server.internal.JavaxWebSocketServerContainer', 'org.eclipse.jetty.websocket.server.JettyWebSocketServerContainer' (OnClassCondition)

   WebSocketServletAutoConfiguration.JettyWebSocketConfiguration:
      Did not match:
         - @ConditionalOnClass did not find required class 'org.eclipse.jetty.websocket.jsr356.server.deploy.WebSocketServerContainerInitializer' (OnClassCondition)

   WebSocketServletAutoConfiguration.UndertowWebSocketConfiguration:
      Did not match:
         - @ConditionalOnClass did not find required class 'io.undertow.websockets.jsr.Bootstrap' (OnClassCondition)

   XADataSourceAutoConfiguration:
      Did not match:
         - @ConditionalOnBean (types: org.springframework.boot.jdbc.XADataSourceWrapper; SearchStrategy: all) did not find any beans of type org.springframework.boot.jdbc.XADataSourceWrapper (OnBeanCondition)
      Matched:
         - @ConditionalOnClass found required classes 'javax.sql.DataSource', 'javax.transaction.TransactionManager', 'org.springframework.jdbc.datasource.embedded.EmbeddedDatabaseType' (OnClassCondition)


Exclusions:
-----------

    None


Unconditional classes:
----------------------

    org.springframework.boot.autoconfigure.context.ConfigurationPropertiesAutoConfiguration

    org.springframework.boot.autoconfigure.context.PropertyPlaceholderAutoConfiguration

    org.springframework.boot.autoconfigure.context.LifecycleAutoConfiguration

    org.springframework.boot.autoconfigure.availability.ApplicationAvailabilityAutoConfiguration

    org.springframework.boot.autoconfigure.info.ProjectInfoAutoConfiguration



2023-04-04 21:53:42,269 main ERROR An exception occurred processing Appender Console java.lang.IllegalStateException: Illegal access: this web application instance has been stopped already. Could not load [db/migration/V1__create_init_tables.sql]. The following stack trace is thrown for debugging purposes as well as to attempt to terminate the thread which caused the illegal access.
	at org.apache.catalina.loader.WebappClassLoaderBase.checkStateForResourceLoading(WebappClassLoaderBase.java:1432)
	at org.apache.catalina.loader.WebappClassLoaderBase.getResource(WebappClassLoaderBase.java:1057)
	at org.flywaydb.core.internal.resource.classpath.ClassPathResource.getUrl(ClassPathResource.java:85)
	at org.flywaydb.core.internal.resource.classpath.ClassPathResource.getAbsolutePathOnDisk(ClassPathResource.java:74)
	at org.flywaydb.core.internal.sqlscript.FlywaySqlScriptException.getMessage(FlywaySqlScriptException.java:81)
	at java.base/java.lang.Throwable.getLocalizedMessage(Throwable.java:396)
	at java.base/java.lang.Throwable.toString(Throwable.java:495)
	at java.base/java.lang.String.valueOf(String.java:3042)
	at java.base/java.lang.StringBuilder.append(StringBuilder.java:168)
	at java.base/java.lang.Throwable.printEnclosedStackTrace(Throwable.java:709)
	at java.base/java.lang.Throwable.printEnclosedStackTrace(Throwable.java:723)
	at java.base/java.lang.Throwable.printEnclosedStackTrace(Throwable.java:723)
	at java.base/java.lang.Throwable.printEnclosedStackTrace(Throwable.java:723)
	at java.base/java.lang.Throwable.printEnclosedStackTrace(Throwable.java:723)
	at java.base/java.lang.Throwable.printEnclosedStackTrace(Throwable.java:723)
	at java.base/java.lang.Throwable.printEnclosedStackTrace(Throwable.java:723)
	at java.base/java.lang.Throwable.printEnclosedStackTrace(Throwable.java:723)
	at java.base/java.lang.Throwable.printEnclosedStackTrace(Throwable.java:723)
	at java.base/java.lang.Throwable.printStackTrace(Throwable.java:681)
	at java.base/java.lang.Throwable.printStackTrace(Throwable.java:735)
	at org.apache.logging.log4j.core.pattern.ThrowablePatternConverter.formatOption(ThrowablePatternConverter.java:211)
	at org.apache.logging.log4j.core.pattern.ThrowablePatternConverter.format(ThrowablePatternConverter.java:137)
	at org.apache.logging.log4j.core.layout.PatternLayout$NoFormatPatternSerializer.toSerializable(PatternLayout.java:342)
	at org.apache.logging.log4j.core.layout.PatternLayout.toText(PatternLayout.java:240)
	at org.apache.logging.log4j.core.layout.PatternLayout.encode(PatternLayout.java:225)
	at org.apache.logging.log4j.core.layout.PatternLayout.encode(PatternLayout.java:59)
	at org.apache.logging.log4j.core.appender.AbstractOutputStreamAppender.directEncodeEvent(AbstractOutputStreamAppender.java:215)
	at org.apache.logging.log4j.core.appender.AbstractOutputStreamAppender.tryAppend(AbstractOutputStreamAppender.java:208)
	at org.apache.logging.log4j.core.appender.AbstractOutputStreamAppender.append(AbstractOutputStreamAppender.java:199)
	at org.apache.logging.log4j.core.config.AppenderControl.tryCallAppender(AppenderControl.java:161)
	at org.apache.logging.log4j.core.config.AppenderControl.callAppender0(AppenderControl.java:134)
	at org.apache.logging.log4j.core.config.AppenderControl.callAppenderPreventRecursion(AppenderControl.java:125)
	at org.apache.logging.log4j.core.config.AppenderControl.callAppender(AppenderControl.java:89)
	at org.apache.logging.log4j.core.config.LoggerConfig.callAppenders(LoggerConfig.java:675)
	at org.apache.logging.log4j.core.config.LoggerConfig.processLogEvent(LoggerConfig.java:633)
	at org.apache.logging.log4j.core.config.LoggerConfig.log(LoggerConfig.java:616)
	at org.apache.logging.log4j.core.config.LoggerConfig.log(LoggerConfig.java:552)
	at org.apache.logging.log4j.core.config.AwaitCompletionReliabilityStrategy.log(AwaitCompletionReliabilityStrategy.java:82)
	at org.apache.logging.log4j.core.Logger.log(Logger.java:161)
	at org.apache.logging.log4j.spi.AbstractLogger.tryLogMessage(AbstractLogger.java:2205)
	at org.apache.logging.log4j.spi.AbstractLogger.logMessageTrackRecursion(AbstractLogger.java:2159)
	at org.apache.logging.log4j.spi.AbstractLogger.logMessageSafely(AbstractLogger.java:2142)
	at org.apache.logging.log4j.spi.AbstractLogger.logMessage(AbstractLogger.java:2017)
	at org.apache.logging.log4j.spi.AbstractLogger.logIfEnabled(AbstractLogger.java:1983)
	at org.apache.commons.logging.LogAdapter$Log4jLog.log(LogAdapter.java:263)
	at org.apache.commons.logging.LogAdapter$Log4jLog.error(LogAdapter.java:215)
	at org.springframework.boot.SpringApplication.reportFailure(SpringApplication.java:824)
	at org.springframework.boot.SpringApplication.handleRunFailure(SpringApplication.java:788)
	at org.springframework.boot.SpringApplication.run(SpringApplication.java:318)
	at org.springframework.boot.test.context.SpringBootContextLoader.loadContext(SpringBootContextLoader.java:132)
	at org.springframework.test.context.cache.DefaultCacheAwareContextLoaderDelegate.loadContextInternal(DefaultCacheAwareContextLoaderDelegate.java:99)
	at org.springframework.test.context.cache.DefaultCacheAwareContextLoaderDelegate.loadContext(DefaultCacheAwareContextLoaderDelegate.java:124)
	at org.springframework.test.context.support.DefaultTestContext.getApplicationContext(DefaultTestContext.java:124)
	at org.springframework.test.context.support.DependencyInjectionTestExecutionListener.injectDependencies(DependencyInjectionTestExecutionListener.java:118)
	at org.springframework.test.context.support.DependencyInjectionTestExecutionListener.prepareTestInstance(DependencyInjectionTestExecutionListener.java:83)
	at org.springframework.boot.test.autoconfigure.SpringBootDependencyInjectionTestExecutionListener.prepareTestInstance(SpringBootDependencyInjectionTestExecutionListener.java:43)
	at org.springframework.test.context.TestContextManager.prepareTestInstance(TestContextManager.java:248)
	at org.springframework.test.context.junit4.SpringJUnit4ClassRunner.createTest(SpringJUnit4ClassRunner.java:227)
	at org.springframework.test.context.junit4.SpringJUnit4ClassRunner$1.runReflectiveCall(SpringJUnit4ClassRunner.java:289)
	at org.junit.internal.runners.model.ReflectiveCallable.run(ReflectiveCallable.java:12)
	at org.springframework.test.context.junit4.SpringJUnit4ClassRunner.methodBlock(SpringJUnit4ClassRunner.java:291)
	at org.springframework.test.context.junit4.SpringJUnit4ClassRunner.runChild(SpringJUnit4ClassRunner.java:246)
	at org.springframework.test.context.junit4.SpringJUnit4ClassRunner.runChild(SpringJUnit4ClassRunner.java:97)
	at org.junit.runners.ParentRunner$3.run(ParentRunner.java:290)
	at org.junit.runners.ParentRunner$1.schedule(ParentRunner.java:71)
	at org.junit.runners.ParentRunner.runChildren(ParentRunner.java:288)
	at org.junit.runners.ParentRunner.access$000(ParentRunner.java:58)
	at org.junit.runners.ParentRunner$2.evaluate(ParentRunner.java:268)
	at org.springframework.test.context.junit4.statements.RunBeforeTestClassCallbacks.evaluate(RunBeforeTestClassCallbacks.java:61)
	at org.springframework.test.context.junit4.statements.RunAfterTestClassCallbacks.evaluate(RunAfterTestClassCallbacks.java:70)
	at org.junit.runners.ParentRunner.run(ParentRunner.java:363)
	at org.springframework.test.context.junit4.SpringJUnit4ClassRunner.run(SpringJUnit4ClassRunner.java:190)
	at org.junit.runners.Suite.runChild(Suite.java:128)
	at org.junit.runners.Suite.runChild(Suite.java:27)
	at org.junit.runners.ParentRunner$3.run(ParentRunner.java:290)
	at org.junit.runners.ParentRunner$1.schedule(ParentRunner.java:71)
	at org.junit.runners.ParentRunner.runChildren(ParentRunner.java:288)
	at org.junit.runners.ParentRunner.access$000(ParentRunner.java:58)
	at org.junit.runners.ParentRunner$2.evaluate(ParentRunner.java:268)
	at org.junit.runners.ParentRunner.run(ParentRunner.java:363)
	at org.junit.runner.JUnitCore.run(JUnitCore.java:137)
	at org.junit.runner.JUnitCore.run(JUnitCore.java:115)
	at org.apache.maven.surefire.junitcore.JUnitCoreWrapper.createRequestAndRun(JUnitCoreWrapper.java:108)
	at org.apache.maven.surefire.junitcore.JUnitCoreWrapper.executeEager(JUnitCoreWrapper.java:78)
	at org.apache.maven.surefire.junitcore.JUnitCoreWrapper.execute(JUnitCoreWrapper.java:54)
	at org.apache.maven.surefire.junitcore.JUnitCoreProvider.invoke(JUnitCoreProvider.java:144)
	at org.apache.maven.surefire.booter.ForkedBooter.invokeProviderInSameClassLoader(ForkedBooter.java:203)
	at org.apache.maven.surefire.booter.ForkedBooter.runSuitesInProcess(ForkedBooter.java:155)
	at org.apache.maven.surefire.booter.ForkedBooter.main(ForkedBooter.java:103)

2023-04-04 21:53:42,272 main ERROR An exception occurred processing Appender RollingFile org.apache.logging.log4j.core.appender.AppenderLoggingException: java.lang.NoSuchMethodError: org.apache.logging.log4j.util.StackLocatorUtil.getCurrentStackTrace()Ljava/util/Deque;
	at org.apache.logging.log4j.core.config.AppenderControl.tryCallAppender(AppenderControl.java:165)
	at org.apache.logging.log4j.core.config.AppenderControl.callAppender0(AppenderControl.java:134)
	at org.apache.logging.log4j.core.config.AppenderControl.callAppenderPreventRecursion(AppenderControl.java:125)
	at org.apache.logging.log4j.core.config.AppenderControl.callAppender(AppenderControl.java:89)
	at org.apache.logging.log4j.core.config.LoggerConfig.callAppenders(LoggerConfig.java:675)
	at org.apache.logging.log4j.core.config.LoggerConfig.processLogEvent(LoggerConfig.java:633)
	at org.apache.logging.log4j.core.config.LoggerConfig.log(LoggerConfig.java:616)
	at org.apache.logging.log4j.core.config.LoggerConfig.log(LoggerConfig.java:552)
	at org.apache.logging.log4j.core.config.AwaitCompletionReliabilityStrategy.log(AwaitCompletionReliabilityStrategy.java:82)
	at org.apache.logging.log4j.core.Logger.log(Logger.java:161)
	at org.apache.logging.log4j.spi.AbstractLogger.tryLogMessage(AbstractLogger.java:2205)
	at org.apache.logging.log4j.spi.AbstractLogger.logMessageTrackRecursion(AbstractLogger.java:2159)
	at org.apache.logging.log4j.spi.AbstractLogger.logMessageSafely(AbstractLogger.java:2142)
	at org.apache.logging.log4j.spi.AbstractLogger.logMessage(AbstractLogger.java:2017)
	at org.apache.logging.log4j.spi.AbstractLogger.logIfEnabled(AbstractLogger.java:1983)
	at org.apache.commons.logging.LogAdapter$Log4jLog.log(LogAdapter.java:263)
	at org.apache.commons.logging.LogAdapter$Log4jLog.error(LogAdapter.java:215)
	at org.springframework.boot.SpringApplication.reportFailure(SpringApplication.java:824)
	at org.springframework.boot.SpringApplication.handleRunFailure(SpringApplication.java:788)
	at org.springframework.boot.SpringApplication.run(SpringApplication.java:318)
	at org.springframework.boot.test.context.SpringBootContextLoader.loadContext(SpringBootContextLoader.java:132)
	at org.springframework.test.context.cache.DefaultCacheAwareContextLoaderDelegate.loadContextInternal(DefaultCacheAwareContextLoaderDelegate.java:99)
	at org.springframework.test.context.cache.DefaultCacheAwareContextLoaderDelegate.loadContext(DefaultCacheAwareContextLoaderDelegate.java:124)
	at org.springframework.test.context.support.DefaultTestContext.getApplicationContext(DefaultTestContext.java:124)
	at org.springframework.test.context.support.DependencyInjectionTestExecutionListener.injectDependencies(DependencyInjectionTestExecutionListener.java:118)
	at org.springframework.test.context.support.DependencyInjectionTestExecutionListener.prepareTestInstance(DependencyInjectionTestExecutionListener.java:83)
	at org.springframework.boot.test.autoconfigure.SpringBootDependencyInjectionTestExecutionListener.prepareTestInstance(SpringBootDependencyInjectionTestExecutionListener.java:43)
	at org.springframework.test.context.TestContextManager.prepareTestInstance(TestContextManager.java:248)
	at org.springframework.test.context.junit4.SpringJUnit4ClassRunner.createTest(SpringJUnit4ClassRunner.java:227)
	at org.springframework.test.context.junit4.SpringJUnit4ClassRunner$1.runReflectiveCall(SpringJUnit4ClassRunner.java:289)
	at org.junit.internal.runners.model.ReflectiveCallable.run(ReflectiveCallable.java:12)
	at org.springframework.test.context.junit4.SpringJUnit4ClassRunner.methodBlock(SpringJUnit4ClassRunner.java:291)
	at org.springframework.test.context.junit4.SpringJUnit4ClassRunner.runChild(SpringJUnit4ClassRunner.java:246)
	at org.springframework.test.context.junit4.SpringJUnit4ClassRunner.runChild(SpringJUnit4ClassRunner.java:97)
	at org.junit.runners.ParentRunner$3.run(ParentRunner.java:290)
	at org.junit.runners.ParentRunner$1.schedule(ParentRunner.java:71)
	at org.junit.runners.ParentRunner.runChildren(ParentRunner.java:288)
	at org.junit.runners.ParentRunner.access$000(ParentRunner.java:58)
	at org.junit.runners.ParentRunner$2.evaluate(ParentRunner.java:268)
	at org.springframework.test.context.junit4.statements.RunBeforeTestClassCallbacks.evaluate(RunBeforeTestClassCallbacks.java:61)
	at org.springframework.test.context.junit4.statements.RunAfterTestClassCallbacks.evaluate(RunAfterTestClassCallbacks.java:70)
	at org.junit.runners.ParentRunner.run(ParentRunner.java:363)
	at org.springframework.test.context.junit4.SpringJUnit4ClassRunner.run(SpringJUnit4ClassRunner.java:190)
	at org.junit.runners.Suite.runChild(Suite.java:128)
	at org.junit.runners.Suite.runChild(Suite.java:27)
	at org.junit.runners.ParentRunner$3.run(ParentRunner.java:290)
	at org.junit.runners.ParentRunner$1.schedule(ParentRunner.java:71)
	at org.junit.runners.ParentRunner.runChildren(ParentRunner.java:288)
	at org.junit.runners.ParentRunner.access$000(ParentRunner.java:58)
	at org.junit.runners.ParentRunner$2.evaluate(ParentRunner.java:268)
	at org.junit.runners.ParentRunner.run(ParentRunner.java:363)
	at org.junit.runner.JUnitCore.run(JUnitCore.java:137)
	at org.junit.runner.JUnitCore.run(JUnitCore.java:115)
	at org.apache.maven.surefire.junitcore.JUnitCoreWrapper.createRequestAndRun(JUnitCoreWrapper.java:108)
	at org.apache.maven.surefire.junitcore.JUnitCoreWrapper.executeEager(JUnitCoreWrapper.java:78)
	at org.apache.maven.surefire.junitcore.JUnitCoreWrapper.execute(JUnitCoreWrapper.java:54)
	at org.apache.maven.surefire.junitcore.JUnitCoreProvider.invoke(JUnitCoreProvider.java:144)
	at org.apache.maven.surefire.booter.ForkedBooter.invokeProviderInSameClassLoader(ForkedBooter.java:203)
	at org.apache.maven.surefire.booter.ForkedBooter.runSuitesInProcess(ForkedBooter.java:155)
	at org.apache.maven.surefire.booter.ForkedBooter.main(ForkedBooter.java:103)
Caused by: java.lang.NoSuchMethodError: org.apache.logging.log4j.util.StackLocatorUtil.getCurrentStackTrace()Ljava/util/Deque;
	at org.apache.logging.log4j.core.impl.ThrowableProxy.<init>(ThrowableProxy.java:112)
	at org.apache.logging.log4j.core.impl.ThrowableProxy.<init>(ThrowableProxy.java:97)
	at org.apache.logging.log4j.core.impl.Log4jLogEvent.getThrownProxy(Log4jLogEvent.java:629)
	at org.apache.logging.log4j.core.pattern.ExtendedThrowablePatternConverter.format(ExtendedThrowablePatternConverter.java:63)
	at org.apache.logging.log4j.core.layout.PatternLayout$NoFormatPatternSerializer.toSerializable(PatternLayout.java:342)
	at org.apache.logging.log4j.core.layout.PatternLayout.toText(PatternLayout.java:240)
	at org.apache.logging.log4j.core.layout.PatternLayout.encode(PatternLayout.java:225)
	at org.apache.logging.log4j.core.layout.PatternLayout.encode(PatternLayout.java:59)
	at org.apache.logging.log4j.core.appender.AbstractOutputStreamAppender.directEncodeEvent(AbstractOutputStreamAppender.java:215)
	at org.apache.logging.log4j.core.appender.AbstractOutputStreamAppender.tryAppend(AbstractOutputStreamAppender.java:208)
	at org.apache.logging.log4j.core.appender.AbstractOutputStreamAppender.append(AbstractOutputStreamAppender.java:199)
	at org.apache.logging.log4j.core.appender.RollingFileAppender.append(RollingFileAppender.java:312)
	at org.apache.logging.log4j.core.config.AppenderControl.tryCallAppender(AppenderControl.java:161)
	... 59 more

2023-04-04 21:53:42,410 main ERROR Unable to locate appender "FILE" for logger config "root"
2023-04-04 21:53:42,411 main ERROR Unable to locate appender "STDOUT" for logger config "root"

  .   ____          _            __ _ _
 /\\ / ___'_ __ _ _(_)_ __  __ _ \ \ \ \
( ( )\___ | '_ | '_| | '_ \/ _` | \ \ \ \
 \\/  ___)| |_)| | | | | || (_| |  ) ) ) )
  '  |____| .__|_| |_|_| |_\__, | / / / /
 =========|_|==============|___/=/_/_/_/
 :: Spring Boot ::                (v2.7.2)

&amp#27;[30m2023-04-04T21:53:42,438&amp#27;[m &amp#27;[32mINFO  &amp#27;[m[&amp#27;[1;34mmain&amp#27;[m] &amp#27;[1;33mo.s.b.StartupInfoLogger&amp#27;[m:  Starting LoginTest using Java 12.0.2 on MacBook-Air-de-Joseph.local with PID 99265 (started by josephlpz in /Users/josephlpz/Documents/JustWork/JustWork-server)
&amp#27;[30m2023-04-04T21:53:42,441&amp#27;[m &amp#27;[36mDEBUG &amp#27;[m[&amp#27;[1;34mmain&amp#27;[m] &amp#27;[1;33mo.s.b.StartupInfoLogger&amp#27;[m:  Running with Spring Boot v2.7.2, Spring v5.3.22
&amp#27;[30m2023-04-04T21:53:42,441&amp#27;[m &amp#27;[32mINFO  &amp#27;[m[&amp#27;[1;34mmain&amp#27;[m] &amp#27;[1;33mo.s.b.SpringApplication&amp#27;[m:  The following 1 profile is active: "@typeProfile@"
&amp#27;[30m2023-04-04T21:53:42,441&amp#27;[m &amp#27;[36mDEBUG &amp#27;[m[&amp#27;[1;34mmain&amp#27;[m] &amp#27;[1;33mo.s.b.SpringApplication&amp#27;[m:  Loading source class JustWork.server.ServerApplication
&amp#27;[30m2023-04-04T21:53:42,449&amp#27;[m &amp#27;[36mDEBUG &amp#27;[m[&amp#27;[1;34mmain&amp#27;[m] &amp#27;[1;33mo.s.c.s.AbstractApplicationContext&amp#27;[m:  Refreshing org.springframework.boot.web.servlet.context.AnnotationConfigServletWebServerApplicationContext@3adb4cc8
&amp#27;[30m2023-04-04T21:53:42,453&amp#27;[m &amp#27;[36mDEBUG &amp#27;[m[&amp#27;[1;34mmain&amp#27;[m] &amp#27;[1;33mo.s.b.f.s.DefaultSingletonBeanRegistry&amp#27;[m:  Creating shared instance of singleton bean 'org.springframework.context.annotation.internalConfigurationAnnotationProcessor'
&amp#27;[30m2023-04-04T21:53:42,455&amp#27;[m &amp#27;[36mDEBUG &amp#27;[m[&amp#27;[1;34mmain&amp#27;[m] &amp#27;[1;33mo.s.b.f.s.DefaultSingletonBeanRegistry&amp#27;[m:  Creating shared instance of singleton bean 'org.springframework.boot.autoconfigure.internalCachingMetadataReaderFactory'
&amp#27;[30m2023-04-04T21:53:42,485&amp#27;[m &amp#27;[36mDEBUG &amp#27;[m[&amp#27;[1;34mmain&amp#27;[m] &amp#27;[1;33mo.s.c.a.ClassPathScanningCandidateComponentProvider&amp#27;[m:  Identified candidate component class: file [/Users/josephlpz/Documents/JustWork/JustWork-server/target/classes/JustWork/server/config/JwtAuthenticationEntryPoint.class]
&amp#27;[30m2023-04-04T21:53:42,486&amp#27;[m &amp#27;[36mDEBUG &amp#27;[m[&amp#27;[1;34mmain&amp#27;[m] &amp#27;[1;33mo.s.c.a.ClassPathScanningCandidateComponentProvider&amp#27;[m:  Identified candidate component class: file [/Users/josephlpz/Documents/JustWork/JustWork-server/target/classes/JustWork/server/config/JwtRequestFilter.class]
&amp#27;[30m2023-04-04T21:53:42,486&amp#27;[m &amp#27;[36mDEBUG &amp#27;[m[&amp#27;[1;34mmain&amp#27;[m] &amp#27;[1;33mo.s.c.a.ClassPathScanningCandidateComponentProvider&amp#27;[m:  Identified candidate component class: file [/Users/josephlpz/Documents/JustWork/JustWork-server/target/classes/JustWork/server/config/JwtTokenUtil.class]
&amp#27;[30m2023-04-04T21:53:42,486&amp#27;[m &amp#27;[36mDEBUG &amp#27;[m[&amp#27;[1;34mmain&amp#27;[m] &amp#27;[1;33mo.s.c.a.ClassPathScanningCandidateComponentProvider&amp#27;[m:  Identified candidate component class: file [/Users/josephlpz/Documents/JustWork/JustWork-server/target/classes/JustWork/server/config/JwtUtils.class]
&amp#27;[30m2023-04-04T21:53:42,490&amp#27;[m &amp#27;[36mDEBUG &amp#27;[m[&amp#27;[1;34mmain&amp#27;[m] &amp#27;[1;33mo.s.c.a.ClassPathScanningCandidateComponentProvider&amp#27;[m:  Identified candidate component class: file [/Users/josephlpz/Documents/JustWork/JustWork-server/target/classes/JustWork/server/config/WebSecurityConfig.class]
&amp#27;[30m2023-04-04T21:53:42,491&amp#27;[m &amp#27;[36mDEBUG &amp#27;[m[&amp#27;[1;34mmain&amp#27;[m] &amp#27;[1;33mo.s.c.a.ClassPathScanningCandidateComponentProvider&amp#27;[m:  Identified candidate component class: file [/Users/josephlpz/Documents/JustWork/JustWork-server/target/classes/JustWork/server/controllers/PosicionController.class]
&amp#27;[30m2023-04-04T21:53:42,491&amp#27;[m &amp#27;[36mDEBUG &amp#27;[m[&amp#27;[1;34mmain&amp#27;[m] &amp#27;[1;33mo.s.c.a.ClassPathScanningCandidateComponentProvider&amp#27;[m:  Identified candidate component class: file [/Users/josephlpz/Documents/JustWork/JustWork-server/target/classes/JustWork/server/controllers/UsuarioController.class]
&amp#27;[30m2023-04-04T21:53:42,491&amp#27;[m &amp#27;[36mDEBUG &amp#27;[m[&amp#27;[1;34mmain&amp#27;[m] &amp#27;[1;33mo.s.c.a.ClassPathScanningCandidateComponentProvider&amp#27;[m:  Ignored because not a concrete top-level class: file [/Users/josephlpz/Documents/JustWork/JustWork-server/target/classes/JustWork/server/interfaces/UserDetailsService.class]
&amp#27;[30m2023-04-04T21:53:42,492&amp#27;[m &amp#27;[36mDEBUG &amp#27;[m[&amp#27;[1;34mmain&amp#27;[m] &amp#27;[1;33mo.s.c.a.ClassPathScanningCandidateComponentProvider&amp#27;[m:  Ignored because not a concrete top-level class: file [/Users/josephlpz/Documents/JustWork/JustWork-server/target/classes/JustWork/server/repository/RolRepository.class]
&amp#27;[30m2023-04-04T21:53:42,492&amp#27;[m &amp#27;[36mDEBUG &amp#27;[m[&amp#27;[1;34mmain&amp#27;[m] &amp#27;[1;33mo.s.c.a.ClassPathScanningCandidateComponentProvider&amp#27;[m:  Ignored because not a concrete top-level class: file [/Users/josephlpz/Documents/JustWork/JustWork-server/target/classes/JustWork/server/repository/TokenRepository.class]
&amp#27;[30m2023-04-04T21:53:42,492&amp#27;[m &amp#27;[36mDEBUG &amp#27;[m[&amp#27;[1;34mmain&amp#27;[m] &amp#27;[1;33mo.s.c.a.ClassPathScanningCandidateComponentProvider&amp#27;[m:  Ignored because not a concrete top-level class: file [/Users/josephlpz/Documents/JustWork/JustWork-server/target/classes/JustWork/server/repository/UsuarioRepository.class]
&amp#27;[30m2023-04-04T21:53:42,492&amp#27;[m &amp#27;[36mDEBUG &amp#27;[m[&amp#27;[1;34mmain&amp#27;[m] &amp#27;[1;33mo.s.c.a.ClassPathScanningCandidateComponentProvider&amp#27;[m:  Identified candidate component class: file [/Users/josephlpz/Documents/JustWork/JustWork-server/target/classes/JustWork/server/service/LoginService.class]
&amp#27;[30m2023-04-04T21:53:42,492&amp#27;[m &amp#27;[36mDEBUG &amp#27;[m[&amp#27;[1;34mmain&amp#27;[m] &amp#27;[1;33mo.s.c.a.ClassPathScanningCandidateComponentProvider&amp#27;[m:  Identified candidate component class: file [/Users/josephlpz/Documents/JustWork/JustWork-server/target/classes/JustWork/server/service/TokenService.class]
&amp#27;[30m2023-04-04T21:53:42,492&amp#27;[m &amp#27;[36mDEBUG &amp#27;[m[&amp#27;[1;34mmain&amp#27;[m] &amp#27;[1;33mo.s.c.a.ClassPathScanningCandidateComponentProvider&amp#27;[m:  Identified candidate component class: file [/Users/josephlpz/Documents/JustWork/JustWork-server/target/classes/JustWork/server/service/UsuarioService.class]
&amp#27;[30m2023-04-04T21:53:42,669&amp#27;[m &amp#27;[32mINFO  &amp#27;[m[&amp#27;[1;34mmain&amp#27;[m] &amp#27;[1;33mo.s.d.r.c.RepositoryConfigurationDelegate&amp#27;[m:  Bootstrapping Spring Data JPA repositories in DEFAULT mode.
&amp#27;[30m2023-04-04T21:53:42,671&amp#27;[m &amp#27;[36mDEBUG &amp#27;[m[&amp#27;[1;34mmain&amp#27;[m] &amp#27;[1;33mo.s.b.f.s.DefaultSingletonBeanRegistry&amp#27;[m:  Creating shared instance of singleton bean 'org.springframework.boot.autoconfigure.AutoConfigurationPackages'
&amp#27;[30m2023-04-04T21:53:42,671&amp#27;[m &amp#27;[36mDEBUG &amp#27;[m[&amp#27;[1;34mmain&amp#27;[m] &amp#27;[1;33mo.s.b.a.AutoConfigurationPackages$BasePackages&amp#27;[m:  @EnableAutoConfiguration was declared on a class in the package 'JustWork.server'. Automatic @Repository and @Entity scanning is enabled.
&amp#27;[30m2023-04-04T21:53:42,671&amp#27;[m &amp#27;[36mDEBUG &amp#27;[m[&amp#27;[1;34mmain&amp#27;[m] &amp#27;[1;33mo.s.d.r.c.RepositoryConfigurationDelegate&amp#27;[m:  Scanning for JPA repositories in packages JustWork.server.
&amp#27;[30m2023-04-04T21:53:42,678&amp#27;[m &amp#27;[36mDEBUG &amp#27;[m[&amp#27;[1;34mmain&amp#27;[m] &amp#27;[1;33mo.s.c.a.ClassPathScanningCandidateComponentProvider&amp#27;[m:  Identified candidate component class: file [/Users/josephlpz/Documents/JustWork/JustWork-server/target/classes/JustWork/server/repository/RolRepository.class]
&amp#27;[30m2023-04-04T21:53:42,678&amp#27;[m &amp#27;[36mDEBUG &amp#27;[m[&amp#27;[1;34mmain&amp#27;[m] &amp#27;[1;33mo.s.c.a.ClassPathScanningCandidateComponentProvider&amp#27;[m:  Identified candidate component class: file [/Users/josephlpz/Documents/JustWork/JustWork-server/target/classes/JustWork/server/repository/TokenRepository.class]
&amp#27;[30m2023-04-04T21:53:42,678&amp#27;[m &amp#27;[36mDEBUG &amp#27;[m[&amp#27;[1;34mmain&amp#27;[m] &amp#27;[1;33mo.s.c.a.ClassPathScanningCandidateComponentProvider&amp#27;[m:  Identified candidate component class: file [/Users/josephlpz/Documents/JustWork/JustWork-server/target/classes/JustWork/server/repository/UsuarioRepository.class]
&amp#27;[30m2023-04-04T21:53:42,690&amp#27;[m &amp#27;[32mINFO  &amp#27;[m[&amp#27;[1;34mmain&amp#27;[m] &amp#27;[1;33mo.s.d.r.c.RepositoryConfigurationDelegate&amp#27;[m:  Finished Spring Data repository scanning in 19 ms. Found 3 JPA repository interfaces.
&amp#27;[30m2023-04-04T21:53:42,735&amp#27;[m &amp#27;[36mDEBUG &amp#27;[m[&amp#27;[1;34mmain&amp#27;[m] &amp#27;[1;33mo.s.b.f.s.DefaultSingletonBeanRegistry&amp#27;[m:  Creating shared instance of singleton bean 'org.springframework.boot.test.web.client.TestRestTemplateContextCustomizer$TestRestTemplateRegistrar'
&amp#27;[30m2023-04-04T21:53:42,736&amp#27;[m &amp#27;[36mDEBUG &amp#27;[m[&amp#27;[1;34mmain&amp#27;[m] &amp#27;[1;33mo.s.b.f.s.DefaultSingletonBeanRegistry&amp#27;[m:  Creating shared instance of singleton bean 'propertySourcesPlaceholderConfigurer'
&amp#27;[30m2023-04-04T21:53:42,739&amp#27;[m &amp#27;[36mDEBUG &amp#27;[m[&amp#27;[1;34mmain&amp#27;[m] &amp#27;[1;33mo.s.b.f.s.DefaultSingletonBeanRegistry&amp#27;[m:  Creating shared instance of singleton bean 'org.springframework.boot.test.mock.mockito.MockitoPostProcessor'
&amp#27;[30m2023-04-04T21:53:42,740&amp#27;[m &amp#27;[36mDEBUG &amp#27;[m[&amp#27;[1;34mmain&amp#27;[m] &amp#27;[1;33mo.s.b.f.s.DefaultSingletonBeanRegistry&amp#27;[m:  Creating shared instance of singleton bean 'emBeanDefinitionRegistrarPostProcessor'
&amp#27;[30m2023-04-04T21:53:42,742&amp#27;[m &amp#27;[36mDEBUG &amp#27;[m[&amp#27;[1;34mmain&amp#27;[m] &amp#27;[1;33mo.s.b.f.s.DefaultSingletonBeanRegistry&amp#27;[m:  Creating shared instance of singleton bean 'org.springframework.boot.sql.init.dependency.DatabaseInitializationDependencyConfigurer$DependsOnDatabaseInitializationPostProcessor'
&amp#27;[30m2023-04-04T21:53:42,751&amp#27;[m &amp#27;[36mDEBUG &amp#27;[m[&amp#27;[1;34mmain&amp#27;[m] &amp#27;[1;33mo.s.b.f.s.DefaultSingletonBeanRegistry&amp#27;[m:  Creating shared instance of singleton bean 'org.springframework.context.event.internalEventListenerProcessor'
&amp#27;[30m2023-04-04T21:53:42,751&amp#27;[m &amp#27;[36mDEBUG &amp#27;[m[&amp#27;[1;34mmain&amp#27;[m] &amp#27;[1;33mo.s.b.f.s.DefaultSingletonBeanRegistry&amp#27;[m:  Creating shared instance of singleton bean 'conversionServicePostProcessor'
&amp#27;[30m2023-04-04T21:53:42,752&amp#27;[m &amp#27;[36mDEBUG &amp#27;[m[&amp#27;[1;34mmain&amp#27;[m] &amp#27;[1;33mo.s.b.f.s.DefaultSingletonBeanRegistry&amp#27;[m:  Creating shared instance of singleton bean 'preserveErrorControllerTargetClassPostProcessor'
&amp#27;[30m2023-04-04T21:53:42,753&amp#27;[m &amp#27;[36mDEBUG &amp#27;[m[&amp#27;[1;34mmain&amp#27;[m] &amp#27;[1;33mo.s.b.f.s.DefaultSingletonBeanRegistry&amp#27;[m:  Creating shared instance of singleton bean 'org.springframework.context.event.internalEventListenerFactory'
&amp#27;[30m2023-04-04T21:53:42,753&amp#27;[m &amp#27;[36mDEBUG &amp#27;[m[&amp#27;[1;34mmain&amp#27;[m] &amp#27;[1;33mo.s.b.f.s.DefaultSingletonBeanRegistry&amp#27;[m:  Creating shared instance of singleton bean 'org.springframework.transaction.config.internalTransactionalEventListenerFactory'
&amp#27;[30m2023-04-04T21:53:42,755&amp#27;[m &amp#27;[36mDEBUG &amp#27;[m[&amp#27;[1;34mmain&amp#27;[m] &amp#27;[1;33mo.s.b.f.s.DefaultSingletonBeanRegistry&amp#27;[m:  Creating shared instance of singleton bean 'org.springframework.context.annotation.internalAutowiredAnnotationProcessor'
&amp#27;[30m2023-04-04T21:53:42,756&amp#27;[m &amp#27;[36mDEBUG &amp#27;[m[&amp#27;[1;34mmain&amp#27;[m] &amp#27;[1;33mo.s.b.f.s.DefaultSingletonBeanRegistry&amp#27;[m:  Creating shared instance of singleton bean 'org.springframework.context.annotation.internalCommonAnnotationProcessor'
&amp#27;[30m2023-04-04T21:53:42,756&amp#27;[m &amp#27;[36mDEBUG &amp#27;[m[&amp#27;[1;34mmain&amp#27;[m] &amp#27;[1;33mo.s.b.f.s.DefaultSingletonBeanRegistry&amp#27;[m:  Creating shared instance of singleton bean 'org.springframework.context.annotation.internalPersistenceAnnotationProcessor'
&amp#27;[30m2023-04-04T21:53:42,756&amp#27;[m &amp#27;[36mDEBUG &amp#27;[m[&amp#27;[1;34mmain&amp#27;[m] &amp#27;[1;33mo.s.b.f.s.DefaultSingletonBeanRegistry&amp#27;[m:  Creating shared instance of singleton bean 'org.springframework.boot.test.mock.mockito.MockitoPostProcessor$SpyPostProcessor'
&amp#27;[30m2023-04-04T21:53:42,757&amp#27;[m &amp#27;[36mDEBUG &amp#27;[m[&amp#27;[1;34mmain&amp#27;[m] &amp#27;[1;33mo.s.b.f.s.DefaultSingletonBeanRegistry&amp#27;[m:  Creating shared instance of singleton bean 'org.springframework.boot.context.properties.ConfigurationPropertiesBindingPostProcessor'
&amp#27;[30m2023-04-04T21:53:42,758&amp#27;[m &amp#27;[36mDEBUG &amp#27;[m[&amp#27;[1;34mmain&amp#27;[m] &amp#27;[1;33mo.s.b.f.s.DefaultSingletonBeanRegistry&amp#27;[m:  Creating shared instance of singleton bean 'org.springframework.boot.context.internalConfigurationPropertiesBinder'
&amp#27;[30m2023-04-04T21:53:42,758&amp#27;[m &amp#27;[36mDEBUG &amp#27;[m[&amp#27;[1;34mmain&amp#27;[m] &amp#27;[1;33mo.s.b.f.s.DefaultSingletonBeanRegistry&amp#27;[m:  Creating shared instance of singleton bean 'org.springframework.boot.context.internalConfigurationPropertiesBinderFactory'
&amp#27;[30m2023-04-04T21:53:42,759&amp#27;[m &amp#27;[36mDEBUG &amp#27;[m[&amp#27;[1;34mmain&amp#27;[m] &amp#27;[1;33mo.s.b.f.s.DefaultSingletonBeanRegistry&amp#27;[m:  Creating shared instance of singleton bean 'org.springframework.aop.config.internalAutoProxyCreator'
&amp#27;[30m2023-04-04T21:53:42,775&amp#27;[m &amp#27;[36mDEBUG &amp#27;[m[&amp#27;[1;34mmain&amp#27;[m] &amp#27;[1;33mo.s.b.f.s.DefaultSingletonBeanRegistry&amp#27;[m:  Creating shared instance of singleton bean 'persistenceExceptionTranslationPostProcessor'
&amp#27;[30m2023-04-04T21:53:42,816&amp#27;[m &amp#27;[36mDEBUG &amp#27;[m[&amp#27;[1;34mmain&amp#27;[m] &amp#27;[1;33mo.s.b.f.s.ConstructorResolver&amp#27;[m:  Autowiring by type from bean name 'persistenceExceptionTranslationPostProcessor' via factory method to bean named 'environment'
&amp#27;[30m2023-04-04T21:53:42,824&amp#27;[m &amp#27;[36mDEBUG &amp#27;[m[&amp#27;[1;34mmain&amp#27;[m] &amp#27;[1;33mo.s.b.f.s.DefaultSingletonBeanRegistry&amp#27;[m:  Creating shared instance of singleton bean 'webServerFactoryCustomizerBeanPostProcessor'
&amp#27;[30m2023-04-04T21:53:42,826&amp#27;[m &amp#27;[36mDEBUG &amp#27;[m[&amp#27;[1;34mmain&amp#27;[m] &amp#27;[1;33mo.s.b.f.s.DefaultSingletonBeanRegistry&amp#27;[m:  Creating shared instance of singleton bean 'errorPageRegistrarBeanPostProcessor'
&amp#27;[30m2023-04-04T21:53:42,828&amp#27;[m &amp#27;[36mDEBUG &amp#27;[m[&amp#27;[1;34mmain&amp#27;[m] &amp#27;[1;33mo.s.b.f.s.DefaultSingletonBeanRegistry&amp#27;[m:  Creating shared instance of singleton bean 'hypermediaRepresentionModelProcessorConfigurator'
&amp#27;[30m2023-04-04T21:53:42,829&amp#27;[m &amp#27;[36mDEBUG &amp#27;[m[&amp#27;[1;34mmain&amp#27;[m] &amp#27;[1;33mo.s.b.f.s.DefaultSingletonBeanRegistry&amp#27;[m:  Creating shared instance of singleton bean 'metaDataSourceAdvisor'
&amp#27;[30m2023-04-04T21:53:42,830&amp#27;[m &amp#27;[36mDEBUG &amp#27;[m[&amp#27;[1;34mmain&amp#27;[m] &amp#27;[1;33mo.s.b.f.s.DefaultSingletonBeanRegistry&amp#27;[m:  Creating shared instance of singleton bean 'methodSecurityMetadataSource'
&amp#27;[30m2023-04-04T21:53:42,830&amp#27;[m &amp#27;[36mDEBUG &amp#27;[m[&amp#27;[1;34mmain&amp#27;[m] &amp#27;[1;33mo.s.b.f.s.DefaultSingletonBeanRegistry&amp#27;[m:  Creating shared instance of singleton bean 'org.springframework.security.config.annotation.method.configuration.GlobalMethodSecurityConfiguration'
&amp#27;[30m2023-04-04T21:53:42,830&amp#27;[m &amp#27;[36mDEBUG &amp#27;[m[&amp#27;[1;34mmain&amp#27;[m] &amp#27;[1;33mo.s.b.f.s.DefaultSingletonBeanRegistry&amp#27;[m:  Creating shared instance of singleton bean 'org.springframework.transaction.config.internalTransactionAdvisor'
&amp#27;[30m2023-04-04T21:53:42,830&amp#27;[m &amp#27;[36mDEBUG &amp#27;[m[&amp#27;[1;34mmain&amp#27;[m] &amp#27;[1;33mo.s.b.f.s.DefaultSingletonBeanRegistry&amp#27;[m:  Creating shared instance of singleton bean 'org.springframework.transaction.annotation.ProxyTransactionManagementConfiguration'
&amp#27;[30m2023-04-04T21:53:42,841&amp#27;[m &amp#27;[36mDEBUG &amp#27;[m[&amp#27;[1;34mmain&amp#27;[m] &amp#27;[1;33mo.s.b.f.s.DefaultSingletonBeanRegistry&amp#27;[m:  Creating shared instance of singleton bean 'transactionAttributeSource'
&amp#27;[30m2023-04-04T21:53:42,844&amp#27;[m &amp#27;[36mDEBUG &amp#27;[m[&amp#27;[1;34mmain&amp#27;[m] &amp#27;[1;33mo.s.b.f.s.DefaultSingletonBeanRegistry&amp#27;[m:  Creating shared instance of singleton bean 'transactionInterceptor'
&amp#27;[30m2023-04-04T21:53:42,845&amp#27;[m &amp#27;[36mDEBUG &amp#27;[m[&amp#27;[1;34mmain&amp#27;[m] &amp#27;[1;33mo.s.b.f.s.ConstructorResolver&amp#27;[m:  Autowiring by type from bean name 'transactionInterceptor' via factory method to bean named 'transactionAttributeSource'
&amp#27;[30m2023-04-04T21:53:42,849&amp#27;[m &amp#27;[36mDEBUG &amp#27;[m[&amp#27;[1;34mmain&amp#27;[m] &amp#27;[1;33mo.s.b.f.s.ConstructorResolver&amp#27;[m:  Autowiring by type from bean name 'org.springframework.transaction.config.internalTransactionAdvisor' via factory method to bean named 'transactionAttributeSource'
&amp#27;[30m2023-04-04T21:53:42,849&amp#27;[m &amp#27;[36mDEBUG &amp#27;[m[&amp#27;[1;34mmain&amp#27;[m] &amp#27;[1;33mo.s.b.f.s.ConstructorResolver&amp#27;[m:  Autowiring by type from bean name 'org.springframework.transaction.config.internalTransactionAdvisor' via factory method to bean named 'transactionInterceptor'
&amp#27;[30m2023-04-04T21:53:42,857&amp#27;[m &amp#27;[36mDEBUG &amp#27;[m[&amp#27;[1;34mmain&amp#27;[m] &amp#27;[1;33mo.s.b.f.s.DefaultSingletonBeanRegistry&amp#27;[m:  Creating shared instance of singleton bean 'objectPostProcessor'
&amp#27;[30m2023-04-04T21:53:42,857&amp#27;[m &amp#27;[36mDEBUG &amp#27;[m[&amp#27;[1;34mmain&amp#27;[m] &amp#27;[1;33mo.s.b.f.s.DefaultSingletonBeanRegistry&amp#27;[m:  Creating shared instance of singleton bean 'org.springframework.security.config.annotation.configuration.ObjectPostProcessorConfiguration'
&amp#27;[30m2023-04-04T21:53:42,859&amp#27;[m &amp#27;[36mDEBUG &amp#27;[m[&amp#27;[1;34mmain&amp#27;[m] &amp#27;[1;33mo.s.b.f.s.ConstructorResolver&amp#27;[m:  Autowiring by type from bean name 'objectPostProcessor' via factory method to bean named 'org.springframework.beans.factory.support.DefaultListableBeanFactory@6b7a0f18'
&amp#27;[30m2023-04-04T21:53:42,874&amp#27;[m &amp#27;[36mDEBUG &amp#27;[m[&amp#27;[1;34mmain&amp#27;[m] &amp#27;[1;33mo.s.b.f.s.DefaultSingletonBeanRegistry&amp#27;[m:  Creating shared instance of singleton bean 'hypermediaRestTemplateBeanPostProcessor'
&amp#27;[30m2023-04-04T21:53:42,875&amp#27;[m &amp#27;[36mDEBUG &amp#27;[m[&amp#27;[1;34mmain&amp#27;[m] &amp#27;[1;33mo.s.b.f.s.DefaultSingletonBeanRegistry&amp#27;[m:  Creating shared instance of singleton bean 'projectionDefinitionRegistrar'
&amp#27;[30m2023-04-04T21:53:42,878&amp#27;[m &amp#27;[36mDEBUG &amp#27;[m[&amp#27;[1;34mmain&amp#27;[m] &amp#27;[1;33mo.s.b.f.s.DefaultSingletonBeanRegistry&amp#27;[m:  Creating shared instance of singleton bean 'annotatedEventHandlerInvoker'
&amp#27;[30m2023-04-04T21:53:42,881&amp#27;[m &amp#27;[36mDEBUG &amp#27;[m[&amp#27;[1;34mmain&amp#27;[m] &amp#27;[1;33mo.s.u.c.s.UiApplicationContextUtils&amp#27;[m:  Unable to locate ThemeSource with name 'themeSource': using default [org.springframework.ui.context.support.ResourceBundleThemeSource@799557c8]
&amp#27;[30m2023-04-04T21:53:42,881&amp#27;[m &amp#27;[36mDEBUG &amp#27;[m[&amp#27;[1;34mmain&amp#27;[m] &amp#27;[1;33mo.s.b.f.s.DefaultSingletonBeanRegistry&amp#27;[m:  Creating shared instance of singleton bean 'tomcatServletWebServerFactory'
&amp#27;[30m2023-04-04T21:53:42,881&amp#27;[m &amp#27;[36mDEBUG &amp#27;[m[&amp#27;[1;34mmain&amp#27;[m] &amp#27;[1;33mo.s.b.f.s.DefaultSingletonBeanRegistry&amp#27;[m:  Creating shared instance of singleton bean 'org.springframework.boot.autoconfigure.web.servlet.ServletWebServerFactoryConfiguration$EmbeddedTomcat'
&amp#27;[30m2023-04-04T21:53:42,891&amp#27;[m &amp#27;[36mDEBUG &amp#27;[m[&amp#27;[1;34mmain&amp#27;[m] &amp#27;[1;33mo.s.b.f.s.DefaultSingletonBeanRegistry&amp#27;[m:  Creating shared instance of singleton bean 'websocketServletWebServerCustomizer'
&amp#27;[30m2023-04-04T21:53:42,891&amp#27;[m &amp#27;[36mDEBUG &amp#27;[m[&amp#27;[1;34mmain&amp#27;[m] &amp#27;[1;33mo.s.b.f.s.DefaultSingletonBeanRegistry&amp#27;[m:  Creating shared instance of singleton bean 'org.springframework.boot.autoconfigure.websocket.servlet.WebSocketServletAutoConfiguration$TomcatWebSocketConfiguration'
&amp#27;[30m2023-04-04T21:53:42,896&amp#27;[m &amp#27;[36mDEBUG &amp#27;[m[&amp#27;[1;34mmain&amp#27;[m] &amp#27;[1;33mo.s.b.f.s.DefaultSingletonBeanRegistry&amp#27;[m:  Creating shared instance of singleton bean 'servletWebServerFactoryCustomizer'
&amp#27;[30m2023-04-04T21:53:42,896&amp#27;[m &amp#27;[36mDEBUG &amp#27;[m[&amp#27;[1;34mmain&amp#27;[m] &amp#27;[1;33mo.s.b.f.s.DefaultSingletonBeanRegistry&amp#27;[m:  Creating shared instance of singleton bean 'org.springframework.boot.autoconfigure.web.servlet.ServletWebServerFactoryAutoConfiguration'
&amp#27;[30m2023-04-04T21:53:42,898&amp#27;[m &amp#27;[36mDEBUG &amp#27;[m[&amp#27;[1;34mmain&amp#27;[m] &amp#27;[1;33mo.s.b.f.s.DefaultSingletonBeanRegistry&amp#27;[m:  Creating shared instance of singleton bean 'server-org.springframework.boot.autoconfigure.web.ServerProperties'
&amp#27;[30m2023-04-04T21:53:42,900&amp#27;[m &amp#27;[36mDEBUG &amp#27;[m[&amp#27;[1;34mmain&amp#27;[m] &amp#27;[1;33mo.s.b.f.s.DefaultSingletonBeanRegistry&amp#27;[m:  Creating shared instance of singleton bean 'org.springframework.boot.context.properties.BoundConfigurationProperties'
&amp#27;[30m2023-04-04T21:53:42,902&amp#27;[m &amp#27;[36mDEBUG &amp#27;[m[&amp#27;[1;34mmain&amp#27;[m] &amp#27;[1;33mo.s.b.f.s.DefaultSingletonBeanRegistry&amp#27;[m:  Creating shared instance of singleton bean 'stringOrNumberMigrationVersionConverter'
&amp#27;[30m2023-04-04T21:53:42,902&amp#27;[m &amp#27;[36mDEBUG &amp#27;[m[&amp#27;[1;34mmain&amp#27;[m] &amp#27;[1;33mo.s.b.f.s.DefaultSingletonBeanRegistry&amp#27;[m:  Creating shared instance of singleton bean 'org.springframework.boot.autoconfigure.flyway.FlywayAutoConfiguration'
&amp#27;[30m2023-04-04T21:53:42,913&amp#27;[m &amp#27;[36mDEBUG &amp#27;[m[&amp#27;[1;34mmain&amp#27;[m] &amp#27;[1;33mo.s.b.f.s.ConstructorResolver&amp#27;[m:  Autowiring by type from bean name 'servletWebServerFactoryCustomizer' via factory method to bean named 'server-org.springframework.boot.autoconfigure.web.ServerProperties'
&amp#27;[30m2023-04-04T21:53:42,916&amp#27;[m &amp#27;[36mDEBUG &amp#27;[m[&amp#27;[1;34mmain&amp#27;[m] &amp#27;[1;33mo.s.b.f.s.DefaultSingletonBeanRegistry&amp#27;[m:  Creating shared instance of singleton bean 'tomcatServletWebServerFactoryCustomizer'
&amp#27;[30m2023-04-04T21:53:42,916&amp#27;[m &amp#27;[36mDEBUG &amp#27;[m[&amp#27;[1;34mmain&amp#27;[m] &amp#27;[1;33mo.s.b.f.s.ConstructorResolver&amp#27;[m:  Autowiring by type from bean name 'tomcatServletWebServerFactoryCustomizer' via factory method to bean named 'server-org.springframework.boot.autoconfigure.web.ServerProperties'
&amp#27;[30m2023-04-04T21:53:42,918&amp#27;[m &amp#27;[36mDEBUG &amp#27;[m[&amp#27;[1;34mmain&amp#27;[m] &amp#27;[1;33mo.s.b.f.s.DefaultSingletonBeanRegistry&amp#27;[m:  Creating shared instance of singleton bean 'tomcatWebServerFactoryCustomizer'
&amp#27;[30m2023-04-04T21:53:42,918&amp#27;[m &amp#27;[36mDEBUG &amp#27;[m[&amp#27;[1;34mmain&amp#27;[m] &amp#27;[1;33mo.s.b.f.s.DefaultSingletonBeanRegistry&amp#27;[m:  Creating shared instance of singleton bean 'org.springframework.boot.autoconfigure.web.embedded.EmbeddedWebServerFactoryCustomizerAutoConfiguration$TomcatWebServerFactoryCustomizerConfiguration'
&amp#27;[30m2023-04-04T21:53:42,920&amp#27;[m &amp#27;[36mDEBUG &amp#27;[m[&amp#27;[1;34mmain&amp#27;[m] &amp#27;[1;33mo.s.b.f.s.ConstructorResolver&amp#27;[m:  Autowiring by type from bean name 'tomcatWebServerFactoryCustomizer' via factory method to bean named 'environment'
&amp#27;[30m2023-04-04T21:53:42,920&amp#27;[m &amp#27;[36mDEBUG &amp#27;[m[&amp#27;[1;34mmain&amp#27;[m] &amp#27;[1;33mo.s.b.f.s.ConstructorResolver&amp#27;[m:  Autowiring by type from bean name 'tomcatWebServerFactoryCustomizer' via factory method to bean named 'server-org.springframework.boot.autoconfigure.web.ServerProperties'
&amp#27;[30m2023-04-04T21:53:42,922&amp#27;[m &amp#27;[36mDEBUG &amp#27;[m[&amp#27;[1;34mmain&amp#27;[m] &amp#27;[1;33mo.s.b.f.s.DefaultSingletonBeanRegistry&amp#27;[m:  Creating shared instance of singleton bean 'localeCharsetMappingsCustomizer'
&amp#27;[30m2023-04-04T21:53:42,922&amp#27;[m &amp#27;[36mDEBUG &amp#27;[m[&amp#27;[1;34mmain&amp#27;[m] &amp#27;[1;33mo.s.b.f.s.DefaultSingletonBeanRegistry&amp#27;[m:  Creating shared instance of singleton bean 'org.springframework.boot.autoconfigure.web.servlet.HttpEncodingAutoConfiguration'
&amp#27;[30m2023-04-04T21:53:42,923&amp#27;[m &amp#27;[36mDEBUG &amp#27;[m[&amp#27;[1;34mmain&amp#27;[m] &amp#27;[1;33mo.s.b.f.s.ConstructorResolver&amp#27;[m:  Autowiring by type from bean name 'org.springframework.boot.autoconfigure.web.servlet.HttpEncodingAutoConfiguration' via constructor to bean named 'server-org.springframework.boot.autoconfigure.web.ServerProperties'
&amp#27;[30m2023-04-04T21:53:42,929&amp#27;[m &amp#27;[36mDEBUG &amp#27;[m[&amp#27;[1;34mmain&amp#27;[m] &amp#27;[1;33mo.s.b.f.s.DefaultSingletonBeanRegistry&amp#27;[m:  Creating shared instance of singleton bean 'errorPageCustomizer'
&amp#27;[30m2023-04-04T21:53:42,929&amp#27;[m &amp#27;[36mDEBUG &amp#27;[m[&amp#27;[1;34mmain&amp#27;[m] &amp#27;[1;33mo.s.b.f.s.DefaultSingletonBeanRegistry&amp#27;[m:  Creating shared instance of singleton bean 'org.springframework.boot.autoconfigure.web.servlet.error.ErrorMvcAutoConfiguration'
&amp#27;[30m2023-04-04T21:53:42,929&amp#27;[m &amp#27;[36mDEBUG &amp#27;[m[&amp#27;[1;34mmain&amp#27;[m] &amp#27;[1;33mo.s.b.f.s.ConstructorResolver&amp#27;[m:  Autowiring by type from bean name 'org.springframework.boot.autoconfigure.web.servlet.error.ErrorMvcAutoConfiguration' via constructor to bean named 'server-org.springframework.boot.autoconfigure.web.ServerProperties'
&amp#27;[30m2023-04-04T21:53:42,931&amp#27;[m &amp#27;[36mDEBUG &amp#27;[m[&amp#27;[1;34mmain&amp#27;[m] &amp#27;[1;33mo.s.b.f.s.DefaultSingletonBeanRegistry&amp#27;[m:  Creating shared instance of singleton bean 'dispatcherServletRegistration'
&amp#27;[30m2023-04-04T21:53:42,931&amp#27;[m &amp#27;[36mDEBUG &amp#27;[m[&amp#27;[1;34mmain&amp#27;[m] &amp#27;[1;33mo.s.b.f.s.DefaultSingletonBeanRegistry&amp#27;[m:  Creating shared instance of singleton bean 'org.springframework.boot.autoconfigure.web.servlet.DispatcherServletAutoConfiguration$DispatcherServletRegistrationConfiguration'
&amp#27;[30m2023-04-04T21:53:42,933&amp#27;[m &amp#27;[36mDEBUG &amp#27;[m[&amp#27;[1;34mmain&amp#27;[m] &amp#27;[1;33mo.s.b.f.s.DefaultSingletonBeanRegistry&amp#27;[m:  Creating shared instance of singleton bean 'dispatcherServlet'
&amp#27;[30m2023-04-04T21:53:42,933&amp#27;[m &amp#27;[36mDEBUG &amp#27;[m[&amp#27;[1;34mmain&amp#27;[m] &amp#27;[1;33mo.s.b.f.s.DefaultSingletonBeanRegistry&amp#27;[m:  Creating shared instance of singleton bean 'org.springframework.boot.autoconfigure.web.servlet.DispatcherServletAutoConfiguration$DispatcherServletConfiguration'
&amp#27;[30m2023-04-04T21:53:42,935&amp#27;[m &amp#27;[36mDEBUG &amp#27;[m[&amp#27;[1;34mmain&amp#27;[m] &amp#27;[1;33mo.s.b.f.s.DefaultSingletonBeanRegistry&amp#27;[m:  Creating shared instance of singleton bean 'spring.mvc-org.springframework.boot.autoconfigure.web.servlet.WebMvcProperties'
&amp#27;[30m2023-04-04T21:53:42,938&amp#27;[m &amp#27;[36mDEBUG &amp#27;[m[&amp#27;[1;34mmain&amp#27;[m] &amp#27;[1;33mo.s.b.f.s.ConstructorResolver&amp#27;[m:  Autowiring by type from bean name 'dispatcherServlet' via factory method to bean named 'spring.mvc-org.springframework.boot.autoconfigure.web.servlet.WebMvcProperties'
&amp#27;[30m2023-04-04T21:53:42,946&amp#27;[m &amp#27;[36mDEBUG &amp#27;[m[&amp#27;[1;34mmain&amp#27;[m] &amp#27;[1;33mo.s.b.f.s.ConstructorResolver&amp#27;[m:  Autowiring by type from bean name 'dispatcherServletRegistration' via factory method to bean named 'dispatcherServlet'
&amp#27;[30m2023-04-04T21:53:42,947&amp#27;[m &amp#27;[36mDEBUG &amp#27;[m[&amp#27;[1;34mmain&amp#27;[m] &amp#27;[1;33mo.s.b.f.s.ConstructorResolver&amp#27;[m:  Autowiring by type from bean name 'dispatcherServletRegistration' via factory method to bean named 'spring.mvc-org.springframework.boot.autoconfigure.web.servlet.WebMvcProperties'
&amp#27;[30m2023-04-04T21:53:42,947&amp#27;[m &amp#27;[36mDEBUG &amp#27;[m[&amp#27;[1;34mmain&amp#27;[m] &amp#27;[1;33mo.s.b.f.s.DefaultSingletonBeanRegistry&amp#27;[m:  Creating shared instance of singleton bean 'multipartConfigElement'
&amp#27;[30m2023-04-04T21:53:42,947&amp#27;[m &amp#27;[36mDEBUG &amp#27;[m[&amp#27;[1;34mmain&amp#27;[m] &amp#27;[1;33mo.s.b.f.s.DefaultSingletonBeanRegistry&amp#27;[m:  Creating shared instance of singleton bean 'org.springframework.boot.autoconfigure.web.servlet.MultipartAutoConfiguration'
&amp#27;[30m2023-04-04T21:53:42,947&amp#27;[m &amp#27;[36mDEBUG &amp#27;[m[&amp#27;[1;34mmain&amp#27;[m] &amp#27;[1;33mo.s.b.f.s.DefaultSingletonBeanRegistry&amp#27;[m:  Creating shared instance of singleton bean 'spring.servlet.multipart-org.springframework.boot.autoconfigure.web.servlet.MultipartProperties'
&amp#27;[30m2023-04-04T21:53:42,950&amp#27;[m &amp#27;[36mDEBUG &amp#27;[m[&amp#27;[1;34mmain&amp#27;[m] &amp#27;[1;33mo.s.b.f.s.ConstructorResolver&amp#27;[m:  Autowiring by type from bean name 'org.springframework.boot.autoconfigure.web.servlet.MultipartAutoConfiguration' via constructor to bean named 'spring.servlet.multipart-org.springframework.boot.autoconfigure.web.servlet.MultipartProperties'
&amp#27;[30m2023-04-04T21:53:42,957&amp#27;[m &amp#27;[36mDEBUG &amp#27;[m[&amp#27;[1;34mmain&amp#27;[m] &amp#27;[1;33mo.s.b.f.s.ConstructorResolver&amp#27;[m:  Autowiring by type from bean name 'errorPageCustomizer' via factory method to bean named 'dispatcherServletRegistration'
&amp#27;[30m2023-04-04T21:53:42,963&amp#27;[m &amp#27;[36mDEBUG &amp#27;[m[&amp#27;[1;34mmain&amp#27;[m] &amp#27;[1;33mo.s.b.w.s.s.DocumentRoot&amp#27;[m:  Code archive: /Users/josephlpz/.m2/repository/org/springframework/boot/spring-boot/2.7.2/spring-boot-2.7.2.jar
&amp#27;[30m2023-04-04T21:53:42,963&amp#27;[m &amp#27;[36mDEBUG &amp#27;[m[&amp#27;[1;34mmain&amp#27;[m] &amp#27;[1;33mo.s.b.w.s.s.DocumentRoot&amp#27;[m:  Code archive: /Users/josephlpz/.m2/repository/org/springframework/boot/spring-boot/2.7.2/spring-boot-2.7.2.jar
&amp#27;[30m2023-04-04T21:53:42,963&amp#27;[m &amp#27;[36mDEBUG &amp#27;[m[&amp#27;[1;34mmain&amp#27;[m] &amp#27;[1;33mo.s.b.w.s.s.DocumentRoot&amp#27;[m:  None of the document roots [src/main/webapp, public, static] point to a directory and will be ignored.
&amp#27;[30m2023-04-04T21:53:42,965&amp#27;[m &amp#27;[32mINFO  &amp#27;[m[&amp#27;[1;34mmain&amp#27;[m] &amp#27;[1;33mo.s.b.w.e.t.TomcatWebServer&amp#27;[m:  Tomcat initialized with port(s): 0 (http)
&amp#27;[30m2023-04-04T21:53:42,995&amp#27;[m &amp#27;[36mDEBUG &amp#27;[m[&amp#27;[1;34mmain&amp#27;[m] &amp#27;[1;33mo.s.b.w.s.c.ServletWebServerApplicationContext&amp#27;[m:  Published root WebApplicationContext as ServletContext attribute with name [org.springframework.web.context.WebApplicationContext.ROOT]
&amp#27;[30m2023-04-04T21:53:42,995&amp#27;[m &amp#27;[32mINFO  &amp#27;[m[&amp#27;[1;34mmain&amp#27;[m] &amp#27;[1;33mo.s.b.w.s.c.ServletWebServerApplicationContext&amp#27;[m:  Root WebApplicationContext: initialization completed in 546 ms
&amp#27;[30m2023-04-04T21:53:42,996&amp#27;[m &amp#27;[36mDEBUG &amp#27;[m[&amp#27;[1;34mmain&amp#27;[m] &amp#27;[1;33mo.s.b.f.s.DefaultSingletonBeanRegistry&amp#27;[m:  Creating shared instance of singleton bean 'h2Console'
&amp#27;[30m2023-04-04T21:53:42,997&amp#27;[m &amp#27;[36mDEBUG &amp#27;[m[&amp#27;[1;34mmain&amp#27;[m] &amp#27;[1;33mo.s.b.f.s.DefaultSingletonBeanRegistry&amp#27;[m:  Creating shared instance of singleton bean 'org.springframework.boot.autoconfigure.h2.H2ConsoleAutoConfiguration'
&amp#27;[30m2023-04-04T21:53:43,000&amp#27;[m &amp#27;[36mDEBUG &amp#27;[m[&amp#27;[1;34mmain&amp#27;[m] &amp#27;[1;33mo.s.b.f.s.DefaultSingletonBeanRegistry&amp#27;[m:  Creating shared instance of singleton bean 'spring.h2.console-org.springframework.boot.autoconfigure.h2.H2ConsoleProperties'
&amp#27;[30m2023-04-04T21:53:43,003&amp#27;[m &amp#27;[36mDEBUG &amp#27;[m[&amp#27;[1;34mmain&amp#27;[m] &amp#27;[1;33mo.s.b.f.s.ConstructorResolver&amp#27;[m:  Autowiring by type from bean name 'h2Console' via factory method to bean named 'spring.h2.console-org.springframework.boot.autoconfigure.h2.H2ConsoleProperties'
&amp#27;[30m2023-04-04T21:53:43,004&amp#27;[m &amp#27;[36mDEBUG &amp#27;[m[&amp#27;[1;34mmain&amp#27;[m] &amp#27;[1;33mo.s.b.f.s.DefaultSingletonBeanRegistry&amp#27;[m:  Creating shared instance of singleton bean 'dataSource'
&amp#27;[30m2023-04-04T21:53:43,004&amp#27;[m &amp#27;[36mDEBUG &amp#27;[m[&amp#27;[1;34mmain&amp#27;[m] &amp#27;[1;33mo.s.b.f.s.DefaultSingletonBeanRegistry&amp#27;[m:  Creating shared instance of singleton bean 'org.springframework.boot.autoconfigure.jdbc.DataSourceConfiguration$Hikari'
&amp#27;[30m2023-04-04T21:53:43,006&amp#27;[m &amp#27;[36mDEBUG &amp#27;[m[&amp#27;[1;34mmain&amp#27;[m] &amp#27;[1;33mo.s.b.f.s.DefaultSingletonBeanRegistry&amp#27;[m:  Creating shared instance of singleton bean 'spring.datasource-org.springframework.boot.autoconfigure.jdbc.DataSourceProperties'
&amp#27;[30m2023-04-04T21:53:43,012&amp#27;[m &amp#27;[36mDEBUG &amp#27;[m[&amp#27;[1;34mmain&amp#27;[m] &amp#27;[1;33mo.s.b.f.s.ConstructorResolver&amp#27;[m:  Autowiring by type from bean name 'dataSource' via factory method to bean named 'spring.datasource-org.springframework.boot.autoconfigure.jdbc.DataSourceProperties'
&amp#27;[30m2023-04-04T21:53:43,012&amp#27;[m &amp#27;[36mDEBUG &amp#27;[m[&amp#27;[1;34mmain&amp#27;[m] &amp#27;[1;33mc.z.h.HikariConfig&amp#27;[m:  Driver class org.postgresql.Driver found in Thread context class loader TomcatEmbeddedWebappClassLoader
  context: ROOT
  delegate: true
----------> Parent Classloader:
jdk.internal.loader.ClassLoaders$AppClassLoader@55054057

&amp#27;[30m2023-04-04T21:53:43,025&amp#27;[m &amp#27;[36mDEBUG &amp#27;[m[&amp#27;[1;34mmain&amp#27;[m] &amp#27;[1;33mc.z.h.HikariConfig&amp#27;[m:  HikariPool-4 - configuration:
&amp#27;[30m2023-04-04T21:53:43,025&amp#27;[m &amp#27;[36mDEBUG &amp#27;[m[&amp#27;[1;34mmain&amp#27;[m] &amp#27;[1;33mc.z.h.HikariConfig&amp#27;[m:  allowPoolSuspension................................false
&amp#27;[30m2023-04-04T21:53:43,025&amp#27;[m &amp#27;[36mDEBUG &amp#27;[m[&amp#27;[1;34mmain&amp#27;[m] &amp#27;[1;33mc.z.h.HikariConfig&amp#27;[m:  autoCommit................................true
&amp#27;[30m2023-04-04T21:53:43,026&amp#27;[m &amp#27;[36mDEBUG &amp#27;[m[&amp#27;[1;34mmain&amp#27;[m] &amp#27;[1;33mc.z.h.HikariConfig&amp#27;[m:  catalog................................none
&amp#27;[30m2023-04-04T21:53:43,026&amp#27;[m &amp#27;[36mDEBUG &amp#27;[m[&amp#27;[1;34mmain&amp#27;[m] &amp#27;[1;33mc.z.h.HikariConfig&amp#27;[m:  connectionInitSql................................none
&amp#27;[30m2023-04-04T21:53:43,026&amp#27;[m &amp#27;[36mDEBUG &amp#27;[m[&amp#27;[1;34mmain&amp#27;[m] &amp#27;[1;33mc.z.h.HikariConfig&amp#27;[m:  connectionTestQuery................................none
&amp#27;[30m2023-04-04T21:53:43,026&amp#27;[m &amp#27;[36mDEBUG &amp#27;[m[&amp#27;[1;34mmain&amp#27;[m] &amp#27;[1;33mc.z.h.HikariConfig&amp#27;[m:  connectionTimeout................................30000
&amp#27;[30m2023-04-04T21:53:43,026&amp#27;[m &amp#27;[36mDEBUG &amp#27;[m[&amp#27;[1;34mmain&amp#27;[m] &amp#27;[1;33mc.z.h.HikariConfig&amp#27;[m:  dataSource................................none
&amp#27;[30m2023-04-04T21:53:43,026&amp#27;[m &amp#27;[36mDEBUG &amp#27;[m[&amp#27;[1;34mmain&amp#27;[m] &amp#27;[1;33mc.z.h.HikariConfig&amp#27;[m:  dataSourceClassName................................none
&amp#27;[30m2023-04-04T21:53:43,026&amp#27;[m &amp#27;[36mDEBUG &amp#27;[m[&amp#27;[1;34mmain&amp#27;[m] &amp#27;[1;33mc.z.h.HikariConfig&amp#27;[m:  dataSourceJNDI................................none
&amp#27;[30m2023-04-04T21:53:43,027&amp#27;[m &amp#27;[36mDEBUG &amp#27;[m[&amp#27;[1;34mmain&amp#27;[m] &amp#27;[1;33mc.z.h.HikariConfig&amp#27;[m:  dataSourceProperties................................{password=<masked>}
&amp#27;[30m2023-04-04T21:53:43,027&amp#27;[m &amp#27;[36mDEBUG &amp#27;[m[&amp#27;[1;34mmain&amp#27;[m] &amp#27;[1;33mc.z.h.HikariConfig&amp#27;[m:  driverClassName................................"org.postgresql.Driver"
&amp#27;[30m2023-04-04T21:53:43,027&amp#27;[m &amp#27;[36mDEBUG &amp#27;[m[&amp#27;[1;34mmain&amp#27;[m] &amp#27;[1;33mc.z.h.HikariConfig&amp#27;[m:  exceptionOverrideClassName................................none
&amp#27;[30m2023-04-04T21:53:43,027&amp#27;[m &amp#27;[36mDEBUG &amp#27;[m[&amp#27;[1;34mmain&amp#27;[m] &amp#27;[1;33mc.z.h.HikariConfig&amp#27;[m:  healthCheckProperties................................{}
&amp#27;[30m2023-04-04T21:53:43,027&amp#27;[m &amp#27;[36mDEBUG &amp#27;[m[&amp#27;[1;34mmain&amp#27;[m] &amp#27;[1;33mc.z.h.HikariConfig&amp#27;[m:  healthCheckRegistry................................none
&amp#27;[30m2023-04-04T21:53:43,027&amp#27;[m &amp#27;[36mDEBUG &amp#27;[m[&amp#27;[1;34mmain&amp#27;[m] &amp#27;[1;33mc.z.h.HikariConfig&amp#27;[m:  idleTimeout................................600000
&amp#27;[30m2023-04-04T21:53:43,027&amp#27;[m &amp#27;[36mDEBUG &amp#27;[m[&amp#27;[1;34mmain&amp#27;[m] &amp#27;[1;33mc.z.h.HikariConfig&amp#27;[m:  initializationFailTimeout................................1
&amp#27;[30m2023-04-04T21:53:43,027&amp#27;[m &amp#27;[36mDEBUG &amp#27;[m[&amp#27;[1;34mmain&amp#27;[m] &amp#27;[1;33mc.z.h.HikariConfig&amp#27;[m:  isolateInternalQueries................................false
&amp#27;[30m2023-04-04T21:53:43,027&amp#27;[m &amp#27;[36mDEBUG &amp#27;[m[&amp#27;[1;34mmain&amp#27;[m] &amp#27;[1;33mc.z.h.HikariConfig&amp#27;[m:  jdbcUrl................................jdbc:postgresql://localhost:55013/test-db?loggerLevel=OFF?nullNamePatternMatchesAll=true&useSSL=false&useUnicode=yes&characterEncoding=UTF-8
&amp#27;[30m2023-04-04T21:53:43,027&amp#27;[m &amp#27;[36mDEBUG &amp#27;[m[&amp#27;[1;34mmain&amp#27;[m] &amp#27;[1;33mc.z.h.HikariConfig&amp#27;[m:  keepaliveTime................................0
&amp#27;[30m2023-04-04T21:53:43,027&amp#27;[m &amp#27;[36mDEBUG &amp#27;[m[&amp#27;[1;34mmain&amp#27;[m] &amp#27;[1;33mc.z.h.HikariConfig&amp#27;[m:  leakDetectionThreshold................................0
&amp#27;[30m2023-04-04T21:53:43,027&amp#27;[m &amp#27;[36mDEBUG &amp#27;[m[&amp#27;[1;34mmain&amp#27;[m] &amp#27;[1;33mc.z.h.HikariConfig&amp#27;[m:  maxLifetime................................1800000
&amp#27;[30m2023-04-04T21:53:43,028&amp#27;[m &amp#27;[36mDEBUG &amp#27;[m[&amp#27;[1;34mmain&amp#27;[m] &amp#27;[1;33mc.z.h.HikariConfig&amp#27;[m:  maximumPoolSize................................10
&amp#27;[30m2023-04-04T21:53:43,028&amp#27;[m &amp#27;[36mDEBUG &amp#27;[m[&amp#27;[1;34mmain&amp#27;[m] &amp#27;[1;33mc.z.h.HikariConfig&amp#27;[m:  metricRegistry................................none
&amp#27;[30m2023-04-04T21:53:43,028&amp#27;[m &amp#27;[36mDEBUG &amp#27;[m[&amp#27;[1;34mmain&amp#27;[m] &amp#27;[1;33mc.z.h.HikariConfig&amp#27;[m:  metricsTrackerFactory................................none
&amp#27;[30m2023-04-04T21:53:43,028&amp#27;[m &amp#27;[36mDEBUG &amp#27;[m[&amp#27;[1;34mmain&amp#27;[m] &amp#27;[1;33mc.z.h.HikariConfig&amp#27;[m:  minimumIdle................................10
&amp#27;[30m2023-04-04T21:53:43,028&amp#27;[m &amp#27;[36mDEBUG &amp#27;[m[&amp#27;[1;34mmain&amp#27;[m] &amp#27;[1;33mc.z.h.HikariConfig&amp#27;[m:  password................................<masked>
&amp#27;[30m2023-04-04T21:53:43,028&amp#27;[m &amp#27;[36mDEBUG &amp#27;[m[&amp#27;[1;34mmain&amp#27;[m] &amp#27;[1;33mc.z.h.HikariConfig&amp#27;[m:  poolName................................"HikariPool-4"
&amp#27;[30m2023-04-04T21:53:43,028&amp#27;[m &amp#27;[36mDEBUG &amp#27;[m[&amp#27;[1;34mmain&amp#27;[m] &amp#27;[1;33mc.z.h.HikariConfig&amp#27;[m:  readOnly................................false
&amp#27;[30m2023-04-04T21:53:43,028&amp#27;[m &amp#27;[36mDEBUG &amp#27;[m[&amp#27;[1;34mmain&amp#27;[m] &amp#27;[1;33mc.z.h.HikariConfig&amp#27;[m:  registerMbeans................................false
&amp#27;[30m2023-04-04T21:53:43,028&amp#27;[m &amp#27;[36mDEBUG &amp#27;[m[&amp#27;[1;34mmain&amp#27;[m] &amp#27;[1;33mc.z.h.HikariConfig&amp#27;[m:  scheduledExecutor................................none
&amp#27;[30m2023-04-04T21:53:43,028&amp#27;[m &amp#27;[36mDEBUG &amp#27;[m[&amp#27;[1;34mmain&amp#27;[m] &amp#27;[1;33mc.z.h.HikariConfig&amp#27;[m:  schema................................none
&amp#27;[30m2023-04-04T21:53:43,028&amp#27;[m &amp#27;[36mDEBUG &amp#27;[m[&amp#27;[1;34mmain&amp#27;[m] &amp#27;[1;33mc.z.h.HikariConfig&amp#27;[m:  threadFactory................................internal
&amp#27;[30m2023-04-04T21:53:43,028&amp#27;[m &amp#27;[36mDEBUG &amp#27;[m[&amp#27;[1;34mmain&amp#27;[m] &amp#27;[1;33mc.z.h.HikariConfig&amp#27;[m:  transactionIsolation................................default
&amp#27;[30m2023-04-04T21:53:43,028&amp#27;[m &amp#27;[36mDEBUG &amp#27;[m[&amp#27;[1;34mmain&amp#27;[m] &amp#27;[1;33mc.z.h.HikariConfig&amp#27;[m:  username................................"it"
&amp#27;[30m2023-04-04T21:53:43,028&amp#27;[m &amp#27;[36mDEBUG &amp#27;[m[&amp#27;[1;34mmain&amp#27;[m] &amp#27;[1;33mc.z.h.HikariConfig&amp#27;[m:  validationTimeout................................5000
&amp#27;[30m2023-04-04T21:53:43,028&amp#27;[m &amp#27;[32mINFO  &amp#27;[m[&amp#27;[1;34mmain&amp#27;[m] &amp#27;[1;33mc.z.h.HikariDataSource&amp#27;[m:  HikariPool-4 - Starting...
&amp#27;[30m2023-04-04T21:53:43,060&amp#27;[m &amp#27;[36mDEBUG &amp#27;[m[&amp#27;[1;34mmain&amp#27;[m] &amp#27;[1;33mc.z.h.p.HikariPool&amp#27;[m:  HikariPool-4 - Added connection org.postgresql.jdbc.PgConnection@20dc763b
&amp#27;[30m2023-04-04T21:53:43,061&amp#27;[m &amp#27;[32mINFO  &amp#27;[m[&amp#27;[1;34mmain&amp#27;[m] &amp#27;[1;33mc.z.h.HikariDataSource&amp#27;[m:  HikariPool-4 - Start completed.
&amp#27;[30m2023-04-04T21:53:43,061&amp#27;[m &amp#27;[32mINFO  &amp#27;[m[&amp#27;[1;34mmain&amp#27;[m] &amp#27;[1;33mo.s.b.a.h.H2ConsoleAutoConfiguration&amp#27;[m:  H2 console available at '/h2-ui'. Database available at 'jdbc:postgresql://localhost:55013/test-db?loggerLevel=OFF?nullNamePatternMatchesAll=true&useSSL=false&useUnicode=yes&characterEncoding=UTF-8'
&amp#27;[30m2023-04-04T21:53:43,071&amp#27;[m &amp#27;[36mDEBUG &amp#27;[m[&amp#27;[1;34mmain&amp#27;[m] &amp#27;[1;33mo.s.b.f.s.DefaultSingletonBeanRegistry&amp#27;[m:  Creating shared instance of singleton bean 'errorPageSecurityFilter'
&amp#27;[30m2023-04-04T21:53:43,072&amp#27;[m &amp#27;[36mDEBUG &amp#27;[m[&amp#27;[1;34mmain&amp#27;[m] &amp#27;[1;33mo.s.b.f.s.DefaultSingletonBeanRegistry&amp#27;[m:  Creating shared instance of singleton bean 'org.springframework.boot.autoconfigure.security.servlet.SpringBootWebSecurityConfiguration$ErrorPageSecurityFilterConfiguration'
&amp#27;[30m2023-04-04T21:53:43,074&amp#27;[m &amp#27;[36mDEBUG &amp#27;[m[&amp#27;[1;34mmain&amp#27;[m] &amp#27;[1;33mo.s.b.f.s.ConstructorResolver&amp#27;[m:  Autowiring by type from bean name 'errorPageSecurityFilter' via factory method to bean named 'org.springframework.boot.web.servlet.context.AnnotationConfigServletWebServerApplicationContext@3adb4cc8'
&amp#27;[30m2023-04-04T21:53:43,081&amp#27;[m &amp#27;[36mDEBUG &amp#27;[m[&amp#27;[1;34mmain&amp#27;[m] &amp#27;[1;33mo.s.b.f.s.DefaultSingletonBeanRegistry&amp#27;[m:  Creating shared instance of singleton bean 'securityFilterChainRegistration'
&amp#27;[30m2023-04-04T21:53:43,081&amp#27;[m &amp#27;[36mDEBUG &amp#27;[m[&amp#27;[1;34mmain&amp#27;[m] &amp#27;[1;33mo.s.b.f.s.DefaultSingletonBeanRegistry&amp#27;[m:  Creating shared instance of singleton bean 'org.springframework.boot.autoconfigure.security.servlet.SecurityFilterAutoConfiguration'
&amp#27;[30m2023-04-04T21:53:43,083&amp#27;[m &amp#27;[36mDEBUG &amp#27;[m[&amp#27;[1;34mmain&amp#27;[m] &amp#27;[1;33mo.s.b.f.s.DefaultSingletonBeanRegistry&amp#27;[m:  Creating shared instance of singleton bean 'spring.security-org.springframework.boot.autoconfigure.security.SecurityProperties'
&amp#27;[30m2023-04-04T21:53:43,086&amp#27;[m &amp#27;[36mDEBUG &amp#27;[m[&amp#27;[1;34mmain&amp#27;[m] &amp#27;[1;33mo.s.b.f.s.ConstructorResolver&amp#27;[m:  Autowiring by type from bean name 'securityFilterChainRegistration' via factory method to bean named 'spring.security-org.springframework.boot.autoconfigure.security.SecurityProperties'
&amp#27;[30m2023-04-04T21:53:43,094&amp#27;[m &amp#27;[36mDEBUG &amp#27;[m[&amp#27;[1;34mmain&amp#27;[m] &amp#27;[1;33mo.s.b.f.s.DefaultSingletonBeanRegistry&amp#27;[m:  Creating shared instance of singleton bean 'jwtRequestFilter'
&amp#27;[30m2023-04-04T21:53:43,105&amp#27;[m &amp#27;[36mDEBUG &amp#27;[m[&amp#27;[1;34mmain&amp#27;[m] &amp#27;[1;33mo.s.b.f.s.DefaultSingletonBeanRegistry&amp#27;[m:  Creating shared instance of singleton bean 'tokenService'
&amp#27;[30m2023-04-04T21:53:43,107&amp#27;[m &amp#27;[36mDEBUG &amp#27;[m[&amp#27;[1;34mmain&amp#27;[m] &amp#27;[1;33mo.s.b.f.s.DefaultSingletonBeanRegistry&amp#27;[m:  Creating shared instance of singleton bean 'tokenRepository'
&amp#27;[30m2023-04-04T21:53:43,143&amp#27;[m &amp#27;[36mDEBUG &amp#27;[m[&amp#27;[1;34mmain&amp#27;[m] &amp#27;[1;33mo.s.b.f.s.DefaultSingletonBeanRegistry&amp#27;[m:  Creating shared instance of singleton bean 'flyway'
&amp#27;[30m2023-04-04T21:53:43,145&amp#27;[m &amp#27;[36mDEBUG &amp#27;[m[&amp#27;[1;34mmain&amp#27;[m] &amp#27;[1;33mo.s.b.f.s.DefaultSingletonBeanRegistry&amp#27;[m:  Creating shared instance of singleton bean 'org.springframework.boot.autoconfigure.flyway.FlywayAutoConfiguration$FlywayConfiguration'
&amp#27;[30m2023-04-04T21:53:43,148&amp#27;[m &amp#27;[36mDEBUG &amp#27;[m[&amp#27;[1;34mmain&amp#27;[m] &amp#27;[1;33mo.s.b.f.s.DefaultSingletonBeanRegistry&amp#27;[m:  Creating shared instance of singleton bean 'spring.flyway-org.springframework.boot.autoconfigure.flyway.FlywayProperties'
&amp#27;[30m2023-04-04T21:53:43,157&amp#27;[m &amp#27;[36mDEBUG &amp#27;[m[&amp#27;[1;34mmain&amp#27;[m] &amp#27;[1;33mo.s.b.f.s.ConstructorResolver&amp#27;[m:  Autowiring by type from bean name 'flyway' via factory method to bean named 'spring.flyway-org.springframework.boot.autoconfigure.flyway.FlywayProperties'
&amp#27;[30m2023-04-04T21:53:43,157&amp#27;[m &amp#27;[36mDEBUG &amp#27;[m[&amp#27;[1;34mmain&amp#27;[m] &amp#27;[1;33mo.s.b.f.s.ConstructorResolver&amp#27;[m:  Autowiring by type from bean name 'flyway' via factory method to bean named 'org.springframework.boot.web.servlet.context.AnnotationConfigServletWebServerApplicationContext@3adb4cc8'
&amp#27;[30m2023-04-04T21:53:43,160&amp#27;[m &amp#27;[36mDEBUG &amp#27;[m[&amp#27;[1;34mmain&amp#27;[m] &amp#27;[1;33mo.s.b.f.s.DefaultSingletonBeanRegistry&amp#27;[m:  Creating shared instance of singleton bean 'flywayInitializer'
&amp#27;[30m2023-04-04T21:53:43,161&amp#27;[m &amp#27;[36mDEBUG &amp#27;[m[&amp#27;[1;34mmain&amp#27;[m] &amp#27;[1;33mo.s.b.f.s.ConstructorResolver&amp#27;[m:  Autowiring by type from bean name 'flywayInitializer' via factory method to bean named 'flyway'
&amp#27;[30m2023-04-04T21:53:43,164&amp#27;[m &amp#27;[36mDEBUG &amp#27;[m[&amp#27;[1;34mmain&amp#27;[m] &amp#27;[1;33mo.f.c.i.l.s.Slf4jLog&amp#27;[m:  Scanning for classpath resources at 'classpath:db/migration' ...
&amp#27;[30m2023-04-04T21:53:43,164&amp#27;[m &amp#27;[36mDEBUG &amp#27;[m[&amp#27;[1;34mmain&amp#27;[m] &amp#27;[1;33mo.f.c.i.l.s.Slf4jLog&amp#27;[m:  Determining location urls for classpath:db/migration using ClassLoader TomcatEmbeddedWebappClassLoader
  context: ROOT
  delegate: true
----------> Parent Classloader:
jdk.internal.loader.ClassLoaders$AppClassLoader@55054057
 ...
&amp#27;[30m2023-04-04T21:53:43,164&amp#27;[m &amp#27;[36mDEBUG &amp#27;[m[&amp#27;[1;34mmain&amp#27;[m] &amp#27;[1;33mo.f.c.i.l.s.Slf4jLog&amp#27;[m:  Scanning URL: file:/Users/josephlpz/Documents/JustWork/JustWork-server/target/classes/db/migration
&amp#27;[30m2023-04-04T21:53:43,165&amp#27;[m &amp#27;[36mDEBUG &amp#27;[m[&amp#27;[1;34mmain&amp#27;[m] &amp#27;[1;33mo.f.c.i.l.s.Slf4jLog&amp#27;[m:  JBoss VFS v2 available: false
&amp#27;[30m2023-04-04T21:53:43,165&amp#27;[m &amp#27;[36mDEBUG &amp#27;[m[&amp#27;[1;34mmain&amp#27;[m] &amp#27;[1;33mo.f.c.i.l.s.Slf4jLog&amp#27;[m:  Scanning starting at classpath root in filesystem: /Users/josephlpz/Documents/JustWork/JustWork-server/target/classes/
&amp#27;[30m2023-04-04T21:53:43,165&amp#27;[m &amp#27;[36mDEBUG &amp#27;[m[&amp#27;[1;34mmain&amp#27;[m] &amp#27;[1;33mo.f.c.i.l.s.Slf4jLog&amp#27;[m:  Scanning for resources in path: /Users/josephlpz/Documents/JustWork/JustWork-server/target/classes/db/migration (db/migration)
&amp#27;[30m2023-04-04T21:53:43,165&amp#27;[m &amp#27;[36mDEBUG &amp#27;[m[&amp#27;[1;34mmain&amp#27;[m] &amp#27;[1;33mo.f.c.i.l.s.Slf4jLog&amp#27;[m:  Found resource: db/migration/V1__create_init_tables.sql
&amp#27;[30m2023-04-04T21:53:43,165&amp#27;[m &amp#27;[36mDEBUG &amp#27;[m[&amp#27;[1;34mmain&amp#27;[m] &amp#27;[1;33mo.f.c.i.l.s.Slf4jLog&amp#27;[m:  Scanning for classes at classpath:db/migration
&amp#27;[30m2023-04-04T21:53:43,166&amp#27;[m &amp#27;[36mDEBUG &amp#27;[m[&amp#27;[1;34mHikariPool-4 housekeeper&amp#27;[m] &amp#27;[1;33mc.z.h.p.HikariPool&amp#27;[m:  HikariPool-4 - Pool stats (total=1, active=1, idle=0, waiting=0)
&amp#27;[30m2023-04-04T21:53:43,169&amp#27;[m &amp#27;[32mINFO  &amp#27;[m[&amp#27;[1;34mmain&amp#27;[m] &amp#27;[1;33mo.f.c.i.l.s.Slf4jLog&amp#27;[m:  Database: jdbc:postgresql://localhost:55013/test-db (PostgreSQL 11.8)
&amp#27;[30m2023-04-04T21:53:43,169&amp#27;[m &amp#27;[36mDEBUG &amp#27;[m[&amp#27;[1;34mmain&amp#27;[m] &amp#27;[1;33mo.f.c.i.l.s.Slf4jLog&amp#27;[m:  Driver  : PostgreSQL JDBC Driver 42.2.11
&amp#27;[30m2023-04-04T21:53:43,169&amp#27;[m &amp#27;[36mDEBUG &amp#27;[m[&amp#27;[1;34mmain&amp#27;[m] &amp#27;[1;33mo.f.c.i.l.s.Slf4jLog&amp#27;[m:  DDL Transactions Supported: true
&amp#27;[30m2023-04-04T21:53:43,169&amp#27;[m &amp#27;[36mDEBUG &amp#27;[m[&amp#27;[1;34mmain&amp#27;[m] &amp#27;[1;33mo.f.c.i.l.s.Slf4jLog&amp#27;[m:  Schemas: 
&amp#27;[30m2023-04-04T21:53:43,169&amp#27;[m &amp#27;[36mDEBUG &amp#27;[m[&amp#27;[1;34mmain&amp#27;[m] &amp#27;[1;33mo.f.c.i.l.s.Slf4jLog&amp#27;[m:  Default schema: null
&amp#27;[30m2023-04-04T21:53:43,186&amp#27;[m &amp#27;[36mDEBUG &amp#27;[m[&amp#27;[1;34mmain&amp#27;[m] &amp#27;[1;33mo.f.c.i.l.s.Slf4jLog&amp#27;[m:  Scanning for SQL callbacks ...
&amp#27;[30m2023-04-04T21:53:43,189&amp#27;[m &amp#27;[36mDEBUG &amp#27;[m[&amp#27;[1;34mmain&amp#27;[m] &amp#27;[1;33mo.f.c.i.l.s.Slf4jLog&amp#27;[m:  Validating migrations ...
&amp#27;[30m2023-04-04T21:53:43,191&amp#27;[m &amp#27;[36mDEBUG &amp#27;[m[&amp#27;[1;34mmain&amp#27;[m] &amp#27;[1;33mo.f.c.i.l.s.Slf4jLog&amp#27;[m:  Filtering out resource: db/migration/V1__create_init_tables.sql (filename: V1__create_init_tables.sql)
&amp#27;[30m2023-04-04T21:53:43,191&amp#27;[m &amp#27;[36mDEBUG &amp#27;[m[&amp#27;[1;34mHikariPool-4 connection adder&amp#27;[m] &amp#27;[1;33mc.z.h.p.HikariPool$PoolEntryCreator&amp#27;[m:  HikariPool-4 - Added connection org.postgresql.jdbc.PgConnection@2ba64a2c
&amp#27;[30m2023-04-04T21:53:43,200&amp#27;[m &amp#27;[32mINFO  &amp#27;[m[&amp#27;[1;34mmain&amp#27;[m] &amp#27;[1;33mo.f.c.i.l.s.Slf4jLog&amp#27;[m:  Successfully validated 1 migration (execution time 00:00.010s)
&amp#27;[30m2023-04-04T21:53:43,205&amp#27;[m &amp#27;[36mDEBUG &amp#27;[m[&amp#27;[1;34mHikariPool-4 connection adder&amp#27;[m] &amp#27;[1;33mc.z.h.p.HikariPool$PoolEntryCreator&amp#27;[m:  HikariPool-4 - Added connection org.postgresql.jdbc.PgConnection@2561b128
&amp#27;[30m2023-04-04T21:53:43,210&amp#27;[m &amp#27;[32mINFO  &amp#27;[m[&amp#27;[1;34mmain&amp#27;[m] &amp#27;[1;33mo.f.c.i.l.s.Slf4jLog&amp#27;[m:  Current version of schema "public": << Empty Schema >>
&amp#27;[30m2023-04-04T21:53:43,211&amp#27;[m &amp#27;[36mDEBUG &amp#27;[m[&amp#27;[1;34mmain&amp#27;[m] &amp#27;[1;33mo.f.c.i.l.s.Slf4jLog&amp#27;[m:  Parsing V1__create_init_tables.sql ...
&amp#27;[30m2023-04-04T21:53:43,218&amp#27;[m &amp#27;[36mDEBUG &amp#27;[m[&amp#27;[1;34mHikariPool-4 connection adder&amp#27;[m] &amp#27;[1;33mc.z.h.p.HikariPool$PoolEntryCreator&amp#27;[m:  HikariPool-4 - Added connection org.postgresql.jdbc.PgConnection@215e215c
&amp#27;[30m2023-04-04T21:53:43,226&amp#27;[m &amp#27;[36mDEBUG &amp#27;[m[&amp#27;[1;34mmain&amp#27;[m] &amp#27;[1;33mo.f.c.i.l.s.Slf4jLog&amp#27;[m:  Found statement at line 1: CREATE TABLE usuario (
    id                  BIGSERIAL PRIMARY KEY,
    uuid                uuid DEFAULT NULL,
    rut                 character varying(20) NOT NULL,
    nombre              character varying(255) DEFAULT NULL,
    email               character varying(255) NOT NULL,
    telefono            character varying(255) NOT NULL,
    eliminado           boolean NOT NULL DEFAULT false,
    fecha_creacion      timestamp without time zone NOT NULL,
    fecha_actualizacion timestamp without time zone,
    password_sha512     character varying(128) NOT NULL,
    firma               character varying(128) DEFAULT NULL,
    apellido   character varying(255) DEFAULT NULL,
    profesion   character varying(255) DEFAULT NULL,
    tipo       character varying(250) DEFAULT NULL
)
&amp#27;[30m2023-04-04T21:53:43,227&amp#27;[m &amp#27;[36mDEBUG &amp#27;[m[&amp#27;[1;34mmain&amp#27;[m] &amp#27;[1;33mo.f.c.i.l.s.Slf4jLog&amp#27;[m:  Found statement at line 18: CREATE UNIQUE INDEX usuario_uuid_key ON usuario(uuid uuid_ops)
&amp#27;[30m2023-04-04T21:53:43,227&amp#27;[m &amp#27;[36mDEBUG &amp#27;[m[&amp#27;[1;34mmain&amp#27;[m] &amp#27;[1;33mo.f.c.i.l.s.Slf4jLog&amp#27;[m:  Found statement at line 20: CREATE TABLE token (
    id                  BIGSERIAL PRIMARY KEY,
    fecha_creacion      timestamp without time zone,
    fecha_expiracion    timestamp without time zone,
    sso_fecha_expiracion    timestamp without time zone,
    sha_token           character varying(128) DEFAULT NULL,
    firma               character varying(128) DEFAULT NULL,
    usuario_id          bigint NOT NULL,
    sso_access_token    character varying(255) DEFAULT NULL
    sso_refresh_token    character varying(255) DEFAULT NULL
)
&amp#27;[30m2023-04-04T21:53:43,227&amp#27;[m &amp#27;[36mDEBUG &amp#27;[m[&amp#27;[1;34mmain&amp#27;[m] &amp#27;[1;33mo.f.c.i.l.s.Slf4jLog&amp#27;[m:  Found statement at line 33: CREATE TABLE rol(
    id                  BIGSERIAL PRIMARY KEY,
    uuid                uuid DEFAULT NULL,
    nombre              character varying(100) NOT NULL
)
&amp#27;[30m2023-04-04T21:53:43,227&amp#27;[m &amp#27;[36mDEBUG &amp#27;[m[&amp#27;[1;34mmain&amp#27;[m] &amp#27;[1;33mo.f.c.i.l.s.Slf4jLog&amp#27;[m:  Found statement at line 39: CREATE TABLE usuario_roles(
 usuario_id         bigserial not null,
 rol_id             bigserial not null,
 PRIMARY KEY (usuario_id,rol_id)
)
&amp#27;[30m2023-04-04T21:53:43,227&amp#27;[m &amp#27;[36mDEBUG &amp#27;[m[&amp#27;[1;34mmain&amp#27;[m] &amp#27;[1;33mo.f.c.i.l.s.Slf4jLog&amp#27;[m:  Found statement at line 44: create index ix_usuario_roles_usuario_id on usuario_roles (usuario_id)
&amp#27;[30m2023-04-04T21:53:43,227&amp#27;[m &amp#27;[36mDEBUG &amp#27;[m[&amp#27;[1;34mmain&amp#27;[m] &amp#27;[1;33mo.f.c.i.l.s.Slf4jLog&amp#27;[m:  Found statement at line 45: create index ix_usuario_roles_rol_id on usuario_roles (rol_id)
&amp#27;[30m2023-04-04T21:53:43,227&amp#27;[m &amp#27;[36mDEBUG &amp#27;[m[&amp#27;[1;34mmain&amp#27;[m] &amp#27;[1;33mo.f.c.i.l.s.Slf4jLog&amp#27;[m:  Found statement at line 46: alter table usuario_roles add constraint fk_usuario_roles_usuario_id foreign key (usuario_id) references usuario (id)
&amp#27;[30m2023-04-04T21:53:43,228&amp#27;[m &amp#27;[36mDEBUG &amp#27;[m[&amp#27;[1;34mmain&amp#27;[m] &amp#27;[1;33mo.f.c.i.l.s.Slf4jLog&amp#27;[m:  Found statement at line 47: alter table usuario_roles add constraint fk_usuario_roles_rol_id foreign key (rol_id) references rol (id)
&amp#27;[30m2023-04-04T21:53:43,228&amp#27;[m &amp#27;[36mDEBUG &amp#27;[m[&amp#27;[1;34mmain&amp#27;[m] &amp#27;[1;33mo.f.c.i.l.s.Slf4jLog&amp#27;[m:  Starting migration of schema "public" to version 1 - create init tables ...
&amp#27;[30m2023-04-04T21:53:43,233&amp#27;[m &amp#27;[32mINFO  &amp#27;[m[&amp#27;[1;34mmain&amp#27;[m] &amp#27;[1;33mo.f.c.i.l.s.Slf4jLog&amp#27;[m:  Migrating schema "public" to version 1 - create init tables
&amp#27;[30m2023-04-04T21:53:43,234&amp#27;[m &amp#27;[36mDEBUG &amp#27;[m[&amp#27;[1;34mmain&amp#27;[m] &amp#27;[1;33mo.f.c.i.l.s.Slf4jLog&amp#27;[m:  Executing SQL: CREATE TABLE usuario (
    id                  BIGSERIAL PRIMARY KEY,
    uuid                uuid DEFAULT NULL,
    rut                 character varying(20) NOT NULL,
    nombre              character varying(255) DEFAULT NULL,
    email               character varying(255) NOT NULL,
    telefono            character varying(255) NOT NULL,
    eliminado           boolean NOT NULL DEFAULT false,
    fecha_creacion      timestamp without time zone NOT NULL,
    fecha_actualizacion timestamp without time zone,
    password_sha512     character varying(128) NOT NULL,
    firma               character varying(128) DEFAULT NULL,
    apellido   character varying(255) DEFAULT NULL,
    profesion   character varying(255) DEFAULT NULL,
    tipo       character varying(250) DEFAULT NULL
)
&amp#27;[30m2023-04-04T21:53:43,235&amp#27;[m &amp#27;[36mDEBUG &amp#27;[m[&amp#27;[1;34mHikariPool-4 connection adder&amp#27;[m] &amp#27;[1;33mc.z.h.p.HikariPool$PoolEntryCreator&amp#27;[m:  HikariPool-4 - Added connection org.postgresql.jdbc.PgConnection@645cbb13
&amp#27;[30m2023-04-04T21:53:43,238&amp#27;[m &amp#27;[36mDEBUG &amp#27;[m[&amp#27;[1;34mmain&amp#27;[m] &amp#27;[1;33mo.f.c.i.l.s.Slf4jLog&amp#27;[m:  Update Count: 0
&amp#27;[30m2023-04-04T21:53:43,238&amp#27;[m &amp#27;[36mDEBUG &amp#27;[m[&amp#27;[1;34mmain&amp#27;[m] &amp#27;[1;33mo.f.c.i.l.s.Slf4jLog&amp#27;[m:  Executing SQL: CREATE UNIQUE INDEX usuario_uuid_key ON usuario(uuid uuid_ops)
&amp#27;[30m2023-04-04T21:53:43,240&amp#27;[m &amp#27;[36mDEBUG &amp#27;[m[&amp#27;[1;34mmain&amp#27;[m] &amp#27;[1;33mo.f.c.i.l.s.Slf4jLog&amp#27;[m:  Update Count: 0
&amp#27;[30m2023-04-04T21:53:43,240&amp#27;[m &amp#27;[36mDEBUG &amp#27;[m[&amp#27;[1;34mmain&amp#27;[m] &amp#27;[1;33mo.f.c.i.l.s.Slf4jLog&amp#27;[m:  Executing SQL: CREATE TABLE token (
    id                  BIGSERIAL PRIMARY KEY,
    fecha_creacion      timestamp without time zone,
    fecha_expiracion    timestamp without time zone,
    sso_fecha_expiracion    timestamp without time zone,
    sha_token           character varying(128) DEFAULT NULL,
    firma               character varying(128) DEFAULT NULL,
    usuario_id          bigint NOT NULL,
    sso_access_token    character varying(255) DEFAULT NULL
    sso_refresh_token    character varying(255) DEFAULT NULL
)
&amp#27;[30m2023-04-04T21:53:43,243&amp#27;[m &amp#27;[36mDEBUG &amp#27;[m[&amp#27;[1;34mmain&amp#27;[m] &amp#27;[1;33mo.f.c.i.l.s.Slf4jLog&amp#27;[m:  Rolling back transaction...
&amp#27;[30m2023-04-04T21:53:43,245&amp#27;[m &amp#27;[36mDEBUG &amp#27;[m[&amp#27;[1;34mmain&amp#27;[m] &amp#27;[1;33mo.f.c.i.l.s.Slf4jLog&amp#27;[m:  Transaction rolled back
&amp#27;[30m2023-04-04T21:53:43,245&amp#27;[m &amp#27;[1;31mERROR &amp#27;[m[&amp#27;[1;34mmain&amp#27;[m] &amp#27;[1;33mo.f.c.i.l.s.Slf4jLog&amp#27;[m:  Migration of schema "public" to version 1 - create init tables failed! Changes successfully rolled back.
&amp#27;[30m2023-04-04T21:53:43,253&amp#27;[m &amp#27;[36mDEBUG &amp#27;[m[&amp#27;[1;34mHikariPool-4 connection adder&amp#27;[m] &amp#27;[1;33mc.z.h.p.HikariPool$PoolEntryCreator&amp#27;[m:  HikariPool-4 - Added connection org.postgresql.jdbc.PgConnection@7db27a9e
&amp#27;[30m2023-04-04T21:53:43,255&amp#27;[m &amp#27;[36mDEBUG &amp#27;[m[&amp#27;[1;34mmain&amp#27;[m] &amp#27;[1;33mo.f.c.i.l.s.Slf4jLog&amp#27;[m:  Memory usage: 91 of 156M
&amp#27;[30m2023-04-04T21:53:43,257&amp#27;[m &amp#27;[1;31mERROR &amp#27;[m[&amp#27;[1;34mmain&amp#27;[m] &amp#27;[1;33mo.s.b.w.e.t.TomcatStarter&amp#27;[m:  Error starting Tomcat context. Exception: org.springframework.beans.factory.UnsatisfiedDependencyException. Message: Error creating bean with name 'jwtRequestFilter': Unsatisfied dependency expressed through field 'tokenService'; nested exception is org.springframework.beans.factory.UnsatisfiedDependencyException: Error creating bean with name 'tokenService': Unsatisfied dependency expressed through field 'tokenRepository'; nested exception is org.springframework.beans.factory.BeanCreationException: Error creating bean with name 'tokenRepository' defined in JustWork.server.repository.TokenRepository defined in @EnableJpaRepositories declared on JpaRepositoriesRegistrar.EnableJpaRepositoriesConfiguration: Cannot create inner bean '(inner bean)#30a79476' of type [org.springframework.orm.jpa.SharedEntityManagerCreator] while setting bean property 'entityManager'; nested exception is org.springframework.beans.factory.BeanCreationException: Error creating bean with name '(inner bean)#30a79476': Cannot resolve reference to bean 'entityManagerFactory' while setting constructor argument; nested exception is org.springframework.beans.factory.BeanCreationException: Error creating bean with name 'flywayInitializer' defined in class path resource [org/springframework/boot/autoconfigure/flyway/FlywayAutoConfiguration$FlywayConfiguration.class]: Invocation of init method failed; nested exception is java.lang.reflect.InvocationTargetException
&amp#27;[30m2023-04-04T21:53:43,267&amp#27;[m &amp#27;[33mWARN  &amp#27;[m[&amp#27;[1;34mmain&amp#27;[m] &amp#27;[1;33mo.s.c.s.AbstractApplicationContext&amp#27;[m:  Exception encountered during context initialization - cancelling refresh attempt: org.springframework.context.ApplicationContextException: Unable to start web server; nested exception is org.springframework.boot.web.server.WebServerException: Unable to start embedded Tomcat
&amp#27;[30m2023-04-04T21:53:43,268&amp#27;[m &amp#27;[32mINFO  &amp#27;[m[&amp#27;[1;34mmain&amp#27;[m] &amp#27;[1;33mc.z.h.HikariDataSource&amp#27;[m:  HikariPool-4 - Shutdown initiated...
&amp#27;[30m2023-04-04T21:53:43,269&amp#27;[m &amp#27;[36mDEBUG &amp#27;[m[&amp#27;[1;34mmain&amp#27;[m] &amp#27;[1;33mc.z.h.p.HikariPool&amp#27;[m:  HikariPool-4 - Before shutdown stats (total=6, active=0, idle=6, waiting=0)
&amp#27;[30m2023-04-04T21:53:43,269&amp#27;[m &amp#27;[36mDEBUG &amp#27;[m[&amp#27;[1;34mHikariPool-4 connection closer&amp#27;[m] &amp#27;[1;33mc.z.h.p.PoolBase&amp#27;[m:  HikariPool-4 - Closing connection org.postgresql.jdbc.PgConnection@20dc763b: (connection evicted)
&amp#27;[30m2023-04-04T21:53:43,270&amp#27;[m &amp#27;[36mDEBUG &amp#27;[m[&amp#27;[1;34mHikariPool-4 connection closer&amp#27;[m] &amp#27;[1;33mc.z.h.p.PoolBase&amp#27;[m:  HikariPool-4 - Closing connection org.postgresql.jdbc.PgConnection@2ba64a2c: (connection evicted)
&amp#27;[30m2023-04-04T21:53:43,272&amp#27;[m &amp#27;[36mDEBUG &amp#27;[m[&amp#27;[1;34mHikariPool-4 connection closer&amp#27;[m] &amp#27;[1;33mc.z.h.p.PoolBase&amp#27;[m:  HikariPool-4 - Closing connection org.postgresql.jdbc.PgConnection@2561b128: (connection evicted)
&amp#27;[30m2023-04-04T21:53:43,273&amp#27;[m &amp#27;[36mDEBUG &amp#27;[m[&amp#27;[1;34mHikariPool-4 connection closer&amp#27;[m] &amp#27;[1;33mc.z.h.p.PoolBase&amp#27;[m:  HikariPool-4 - Closing connection org.postgresql.jdbc.PgConnection@215e215c: (connection evicted)
&amp#27;[30m2023-04-04T21:53:43,276&amp#27;[m &amp#27;[36mDEBUG &amp#27;[m[&amp#27;[1;34mHikariPool-4 connection closer&amp#27;[m] &amp#27;[1;33mc.z.h.p.PoolBase&amp#27;[m:  HikariPool-4 - Closing connection org.postgresql.jdbc.PgConnection@645cbb13: (connection evicted)
&amp#27;[30m2023-04-04T21:53:43,279&amp#27;[m &amp#27;[36mDEBUG &amp#27;[m[&amp#27;[1;34mHikariPool-4 connection closer&amp#27;[m] &amp#27;[1;33mc.z.h.p.PoolBase&amp#27;[m:  HikariPool-4 - Closing connection org.postgresql.jdbc.PgConnection@7db27a9e: (connection evicted)
&amp#27;[30m2023-04-04T21:53:43,280&amp#27;[m &amp#27;[36mDEBUG &amp#27;[m[&amp#27;[1;34mHikariPool-4 connection adder&amp#27;[m] &amp#27;[1;33mc.z.h.p.HikariPool$PoolEntryCreator&amp#27;[m:  HikariPool-4 - Added connection org.postgresql.jdbc.PgConnection@55f27cf1
&amp#27;[30m2023-04-04T21:53:43,284&amp#27;[m &amp#27;[36mDEBUG &amp#27;[m[&amp#27;[1;34mHikariPool-4 connection closer&amp#27;[m] &amp#27;[1;33mc.z.h.p.PoolBase&amp#27;[m:  HikariPool-4 - Closing connection org.postgresql.jdbc.PgConnection@55f27cf1: (connection evicted)
&amp#27;[30m2023-04-04T21:53:43,287&amp#27;[m &amp#27;[36mDEBUG &amp#27;[m[&amp#27;[1;34mmain&amp#27;[m] &amp#27;[1;33mc.z.h.p.HikariPool&amp#27;[m:  HikariPool-4 - After shutdown stats (total=0, active=0, idle=0, waiting=0)
&amp#27;[30m2023-04-04T21:53:43,287&amp#27;[m &amp#27;[32mINFO  &amp#27;[m[&amp#27;[1;34mmain&amp#27;[m] &amp#27;[1;33mc.z.h.HikariDataSource&amp#27;[m:  HikariPool-4 - Shutdown completed.
&amp#27;[30m2023-04-04T21:53:43,314&amp#27;[m &amp#27;[36mDEBUG &amp#27;[m[&amp#27;[1;34mmain&amp#27;[m] &amp#27;[1;33mo.s.b.a.l.ConditionEvaluationReportLoggingListener&amp#27;[m:  


============================
CONDITIONS EVALUATION REPORT
============================


Positive matches:
-----------------

   AopAutoConfiguration matched:
      - @ConditionalOnProperty (spring.aop.auto=true) matched (OnPropertyCondition)

   AopAutoConfiguration.AspectJAutoProxyingConfiguration matched:
      - @ConditionalOnClass found required class 'org.aspectj.weaver.Advice' (OnClassCondition)

   AopAutoConfiguration.AspectJAutoProxyingConfiguration.CglibAutoProxyConfiguration matched:
      - @ConditionalOnProperty (spring.aop.proxy-target-class=true) matched (OnPropertyCondition)

   DataSourceAutoConfiguration matched:
      - @ConditionalOnClass found required classes 'javax.sql.DataSource', 'org.springframework.jdbc.datasource.embedded.EmbeddedDatabaseType' (OnClassCondition)
      - @ConditionalOnMissingBean (types: io.r2dbc.spi.ConnectionFactory; SearchStrategy: all) did not find any beans (OnBeanCondition)

   DataSourceAutoConfiguration.PooledDataSourceConfiguration matched:
      - AnyNestedCondition 1 matched 1 did not; NestedCondition on DataSourceAutoConfiguration.PooledDataSourceCondition.PooledDataSourceAvailable PooledDataSource found supported DataSource; NestedCondition on DataSourceAutoConfiguration.PooledDataSourceCondition.ExplicitType @ConditionalOnProperty (spring.datasource.type) did not find property 'type' (DataSourceAutoConfiguration.PooledDataSourceCondition)
      - @ConditionalOnMissingBean (types: javax.sql.DataSource,javax.sql.XADataSource; SearchStrategy: all) did not find any beans (OnBeanCondition)

   DataSourceConfiguration.Hikari matched:
      - @ConditionalOnClass found required class 'com.zaxxer.hikari.HikariDataSource' (OnClassCondition)
      - @ConditionalOnProperty (spring.datasource.type=com.zaxxer.hikari.HikariDataSource) matched (OnPropertyCondition)
      - @ConditionalOnMissingBean (types: javax.sql.DataSource; SearchStrategy: all) did not find any beans (OnBeanCondition)

   DataSourceInitializationConfiguration matched:
      - @ConditionalOnClass found required class 'org.springframework.jdbc.datasource.init.DatabasePopulator' (OnClassCondition)
      - @ConditionalOnSingleCandidate (types: javax.sql.DataSource; SearchStrategy: all) found a single bean 'dataSource'; @ConditionalOnMissingBean (types: org.springframework.boot.autoconfigure.sql.init.SqlDataSourceScriptDatabaseInitializer,org.springframework.boot.autoconfigure.sql.init.SqlR2dbcScriptDatabaseInitializer; SearchStrategy: all) did not find any beans (OnBeanCondition)

   DataSourcePoolMetadataProvidersConfiguration.HikariPoolDataSourceMetadataProviderConfiguration matched:
      - @ConditionalOnClass found required class 'com.zaxxer.hikari.HikariDataSource' (OnClassCondition)

   DataSourceTransactionManagerAutoConfiguration matched:
      - @ConditionalOnClass found required classes 'org.springframework.jdbc.core.JdbcTemplate', 'org.springframework.transaction.TransactionManager' (OnClassCondition)

   DataSourceTransactionManagerAutoConfiguration.JdbcTransactionManagerConfiguration matched:
      - @ConditionalOnSingleCandidate (types: javax.sql.DataSource; SearchStrategy: all) found a single bean 'dataSource' (OnBeanCondition)

   DispatcherServletAutoConfiguration matched:
      - @ConditionalOnClass found required class 'org.springframework.web.servlet.DispatcherServlet' (OnClassCondition)
      - found 'session' scope (OnWebApplicationCondition)

   DispatcherServletAutoConfiguration.DispatcherServletConfiguration matched:
      - @ConditionalOnClass found required class 'javax.servlet.ServletRegistration' (OnClassCondition)
      - Default DispatcherServlet did not find dispatcher servlet beans (DispatcherServletAutoConfiguration.DefaultDispatcherServletCondition)

   DispatcherServletAutoConfiguration.DispatcherServletRegistrationConfiguration matched:
      - @ConditionalOnClass found required class 'javax.servlet.ServletRegistration' (OnClassCondition)
      - DispatcherServlet Registration did not find servlet registration bean (DispatcherServletAutoConfiguration.DispatcherServletRegistrationCondition)

   DispatcherServletAutoConfiguration.DispatcherServletRegistrationConfiguration#dispatcherServletRegistration matched:
      - @ConditionalOnBean (names: dispatcherServlet types: org.springframework.web.servlet.DispatcherServlet; SearchStrategy: all) found bean 'dispatcherServlet' (OnBeanCondition)

   EmbeddedWebServerFactoryCustomizerAutoConfiguration matched:
      - @ConditionalOnWebApplication (required) found 'session' scope (OnWebApplicationCondition)

   EmbeddedWebServerFactoryCustomizerAutoConfiguration.TomcatWebServerFactoryCustomizerConfiguration matched:
      - @ConditionalOnClass found required classes 'org.apache.catalina.startup.Tomcat', 'org.apache.coyote.UpgradeProtocol' (OnClassCondition)

   ErrorMvcAutoConfiguration matched:
      - @ConditionalOnClass found required classes 'javax.servlet.Servlet', 'org.springframework.web.servlet.DispatcherServlet' (OnClassCondition)
      - found 'session' scope (OnWebApplicationCondition)

   ErrorMvcAutoConfiguration#basicErrorController matched:
      - @ConditionalOnMissingBean (types: org.springframework.boot.web.servlet.error.ErrorController; SearchStrategy: current) did not find any beans (OnBeanCondition)

   ErrorMvcAutoConfiguration#errorAttributes matched:
      - @ConditionalOnMissingBean (types: org.springframework.boot.web.servlet.error.ErrorAttributes; SearchStrategy: current) did not find any beans (OnBeanCondition)

   ErrorMvcAutoConfiguration.DefaultErrorViewResolverConfiguration#conventionErrorViewResolver matched:
      - @ConditionalOnBean (types: org.springframework.web.servlet.DispatcherServlet; SearchStrategy: all) found bean 'dispatcherServlet'; @ConditionalOnMissingBean (types: org.springframework.boot.autoconfigure.web.servlet.error.ErrorViewResolver; SearchStrategy: all) did not find any beans (OnBeanCondition)

   ErrorMvcAutoConfiguration.WhitelabelErrorViewConfiguration matched:
      - @ConditionalOnProperty (server.error.whitelabel.enabled) matched (OnPropertyCondition)
      - ErrorTemplate Missing did not find error template view (ErrorMvcAutoConfiguration.ErrorTemplateMissingCondition)

   ErrorMvcAutoConfiguration.WhitelabelErrorViewConfiguration#beanNameViewResolver matched:
      - @ConditionalOnMissingBean (types: org.springframework.web.servlet.view.BeanNameViewResolver; SearchStrategy: all) did not find any beans (OnBeanCondition)

   ErrorMvcAutoConfiguration.WhitelabelErrorViewConfiguration#defaultErrorView matched:
      - @ConditionalOnMissingBean (names: error; SearchStrategy: all) did not find any beans (OnBeanCondition)

   FlywayAutoConfiguration matched:
      - @ConditionalOnClass found required class 'org.flywaydb.core.Flyway' (OnClassCondition)
      - @ConditionalOnProperty (spring.flyway.enabled) matched (OnPropertyCondition)
      - AnyNestedCondition 1 matched 1 did not; NestedCondition on FlywayAutoConfiguration.FlywayDataSourceCondition.FlywayUrlCondition @ConditionalOnProperty (spring.flyway.url) did not find property 'url'; NestedCondition on FlywayAutoConfiguration.FlywayDataSourceCondition.DataSourceBeanCondition @ConditionalOnBean (types: javax.sql.DataSource; SearchStrategy: all) found bean 'dataSource' (FlywayAutoConfiguration.FlywayDataSourceCondition)

   FlywayAutoConfiguration.FlywayConfiguration matched:
      - @ConditionalOnClass found required class 'org.springframework.jdbc.support.JdbcUtils' (OnClassCondition)
      - @ConditionalOnMissingBean (types: org.flywaydb.core.Flyway; SearchStrategy: all) did not find any beans (OnBeanCondition)

   FlywayAutoConfiguration.FlywayConfiguration#flywayInitializer matched:
      - @ConditionalOnMissingBean (types: org.springframework.boot.autoconfigure.flyway.FlywayMigrationInitializer; SearchStrategy: all) did not find any beans (OnBeanCondition)

   GenericCacheConfiguration matched:
      - Cache org.springframework.boot.autoconfigure.cache.GenericCacheConfiguration automatic cache type (CacheCondition)

   GroovyTemplateAutoConfiguration matched:
      - @ConditionalOnClass found required class 'groovy.text.markup.MarkupTemplateEngine' (OnClassCondition)

   GroovyTemplateAutoConfiguration.GroovyMarkupConfiguration matched:
      - @ConditionalOnClass found required class 'org.springframework.web.servlet.view.groovy.GroovyMarkupConfigurer' (OnClassCondition)

   GroovyTemplateAutoConfiguration.GroovyMarkupConfiguration#groovyMarkupConfigurer matched:
      - @ConditionalOnMissingBean (types: org.springframework.web.servlet.view.groovy.GroovyMarkupConfig; SearchStrategy: all) did not find any beans (OnBeanCondition)

   GroovyTemplateAutoConfiguration.GroovyWebConfiguration matched:
      - @ConditionalOnClass found required classes 'javax.servlet.Servlet', 'org.springframework.context.i18n.LocaleContextHolder', 'org.springframework.web.servlet.view.UrlBasedViewResolver' (OnClassCondition)
      - found 'session' scope (OnWebApplicationCondition)
      - @ConditionalOnProperty (spring.groovy.template.enabled) matched (OnPropertyCondition)

   GroovyTemplateAutoConfiguration.GroovyWebConfiguration#groovyMarkupViewResolver matched:
      - @ConditionalOnMissingBean (names: groovyMarkupViewResolver; SearchStrategy: all) did not find any beans (OnBeanCondition)

   GsonAutoConfiguration matched:
      - @ConditionalOnClass found required class 'com.google.gson.Gson' (OnClassCondition)

   GsonAutoConfiguration#gson matched:
      - @ConditionalOnMissingBean (types: com.google.gson.Gson; SearchStrategy: all) did not find any beans (OnBeanCondition)

   GsonAutoConfiguration#gsonBuilder matched:
      - @ConditionalOnMissingBean (types: com.google.gson.GsonBuilder; SearchStrategy: all) did not find any beans (OnBeanCondition)

   GsonHttpMessageConvertersConfiguration matched:
      - @ConditionalOnClass found required class 'com.google.gson.Gson' (OnClassCondition)

   H2ConsoleAutoConfiguration matched:
      - @ConditionalOnClass found required class 'org.h2.server.web.WebServlet' (OnClassCondition)
      - found 'session' scope (OnWebApplicationCondition)
      - @ConditionalOnProperty (spring.h2.console.enabled=true) matched (OnPropertyCondition)

   HibernateJpaAutoConfiguration matched:
      - @ConditionalOnClass found required classes 'org.springframework.orm.jpa.LocalContainerEntityManagerFactoryBean', 'javax.persistence.EntityManager', 'org.hibernate.engine.spi.SessionImplementor' (OnClassCondition)

   HibernateJpaConfiguration matched:
      - @ConditionalOnSingleCandidate (types: javax.sql.DataSource; SearchStrategy: all) found a single bean 'dataSource' (OnBeanCondition)

   HttpEncodingAutoConfiguration matched:
      - @ConditionalOnClass found required class 'org.springframework.web.filter.CharacterEncodingFilter' (OnClassCondition)
      - found 'session' scope (OnWebApplicationCondition)
      - @ConditionalOnProperty (server.servlet.encoding.enabled) matched (OnPropertyCondition)

   HttpEncodingAutoConfiguration#characterEncodingFilter matched:
      - @ConditionalOnMissingBean (types: org.springframework.web.filter.CharacterEncodingFilter; SearchStrategy: all) did not find any beans (OnBeanCondition)

   HttpMessageConvertersAutoConfiguration matched:
      - @ConditionalOnClass found required class 'org.springframework.http.converter.HttpMessageConverter' (OnClassCondition)
      - NoneNestedConditions 0 matched 1 did not; NestedCondition on HttpMessageConvertersAutoConfiguration.NotReactiveWebApplicationCondition.ReactiveWebApplication did not find reactive web application classes (HttpMessageConvertersAutoConfiguration.NotReactiveWebApplicationCondition)

   HttpMessageConvertersAutoConfiguration#messageConverters matched:
      - @ConditionalOnMissingBean (types: org.springframework.boot.autoconfigure.http.HttpMessageConverters; SearchStrategy: all) did not find any beans (OnBeanCondition)

   HttpMessageConvertersAutoConfiguration.StringHttpMessageConverterConfiguration matched:
      - @ConditionalOnClass found required class 'org.springframework.http.converter.StringHttpMessageConverter' (OnClassCondition)

   HttpMessageConvertersAutoConfiguration.StringHttpMessageConverterConfiguration#stringHttpMessageConverter matched:
      - @ConditionalOnMissingBean (types: org.springframework.http.converter.StringHttpMessageConverter; SearchStrategy: all) did not find any beans (OnBeanCondition)

   HypermediaAutoConfiguration matched:
      - @ConditionalOnClass found required classes 'org.springframework.hateoas.EntityModel', 'org.springframework.web.bind.annotation.RequestMapping', 'org.springframework.web.servlet.mvc.method.annotation.RequestMappingHandlerAdapter', 'org.springframework.plugin.core.Plugin' (OnClassCondition)
      - @ConditionalOnWebApplication (required) found 'session' scope (OnWebApplicationCondition)

   HypermediaAutoConfiguration#applicationJsonHalConfiguration matched:
      - @ConditionalOnClass found required class 'com.fasterxml.jackson.databind.ObjectMapper' (OnClassCondition)
      - @ConditionalOnProperty (spring.hateoas.use-hal-as-default-json-media-type) matched (OnPropertyCondition)
      - @ConditionalOnMissingBean (types: org.springframework.hateoas.mediatype.hal.HalConfiguration; SearchStrategy: all) did not find any beans (OnBeanCondition)

   JacksonAutoConfiguration matched:
      - @ConditionalOnClass found required class 'com.fasterxml.jackson.databind.ObjectMapper' (OnClassCondition)

   JacksonAutoConfiguration.Jackson2ObjectMapperBuilderCustomizerConfiguration matched:
      - @ConditionalOnClass found required class 'org.springframework.http.converter.json.Jackson2ObjectMapperBuilder' (OnClassCondition)

   JacksonAutoConfiguration.JacksonObjectMapperBuilderConfiguration matched:
      - @ConditionalOnClass found required class 'org.springframework.http.converter.json.Jackson2ObjectMapperBuilder' (OnClassCondition)

   JacksonAutoConfiguration.JacksonObjectMapperBuilderConfiguration#jacksonObjectMapperBuilder matched:
      - @ConditionalOnMissingBean (types: org.springframework.http.converter.json.Jackson2ObjectMapperBuilder; SearchStrategy: all) did not find any beans (OnBeanCondition)

   JacksonAutoConfiguration.JacksonObjectMapperConfiguration matched:
      - @ConditionalOnClass found required class 'org.springframework.http.converter.json.Jackson2ObjectMapperBuilder' (OnClassCondition)

   JacksonAutoConfiguration.JacksonObjectMapperConfiguration#jacksonObjectMapper matched:
      - @ConditionalOnMissingBean (types: com.fasterxml.jackson.databind.ObjectMapper; SearchStrategy: all) did not find any beans (OnBeanCondition)

   JacksonAutoConfiguration.ParameterNamesModuleConfiguration matched:
      - @ConditionalOnClass found required class 'com.fasterxml.jackson.module.paramnames.ParameterNamesModule' (OnClassCondition)

   JacksonAutoConfiguration.ParameterNamesModuleConfiguration#parameterNamesModule matched:
      - @ConditionalOnMissingBean (types: com.fasterxml.jackson.module.paramnames.ParameterNamesModule; SearchStrategy: all) did not find any beans (OnBeanCondition)

   JacksonHttpMessageConvertersConfiguration.MappingJackson2HttpMessageConverterConfiguration matched:
      - @ConditionalOnClass found required class 'com.fasterxml.jackson.databind.ObjectMapper' (OnClassCondition)
      - @ConditionalOnProperty (spring.mvc.converters.preferred-json-mapper=jackson) matched (OnPropertyCondition)
      - @ConditionalOnBean (types: com.fasterxml.jackson.databind.ObjectMapper; SearchStrategy: all) found bean 'jacksonObjectMapper' (OnBeanCondition)

   JacksonHttpMessageConvertersConfiguration.MappingJackson2HttpMessageConverterConfiguration#mappingJackson2HttpMessageConverter matched:
      - @ConditionalOnMissingBean (types: org.springframework.http.converter.json.MappingJackson2HttpMessageConverter ignored: org.springframework.hateoas.server.mvc.TypeConstrainedMappingJackson2HttpMessageConverter,org.springframework.data.rest.webmvc.alps.AlpsJsonHttpMessageConverter; SearchStrategy: all) did not find any beans (OnBeanCondition)

   JdbcTemplateAutoConfiguration matched:
      - @ConditionalOnClass found required classes 'javax.sql.DataSource', 'org.springframework.jdbc.core.JdbcTemplate' (OnClassCondition)
      - @ConditionalOnSingleCandidate (types: javax.sql.DataSource; SearchStrategy: all) found a single bean 'dataSource' (OnBeanCondition)

   JdbcTemplateConfiguration matched:
      - @ConditionalOnMissingBean (types: org.springframework.jdbc.core.JdbcOperations; SearchStrategy: all) did not find any beans (OnBeanCondition)

   JpaBaseConfiguration#entityManagerFactory matched:
      - @ConditionalOnMissingBean (types: org.springframework.orm.jpa.LocalContainerEntityManagerFactoryBean,javax.persistence.EntityManagerFactory; SearchStrategy: all) did not find any beans (OnBeanCondition)

   JpaBaseConfiguration#entityManagerFactoryBuilder matched:
      - @ConditionalOnMissingBean (types: org.springframework.boot.orm.jpa.EntityManagerFactoryBuilder; SearchStrategy: all) did not find any beans (OnBeanCondition)

   JpaBaseConfiguration#jpaVendorAdapter matched:
      - @ConditionalOnMissingBean (types: org.springframework.orm.jpa.JpaVendorAdapter; SearchStrategy: all) did not find any beans (OnBeanCondition)

   JpaBaseConfiguration#transactionManager matched:
      - @ConditionalOnMissingBean (types: org.springframework.transaction.TransactionManager; SearchStrategy: all) did not find any beans (OnBeanCondition)

   JpaBaseConfiguration.JpaWebConfiguration matched:
      - @ConditionalOnClass found required class 'org.springframework.web.servlet.config.annotation.WebMvcConfigurer' (OnClassCondition)
      - found 'session' scope (OnWebApplicationCondition)
      - @ConditionalOnProperty (spring.jpa.open-in-view=true) matched (OnPropertyCondition)
      - @ConditionalOnMissingBean (types: org.springframework.orm.jpa.support.OpenEntityManagerInViewInterceptor,org.springframework.orm.jpa.support.OpenEntityManagerInViewFilter; SearchStrategy: all) did not find any beans (OnBeanCondition)

   JpaRepositoriesAutoConfiguration matched:
      - @ConditionalOnClass found required class 'org.springframework.data.jpa.repository.JpaRepository' (OnClassCondition)
      - @ConditionalOnProperty (spring.data.jpa.repositories.enabled=true) matched (OnPropertyCondition)
      - @ConditionalOnBean (types: javax.sql.DataSource; SearchStrategy: all) found bean 'dataSource'; @ConditionalOnMissingBean (types: org.springframework.data.jpa.repository.support.JpaRepositoryFactoryBean,org.springframework.data.jpa.repository.config.JpaRepositoryConfigExtension; SearchStrategy: all) did not find any beans (OnBeanCondition)

   JtaAutoConfiguration matched:
      - @ConditionalOnClass found required class 'javax.transaction.Transaction' (OnClassCondition)
      - @ConditionalOnProperty (spring.jta.enabled) matched (OnPropertyCondition)

   LifecycleAutoConfiguration#defaultLifecycleProcessor matched:
      - @ConditionalOnMissingBean (names: lifecycleProcessor; SearchStrategy: current) did not find any beans (OnBeanCondition)

   MultipartAutoConfiguration matched:
      - @ConditionalOnClass found required classes 'javax.servlet.Servlet', 'org.springframework.web.multipart.support.StandardServletMultipartResolver', 'javax.servlet.MultipartConfigElement' (OnClassCondition)
      - found 'session' scope (OnWebApplicationCondition)
      - @ConditionalOnProperty (spring.servlet.multipart.enabled) matched (OnPropertyCondition)

   MultipartAutoConfiguration#multipartConfigElement matched:
      - @ConditionalOnMissingBean (types: javax.servlet.MultipartConfigElement,org.springframework.web.multipart.commons.CommonsMultipartResolver; SearchStrategy: all) did not find any beans (OnBeanCondition)

   MultipartAutoConfiguration#multipartResolver matched:
      - @ConditionalOnMissingBean (types: org.springframework.web.multipart.MultipartResolver; SearchStrategy: all) did not find any beans (OnBeanCondition)

   NamedParameterJdbcTemplateConfiguration matched:
      - @ConditionalOnSingleCandidate (types: org.springframework.jdbc.core.JdbcTemplate; SearchStrategy: all) found a single bean 'jdbcTemplate'; @ConditionalOnMissingBean (types: org.springframework.jdbc.core.namedparam.NamedParameterJdbcOperations; SearchStrategy: all) did not find any beans (OnBeanCondition)

   NettyAutoConfiguration matched:
      - @ConditionalOnClass found required class 'io.netty.util.NettyRuntime' (OnClassCondition)

   NoOpCacheConfiguration matched:
      - Cache org.springframework.boot.autoconfigure.cache.NoOpCacheConfiguration automatic cache type (CacheCondition)

   PersistenceExceptionTranslationAutoConfiguration matched:
      - @ConditionalOnClass found required class 'org.springframework.dao.annotation.PersistenceExceptionTranslationPostProcessor' (OnClassCondition)

   PersistenceExceptionTranslationAutoConfiguration#persistenceExceptionTranslationPostProcessor matched:
      - @ConditionalOnProperty (spring.dao.exceptiontranslation.enabled) matched (OnPropertyCondition)
      - @ConditionalOnMissingBean (types: org.springframework.dao.annotation.PersistenceExceptionTranslationPostProcessor; SearchStrategy: all) did not find any beans (OnBeanCondition)

   PropertyPlaceholderAutoConfiguration#propertySourcesPlaceholderConfigurer matched:
      - @ConditionalOnMissingBean (types: org.springframework.context.support.PropertySourcesPlaceholderConfigurer; SearchStrategy: current) did not find any beans (OnBeanCondition)

   RepositoryRestMvcAutoConfiguration matched:
      - @ConditionalOnClass found required class 'org.springframework.data.rest.webmvc.config.RepositoryRestMvcConfiguration' (OnClassCondition)
      - found 'session' scope (OnWebApplicationCondition)
      - @ConditionalOnMissingBean (types: org.springframework.data.rest.webmvc.config.RepositoryRestMvcConfiguration; SearchStrategy: all) did not find any beans (OnBeanCondition)

   RestTemplateAutoConfiguration matched:
      - @ConditionalOnClass found required class 'org.springframework.web.client.RestTemplate' (OnClassCondition)
      - NoneNestedConditions 0 matched 1 did not; NestedCondition on RestTemplateAutoConfiguration.NotReactiveWebApplicationCondition.ReactiveWebApplication did not find reactive web application classes (RestTemplateAutoConfiguration.NotReactiveWebApplicationCondition)

   RestTemplateAutoConfiguration#restTemplateBuilder matched:
      - @ConditionalOnMissingBean (types: org.springframework.boot.web.client.RestTemplateBuilder; SearchStrategy: all) did not find any beans (OnBeanCondition)

   RestTemplateAutoConfiguration#restTemplateBuilderConfigurer matched:
      - @ConditionalOnMissingBean (types: org.springframework.boot.autoconfigure.web.client.RestTemplateBuilderConfigurer; SearchStrategy: all) did not find any beans (OnBeanCondition)

   SecurityAutoConfiguration matched:
      - @ConditionalOnClass found required class 'org.springframework.security.authentication.DefaultAuthenticationEventPublisher' (OnClassCondition)

   SecurityAutoConfiguration#authenticationEventPublisher matched:
      - @ConditionalOnMissingBean (types: org.springframework.security.authentication.AuthenticationEventPublisher; SearchStrategy: all) did not find any beans (OnBeanCondition)

   SecurityFilterAutoConfiguration matched:
      - @ConditionalOnClass found required classes 'org.springframework.security.web.context.AbstractSecurityWebApplicationInitializer', 'org.springframework.security.config.http.SessionCreationPolicy' (OnClassCondition)
      - found 'session' scope (OnWebApplicationCondition)

   SecurityFilterAutoConfiguration#securityFilterChainRegistration matched:
      - @ConditionalOnBean (names: springSecurityFilterChain; SearchStrategy: all) found bean 'springSecurityFilterChain' (OnBeanCondition)

   ServletWebServerFactoryAutoConfiguration matched:
      - @ConditionalOnClass found required class 'javax.servlet.ServletRequest' (OnClassCondition)
      - found 'session' scope (OnWebApplicationCondition)

   ServletWebServerFactoryAutoConfiguration#tomcatServletWebServerFactoryCustomizer matched:
      - @ConditionalOnClass found required class 'org.apache.catalina.startup.Tomcat' (OnClassCondition)

   ServletWebServerFactoryConfiguration.EmbeddedTomcat matched:
      - @ConditionalOnClass found required classes 'javax.servlet.Servlet', 'org.apache.catalina.startup.Tomcat', 'org.apache.coyote.UpgradeProtocol' (OnClassCondition)
      - @ConditionalOnMissingBean (types: org.springframework.boot.web.servlet.server.ServletWebServerFactory; SearchStrategy: current) did not find any beans (OnBeanCondition)

   SimpleCacheConfiguration matched:
      - Cache org.springframework.boot.autoconfigure.cache.SimpleCacheConfiguration automatic cache type (CacheCondition)

   SpringBootWebSecurityConfiguration matched:
      - found 'session' scope (OnWebApplicationCondition)

   SpringBootWebSecurityConfiguration.ErrorPageSecurityFilterConfiguration matched:
      - @ConditionalOnClass found required class 'org.springframework.security.web.access.WebInvocationPrivilegeEvaluator' (OnClassCondition)
      - @ConditionalOnBean (types: org.springframework.security.web.access.WebInvocationPrivilegeEvaluator; SearchStrategy: all) found bean 'privilegeEvaluator' (OnBeanCondition)

   SqlInitializationAutoConfiguration matched:
      - @ConditionalOnProperty (spring.sql.init.enabled) matched (OnPropertyCondition)
      - NoneNestedConditions 0 matched 1 did not; NestedCondition on SqlInitializationAutoConfiguration.SqlInitializationModeCondition.ModeIsNever @ConditionalOnProperty (spring.sql.init.mode=never) did not find property 'mode' (SqlInitializationAutoConfiguration.SqlInitializationModeCondition)

   TaskExecutionAutoConfiguration matched:
      - @ConditionalOnClass found required class 'org.springframework.scheduling.concurrent.ThreadPoolTaskExecutor' (OnClassCondition)

   TaskExecutionAutoConfiguration#applicationTaskExecutor matched:
      - @ConditionalOnMissingBean (types: java.util.concurrent.Executor; SearchStrategy: all) did not find any beans (OnBeanCondition)

   TaskExecutionAutoConfiguration#taskExecutorBuilder matched:
      - @ConditionalOnMissingBean (types: org.springframework.boot.task.TaskExecutorBuilder; SearchStrategy: all) did not find any beans (OnBeanCondition)

   TaskSchedulingAutoConfiguration matched:
      - @ConditionalOnClass found required class 'org.springframework.scheduling.concurrent.ThreadPoolTaskScheduler' (OnClassCondition)

   TaskSchedulingAutoConfiguration#taskSchedulerBuilder matched:
      - @ConditionalOnMissingBean (types: org.springframework.boot.task.TaskSchedulerBuilder; SearchStrategy: all) did not find any beans (OnBeanCondition)

   TemplateEngineConfigurations.DefaultTemplateEngineConfiguration#templateEngine matched:
      - @ConditionalOnMissingBean (types: org.thymeleaf.spring5.ISpringTemplateEngine; SearchStrategy: all) did not find any beans (OnBeanCondition)

   ThymeleafAutoConfiguration matched:
      - @ConditionalOnClass found required classes 'org.thymeleaf.templatemode.TemplateMode', 'org.thymeleaf.spring5.SpringTemplateEngine' (OnClassCondition)

   ThymeleafAutoConfiguration.DefaultTemplateResolverConfiguration matched:
      - @ConditionalOnMissingBean (names: defaultTemplateResolver; SearchStrategy: all) did not find any beans (OnBeanCondition)

   ThymeleafAutoConfiguration.ThymeleafJava8TimeDialect matched:
      - @ConditionalOnClass found required class 'org.thymeleaf.extras.java8time.dialect.Java8TimeDialect' (OnClassCondition)

   ThymeleafAutoConfiguration.ThymeleafJava8TimeDialect#java8TimeDialect matched:
      - @ConditionalOnMissingBean (types: org.thymeleaf.extras.java8time.dialect.Java8TimeDialect; SearchStrategy: all) did not find any beans (OnBeanCondition)

   ThymeleafAutoConfiguration.ThymeleafWebMvcConfiguration matched:
      - found 'session' scope (OnWebApplicationCondition)
      - @ConditionalOnProperty (spring.thymeleaf.enabled) matched (OnPropertyCondition)

   ThymeleafAutoConfiguration.ThymeleafWebMvcConfiguration.ThymeleafViewResolverConfiguration#thymeleafViewResolver matched:
      - @ConditionalOnMissingBean (names: thymeleafViewResolver; SearchStrategy: all) did not find any beans (OnBeanCondition)

   TransactionAutoConfiguration matched:
      - @ConditionalOnClass found required class 'org.springframework.transaction.PlatformTransactionManager' (OnClassCondition)

   TransactionAutoConfiguration#platformTransactionManagerCustomizers matched:
      - @ConditionalOnMissingBean (types: org.springframework.boot.autoconfigure.transaction.TransactionManagerCustomizers; SearchStrategy: all) did not find any beans (OnBeanCondition)

   TransactionAutoConfiguration.EnableTransactionManagementConfiguration matched:
      - @ConditionalOnBean (types: org.springframework.transaction.TransactionManager; SearchStrategy: all) found bean 'transactionManager'; @ConditionalOnMissingBean (types: org.springframework.transaction.annotation.AbstractTransactionManagementConfiguration; SearchStrategy: all) did not find any beans (OnBeanCondition)

   TransactionAutoConfiguration.EnableTransactionManagementConfiguration.CglibAutoProxyConfiguration matched:
      - @ConditionalOnProperty (spring.aop.proxy-target-class=true) matched (OnPropertyCondition)

   TransactionAutoConfiguration.TransactionTemplateConfiguration matched:
      - @ConditionalOnSingleCandidate (types: org.springframework.transaction.PlatformTransactionManager; SearchStrategy: all) found a single bean 'transactionManager' (OnBeanCondition)

   TransactionAutoConfiguration.TransactionTemplateConfiguration#transactionTemplate matched:
      - @ConditionalOnMissingBean (types: org.springframework.transaction.support.TransactionOperations; SearchStrategy: all) did not find any beans (OnBeanCondition)

   WebMvcAutoConfiguration matched:
      - @ConditionalOnClass found required classes 'javax.servlet.Servlet', 'org.springframework.web.servlet.DispatcherServlet', 'org.springframework.web.servlet.config.annotation.WebMvcConfigurer' (OnClassCondition)
      - found 'session' scope (OnWebApplicationCondition)
      - @ConditionalOnMissingBean (types: org.springframework.web.servlet.config.annotation.WebMvcConfigurationSupport; SearchStrategy: all) did not find any beans (OnBeanCondition)

   WebMvcAutoConfiguration#formContentFilter matched:
      - @ConditionalOnProperty (spring.mvc.formcontent.filter.enabled) matched (OnPropertyCondition)
      - @ConditionalOnMissingBean (types: org.springframework.web.filter.FormContentFilter; SearchStrategy: all) did not find any beans (OnBeanCondition)

   WebMvcAutoConfiguration.EnableWebMvcConfiguration#flashMapManager matched:
      - @ConditionalOnMissingBean (names: flashMapManager; SearchStrategy: all) did not find any beans (OnBeanCondition)

   WebMvcAutoConfiguration.EnableWebMvcConfiguration#localeResolver matched:
      - @ConditionalOnMissingBean (names: localeResolver; SearchStrategy: all) did not find any beans (OnBeanCondition)

   WebMvcAutoConfiguration.EnableWebMvcConfiguration#themeResolver matched:
      - @ConditionalOnMissingBean (names: themeResolver; SearchStrategy: all) did not find any beans (OnBeanCondition)

   WebMvcAutoConfiguration.WebMvcAutoConfigurationAdapter#defaultViewResolver matched:
      - @ConditionalOnMissingBean (types: org.springframework.web.servlet.view.InternalResourceViewResolver; SearchStrategy: all) did not find any beans (OnBeanCondition)

   WebMvcAutoConfiguration.WebMvcAutoConfigurationAdapter#requestContextFilter matched:
      - @ConditionalOnMissingBean (types: org.springframework.web.context.request.RequestContextListener,org.springframework.web.filter.RequestContextFilter; SearchStrategy: all) did not find any beans (OnBeanCondition)

   WebMvcAutoConfiguration.WebMvcAutoConfigurationAdapter#viewResolver matched:
      - @ConditionalOnBean (types: org.springframework.web.servlet.ViewResolver; SearchStrategy: all) found beans 'defaultViewResolver', 'beanNameViewResolver', 'mvcViewResolver'; @ConditionalOnMissingBean (names: viewResolver types: org.springframework.web.servlet.view.ContentNegotiatingViewResolver; SearchStrategy: all) did not find any beans (OnBeanCondition)

   WebSocketServletAutoConfiguration matched:
      - @ConditionalOnClass found required classes 'javax.servlet.Servlet', 'javax.websocket.server.ServerContainer' (OnClassCondition)
      - found 'session' scope (OnWebApplicationCondition)

   WebSocketServletAutoConfiguration.TomcatWebSocketConfiguration matched:
      - @ConditionalOnClass found required classes 'org.apache.catalina.startup.Tomcat', 'org.apache.tomcat.websocket.server.WsSci' (OnClassCondition)

   WebSocketServletAutoConfiguration.TomcatWebSocketConfiguration#websocketServletWebServerCustomizer matched:
      - @ConditionalOnMissingBean (names: websocketServletWebServerCustomizer; SearchStrategy: all) did not find any beans (OnBeanCondition)


Negative matches:
-----------------

   ActiveMQAutoConfiguration:
      Did not match:
         - @ConditionalOnClass did not find required class 'javax.jms.ConnectionFactory' (OnClassCondition)

   AopAutoConfiguration.AspectJAutoProxyingConfiguration.JdkDynamicAutoProxyConfiguration:
      Did not match:
         - @ConditionalOnProperty (spring.aop.proxy-target-class=false) did not find property 'proxy-target-class' (OnPropertyCondition)

   AopAutoConfiguration.ClassProxyingConfiguration:
      Did not match:
         - @ConditionalOnMissingClass found unwanted class 'org.aspectj.weaver.Advice' (OnClassCondition)

   ArtemisAutoConfiguration:
      Did not match:
         - @ConditionalOnClass did not find required class 'javax.jms.ConnectionFactory' (OnClassCondition)

   AtomikosJtaConfiguration:
      Did not match:
         - @ConditionalOnClass did not find required class 'com.atomikos.icatch.jta.UserTransactionManager' (OnClassCondition)

   BatchAutoConfiguration:
      Did not match:
         - @ConditionalOnClass did not find required class 'org.springframework.batch.core.launch.JobLauncher' (OnClassCondition)

   Cache2kCacheConfiguration:
      Did not match:
         - @ConditionalOnClass did not find required class 'org.cache2k.Cache2kBuilder' (OnClassCondition)

   CacheAutoConfiguration:
      Did not match:
         - @ConditionalOnBean (types: org.springframework.cache.interceptor.CacheAspectSupport; SearchStrategy: all) did not find any beans of type org.springframework.cache.interceptor.CacheAspectSupport (OnBeanCondition)
      Matched:
         - @ConditionalOnClass found required class 'org.springframework.cache.CacheManager' (OnClassCondition)

   CacheAutoConfiguration.CacheManagerEntityManagerFactoryDependsOnPostProcessor:
      Did not match:
         - Ancestor org.springframework.boot.autoconfigure.cache.CacheAutoConfiguration did not match (ConditionEvaluationReport.AncestorsMatchedCondition)
      Matched:
         - @ConditionalOnClass found required class 'org.springframework.orm.jpa.LocalContainerEntityManagerFactoryBean' (OnClassCondition)

   CaffeineCacheConfiguration:
      Did not match:
         - @ConditionalOnClass did not find required class 'com.github.benmanes.caffeine.cache.Caffeine' (OnClassCondition)

   CassandraAutoConfiguration:
      Did not match:
         - @ConditionalOnClass did not find required class 'com.datastax.oss.driver.api.core.CqlSession' (OnClassCondition)

   CassandraDataAutoConfiguration:
      Did not match:
         - @ConditionalOnClass did not find required class 'com.datastax.oss.driver.api.core.CqlSession' (OnClassCondition)

   CassandraReactiveDataAutoConfiguration:
      Did not match:
         - @ConditionalOnClass did not find required class 'com.datastax.oss.driver.api.core.CqlSession' (OnClassCondition)

   CassandraReactiveRepositoriesAutoConfiguration:
      Did not match:
         - @ConditionalOnClass did not find required class 'org.springframework.data.cassandra.ReactiveSession' (OnClassCondition)

   CassandraRepositoriesAutoConfiguration:
      Did not match:
         - @ConditionalOnClass did not find required class 'com.datastax.oss.driver.api.core.CqlSession' (OnClassCondition)

   ClientHttpConnectorAutoConfiguration:
      Did not match:
         - @ConditionalOnClass did not find required class 'org.springframework.web.reactive.function.client.WebClient' (OnClassCondition)

   CodecsAutoConfiguration:
      Did not match:
         - @ConditionalOnClass did not find required class 'org.springframework.web.reactive.function.client.WebClient' (OnClassCondition)

   CouchbaseAutoConfiguration:
      Did not match:
         - @ConditionalOnClass did not find required class 'com.couchbase.client.java.Cluster' (OnClassCondition)

   CouchbaseCacheConfiguration:
      Did not match:
         - @ConditionalOnClass did not find required class 'com.couchbase.client.java.Cluster' (OnClassCondition)

   CouchbaseDataAutoConfiguration:
      Did not match:
         - @ConditionalOnClass did not find required class 'com.couchbase.client.java.Bucket' (OnClassCondition)

   CouchbaseReactiveDataAutoConfiguration:
      Did not match:
         - @ConditionalOnClass did not find required class 'com.couchbase.client.java.Cluster' (OnClassCondition)

   CouchbaseReactiveRepositoriesAutoConfiguration:
      Did not match:
         - @ConditionalOnClass did not find required class 'com.couchbase.client.java.Cluster' (OnClassCondition)

   CouchbaseRepositoriesAutoConfiguration:
      Did not match:
         - @ConditionalOnClass did not find required class 'com.couchbase.client.java.Bucket' (OnClassCondition)

   DataSourceAutoConfiguration.EmbeddedDatabaseConfiguration:
      Did not match:
         - EmbeddedDataSource spring.datasource.url is set (DataSourceAutoConfiguration.EmbeddedDatabaseCondition)

   DataSourceConfiguration.Dbcp2:
      Did not match:
         - @ConditionalOnClass did not find required class 'org.apache.commons.dbcp2.BasicDataSource' (OnClassCondition)

   DataSourceConfiguration.Generic:
      Did not match:
         - @ConditionalOnProperty (spring.datasource.type) did not find property 'spring.datasource.type' (OnPropertyCondition)

   DataSourceConfiguration.OracleUcp:
      Did not match:
         - @ConditionalOnClass did not find required classes 'oracle.ucp.jdbc.PoolDataSourceImpl', 'oracle.jdbc.OracleConnection' (OnClassCondition)

   DataSourceConfiguration.Tomcat:
      Did not match:
         - @ConditionalOnClass did not find required class 'org.apache.tomcat.jdbc.pool.DataSource' (OnClassCondition)

   DataSourceJmxConfiguration:
      Did not match:
         - @ConditionalOnProperty (spring.jmx.enabled=true) found different value in property 'enabled' (OnPropertyCondition)

   DataSourcePoolMetadataProvidersConfiguration.CommonsDbcp2PoolDataSourceMetadataProviderConfiguration:
      Did not match:
         - @ConditionalOnClass did not find required class 'org.apache.commons.dbcp2.BasicDataSource' (OnClassCondition)

   DataSourcePoolMetadataProvidersConfiguration.OracleUcpPoolDataSourceMetadataProviderConfiguration:
      Did not match:
         - @ConditionalOnClass did not find required classes 'oracle.ucp.jdbc.PoolDataSource', 'oracle.jdbc.OracleConnection' (OnClassCondition)

   DataSourcePoolMetadataProvidersConfiguration.TomcatDataSourcePoolMetadataProviderConfiguration:
      Did not match:
         - @ConditionalOnClass did not find required class 'org.apache.tomcat.jdbc.pool.DataSource' (OnClassCondition)

   DataSourceTransactionManagerAutoConfiguration.JdbcTransactionManagerConfiguration#transactionManager:
      Did not match:
         - @ConditionalOnMissingBean (types: org.springframework.transaction.TransactionManager; SearchStrategy: all) found beans of type 'org.springframework.transaction.TransactionManager' transactionManager (OnBeanCondition)

   DevToolsDataSourceAutoConfiguration:
      Did not match:
         - Devtools devtools is disabled for current context. (OnEnabledDevToolsCondition)

   DevToolsR2dbcAutoConfiguration:
      Did not match:
         - @ConditionalOnClass did not find required class 'io.r2dbc.spi.ConnectionFactory' (OnClassCondition)

   DispatcherServletAutoConfiguration.DispatcherServletConfiguration#multipartResolver:
      Did not match:
         - @ConditionalOnBean (types: org.springframework.web.multipart.MultipartResolver; SearchStrategy: all) did not find any beans of type org.springframework.web.multipart.MultipartResolver (OnBeanCondition)

   EhCacheCacheConfiguration:
      Did not match:
         - @ConditionalOnClass did not find required class 'net.sf.ehcache.Cache' (OnClassCondition)

   ElasticsearchDataAutoConfiguration:
      Did not match:
         - @ConditionalOnClass did not find required class 'org.springframework.data.elasticsearch.core.ElasticsearchRestTemplate' (OnClassCondition)

   ElasticsearchRepositoriesAutoConfiguration:
      Did not match:
         - @ConditionalOnClass did not find required class 'org.elasticsearch.client.Client' (OnClassCondition)

   ElasticsearchRestClientAutoConfiguration:
      Did not match:
         - @ConditionalOnClass did not find required class 'org.elasticsearch.client.RestClientBuilder' (OnClassCondition)

   EmbeddedLdapAutoConfiguration:
      Did not match:
         - @ConditionalOnClass did not find required class 'com.unboundid.ldap.listener.InMemoryDirectoryServer' (OnClassCondition)

   EmbeddedMongoAutoConfiguration:
      Did not match:
         - @ConditionalOnClass did not find required class 'com.mongodb.MongoClientSettings' (OnClassCondition)

   EmbeddedWebServerFactoryCustomizerAutoConfiguration.JettyWebServerFactoryCustomizerConfiguration:
      Did not match:
         - @ConditionalOnClass did not find required classes 'org.eclipse.jetty.server.Server', 'org.eclipse.jetty.util.Loader', 'org.eclipse.jetty.webapp.WebAppContext' (OnClassCondition)

   EmbeddedWebServerFactoryCustomizerAutoConfiguration.NettyWebServerFactoryCustomizerConfiguration:
      Did not match:
         - @ConditionalOnClass did not find required class 'reactor.netty.http.server.HttpServer' (OnClassCondition)

   EmbeddedWebServerFactoryCustomizerAutoConfiguration.UndertowWebServerFactoryCustomizerConfiguration:
      Did not match:
         - @ConditionalOnClass did not find required classes 'io.undertow.Undertow', 'org.xnio.SslClientAuthMode' (OnClassCondition)

   ErrorWebFluxAutoConfiguration:
      Did not match:
         - @ConditionalOnClass did not find required class 'org.springframework.web.reactive.config.WebFluxConfigurer' (OnClassCondition)

   FreeMarkerAutoConfiguration:
      Did not match:
         - @ConditionalOnClass did not find required class 'freemarker.template.Configuration' (OnClassCondition)

   GraphQlAutoConfiguration:
      Did not match:
         - @ConditionalOnClass did not find required class 'graphql.GraphQL' (OnClassCondition)

   GraphQlQueryByExampleAutoConfiguration:
      Did not match:
         - @ConditionalOnClass did not find required class 'graphql.GraphQL' (OnClassCondition)

   GraphQlQuerydslAutoConfiguration:
      Did not match:
         - @ConditionalOnClass did not find required class 'graphql.GraphQL' (OnClassCondition)

   GraphQlRSocketAutoConfiguration:
      Did not match:
         - @ConditionalOnClass did not find required class 'graphql.GraphQL' (OnClassCondition)

   GraphQlReactiveQueryByExampleAutoConfiguration:
      Did not match:
         - @ConditionalOnClass did not find required class 'graphql.GraphQL' (OnClassCondition)

   GraphQlReactiveQuerydslAutoConfiguration:
      Did not match:
         - @ConditionalOnClass did not find required class 'graphql.GraphQL' (OnClassCondition)

   GraphQlWebFluxAutoConfiguration:
      Did not match:
         - @ConditionalOnClass did not find required class 'graphql.GraphQL' (OnClassCondition)

   GraphQlWebFluxSecurityAutoConfiguration:
      Did not match:
         - @ConditionalOnClass did not find required class 'graphql.GraphQL' (OnClassCondition)

   GraphQlWebMvcAutoConfiguration:
      Did not match:
         - @ConditionalOnClass did not find required class 'graphql.GraphQL' (OnClassCondition)

   GraphQlWebMvcSecurityAutoConfiguration:
      Did not match:
         - @ConditionalOnClass did not find required class 'graphql.GraphQL' (OnClassCondition)

   GsonHttpMessageConvertersConfiguration.GsonHttpMessageConverterConfiguration:
      Did not match:
         - AnyNestedCondition 0 matched 2 did not; NestedCondition on GsonHttpMessageConvertersConfiguration.PreferGsonOrJacksonAndJsonbUnavailableCondition.JacksonJsonbUnavailable NoneNestedConditions 1 matched 1 did not; NestedCondition on GsonHttpMessageConvertersConfiguration.JacksonAndJsonbUnavailableCondition.JsonbPreferred @ConditionalOnProperty (spring.mvc.converters.preferred-json-mapper=jsonb) did not find property 'spring.mvc.converters.preferred-json-mapper'; NestedCondition on GsonHttpMessageConvertersConfiguration.JacksonAndJsonbUnavailableCondition.JacksonAvailable @ConditionalOnBean (types: org.springframework.http.converter.json.MappingJackson2HttpMessageConverter; SearchStrategy: all) found bean 'mappingJackson2HttpMessageConverter'; NestedCondition on GsonHttpMessageConvertersConfiguration.PreferGsonOrJacksonAndJsonbUnavailableCondition.GsonPreferred @ConditionalOnProperty (spring.mvc.converters.preferred-json-mapper=gson) did not find property 'spring.mvc.converters.preferred-json-mapper' (GsonHttpMessageConvertersConfiguration.PreferGsonOrJacksonAndJsonbUnavailableCondition)

   HazelcastAutoConfiguration:
      Did not match:
         - @ConditionalOnClass did not find required class 'com.hazelcast.core.HazelcastInstance' (OnClassCondition)

   HazelcastCacheConfiguration:
      Did not match:
         - @ConditionalOnClass did not find required class 'com.hazelcast.core.HazelcastInstance' (OnClassCondition)

   HazelcastJpaDependencyAutoConfiguration:
      Did not match:
         - @ConditionalOnClass did not find required class 'com.hazelcast.core.HazelcastInstance' (OnClassCondition)

   HttpHandlerAutoConfiguration:
      Did not match:
         - @ConditionalOnClass did not find required class 'org.springframework.web.reactive.DispatcherHandler' (OnClassCondition)

   HypermediaAutoConfiguration.HypermediaConfiguration:
      Did not match:
         - @ConditionalOnMissingBean (types: org.springframework.hateoas.client.LinkDiscoverers; SearchStrategy: all) found beans of type 'org.springframework.hateoas.client.LinkDiscoverers' linkDiscoverers (OnBeanCondition)
      Matched:
         - @ConditionalOnClass found required class 'com.fasterxml.jackson.databind.ObjectMapper' (OnClassCondition)

   InfinispanCacheConfiguration:
      Did not match:
         - @ConditionalOnClass did not find required class 'org.infinispan.spring.embedded.provider.SpringEmbeddedCacheManager' (OnClassCondition)

   InfluxDbAutoConfiguration:
      Did not match:
         - @ConditionalOnClass did not find required class 'org.influxdb.InfluxDB' (OnClassCondition)

   IntegrationAutoConfiguration:
      Did not match:
         - @ConditionalOnClass did not find required class 'org.springframework.integration.config.EnableIntegration' (OnClassCondition)

   JCacheCacheConfiguration:
      Did not match:
         - @ConditionalOnClass did not find required class 'javax.cache.Caching' (OnClassCondition)

   JacksonHttpMessageConvertersConfiguration.MappingJackson2XmlHttpMessageConverterConfiguration:
      Did not match:
         - @ConditionalOnClass did not find required class 'com.fasterxml.jackson.dataformat.xml.XmlMapper' (OnClassCondition)

   JdbcRepositoriesAutoConfiguration:
      Did not match:
         - @ConditionalOnClass did not find required class 'org.springframework.data.jdbc.repository.config.AbstractJdbcConfiguration' (OnClassCondition)

   JerseyAutoConfiguration:
      Did not match:
         - @ConditionalOnClass did not find required class 'org.glassfish.jersey.server.spring.SpringComponentProvider' (OnClassCondition)

   JmsAutoConfiguration:
      Did not match:
         - @ConditionalOnClass did not find required class 'javax.jms.Message' (OnClassCondition)

   JmxAutoConfiguration:
      Did not match:
         - @ConditionalOnProperty (spring.jmx.enabled=true) found different value in property 'enabled' (OnPropertyCondition)
      Matched:
         - @ConditionalOnClass found required class 'org.springframework.jmx.export.MBeanExporter' (OnClassCondition)

   JndiConnectionFactoryAutoConfiguration:
      Did not match:
         - @ConditionalOnClass did not find required class 'org.springframework.jms.core.JmsTemplate' (OnClassCondition)

   JndiDataSourceAutoConfiguration:
      Did not match:
         - @ConditionalOnProperty (spring.datasource.jndi-name) did not find property 'jndi-name' (OnPropertyCondition)
      Matched:
         - @ConditionalOnClass found required classes 'javax.sql.DataSource', 'org.springframework.jdbc.datasource.embedded.EmbeddedDatabaseType' (OnClassCondition)

   JndiJtaConfiguration:
      Did not match:
         - @ConditionalOnJndi JNDI environment is not available (OnJndiCondition)
      Matched:
         - @ConditionalOnClass found required class 'org.springframework.transaction.jta.JtaTransactionManager' (OnClassCondition)

   JooqAutoConfiguration:
      Did not match:
         - @ConditionalOnClass did not find required class 'org.jooq.DSLContext' (OnClassCondition)

   JpaRepositoriesAutoConfiguration#entityManagerFactoryBootstrapExecutorCustomizer:
      Did not match:
         - AnyNestedCondition 0 matched 2 did not; NestedCondition on JpaRepositoriesAutoConfiguration.BootstrapExecutorCondition.LazyBootstrapMode @ConditionalOnProperty (spring.data.jpa.repositories.bootstrap-mode=lazy) did not find property 'bootstrap-mode'; NestedCondition on JpaRepositoriesAutoConfiguration.BootstrapExecutorCondition.DeferredBootstrapMode @ConditionalOnProperty (spring.data.jpa.repositories.bootstrap-mode=deferred) did not find property 'bootstrap-mode' (JpaRepositoriesAutoConfiguration.BootstrapExecutorCondition)

   JsonbAutoConfiguration:
      Did not match:
         - @ConditionalOnClass did not find required class 'javax.json.bind.Jsonb' (OnClassCondition)

   JsonbHttpMessageConvertersConfiguration:
      Did not match:
         - @ConditionalOnClass did not find required class 'javax.json.bind.Jsonb' (OnClassCondition)

   KafkaAutoConfiguration:
      Did not match:
         - @ConditionalOnClass did not find required class 'org.springframework.kafka.core.KafkaTemplate' (OnClassCondition)

   LdapAutoConfiguration:
      Did not match:
         - @ConditionalOnClass did not find required class 'org.springframework.ldap.core.ContextSource' (OnClassCondition)

   LdapRepositoriesAutoConfiguration:
      Did not match:
         - @ConditionalOnClass did not find required class 'org.springframework.data.ldap.repository.LdapRepository' (OnClassCondition)

   LiquibaseAutoConfiguration:
      Did not match:
         - @ConditionalOnClass did not find required class 'liquibase.change.DatabaseChange' (OnClassCondition)

   LocalDevToolsAutoConfiguration:
      Did not match:
         - Initialized Restarter Condition initialized without URLs (OnInitializedRestarterCondition)

   MailSenderAutoConfiguration:
      Did not match:
         - @ConditionalOnClass did not find required class 'javax.mail.internet.MimeMessage' (OnClassCondition)

   MailSenderValidatorAutoConfiguration:
      Did not match:
         - @ConditionalOnProperty (spring.mail.test-connection) did not find property 'test-connection' (OnPropertyCondition)

   MessageSourceAutoConfiguration:
      Did not match:
         - ResourceBundle did not find bundle with basename messages (MessageSourceAutoConfiguration.ResourceBundleCondition)

   MongoAutoConfiguration:
      Did not match:
         - @ConditionalOnClass did not find required class 'com.mongodb.client.MongoClient' (OnClassCondition)

   MongoDataAutoConfiguration:
      Did not match:
         - @ConditionalOnClass did not find required class 'com.mongodb.client.MongoClient' (OnClassCondition)

   MongoReactiveAutoConfiguration:
      Did not match:
         - @ConditionalOnClass did not find required class 'com.mongodb.reactivestreams.client.MongoClient' (OnClassCondition)

   MongoReactiveDataAutoConfiguration:
      Did not match:
         - @ConditionalOnClass did not find required class 'com.mongodb.reactivestreams.client.MongoClient' (OnClassCondition)

   MongoReactiveRepositoriesAutoConfiguration:
      Did not match:
         - @ConditionalOnClass did not find required class 'com.mongodb.reactivestreams.client.MongoClient' (OnClassCondition)

   MongoRepositoriesAutoConfiguration:
      Did not match:
         - @ConditionalOnClass did not find required class 'com.mongodb.client.MongoClient' (OnClassCondition)

   MustacheAutoConfiguration:
      Did not match:
         - @ConditionalOnClass did not find required class 'com.samskivert.mustache.Mustache' (OnClassCondition)

   Neo4jAutoConfiguration:
      Did not match:
         - @ConditionalOnClass did not find required class 'org.neo4j.driver.Driver' (OnClassCondition)

   Neo4jDataAutoConfiguration:
      Did not match:
         - @ConditionalOnClass did not find required class 'org.neo4j.driver.Driver' (OnClassCondition)

   Neo4jReactiveDataAutoConfiguration:
      Did not match:
         - @ConditionalOnClass did not find required class 'org.neo4j.driver.Driver' (OnClassCondition)

   Neo4jReactiveRepositoriesAutoConfiguration:
      Did not match:
         - @ConditionalOnClass did not find required class 'org.neo4j.driver.Driver' (OnClassCondition)

   Neo4jRepositoriesAutoConfiguration:
      Did not match:
         - @ConditionalOnClass did not find required class 'org.neo4j.driver.Driver' (OnClassCondition)

   OAuth2ClientAutoConfiguration:
      Did not match:
         - @ConditionalOnClass did not find required class 'org.springframework.security.oauth2.client.registration.ClientRegistration' (OnClassCondition)

   OAuth2ResourceServerAutoConfiguration:
      Did not match:
         - @ConditionalOnClass did not find required class 'org.springframework.security.oauth2.server.resource.BearerTokenAuthenticationToken' (OnClassCondition)

   ProjectInfoAutoConfiguration#buildProperties:
      Did not match:
         - @ConditionalOnResource did not find resource '${spring.info.build.location:classpath:META-INF/build-info.properties}' (OnResourceCondition)

   ProjectInfoAutoConfiguration#gitProperties:
      Did not match:
         - GitResource did not find git info at classpath:git.properties (ProjectInfoAutoConfiguration.GitResourceAvailableCondition)

   QuartzAutoConfiguration:
      Did not match:
         - @ConditionalOnClass did not find required class 'org.quartz.Scheduler' (OnClassCondition)

   R2dbcAutoConfiguration:
      Did not match:
         - @ConditionalOnClass did not find required class 'io.r2dbc.spi.ConnectionFactory' (OnClassCondition)

   R2dbcDataAutoConfiguration:
      Did not match:
         - @ConditionalOnClass did not find required class 'org.springframework.data.r2dbc.core.R2dbcEntityTemplate' (OnClassCondition)

   R2dbcInitializationConfiguration:
      Did not match:
         - @ConditionalOnClass did not find required classes 'io.r2dbc.spi.ConnectionFactory', 'org.springframework.r2dbc.connection.init.DatabasePopulator' (OnClassCondition)

   R2dbcRepositoriesAutoConfiguration:
      Did not match:
         - @ConditionalOnClass did not find required class 'io.r2dbc.spi.ConnectionFactory' (OnClassCondition)

   R2dbcTransactionManagerAutoConfiguration:
      Did not match:
         - @ConditionalOnClass did not find required class 'org.springframework.r2dbc.connection.R2dbcTransactionManager' (OnClassCondition)

   RSocketGraphQlClientAutoConfiguration:
      Did not match:
         - @ConditionalOnClass did not find required class 'graphql.GraphQL' (OnClassCondition)

   RSocketMessagingAutoConfiguration:
      Did not match:
         - @ConditionalOnClass did not find required class 'io.rsocket.RSocket' (OnClassCondition)

   RSocketRequesterAutoConfiguration:
      Did not match:
         - @ConditionalOnClass did not find required class 'io.rsocket.RSocket' (OnClassCondition)

   RSocketSecurityAutoConfiguration:
      Did not match:
         - @ConditionalOnClass did not find required class 'org.springframework.security.rsocket.core.SecuritySocketAcceptorInterceptor' (OnClassCondition)

   RSocketServerAutoConfiguration:
      Did not match:
         - @ConditionalOnClass did not find required class 'io.rsocket.core.RSocketServer' (OnClassCondition)

   RSocketStrategiesAutoConfiguration:
      Did not match:
         - @ConditionalOnClass did not find required class 'io.rsocket.RSocket' (OnClassCondition)

   RabbitAutoConfiguration:
      Did not match:
         - @ConditionalOnClass did not find required class 'com.rabbitmq.client.Channel' (OnClassCondition)

   ReactiveElasticsearchRepositoriesAutoConfiguration:
      Did not match:
         - @ConditionalOnClass did not find required class 'org.springframework.data.elasticsearch.client.reactive.ReactiveElasticsearchClient' (OnClassCondition)

   ReactiveElasticsearchRestClientAutoConfiguration:
      Did not match:
         - @ConditionalOnClass did not find required class 'reactor.netty.http.client.HttpClient' (OnClassCondition)

   ReactiveMultipartAutoConfiguration:
      Did not match:
         - @ConditionalOnClass did not find required class 'org.springframework.web.reactive.config.WebFluxConfigurer' (OnClassCondition)

   ReactiveOAuth2ClientAutoConfiguration:
      Did not match:
         - @ConditionalOnClass did not find required class 'reactor.core.publisher.Flux' (OnClassCondition)

   ReactiveOAuth2ResourceServerAutoConfiguration:
      Did not match:
         - @ConditionalOnWebApplication did not find reactive web application classes (OnWebApplicationCondition)

   ReactiveSecurityAutoConfiguration:
      Did not match:
         - @ConditionalOnClass did not find required class 'reactor.core.publisher.Flux' (OnClassCondition)

   ReactiveUserDetailsServiceAutoConfiguration:
      Did not match:
         - AnyNestedCondition 0 matched 2 did not; NestedCondition on ReactiveUserDetailsServiceAutoConfiguration.ReactiveUserDetailsServiceCondition.ReactiveWebApplicationCondition did not find reactive web application classes; NestedCondition on ReactiveUserDetailsServiceAutoConfiguration.ReactiveUserDetailsServiceCondition.RSocketSecurityEnabledCondition @ConditionalOnBean (types: org.springframework.messaging.rsocket.annotation.support.RSocketMessageHandler; SearchStrategy: all) did not find any beans of type org.springframework.messaging.rsocket.annotation.support.RSocketMessageHandler (ReactiveUserDetailsServiceAutoConfiguration.ReactiveUserDetailsServiceCondition)
      Matched:
         - @ConditionalOnClass found required class 'org.springframework.security.authentication.ReactiveAuthenticationManager' (OnClassCondition)

   ReactiveWebServerFactoryAutoConfiguration:
      Did not match:
         - @ConditionalOnWebApplication did not find reactive web application classes (OnWebApplicationCondition)

   RedisAutoConfiguration:
      Did not match:
         - @ConditionalOnClass did not find required class 'org.springframework.data.redis.core.RedisOperations' (OnClassCondition)

   RedisCacheConfiguration:
      Did not match:
         - @ConditionalOnClass did not find required class 'org.springframework.data.redis.connection.RedisConnectionFactory' (OnClassCondition)

   RedisReactiveAutoConfiguration:
      Did not match:
         - @ConditionalOnClass did not find required class 'reactor.core.publisher.Flux' (OnClassCondition)

   RedisRepositoriesAutoConfiguration:
      Did not match:
         - @ConditionalOnClass did not find required class 'org.springframework.data.redis.repository.configuration.EnableRedisRepositories' (OnClassCondition)

   RemoteDevToolsAutoConfiguration:
      Did not match:
         - @ConditionalOnProperty (spring.devtools.remote.secret) did not find property 'secret' (OnPropertyCondition)
      Matched:
         - @ConditionalOnClass found required classes 'javax.servlet.Filter', 'org.springframework.http.server.ServerHttpRequest' (OnClassCondition)

   Saml2RelyingPartyAutoConfiguration:
      Did not match:
         - @ConditionalOnClass did not find required class 'org.springframework.security.saml2.provider.service.registration.RelyingPartyRegistrationRepository' (OnClassCondition)

   SecurityDataConfiguration:
      Did not match:
         - @ConditionalOnClass did not find required class 'org.springframework.security.data.repository.query.SecurityEvaluationContextExtension' (OnClassCondition)

   SendGridAutoConfiguration:
      Did not match:
         - @ConditionalOnClass did not find required class 'com.sendgrid.SendGrid' (OnClassCondition)

   ServletWebServerFactoryAutoConfiguration.ForwardedHeaderFilterConfiguration:
      Did not match:
         - @ConditionalOnProperty (server.forward-headers-strategy=framework) did not find property 'server.forward-headers-strategy' (OnPropertyCondition)

   ServletWebServerFactoryConfiguration.EmbeddedJetty:
      Did not match:
         - @ConditionalOnClass did not find required classes 'org.eclipse.jetty.server.Server', 'org.eclipse.jetty.util.Loader', 'org.eclipse.jetty.webapp.WebAppContext' (OnClassCondition)

   ServletWebServerFactoryConfiguration.EmbeddedUndertow:
      Did not match:
         - @ConditionalOnClass did not find required classes 'io.undertow.Undertow', 'org.xnio.SslClientAuthMode' (OnClassCondition)

   SessionAutoConfiguration:
      Did not match:
         - @ConditionalOnClass did not find required class 'org.springframework.session.Session' (OnClassCondition)

   SolrAutoConfiguration:
      Did not match:
         - @ConditionalOnClass did not find required class 'org.apache.solr.client.solrj.impl.CloudSolrClient' (OnClassCondition)

   SpringApplicationAdminJmxAutoConfiguration:
      Did not match:
         - @ConditionalOnProperty (spring.application.admin.enabled=true) did not find property 'enabled' (OnPropertyCondition)

   SpringBootWebSecurityConfiguration.SecurityFilterChainConfiguration:
      Did not match:
         - AllNestedConditions 1 matched 1 did not; NestedCondition on DefaultWebSecurityCondition.Beans @ConditionalOnMissingBean (types: org.springframework.security.config.annotation.web.configuration.WebSecurityConfigurerAdapter,org.springframework.security.web.SecurityFilterChain; SearchStrategy: all) found beans of type 'org.springframework.security.config.annotation.web.configuration.WebSecurityConfigurerAdapter' webSecurityConfig; NestedCondition on DefaultWebSecurityCondition.Classes @ConditionalOnClass found required classes 'org.springframework.security.web.SecurityFilterChain', 'org.springframework.security.config.annotation.web.builders.HttpSecurity' (DefaultWebSecurityCondition)

   SpringBootWebSecurityConfiguration.WebSecurityEnablerConfiguration:
      Did not match:
         - @ConditionalOnMissingBean (names: springSecurityFilterChain; SearchStrategy: all) found beans named springSecurityFilterChain (OnBeanCondition)
      Matched:
         - @ConditionalOnClass found required class 'org.springframework.security.config.annotation.web.configuration.EnableWebSecurity' (OnClassCondition)

   SpringDataWebAutoConfiguration:
      Did not match:
         - @ConditionalOnMissingBean (types: org.springframework.data.web.PageableHandlerMethodArgumentResolver; SearchStrategy: all) found beans of type 'org.springframework.data.web.PageableHandlerMethodArgumentResolver' pageableResolver (OnBeanCondition)
      Matched:
         - @ConditionalOnClass found required classes 'org.springframework.data.web.PageableHandlerMethodArgumentResolver', 'org.springframework.web.servlet.config.annotation.WebMvcConfigurer' (OnClassCondition)
         - found 'session' scope (OnWebApplicationCondition)

   TaskSchedulingAutoConfiguration#taskScheduler:
      Did not match:
         - @ConditionalOnBean (names: org.springframework.context.annotation.internalScheduledAnnotationProcessor; SearchStrategy: all) did not find any beans named org.springframework.context.annotation.internalScheduledAnnotationProcessor (OnBeanCondition)

   TemplateEngineConfigurations.ReactiveTemplateEngineConfiguration:
      Did not match:
         - did not find reactive web application classes (OnWebApplicationCondition)

   ThymeleafAutoConfiguration.DataAttributeDialectConfiguration:
      Did not match:
         - @ConditionalOnClass did not find required class 'com.github.mxab.thymeleaf.extras.dataattribute.dialect.DataAttributeDialect' (OnClassCondition)

   ThymeleafAutoConfiguration.ThymeleafSecurityDialectConfiguration:
      Did not match:
         - @ConditionalOnClass did not find required class 'org.thymeleaf.extras.springsecurity5.dialect.SpringSecurityDialect' (OnClassCondition)

   ThymeleafAutoConfiguration.ThymeleafWebFluxConfiguration:
      Did not match:
         - did not find reactive web application classes (OnWebApplicationCondition)

   ThymeleafAutoConfiguration.ThymeleafWebLayoutConfiguration:
      Did not match:
         - @ConditionalOnClass did not find required class 'nz.net.ultraq.thymeleaf.layoutdialect.LayoutDialect' (OnClassCondition)

   ThymeleafAutoConfiguration.ThymeleafWebMvcConfiguration#resourceUrlEncodingFilter:
      Did not match:
         - @ConditionalOnEnabledResourceChain did not find class org.webjars.WebJarAssetLocator (OnEnabledResourceChainCondition)

   TransactionAutoConfiguration#transactionalOperator:
      Did not match:
         - @ConditionalOnSingleCandidate (types: org.springframework.transaction.ReactiveTransactionManager; SearchStrategy: all) did not find any beans (OnBeanCondition)

   TransactionAutoConfiguration.EnableTransactionManagementConfiguration.JdkDynamicAutoProxyConfiguration:
      Did not match:
         - @ConditionalOnProperty (spring.aop.proxy-target-class=false) did not find property 'proxy-target-class' (OnPropertyCondition)

   UserDetailsServiceAutoConfiguration:
      Did not match:
         - @ConditionalOnMissingBean (types: org.springframework.security.authentication.AuthenticationManager,org.springframework.security.authentication.AuthenticationProvider,org.springframework.security.core.userdetails.UserDetailsService,org.springframework.security.authentication.AuthenticationManagerResolver,org.springframework.security.oauth2.jwt.JwtDecoder,org.springframework.security.oauth2.server.resource.introspection.OpaqueTokenIntrospector,org.springframework.security.oauth2.client.registration.ClientRegistrationRepository,org.springframework.security.saml2.provider.service.registration.RelyingPartyRegistrationRepository; SearchStrategy: all) found beans of type 'org.springframework.security.authentication.AuthenticationManager' authenticationManagerBean and found beans of type 'org.springframework.security.core.userdetails.UserDetailsService' usuarioService (OnBeanCondition)
      Matched:
         - @ConditionalOnClass found required class 'org.springframework.security.authentication.AuthenticationManager' (OnClassCondition)

   ValidationAutoConfiguration:
      Did not match:
         - @ConditionalOnResource did not find resource 'classpath:META-INF/services/javax.validation.spi.ValidationProvider' (OnResourceCondition)
      Matched:
         - @ConditionalOnClass found required class 'javax.validation.executable.ExecutableValidator' (OnClassCondition)

   WebClientAutoConfiguration:
      Did not match:
         - @ConditionalOnClass did not find required class 'org.springframework.web.reactive.function.client.WebClient' (OnClassCondition)

   WebFluxAutoConfiguration:
      Did not match:
         - @ConditionalOnClass did not find required class 'org.springframework.web.reactive.config.WebFluxConfigurer' (OnClassCondition)

   WebMvcAutoConfiguration#hiddenHttpMethodFilter:
      Did not match:
         - @ConditionalOnProperty (spring.mvc.hiddenmethod.filter.enabled) did not find property 'enabled' (OnPropertyCondition)

   WebMvcAutoConfiguration.ResourceChainCustomizerConfiguration:
      Did not match:
         - @ConditionalOnEnabledResourceChain did not find class org.webjars.WebJarAssetLocator (OnEnabledResourceChainCondition)

   WebMvcAutoConfiguration.WebMvcAutoConfigurationAdapter#beanNameViewResolver:
      Did not match:
         - @ConditionalOnMissingBean (types: org.springframework.web.servlet.view.BeanNameViewResolver; SearchStrategy: all) found beans of type 'org.springframework.web.servlet.view.BeanNameViewResolver' beanNameViewResolver (OnBeanCondition)

   WebServiceTemplateAutoConfiguration:
      Did not match:
         - @ConditionalOnClass did not find required class 'org.springframework.oxm.Marshaller' (OnClassCondition)

   WebServicesAutoConfiguration:
      Did not match:
         - @ConditionalOnClass did not find required class 'org.springframework.ws.transport.http.MessageDispatcherServlet' (OnClassCondition)

   WebSessionIdResolverAutoConfiguration:
      Did not match:
         - @ConditionalOnClass did not find required class 'reactor.core.publisher.Mono' (OnClassCondition)

   WebSocketMessagingAutoConfiguration:
      Did not match:
         - @ConditionalOnClass did not find required class 'org.springframework.web.socket.config.annotation.WebSocketMessageBrokerConfigurer' (OnClassCondition)

   WebSocketReactiveAutoConfiguration:
      Did not match:
         - @ConditionalOnWebApplication did not find reactive web application classes (OnWebApplicationCondition)

   WebSocketServletAutoConfiguration.Jetty10WebSocketConfiguration:
      Did not match:
         - @ConditionalOnClass did not find required classes 'org.eclipse.jetty.websocket.javax.server.internal.JavaxWebSocketServerContainer', 'org.eclipse.jetty.websocket.server.JettyWebSocketServerContainer' (OnClassCondition)

   WebSocketServletAutoConfiguration.JettyWebSocketConfiguration:
      Did not match:
         - @ConditionalOnClass did not find required class 'org.eclipse.jetty.websocket.jsr356.server.deploy.WebSocketServerContainerInitializer' (OnClassCondition)

   WebSocketServletAutoConfiguration.UndertowWebSocketConfiguration:
      Did not match:
         - @ConditionalOnClass did not find required class 'io.undertow.websockets.jsr.Bootstrap' (OnClassCondition)

   XADataSourceAutoConfiguration:
      Did not match:
         - @ConditionalOnBean (types: org.springframework.boot.jdbc.XADataSourceWrapper; SearchStrategy: all) did not find any beans of type org.springframework.boot.jdbc.XADataSourceWrapper (OnBeanCondition)
      Matched:
         - @ConditionalOnClass found required classes 'javax.sql.DataSource', 'javax.transaction.TransactionManager', 'org.springframework.jdbc.datasource.embedded.EmbeddedDatabaseType' (OnClassCondition)


Exclusions:
-----------

    None


Unconditional classes:
----------------------

    org.springframework.boot.autoconfigure.context.ConfigurationPropertiesAutoConfiguration

    org.springframework.boot.autoconfigure.context.PropertyPlaceholderAutoConfiguration

    org.springframework.boot.autoconfigure.context.LifecycleAutoConfiguration

    org.springframework.boot.autoconfigure.availability.ApplicationAvailabilityAutoConfiguration

    org.springframework.boot.autoconfigure.info.ProjectInfoAutoConfiguration



2023-04-04 21:53:43,332 main ERROR An exception occurred processing Appender Console java.lang.IllegalStateException: Illegal access: this web application instance has been stopped already. Could not load [db/migration/V1__create_init_tables.sql]. The following stack trace is thrown for debugging purposes as well as to attempt to terminate the thread which caused the illegal access.
	at org.apache.catalina.loader.WebappClassLoaderBase.checkStateForResourceLoading(WebappClassLoaderBase.java:1432)
	at org.apache.catalina.loader.WebappClassLoaderBase.getResource(WebappClassLoaderBase.java:1057)
	at org.flywaydb.core.internal.resource.classpath.ClassPathResource.getUrl(ClassPathResource.java:85)
	at org.flywaydb.core.internal.resource.classpath.ClassPathResource.getAbsolutePathOnDisk(ClassPathResource.java:74)
	at org.flywaydb.core.internal.sqlscript.FlywaySqlScriptException.getMessage(FlywaySqlScriptException.java:81)
	at java.base/java.lang.Throwable.getLocalizedMessage(Throwable.java:396)
	at java.base/java.lang.Throwable.toString(Throwable.java:495)
	at java.base/java.lang.String.valueOf(String.java:3042)
	at java.base/java.lang.StringBuilder.append(StringBuilder.java:168)
	at java.base/java.lang.Throwable.printEnclosedStackTrace(Throwable.java:709)
	at java.base/java.lang.Throwable.printEnclosedStackTrace(Throwable.java:723)
	at java.base/java.lang.Throwable.printEnclosedStackTrace(Throwable.java:723)
	at java.base/java.lang.Throwable.printEnclosedStackTrace(Throwable.java:723)
	at java.base/java.lang.Throwable.printEnclosedStackTrace(Throwable.java:723)
	at java.base/java.lang.Throwable.printEnclosedStackTrace(Throwable.java:723)
	at java.base/java.lang.Throwable.printEnclosedStackTrace(Throwable.java:723)
	at java.base/java.lang.Throwable.printEnclosedStackTrace(Throwable.java:723)
	at java.base/java.lang.Throwable.printEnclosedStackTrace(Throwable.java:723)
	at java.base/java.lang.Throwable.printStackTrace(Throwable.java:681)
	at java.base/java.lang.Throwable.printStackTrace(Throwable.java:735)
	at org.apache.logging.log4j.core.pattern.ThrowablePatternConverter.formatOption(ThrowablePatternConverter.java:211)
	at org.apache.logging.log4j.core.pattern.ThrowablePatternConverter.format(ThrowablePatternConverter.java:137)
	at org.apache.logging.log4j.core.layout.PatternLayout$NoFormatPatternSerializer.toSerializable(PatternLayout.java:342)
	at org.apache.logging.log4j.core.layout.PatternLayout.toText(PatternLayout.java:240)
	at org.apache.logging.log4j.core.layout.PatternLayout.encode(PatternLayout.java:225)
	at org.apache.logging.log4j.core.layout.PatternLayout.encode(PatternLayout.java:59)
	at org.apache.logging.log4j.core.appender.AbstractOutputStreamAppender.directEncodeEvent(AbstractOutputStreamAppender.java:215)
	at org.apache.logging.log4j.core.appender.AbstractOutputStreamAppender.tryAppend(AbstractOutputStreamAppender.java:208)
	at org.apache.logging.log4j.core.appender.AbstractOutputStreamAppender.append(AbstractOutputStreamAppender.java:199)
	at org.apache.logging.log4j.core.config.AppenderControl.tryCallAppender(AppenderControl.java:161)
	at org.apache.logging.log4j.core.config.AppenderControl.callAppender0(AppenderControl.java:134)
	at org.apache.logging.log4j.core.config.AppenderControl.callAppenderPreventRecursion(AppenderControl.java:125)
	at org.apache.logging.log4j.core.config.AppenderControl.callAppender(AppenderControl.java:89)
	at org.apache.logging.log4j.core.config.LoggerConfig.callAppenders(LoggerConfig.java:675)
	at org.apache.logging.log4j.core.config.LoggerConfig.processLogEvent(LoggerConfig.java:633)
	at org.apache.logging.log4j.core.config.LoggerConfig.log(LoggerConfig.java:616)
	at org.apache.logging.log4j.core.config.LoggerConfig.log(LoggerConfig.java:552)
	at org.apache.logging.log4j.core.config.AwaitCompletionReliabilityStrategy.log(AwaitCompletionReliabilityStrategy.java:82)
	at org.apache.logging.log4j.core.Logger.log(Logger.java:161)
	at org.apache.logging.log4j.spi.AbstractLogger.tryLogMessage(AbstractLogger.java:2205)
	at org.apache.logging.log4j.spi.AbstractLogger.logMessageTrackRecursion(AbstractLogger.java:2159)
	at org.apache.logging.log4j.spi.AbstractLogger.logMessageSafely(AbstractLogger.java:2142)
	at org.apache.logging.log4j.spi.AbstractLogger.logMessage(AbstractLogger.java:2017)
	at org.apache.logging.log4j.spi.AbstractLogger.logIfEnabled(AbstractLogger.java:1983)
	at org.apache.commons.logging.LogAdapter$Log4jLog.log(LogAdapter.java:263)
	at org.apache.commons.logging.LogAdapter$Log4jLog.error(LogAdapter.java:215)
	at org.springframework.boot.SpringApplication.reportFailure(SpringApplication.java:824)
	at org.springframework.boot.SpringApplication.handleRunFailure(SpringApplication.java:788)
	at org.springframework.boot.SpringApplication.run(SpringApplication.java:318)
	at org.springframework.boot.test.context.SpringBootContextLoader.loadContext(SpringBootContextLoader.java:132)
	at org.springframework.test.context.cache.DefaultCacheAwareContextLoaderDelegate.loadContextInternal(DefaultCacheAwareContextLoaderDelegate.java:99)
	at org.springframework.test.context.cache.DefaultCacheAwareContextLoaderDelegate.loadContext(DefaultCacheAwareContextLoaderDelegate.java:124)
	at org.springframework.test.context.support.DefaultTestContext.getApplicationContext(DefaultTestContext.java:124)
	at org.springframework.boot.test.autoconfigure.SpringBootDependencyInjectionTestExecutionListener.outputConditionEvaluationReport(SpringBootDependencyInjectionTestExecutionListener.java:53)
	at org.springframework.boot.test.autoconfigure.SpringBootDependencyInjectionTestExecutionListener.prepareTestInstance(SpringBootDependencyInjectionTestExecutionListener.java:46)
	at org.springframework.test.context.TestContextManager.prepareTestInstance(TestContextManager.java:248)
	at org.springframework.test.context.junit4.SpringJUnit4ClassRunner.createTest(SpringJUnit4ClassRunner.java:227)
	at org.springframework.test.context.junit4.SpringJUnit4ClassRunner$1.runReflectiveCall(SpringJUnit4ClassRunner.java:289)
	at org.junit.internal.runners.model.ReflectiveCallable.run(ReflectiveCallable.java:12)
	at org.springframework.test.context.junit4.SpringJUnit4ClassRunner.methodBlock(SpringJUnit4ClassRunner.java:291)
	at org.springframework.test.context.junit4.SpringJUnit4ClassRunner.runChild(SpringJUnit4ClassRunner.java:246)
	at org.springframework.test.context.junit4.SpringJUnit4ClassRunner.runChild(SpringJUnit4ClassRunner.java:97)
	at org.junit.runners.ParentRunner$3.run(ParentRunner.java:290)
	at org.junit.runners.ParentRunner$1.schedule(ParentRunner.java:71)
	at org.junit.runners.ParentRunner.runChildren(ParentRunner.java:288)
	at org.junit.runners.ParentRunner.access$000(ParentRunner.java:58)
	at org.junit.runners.ParentRunner$2.evaluate(ParentRunner.java:268)
	at org.springframework.test.context.junit4.statements.RunBeforeTestClassCallbacks.evaluate(RunBeforeTestClassCallbacks.java:61)
	at org.springframework.test.context.junit4.statements.RunAfterTestClassCallbacks.evaluate(RunAfterTestClassCallbacks.java:70)
	at org.junit.runners.ParentRunner.run(ParentRunner.java:363)
	at org.springframework.test.context.junit4.SpringJUnit4ClassRunner.run(SpringJUnit4ClassRunner.java:190)
	at org.junit.runners.Suite.runChild(Suite.java:128)
	at org.junit.runners.Suite.runChild(Suite.java:27)
	at org.junit.runners.ParentRunner$3.run(ParentRunner.java:290)
	at org.junit.runners.ParentRunner$1.schedule(ParentRunner.java:71)
	at org.junit.runners.ParentRunner.runChildren(ParentRunner.java:288)
	at org.junit.runners.ParentRunner.access$000(ParentRunner.java:58)
	at org.junit.runners.ParentRunner$2.evaluate(ParentRunner.java:268)
	at org.junit.runners.ParentRunner.run(ParentRunner.java:363)
	at org.junit.runner.JUnitCore.run(JUnitCore.java:137)
	at org.junit.runner.JUnitCore.run(JUnitCore.java:115)
	at org.apache.maven.surefire.junitcore.JUnitCoreWrapper.createRequestAndRun(JUnitCoreWrapper.java:108)
	at org.apache.maven.surefire.junitcore.JUnitCoreWrapper.executeEager(JUnitCoreWrapper.java:78)
	at org.apache.maven.surefire.junitcore.JUnitCoreWrapper.execute(JUnitCoreWrapper.java:54)
	at org.apache.maven.surefire.junitcore.JUnitCoreProvider.invoke(JUnitCoreProvider.java:144)
	at org.apache.maven.surefire.booter.ForkedBooter.invokeProviderInSameClassLoader(ForkedBooter.java:203)
	at org.apache.maven.surefire.booter.ForkedBooter.runSuitesInProcess(ForkedBooter.java:155)
	at org.apache.maven.surefire.booter.ForkedBooter.main(ForkedBooter.java:103)

2023-04-04 21:53:43,334 main ERROR An exception occurred processing Appender RollingFile org.apache.logging.log4j.core.appender.AppenderLoggingException: java.lang.NoSuchMethodError: org.apache.logging.log4j.util.StackLocatorUtil.getCurrentStackTrace()Ljava/util/Deque;
	at org.apache.logging.log4j.core.config.AppenderControl.tryCallAppender(AppenderControl.java:165)
	at org.apache.logging.log4j.core.config.AppenderControl.callAppender0(AppenderControl.java:134)
	at org.apache.logging.log4j.core.config.AppenderControl.callAppenderPreventRecursion(AppenderControl.java:125)
	at org.apache.logging.log4j.core.config.AppenderControl.callAppender(AppenderControl.java:89)
	at org.apache.logging.log4j.core.config.LoggerConfig.callAppenders(LoggerConfig.java:675)
	at org.apache.logging.log4j.core.config.LoggerConfig.processLogEvent(LoggerConfig.java:633)
	at org.apache.logging.log4j.core.config.LoggerConfig.log(LoggerConfig.java:616)
	at org.apache.logging.log4j.core.config.LoggerConfig.log(LoggerConfig.java:552)
	at org.apache.logging.log4j.core.config.AwaitCompletionReliabilityStrategy.log(AwaitCompletionReliabilityStrategy.java:82)
	at org.apache.logging.log4j.core.Logger.log(Logger.java:161)
	at org.apache.logging.log4j.spi.AbstractLogger.tryLogMessage(AbstractLogger.java:2205)
	at org.apache.logging.log4j.spi.AbstractLogger.logMessageTrackRecursion(AbstractLogger.java:2159)
	at org.apache.logging.log4j.spi.AbstractLogger.logMessageSafely(AbstractLogger.java:2142)
	at org.apache.logging.log4j.spi.AbstractLogger.logMessage(AbstractLogger.java:2017)
	at org.apache.logging.log4j.spi.AbstractLogger.logIfEnabled(AbstractLogger.java:1983)
	at org.apache.commons.logging.LogAdapter$Log4jLog.log(LogAdapter.java:263)
	at org.apache.commons.logging.LogAdapter$Log4jLog.error(LogAdapter.java:215)
	at org.springframework.boot.SpringApplication.reportFailure(SpringApplication.java:824)
	at org.springframework.boot.SpringApplication.handleRunFailure(SpringApplication.java:788)
	at org.springframework.boot.SpringApplication.run(SpringApplication.java:318)
	at org.springframework.boot.test.context.SpringBootContextLoader.loadContext(SpringBootContextLoader.java:132)
	at org.springframework.test.context.cache.DefaultCacheAwareContextLoaderDelegate.loadContextInternal(DefaultCacheAwareContextLoaderDelegate.java:99)
	at org.springframework.test.context.cache.DefaultCacheAwareContextLoaderDelegate.loadContext(DefaultCacheAwareContextLoaderDelegate.java:124)
	at org.springframework.test.context.support.DefaultTestContext.getApplicationContext(DefaultTestContext.java:124)
	at org.springframework.boot.test.autoconfigure.SpringBootDependencyInjectionTestExecutionListener.outputConditionEvaluationReport(SpringBootDependencyInjectionTestExecutionListener.java:53)
	at org.springframework.boot.test.autoconfigure.SpringBootDependencyInjectionTestExecutionListener.prepareTestInstance(SpringBootDependencyInjectionTestExecutionListener.java:46)
	at org.springframework.test.context.TestContextManager.prepareTestInstance(TestContextManager.java:248)
	at org.springframework.test.context.junit4.SpringJUnit4ClassRunner.createTest(SpringJUnit4ClassRunner.java:227)
	at org.springframework.test.context.junit4.SpringJUnit4ClassRunner$1.runReflectiveCall(SpringJUnit4ClassRunner.java:289)
	at org.junit.internal.runners.model.ReflectiveCallable.run(ReflectiveCallable.java:12)
	at org.springframework.test.context.junit4.SpringJUnit4ClassRunner.methodBlock(SpringJUnit4ClassRunner.java:291)
	at org.springframework.test.context.junit4.SpringJUnit4ClassRunner.runChild(SpringJUnit4ClassRunner.java:246)
	at org.springframework.test.context.junit4.SpringJUnit4ClassRunner.runChild(SpringJUnit4ClassRunner.java:97)
	at org.junit.runners.ParentRunner$3.run(ParentRunner.java:290)
	at org.junit.runners.ParentRunner$1.schedule(ParentRunner.java:71)
	at org.junit.runners.ParentRunner.runChildren(ParentRunner.java:288)
	at org.junit.runners.ParentRunner.access$000(ParentRunner.java:58)
	at org.junit.runners.ParentRunner$2.evaluate(ParentRunner.java:268)
	at org.springframework.test.context.junit4.statements.RunBeforeTestClassCallbacks.evaluate(RunBeforeTestClassCallbacks.java:61)
	at org.springframework.test.context.junit4.statements.RunAfterTestClassCallbacks.evaluate(RunAfterTestClassCallbacks.java:70)
	at org.junit.runners.ParentRunner.run(ParentRunner.java:363)
	at org.springframework.test.context.junit4.SpringJUnit4ClassRunner.run(SpringJUnit4ClassRunner.java:190)
	at org.junit.runners.Suite.runChild(Suite.java:128)
	at org.junit.runners.Suite.runChild(Suite.java:27)
	at org.junit.runners.ParentRunner$3.run(ParentRunner.java:290)
	at org.junit.runners.ParentRunner$1.schedule(ParentRunner.java:71)
	at org.junit.runners.ParentRunner.runChildren(ParentRunner.java:288)
	at org.junit.runners.ParentRunner.access$000(ParentRunner.java:58)
	at org.junit.runners.ParentRunner$2.evaluate(ParentRunner.java:268)
	at org.junit.runners.ParentRunner.run(ParentRunner.java:363)
	at org.junit.runner.JUnitCore.run(JUnitCore.java:137)
	at org.junit.runner.JUnitCore.run(JUnitCore.java:115)
	at org.apache.maven.surefire.junitcore.JUnitCoreWrapper.createRequestAndRun(JUnitCoreWrapper.java:108)
	at org.apache.maven.surefire.junitcore.JUnitCoreWrapper.executeEager(JUnitCoreWrapper.java:78)
	at org.apache.maven.surefire.junitcore.JUnitCoreWrapper.execute(JUnitCoreWrapper.java:54)
	at org.apache.maven.surefire.junitcore.JUnitCoreProvider.invoke(JUnitCoreProvider.java:144)
	at org.apache.maven.surefire.booter.ForkedBooter.invokeProviderInSameClassLoader(ForkedBooter.java:203)
	at org.apache.maven.surefire.booter.ForkedBooter.runSuitesInProcess(ForkedBooter.java:155)
	at org.apache.maven.surefire.booter.ForkedBooter.main(ForkedBooter.java:103)
Caused by: java.lang.NoSuchMethodError: org.apache.logging.log4j.util.StackLocatorUtil.getCurrentStackTrace()Ljava/util/Deque;
	at org.apache.logging.log4j.core.impl.ThrowableProxy.<init>(ThrowableProxy.java:112)
	at org.apache.logging.log4j.core.impl.ThrowableProxy.<init>(ThrowableProxy.java:97)
	at org.apache.logging.log4j.core.impl.Log4jLogEvent.getThrownProxy(Log4jLogEvent.java:629)
	at org.apache.logging.log4j.core.pattern.ExtendedThrowablePatternConverter.format(ExtendedThrowablePatternConverter.java:63)
	at org.apache.logging.log4j.core.layout.PatternLayout$NoFormatPatternSerializer.toSerializable(PatternLayout.java:342)
	at org.apache.logging.log4j.core.layout.PatternLayout.toText(PatternLayout.java:240)
	at org.apache.logging.log4j.core.layout.PatternLayout.encode(PatternLayout.java:225)
	at org.apache.logging.log4j.core.layout.PatternLayout.encode(PatternLayout.java:59)
	at org.apache.logging.log4j.core.appender.AbstractOutputStreamAppender.directEncodeEvent(AbstractOutputStreamAppender.java:215)
	at org.apache.logging.log4j.core.appender.AbstractOutputStreamAppender.tryAppend(AbstractOutputStreamAppender.java:208)
	at org.apache.logging.log4j.core.appender.AbstractOutputStreamAppender.append(AbstractOutputStreamAppender.java:199)
	at org.apache.logging.log4j.core.appender.RollingFileAppender.append(RollingFileAppender.java:312)
	at org.apache.logging.log4j.core.config.AppenderControl.tryCallAppender(AppenderControl.java:161)
	... 58 more

2023-04-04 21:53:43,337 main ERROR An exception occurred processing Appender Console java.lang.IllegalStateException: Illegal access: this web application instance has been stopped already. Could not load [db/migration/V1__create_init_tables.sql]. The following stack trace is thrown for debugging purposes as well as to attempt to terminate the thread which caused the illegal access.
	at org.apache.catalina.loader.WebappClassLoaderBase.checkStateForResourceLoading(WebappClassLoaderBase.java:1432)
	at org.apache.catalina.loader.WebappClassLoaderBase.getResource(WebappClassLoaderBase.java:1057)
	at org.flywaydb.core.internal.resource.classpath.ClassPathResource.getUrl(ClassPathResource.java:85)
	at org.flywaydb.core.internal.resource.classpath.ClassPathResource.getAbsolutePathOnDisk(ClassPathResource.java:74)
	at org.flywaydb.core.internal.sqlscript.FlywaySqlScriptException.getMessage(FlywaySqlScriptException.java:81)
	at java.base/java.lang.Throwable.getLocalizedMessage(Throwable.java:396)
	at java.base/java.lang.Throwable.toString(Throwable.java:495)
	at java.base/java.lang.String.valueOf(String.java:3042)
	at java.base/java.lang.StringBuilder.append(StringBuilder.java:168)
	at java.base/java.lang.Throwable.printEnclosedStackTrace(Throwable.java:709)
	at java.base/java.lang.Throwable.printEnclosedStackTrace(Throwable.java:723)
	at java.base/java.lang.Throwable.printEnclosedStackTrace(Throwable.java:723)
	at java.base/java.lang.Throwable.printEnclosedStackTrace(Throwable.java:723)
	at java.base/java.lang.Throwable.printEnclosedStackTrace(Throwable.java:723)
	at java.base/java.lang.Throwable.printEnclosedStackTrace(Throwable.java:723)
	at java.base/java.lang.Throwable.printEnclosedStackTrace(Throwable.java:723)
	at java.base/java.lang.Throwable.printEnclosedStackTrace(Throwable.java:723)
	at java.base/java.lang.Throwable.printEnclosedStackTrace(Throwable.java:723)
	at java.base/java.lang.Throwable.printEnclosedStackTrace(Throwable.java:723)
	at java.base/java.lang.Throwable.printStackTrace(Throwable.java:681)
	at java.base/java.lang.Throwable.printStackTrace(Throwable.java:735)
	at org.apache.logging.log4j.core.pattern.ThrowablePatternConverter.formatOption(ThrowablePatternConverter.java:211)
	at org.apache.logging.log4j.core.pattern.ThrowablePatternConverter.format(ThrowablePatternConverter.java:137)
	at org.apache.logging.log4j.core.layout.PatternLayout$NoFormatPatternSerializer.toSerializable(PatternLayout.java:342)
	at org.apache.logging.log4j.core.layout.PatternLayout.toText(PatternLayout.java:240)
	at org.apache.logging.log4j.core.layout.PatternLayout.encode(PatternLayout.java:225)
	at org.apache.logging.log4j.core.layout.PatternLayout.encode(PatternLayout.java:59)
	at org.apache.logging.log4j.core.appender.AbstractOutputStreamAppender.directEncodeEvent(AbstractOutputStreamAppender.java:215)
	at org.apache.logging.log4j.core.appender.AbstractOutputStreamAppender.tryAppend(AbstractOutputStreamAppender.java:208)
	at org.apache.logging.log4j.core.appender.AbstractOutputStreamAppender.append(AbstractOutputStreamAppender.java:199)
	at org.apache.logging.log4j.core.config.AppenderControl.tryCallAppender(AppenderControl.java:161)
	at org.apache.logging.log4j.core.config.AppenderControl.callAppender0(AppenderControl.java:134)
	at org.apache.logging.log4j.core.config.AppenderControl.callAppenderPreventRecursion(AppenderControl.java:125)
	at org.apache.logging.log4j.core.config.AppenderControl.callAppender(AppenderControl.java:89)
	at org.apache.logging.log4j.core.config.LoggerConfig.callAppenders(LoggerConfig.java:675)
	at org.apache.logging.log4j.core.config.LoggerConfig.processLogEvent(LoggerConfig.java:633)
	at org.apache.logging.log4j.core.config.LoggerConfig.log(LoggerConfig.java:616)
	at org.apache.logging.log4j.core.config.LoggerConfig.log(LoggerConfig.java:552)
	at org.apache.logging.log4j.core.config.AwaitCompletionReliabilityStrategy.log(AwaitCompletionReliabilityStrategy.java:82)
	at org.apache.logging.log4j.core.Logger.log(Logger.java:161)
	at org.apache.logging.log4j.spi.AbstractLogger.tryLogMessage(AbstractLogger.java:2205)
	at org.apache.logging.log4j.spi.AbstractLogger.logMessageTrackRecursion(AbstractLogger.java:2159)
	at org.apache.logging.log4j.spi.AbstractLogger.logMessageSafely(AbstractLogger.java:2142)
	at org.apache.logging.log4j.spi.AbstractLogger.logMessage(AbstractLogger.java:2017)
	at org.apache.logging.log4j.spi.AbstractLogger.logIfEnabled(AbstractLogger.java:1983)
	at org.apache.commons.logging.LogAdapter$Log4jLog.log(LogAdapter.java:263)
	at org.apache.commons.logging.LogAdapter$Log4jLog.error(LogAdapter.java:215)
	at org.springframework.test.context.TestContextManager.prepareTestInstance(TestContextManager.java:252)
	at org.springframework.test.context.junit4.SpringJUnit4ClassRunner.createTest(SpringJUnit4ClassRunner.java:227)
	at org.springframework.test.context.junit4.SpringJUnit4ClassRunner$1.runReflectiveCall(SpringJUnit4ClassRunner.java:289)
	at org.junit.internal.runners.model.ReflectiveCallable.run(ReflectiveCallable.java:12)
	at org.springframework.test.context.junit4.SpringJUnit4ClassRunner.methodBlock(SpringJUnit4ClassRunner.java:291)
	at org.springframework.test.context.junit4.SpringJUnit4ClassRunner.runChild(SpringJUnit4ClassRunner.java:246)
	at org.springframework.test.context.junit4.SpringJUnit4ClassRunner.runChild(SpringJUnit4ClassRunner.java:97)
	at org.junit.runners.ParentRunner$3.run(ParentRunner.java:290)
	at org.junit.runners.ParentRunner$1.schedule(ParentRunner.java:71)
	at org.junit.runners.ParentRunner.runChildren(ParentRunner.java:288)
	at org.junit.runners.ParentRunner.access$000(ParentRunner.java:58)
	at org.junit.runners.ParentRunner$2.evaluate(ParentRunner.java:268)
	at org.springframework.test.context.junit4.statements.RunBeforeTestClassCallbacks.evaluate(RunBeforeTestClassCallbacks.java:61)
	at org.springframework.test.context.junit4.statements.RunAfterTestClassCallbacks.evaluate(RunAfterTestClassCallbacks.java:70)
	at org.junit.runners.ParentRunner.run(ParentRunner.java:363)
	at org.springframework.test.context.junit4.SpringJUnit4ClassRunner.run(SpringJUnit4ClassRunner.java:190)
	at org.junit.runners.Suite.runChild(Suite.java:128)
	at org.junit.runners.Suite.runChild(Suite.java:27)
	at org.junit.runners.ParentRunner$3.run(ParentRunner.java:290)
	at org.junit.runners.ParentRunner$1.schedule(ParentRunner.java:71)
	at org.junit.runners.ParentRunner.runChildren(ParentRunner.java:288)
	at org.junit.runners.ParentRunner.access$000(ParentRunner.java:58)
	at org.junit.runners.ParentRunner$2.evaluate(ParentRunner.java:268)
	at org.junit.runners.ParentRunner.run(ParentRunner.java:363)
	at org.junit.runner.JUnitCore.run(JUnitCore.java:137)
	at org.junit.runner.JUnitCore.run(JUnitCore.java:115)
	at org.apache.maven.surefire.junitcore.JUnitCoreWrapper.createRequestAndRun(JUnitCoreWrapper.java:108)
	at org.apache.maven.surefire.junitcore.JUnitCoreWrapper.executeEager(JUnitCoreWrapper.java:78)
	at org.apache.maven.surefire.junitcore.JUnitCoreWrapper.execute(JUnitCoreWrapper.java:54)
	at org.apache.maven.surefire.junitcore.JUnitCoreProvider.invoke(JUnitCoreProvider.java:144)
	at org.apache.maven.surefire.booter.ForkedBooter.invokeProviderInSameClassLoader(ForkedBooter.java:203)
	at org.apache.maven.surefire.booter.ForkedBooter.runSuitesInProcess(ForkedBooter.java:155)
	at org.apache.maven.surefire.booter.ForkedBooter.main(ForkedBooter.java:103)

2023-04-04 21:53:43,341 main ERROR An exception occurred processing Appender RollingFile org.apache.logging.log4j.core.appender.AppenderLoggingException: java.lang.NoSuchMethodError: org.apache.logging.log4j.util.StackLocatorUtil.getCurrentStackTrace()Ljava/util/Deque;
	at org.apache.logging.log4j.core.config.AppenderControl.tryCallAppender(AppenderControl.java:165)
	at org.apache.logging.log4j.core.config.AppenderControl.callAppender0(AppenderControl.java:134)
	at org.apache.logging.log4j.core.config.AppenderControl.callAppenderPreventRecursion(AppenderControl.java:125)
	at org.apache.logging.log4j.core.config.AppenderControl.callAppender(AppenderControl.java:89)
	at org.apache.logging.log4j.core.config.LoggerConfig.callAppenders(LoggerConfig.java:675)
	at org.apache.logging.log4j.core.config.LoggerConfig.processLogEvent(LoggerConfig.java:633)
	at org.apache.logging.log4j.core.config.LoggerConfig.log(LoggerConfig.java:616)
	at org.apache.logging.log4j.core.config.LoggerConfig.log(LoggerConfig.java:552)
	at org.apache.logging.log4j.core.config.AwaitCompletionReliabilityStrategy.log(AwaitCompletionReliabilityStrategy.java:82)
	at org.apache.logging.log4j.core.Logger.log(Logger.java:161)
	at org.apache.logging.log4j.spi.AbstractLogger.tryLogMessage(AbstractLogger.java:2205)
	at org.apache.logging.log4j.spi.AbstractLogger.logMessageTrackRecursion(AbstractLogger.java:2159)
	at org.apache.logging.log4j.spi.AbstractLogger.logMessageSafely(AbstractLogger.java:2142)
	at org.apache.logging.log4j.spi.AbstractLogger.logMessage(AbstractLogger.java:2017)
	at org.apache.logging.log4j.spi.AbstractLogger.logIfEnabled(AbstractLogger.java:1983)
	at org.apache.commons.logging.LogAdapter$Log4jLog.log(LogAdapter.java:263)
	at org.apache.commons.logging.LogAdapter$Log4jLog.error(LogAdapter.java:215)
	at org.springframework.test.context.TestContextManager.prepareTestInstance(TestContextManager.java:252)
	at org.springframework.test.context.junit4.SpringJUnit4ClassRunner.createTest(SpringJUnit4ClassRunner.java:227)
	at org.springframework.test.context.junit4.SpringJUnit4ClassRunner$1.runReflectiveCall(SpringJUnit4ClassRunner.java:289)
	at org.junit.internal.runners.model.ReflectiveCallable.run(ReflectiveCallable.java:12)
	at org.springframework.test.context.junit4.SpringJUnit4ClassRunner.methodBlock(SpringJUnit4ClassRunner.java:291)
	at org.springframework.test.context.junit4.SpringJUnit4ClassRunner.runChild(SpringJUnit4ClassRunner.java:246)
	at org.springframework.test.context.junit4.SpringJUnit4ClassRunner.runChild(SpringJUnit4ClassRunner.java:97)
	at org.junit.runners.ParentRunner$3.run(ParentRunner.java:290)
	at org.junit.runners.ParentRunner$1.schedule(ParentRunner.java:71)
	at org.junit.runners.ParentRunner.runChildren(ParentRunner.java:288)
	at org.junit.runners.ParentRunner.access$000(ParentRunner.java:58)
	at org.junit.runners.ParentRunner$2.evaluate(ParentRunner.java:268)
	at org.springframework.test.context.junit4.statements.RunBeforeTestClassCallbacks.evaluate(RunBeforeTestClassCallbacks.java:61)
	at org.springframework.test.context.junit4.statements.RunAfterTestClassCallbacks.evaluate(RunAfterTestClassCallbacks.java:70)
	at org.junit.runners.ParentRunner.run(ParentRunner.java:363)
	at org.springframework.test.context.junit4.SpringJUnit4ClassRunner.run(SpringJUnit4ClassRunner.java:190)
	at org.junit.runners.Suite.runChild(Suite.java:128)
	at org.junit.runners.Suite.runChild(Suite.java:27)
	at org.junit.runners.ParentRunner$3.run(ParentRunner.java:290)
	at org.junit.runners.ParentRunner$1.schedule(ParentRunner.java:71)
	at org.junit.runners.ParentRunner.runChildren(ParentRunner.java:288)
	at org.junit.runners.ParentRunner.access$000(ParentRunner.java:58)
	at org.junit.runners.ParentRunner$2.evaluate(ParentRunner.java:268)
	at org.junit.runners.ParentRunner.run(ParentRunner.java:363)
	at org.junit.runner.JUnitCore.run(JUnitCore.java:137)
	at org.junit.runner.JUnitCore.run(JUnitCore.java:115)
	at org.apache.maven.surefire.junitcore.JUnitCoreWrapper.createRequestAndRun(JUnitCoreWrapper.java:108)
	at org.apache.maven.surefire.junitcore.JUnitCoreWrapper.executeEager(JUnitCoreWrapper.java:78)
	at org.apache.maven.surefire.junitcore.JUnitCoreWrapper.execute(JUnitCoreWrapper.java:54)
	at org.apache.maven.surefire.junitcore.JUnitCoreProvider.invoke(JUnitCoreProvider.java:144)
	at org.apache.maven.surefire.booter.ForkedBooter.invokeProviderInSameClassLoader(ForkedBooter.java:203)
	at org.apache.maven.surefire.booter.ForkedBooter.runSuitesInProcess(ForkedBooter.java:155)
	at org.apache.maven.surefire.booter.ForkedBooter.main(ForkedBooter.java:103)
Caused by: java.lang.NoSuchMethodError: org.apache.logging.log4j.util.StackLocatorUtil.getCurrentStackTrace()Ljava/util/Deque;
	at org.apache.logging.log4j.core.impl.ThrowableProxy.<init>(ThrowableProxy.java:112)
	at org.apache.logging.log4j.core.impl.ThrowableProxy.<init>(ThrowableProxy.java:97)
	at org.apache.logging.log4j.core.impl.Log4jLogEvent.getThrownProxy(Log4jLogEvent.java:629)
	at org.apache.logging.log4j.core.pattern.ExtendedThrowablePatternConverter.format(ExtendedThrowablePatternConverter.java:63)
	at org.apache.logging.log4j.core.layout.PatternLayout$NoFormatPatternSerializer.toSerializable(PatternLayout.java:342)
	at org.apache.logging.log4j.core.layout.PatternLayout.toText(PatternLayout.java:240)
	at org.apache.logging.log4j.core.layout.PatternLayout.encode(PatternLayout.java:225)
	at org.apache.logging.log4j.core.layout.PatternLayout.encode(PatternLayout.java:59)
	at org.apache.logging.log4j.core.appender.AbstractOutputStreamAppender.directEncodeEvent(AbstractOutputStreamAppender.java:215)
	at org.apache.logging.log4j.core.appender.AbstractOutputStreamAppender.tryAppend(AbstractOutputStreamAppender.java:208)
	at org.apache.logging.log4j.core.appender.AbstractOutputStreamAppender.append(AbstractOutputStreamAppender.java:199)
	at org.apache.logging.log4j.core.appender.RollingFileAppender.append(RollingFileAppender.java:312)
	at org.apache.logging.log4j.core.config.AppenderControl.tryCallAppender(AppenderControl.java:161)
	... 49 more

]]></system-out>
    <system-err><![CDATA[Apr 04, 2023 9:53:41 PM org.apache.coyote.AbstractProtocol init
INFO: Initializing ProtocolHandler ["http-nio-auto-3"]
Apr 04, 2023 9:53:41 PM org.apache.catalina.core.StandardService startInternal
INFO: Starting service [Tomcat]
Apr 04, 2023 9:53:41 PM org.apache.catalina.core.StandardEngine startInternal
INFO: Starting Servlet engine: [Apache Tomcat/9.0.65]
Apr 04, 2023 9:53:41 PM org.apache.catalina.core.ApplicationContext log
INFO: Initializing Spring embedded WebApplicationContext
Apr 04, 2023 9:53:42 PM org.apache.catalina.core.StandardService stopInternal
INFO: Stopping service [Tomcat]
Apr 04, 2023 9:53:42 PM org.apache.catalina.loader.WebappClassLoaderBase clearReferencesThreads
WARNING: The web application [ROOT] appears to have started a thread named [HikariPool-3 housekeeper] but has failed to stop it. This is very likely to create a memory leak. Stack trace of thread:
 java.base@12.0.2/jdk.internal.misc.Unsafe.park(Native Method)
 java.base@12.0.2/java.util.concurrent.locks.LockSupport.parkNanos(LockSupport.java:235)
 java.base@12.0.2/java.util.concurrent.locks.AbstractQueuedSynchronizer$ConditionObject.awaitNanos(AbstractQueuedSynchronizer.java:2123)
 java.base@12.0.2/java.util.concurrent.ScheduledThreadPoolExecutor$DelayedWorkQueue.take(ScheduledThreadPoolExecutor.java:1182)
 java.base@12.0.2/java.util.concurrent.ScheduledThreadPoolExecutor$DelayedWorkQueue.take(ScheduledThreadPoolExecutor.java:899)
 java.base@12.0.2/java.util.concurrent.ThreadPoolExecutor.getTask(ThreadPoolExecutor.java:1054)
 java.base@12.0.2/java.util.concurrent.ThreadPoolExecutor.runWorker(ThreadPoolExecutor.java:1114)
 java.base@12.0.2/java.util.concurrent.ThreadPoolExecutor$Worker.run(ThreadPoolExecutor.java:628)
 java.base@12.0.2/java.lang.Thread.run(Thread.java:835)
Apr 04, 2023 9:53:42 PM org.apache.catalina.loader.WebappClassLoaderBase clearReferencesThreads
WARNING: The web application [ROOT] appears to have started a thread named [HikariPool-3 connection adder] but has failed to stop it. This is very likely to create a memory leak. Stack trace of thread:
 java.base@12.0.2/java.net.SocketInputStream.socketRead0(Native Method)
 java.base@12.0.2/java.net.SocketInputStream.socketRead(SocketInputStream.java:115)
 java.base@12.0.2/java.net.SocketInputStream.read(SocketInputStream.java:168)
 java.base@12.0.2/java.net.SocketInputStream.read(SocketInputStream.java:140)
 app//org.postgresql.core.VisibleBufferedInputStream.readMore(VisibleBufferedInputStream.java:161)
 app//org.postgresql.core.VisibleBufferedInputStream.ensureBytes(VisibleBufferedInputStream.java:128)
 app//org.postgresql.core.VisibleBufferedInputStream.ensureBytes(VisibleBufferedInputStream.java:113)
 app//org.postgresql.core.VisibleBufferedInputStream.read(VisibleBufferedInputStream.java:73)
 app//org.postgresql.core.PGStream.receiveChar(PGStream.java:370)
 app//org.postgresql.core.v3.ConnectionFactoryImpl.doAuthentication(ConnectionFactoryImpl.java:510)
 app//org.postgresql.core.v3.ConnectionFactoryImpl.tryConnect(ConnectionFactoryImpl.java:146)
 app//org.postgresql.core.v3.ConnectionFactoryImpl.openConnectionImpl(ConnectionFactoryImpl.java:197)
 app//org.postgresql.core.ConnectionFactory.openConnection(ConnectionFactory.java:49)
 app//org.postgresql.jdbc.PgConnection.<init>(PgConnection.java:211)
 app//org.postgresql.Driver.makeConnection(Driver.java:459)
 app//org.postgresql.Driver.connect(Driver.java:261)
 app//com.zaxxer.hikari.util.DriverDataSource.getConnection(DriverDataSource.java:138)
 app//com.zaxxer.hikari.pool.PoolBase.newConnection(PoolBase.java:364)
 app//com.zaxxer.hikari.pool.PoolBase.newPoolEntry(PoolBase.java:206)
 app//com.zaxxer.hikari.pool.HikariPool.createPoolEntry(HikariPool.java:476)
 app//com.zaxxer.hikari.pool.HikariPool.access$100(HikariPool.java:71)
 app//com.zaxxer.hikari.pool.HikariPool$PoolEntryCreator.call(HikariPool.java:726)
 app//com.zaxxer.hikari.pool.HikariPool$PoolEntryCreator.call(HikariPool.java:712)
 java.base@12.0.2/java.util.concurrent.FutureTask.run(FutureTask.java:264)
 java.base@12.0.2/java.util.concurrent.ThreadPoolExecutor.runWorker(ThreadPoolExecutor.java:1128)
 java.base@12.0.2/java.util.concurrent.ThreadPoolExecutor$Worker.run(ThreadPoolExecutor.java:628)
 java.base@12.0.2/java.lang.Thread.run(Thread.java:835)
Apr 04, 2023 9:53:42 PM org.apache.catalina.loader.WebappClassLoaderBase checkStateForResourceLoading
INFO: Illegal access: this web application instance has been stopped already. Could not load [db/migration/V1__create_init_tables.sql]. The following stack trace is thrown for debugging purposes as well as to attempt to terminate the thread which caused the illegal access.
java.lang.IllegalStateException: Illegal access: this web application instance has been stopped already. Could not load [db/migration/V1__create_init_tables.sql]. The following stack trace is thrown for debugging purposes as well as to attempt to terminate the thread which caused the illegal access.
	at org.apache.catalina.loader.WebappClassLoaderBase.checkStateForResourceLoading(WebappClassLoaderBase.java:1432)
	at org.apache.catalina.loader.WebappClassLoaderBase.getResource(WebappClassLoaderBase.java:1057)
	at org.flywaydb.core.internal.resource.classpath.ClassPathResource.getUrl(ClassPathResource.java:85)
	at org.flywaydb.core.internal.resource.classpath.ClassPathResource.getAbsolutePathOnDisk(ClassPathResource.java:74)
	at org.flywaydb.core.internal.sqlscript.FlywaySqlScriptException.getMessage(FlywaySqlScriptException.java:81)
	at java.base/java.lang.Throwable.getLocalizedMessage(Throwable.java:396)
	at java.base/java.lang.Throwable.toString(Throwable.java:495)
	at java.base/java.lang.String.valueOf(String.java:3042)
	at java.base/java.lang.StringBuilder.append(StringBuilder.java:168)
	at java.base/java.lang.Throwable.printEnclosedStackTrace(Throwable.java:709)
	at java.base/java.lang.Throwable.printEnclosedStackTrace(Throwable.java:723)
	at java.base/java.lang.Throwable.printEnclosedStackTrace(Throwable.java:723)
	at java.base/java.lang.Throwable.printEnclosedStackTrace(Throwable.java:723)
	at java.base/java.lang.Throwable.printEnclosedStackTrace(Throwable.java:723)
	at java.base/java.lang.Throwable.printEnclosedStackTrace(Throwable.java:723)
	at java.base/java.lang.Throwable.printEnclosedStackTrace(Throwable.java:723)
	at java.base/java.lang.Throwable.printEnclosedStackTrace(Throwable.java:723)
	at java.base/java.lang.Throwable.printEnclosedStackTrace(Throwable.java:723)
	at java.base/java.lang.Throwable.printStackTrace(Throwable.java:681)
	at java.base/java.lang.Throwable.printStackTrace(Throwable.java:735)
	at org.apache.logging.log4j.core.pattern.ThrowablePatternConverter.formatOption(ThrowablePatternConverter.java:211)
	at org.apache.logging.log4j.core.pattern.ThrowablePatternConverter.format(ThrowablePatternConverter.java:137)
	at org.apache.logging.log4j.core.layout.PatternLayout$NoFormatPatternSerializer.toSerializable(PatternLayout.java:342)
	at org.apache.logging.log4j.core.layout.PatternLayout.toText(PatternLayout.java:240)
	at org.apache.logging.log4j.core.layout.PatternLayout.encode(PatternLayout.java:225)
	at org.apache.logging.log4j.core.layout.PatternLayout.encode(PatternLayout.java:59)
	at org.apache.logging.log4j.core.appender.AbstractOutputStreamAppender.directEncodeEvent(AbstractOutputStreamAppender.java:215)
	at org.apache.logging.log4j.core.appender.AbstractOutputStreamAppender.tryAppend(AbstractOutputStreamAppender.java:208)
	at org.apache.logging.log4j.core.appender.AbstractOutputStreamAppender.append(AbstractOutputStreamAppender.java:199)
	at org.apache.logging.log4j.core.config.AppenderControl.tryCallAppender(AppenderControl.java:161)
	at org.apache.logging.log4j.core.config.AppenderControl.callAppender0(AppenderControl.java:134)
	at org.apache.logging.log4j.core.config.AppenderControl.callAppenderPreventRecursion(AppenderControl.java:125)
	at org.apache.logging.log4j.core.config.AppenderControl.callAppender(AppenderControl.java:89)
	at org.apache.logging.log4j.core.config.LoggerConfig.callAppenders(LoggerConfig.java:675)
	at org.apache.logging.log4j.core.config.LoggerConfig.processLogEvent(LoggerConfig.java:633)
	at org.apache.logging.log4j.core.config.LoggerConfig.log(LoggerConfig.java:616)
	at org.apache.logging.log4j.core.config.LoggerConfig.log(LoggerConfig.java:552)
	at org.apache.logging.log4j.core.config.AwaitCompletionReliabilityStrategy.log(AwaitCompletionReliabilityStrategy.java:82)
	at org.apache.logging.log4j.core.Logger.log(Logger.java:161)
	at org.apache.logging.log4j.spi.AbstractLogger.tryLogMessage(AbstractLogger.java:2205)
	at org.apache.logging.log4j.spi.AbstractLogger.logMessageTrackRecursion(AbstractLogger.java:2159)
	at org.apache.logging.log4j.spi.AbstractLogger.logMessageSafely(AbstractLogger.java:2142)
	at org.apache.logging.log4j.spi.AbstractLogger.logMessage(AbstractLogger.java:2017)
	at org.apache.logging.log4j.spi.AbstractLogger.logIfEnabled(AbstractLogger.java:1983)
	at org.apache.commons.logging.LogAdapter$Log4jLog.log(LogAdapter.java:263)
	at org.apache.commons.logging.LogAdapter$Log4jLog.error(LogAdapter.java:215)
	at org.springframework.boot.SpringApplication.reportFailure(SpringApplication.java:824)
	at org.springframework.boot.SpringApplication.handleRunFailure(SpringApplication.java:788)
	at org.springframework.boot.SpringApplication.run(SpringApplication.java:318)
	at org.springframework.boot.test.context.SpringBootContextLoader.loadContext(SpringBootContextLoader.java:132)
	at org.springframework.test.context.cache.DefaultCacheAwareContextLoaderDelegate.loadContextInternal(DefaultCacheAwareContextLoaderDelegate.java:99)
	at org.springframework.test.context.cache.DefaultCacheAwareContextLoaderDelegate.loadContext(DefaultCacheAwareContextLoaderDelegate.java:124)
	at org.springframework.test.context.support.DefaultTestContext.getApplicationContext(DefaultTestContext.java:124)
	at org.springframework.test.context.support.DependencyInjectionTestExecutionListener.injectDependencies(DependencyInjectionTestExecutionListener.java:118)
	at org.springframework.test.context.support.DependencyInjectionTestExecutionListener.prepareTestInstance(DependencyInjectionTestExecutionListener.java:83)
	at org.springframework.boot.test.autoconfigure.SpringBootDependencyInjectionTestExecutionListener.prepareTestInstance(SpringBootDependencyInjectionTestExecutionListener.java:43)
	at org.springframework.test.context.TestContextManager.prepareTestInstance(TestContextManager.java:248)
	at org.springframework.test.context.junit4.SpringJUnit4ClassRunner.createTest(SpringJUnit4ClassRunner.java:227)
	at org.springframework.test.context.junit4.SpringJUnit4ClassRunner$1.runReflectiveCall(SpringJUnit4ClassRunner.java:289)
	at org.junit.internal.runners.model.ReflectiveCallable.run(ReflectiveCallable.java:12)
	at org.springframework.test.context.junit4.SpringJUnit4ClassRunner.methodBlock(SpringJUnit4ClassRunner.java:291)
	at org.springframework.test.context.junit4.SpringJUnit4ClassRunner.runChild(SpringJUnit4ClassRunner.java:246)
	at org.springframework.test.context.junit4.SpringJUnit4ClassRunner.runChild(SpringJUnit4ClassRunner.java:97)
	at org.junit.runners.ParentRunner$3.run(ParentRunner.java:290)
	at org.junit.runners.ParentRunner$1.schedule(ParentRunner.java:71)
	at org.junit.runners.ParentRunner.runChildren(ParentRunner.java:288)
	at org.junit.runners.ParentRunner.access$000(ParentRunner.java:58)
	at org.junit.runners.ParentRunner$2.evaluate(ParentRunner.java:268)
	at org.springframework.test.context.junit4.statements.RunBeforeTestClassCallbacks.evaluate(RunBeforeTestClassCallbacks.java:61)
	at org.springframework.test.context.junit4.statements.RunAfterTestClassCallbacks.evaluate(RunAfterTestClassCallbacks.java:70)
	at org.junit.runners.ParentRunner.run(ParentRunner.java:363)
	at org.springframework.test.context.junit4.SpringJUnit4ClassRunner.run(SpringJUnit4ClassRunner.java:190)
	at org.junit.runners.Suite.runChild(Suite.java:128)
	at org.junit.runners.Suite.runChild(Suite.java:27)
	at org.junit.runners.ParentRunner$3.run(ParentRunner.java:290)
	at org.junit.runners.ParentRunner$1.schedule(ParentRunner.java:71)
	at org.junit.runners.ParentRunner.runChildren(ParentRunner.java:288)
	at org.junit.runners.ParentRunner.access$000(ParentRunner.java:58)
	at org.junit.runners.ParentRunner$2.evaluate(ParentRunner.java:268)
	at org.junit.runners.ParentRunner.run(ParentRunner.java:363)
	at org.junit.runner.JUnitCore.run(JUnitCore.java:137)
	at org.junit.runner.JUnitCore.run(JUnitCore.java:115)
	at org.apache.maven.surefire.junitcore.JUnitCoreWrapper.createRequestAndRun(JUnitCoreWrapper.java:108)
	at org.apache.maven.surefire.junitcore.JUnitCoreWrapper.executeEager(JUnitCoreWrapper.java:78)
	at org.apache.maven.surefire.junitcore.JUnitCoreWrapper.execute(JUnitCoreWrapper.java:54)
	at org.apache.maven.surefire.junitcore.JUnitCoreProvider.invoke(JUnitCoreProvider.java:144)
	at org.apache.maven.surefire.booter.ForkedBooter.invokeProviderInSameClassLoader(ForkedBooter.java:203)
	at org.apache.maven.surefire.booter.ForkedBooter.runSuitesInProcess(ForkedBooter.java:155)
	at org.apache.maven.surefire.booter.ForkedBooter.main(ForkedBooter.java:103)

Apr 04, 2023 9:53:42 PM org.apache.coyote.AbstractProtocol init
INFO: Initializing ProtocolHandler ["http-nio-auto-4"]
Apr 04, 2023 9:53:42 PM org.apache.catalina.core.StandardService startInternal
INFO: Starting service [Tomcat]
Apr 04, 2023 9:53:42 PM org.apache.catalina.core.StandardEngine startInternal
INFO: Starting Servlet engine: [Apache Tomcat/9.0.65]
Apr 04, 2023 9:53:42 PM org.apache.catalina.core.ApplicationContext log
INFO: Initializing Spring embedded WebApplicationContext
Apr 04, 2023 9:53:43 PM org.apache.catalina.core.StandardService stopInternal
INFO: Stopping service [Tomcat]
Apr 04, 2023 9:53:43 PM org.apache.catalina.loader.WebappClassLoaderBase clearReferencesThreads
WARNING: The web application [ROOT] appears to have started a thread named [HikariPool-4 housekeeper] but has failed to stop it. This is very likely to create a memory leak. Stack trace of thread:
 java.base@12.0.2/jdk.internal.misc.Unsafe.park(Native Method)
 java.base@12.0.2/java.util.concurrent.locks.LockSupport.parkNanos(LockSupport.java:235)
 java.base@12.0.2/java.util.concurrent.locks.AbstractQueuedSynchronizer$ConditionObject.awaitNanos(AbstractQueuedSynchronizer.java:2123)
 java.base@12.0.2/java.util.concurrent.ScheduledThreadPoolExecutor$DelayedWorkQueue.take(ScheduledThreadPoolExecutor.java:1182)
 java.base@12.0.2/java.util.concurrent.ScheduledThreadPoolExecutor$DelayedWorkQueue.take(ScheduledThreadPoolExecutor.java:899)
 java.base@12.0.2/java.util.concurrent.ThreadPoolExecutor.getTask(ThreadPoolExecutor.java:1054)
 java.base@12.0.2/java.util.concurrent.ThreadPoolExecutor.runWorker(ThreadPoolExecutor.java:1114)
 java.base@12.0.2/java.util.concurrent.ThreadPoolExecutor$Worker.run(ThreadPoolExecutor.java:628)
 java.base@12.0.2/java.lang.Thread.run(Thread.java:835)
Apr 04, 2023 9:53:43 PM org.apache.catalina.loader.WebappClassLoaderBase clearReferencesThreads
WARNING: The web application [ROOT] appears to have started a thread named [HikariPool-4 connection adder] but has failed to stop it. This is very likely to create a memory leak. Stack trace of thread:
 java.base@12.0.2/java.net.SocketInputStream.socketRead0(Native Method)
 java.base@12.0.2/java.net.SocketInputStream.socketRead(SocketInputStream.java:115)
 java.base@12.0.2/java.net.SocketInputStream.read(SocketInputStream.java:168)
 java.base@12.0.2/java.net.SocketInputStream.read(SocketInputStream.java:140)
 app//org.postgresql.core.VisibleBufferedInputStream.readMore(VisibleBufferedInputStream.java:161)
 app//org.postgresql.core.VisibleBufferedInputStream.ensureBytes(VisibleBufferedInputStream.java:128)
 app//org.postgresql.core.VisibleBufferedInputStream.ensureBytes(VisibleBufferedInputStream.java:113)
 app//org.postgresql.core.VisibleBufferedInputStream.read(VisibleBufferedInputStream.java:73)
 app//org.postgresql.core.PGStream.receiveChar(PGStream.java:370)
 app//org.postgresql.core.v3.ConnectionFactoryImpl.doAuthentication(ConnectionFactoryImpl.java:510)
 app//org.postgresql.core.v3.ConnectionFactoryImpl.tryConnect(ConnectionFactoryImpl.java:146)
 app//org.postgresql.core.v3.ConnectionFactoryImpl.openConnectionImpl(ConnectionFactoryImpl.java:197)
 app//org.postgresql.core.ConnectionFactory.openConnection(ConnectionFactory.java:49)
 app//org.postgresql.jdbc.PgConnection.<init>(PgConnection.java:211)
 app//org.postgresql.Driver.makeConnection(Driver.java:459)
 app//org.postgresql.Driver.connect(Driver.java:261)
 app//com.zaxxer.hikari.util.DriverDataSource.getConnection(DriverDataSource.java:138)
 app//com.zaxxer.hikari.pool.PoolBase.newConnection(PoolBase.java:364)
 app//com.zaxxer.hikari.pool.PoolBase.newPoolEntry(PoolBase.java:206)
 app//com.zaxxer.hikari.pool.HikariPool.createPoolEntry(HikariPool.java:476)
 app//com.zaxxer.hikari.pool.HikariPool.access$100(HikariPool.java:71)
 app//com.zaxxer.hikari.pool.HikariPool$PoolEntryCreator.call(HikariPool.java:726)
 app//com.zaxxer.hikari.pool.HikariPool$PoolEntryCreator.call(HikariPool.java:712)
 java.base@12.0.2/java.util.concurrent.FutureTask.run(FutureTask.java:264)
 java.base@12.0.2/java.util.concurrent.ThreadPoolExecutor.runWorker(ThreadPoolExecutor.java:1128)
 java.base@12.0.2/java.util.concurrent.ThreadPoolExecutor$Worker.run(ThreadPoolExecutor.java:628)
 java.base@12.0.2/java.lang.Thread.run(Thread.java:835)
Apr 04, 2023 9:53:43 PM org.apache.catalina.loader.WebappClassLoaderBase checkStateForResourceLoading
INFO: Illegal access: this web application instance has been stopped already. Could not load [db/migration/V1__create_init_tables.sql]. The following stack trace is thrown for debugging purposes as well as to attempt to terminate the thread which caused the illegal access.
java.lang.IllegalStateException: Illegal access: this web application instance has been stopped already. Could not load [db/migration/V1__create_init_tables.sql]. The following stack trace is thrown for debugging purposes as well as to attempt to terminate the thread which caused the illegal access.
	at org.apache.catalina.loader.WebappClassLoaderBase.checkStateForResourceLoading(WebappClassLoaderBase.java:1432)
	at org.apache.catalina.loader.WebappClassLoaderBase.getResource(WebappClassLoaderBase.java:1057)
	at org.flywaydb.core.internal.resource.classpath.ClassPathResource.getUrl(ClassPathResource.java:85)
	at org.flywaydb.core.internal.resource.classpath.ClassPathResource.getAbsolutePathOnDisk(ClassPathResource.java:74)
	at org.flywaydb.core.internal.sqlscript.FlywaySqlScriptException.getMessage(FlywaySqlScriptException.java:81)
	at java.base/java.lang.Throwable.getLocalizedMessage(Throwable.java:396)
	at java.base/java.lang.Throwable.toString(Throwable.java:495)
	at java.base/java.lang.String.valueOf(String.java:3042)
	at java.base/java.lang.StringBuilder.append(StringBuilder.java:168)
	at java.base/java.lang.Throwable.printEnclosedStackTrace(Throwable.java:709)
	at java.base/java.lang.Throwable.printEnclosedStackTrace(Throwable.java:723)
	at java.base/java.lang.Throwable.printEnclosedStackTrace(Throwable.java:723)
	at java.base/java.lang.Throwable.printEnclosedStackTrace(Throwable.java:723)
	at java.base/java.lang.Throwable.printEnclosedStackTrace(Throwable.java:723)
	at java.base/java.lang.Throwable.printEnclosedStackTrace(Throwable.java:723)
	at java.base/java.lang.Throwable.printEnclosedStackTrace(Throwable.java:723)
	at java.base/java.lang.Throwable.printEnclosedStackTrace(Throwable.java:723)
	at java.base/java.lang.Throwable.printEnclosedStackTrace(Throwable.java:723)
	at java.base/java.lang.Throwable.printStackTrace(Throwable.java:681)
	at java.base/java.lang.Throwable.printStackTrace(Throwable.java:735)
	at org.apache.logging.log4j.core.pattern.ThrowablePatternConverter.formatOption(ThrowablePatternConverter.java:211)
	at org.apache.logging.log4j.core.pattern.ThrowablePatternConverter.format(ThrowablePatternConverter.java:137)
	at org.apache.logging.log4j.core.layout.PatternLayout$NoFormatPatternSerializer.toSerializable(PatternLayout.java:342)
	at org.apache.logging.log4j.core.layout.PatternLayout.toText(PatternLayout.java:240)
	at org.apache.logging.log4j.core.layout.PatternLayout.encode(PatternLayout.java:225)
	at org.apache.logging.log4j.core.layout.PatternLayout.encode(PatternLayout.java:59)
	at org.apache.logging.log4j.core.appender.AbstractOutputStreamAppender.directEncodeEvent(AbstractOutputStreamAppender.java:215)
	at org.apache.logging.log4j.core.appender.AbstractOutputStreamAppender.tryAppend(AbstractOutputStreamAppender.java:208)
	at org.apache.logging.log4j.core.appender.AbstractOutputStreamAppender.append(AbstractOutputStreamAppender.java:199)
	at org.apache.logging.log4j.core.config.AppenderControl.tryCallAppender(AppenderControl.java:161)
	at org.apache.logging.log4j.core.config.AppenderControl.callAppender0(AppenderControl.java:134)
	at org.apache.logging.log4j.core.config.AppenderControl.callAppenderPreventRecursion(AppenderControl.java:125)
	at org.apache.logging.log4j.core.config.AppenderControl.callAppender(AppenderControl.java:89)
	at org.apache.logging.log4j.core.config.LoggerConfig.callAppenders(LoggerConfig.java:675)
	at org.apache.logging.log4j.core.config.LoggerConfig.processLogEvent(LoggerConfig.java:633)
	at org.apache.logging.log4j.core.config.LoggerConfig.log(LoggerConfig.java:616)
	at org.apache.logging.log4j.core.config.LoggerConfig.log(LoggerConfig.java:552)
	at org.apache.logging.log4j.core.config.AwaitCompletionReliabilityStrategy.log(AwaitCompletionReliabilityStrategy.java:82)
	at org.apache.logging.log4j.core.Logger.log(Logger.java:161)
	at org.apache.logging.log4j.spi.AbstractLogger.tryLogMessage(AbstractLogger.java:2205)
	at org.apache.logging.log4j.spi.AbstractLogger.logMessageTrackRecursion(AbstractLogger.java:2159)
	at org.apache.logging.log4j.spi.AbstractLogger.logMessageSafely(AbstractLogger.java:2142)
	at org.apache.logging.log4j.spi.AbstractLogger.logMessage(AbstractLogger.java:2017)
	at org.apache.logging.log4j.spi.AbstractLogger.logIfEnabled(AbstractLogger.java:1983)
	at org.apache.commons.logging.LogAdapter$Log4jLog.log(LogAdapter.java:263)
	at org.apache.commons.logging.LogAdapter$Log4jLog.error(LogAdapter.java:215)
	at org.springframework.boot.SpringApplication.reportFailure(SpringApplication.java:824)
	at org.springframework.boot.SpringApplication.handleRunFailure(SpringApplication.java:788)
	at org.springframework.boot.SpringApplication.run(SpringApplication.java:318)
	at org.springframework.boot.test.context.SpringBootContextLoader.loadContext(SpringBootContextLoader.java:132)
	at org.springframework.test.context.cache.DefaultCacheAwareContextLoaderDelegate.loadContextInternal(DefaultCacheAwareContextLoaderDelegate.java:99)
	at org.springframework.test.context.cache.DefaultCacheAwareContextLoaderDelegate.loadContext(DefaultCacheAwareContextLoaderDelegate.java:124)
	at org.springframework.test.context.support.DefaultTestContext.getApplicationContext(DefaultTestContext.java:124)
	at org.springframework.boot.test.autoconfigure.SpringBootDependencyInjectionTestExecutionListener.outputConditionEvaluationReport(SpringBootDependencyInjectionTestExecutionListener.java:53)
	at org.springframework.boot.test.autoconfigure.SpringBootDependencyInjectionTestExecutionListener.prepareTestInstance(SpringBootDependencyInjectionTestExecutionListener.java:46)
	at org.springframework.test.context.TestContextManager.prepareTestInstance(TestContextManager.java:248)
	at org.springframework.test.context.junit4.SpringJUnit4ClassRunner.createTest(SpringJUnit4ClassRunner.java:227)
	at org.springframework.test.context.junit4.SpringJUnit4ClassRunner$1.runReflectiveCall(SpringJUnit4ClassRunner.java:289)
	at org.junit.internal.runners.model.ReflectiveCallable.run(ReflectiveCallable.java:12)
	at org.springframework.test.context.junit4.SpringJUnit4ClassRunner.methodBlock(SpringJUnit4ClassRunner.java:291)
	at org.springframework.test.context.junit4.SpringJUnit4ClassRunner.runChild(SpringJUnit4ClassRunner.java:246)
	at org.springframework.test.context.junit4.SpringJUnit4ClassRunner.runChild(SpringJUnit4ClassRunner.java:97)
	at org.junit.runners.ParentRunner$3.run(ParentRunner.java:290)
	at org.junit.runners.ParentRunner$1.schedule(ParentRunner.java:71)
	at org.junit.runners.ParentRunner.runChildren(ParentRunner.java:288)
	at org.junit.runners.ParentRunner.access$000(ParentRunner.java:58)
	at org.junit.runners.ParentRunner$2.evaluate(ParentRunner.java:268)
	at org.springframework.test.context.junit4.statements.RunBeforeTestClassCallbacks.evaluate(RunBeforeTestClassCallbacks.java:61)
	at org.springframework.test.context.junit4.statements.RunAfterTestClassCallbacks.evaluate(RunAfterTestClassCallbacks.java:70)
	at org.junit.runners.ParentRunner.run(ParentRunner.java:363)
	at org.springframework.test.context.junit4.SpringJUnit4ClassRunner.run(SpringJUnit4ClassRunner.java:190)
	at org.junit.runners.Suite.runChild(Suite.java:128)
	at org.junit.runners.Suite.runChild(Suite.java:27)
	at org.junit.runners.ParentRunner$3.run(ParentRunner.java:290)
	at org.junit.runners.ParentRunner$1.schedule(ParentRunner.java:71)
	at org.junit.runners.ParentRunner.runChildren(ParentRunner.java:288)
	at org.junit.runners.ParentRunner.access$000(ParentRunner.java:58)
	at org.junit.runners.ParentRunner$2.evaluate(ParentRunner.java:268)
	at org.junit.runners.ParentRunner.run(ParentRunner.java:363)
	at org.junit.runner.JUnitCore.run(JUnitCore.java:137)
	at org.junit.runner.JUnitCore.run(JUnitCore.java:115)
	at org.apache.maven.surefire.junitcore.JUnitCoreWrapper.createRequestAndRun(JUnitCoreWrapper.java:108)
	at org.apache.maven.surefire.junitcore.JUnitCoreWrapper.executeEager(JUnitCoreWrapper.java:78)
	at org.apache.maven.surefire.junitcore.JUnitCoreWrapper.execute(JUnitCoreWrapper.java:54)
	at org.apache.maven.surefire.junitcore.JUnitCoreProvider.invoke(JUnitCoreProvider.java:144)
	at org.apache.maven.surefire.booter.ForkedBooter.invokeProviderInSameClassLoader(ForkedBooter.java:203)
	at org.apache.maven.surefire.booter.ForkedBooter.runSuitesInProcess(ForkedBooter.java:155)
	at org.apache.maven.surefire.booter.ForkedBooter.main(ForkedBooter.java:103)

Apr 04, 2023 9:53:43 PM org.apache.catalina.loader.WebappClassLoaderBase checkStateForResourceLoading
INFO: Illegal access: this web application instance has been stopped already. Could not load [db/migration/V1__create_init_tables.sql]. The following stack trace is thrown for debugging purposes as well as to attempt to terminate the thread which caused the illegal access.
java.lang.IllegalStateException: Illegal access: this web application instance has been stopped already. Could not load [db/migration/V1__create_init_tables.sql]. The following stack trace is thrown for debugging purposes as well as to attempt to terminate the thread which caused the illegal access.
	at org.apache.catalina.loader.WebappClassLoaderBase.checkStateForResourceLoading(WebappClassLoaderBase.java:1432)
	at org.apache.catalina.loader.WebappClassLoaderBase.getResource(WebappClassLoaderBase.java:1057)
	at org.flywaydb.core.internal.resource.classpath.ClassPathResource.getUrl(ClassPathResource.java:85)
	at org.flywaydb.core.internal.resource.classpath.ClassPathResource.getAbsolutePathOnDisk(ClassPathResource.java:74)
	at org.flywaydb.core.internal.sqlscript.FlywaySqlScriptException.getMessage(FlywaySqlScriptException.java:81)
	at java.base/java.lang.Throwable.getLocalizedMessage(Throwable.java:396)
	at java.base/java.lang.Throwable.toString(Throwable.java:495)
	at java.base/java.lang.String.valueOf(String.java:3042)
	at java.base/java.lang.StringBuilder.append(StringBuilder.java:168)
	at java.base/java.lang.Throwable.printEnclosedStackTrace(Throwable.java:709)
	at java.base/java.lang.Throwable.printEnclosedStackTrace(Throwable.java:723)
	at java.base/java.lang.Throwable.printEnclosedStackTrace(Throwable.java:723)
	at java.base/java.lang.Throwable.printEnclosedStackTrace(Throwable.java:723)
	at java.base/java.lang.Throwable.printEnclosedStackTrace(Throwable.java:723)
	at java.base/java.lang.Throwable.printEnclosedStackTrace(Throwable.java:723)
	at java.base/java.lang.Throwable.printEnclosedStackTrace(Throwable.java:723)
	at java.base/java.lang.Throwable.printEnclosedStackTrace(Throwable.java:723)
	at java.base/java.lang.Throwable.printEnclosedStackTrace(Throwable.java:723)
	at java.base/java.lang.Throwable.printEnclosedStackTrace(Throwable.java:723)
	at java.base/java.lang.Throwable.printStackTrace(Throwable.java:681)
	at java.base/java.lang.Throwable.printStackTrace(Throwable.java:735)
	at org.apache.logging.log4j.core.pattern.ThrowablePatternConverter.formatOption(ThrowablePatternConverter.java:211)
	at org.apache.logging.log4j.core.pattern.ThrowablePatternConverter.format(ThrowablePatternConverter.java:137)
	at org.apache.logging.log4j.core.layout.PatternLayout$NoFormatPatternSerializer.toSerializable(PatternLayout.java:342)
	at org.apache.logging.log4j.core.layout.PatternLayout.toText(PatternLayout.java:240)
	at org.apache.logging.log4j.core.layout.PatternLayout.encode(PatternLayout.java:225)
	at org.apache.logging.log4j.core.layout.PatternLayout.encode(PatternLayout.java:59)
	at org.apache.logging.log4j.core.appender.AbstractOutputStreamAppender.directEncodeEvent(AbstractOutputStreamAppender.java:215)
	at org.apache.logging.log4j.core.appender.AbstractOutputStreamAppender.tryAppend(AbstractOutputStreamAppender.java:208)
	at org.apache.logging.log4j.core.appender.AbstractOutputStreamAppender.append(AbstractOutputStreamAppender.java:199)
	at org.apache.logging.log4j.core.config.AppenderControl.tryCallAppender(AppenderControl.java:161)
	at org.apache.logging.log4j.core.config.AppenderControl.callAppender0(AppenderControl.java:134)
	at org.apache.logging.log4j.core.config.AppenderControl.callAppenderPreventRecursion(AppenderControl.java:125)
	at org.apache.logging.log4j.core.config.AppenderControl.callAppender(AppenderControl.java:89)
	at org.apache.logging.log4j.core.config.LoggerConfig.callAppenders(LoggerConfig.java:675)
	at org.apache.logging.log4j.core.config.LoggerConfig.processLogEvent(LoggerConfig.java:633)
	at org.apache.logging.log4j.core.config.LoggerConfig.log(LoggerConfig.java:616)
	at org.apache.logging.log4j.core.config.LoggerConfig.log(LoggerConfig.java:552)
	at org.apache.logging.log4j.core.config.AwaitCompletionReliabilityStrategy.log(AwaitCompletionReliabilityStrategy.java:82)
	at org.apache.logging.log4j.core.Logger.log(Logger.java:161)
	at org.apache.logging.log4j.spi.AbstractLogger.tryLogMessage(AbstractLogger.java:2205)
	at org.apache.logging.log4j.spi.AbstractLogger.logMessageTrackRecursion(AbstractLogger.java:2159)
	at org.apache.logging.log4j.spi.AbstractLogger.logMessageSafely(AbstractLogger.java:2142)
	at org.apache.logging.log4j.spi.AbstractLogger.logMessage(AbstractLogger.java:2017)
	at org.apache.logging.log4j.spi.AbstractLogger.logIfEnabled(AbstractLogger.java:1983)
	at org.apache.commons.logging.LogAdapter$Log4jLog.log(LogAdapter.java:263)
	at org.apache.commons.logging.LogAdapter$Log4jLog.error(LogAdapter.java:215)
	at org.springframework.test.context.TestContextManager.prepareTestInstance(TestContextManager.java:252)
	at org.springframework.test.context.junit4.SpringJUnit4ClassRunner.createTest(SpringJUnit4ClassRunner.java:227)
	at org.springframework.test.context.junit4.SpringJUnit4ClassRunner$1.runReflectiveCall(SpringJUnit4ClassRunner.java:289)
	at org.junit.internal.runners.model.ReflectiveCallable.run(ReflectiveCallable.java:12)
	at org.springframework.test.context.junit4.SpringJUnit4ClassRunner.methodBlock(SpringJUnit4ClassRunner.java:291)
	at org.springframework.test.context.junit4.SpringJUnit4ClassRunner.runChild(SpringJUnit4ClassRunner.java:246)
	at org.springframework.test.context.junit4.SpringJUnit4ClassRunner.runChild(SpringJUnit4ClassRunner.java:97)
	at org.junit.runners.ParentRunner$3.run(ParentRunner.java:290)
	at org.junit.runners.ParentRunner$1.schedule(ParentRunner.java:71)
	at org.junit.runners.ParentRunner.runChildren(ParentRunner.java:288)
	at org.junit.runners.ParentRunner.access$000(ParentRunner.java:58)
	at org.junit.runners.ParentRunner$2.evaluate(ParentRunner.java:268)
	at org.springframework.test.context.junit4.statements.RunBeforeTestClassCallbacks.evaluate(RunBeforeTestClassCallbacks.java:61)
	at org.springframework.test.context.junit4.statements.RunAfterTestClassCallbacks.evaluate(RunAfterTestClassCallbacks.java:70)
	at org.junit.runners.ParentRunner.run(ParentRunner.java:363)
	at org.springframework.test.context.junit4.SpringJUnit4ClassRunner.run(SpringJUnit4ClassRunner.java:190)
	at org.junit.runners.Suite.runChild(Suite.java:128)
	at org.junit.runners.Suite.runChild(Suite.java:27)
	at org.junit.runners.ParentRunner$3.run(ParentRunner.java:290)
	at org.junit.runners.ParentRunner$1.schedule(ParentRunner.java:71)
	at org.junit.runners.ParentRunner.runChildren(ParentRunner.java:288)
	at org.junit.runners.ParentRunner.access$000(ParentRunner.java:58)
	at org.junit.runners.ParentRunner$2.evaluate(ParentRunner.java:268)
	at org.junit.runners.ParentRunner.run(ParentRunner.java:363)
	at org.junit.runner.JUnitCore.run(JUnitCore.java:137)
	at org.junit.runner.JUnitCore.run(JUnitCore.java:115)
	at org.apache.maven.surefire.junitcore.JUnitCoreWrapper.createRequestAndRun(JUnitCoreWrapper.java:108)
	at org.apache.maven.surefire.junitcore.JUnitCoreWrapper.executeEager(JUnitCoreWrapper.java:78)
	at org.apache.maven.surefire.junitcore.JUnitCoreWrapper.execute(JUnitCoreWrapper.java:54)
	at org.apache.maven.surefire.junitcore.JUnitCoreProvider.invoke(JUnitCoreProvider.java:144)
	at org.apache.maven.surefire.booter.ForkedBooter.invokeProviderInSameClassLoader(ForkedBooter.java:203)
	at org.apache.maven.surefire.booter.ForkedBooter.runSuitesInProcess(ForkedBooter.java:155)
	at org.apache.maven.surefire.booter.ForkedBooter.main(ForkedBooter.java:103)

Apr 04, 2023 9:53:43 PM org.apache.catalina.loader.WebappClassLoaderBase checkStateForResourceLoading
INFO: Illegal access: this web application instance has been stopped already. Could not load [db/migration/V1__create_init_tables.sql]. The following stack trace is thrown for debugging purposes as well as to attempt to terminate the thread which caused the illegal access.
java.lang.IllegalStateException: Illegal access: this web application instance has been stopped already. Could not load [db/migration/V1__create_init_tables.sql]. The following stack trace is thrown for debugging purposes as well as to attempt to terminate the thread which caused the illegal access.
	at org.apache.catalina.loader.WebappClassLoaderBase.checkStateForResourceLoading(WebappClassLoaderBase.java:1432)
	at org.apache.catalina.loader.WebappClassLoaderBase.getResource(WebappClassLoaderBase.java:1057)
	at org.flywaydb.core.internal.resource.classpath.ClassPathResource.getUrl(ClassPathResource.java:85)
	at org.flywaydb.core.internal.resource.classpath.ClassPathResource.getAbsolutePathOnDisk(ClassPathResource.java:74)
	at org.flywaydb.core.internal.sqlscript.FlywaySqlScriptException.getMessage(FlywaySqlScriptException.java:81)
	at org.apache.maven.surefire.report.SmartStackTraceParser.toString(SmartStackTraceParser.java:311)
	at org.apache.maven.surefire.report.SmartStackTraceParser.causeToString(SmartStackTraceParser.java:300)
	at org.apache.maven.surefire.report.SmartStackTraceParser.innerMostWithFocusOnClass(SmartStackTraceParser.java:248)
	at org.apache.maven.surefire.common.junit4.JUnit4StackTraceWriter.writeTrimmedTraceToString(JUnit4StackTraceWriter.java:97)
	at org.apache.maven.surefire.booter.ForkingRunListener.encode(ForkingRunListener.java:330)
	at org.apache.maven.surefire.booter.ForkingRunListener.encode(ForkingRunListener.java:312)
	at org.apache.maven.surefire.booter.ForkingRunListener.toString(ForkingRunListener.java:258)
	at org.apache.maven.surefire.booter.ForkingRunListener.testError(ForkingRunListener.java:132)
	at org.apache.maven.surefire.common.junit4.JUnit4RunListener.testFailure(JUnit4RunListener.java:118)
	at org.apache.maven.surefire.junitcore.NonConcurrentRunListener.testFailure(NonConcurrentRunListener.java:132)
	at org.junit.runner.notification.SynchronizedRunListener.testFailure(SynchronizedRunListener.java:63)
	at org.junit.runner.notification.RunNotifier$4.notifyListener(RunNotifier.java:142)
	at org.junit.runner.notification.RunNotifier$SafeNotifier.run(RunNotifier.java:72)
	at org.junit.runner.notification.RunNotifier.fireTestFailures(RunNotifier.java:138)
	at org.junit.runner.notification.RunNotifier.fireTestFailure(RunNotifier.java:132)
	at org.junit.internal.runners.model.EachTestNotifier.addFailure(EachTestNotifier.java:23)
	at org.junit.runners.ParentRunner.runLeaf(ParentRunner.java:329)
	at org.springframework.test.context.junit4.SpringJUnit4ClassRunner.runChild(SpringJUnit4ClassRunner.java:251)
	at org.springframework.test.context.junit4.SpringJUnit4ClassRunner.runChild(SpringJUnit4ClassRunner.java:97)
	at org.junit.runners.ParentRunner$3.run(ParentRunner.java:290)
	at org.junit.runners.ParentRunner$1.schedule(ParentRunner.java:71)
	at org.junit.runners.ParentRunner.runChildren(ParentRunner.java:288)
	at org.junit.runners.ParentRunner.access$000(ParentRunner.java:58)
	at org.junit.runners.ParentRunner$2.evaluate(ParentRunner.java:268)
	at org.springframework.test.context.junit4.statements.RunBeforeTestClassCallbacks.evaluate(RunBeforeTestClassCallbacks.java:61)
	at org.springframework.test.context.junit4.statements.RunAfterTestClassCallbacks.evaluate(RunAfterTestClassCallbacks.java:70)
	at org.junit.runners.ParentRunner.run(ParentRunner.java:363)
	at org.springframework.test.context.junit4.SpringJUnit4ClassRunner.run(SpringJUnit4ClassRunner.java:190)
	at org.junit.runners.Suite.runChild(Suite.java:128)
	at org.junit.runners.Suite.runChild(Suite.java:27)
	at org.junit.runners.ParentRunner$3.run(ParentRunner.java:290)
	at org.junit.runners.ParentRunner$1.schedule(ParentRunner.java:71)
	at org.junit.runners.ParentRunner.runChildren(ParentRunner.java:288)
	at org.junit.runners.ParentRunner.access$000(ParentRunner.java:58)
	at org.junit.runners.ParentRunner$2.evaluate(ParentRunner.java:268)
	at org.junit.runners.ParentRunner.run(ParentRunner.java:363)
	at org.junit.runner.JUnitCore.run(JUnitCore.java:137)
	at org.junit.runner.JUnitCore.run(JUnitCore.java:115)
	at org.apache.maven.surefire.junitcore.JUnitCoreWrapper.createRequestAndRun(JUnitCoreWrapper.java:108)
	at org.apache.maven.surefire.junitcore.JUnitCoreWrapper.executeEager(JUnitCoreWrapper.java:78)
	at org.apache.maven.surefire.junitcore.JUnitCoreWrapper.execute(JUnitCoreWrapper.java:54)
	at org.apache.maven.surefire.junitcore.JUnitCoreProvider.invoke(JUnitCoreProvider.java:144)
	at org.apache.maven.surefire.booter.ForkedBooter.invokeProviderInSameClassLoader(ForkedBooter.java:203)
	at org.apache.maven.surefire.booter.ForkedBooter.runSuitesInProcess(ForkedBooter.java:155)
	at org.apache.maven.surefire.booter.ForkedBooter.main(ForkedBooter.java:103)

]]></system-err>
  </testcase>
  <testcase name="cleanTables" classname="JustWork.server.login.LoginTest" time="0.001">
    <error message="Failed to load ApplicationContext" type="java.lang.IllegalStateException">java.lang.IllegalStateException: Illegal access: this web application instance has been stopped already. Could not load [db/migration/V1__create_init_tables.sql]. The following stack trace is thrown for debugging purposes as well as to attempt to terminate the thread which caused the illegal access.
	at org.apache.catalina.loader.WebappClassLoaderBase.checkStateForResourceLoading(WebappClassLoaderBase.java:1432)
	at org.apache.catalina.loader.WebappClassLoaderBase.getResource(WebappClassLoaderBase.java:1057)
	at org.flywaydb.core.internal.resource.classpath.ClassPathResource.getUrl(ClassPathResource.java:85)
	at org.flywaydb.core.internal.resource.classpath.ClassPathResource.getAbsolutePathOnDisk(ClassPathResource.java:74)
	at org.flywaydb.core.internal.sqlscript.FlywaySqlScriptException.getMessage(FlywaySqlScriptException.java:81)
	at org.apache.maven.surefire.report.SmartStackTraceParser.toString(SmartStackTraceParser.java:311)
	at org.apache.maven.surefire.report.SmartStackTraceParser.causeToString(SmartStackTraceParser.java:300)
	at org.apache.maven.surefire.report.SmartStackTraceParser.innerMostWithFocusOnClass(SmartStackTraceParser.java:248)
	at org.apache.maven.surefire.common.junit4.JUnit4StackTraceWriter.writeTrimmedTraceToString(JUnit4StackTraceWriter.java:97)
	at org.apache.maven.surefire.booter.ForkingRunListener.encode(ForkingRunListener.java:330)
	at org.apache.maven.surefire.booter.ForkingRunListener.encode(ForkingRunListener.java:312)
	at org.apache.maven.surefire.booter.ForkingRunListener.toString(ForkingRunListener.java:258)
	at org.apache.maven.surefire.booter.ForkingRunListener.testError(ForkingRunListener.java:132)
	at org.apache.maven.surefire.common.junit4.JUnit4RunListener.testFailure(JUnit4RunListener.java:118)
	at org.apache.maven.surefire.junitcore.NonConcurrentRunListener.testFailure(NonConcurrentRunListener.java:132)
	at org.junit.runner.notification.SynchronizedRunListener.testFailure(SynchronizedRunListener.java:63)
	at org.junit.runner.notification.RunNotifier$4.notifyListener(RunNotifier.java:142)
	at org.junit.runner.notification.RunNotifier$SafeNotifier.run(RunNotifier.java:72)
	at org.junit.runner.notification.RunNotifier.fireTestFailures(RunNotifier.java:138)
	at org.junit.runner.notification.RunNotifier.fireTestFailure(RunNotifier.java:132)
	at org.junit.internal.runners.model.EachTestNotifier.addFailure(EachTestNotifier.java:23)
	at org.junit.runners.ParentRunner.runLeaf(ParentRunner.java:329)
	at org.springframework.test.context.junit4.SpringJUnit4ClassRunner.runChild(SpringJUnit4ClassRunner.java:251)
	at org.springframework.test.context.junit4.SpringJUnit4ClassRunner.runChild(SpringJUnit4ClassRunner.java:97)
	at org.junit.runners.ParentRunner$3.run(ParentRunner.java:290)
	at org.junit.runners.ParentRunner$1.schedule(ParentRunner.java:71)
	at org.junit.runners.ParentRunner.runChildren(ParentRunner.java:288)
	at org.junit.runners.ParentRunner.access$000(ParentRunner.java:58)
	at org.junit.runners.ParentRunner$2.evaluate(ParentRunner.java:268)
	at org.springframework.test.context.junit4.statements.RunBeforeTestClassCallbacks.evaluate(RunBeforeTestClassCallbacks.java:61)
	at org.springframework.test.context.junit4.statements.RunAfterTestClassCallbacks.evaluate(RunAfterTestClassCallbacks.java:70)
	at org.junit.runners.ParentRunner.run(ParentRunner.java:363)
	at org.springframework.test.context.junit4.SpringJUnit4ClassRunner.run(SpringJUnit4ClassRunner.java:190)
	at org.junit.runners.Suite.runChild(Suite.java:128)
	at org.junit.runners.Suite.runChild(Suite.java:27)
	at org.junit.runners.ParentRunner$3.run(ParentRunner.java:290)
	at org.junit.runners.ParentRunner$1.schedule(ParentRunner.java:71)
	at org.junit.runners.ParentRunner.runChildren(ParentRunner.java:288)
	at org.junit.runners.ParentRunner.access$000(ParentRunner.java:58)
	at org.junit.runners.ParentRunner$2.evaluate(ParentRunner.java:268)
	at org.junit.runners.ParentRunner.run(ParentRunner.java:363)
	at org.junit.runner.JUnitCore.run(JUnitCore.java:137)
	at org.junit.runner.JUnitCore.run(JUnitCore.java:115)
	at org.apache.maven.surefire.junitcore.JUnitCoreWrapper.createRequestAndRun(JUnitCoreWrapper.java:108)
	at org.apache.maven.surefire.junitcore.JUnitCoreWrapper.executeEager(JUnitCoreWrapper.java:78)
	at org.apache.maven.surefire.junitcore.JUnitCoreWrapper.execute(JUnitCoreWrapper.java:54)
	at org.apache.maven.surefire.junitcore.JUnitCoreProvider.invoke(JUnitCoreProvider.java:144)
	at org.apache.maven.surefire.booter.ForkedBooter.invokeProviderInSameClassLoader(ForkedBooter.java:203)
	at org.apache.maven.surefire.booter.ForkedBooter.runSuitesInProcess(ForkedBooter.java:155)
	at org.apache.maven.surefire.booter.ForkedBooter.main(ForkedBooter.java:103)
</error>
    <system-out><![CDATA[&amp#27;[30m2023-04-04T21:53:43,350&amp#27;[m &amp#27;[36mDEBUG &amp#27;[m[&amp#27;[1;34mmain&amp#27;[m] &amp#27;[1;33mo.s.t.a.ProfileValueUtils&amp#27;[m:  Retrieved @ProfileValueSourceConfiguration [null] for test class [JustWork.server.login.LoginTest]
&amp#27;[30m2023-04-04T21:53:43,352&amp#27;[m &amp#27;[36mDEBUG &amp#27;[m[&amp#27;[1;34mmain&amp#27;[m] &amp#27;[1;33mo.s.t.a.ProfileValueUtils&amp#27;[m:  Retrieved ProfileValueSource type [class org.springframework.test.annotation.SystemProfileValueSource] for class [JustWork.server.login.LoginTest]
&amp#27;[30m2023-04-04T21:53:43,355&amp#27;[m &amp#27;[36mDEBUG &amp#27;[m[&amp#27;[1;34mmain&amp#27;[m] &amp#27;[1;33mo.s.t.c.s.DependencyInjectionTestExecutionListener&amp#27;[m:  Performing dependency injection for test context [[DefaultTestContext@52c8295b testClass = LoginTest, testInstance = JustWork.server.login.LoginTest@43778d6d, testMethod = [null], testException = [null], mergedContextConfiguration = [WebMergedContextConfiguration@251f7d26 testClass = LoginTest, locations = '{}', classes = '{class JustWork.server.ServerApplication}', contextInitializerClasses = '[class JustWork.server.PostgreSQLTesting$Initializer]', activeProfiles = '{}', propertySourceLocations = '{}', propertySourceProperties = '{org.springframework.boot.test.context.SpringBootTestContextBootstrapper=true, server.port=0}', contextCustomizers = set[org.springframework.boot.test.context.filter.ExcludeFilterContextCustomizer@3b7ff809, org.springframework.boot.test.json.DuplicateJsonObjectContextCustomizerFactory$DuplicateJsonObjectContextCustomizer@4b20ca2b, org.springframework.boot.test.mock.mockito.MockitoContextCustomizer@0, org.springframework.boot.test.web.client.TestRestTemplateContextCustomizer@6cfcd46d, org.springframework.boot.test.autoconfigure.actuate.metrics.MetricsExportContextCustomizerFactory$DisableMetricExportContextCustomizer@62f4ff3b, org.springframework.boot.test.autoconfigure.properties.PropertyMappingContextCustomizer@0, org.springframework.boot.test.autoconfigure.web.servlet.WebDriverContextCustomizerFactory$Customizer@792bbc74, org.springframework.boot.test.context.SpringBootTestArgs@1, org.springframework.boot.test.context.SpringBootTestWebEnvironment@26bab2f1], resourceBasePath = 'src/main/webapp', contextLoader = 'org.springframework.boot.test.context.SpringBootContextLoader', parent = [null]], attributes = map['org.springframework.test.context.web.ServletTestExecutionListener.activateListener' -> false, 'org.springframework.test.context.event.ApplicationEventsTestExecutionListener.recordApplicationEvents' -> false]]].
2023-04-04 21:53:43,479 main ERROR Unable to locate appender "FILE" for logger config "root"
2023-04-04 21:53:43,481 main ERROR Unable to locate appender "STDOUT" for logger config "root"

  .   ____          _            __ _ _
 /\\ / ___'_ __ _ _(_)_ __  __ _ \ \ \ \
( ( )\___ | '_ | '_| | '_ \/ _` | \ \ \ \
 \\/  ___)| |_)| | | | | || (_| |  ) ) ) )
  '  |____| .__|_| |_|_| |_\__, | / / / /
 =========|_|==============|___/=/_/_/_/
 :: Spring Boot ::                (v2.7.2)

&amp#27;[30m2023-04-04T21:53:43,510&amp#27;[m &amp#27;[32mINFO  &amp#27;[m[&amp#27;[1;34mmain&amp#27;[m] &amp#27;[1;33mo.s.b.StartupInfoLogger&amp#27;[m:  Starting LoginTest using Java 12.0.2 on MacBook-Air-de-Joseph.local with PID 99265 (started by josephlpz in /Users/josephlpz/Documents/JustWork/JustWork-server)
&amp#27;[30m2023-04-04T21:53:43,513&amp#27;[m &amp#27;[36mDEBUG &amp#27;[m[&amp#27;[1;34mmain&amp#27;[m] &amp#27;[1;33mo.s.b.StartupInfoLogger&amp#27;[m:  Running with Spring Boot v2.7.2, Spring v5.3.22
&amp#27;[30m2023-04-04T21:53:43,513&amp#27;[m &amp#27;[32mINFO  &amp#27;[m[&amp#27;[1;34mmain&amp#27;[m] &amp#27;[1;33mo.s.b.SpringApplication&amp#27;[m:  The following 1 profile is active: "@typeProfile@"
&amp#27;[30m2023-04-04T21:53:43,513&amp#27;[m &amp#27;[36mDEBUG &amp#27;[m[&amp#27;[1;34mmain&amp#27;[m] &amp#27;[1;33mo.s.b.SpringApplication&amp#27;[m:  Loading source class JustWork.server.ServerApplication
&amp#27;[30m2023-04-04T21:53:43,524&amp#27;[m &amp#27;[36mDEBUG &amp#27;[m[&amp#27;[1;34mmain&amp#27;[m] &amp#27;[1;33mo.s.c.s.AbstractApplicationContext&amp#27;[m:  Refreshing org.springframework.boot.web.servlet.context.AnnotationConfigServletWebServerApplicationContext@6731b6bd
&amp#27;[30m2023-04-04T21:53:43,530&amp#27;[m &amp#27;[36mDEBUG &amp#27;[m[&amp#27;[1;34mmain&amp#27;[m] &amp#27;[1;33mo.s.b.f.s.DefaultSingletonBeanRegistry&amp#27;[m:  Creating shared instance of singleton bean 'org.springframework.context.annotation.internalConfigurationAnnotationProcessor'
&amp#27;[30m2023-04-04T21:53:43,532&amp#27;[m &amp#27;[36mDEBUG &amp#27;[m[&amp#27;[1;34mmain&amp#27;[m] &amp#27;[1;33mo.s.b.f.s.DefaultSingletonBeanRegistry&amp#27;[m:  Creating shared instance of singleton bean 'org.springframework.boot.autoconfigure.internalCachingMetadataReaderFactory'
&amp#27;[30m2023-04-04T21:53:43,566&amp#27;[m &amp#27;[36mDEBUG &amp#27;[m[&amp#27;[1;34mmain&amp#27;[m] &amp#27;[1;33mo.s.c.a.ClassPathScanningCandidateComponentProvider&amp#27;[m:  Identified candidate component class: file [/Users/josephlpz/Documents/JustWork/JustWork-server/target/classes/JustWork/server/config/JwtAuthenticationEntryPoint.class]
&amp#27;[30m2023-04-04T21:53:43,568&amp#27;[m &amp#27;[36mDEBUG &amp#27;[m[&amp#27;[1;34mmain&amp#27;[m] &amp#27;[1;33mo.s.c.a.ClassPathScanningCandidateComponentProvider&amp#27;[m:  Identified candidate component class: file [/Users/josephlpz/Documents/JustWork/JustWork-server/target/classes/JustWork/server/config/JwtRequestFilter.class]
&amp#27;[30m2023-04-04T21:53:43,568&amp#27;[m &amp#27;[36mDEBUG &amp#27;[m[&amp#27;[1;34mmain&amp#27;[m] &amp#27;[1;33mo.s.c.a.ClassPathScanningCandidateComponentProvider&amp#27;[m:  Identified candidate component class: file [/Users/josephlpz/Documents/JustWork/JustWork-server/target/classes/JustWork/server/config/JwtTokenUtil.class]
&amp#27;[30m2023-04-04T21:53:43,569&amp#27;[m &amp#27;[36mDEBUG &amp#27;[m[&amp#27;[1;34mmain&amp#27;[m] &amp#27;[1;33mo.s.c.a.ClassPathScanningCandidateComponentProvider&amp#27;[m:  Identified candidate component class: file [/Users/josephlpz/Documents/JustWork/JustWork-server/target/classes/JustWork/server/config/JwtUtils.class]
&amp#27;[30m2023-04-04T21:53:43,572&amp#27;[m &amp#27;[36mDEBUG &amp#27;[m[&amp#27;[1;34mmain&amp#27;[m] &amp#27;[1;33mo.s.c.a.ClassPathScanningCandidateComponentProvider&amp#27;[m:  Identified candidate component class: file [/Users/josephlpz/Documents/JustWork/JustWork-server/target/classes/JustWork/server/config/WebSecurityConfig.class]
&amp#27;[30m2023-04-04T21:53:43,573&amp#27;[m &amp#27;[36mDEBUG &amp#27;[m[&amp#27;[1;34mmain&amp#27;[m] &amp#27;[1;33mo.s.c.a.ClassPathScanningCandidateComponentProvider&amp#27;[m:  Identified candidate component class: file [/Users/josephlpz/Documents/JustWork/JustWork-server/target/classes/JustWork/server/controllers/PosicionController.class]
&amp#27;[30m2023-04-04T21:53:43,573&amp#27;[m &amp#27;[36mDEBUG &amp#27;[m[&amp#27;[1;34mmain&amp#27;[m] &amp#27;[1;33mo.s.c.a.ClassPathScanningCandidateComponentProvider&amp#27;[m:  Identified candidate component class: file [/Users/josephlpz/Documents/JustWork/JustWork-server/target/classes/JustWork/server/controllers/UsuarioController.class]
&amp#27;[30m2023-04-04T21:53:43,573&amp#27;[m &amp#27;[36mDEBUG &amp#27;[m[&amp#27;[1;34mmain&amp#27;[m] &amp#27;[1;33mo.s.c.a.ClassPathScanningCandidateComponentProvider&amp#27;[m:  Ignored because not a concrete top-level class: file [/Users/josephlpz/Documents/JustWork/JustWork-server/target/classes/JustWork/server/interfaces/UserDetailsService.class]
&amp#27;[30m2023-04-04T21:53:43,576&amp#27;[m &amp#27;[36mDEBUG &amp#27;[m[&amp#27;[1;34mmain&amp#27;[m] &amp#27;[1;33mo.s.c.a.ClassPathScanningCandidateComponentProvider&amp#27;[m:  Ignored because not a concrete top-level class: file [/Users/josephlpz/Documents/JustWork/JustWork-server/target/classes/JustWork/server/repository/RolRepository.class]
&amp#27;[30m2023-04-04T21:53:43,576&amp#27;[m &amp#27;[36mDEBUG &amp#27;[m[&amp#27;[1;34mmain&amp#27;[m] &amp#27;[1;33mo.s.c.a.ClassPathScanningCandidateComponentProvider&amp#27;[m:  Ignored because not a concrete top-level class: file [/Users/josephlpz/Documents/JustWork/JustWork-server/target/classes/JustWork/server/repository/TokenRepository.class]
&amp#27;[30m2023-04-04T21:53:43,576&amp#27;[m &amp#27;[36mDEBUG &amp#27;[m[&amp#27;[1;34mmain&amp#27;[m] &amp#27;[1;33mo.s.c.a.ClassPathScanningCandidateComponentProvider&amp#27;[m:  Ignored because not a concrete top-level class: file [/Users/josephlpz/Documents/JustWork/JustWork-server/target/classes/JustWork/server/repository/UsuarioRepository.class]
&amp#27;[30m2023-04-04T21:53:43,577&amp#27;[m &amp#27;[36mDEBUG &amp#27;[m[&amp#27;[1;34mmain&amp#27;[m] &amp#27;[1;33mo.s.c.a.ClassPathScanningCandidateComponentProvider&amp#27;[m:  Identified candidate component class: file [/Users/josephlpz/Documents/JustWork/JustWork-server/target/classes/JustWork/server/service/LoginService.class]
&amp#27;[30m2023-04-04T21:53:43,577&amp#27;[m &amp#27;[36mDEBUG &amp#27;[m[&amp#27;[1;34mmain&amp#27;[m] &amp#27;[1;33mo.s.c.a.ClassPathScanningCandidateComponentProvider&amp#27;[m:  Identified candidate component class: file [/Users/josephlpz/Documents/JustWork/JustWork-server/target/classes/JustWork/server/service/TokenService.class]
&amp#27;[30m2023-04-04T21:53:43,577&amp#27;[m &amp#27;[36mDEBUG &amp#27;[m[&amp#27;[1;34mmain&amp#27;[m] &amp#27;[1;33mo.s.c.a.ClassPathScanningCandidateComponentProvider&amp#27;[m:  Identified candidate component class: file [/Users/josephlpz/Documents/JustWork/JustWork-server/target/classes/JustWork/server/service/UsuarioService.class]
&amp#27;[30m2023-04-04T21:53:43,765&amp#27;[m &amp#27;[32mINFO  &amp#27;[m[&amp#27;[1;34mmain&amp#27;[m] &amp#27;[1;33mo.s.d.r.c.RepositoryConfigurationDelegate&amp#27;[m:  Bootstrapping Spring Data JPA repositories in DEFAULT mode.
&amp#27;[30m2023-04-04T21:53:43,766&amp#27;[m &amp#27;[36mDEBUG &amp#27;[m[&amp#27;[1;34mmain&amp#27;[m] &amp#27;[1;33mo.s.b.f.s.DefaultSingletonBeanRegistry&amp#27;[m:  Creating shared instance of singleton bean 'org.springframework.boot.autoconfigure.AutoConfigurationPackages'
&amp#27;[30m2023-04-04T21:53:43,766&amp#27;[m &amp#27;[36mDEBUG &amp#27;[m[&amp#27;[1;34mmain&amp#27;[m] &amp#27;[1;33mo.s.b.a.AutoConfigurationPackages$BasePackages&amp#27;[m:  @EnableAutoConfiguration was declared on a class in the package 'JustWork.server'. Automatic @Repository and @Entity scanning is enabled.
&amp#27;[30m2023-04-04T21:53:43,766&amp#27;[m &amp#27;[36mDEBUG &amp#27;[m[&amp#27;[1;34mmain&amp#27;[m] &amp#27;[1;33mo.s.d.r.c.RepositoryConfigurationDelegate&amp#27;[m:  Scanning for JPA repositories in packages JustWork.server.
&amp#27;[30m2023-04-04T21:53:43,777&amp#27;[m &amp#27;[36mDEBUG &amp#27;[m[&amp#27;[1;34mmain&amp#27;[m] &amp#27;[1;33mo.s.c.a.ClassPathScanningCandidateComponentProvider&amp#27;[m:  Identified candidate component class: file [/Users/josephlpz/Documents/JustWork/JustWork-server/target/classes/JustWork/server/repository/RolRepository.class]
&amp#27;[30m2023-04-04T21:53:43,777&amp#27;[m &amp#27;[36mDEBUG &amp#27;[m[&amp#27;[1;34mmain&amp#27;[m] &amp#27;[1;33mo.s.c.a.ClassPathScanningCandidateComponentProvider&amp#27;[m:  Identified candidate component class: file [/Users/josephlpz/Documents/JustWork/JustWork-server/target/classes/JustWork/server/repository/TokenRepository.class]
&amp#27;[30m2023-04-04T21:53:43,777&amp#27;[m &amp#27;[36mDEBUG &amp#27;[m[&amp#27;[1;34mmain&amp#27;[m] &amp#27;[1;33mo.s.c.a.ClassPathScanningCandidateComponentProvider&amp#27;[m:  Identified candidate component class: file [/Users/josephlpz/Documents/JustWork/JustWork-server/target/classes/JustWork/server/repository/UsuarioRepository.class]
&amp#27;[30m2023-04-04T21:53:43,787&amp#27;[m &amp#27;[32mINFO  &amp#27;[m[&amp#27;[1;34mmain&amp#27;[m] &amp#27;[1;33mo.s.d.r.c.RepositoryConfigurationDelegate&amp#27;[m:  Finished Spring Data repository scanning in 20 ms. Found 3 JPA repository interfaces.
&amp#27;[30m2023-04-04T21:53:43,829&amp#27;[m &amp#27;[36mDEBUG &amp#27;[m[&amp#27;[1;34mmain&amp#27;[m] &amp#27;[1;33mo.s.b.f.s.DefaultSingletonBeanRegistry&amp#27;[m:  Creating shared instance of singleton bean 'org.springframework.boot.test.web.client.TestRestTemplateContextCustomizer$TestRestTemplateRegistrar'
&amp#27;[30m2023-04-04T21:53:43,832&amp#27;[m &amp#27;[36mDEBUG &amp#27;[m[&amp#27;[1;34mmain&amp#27;[m] &amp#27;[1;33mo.s.b.f.s.DefaultSingletonBeanRegistry&amp#27;[m:  Creating shared instance of singleton bean 'propertySourcesPlaceholderConfigurer'
&amp#27;[30m2023-04-04T21:53:43,835&amp#27;[m &amp#27;[36mDEBUG &amp#27;[m[&amp#27;[1;34mmain&amp#27;[m] &amp#27;[1;33mo.s.b.f.s.DefaultSingletonBeanRegistry&amp#27;[m:  Creating shared instance of singleton bean 'org.springframework.boot.test.mock.mockito.MockitoPostProcessor'
&amp#27;[30m2023-04-04T21:53:43,837&amp#27;[m &amp#27;[36mDEBUG &amp#27;[m[&amp#27;[1;34mmain&amp#27;[m] &amp#27;[1;33mo.s.b.f.s.DefaultSingletonBeanRegistry&amp#27;[m:  Creating shared instance of singleton bean 'emBeanDefinitionRegistrarPostProcessor'
&amp#27;[30m2023-04-04T21:53:43,837&amp#27;[m &amp#27;[36mDEBUG &amp#27;[m[&amp#27;[1;34mmain&amp#27;[m] &amp#27;[1;33mo.s.b.f.s.DefaultSingletonBeanRegistry&amp#27;[m:  Creating shared instance of singleton bean 'org.springframework.boot.sql.init.dependency.DatabaseInitializationDependencyConfigurer$DependsOnDatabaseInitializationPostProcessor'
&amp#27;[30m2023-04-04T21:53:43,847&amp#27;[m &amp#27;[36mDEBUG &amp#27;[m[&amp#27;[1;34mmain&amp#27;[m] &amp#27;[1;33mo.s.b.f.s.DefaultSingletonBeanRegistry&amp#27;[m:  Creating shared instance of singleton bean 'org.springframework.context.event.internalEventListenerProcessor'
&amp#27;[30m2023-04-04T21:53:43,848&amp#27;[m &amp#27;[36mDEBUG &amp#27;[m[&amp#27;[1;34mmain&amp#27;[m] &amp#27;[1;33mo.s.b.f.s.DefaultSingletonBeanRegistry&amp#27;[m:  Creating shared instance of singleton bean 'conversionServicePostProcessor'
&amp#27;[30m2023-04-04T21:53:43,848&amp#27;[m &amp#27;[36mDEBUG &amp#27;[m[&amp#27;[1;34mmain&amp#27;[m] &amp#27;[1;33mo.s.b.f.s.DefaultSingletonBeanRegistry&amp#27;[m:  Creating shared instance of singleton bean 'preserveErrorControllerTargetClassPostProcessor'
&amp#27;[30m2023-04-04T21:53:43,849&amp#27;[m &amp#27;[36mDEBUG &amp#27;[m[&amp#27;[1;34mmain&amp#27;[m] &amp#27;[1;33mo.s.b.f.s.DefaultSingletonBeanRegistry&amp#27;[m:  Creating shared instance of singleton bean 'org.springframework.context.event.internalEventListenerFactory'
&amp#27;[30m2023-04-04T21:53:43,849&amp#27;[m &amp#27;[36mDEBUG &amp#27;[m[&amp#27;[1;34mmain&amp#27;[m] &amp#27;[1;33mo.s.b.f.s.DefaultSingletonBeanRegistry&amp#27;[m:  Creating shared instance of singleton bean 'org.springframework.transaction.config.internalTransactionalEventListenerFactory'
&amp#27;[30m2023-04-04T21:53:43,851&amp#27;[m &amp#27;[36mDEBUG &amp#27;[m[&amp#27;[1;34mmain&amp#27;[m] &amp#27;[1;33mo.s.b.f.s.DefaultSingletonBeanRegistry&amp#27;[m:  Creating shared instance of singleton bean 'org.springframework.context.annotation.internalAutowiredAnnotationProcessor'
&amp#27;[30m2023-04-04T21:53:43,852&amp#27;[m &amp#27;[36mDEBUG &amp#27;[m[&amp#27;[1;34mmain&amp#27;[m] &amp#27;[1;33mo.s.b.f.s.DefaultSingletonBeanRegistry&amp#27;[m:  Creating shared instance of singleton bean 'org.springframework.context.annotation.internalCommonAnnotationProcessor'
&amp#27;[30m2023-04-04T21:53:43,852&amp#27;[m &amp#27;[36mDEBUG &amp#27;[m[&amp#27;[1;34mmain&amp#27;[m] &amp#27;[1;33mo.s.b.f.s.DefaultSingletonBeanRegistry&amp#27;[m:  Creating shared instance of singleton bean 'org.springframework.context.annotation.internalPersistenceAnnotationProcessor'
&amp#27;[30m2023-04-04T21:53:43,852&amp#27;[m &amp#27;[36mDEBUG &amp#27;[m[&amp#27;[1;34mmain&amp#27;[m] &amp#27;[1;33mo.s.b.f.s.DefaultSingletonBeanRegistry&amp#27;[m:  Creating shared instance of singleton bean 'org.springframework.boot.test.mock.mockito.MockitoPostProcessor$SpyPostProcessor'
&amp#27;[30m2023-04-04T21:53:43,854&amp#27;[m &amp#27;[36mDEBUG &amp#27;[m[&amp#27;[1;34mmain&amp#27;[m] &amp#27;[1;33mo.s.b.f.s.DefaultSingletonBeanRegistry&amp#27;[m:  Creating shared instance of singleton bean 'org.springframework.boot.context.properties.ConfigurationPropertiesBindingPostProcessor'
&amp#27;[30m2023-04-04T21:53:43,854&amp#27;[m &amp#27;[36mDEBUG &amp#27;[m[&amp#27;[1;34mmain&amp#27;[m] &amp#27;[1;33mo.s.b.f.s.DefaultSingletonBeanRegistry&amp#27;[m:  Creating shared instance of singleton bean 'org.springframework.boot.context.internalConfigurationPropertiesBinder'
&amp#27;[30m2023-04-04T21:53:43,854&amp#27;[m &amp#27;[36mDEBUG &amp#27;[m[&amp#27;[1;34mmain&amp#27;[m] &amp#27;[1;33mo.s.b.f.s.DefaultSingletonBeanRegistry&amp#27;[m:  Creating shared instance of singleton bean 'org.springframework.boot.context.internalConfigurationPropertiesBinderFactory'
&amp#27;[30m2023-04-04T21:53:43,854&amp#27;[m &amp#27;[36mDEBUG &amp#27;[m[&amp#27;[1;34mmain&amp#27;[m] &amp#27;[1;33mo.s.b.f.s.DefaultSingletonBeanRegistry&amp#27;[m:  Creating shared instance of singleton bean 'org.springframework.aop.config.internalAutoProxyCreator'
&amp#27;[30m2023-04-04T21:53:43,871&amp#27;[m &amp#27;[36mDEBUG &amp#27;[m[&amp#27;[1;34mmain&amp#27;[m] &amp#27;[1;33mo.s.b.f.s.DefaultSingletonBeanRegistry&amp#27;[m:  Creating shared instance of singleton bean 'persistenceExceptionTranslationPostProcessor'
&amp#27;[30m2023-04-04T21:53:43,873&amp#27;[m &amp#27;[36mDEBUG &amp#27;[m[&amp#27;[1;34mmain&amp#27;[m] &amp#27;[1;33mo.s.b.f.s.ConstructorResolver&amp#27;[m:  Autowiring by type from bean name 'persistenceExceptionTranslationPostProcessor' via factory method to bean named 'environment'
&amp#27;[30m2023-04-04T21:53:43,879&amp#27;[m &amp#27;[36mDEBUG &amp#27;[m[&amp#27;[1;34mmain&amp#27;[m] &amp#27;[1;33mo.s.b.f.s.DefaultSingletonBeanRegistry&amp#27;[m:  Creating shared instance of singleton bean 'webServerFactoryCustomizerBeanPostProcessor'
&amp#27;[30m2023-04-04T21:53:43,881&amp#27;[m &amp#27;[36mDEBUG &amp#27;[m[&amp#27;[1;34mmain&amp#27;[m] &amp#27;[1;33mo.s.b.f.s.DefaultSingletonBeanRegistry&amp#27;[m:  Creating shared instance of singleton bean 'errorPageRegistrarBeanPostProcessor'
&amp#27;[30m2023-04-04T21:53:43,883&amp#27;[m &amp#27;[36mDEBUG &amp#27;[m[&amp#27;[1;34mmain&amp#27;[m] &amp#27;[1;33mo.s.b.f.s.DefaultSingletonBeanRegistry&amp#27;[m:  Creating shared instance of singleton bean 'hypermediaRepresentionModelProcessorConfigurator'
&amp#27;[30m2023-04-04T21:53:43,885&amp#27;[m &amp#27;[36mDEBUG &amp#27;[m[&amp#27;[1;34mmain&amp#27;[m] &amp#27;[1;33mo.s.b.f.s.DefaultSingletonBeanRegistry&amp#27;[m:  Creating shared instance of singleton bean 'metaDataSourceAdvisor'
&amp#27;[30m2023-04-04T21:53:43,885&amp#27;[m &amp#27;[36mDEBUG &amp#27;[m[&amp#27;[1;34mmain&amp#27;[m] &amp#27;[1;33mo.s.b.f.s.DefaultSingletonBeanRegistry&amp#27;[m:  Creating shared instance of singleton bean 'methodSecurityMetadataSource'
&amp#27;[30m2023-04-04T21:53:43,885&amp#27;[m &amp#27;[36mDEBUG &amp#27;[m[&amp#27;[1;34mmain&amp#27;[m] &amp#27;[1;33mo.s.b.f.s.DefaultSingletonBeanRegistry&amp#27;[m:  Creating shared instance of singleton bean 'org.springframework.security.config.annotation.method.configuration.GlobalMethodSecurityConfiguration'
&amp#27;[30m2023-04-04T21:53:43,886&amp#27;[m &amp#27;[36mDEBUG &amp#27;[m[&amp#27;[1;34mmain&amp#27;[m] &amp#27;[1;33mo.s.b.f.s.DefaultSingletonBeanRegistry&amp#27;[m:  Creating shared instance of singleton bean 'org.springframework.transaction.config.internalTransactionAdvisor'
&amp#27;[30m2023-04-04T21:53:43,886&amp#27;[m &amp#27;[36mDEBUG &amp#27;[m[&amp#27;[1;34mmain&amp#27;[m] &amp#27;[1;33mo.s.b.f.s.DefaultSingletonBeanRegistry&amp#27;[m:  Creating shared instance of singleton bean 'org.springframework.transaction.annotation.ProxyTransactionManagementConfiguration'
&amp#27;[30m2023-04-04T21:53:43,895&amp#27;[m &amp#27;[36mDEBUG &amp#27;[m[&amp#27;[1;34mmain&amp#27;[m] &amp#27;[1;33mo.s.b.f.s.DefaultSingletonBeanRegistry&amp#27;[m:  Creating shared instance of singleton bean 'transactionAttributeSource'
&amp#27;[30m2023-04-04T21:53:43,900&amp#27;[m &amp#27;[36mDEBUG &amp#27;[m[&amp#27;[1;34mmain&amp#27;[m] &amp#27;[1;33mo.s.b.f.s.DefaultSingletonBeanRegistry&amp#27;[m:  Creating shared instance of singleton bean 'transactionInterceptor'
&amp#27;[30m2023-04-04T21:53:43,900&amp#27;[m &amp#27;[36mDEBUG &amp#27;[m[&amp#27;[1;34mmain&amp#27;[m] &amp#27;[1;33mo.s.b.f.s.ConstructorResolver&amp#27;[m:  Autowiring by type from bean name 'transactionInterceptor' via factory method to bean named 'transactionAttributeSource'
&amp#27;[30m2023-04-04T21:53:43,905&amp#27;[m &amp#27;[36mDEBUG &amp#27;[m[&amp#27;[1;34mmain&amp#27;[m] &amp#27;[1;33mo.s.b.f.s.ConstructorResolver&amp#27;[m:  Autowiring by type from bean name 'org.springframework.transaction.config.internalTransactionAdvisor' via factory method to bean named 'transactionAttributeSource'
&amp#27;[30m2023-04-04T21:53:43,905&amp#27;[m &amp#27;[36mDEBUG &amp#27;[m[&amp#27;[1;34mmain&amp#27;[m] &amp#27;[1;33mo.s.b.f.s.ConstructorResolver&amp#27;[m:  Autowiring by type from bean name 'org.springframework.transaction.config.internalTransactionAdvisor' via factory method to bean named 'transactionInterceptor'
&amp#27;[30m2023-04-04T21:53:43,914&amp#27;[m &amp#27;[36mDEBUG &amp#27;[m[&amp#27;[1;34mmain&amp#27;[m] &amp#27;[1;33mo.s.b.f.s.DefaultSingletonBeanRegistry&amp#27;[m:  Creating shared instance of singleton bean 'objectPostProcessor'
&amp#27;[30m2023-04-04T21:53:43,914&amp#27;[m &amp#27;[36mDEBUG &amp#27;[m[&amp#27;[1;34mmain&amp#27;[m] &amp#27;[1;33mo.s.b.f.s.DefaultSingletonBeanRegistry&amp#27;[m:  Creating shared instance of singleton bean 'org.springframework.security.config.annotation.configuration.ObjectPostProcessorConfiguration'
&amp#27;[30m2023-04-04T21:53:43,917&amp#27;[m &amp#27;[36mDEBUG &amp#27;[m[&amp#27;[1;34mmain&amp#27;[m] &amp#27;[1;33mo.s.b.f.s.ConstructorResolver&amp#27;[m:  Autowiring by type from bean name 'objectPostProcessor' via factory method to bean named 'org.springframework.beans.factory.support.DefaultListableBeanFactory@356cb230'
&amp#27;[30m2023-04-04T21:53:43,939&amp#27;[m &amp#27;[36mDEBUG &amp#27;[m[&amp#27;[1;34mmain&amp#27;[m] &amp#27;[1;33mo.s.b.f.s.DefaultSingletonBeanRegistry&amp#27;[m:  Creating shared instance of singleton bean 'hypermediaRestTemplateBeanPostProcessor'
&amp#27;[30m2023-04-04T21:53:43,942&amp#27;[m &amp#27;[36mDEBUG &amp#27;[m[&amp#27;[1;34mmain&amp#27;[m] &amp#27;[1;33mo.s.b.f.s.DefaultSingletonBeanRegistry&amp#27;[m:  Creating shared instance of singleton bean 'projectionDefinitionRegistrar'
&amp#27;[30m2023-04-04T21:53:43,944&amp#27;[m &amp#27;[36mDEBUG &amp#27;[m[&amp#27;[1;34mmain&amp#27;[m] &amp#27;[1;33mo.s.b.f.s.DefaultSingletonBeanRegistry&amp#27;[m:  Creating shared instance of singleton bean 'annotatedEventHandlerInvoker'
&amp#27;[30m2023-04-04T21:53:43,949&amp#27;[m &amp#27;[36mDEBUG &amp#27;[m[&amp#27;[1;34mmain&amp#27;[m] &amp#27;[1;33mo.s.u.c.s.UiApplicationContextUtils&amp#27;[m:  Unable to locate ThemeSource with name 'themeSource': using default [org.springframework.ui.context.support.ResourceBundleThemeSource@1503f434]
&amp#27;[30m2023-04-04T21:53:43,950&amp#27;[m &amp#27;[36mDEBUG &amp#27;[m[&amp#27;[1;34mmain&amp#27;[m] &amp#27;[1;33mo.s.b.f.s.DefaultSingletonBeanRegistry&amp#27;[m:  Creating shared instance of singleton bean 'tomcatServletWebServerFactory'
&amp#27;[30m2023-04-04T21:53:43,950&amp#27;[m &amp#27;[36mDEBUG &amp#27;[m[&amp#27;[1;34mmain&amp#27;[m] &amp#27;[1;33mo.s.b.f.s.DefaultSingletonBeanRegistry&amp#27;[m:  Creating shared instance of singleton bean 'org.springframework.boot.autoconfigure.web.servlet.ServletWebServerFactoryConfiguration$EmbeddedTomcat'
&amp#27;[30m2023-04-04T21:53:43,961&amp#27;[m &amp#27;[36mDEBUG &amp#27;[m[&amp#27;[1;34mmain&amp#27;[m] &amp#27;[1;33mo.s.b.f.s.DefaultSingletonBeanRegistry&amp#27;[m:  Creating shared instance of singleton bean 'websocketServletWebServerCustomizer'
&amp#27;[30m2023-04-04T21:53:43,961&amp#27;[m &amp#27;[36mDEBUG &amp#27;[m[&amp#27;[1;34mmain&amp#27;[m] &amp#27;[1;33mo.s.b.f.s.DefaultSingletonBeanRegistry&amp#27;[m:  Creating shared instance of singleton bean 'org.springframework.boot.autoconfigure.websocket.servlet.WebSocketServletAutoConfiguration$TomcatWebSocketConfiguration'
&amp#27;[30m2023-04-04T21:53:43,964&amp#27;[m &amp#27;[36mDEBUG &amp#27;[m[&amp#27;[1;34mmain&amp#27;[m] &amp#27;[1;33mo.s.b.f.s.DefaultSingletonBeanRegistry&amp#27;[m:  Creating shared instance of singleton bean 'servletWebServerFactoryCustomizer'
&amp#27;[30m2023-04-04T21:53:43,965&amp#27;[m &amp#27;[36mDEBUG &amp#27;[m[&amp#27;[1;34mmain&amp#27;[m] &amp#27;[1;33mo.s.b.f.s.DefaultSingletonBeanRegistry&amp#27;[m:  Creating shared instance of singleton bean 'org.springframework.boot.autoconfigure.web.servlet.ServletWebServerFactoryAutoConfiguration'
&amp#27;[30m2023-04-04T21:53:43,967&amp#27;[m &amp#27;[36mDEBUG &amp#27;[m[&amp#27;[1;34mmain&amp#27;[m] &amp#27;[1;33mo.s.b.f.s.DefaultSingletonBeanRegistry&amp#27;[m:  Creating shared instance of singleton bean 'server-org.springframework.boot.autoconfigure.web.ServerProperties'
&amp#27;[30m2023-04-04T21:53:43,969&amp#27;[m &amp#27;[36mDEBUG &amp#27;[m[&amp#27;[1;34mmain&amp#27;[m] &amp#27;[1;33mo.s.b.f.s.DefaultSingletonBeanRegistry&amp#27;[m:  Creating shared instance of singleton bean 'org.springframework.boot.context.properties.BoundConfigurationProperties'
&amp#27;[30m2023-04-04T21:53:43,971&amp#27;[m &amp#27;[36mDEBUG &amp#27;[m[&amp#27;[1;34mmain&amp#27;[m] &amp#27;[1;33mo.s.b.f.s.DefaultSingletonBeanRegistry&amp#27;[m:  Creating shared instance of singleton bean 'stringOrNumberMigrationVersionConverter'
&amp#27;[30m2023-04-04T21:53:43,971&amp#27;[m &amp#27;[36mDEBUG &amp#27;[m[&amp#27;[1;34mmain&amp#27;[m] &amp#27;[1;33mo.s.b.f.s.DefaultSingletonBeanRegistry&amp#27;[m:  Creating shared instance of singleton bean 'org.springframework.boot.autoconfigure.flyway.FlywayAutoConfiguration'
&amp#27;[30m2023-04-04T21:53:43,981&amp#27;[m &amp#27;[36mDEBUG &amp#27;[m[&amp#27;[1;34mmain&amp#27;[m] &amp#27;[1;33mo.s.b.f.s.ConstructorResolver&amp#27;[m:  Autowiring by type from bean name 'servletWebServerFactoryCustomizer' via factory method to bean named 'server-org.springframework.boot.autoconfigure.web.ServerProperties'
&amp#27;[30m2023-04-04T21:53:43,984&amp#27;[m &amp#27;[36mDEBUG &amp#27;[m[&amp#27;[1;34mmain&amp#27;[m] &amp#27;[1;33mo.s.b.f.s.DefaultSingletonBeanRegistry&amp#27;[m:  Creating shared instance of singleton bean 'tomcatServletWebServerFactoryCustomizer'
&amp#27;[30m2023-04-04T21:53:43,985&amp#27;[m &amp#27;[36mDEBUG &amp#27;[m[&amp#27;[1;34mmain&amp#27;[m] &amp#27;[1;33mo.s.b.f.s.ConstructorResolver&amp#27;[m:  Autowiring by type from bean name 'tomcatServletWebServerFactoryCustomizer' via factory method to bean named 'server-org.springframework.boot.autoconfigure.web.ServerProperties'
&amp#27;[30m2023-04-04T21:53:43,987&amp#27;[m &amp#27;[36mDEBUG &amp#27;[m[&amp#27;[1;34mmain&amp#27;[m] &amp#27;[1;33mo.s.b.f.s.DefaultSingletonBeanRegistry&amp#27;[m:  Creating shared instance of singleton bean 'tomcatWebServerFactoryCustomizer'
&amp#27;[30m2023-04-04T21:53:43,987&amp#27;[m &amp#27;[36mDEBUG &amp#27;[m[&amp#27;[1;34mmain&amp#27;[m] &amp#27;[1;33mo.s.b.f.s.DefaultSingletonBeanRegistry&amp#27;[m:  Creating shared instance of singleton bean 'org.springframework.boot.autoconfigure.web.embedded.EmbeddedWebServerFactoryCustomizerAutoConfiguration$TomcatWebServerFactoryCustomizerConfiguration'
&amp#27;[30m2023-04-04T21:53:43,990&amp#27;[m &amp#27;[36mDEBUG &amp#27;[m[&amp#27;[1;34mmain&amp#27;[m] &amp#27;[1;33mo.s.b.f.s.ConstructorResolver&amp#27;[m:  Autowiring by type from bean name 'tomcatWebServerFactoryCustomizer' via factory method to bean named 'environment'
&amp#27;[30m2023-04-04T21:53:43,990&amp#27;[m &amp#27;[36mDEBUG &amp#27;[m[&amp#27;[1;34mmain&amp#27;[m] &amp#27;[1;33mo.s.b.f.s.ConstructorResolver&amp#27;[m:  Autowiring by type from bean name 'tomcatWebServerFactoryCustomizer' via factory method to bean named 'server-org.springframework.boot.autoconfigure.web.ServerProperties'
&amp#27;[30m2023-04-04T21:53:43,993&amp#27;[m &amp#27;[36mDEBUG &amp#27;[m[&amp#27;[1;34mmain&amp#27;[m] &amp#27;[1;33mo.s.b.f.s.DefaultSingletonBeanRegistry&amp#27;[m:  Creating shared instance of singleton bean 'localeCharsetMappingsCustomizer'
&amp#27;[30m2023-04-04T21:53:43,993&amp#27;[m &amp#27;[36mDEBUG &amp#27;[m[&amp#27;[1;34mmain&amp#27;[m] &amp#27;[1;33mo.s.b.f.s.DefaultSingletonBeanRegistry&amp#27;[m:  Creating shared instance of singleton bean 'org.springframework.boot.autoconfigure.web.servlet.HttpEncodingAutoConfiguration'
&amp#27;[30m2023-04-04T21:53:43,995&amp#27;[m &amp#27;[36mDEBUG &amp#27;[m[&amp#27;[1;34mmain&amp#27;[m] &amp#27;[1;33mo.s.b.f.s.ConstructorResolver&amp#27;[m:  Autowiring by type from bean name 'org.springframework.boot.autoconfigure.web.servlet.HttpEncodingAutoConfiguration' via constructor to bean named 'server-org.springframework.boot.autoconfigure.web.ServerProperties'
&amp#27;[30m2023-04-04T21:53:44,001&amp#27;[m &amp#27;[36mDEBUG &amp#27;[m[&amp#27;[1;34mmain&amp#27;[m] &amp#27;[1;33mo.s.b.f.s.DefaultSingletonBeanRegistry&amp#27;[m:  Creating shared instance of singleton bean 'errorPageCustomizer'
&amp#27;[30m2023-04-04T21:53:44,001&amp#27;[m &amp#27;[36mDEBUG &amp#27;[m[&amp#27;[1;34mmain&amp#27;[m] &amp#27;[1;33mo.s.b.f.s.DefaultSingletonBeanRegistry&amp#27;[m:  Creating shared instance of singleton bean 'org.springframework.boot.autoconfigure.web.servlet.error.ErrorMvcAutoConfiguration'
&amp#27;[30m2023-04-04T21:53:44,001&amp#27;[m &amp#27;[36mDEBUG &amp#27;[m[&amp#27;[1;34mmain&amp#27;[m] &amp#27;[1;33mo.s.b.f.s.ConstructorResolver&amp#27;[m:  Autowiring by type from bean name 'org.springframework.boot.autoconfigure.web.servlet.error.ErrorMvcAutoConfiguration' via constructor to bean named 'server-org.springframework.boot.autoconfigure.web.ServerProperties'
&amp#27;[30m2023-04-04T21:53:44,004&amp#27;[m &amp#27;[36mDEBUG &amp#27;[m[&amp#27;[1;34mmain&amp#27;[m] &amp#27;[1;33mo.s.b.f.s.DefaultSingletonBeanRegistry&amp#27;[m:  Creating shared instance of singleton bean 'dispatcherServletRegistration'
&amp#27;[30m2023-04-04T21:53:44,004&amp#27;[m &amp#27;[36mDEBUG &amp#27;[m[&amp#27;[1;34mmain&amp#27;[m] &amp#27;[1;33mo.s.b.f.s.DefaultSingletonBeanRegistry&amp#27;[m:  Creating shared instance of singleton bean 'org.springframework.boot.autoconfigure.web.servlet.DispatcherServletAutoConfiguration$DispatcherServletRegistrationConfiguration'
&amp#27;[30m2023-04-04T21:53:44,007&amp#27;[m &amp#27;[36mDEBUG &amp#27;[m[&amp#27;[1;34mmain&amp#27;[m] &amp#27;[1;33mo.s.b.f.s.DefaultSingletonBeanRegistry&amp#27;[m:  Creating shared instance of singleton bean 'dispatcherServlet'
&amp#27;[30m2023-04-04T21:53:44,007&amp#27;[m &amp#27;[36mDEBUG &amp#27;[m[&amp#27;[1;34mmain&amp#27;[m] &amp#27;[1;33mo.s.b.f.s.DefaultSingletonBeanRegistry&amp#27;[m:  Creating shared instance of singleton bean 'org.springframework.boot.autoconfigure.web.servlet.DispatcherServletAutoConfiguration$DispatcherServletConfiguration'
&amp#27;[30m2023-04-04T21:53:44,009&amp#27;[m &amp#27;[36mDEBUG &amp#27;[m[&amp#27;[1;34mmain&amp#27;[m] &amp#27;[1;33mo.s.b.f.s.DefaultSingletonBeanRegistry&amp#27;[m:  Creating shared instance of singleton bean 'spring.mvc-org.springframework.boot.autoconfigure.web.servlet.WebMvcProperties'
&amp#27;[30m2023-04-04T21:53:44,012&amp#27;[m &amp#27;[36mDEBUG &amp#27;[m[&amp#27;[1;34mmain&amp#27;[m] &amp#27;[1;33mo.s.b.f.s.ConstructorResolver&amp#27;[m:  Autowiring by type from bean name 'dispatcherServlet' via factory method to bean named 'spring.mvc-org.springframework.boot.autoconfigure.web.servlet.WebMvcProperties'
&amp#27;[30m2023-04-04T21:53:44,022&amp#27;[m &amp#27;[36mDEBUG &amp#27;[m[&amp#27;[1;34mmain&amp#27;[m] &amp#27;[1;33mo.s.b.f.s.ConstructorResolver&amp#27;[m:  Autowiring by type from bean name 'dispatcherServletRegistration' via factory method to bean named 'dispatcherServlet'
&amp#27;[30m2023-04-04T21:53:44,022&amp#27;[m &amp#27;[36mDEBUG &amp#27;[m[&amp#27;[1;34mmain&amp#27;[m] &amp#27;[1;33mo.s.b.f.s.ConstructorResolver&amp#27;[m:  Autowiring by type from bean name 'dispatcherServletRegistration' via factory method to bean named 'spring.mvc-org.springframework.boot.autoconfigure.web.servlet.WebMvcProperties'
&amp#27;[30m2023-04-04T21:53:44,022&amp#27;[m &amp#27;[36mDEBUG &amp#27;[m[&amp#27;[1;34mmain&amp#27;[m] &amp#27;[1;33mo.s.b.f.s.DefaultSingletonBeanRegistry&amp#27;[m:  Creating shared instance of singleton bean 'multipartConfigElement'
&amp#27;[30m2023-04-04T21:53:44,023&amp#27;[m &amp#27;[36mDEBUG &amp#27;[m[&amp#27;[1;34mmain&amp#27;[m] &amp#27;[1;33mo.s.b.f.s.DefaultSingletonBeanRegistry&amp#27;[m:  Creating shared instance of singleton bean 'org.springframework.boot.autoconfigure.web.servlet.MultipartAutoConfiguration'
&amp#27;[30m2023-04-04T21:53:44,023&amp#27;[m &amp#27;[36mDEBUG &amp#27;[m[&amp#27;[1;34mmain&amp#27;[m] &amp#27;[1;33mo.s.b.f.s.DefaultSingletonBeanRegistry&amp#27;[m:  Creating shared instance of singleton bean 'spring.servlet.multipart-org.springframework.boot.autoconfigure.web.servlet.MultipartProperties'
&amp#27;[30m2023-04-04T21:53:44,025&amp#27;[m &amp#27;[36mDEBUG &amp#27;[m[&amp#27;[1;34mmain&amp#27;[m] &amp#27;[1;33mo.s.b.f.s.ConstructorResolver&amp#27;[m:  Autowiring by type from bean name 'org.springframework.boot.autoconfigure.web.servlet.MultipartAutoConfiguration' via constructor to bean named 'spring.servlet.multipart-org.springframework.boot.autoconfigure.web.servlet.MultipartProperties'
&amp#27;[30m2023-04-04T21:53:44,035&amp#27;[m &amp#27;[36mDEBUG &amp#27;[m[&amp#27;[1;34mmain&amp#27;[m] &amp#27;[1;33mo.s.b.f.s.ConstructorResolver&amp#27;[m:  Autowiring by type from bean name 'errorPageCustomizer' via factory method to bean named 'dispatcherServletRegistration'
&amp#27;[30m2023-04-04T21:53:44,040&amp#27;[m &amp#27;[36mDEBUG &amp#27;[m[&amp#27;[1;34mmain&amp#27;[m] &amp#27;[1;33mo.s.b.w.s.s.DocumentRoot&amp#27;[m:  Code archive: /Users/josephlpz/.m2/repository/org/springframework/boot/spring-boot/2.7.2/spring-boot-2.7.2.jar
&amp#27;[30m2023-04-04T21:53:44,040&amp#27;[m &amp#27;[36mDEBUG &amp#27;[m[&amp#27;[1;34mmain&amp#27;[m] &amp#27;[1;33mo.s.b.w.s.s.DocumentRoot&amp#27;[m:  Code archive: /Users/josephlpz/.m2/repository/org/springframework/boot/spring-boot/2.7.2/spring-boot-2.7.2.jar
&amp#27;[30m2023-04-04T21:53:44,040&amp#27;[m &amp#27;[36mDEBUG &amp#27;[m[&amp#27;[1;34mmain&amp#27;[m] &amp#27;[1;33mo.s.b.w.s.s.DocumentRoot&amp#27;[m:  None of the document roots [src/main/webapp, public, static] point to a directory and will be ignored.
&amp#27;[30m2023-04-04T21:53:44,042&amp#27;[m &amp#27;[32mINFO  &amp#27;[m[&amp#27;[1;34mmain&amp#27;[m] &amp#27;[1;33mo.s.b.w.e.t.TomcatWebServer&amp#27;[m:  Tomcat initialized with port(s): 0 (http)
&amp#27;[30m2023-04-04T21:53:44,071&amp#27;[m &amp#27;[36mDEBUG &amp#27;[m[&amp#27;[1;34mmain&amp#27;[m] &amp#27;[1;33mo.s.b.w.s.c.ServletWebServerApplicationContext&amp#27;[m:  Published root WebApplicationContext as ServletContext attribute with name [org.springframework.web.context.WebApplicationContext.ROOT]
&amp#27;[30m2023-04-04T21:53:44,071&amp#27;[m &amp#27;[32mINFO  &amp#27;[m[&amp#27;[1;34mmain&amp#27;[m] &amp#27;[1;33mo.s.b.w.s.c.ServletWebServerApplicationContext&amp#27;[m:  Root WebApplicationContext: initialization completed in 547 ms
&amp#27;[30m2023-04-04T21:53:44,072&amp#27;[m &amp#27;[36mDEBUG &amp#27;[m[&amp#27;[1;34mmain&amp#27;[m] &amp#27;[1;33mo.s.b.f.s.DefaultSingletonBeanRegistry&amp#27;[m:  Creating shared instance of singleton bean 'h2Console'
&amp#27;[30m2023-04-04T21:53:44,072&amp#27;[m &amp#27;[36mDEBUG &amp#27;[m[&amp#27;[1;34mmain&amp#27;[m] &amp#27;[1;33mo.s.b.f.s.DefaultSingletonBeanRegistry&amp#27;[m:  Creating shared instance of singleton bean 'org.springframework.boot.autoconfigure.h2.H2ConsoleAutoConfiguration'
&amp#27;[30m2023-04-04T21:53:44,075&amp#27;[m &amp#27;[36mDEBUG &amp#27;[m[&amp#27;[1;34mmain&amp#27;[m] &amp#27;[1;33mo.s.b.f.s.DefaultSingletonBeanRegistry&amp#27;[m:  Creating shared instance of singleton bean 'spring.h2.console-org.springframework.boot.autoconfigure.h2.H2ConsoleProperties'
&amp#27;[30m2023-04-04T21:53:44,079&amp#27;[m &amp#27;[36mDEBUG &amp#27;[m[&amp#27;[1;34mmain&amp#27;[m] &amp#27;[1;33mo.s.b.f.s.ConstructorResolver&amp#27;[m:  Autowiring by type from bean name 'h2Console' via factory method to bean named 'spring.h2.console-org.springframework.boot.autoconfigure.h2.H2ConsoleProperties'
&amp#27;[30m2023-04-04T21:53:44,080&amp#27;[m &amp#27;[36mDEBUG &amp#27;[m[&amp#27;[1;34mmain&amp#27;[m] &amp#27;[1;33mo.s.b.f.s.DefaultSingletonBeanRegistry&amp#27;[m:  Creating shared instance of singleton bean 'dataSource'
&amp#27;[30m2023-04-04T21:53:44,080&amp#27;[m &amp#27;[36mDEBUG &amp#27;[m[&amp#27;[1;34mmain&amp#27;[m] &amp#27;[1;33mo.s.b.f.s.DefaultSingletonBeanRegistry&amp#27;[m:  Creating shared instance of singleton bean 'org.springframework.boot.autoconfigure.jdbc.DataSourceConfiguration$Hikari'
&amp#27;[30m2023-04-04T21:53:44,082&amp#27;[m &amp#27;[36mDEBUG &amp#27;[m[&amp#27;[1;34mmain&amp#27;[m] &amp#27;[1;33mo.s.b.f.s.DefaultSingletonBeanRegistry&amp#27;[m:  Creating shared instance of singleton bean 'spring.datasource-org.springframework.boot.autoconfigure.jdbc.DataSourceProperties'
&amp#27;[30m2023-04-04T21:53:44,087&amp#27;[m &amp#27;[36mDEBUG &amp#27;[m[&amp#27;[1;34mmain&amp#27;[m] &amp#27;[1;33mo.s.b.f.s.ConstructorResolver&amp#27;[m:  Autowiring by type from bean name 'dataSource' via factory method to bean named 'spring.datasource-org.springframework.boot.autoconfigure.jdbc.DataSourceProperties'
&amp#27;[30m2023-04-04T21:53:44,087&amp#27;[m &amp#27;[36mDEBUG &amp#27;[m[&amp#27;[1;34mmain&amp#27;[m] &amp#27;[1;33mc.z.h.HikariConfig&amp#27;[m:  Driver class org.postgresql.Driver found in Thread context class loader TomcatEmbeddedWebappClassLoader
  context: ROOT
  delegate: true
----------> Parent Classloader:
jdk.internal.loader.ClassLoaders$AppClassLoader@55054057

&amp#27;[30m2023-04-04T21:53:44,097&amp#27;[m &amp#27;[36mDEBUG &amp#27;[m[&amp#27;[1;34mmain&amp#27;[m] &amp#27;[1;33mc.z.h.HikariConfig&amp#27;[m:  HikariPool-5 - configuration:
&amp#27;[30m2023-04-04T21:53:44,098&amp#27;[m &amp#27;[36mDEBUG &amp#27;[m[&amp#27;[1;34mmain&amp#27;[m] &amp#27;[1;33mc.z.h.HikariConfig&amp#27;[m:  allowPoolSuspension................................false
&amp#27;[30m2023-04-04T21:53:44,098&amp#27;[m &amp#27;[36mDEBUG &amp#27;[m[&amp#27;[1;34mmain&amp#27;[m] &amp#27;[1;33mc.z.h.HikariConfig&amp#27;[m:  autoCommit................................true
&amp#27;[30m2023-04-04T21:53:44,098&amp#27;[m &amp#27;[36mDEBUG &amp#27;[m[&amp#27;[1;34mmain&amp#27;[m] &amp#27;[1;33mc.z.h.HikariConfig&amp#27;[m:  catalog................................none
&amp#27;[30m2023-04-04T21:53:44,098&amp#27;[m &amp#27;[36mDEBUG &amp#27;[m[&amp#27;[1;34mmain&amp#27;[m] &amp#27;[1;33mc.z.h.HikariConfig&amp#27;[m:  connectionInitSql................................none
&amp#27;[30m2023-04-04T21:53:44,098&amp#27;[m &amp#27;[36mDEBUG &amp#27;[m[&amp#27;[1;34mmain&amp#27;[m] &amp#27;[1;33mc.z.h.HikariConfig&amp#27;[m:  connectionTestQuery................................none
&amp#27;[30m2023-04-04T21:53:44,098&amp#27;[m &amp#27;[36mDEBUG &amp#27;[m[&amp#27;[1;34mmain&amp#27;[m] &amp#27;[1;33mc.z.h.HikariConfig&amp#27;[m:  connectionTimeout................................30000
&amp#27;[30m2023-04-04T21:53:44,098&amp#27;[m &amp#27;[36mDEBUG &amp#27;[m[&amp#27;[1;34mmain&amp#27;[m] &amp#27;[1;33mc.z.h.HikariConfig&amp#27;[m:  dataSource................................none
&amp#27;[30m2023-04-04T21:53:44,098&amp#27;[m &amp#27;[36mDEBUG &amp#27;[m[&amp#27;[1;34mmain&amp#27;[m] &amp#27;[1;33mc.z.h.HikariConfig&amp#27;[m:  dataSourceClassName................................none
&amp#27;[30m2023-04-04T21:53:44,098&amp#27;[m &amp#27;[36mDEBUG &amp#27;[m[&amp#27;[1;34mmain&amp#27;[m] &amp#27;[1;33mc.z.h.HikariConfig&amp#27;[m:  dataSourceJNDI................................none
&amp#27;[30m2023-04-04T21:53:44,098&amp#27;[m &amp#27;[36mDEBUG &amp#27;[m[&amp#27;[1;34mmain&amp#27;[m] &amp#27;[1;33mc.z.h.HikariConfig&amp#27;[m:  dataSourceProperties................................{password=<masked>}
&amp#27;[30m2023-04-04T21:53:44,099&amp#27;[m &amp#27;[36mDEBUG &amp#27;[m[&amp#27;[1;34mmain&amp#27;[m] &amp#27;[1;33mc.z.h.HikariConfig&amp#27;[m:  driverClassName................................"org.postgresql.Driver"
&amp#27;[30m2023-04-04T21:53:44,099&amp#27;[m &amp#27;[36mDEBUG &amp#27;[m[&amp#27;[1;34mmain&amp#27;[m] &amp#27;[1;33mc.z.h.HikariConfig&amp#27;[m:  exceptionOverrideClassName................................none
&amp#27;[30m2023-04-04T21:53:44,099&amp#27;[m &amp#27;[36mDEBUG &amp#27;[m[&amp#27;[1;34mmain&amp#27;[m] &amp#27;[1;33mc.z.h.HikariConfig&amp#27;[m:  healthCheckProperties................................{}
&amp#27;[30m2023-04-04T21:53:44,099&amp#27;[m &amp#27;[36mDEBUG &amp#27;[m[&amp#27;[1;34mmain&amp#27;[m] &amp#27;[1;33mc.z.h.HikariConfig&amp#27;[m:  healthCheckRegistry................................none
&amp#27;[30m2023-04-04T21:53:44,099&amp#27;[m &amp#27;[36mDEBUG &amp#27;[m[&amp#27;[1;34mmain&amp#27;[m] &amp#27;[1;33mc.z.h.HikariConfig&amp#27;[m:  idleTimeout................................600000
&amp#27;[30m2023-04-04T21:53:44,099&amp#27;[m &amp#27;[36mDEBUG &amp#27;[m[&amp#27;[1;34mmain&amp#27;[m] &amp#27;[1;33mc.z.h.HikariConfig&amp#27;[m:  initializationFailTimeout................................1
&amp#27;[30m2023-04-04T21:53:44,099&amp#27;[m &amp#27;[36mDEBUG &amp#27;[m[&amp#27;[1;34mmain&amp#27;[m] &amp#27;[1;33mc.z.h.HikariConfig&amp#27;[m:  isolateInternalQueries................................false
&amp#27;[30m2023-04-04T21:53:44,099&amp#27;[m &amp#27;[36mDEBUG &amp#27;[m[&amp#27;[1;34mmain&amp#27;[m] &amp#27;[1;33mc.z.h.HikariConfig&amp#27;[m:  jdbcUrl................................jdbc:postgresql://localhost:55013/test-db?loggerLevel=OFF?nullNamePatternMatchesAll=true&useSSL=false&useUnicode=yes&characterEncoding=UTF-8
&amp#27;[30m2023-04-04T21:53:44,099&amp#27;[m &amp#27;[36mDEBUG &amp#27;[m[&amp#27;[1;34mmain&amp#27;[m] &amp#27;[1;33mc.z.h.HikariConfig&amp#27;[m:  keepaliveTime................................0
&amp#27;[30m2023-04-04T21:53:44,100&amp#27;[m &amp#27;[36mDEBUG &amp#27;[m[&amp#27;[1;34mmain&amp#27;[m] &amp#27;[1;33mc.z.h.HikariConfig&amp#27;[m:  leakDetectionThreshold................................0
&amp#27;[30m2023-04-04T21:53:44,100&amp#27;[m &amp#27;[36mDEBUG &amp#27;[m[&amp#27;[1;34mmain&amp#27;[m] &amp#27;[1;33mc.z.h.HikariConfig&amp#27;[m:  maxLifetime................................1800000
&amp#27;[30m2023-04-04T21:53:44,100&amp#27;[m &amp#27;[36mDEBUG &amp#27;[m[&amp#27;[1;34mmain&amp#27;[m] &amp#27;[1;33mc.z.h.HikariConfig&amp#27;[m:  maximumPoolSize................................10
&amp#27;[30m2023-04-04T21:53:44,100&amp#27;[m &amp#27;[36mDEBUG &amp#27;[m[&amp#27;[1;34mmain&amp#27;[m] &amp#27;[1;33mc.z.h.HikariConfig&amp#27;[m:  metricRegistry................................none
&amp#27;[30m2023-04-04T21:53:44,100&amp#27;[m &amp#27;[36mDEBUG &amp#27;[m[&amp#27;[1;34mmain&amp#27;[m] &amp#27;[1;33mc.z.h.HikariConfig&amp#27;[m:  metricsTrackerFactory................................none
&amp#27;[30m2023-04-04T21:53:44,100&amp#27;[m &amp#27;[36mDEBUG &amp#27;[m[&amp#27;[1;34mmain&amp#27;[m] &amp#27;[1;33mc.z.h.HikariConfig&amp#27;[m:  minimumIdle................................10
&amp#27;[30m2023-04-04T21:53:44,100&amp#27;[m &amp#27;[36mDEBUG &amp#27;[m[&amp#27;[1;34mmain&amp#27;[m] &amp#27;[1;33mc.z.h.HikariConfig&amp#27;[m:  password................................<masked>
&amp#27;[30m2023-04-04T21:53:44,100&amp#27;[m &amp#27;[36mDEBUG &amp#27;[m[&amp#27;[1;34mmain&amp#27;[m] &amp#27;[1;33mc.z.h.HikariConfig&amp#27;[m:  poolName................................"HikariPool-5"
&amp#27;[30m2023-04-04T21:53:44,100&amp#27;[m &amp#27;[36mDEBUG &amp#27;[m[&amp#27;[1;34mmain&amp#27;[m] &amp#27;[1;33mc.z.h.HikariConfig&amp#27;[m:  readOnly................................false
&amp#27;[30m2023-04-04T21:53:44,100&amp#27;[m &amp#27;[36mDEBUG &amp#27;[m[&amp#27;[1;34mmain&amp#27;[m] &amp#27;[1;33mc.z.h.HikariConfig&amp#27;[m:  registerMbeans................................false
&amp#27;[30m2023-04-04T21:53:44,100&amp#27;[m &amp#27;[36mDEBUG &amp#27;[m[&amp#27;[1;34mmain&amp#27;[m] &amp#27;[1;33mc.z.h.HikariConfig&amp#27;[m:  scheduledExecutor................................none
&amp#27;[30m2023-04-04T21:53:44,100&amp#27;[m &amp#27;[36mDEBUG &amp#27;[m[&amp#27;[1;34mmain&amp#27;[m] &amp#27;[1;33mc.z.h.HikariConfig&amp#27;[m:  schema................................none
&amp#27;[30m2023-04-04T21:53:44,100&amp#27;[m &amp#27;[36mDEBUG &amp#27;[m[&amp#27;[1;34mmain&amp#27;[m] &amp#27;[1;33mc.z.h.HikariConfig&amp#27;[m:  threadFactory................................internal
&amp#27;[30m2023-04-04T21:53:44,101&amp#27;[m &amp#27;[36mDEBUG &amp#27;[m[&amp#27;[1;34mmain&amp#27;[m] &amp#27;[1;33mc.z.h.HikariConfig&amp#27;[m:  transactionIsolation................................default
&amp#27;[30m2023-04-04T21:53:44,101&amp#27;[m &amp#27;[36mDEBUG &amp#27;[m[&amp#27;[1;34mmain&amp#27;[m] &amp#27;[1;33mc.z.h.HikariConfig&amp#27;[m:  username................................"it"
&amp#27;[30m2023-04-04T21:53:44,101&amp#27;[m &amp#27;[36mDEBUG &amp#27;[m[&amp#27;[1;34mmain&amp#27;[m] &amp#27;[1;33mc.z.h.HikariConfig&amp#27;[m:  validationTimeout................................5000
&amp#27;[30m2023-04-04T21:53:44,101&amp#27;[m &amp#27;[32mINFO  &amp#27;[m[&amp#27;[1;34mmain&amp#27;[m] &amp#27;[1;33mc.z.h.HikariDataSource&amp#27;[m:  HikariPool-5 - Starting...
&amp#27;[30m2023-04-04T21:53:44,133&amp#27;[m &amp#27;[36mDEBUG &amp#27;[m[&amp#27;[1;34mmain&amp#27;[m] &amp#27;[1;33mc.z.h.p.HikariPool&amp#27;[m:  HikariPool-5 - Added connection org.postgresql.jdbc.PgConnection@179f30b7
&amp#27;[30m2023-04-04T21:53:44,133&amp#27;[m &amp#27;[32mINFO  &amp#27;[m[&amp#27;[1;34mmain&amp#27;[m] &amp#27;[1;33mc.z.h.HikariDataSource&amp#27;[m:  HikariPool-5 - Start completed.
&amp#27;[30m2023-04-04T21:53:44,134&amp#27;[m &amp#27;[32mINFO  &amp#27;[m[&amp#27;[1;34mmain&amp#27;[m] &amp#27;[1;33mo.s.b.a.h.H2ConsoleAutoConfiguration&amp#27;[m:  H2 console available at '/h2-ui'. Database available at 'jdbc:postgresql://localhost:55013/test-db?loggerLevel=OFF?nullNamePatternMatchesAll=true&useSSL=false&useUnicode=yes&characterEncoding=UTF-8'
&amp#27;[30m2023-04-04T21:53:44,140&amp#27;[m &amp#27;[36mDEBUG &amp#27;[m[&amp#27;[1;34mmain&amp#27;[m] &amp#27;[1;33mo.s.b.f.s.DefaultSingletonBeanRegistry&amp#27;[m:  Creating shared instance of singleton bean 'errorPageSecurityFilter'
&amp#27;[30m2023-04-04T21:53:44,140&amp#27;[m &amp#27;[36mDEBUG &amp#27;[m[&amp#27;[1;34mmain&amp#27;[m] &amp#27;[1;33mo.s.b.f.s.DefaultSingletonBeanRegistry&amp#27;[m:  Creating shared instance of singleton bean 'org.springframework.boot.autoconfigure.security.servlet.SpringBootWebSecurityConfiguration$ErrorPageSecurityFilterConfiguration'
&amp#27;[30m2023-04-04T21:53:44,143&amp#27;[m &amp#27;[36mDEBUG &amp#27;[m[&amp#27;[1;34mmain&amp#27;[m] &amp#27;[1;33mo.s.b.f.s.ConstructorResolver&amp#27;[m:  Autowiring by type from bean name 'errorPageSecurityFilter' via factory method to bean named 'org.springframework.boot.web.servlet.context.AnnotationConfigServletWebServerApplicationContext@6731b6bd'
&amp#27;[30m2023-04-04T21:53:44,150&amp#27;[m &amp#27;[36mDEBUG &amp#27;[m[&amp#27;[1;34mmain&amp#27;[m] &amp#27;[1;33mo.s.b.f.s.DefaultSingletonBeanRegistry&amp#27;[m:  Creating shared instance of singleton bean 'securityFilterChainRegistration'
&amp#27;[30m2023-04-04T21:53:44,151&amp#27;[m &amp#27;[36mDEBUG &amp#27;[m[&amp#27;[1;34mmain&amp#27;[m] &amp#27;[1;33mo.s.b.f.s.DefaultSingletonBeanRegistry&amp#27;[m:  Creating shared instance of singleton bean 'org.springframework.boot.autoconfigure.security.servlet.SecurityFilterAutoConfiguration'
&amp#27;[30m2023-04-04T21:53:44,153&amp#27;[m &amp#27;[36mDEBUG &amp#27;[m[&amp#27;[1;34mmain&amp#27;[m] &amp#27;[1;33mo.s.b.f.s.DefaultSingletonBeanRegistry&amp#27;[m:  Creating shared instance of singleton bean 'spring.security-org.springframework.boot.autoconfigure.security.SecurityProperties'
&amp#27;[30m2023-04-04T21:53:44,155&amp#27;[m &amp#27;[36mDEBUG &amp#27;[m[&amp#27;[1;34mmain&amp#27;[m] &amp#27;[1;33mo.s.b.f.s.ConstructorResolver&amp#27;[m:  Autowiring by type from bean name 'securityFilterChainRegistration' via factory method to bean named 'spring.security-org.springframework.boot.autoconfigure.security.SecurityProperties'
&amp#27;[30m2023-04-04T21:53:44,165&amp#27;[m &amp#27;[36mDEBUG &amp#27;[m[&amp#27;[1;34mmain&amp#27;[m] &amp#27;[1;33mo.s.b.f.s.DefaultSingletonBeanRegistry&amp#27;[m:  Creating shared instance of singleton bean 'jwtRequestFilter'
&amp#27;[30m2023-04-04T21:53:44,175&amp#27;[m &amp#27;[36mDEBUG &amp#27;[m[&amp#27;[1;34mmain&amp#27;[m] &amp#27;[1;33mo.s.b.f.s.DefaultSingletonBeanRegistry&amp#27;[m:  Creating shared instance of singleton bean 'tokenService'
&amp#27;[30m2023-04-04T21:53:44,176&amp#27;[m &amp#27;[36mDEBUG &amp#27;[m[&amp#27;[1;34mmain&amp#27;[m] &amp#27;[1;33mo.s.b.f.s.DefaultSingletonBeanRegistry&amp#27;[m:  Creating shared instance of singleton bean 'tokenRepository'
&amp#27;[30m2023-04-04T21:53:44,222&amp#27;[m &amp#27;[36mDEBUG &amp#27;[m[&amp#27;[1;34mmain&amp#27;[m] &amp#27;[1;33mo.s.b.f.s.DefaultSingletonBeanRegistry&amp#27;[m:  Creating shared instance of singleton bean 'flyway'
&amp#27;[30m2023-04-04T21:53:44,222&amp#27;[m &amp#27;[36mDEBUG &amp#27;[m[&amp#27;[1;34mmain&amp#27;[m] &amp#27;[1;33mo.s.b.f.s.DefaultSingletonBeanRegistry&amp#27;[m:  Creating shared instance of singleton bean 'org.springframework.boot.autoconfigure.flyway.FlywayAutoConfiguration$FlywayConfiguration'
&amp#27;[30m2023-04-04T21:53:44,227&amp#27;[m &amp#27;[36mDEBUG &amp#27;[m[&amp#27;[1;34mmain&amp#27;[m] &amp#27;[1;33mo.s.b.f.s.DefaultSingletonBeanRegistry&amp#27;[m:  Creating shared instance of singleton bean 'spring.flyway-org.springframework.boot.autoconfigure.flyway.FlywayProperties'
&amp#27;[30m2023-04-04T21:53:44,239&amp#27;[m &amp#27;[36mDEBUG &amp#27;[m[&amp#27;[1;34mHikariPool-5 housekeeper&amp#27;[m] &amp#27;[1;33mc.z.h.p.HikariPool&amp#27;[m:  HikariPool-5 - Pool stats (total=1, active=0, idle=1, waiting=0)
&amp#27;[30m2023-04-04T21:53:44,248&amp#27;[m &amp#27;[36mDEBUG &amp#27;[m[&amp#27;[1;34mmain&amp#27;[m] &amp#27;[1;33mo.s.b.f.s.ConstructorResolver&amp#27;[m:  Autowiring by type from bean name 'flyway' via factory method to bean named 'spring.flyway-org.springframework.boot.autoconfigure.flyway.FlywayProperties'
&amp#27;[30m2023-04-04T21:53:44,248&amp#27;[m &amp#27;[36mDEBUG &amp#27;[m[&amp#27;[1;34mmain&amp#27;[m] &amp#27;[1;33mo.s.b.f.s.ConstructorResolver&amp#27;[m:  Autowiring by type from bean name 'flyway' via factory method to bean named 'org.springframework.boot.web.servlet.context.AnnotationConfigServletWebServerApplicationContext@6731b6bd'
&amp#27;[30m2023-04-04T21:53:44,261&amp#27;[m &amp#27;[36mDEBUG &amp#27;[m[&amp#27;[1;34mmain&amp#27;[m] &amp#27;[1;33mo.s.b.f.s.DefaultSingletonBeanRegistry&amp#27;[m:  Creating shared instance of singleton bean 'flywayInitializer'
&amp#27;[30m2023-04-04T21:53:44,263&amp#27;[m &amp#27;[36mDEBUG &amp#27;[m[&amp#27;[1;34mmain&amp#27;[m] &amp#27;[1;33mo.s.b.f.s.ConstructorResolver&amp#27;[m:  Autowiring by type from bean name 'flywayInitializer' via factory method to bean named 'flyway'
&amp#27;[30m2023-04-04T21:53:44,266&amp#27;[m &amp#27;[36mDEBUG &amp#27;[m[&amp#27;[1;34mmain&amp#27;[m] &amp#27;[1;33mo.f.c.i.l.s.Slf4jLog&amp#27;[m:  Scanning for classpath resources at 'classpath:db/migration' ...
&amp#27;[30m2023-04-04T21:53:44,266&amp#27;[m &amp#27;[36mDEBUG &amp#27;[m[&amp#27;[1;34mmain&amp#27;[m] &amp#27;[1;33mo.f.c.i.l.s.Slf4jLog&amp#27;[m:  Determining location urls for classpath:db/migration using ClassLoader TomcatEmbeddedWebappClassLoader
  context: ROOT
  delegate: true
----------> Parent Classloader:
jdk.internal.loader.ClassLoaders$AppClassLoader@55054057
 ...
&amp#27;[30m2023-04-04T21:53:44,267&amp#27;[m &amp#27;[36mDEBUG &amp#27;[m[&amp#27;[1;34mmain&amp#27;[m] &amp#27;[1;33mo.f.c.i.l.s.Slf4jLog&amp#27;[m:  Scanning URL: file:/Users/josephlpz/Documents/JustWork/JustWork-server/target/classes/db/migration
&amp#27;[30m2023-04-04T21:53:44,267&amp#27;[m &amp#27;[36mDEBUG &amp#27;[m[&amp#27;[1;34mmain&amp#27;[m] &amp#27;[1;33mo.f.c.i.l.s.Slf4jLog&amp#27;[m:  JBoss VFS v2 available: false
&amp#27;[30m2023-04-04T21:53:44,267&amp#27;[m &amp#27;[36mDEBUG &amp#27;[m[&amp#27;[1;34mmain&amp#27;[m] &amp#27;[1;33mo.f.c.i.l.s.Slf4jLog&amp#27;[m:  Scanning starting at classpath root in filesystem: /Users/josephlpz/Documents/JustWork/JustWork-server/target/classes/
&amp#27;[30m2023-04-04T21:53:44,267&amp#27;[m &amp#27;[36mDEBUG &amp#27;[m[&amp#27;[1;34mmain&amp#27;[m] &amp#27;[1;33mo.f.c.i.l.s.Slf4jLog&amp#27;[m:  Scanning for resources in path: /Users/josephlpz/Documents/JustWork/JustWork-server/target/classes/db/migration (db/migration)
&amp#27;[30m2023-04-04T21:53:44,268&amp#27;[m &amp#27;[36mDEBUG &amp#27;[m[&amp#27;[1;34mmain&amp#27;[m] &amp#27;[1;33mo.f.c.i.l.s.Slf4jLog&amp#27;[m:  Found resource: db/migration/V1__create_init_tables.sql
&amp#27;[30m2023-04-04T21:53:44,268&amp#27;[m &amp#27;[36mDEBUG &amp#27;[m[&amp#27;[1;34mmain&amp#27;[m] &amp#27;[1;33mo.f.c.i.l.s.Slf4jLog&amp#27;[m:  Scanning for classes at classpath:db/migration
&amp#27;[30m2023-04-04T21:53:44,269&amp#27;[m &amp#27;[36mDEBUG &amp#27;[m[&amp#27;[1;34mHikariPool-5 connection adder&amp#27;[m] &amp#27;[1;33mc.z.h.p.HikariPool$PoolEntryCreator&amp#27;[m:  HikariPool-5 - Added connection org.postgresql.jdbc.PgConnection@3f90ed56
&amp#27;[30m2023-04-04T21:53:44,271&amp#27;[m &amp#27;[32mINFO  &amp#27;[m[&amp#27;[1;34mmain&amp#27;[m] &amp#27;[1;33mo.f.c.i.l.s.Slf4jLog&amp#27;[m:  Database: jdbc:postgresql://localhost:55013/test-db (PostgreSQL 11.8)
&amp#27;[30m2023-04-04T21:53:44,272&amp#27;[m &amp#27;[36mDEBUG &amp#27;[m[&amp#27;[1;34mmain&amp#27;[m] &amp#27;[1;33mo.f.c.i.l.s.Slf4jLog&amp#27;[m:  Driver  : PostgreSQL JDBC Driver 42.2.11
&amp#27;[30m2023-04-04T21:53:44,272&amp#27;[m &amp#27;[36mDEBUG &amp#27;[m[&amp#27;[1;34mmain&amp#27;[m] &amp#27;[1;33mo.f.c.i.l.s.Slf4jLog&amp#27;[m:  DDL Transactions Supported: true
&amp#27;[30m2023-04-04T21:53:44,272&amp#27;[m &amp#27;[36mDEBUG &amp#27;[m[&amp#27;[1;34mmain&amp#27;[m] &amp#27;[1;33mo.f.c.i.l.s.Slf4jLog&amp#27;[m:  Schemas: 
&amp#27;[30m2023-04-04T21:53:44,272&amp#27;[m &amp#27;[36mDEBUG &amp#27;[m[&amp#27;[1;34mmain&amp#27;[m] &amp#27;[1;33mo.f.c.i.l.s.Slf4jLog&amp#27;[m:  Default schema: null
&amp#27;[30m2023-04-04T21:53:44,284&amp#27;[m &amp#27;[36mDEBUG &amp#27;[m[&amp#27;[1;34mmain&amp#27;[m] &amp#27;[1;33mo.f.c.i.l.s.Slf4jLog&amp#27;[m:  Scanning for SQL callbacks ...
&amp#27;[30m2023-04-04T21:53:44,285&amp#27;[m &amp#27;[36mDEBUG &amp#27;[m[&amp#27;[1;34mHikariPool-5 connection adder&amp#27;[m] &amp#27;[1;33mc.z.h.p.HikariPool$PoolEntryCreator&amp#27;[m:  HikariPool-5 - Added connection org.postgresql.jdbc.PgConnection@315714d4
&amp#27;[30m2023-04-04T21:53:44,287&amp#27;[m &amp#27;[36mDEBUG &amp#27;[m[&amp#27;[1;34mmain&amp#27;[m] &amp#27;[1;33mo.f.c.i.l.s.Slf4jLog&amp#27;[m:  Validating migrations ...
&amp#27;[30m2023-04-04T21:53:44,288&amp#27;[m &amp#27;[36mDEBUG &amp#27;[m[&amp#27;[1;34mmain&amp#27;[m] &amp#27;[1;33mo.f.c.i.l.s.Slf4jLog&amp#27;[m:  Filtering out resource: db/migration/V1__create_init_tables.sql (filename: V1__create_init_tables.sql)
&amp#27;[30m2023-04-04T21:53:44,296&amp#27;[m &amp#27;[32mINFO  &amp#27;[m[&amp#27;[1;34mmain&amp#27;[m] &amp#27;[1;33mo.f.c.i.l.s.Slf4jLog&amp#27;[m:  Successfully validated 1 migration (execution time 00:00.008s)
&amp#27;[30m2023-04-04T21:53:44,303&amp#27;[m &amp#27;[36mDEBUG &amp#27;[m[&amp#27;[1;34mHikariPool-5 connection adder&amp#27;[m] &amp#27;[1;33mc.z.h.p.HikariPool$PoolEntryCreator&amp#27;[m:  HikariPool-5 - Added connection org.postgresql.jdbc.PgConnection@35688626
&amp#27;[30m2023-04-04T21:53:44,312&amp#27;[m &amp#27;[32mINFO  &amp#27;[m[&amp#27;[1;34mmain&amp#27;[m] &amp#27;[1;33mo.f.c.i.l.s.Slf4jLog&amp#27;[m:  Current version of schema "public": << Empty Schema >>
&amp#27;[30m2023-04-04T21:53:44,312&amp#27;[m &amp#27;[36mDEBUG &amp#27;[m[&amp#27;[1;34mmain&amp#27;[m] &amp#27;[1;33mo.f.c.i.l.s.Slf4jLog&amp#27;[m:  Parsing V1__create_init_tables.sql ...
&amp#27;[30m2023-04-04T21:53:44,314&amp#27;[m &amp#27;[36mDEBUG &amp#27;[m[&amp#27;[1;34mmain&amp#27;[m] &amp#27;[1;33mo.f.c.i.l.s.Slf4jLog&amp#27;[m:  Found statement at line 1: CREATE TABLE usuario (
    id                  BIGSERIAL PRIMARY KEY,
    uuid                uuid DEFAULT NULL,
    rut                 character varying(20) NOT NULL,
    nombre              character varying(255) DEFAULT NULL,
    email               character varying(255) NOT NULL,
    telefono            character varying(255) NOT NULL,
    eliminado           boolean NOT NULL DEFAULT false,
    fecha_creacion      timestamp without time zone NOT NULL,
    fecha_actualizacion timestamp without time zone,
    password_sha512     character varying(128) NOT NULL,
    firma               character varying(128) DEFAULT NULL,
    apellido   character varying(255) DEFAULT NULL,
    profesion   character varying(255) DEFAULT NULL,
    tipo       character varying(250) DEFAULT NULL
)
&amp#27;[30m2023-04-04T21:53:44,314&amp#27;[m &amp#27;[36mDEBUG &amp#27;[m[&amp#27;[1;34mmain&amp#27;[m] &amp#27;[1;33mo.f.c.i.l.s.Slf4jLog&amp#27;[m:  Found statement at line 18: CREATE UNIQUE INDEX usuario_uuid_key ON usuario(uuid uuid_ops)
&amp#27;[30m2023-04-04T21:53:44,314&amp#27;[m &amp#27;[36mDEBUG &amp#27;[m[&amp#27;[1;34mmain&amp#27;[m] &amp#27;[1;33mo.f.c.i.l.s.Slf4jLog&amp#27;[m:  Found statement at line 20: CREATE TABLE token (
    id                  BIGSERIAL PRIMARY KEY,
    fecha_creacion      timestamp without time zone,
    fecha_expiracion    timestamp without time zone,
    sso_fecha_expiracion    timestamp without time zone,
    sha_token           character varying(128) DEFAULT NULL,
    firma               character varying(128) DEFAULT NULL,
    usuario_id          bigint NOT NULL,
    sso_access_token    character varying(255) DEFAULT NULL
    sso_refresh_token    character varying(255) DEFAULT NULL
)
&amp#27;[30m2023-04-04T21:53:44,314&amp#27;[m &amp#27;[36mDEBUG &amp#27;[m[&amp#27;[1;34mmain&amp#27;[m] &amp#27;[1;33mo.f.c.i.l.s.Slf4jLog&amp#27;[m:  Found statement at line 33: CREATE TABLE rol(
    id                  BIGSERIAL PRIMARY KEY,
    uuid                uuid DEFAULT NULL,
    nombre              character varying(100) NOT NULL
)
&amp#27;[30m2023-04-04T21:53:44,315&amp#27;[m &amp#27;[36mDEBUG &amp#27;[m[&amp#27;[1;34mmain&amp#27;[m] &amp#27;[1;33mo.f.c.i.l.s.Slf4jLog&amp#27;[m:  Found statement at line 39: CREATE TABLE usuario_roles(
 usuario_id         bigserial not null,
 rol_id             bigserial not null,
 PRIMARY KEY (usuario_id,rol_id)
)
&amp#27;[30m2023-04-04T21:53:44,315&amp#27;[m &amp#27;[36mDEBUG &amp#27;[m[&amp#27;[1;34mmain&amp#27;[m] &amp#27;[1;33mo.f.c.i.l.s.Slf4jLog&amp#27;[m:  Found statement at line 44: create index ix_usuario_roles_usuario_id on usuario_roles (usuario_id)
&amp#27;[30m2023-04-04T21:53:44,315&amp#27;[m &amp#27;[36mDEBUG &amp#27;[m[&amp#27;[1;34mmain&amp#27;[m] &amp#27;[1;33mo.f.c.i.l.s.Slf4jLog&amp#27;[m:  Found statement at line 45: create index ix_usuario_roles_rol_id on usuario_roles (rol_id)
&amp#27;[30m2023-04-04T21:53:44,315&amp#27;[m &amp#27;[36mDEBUG &amp#27;[m[&amp#27;[1;34mmain&amp#27;[m] &amp#27;[1;33mo.f.c.i.l.s.Slf4jLog&amp#27;[m:  Found statement at line 46: alter table usuario_roles add constraint fk_usuario_roles_usuario_id foreign key (usuario_id) references usuario (id)
&amp#27;[30m2023-04-04T21:53:44,315&amp#27;[m &amp#27;[36mDEBUG &amp#27;[m[&amp#27;[1;34mmain&amp#27;[m] &amp#27;[1;33mo.f.c.i.l.s.Slf4jLog&amp#27;[m:  Found statement at line 47: alter table usuario_roles add constraint fk_usuario_roles_rol_id foreign key (rol_id) references rol (id)
&amp#27;[30m2023-04-04T21:53:44,315&amp#27;[m &amp#27;[36mDEBUG &amp#27;[m[&amp#27;[1;34mmain&amp#27;[m] &amp#27;[1;33mo.f.c.i.l.s.Slf4jLog&amp#27;[m:  Starting migration of schema "public" to version 1 - create init tables ...
&amp#27;[30m2023-04-04T21:53:44,317&amp#27;[m &amp#27;[36mDEBUG &amp#27;[m[&amp#27;[1;34mHikariPool-5 connection adder&amp#27;[m] &amp#27;[1;33mc.z.h.p.HikariPool$PoolEntryCreator&amp#27;[m:  HikariPool-5 - Added connection org.postgresql.jdbc.PgConnection@706a1eef
&amp#27;[30m2023-04-04T21:53:44,322&amp#27;[m &amp#27;[32mINFO  &amp#27;[m[&amp#27;[1;34mmain&amp#27;[m] &amp#27;[1;33mo.f.c.i.l.s.Slf4jLog&amp#27;[m:  Migrating schema "public" to version 1 - create init tables
&amp#27;[30m2023-04-04T21:53:44,322&amp#27;[m &amp#27;[36mDEBUG &amp#27;[m[&amp#27;[1;34mmain&amp#27;[m] &amp#27;[1;33mo.f.c.i.l.s.Slf4jLog&amp#27;[m:  Executing SQL: CREATE TABLE usuario (
    id                  BIGSERIAL PRIMARY KEY,
    uuid                uuid DEFAULT NULL,
    rut                 character varying(20) NOT NULL,
    nombre              character varying(255) DEFAULT NULL,
    email               character varying(255) NOT NULL,
    telefono            character varying(255) NOT NULL,
    eliminado           boolean NOT NULL DEFAULT false,
    fecha_creacion      timestamp without time zone NOT NULL,
    fecha_actualizacion timestamp without time zone,
    password_sha512     character varying(128) NOT NULL,
    firma               character varying(128) DEFAULT NULL,
    apellido   character varying(255) DEFAULT NULL,
    profesion   character varying(255) DEFAULT NULL,
    tipo       character varying(250) DEFAULT NULL
)
&amp#27;[30m2023-04-04T21:53:44,327&amp#27;[m &amp#27;[36mDEBUG &amp#27;[m[&amp#27;[1;34mmain&amp#27;[m] &amp#27;[1;33mo.f.c.i.l.s.Slf4jLog&amp#27;[m:  Update Count: 0
&amp#27;[30m2023-04-04T21:53:44,327&amp#27;[m &amp#27;[36mDEBUG &amp#27;[m[&amp#27;[1;34mmain&amp#27;[m] &amp#27;[1;33mo.f.c.i.l.s.Slf4jLog&amp#27;[m:  Executing SQL: CREATE UNIQUE INDEX usuario_uuid_key ON usuario(uuid uuid_ops)
&amp#27;[30m2023-04-04T21:53:44,330&amp#27;[m &amp#27;[36mDEBUG &amp#27;[m[&amp#27;[1;34mmain&amp#27;[m] &amp#27;[1;33mo.f.c.i.l.s.Slf4jLog&amp#27;[m:  Update Count: 0
&amp#27;[30m2023-04-04T21:53:44,330&amp#27;[m &amp#27;[36mDEBUG &amp#27;[m[&amp#27;[1;34mmain&amp#27;[m] &amp#27;[1;33mo.f.c.i.l.s.Slf4jLog&amp#27;[m:  Executing SQL: CREATE TABLE token (
    id                  BIGSERIAL PRIMARY KEY,
    fecha_creacion      timestamp without time zone,
    fecha_expiracion    timestamp without time zone,
    sso_fecha_expiracion    timestamp without time zone,
    sha_token           character varying(128) DEFAULT NULL,
    firma               character varying(128) DEFAULT NULL,
    usuario_id          bigint NOT NULL,
    sso_access_token    character varying(255) DEFAULT NULL
    sso_refresh_token    character varying(255) DEFAULT NULL
)
&amp#27;[30m2023-04-04T21:53:44,331&amp#27;[m &amp#27;[36mDEBUG &amp#27;[m[&amp#27;[1;34mHikariPool-5 connection adder&amp#27;[m] &amp#27;[1;33mc.z.h.p.HikariPool$PoolEntryCreator&amp#27;[m:  HikariPool-5 - Added connection org.postgresql.jdbc.PgConnection@4828a7e9
&amp#27;[30m2023-04-04T21:53:44,335&amp#27;[m &amp#27;[36mDEBUG &amp#27;[m[&amp#27;[1;34mmain&amp#27;[m] &amp#27;[1;33mo.f.c.i.l.s.Slf4jLog&amp#27;[m:  Rolling back transaction...
&amp#27;[30m2023-04-04T21:53:44,337&amp#27;[m &amp#27;[36mDEBUG &amp#27;[m[&amp#27;[1;34mmain&amp#27;[m] &amp#27;[1;33mo.f.c.i.l.s.Slf4jLog&amp#27;[m:  Transaction rolled back
&amp#27;[30m2023-04-04T21:53:44,337&amp#27;[m &amp#27;[1;31mERROR &amp#27;[m[&amp#27;[1;34mmain&amp#27;[m] &amp#27;[1;33mo.f.c.i.l.s.Slf4jLog&amp#27;[m:  Migration of schema "public" to version 1 - create init tables failed! Changes successfully rolled back.
&amp#27;[30m2023-04-04T21:53:44,343&amp#27;[m &amp#27;[36mDEBUG &amp#27;[m[&amp#27;[1;34mmain&amp#27;[m] &amp#27;[1;33mo.f.c.i.l.s.Slf4jLog&amp#27;[m:  Memory usage: 119 of 156M
&amp#27;[30m2023-04-04T21:53:44,345&amp#27;[m &amp#27;[1;31mERROR &amp#27;[m[&amp#27;[1;34mmain&amp#27;[m] &amp#27;[1;33mo.s.b.w.e.t.TomcatStarter&amp#27;[m:  Error starting Tomcat context. Exception: org.springframework.beans.factory.UnsatisfiedDependencyException. Message: Error creating bean with name 'jwtRequestFilter': Unsatisfied dependency expressed through field 'tokenService'; nested exception is org.springframework.beans.factory.UnsatisfiedDependencyException: Error creating bean with name 'tokenService': Unsatisfied dependency expressed through field 'tokenRepository'; nested exception is org.springframework.beans.factory.BeanCreationException: Error creating bean with name 'tokenRepository' defined in JustWork.server.repository.TokenRepository defined in @EnableJpaRepositories declared on JpaRepositoriesRegistrar.EnableJpaRepositoriesConfiguration: Cannot create inner bean '(inner bean)#147ea894' of type [org.springframework.orm.jpa.SharedEntityManagerCreator] while setting bean property 'entityManager'; nested exception is org.springframework.beans.factory.BeanCreationException: Error creating bean with name '(inner bean)#147ea894': Cannot resolve reference to bean 'entityManagerFactory' while setting constructor argument; nested exception is org.springframework.beans.factory.BeanCreationException: Error creating bean with name 'flywayInitializer' defined in class path resource [org/springframework/boot/autoconfigure/flyway/FlywayAutoConfiguration$FlywayConfiguration.class]: Invocation of init method failed; nested exception is java.lang.reflect.InvocationTargetException
&amp#27;[30m2023-04-04T21:53:44,347&amp#27;[m &amp#27;[36mDEBUG &amp#27;[m[&amp#27;[1;34mHikariPool-5 connection adder&amp#27;[m] &amp#27;[1;33mc.z.h.p.HikariPool$PoolEntryCreator&amp#27;[m:  HikariPool-5 - Added connection org.postgresql.jdbc.PgConnection@41d0eb8c
&amp#27;[30m2023-04-04T21:53:44,356&amp#27;[m &amp#27;[33mWARN  &amp#27;[m[&amp#27;[1;34mmain&amp#27;[m] &amp#27;[1;33mo.s.c.s.AbstractApplicationContext&amp#27;[m:  Exception encountered during context initialization - cancelling refresh attempt: org.springframework.context.ApplicationContextException: Unable to start web server; nested exception is org.springframework.boot.web.server.WebServerException: Unable to start embedded Tomcat
&amp#27;[30m2023-04-04T21:53:44,357&amp#27;[m &amp#27;[32mINFO  &amp#27;[m[&amp#27;[1;34mmain&amp#27;[m] &amp#27;[1;33mc.z.h.HikariDataSource&amp#27;[m:  HikariPool-5 - Shutdown initiated...
&amp#27;[30m2023-04-04T21:53:44,358&amp#27;[m &amp#27;[36mDEBUG &amp#27;[m[&amp#27;[1;34mmain&amp#27;[m] &amp#27;[1;33mc.z.h.p.HikariPool&amp#27;[m:  HikariPool-5 - Before shutdown stats (total=7, active=0, idle=7, waiting=0)
&amp#27;[30m2023-04-04T21:53:44,360&amp#27;[m &amp#27;[36mDEBUG &amp#27;[m[&amp#27;[1;34mHikariPool-5 connection closer&amp#27;[m] &amp#27;[1;33mc.z.h.p.PoolBase&amp#27;[m:  HikariPool-5 - Closing connection org.postgresql.jdbc.PgConnection@179f30b7: (connection evicted)
&amp#27;[30m2023-04-04T21:53:44,363&amp#27;[m &amp#27;[36mDEBUG &amp#27;[m[&amp#27;[1;34mHikariPool-5 connection closer&amp#27;[m] &amp#27;[1;33mc.z.h.p.PoolBase&amp#27;[m:  HikariPool-5 - Closing connection org.postgresql.jdbc.PgConnection@3f90ed56: (connection evicted)
&amp#27;[30m2023-04-04T21:53:44,364&amp#27;[m &amp#27;[36mDEBUG &amp#27;[m[&amp#27;[1;34mHikariPool-5 connection closer&amp#27;[m] &amp#27;[1;33mc.z.h.p.PoolBase&amp#27;[m:  HikariPool-5 - Closing connection org.postgresql.jdbc.PgConnection@315714d4: (connection evicted)
&amp#27;[30m2023-04-04T21:53:44,365&amp#27;[m &amp#27;[36mDEBUG &amp#27;[m[&amp#27;[1;34mHikariPool-5 connection closer&amp#27;[m] &amp#27;[1;33mc.z.h.p.PoolBase&amp#27;[m:  HikariPool-5 - Closing connection org.postgresql.jdbc.PgConnection@35688626: (connection evicted)
&amp#27;[30m2023-04-04T21:53:44,368&amp#27;[m &amp#27;[36mDEBUG &amp#27;[m[&amp#27;[1;34mHikariPool-5 connection closer&amp#27;[m] &amp#27;[1;33mc.z.h.p.PoolBase&amp#27;[m:  HikariPool-5 - Closing connection org.postgresql.jdbc.PgConnection@706a1eef: (connection evicted)
&amp#27;[30m2023-04-04T21:53:44,368&amp#27;[m &amp#27;[36mDEBUG &amp#27;[m[&amp#27;[1;34mHikariPool-5 connection adder&amp#27;[m] &amp#27;[1;33mc.z.h.p.HikariPool$PoolEntryCreator&amp#27;[m:  HikariPool-5 - Added connection org.postgresql.jdbc.PgConnection@30780c26
&amp#27;[30m2023-04-04T21:53:44,372&amp#27;[m &amp#27;[36mDEBUG &amp#27;[m[&amp#27;[1;34mHikariPool-5 connection closer&amp#27;[m] &amp#27;[1;33mc.z.h.p.PoolBase&amp#27;[m:  HikariPool-5 - Closing connection org.postgresql.jdbc.PgConnection@4828a7e9: (connection evicted)
&amp#27;[30m2023-04-04T21:53:44,376&amp#27;[m &amp#27;[36mDEBUG &amp#27;[m[&amp#27;[1;34mHikariPool-5 connection closer&amp#27;[m] &amp#27;[1;33mc.z.h.p.PoolBase&amp#27;[m:  HikariPool-5 - Closing connection org.postgresql.jdbc.PgConnection@41d0eb8c: (connection evicted)
&amp#27;[30m2023-04-04T21:53:44,380&amp#27;[m &amp#27;[36mDEBUG &amp#27;[m[&amp#27;[1;34mHikariPool-5 connection closer&amp#27;[m] &amp#27;[1;33mc.z.h.p.PoolBase&amp#27;[m:  HikariPool-5 - Closing connection org.postgresql.jdbc.PgConnection@30780c26: (connection evicted)
&amp#27;[30m2023-04-04T21:53:44,380&amp#27;[m &amp#27;[36mDEBUG &amp#27;[m[&amp#27;[1;34mmain&amp#27;[m] &amp#27;[1;33mc.z.h.p.HikariPool&amp#27;[m:  HikariPool-5 - After shutdown stats (total=0, active=0, idle=0, waiting=0)
&amp#27;[30m2023-04-04T21:53:44,381&amp#27;[m &amp#27;[32mINFO  &amp#27;[m[&amp#27;[1;34mmain&amp#27;[m] &amp#27;[1;33mc.z.h.HikariDataSource&amp#27;[m:  HikariPool-5 - Shutdown completed.
&amp#27;[30m2023-04-04T21:53:44,404&amp#27;[m &amp#27;[36mDEBUG &amp#27;[m[&amp#27;[1;34mmain&amp#27;[m] &amp#27;[1;33mo.s.b.a.l.ConditionEvaluationReportLoggingListener&amp#27;[m:  


============================
CONDITIONS EVALUATION REPORT
============================


Positive matches:
-----------------

   AopAutoConfiguration matched:
      - @ConditionalOnProperty (spring.aop.auto=true) matched (OnPropertyCondition)

   AopAutoConfiguration.AspectJAutoProxyingConfiguration matched:
      - @ConditionalOnClass found required class 'org.aspectj.weaver.Advice' (OnClassCondition)

   AopAutoConfiguration.AspectJAutoProxyingConfiguration.CglibAutoProxyConfiguration matched:
      - @ConditionalOnProperty (spring.aop.proxy-target-class=true) matched (OnPropertyCondition)

   DataSourceAutoConfiguration matched:
      - @ConditionalOnClass found required classes 'javax.sql.DataSource', 'org.springframework.jdbc.datasource.embedded.EmbeddedDatabaseType' (OnClassCondition)
      - @ConditionalOnMissingBean (types: io.r2dbc.spi.ConnectionFactory; SearchStrategy: all) did not find any beans (OnBeanCondition)

   DataSourceAutoConfiguration.PooledDataSourceConfiguration matched:
      - AnyNestedCondition 1 matched 1 did not; NestedCondition on DataSourceAutoConfiguration.PooledDataSourceCondition.PooledDataSourceAvailable PooledDataSource found supported DataSource; NestedCondition on DataSourceAutoConfiguration.PooledDataSourceCondition.ExplicitType @ConditionalOnProperty (spring.datasource.type) did not find property 'type' (DataSourceAutoConfiguration.PooledDataSourceCondition)
      - @ConditionalOnMissingBean (types: javax.sql.DataSource,javax.sql.XADataSource; SearchStrategy: all) did not find any beans (OnBeanCondition)

   DataSourceConfiguration.Hikari matched:
      - @ConditionalOnClass found required class 'com.zaxxer.hikari.HikariDataSource' (OnClassCondition)
      - @ConditionalOnProperty (spring.datasource.type=com.zaxxer.hikari.HikariDataSource) matched (OnPropertyCondition)
      - @ConditionalOnMissingBean (types: javax.sql.DataSource; SearchStrategy: all) did not find any beans (OnBeanCondition)

   DataSourceInitializationConfiguration matched:
      - @ConditionalOnClass found required class 'org.springframework.jdbc.datasource.init.DatabasePopulator' (OnClassCondition)
      - @ConditionalOnSingleCandidate (types: javax.sql.DataSource; SearchStrategy: all) found a single bean 'dataSource'; @ConditionalOnMissingBean (types: org.springframework.boot.autoconfigure.sql.init.SqlDataSourceScriptDatabaseInitializer,org.springframework.boot.autoconfigure.sql.init.SqlR2dbcScriptDatabaseInitializer; SearchStrategy: all) did not find any beans (OnBeanCondition)

   DataSourcePoolMetadataProvidersConfiguration.HikariPoolDataSourceMetadataProviderConfiguration matched:
      - @ConditionalOnClass found required class 'com.zaxxer.hikari.HikariDataSource' (OnClassCondition)

   DataSourceTransactionManagerAutoConfiguration matched:
      - @ConditionalOnClass found required classes 'org.springframework.jdbc.core.JdbcTemplate', 'org.springframework.transaction.TransactionManager' (OnClassCondition)

   DataSourceTransactionManagerAutoConfiguration.JdbcTransactionManagerConfiguration matched:
      - @ConditionalOnSingleCandidate (types: javax.sql.DataSource; SearchStrategy: all) found a single bean 'dataSource' (OnBeanCondition)

   DispatcherServletAutoConfiguration matched:
      - @ConditionalOnClass found required class 'org.springframework.web.servlet.DispatcherServlet' (OnClassCondition)
      - found 'session' scope (OnWebApplicationCondition)

   DispatcherServletAutoConfiguration.DispatcherServletConfiguration matched:
      - @ConditionalOnClass found required class 'javax.servlet.ServletRegistration' (OnClassCondition)
      - Default DispatcherServlet did not find dispatcher servlet beans (DispatcherServletAutoConfiguration.DefaultDispatcherServletCondition)

   DispatcherServletAutoConfiguration.DispatcherServletRegistrationConfiguration matched:
      - @ConditionalOnClass found required class 'javax.servlet.ServletRegistration' (OnClassCondition)
      - DispatcherServlet Registration did not find servlet registration bean (DispatcherServletAutoConfiguration.DispatcherServletRegistrationCondition)

   DispatcherServletAutoConfiguration.DispatcherServletRegistrationConfiguration#dispatcherServletRegistration matched:
      - @ConditionalOnBean (names: dispatcherServlet types: org.springframework.web.servlet.DispatcherServlet; SearchStrategy: all) found bean 'dispatcherServlet' (OnBeanCondition)

   EmbeddedWebServerFactoryCustomizerAutoConfiguration matched:
      - @ConditionalOnWebApplication (required) found 'session' scope (OnWebApplicationCondition)

   EmbeddedWebServerFactoryCustomizerAutoConfiguration.TomcatWebServerFactoryCustomizerConfiguration matched:
      - @ConditionalOnClass found required classes 'org.apache.catalina.startup.Tomcat', 'org.apache.coyote.UpgradeProtocol' (OnClassCondition)

   ErrorMvcAutoConfiguration matched:
      - @ConditionalOnClass found required classes 'javax.servlet.Servlet', 'org.springframework.web.servlet.DispatcherServlet' (OnClassCondition)
      - found 'session' scope (OnWebApplicationCondition)

   ErrorMvcAutoConfiguration#basicErrorController matched:
      - @ConditionalOnMissingBean (types: org.springframework.boot.web.servlet.error.ErrorController; SearchStrategy: current) did not find any beans (OnBeanCondition)

   ErrorMvcAutoConfiguration#errorAttributes matched:
      - @ConditionalOnMissingBean (types: org.springframework.boot.web.servlet.error.ErrorAttributes; SearchStrategy: current) did not find any beans (OnBeanCondition)

   ErrorMvcAutoConfiguration.DefaultErrorViewResolverConfiguration#conventionErrorViewResolver matched:
      - @ConditionalOnBean (types: org.springframework.web.servlet.DispatcherServlet; SearchStrategy: all) found bean 'dispatcherServlet'; @ConditionalOnMissingBean (types: org.springframework.boot.autoconfigure.web.servlet.error.ErrorViewResolver; SearchStrategy: all) did not find any beans (OnBeanCondition)

   ErrorMvcAutoConfiguration.WhitelabelErrorViewConfiguration matched:
      - @ConditionalOnProperty (server.error.whitelabel.enabled) matched (OnPropertyCondition)
      - ErrorTemplate Missing did not find error template view (ErrorMvcAutoConfiguration.ErrorTemplateMissingCondition)

   ErrorMvcAutoConfiguration.WhitelabelErrorViewConfiguration#beanNameViewResolver matched:
      - @ConditionalOnMissingBean (types: org.springframework.web.servlet.view.BeanNameViewResolver; SearchStrategy: all) did not find any beans (OnBeanCondition)

   ErrorMvcAutoConfiguration.WhitelabelErrorViewConfiguration#defaultErrorView matched:
      - @ConditionalOnMissingBean (names: error; SearchStrategy: all) did not find any beans (OnBeanCondition)

   FlywayAutoConfiguration matched:
      - @ConditionalOnClass found required class 'org.flywaydb.core.Flyway' (OnClassCondition)
      - @ConditionalOnProperty (spring.flyway.enabled) matched (OnPropertyCondition)
      - AnyNestedCondition 1 matched 1 did not; NestedCondition on FlywayAutoConfiguration.FlywayDataSourceCondition.FlywayUrlCondition @ConditionalOnProperty (spring.flyway.url) did not find property 'url'; NestedCondition on FlywayAutoConfiguration.FlywayDataSourceCondition.DataSourceBeanCondition @ConditionalOnBean (types: javax.sql.DataSource; SearchStrategy: all) found bean 'dataSource' (FlywayAutoConfiguration.FlywayDataSourceCondition)

   FlywayAutoConfiguration.FlywayConfiguration matched:
      - @ConditionalOnClass found required class 'org.springframework.jdbc.support.JdbcUtils' (OnClassCondition)
      - @ConditionalOnMissingBean (types: org.flywaydb.core.Flyway; SearchStrategy: all) did not find any beans (OnBeanCondition)

   FlywayAutoConfiguration.FlywayConfiguration#flywayInitializer matched:
      - @ConditionalOnMissingBean (types: org.springframework.boot.autoconfigure.flyway.FlywayMigrationInitializer; SearchStrategy: all) did not find any beans (OnBeanCondition)

   GenericCacheConfiguration matched:
      - Cache org.springframework.boot.autoconfigure.cache.GenericCacheConfiguration automatic cache type (CacheCondition)

   GroovyTemplateAutoConfiguration matched:
      - @ConditionalOnClass found required class 'groovy.text.markup.MarkupTemplateEngine' (OnClassCondition)

   GroovyTemplateAutoConfiguration.GroovyMarkupConfiguration matched:
      - @ConditionalOnClass found required class 'org.springframework.web.servlet.view.groovy.GroovyMarkupConfigurer' (OnClassCondition)

   GroovyTemplateAutoConfiguration.GroovyMarkupConfiguration#groovyMarkupConfigurer matched:
      - @ConditionalOnMissingBean (types: org.springframework.web.servlet.view.groovy.GroovyMarkupConfig; SearchStrategy: all) did not find any beans (OnBeanCondition)

   GroovyTemplateAutoConfiguration.GroovyWebConfiguration matched:
      - @ConditionalOnClass found required classes 'javax.servlet.Servlet', 'org.springframework.context.i18n.LocaleContextHolder', 'org.springframework.web.servlet.view.UrlBasedViewResolver' (OnClassCondition)
      - found 'session' scope (OnWebApplicationCondition)
      - @ConditionalOnProperty (spring.groovy.template.enabled) matched (OnPropertyCondition)

   GroovyTemplateAutoConfiguration.GroovyWebConfiguration#groovyMarkupViewResolver matched:
      - @ConditionalOnMissingBean (names: groovyMarkupViewResolver; SearchStrategy: all) did not find any beans (OnBeanCondition)

   GsonAutoConfiguration matched:
      - @ConditionalOnClass found required class 'com.google.gson.Gson' (OnClassCondition)

   GsonAutoConfiguration#gson matched:
      - @ConditionalOnMissingBean (types: com.google.gson.Gson; SearchStrategy: all) did not find any beans (OnBeanCondition)

   GsonAutoConfiguration#gsonBuilder matched:
      - @ConditionalOnMissingBean (types: com.google.gson.GsonBuilder; SearchStrategy: all) did not find any beans (OnBeanCondition)

   GsonHttpMessageConvertersConfiguration matched:
      - @ConditionalOnClass found required class 'com.google.gson.Gson' (OnClassCondition)

   H2ConsoleAutoConfiguration matched:
      - @ConditionalOnClass found required class 'org.h2.server.web.WebServlet' (OnClassCondition)
      - found 'session' scope (OnWebApplicationCondition)
      - @ConditionalOnProperty (spring.h2.console.enabled=true) matched (OnPropertyCondition)

   HibernateJpaAutoConfiguration matched:
      - @ConditionalOnClass found required classes 'org.springframework.orm.jpa.LocalContainerEntityManagerFactoryBean', 'javax.persistence.EntityManager', 'org.hibernate.engine.spi.SessionImplementor' (OnClassCondition)

   HibernateJpaConfiguration matched:
      - @ConditionalOnSingleCandidate (types: javax.sql.DataSource; SearchStrategy: all) found a single bean 'dataSource' (OnBeanCondition)

   HttpEncodingAutoConfiguration matched:
      - @ConditionalOnClass found required class 'org.springframework.web.filter.CharacterEncodingFilter' (OnClassCondition)
      - found 'session' scope (OnWebApplicationCondition)
      - @ConditionalOnProperty (server.servlet.encoding.enabled) matched (OnPropertyCondition)

   HttpEncodingAutoConfiguration#characterEncodingFilter matched:
      - @ConditionalOnMissingBean (types: org.springframework.web.filter.CharacterEncodingFilter; SearchStrategy: all) did not find any beans (OnBeanCondition)

   HttpMessageConvertersAutoConfiguration matched:
      - @ConditionalOnClass found required class 'org.springframework.http.converter.HttpMessageConverter' (OnClassCondition)
      - NoneNestedConditions 0 matched 1 did not; NestedCondition on HttpMessageConvertersAutoConfiguration.NotReactiveWebApplicationCondition.ReactiveWebApplication did not find reactive web application classes (HttpMessageConvertersAutoConfiguration.NotReactiveWebApplicationCondition)

   HttpMessageConvertersAutoConfiguration#messageConverters matched:
      - @ConditionalOnMissingBean (types: org.springframework.boot.autoconfigure.http.HttpMessageConverters; SearchStrategy: all) did not find any beans (OnBeanCondition)

   HttpMessageConvertersAutoConfiguration.StringHttpMessageConverterConfiguration matched:
      - @ConditionalOnClass found required class 'org.springframework.http.converter.StringHttpMessageConverter' (OnClassCondition)

   HttpMessageConvertersAutoConfiguration.StringHttpMessageConverterConfiguration#stringHttpMessageConverter matched:
      - @ConditionalOnMissingBean (types: org.springframework.http.converter.StringHttpMessageConverter; SearchStrategy: all) did not find any beans (OnBeanCondition)

   HypermediaAutoConfiguration matched:
      - @ConditionalOnClass found required classes 'org.springframework.hateoas.EntityModel', 'org.springframework.web.bind.annotation.RequestMapping', 'org.springframework.web.servlet.mvc.method.annotation.RequestMappingHandlerAdapter', 'org.springframework.plugin.core.Plugin' (OnClassCondition)
      - @ConditionalOnWebApplication (required) found 'session' scope (OnWebApplicationCondition)

   HypermediaAutoConfiguration#applicationJsonHalConfiguration matched:
      - @ConditionalOnClass found required class 'com.fasterxml.jackson.databind.ObjectMapper' (OnClassCondition)
      - @ConditionalOnProperty (spring.hateoas.use-hal-as-default-json-media-type) matched (OnPropertyCondition)
      - @ConditionalOnMissingBean (types: org.springframework.hateoas.mediatype.hal.HalConfiguration; SearchStrategy: all) did not find any beans (OnBeanCondition)

   JacksonAutoConfiguration matched:
      - @ConditionalOnClass found required class 'com.fasterxml.jackson.databind.ObjectMapper' (OnClassCondition)

   JacksonAutoConfiguration.Jackson2ObjectMapperBuilderCustomizerConfiguration matched:
      - @ConditionalOnClass found required class 'org.springframework.http.converter.json.Jackson2ObjectMapperBuilder' (OnClassCondition)

   JacksonAutoConfiguration.JacksonObjectMapperBuilderConfiguration matched:
      - @ConditionalOnClass found required class 'org.springframework.http.converter.json.Jackson2ObjectMapperBuilder' (OnClassCondition)

   JacksonAutoConfiguration.JacksonObjectMapperBuilderConfiguration#jacksonObjectMapperBuilder matched:
      - @ConditionalOnMissingBean (types: org.springframework.http.converter.json.Jackson2ObjectMapperBuilder; SearchStrategy: all) did not find any beans (OnBeanCondition)

   JacksonAutoConfiguration.JacksonObjectMapperConfiguration matched:
      - @ConditionalOnClass found required class 'org.springframework.http.converter.json.Jackson2ObjectMapperBuilder' (OnClassCondition)

   JacksonAutoConfiguration.JacksonObjectMapperConfiguration#jacksonObjectMapper matched:
      - @ConditionalOnMissingBean (types: com.fasterxml.jackson.databind.ObjectMapper; SearchStrategy: all) did not find any beans (OnBeanCondition)

   JacksonAutoConfiguration.ParameterNamesModuleConfiguration matched:
      - @ConditionalOnClass found required class 'com.fasterxml.jackson.module.paramnames.ParameterNamesModule' (OnClassCondition)

   JacksonAutoConfiguration.ParameterNamesModuleConfiguration#parameterNamesModule matched:
      - @ConditionalOnMissingBean (types: com.fasterxml.jackson.module.paramnames.ParameterNamesModule; SearchStrategy: all) did not find any beans (OnBeanCondition)

   JacksonHttpMessageConvertersConfiguration.MappingJackson2HttpMessageConverterConfiguration matched:
      - @ConditionalOnClass found required class 'com.fasterxml.jackson.databind.ObjectMapper' (OnClassCondition)
      - @ConditionalOnProperty (spring.mvc.converters.preferred-json-mapper=jackson) matched (OnPropertyCondition)
      - @ConditionalOnBean (types: com.fasterxml.jackson.databind.ObjectMapper; SearchStrategy: all) found bean 'jacksonObjectMapper' (OnBeanCondition)

   JacksonHttpMessageConvertersConfiguration.MappingJackson2HttpMessageConverterConfiguration#mappingJackson2HttpMessageConverter matched:
      - @ConditionalOnMissingBean (types: org.springframework.http.converter.json.MappingJackson2HttpMessageConverter ignored: org.springframework.hateoas.server.mvc.TypeConstrainedMappingJackson2HttpMessageConverter,org.springframework.data.rest.webmvc.alps.AlpsJsonHttpMessageConverter; SearchStrategy: all) did not find any beans (OnBeanCondition)

   JdbcTemplateAutoConfiguration matched:
      - @ConditionalOnClass found required classes 'javax.sql.DataSource', 'org.springframework.jdbc.core.JdbcTemplate' (OnClassCondition)
      - @ConditionalOnSingleCandidate (types: javax.sql.DataSource; SearchStrategy: all) found a single bean 'dataSource' (OnBeanCondition)

   JdbcTemplateConfiguration matched:
      - @ConditionalOnMissingBean (types: org.springframework.jdbc.core.JdbcOperations; SearchStrategy: all) did not find any beans (OnBeanCondition)

   JpaBaseConfiguration#entityManagerFactory matched:
      - @ConditionalOnMissingBean (types: org.springframework.orm.jpa.LocalContainerEntityManagerFactoryBean,javax.persistence.EntityManagerFactory; SearchStrategy: all) did not find any beans (OnBeanCondition)

   JpaBaseConfiguration#entityManagerFactoryBuilder matched:
      - @ConditionalOnMissingBean (types: org.springframework.boot.orm.jpa.EntityManagerFactoryBuilder; SearchStrategy: all) did not find any beans (OnBeanCondition)

   JpaBaseConfiguration#jpaVendorAdapter matched:
      - @ConditionalOnMissingBean (types: org.springframework.orm.jpa.JpaVendorAdapter; SearchStrategy: all) did not find any beans (OnBeanCondition)

   JpaBaseConfiguration#transactionManager matched:
      - @ConditionalOnMissingBean (types: org.springframework.transaction.TransactionManager; SearchStrategy: all) did not find any beans (OnBeanCondition)

   JpaBaseConfiguration.JpaWebConfiguration matched:
      - @ConditionalOnClass found required class 'org.springframework.web.servlet.config.annotation.WebMvcConfigurer' (OnClassCondition)
      - found 'session' scope (OnWebApplicationCondition)
      - @ConditionalOnProperty (spring.jpa.open-in-view=true) matched (OnPropertyCondition)
      - @ConditionalOnMissingBean (types: org.springframework.orm.jpa.support.OpenEntityManagerInViewInterceptor,org.springframework.orm.jpa.support.OpenEntityManagerInViewFilter; SearchStrategy: all) did not find any beans (OnBeanCondition)

   JpaRepositoriesAutoConfiguration matched:
      - @ConditionalOnClass found required class 'org.springframework.data.jpa.repository.JpaRepository' (OnClassCondition)
      - @ConditionalOnProperty (spring.data.jpa.repositories.enabled=true) matched (OnPropertyCondition)
      - @ConditionalOnBean (types: javax.sql.DataSource; SearchStrategy: all) found bean 'dataSource'; @ConditionalOnMissingBean (types: org.springframework.data.jpa.repository.support.JpaRepositoryFactoryBean,org.springframework.data.jpa.repository.config.JpaRepositoryConfigExtension; SearchStrategy: all) did not find any beans (OnBeanCondition)

   JtaAutoConfiguration matched:
      - @ConditionalOnClass found required class 'javax.transaction.Transaction' (OnClassCondition)
      - @ConditionalOnProperty (spring.jta.enabled) matched (OnPropertyCondition)

   LifecycleAutoConfiguration#defaultLifecycleProcessor matched:
      - @ConditionalOnMissingBean (names: lifecycleProcessor; SearchStrategy: current) did not find any beans (OnBeanCondition)

   MultipartAutoConfiguration matched:
      - @ConditionalOnClass found required classes 'javax.servlet.Servlet', 'org.springframework.web.multipart.support.StandardServletMultipartResolver', 'javax.servlet.MultipartConfigElement' (OnClassCondition)
      - found 'session' scope (OnWebApplicationCondition)
      - @ConditionalOnProperty (spring.servlet.multipart.enabled) matched (OnPropertyCondition)

   MultipartAutoConfiguration#multipartConfigElement matched:
      - @ConditionalOnMissingBean (types: javax.servlet.MultipartConfigElement,org.springframework.web.multipart.commons.CommonsMultipartResolver; SearchStrategy: all) did not find any beans (OnBeanCondition)

   MultipartAutoConfiguration#multipartResolver matched:
      - @ConditionalOnMissingBean (types: org.springframework.web.multipart.MultipartResolver; SearchStrategy: all) did not find any beans (OnBeanCondition)

   NamedParameterJdbcTemplateConfiguration matched:
      - @ConditionalOnSingleCandidate (types: org.springframework.jdbc.core.JdbcTemplate; SearchStrategy: all) found a single bean 'jdbcTemplate'; @ConditionalOnMissingBean (types: org.springframework.jdbc.core.namedparam.NamedParameterJdbcOperations; SearchStrategy: all) did not find any beans (OnBeanCondition)

   NettyAutoConfiguration matched:
      - @ConditionalOnClass found required class 'io.netty.util.NettyRuntime' (OnClassCondition)

   NoOpCacheConfiguration matched:
      - Cache org.springframework.boot.autoconfigure.cache.NoOpCacheConfiguration automatic cache type (CacheCondition)

   PersistenceExceptionTranslationAutoConfiguration matched:
      - @ConditionalOnClass found required class 'org.springframework.dao.annotation.PersistenceExceptionTranslationPostProcessor' (OnClassCondition)

   PersistenceExceptionTranslationAutoConfiguration#persistenceExceptionTranslationPostProcessor matched:
      - @ConditionalOnProperty (spring.dao.exceptiontranslation.enabled) matched (OnPropertyCondition)
      - @ConditionalOnMissingBean (types: org.springframework.dao.annotation.PersistenceExceptionTranslationPostProcessor; SearchStrategy: all) did not find any beans (OnBeanCondition)

   PropertyPlaceholderAutoConfiguration#propertySourcesPlaceholderConfigurer matched:
      - @ConditionalOnMissingBean (types: org.springframework.context.support.PropertySourcesPlaceholderConfigurer; SearchStrategy: current) did not find any beans (OnBeanCondition)

   RepositoryRestMvcAutoConfiguration matched:
      - @ConditionalOnClass found required class 'org.springframework.data.rest.webmvc.config.RepositoryRestMvcConfiguration' (OnClassCondition)
      - found 'session' scope (OnWebApplicationCondition)
      - @ConditionalOnMissingBean (types: org.springframework.data.rest.webmvc.config.RepositoryRestMvcConfiguration; SearchStrategy: all) did not find any beans (OnBeanCondition)

   RestTemplateAutoConfiguration matched:
      - @ConditionalOnClass found required class 'org.springframework.web.client.RestTemplate' (OnClassCondition)
      - NoneNestedConditions 0 matched 1 did not; NestedCondition on RestTemplateAutoConfiguration.NotReactiveWebApplicationCondition.ReactiveWebApplication did not find reactive web application classes (RestTemplateAutoConfiguration.NotReactiveWebApplicationCondition)

   RestTemplateAutoConfiguration#restTemplateBuilder matched:
      - @ConditionalOnMissingBean (types: org.springframework.boot.web.client.RestTemplateBuilder; SearchStrategy: all) did not find any beans (OnBeanCondition)

   RestTemplateAutoConfiguration#restTemplateBuilderConfigurer matched:
      - @ConditionalOnMissingBean (types: org.springframework.boot.autoconfigure.web.client.RestTemplateBuilderConfigurer; SearchStrategy: all) did not find any beans (OnBeanCondition)

   SecurityAutoConfiguration matched:
      - @ConditionalOnClass found required class 'org.springframework.security.authentication.DefaultAuthenticationEventPublisher' (OnClassCondition)

   SecurityAutoConfiguration#authenticationEventPublisher matched:
      - @ConditionalOnMissingBean (types: org.springframework.security.authentication.AuthenticationEventPublisher; SearchStrategy: all) did not find any beans (OnBeanCondition)

   SecurityFilterAutoConfiguration matched:
      - @ConditionalOnClass found required classes 'org.springframework.security.web.context.AbstractSecurityWebApplicationInitializer', 'org.springframework.security.config.http.SessionCreationPolicy' (OnClassCondition)
      - found 'session' scope (OnWebApplicationCondition)

   SecurityFilterAutoConfiguration#securityFilterChainRegistration matched:
      - @ConditionalOnBean (names: springSecurityFilterChain; SearchStrategy: all) found bean 'springSecurityFilterChain' (OnBeanCondition)

   ServletWebServerFactoryAutoConfiguration matched:
      - @ConditionalOnClass found required class 'javax.servlet.ServletRequest' (OnClassCondition)
      - found 'session' scope (OnWebApplicationCondition)

   ServletWebServerFactoryAutoConfiguration#tomcatServletWebServerFactoryCustomizer matched:
      - @ConditionalOnClass found required class 'org.apache.catalina.startup.Tomcat' (OnClassCondition)

   ServletWebServerFactoryConfiguration.EmbeddedTomcat matched:
      - @ConditionalOnClass found required classes 'javax.servlet.Servlet', 'org.apache.catalina.startup.Tomcat', 'org.apache.coyote.UpgradeProtocol' (OnClassCondition)
      - @ConditionalOnMissingBean (types: org.springframework.boot.web.servlet.server.ServletWebServerFactory; SearchStrategy: current) did not find any beans (OnBeanCondition)

   SimpleCacheConfiguration matched:
      - Cache org.springframework.boot.autoconfigure.cache.SimpleCacheConfiguration automatic cache type (CacheCondition)

   SpringBootWebSecurityConfiguration matched:
      - found 'session' scope (OnWebApplicationCondition)

   SpringBootWebSecurityConfiguration.ErrorPageSecurityFilterConfiguration matched:
      - @ConditionalOnClass found required class 'org.springframework.security.web.access.WebInvocationPrivilegeEvaluator' (OnClassCondition)
      - @ConditionalOnBean (types: org.springframework.security.web.access.WebInvocationPrivilegeEvaluator; SearchStrategy: all) found bean 'privilegeEvaluator' (OnBeanCondition)

   SqlInitializationAutoConfiguration matched:
      - @ConditionalOnProperty (spring.sql.init.enabled) matched (OnPropertyCondition)
      - NoneNestedConditions 0 matched 1 did not; NestedCondition on SqlInitializationAutoConfiguration.SqlInitializationModeCondition.ModeIsNever @ConditionalOnProperty (spring.sql.init.mode=never) did not find property 'mode' (SqlInitializationAutoConfiguration.SqlInitializationModeCondition)

   TaskExecutionAutoConfiguration matched:
      - @ConditionalOnClass found required class 'org.springframework.scheduling.concurrent.ThreadPoolTaskExecutor' (OnClassCondition)

   TaskExecutionAutoConfiguration#applicationTaskExecutor matched:
      - @ConditionalOnMissingBean (types: java.util.concurrent.Executor; SearchStrategy: all) did not find any beans (OnBeanCondition)

   TaskExecutionAutoConfiguration#taskExecutorBuilder matched:
      - @ConditionalOnMissingBean (types: org.springframework.boot.task.TaskExecutorBuilder; SearchStrategy: all) did not find any beans (OnBeanCondition)

   TaskSchedulingAutoConfiguration matched:
      - @ConditionalOnClass found required class 'org.springframework.scheduling.concurrent.ThreadPoolTaskScheduler' (OnClassCondition)

   TaskSchedulingAutoConfiguration#taskSchedulerBuilder matched:
      - @ConditionalOnMissingBean (types: org.springframework.boot.task.TaskSchedulerBuilder; SearchStrategy: all) did not find any beans (OnBeanCondition)

   TemplateEngineConfigurations.DefaultTemplateEngineConfiguration#templateEngine matched:
      - @ConditionalOnMissingBean (types: org.thymeleaf.spring5.ISpringTemplateEngine; SearchStrategy: all) did not find any beans (OnBeanCondition)

   ThymeleafAutoConfiguration matched:
      - @ConditionalOnClass found required classes 'org.thymeleaf.templatemode.TemplateMode', 'org.thymeleaf.spring5.SpringTemplateEngine' (OnClassCondition)

   ThymeleafAutoConfiguration.DefaultTemplateResolverConfiguration matched:
      - @ConditionalOnMissingBean (names: defaultTemplateResolver; SearchStrategy: all) did not find any beans (OnBeanCondition)

   ThymeleafAutoConfiguration.ThymeleafJava8TimeDialect matched:
      - @ConditionalOnClass found required class 'org.thymeleaf.extras.java8time.dialect.Java8TimeDialect' (OnClassCondition)

   ThymeleafAutoConfiguration.ThymeleafJava8TimeDialect#java8TimeDialect matched:
      - @ConditionalOnMissingBean (types: org.thymeleaf.extras.java8time.dialect.Java8TimeDialect; SearchStrategy: all) did not find any beans (OnBeanCondition)

   ThymeleafAutoConfiguration.ThymeleafWebMvcConfiguration matched:
      - found 'session' scope (OnWebApplicationCondition)
      - @ConditionalOnProperty (spring.thymeleaf.enabled) matched (OnPropertyCondition)

   ThymeleafAutoConfiguration.ThymeleafWebMvcConfiguration.ThymeleafViewResolverConfiguration#thymeleafViewResolver matched:
      - @ConditionalOnMissingBean (names: thymeleafViewResolver; SearchStrategy: all) did not find any beans (OnBeanCondition)

   TransactionAutoConfiguration matched:
      - @ConditionalOnClass found required class 'org.springframework.transaction.PlatformTransactionManager' (OnClassCondition)

   TransactionAutoConfiguration#platformTransactionManagerCustomizers matched:
      - @ConditionalOnMissingBean (types: org.springframework.boot.autoconfigure.transaction.TransactionManagerCustomizers; SearchStrategy: all) did not find any beans (OnBeanCondition)

   TransactionAutoConfiguration.EnableTransactionManagementConfiguration matched:
      - @ConditionalOnBean (types: org.springframework.transaction.TransactionManager; SearchStrategy: all) found bean 'transactionManager'; @ConditionalOnMissingBean (types: org.springframework.transaction.annotation.AbstractTransactionManagementConfiguration; SearchStrategy: all) did not find any beans (OnBeanCondition)

   TransactionAutoConfiguration.EnableTransactionManagementConfiguration.CglibAutoProxyConfiguration matched:
      - @ConditionalOnProperty (spring.aop.proxy-target-class=true) matched (OnPropertyCondition)

   TransactionAutoConfiguration.TransactionTemplateConfiguration matched:
      - @ConditionalOnSingleCandidate (types: org.springframework.transaction.PlatformTransactionManager; SearchStrategy: all) found a single bean 'transactionManager' (OnBeanCondition)

   TransactionAutoConfiguration.TransactionTemplateConfiguration#transactionTemplate matched:
      - @ConditionalOnMissingBean (types: org.springframework.transaction.support.TransactionOperations; SearchStrategy: all) did not find any beans (OnBeanCondition)

   WebMvcAutoConfiguration matched:
      - @ConditionalOnClass found required classes 'javax.servlet.Servlet', 'org.springframework.web.servlet.DispatcherServlet', 'org.springframework.web.servlet.config.annotation.WebMvcConfigurer' (OnClassCondition)
      - found 'session' scope (OnWebApplicationCondition)
      - @ConditionalOnMissingBean (types: org.springframework.web.servlet.config.annotation.WebMvcConfigurationSupport; SearchStrategy: all) did not find any beans (OnBeanCondition)

   WebMvcAutoConfiguration#formContentFilter matched:
      - @ConditionalOnProperty (spring.mvc.formcontent.filter.enabled) matched (OnPropertyCondition)
      - @ConditionalOnMissingBean (types: org.springframework.web.filter.FormContentFilter; SearchStrategy: all) did not find any beans (OnBeanCondition)

   WebMvcAutoConfiguration.EnableWebMvcConfiguration#flashMapManager matched:
      - @ConditionalOnMissingBean (names: flashMapManager; SearchStrategy: all) did not find any beans (OnBeanCondition)

   WebMvcAutoConfiguration.EnableWebMvcConfiguration#localeResolver matched:
      - @ConditionalOnMissingBean (names: localeResolver; SearchStrategy: all) did not find any beans (OnBeanCondition)

   WebMvcAutoConfiguration.EnableWebMvcConfiguration#themeResolver matched:
      - @ConditionalOnMissingBean (names: themeResolver; SearchStrategy: all) did not find any beans (OnBeanCondition)

   WebMvcAutoConfiguration.WebMvcAutoConfigurationAdapter#defaultViewResolver matched:
      - @ConditionalOnMissingBean (types: org.springframework.web.servlet.view.InternalResourceViewResolver; SearchStrategy: all) did not find any beans (OnBeanCondition)

   WebMvcAutoConfiguration.WebMvcAutoConfigurationAdapter#requestContextFilter matched:
      - @ConditionalOnMissingBean (types: org.springframework.web.context.request.RequestContextListener,org.springframework.web.filter.RequestContextFilter; SearchStrategy: all) did not find any beans (OnBeanCondition)

   WebMvcAutoConfiguration.WebMvcAutoConfigurationAdapter#viewResolver matched:
      - @ConditionalOnBean (types: org.springframework.web.servlet.ViewResolver; SearchStrategy: all) found beans 'defaultViewResolver', 'beanNameViewResolver', 'mvcViewResolver'; @ConditionalOnMissingBean (names: viewResolver types: org.springframework.web.servlet.view.ContentNegotiatingViewResolver; SearchStrategy: all) did not find any beans (OnBeanCondition)

   WebSocketServletAutoConfiguration matched:
      - @ConditionalOnClass found required classes 'javax.servlet.Servlet', 'javax.websocket.server.ServerContainer' (OnClassCondition)
      - found 'session' scope (OnWebApplicationCondition)

   WebSocketServletAutoConfiguration.TomcatWebSocketConfiguration matched:
      - @ConditionalOnClass found required classes 'org.apache.catalina.startup.Tomcat', 'org.apache.tomcat.websocket.server.WsSci' (OnClassCondition)

   WebSocketServletAutoConfiguration.TomcatWebSocketConfiguration#websocketServletWebServerCustomizer matched:
      - @ConditionalOnMissingBean (names: websocketServletWebServerCustomizer; SearchStrategy: all) did not find any beans (OnBeanCondition)


Negative matches:
-----------------

   ActiveMQAutoConfiguration:
      Did not match:
         - @ConditionalOnClass did not find required class 'javax.jms.ConnectionFactory' (OnClassCondition)

   AopAutoConfiguration.AspectJAutoProxyingConfiguration.JdkDynamicAutoProxyConfiguration:
      Did not match:
         - @ConditionalOnProperty (spring.aop.proxy-target-class=false) did not find property 'proxy-target-class' (OnPropertyCondition)

   AopAutoConfiguration.ClassProxyingConfiguration:
      Did not match:
         - @ConditionalOnMissingClass found unwanted class 'org.aspectj.weaver.Advice' (OnClassCondition)

   ArtemisAutoConfiguration:
      Did not match:
         - @ConditionalOnClass did not find required class 'javax.jms.ConnectionFactory' (OnClassCondition)

   AtomikosJtaConfiguration:
      Did not match:
         - @ConditionalOnClass did not find required class 'com.atomikos.icatch.jta.UserTransactionManager' (OnClassCondition)

   BatchAutoConfiguration:
      Did not match:
         - @ConditionalOnClass did not find required class 'org.springframework.batch.core.launch.JobLauncher' (OnClassCondition)

   Cache2kCacheConfiguration:
      Did not match:
         - @ConditionalOnClass did not find required class 'org.cache2k.Cache2kBuilder' (OnClassCondition)

   CacheAutoConfiguration:
      Did not match:
         - @ConditionalOnBean (types: org.springframework.cache.interceptor.CacheAspectSupport; SearchStrategy: all) did not find any beans of type org.springframework.cache.interceptor.CacheAspectSupport (OnBeanCondition)
      Matched:
         - @ConditionalOnClass found required class 'org.springframework.cache.CacheManager' (OnClassCondition)

   CacheAutoConfiguration.CacheManagerEntityManagerFactoryDependsOnPostProcessor:
      Did not match:
         - Ancestor org.springframework.boot.autoconfigure.cache.CacheAutoConfiguration did not match (ConditionEvaluationReport.AncestorsMatchedCondition)
      Matched:
         - @ConditionalOnClass found required class 'org.springframework.orm.jpa.LocalContainerEntityManagerFactoryBean' (OnClassCondition)

   CaffeineCacheConfiguration:
      Did not match:
         - @ConditionalOnClass did not find required class 'com.github.benmanes.caffeine.cache.Caffeine' (OnClassCondition)

   CassandraAutoConfiguration:
      Did not match:
         - @ConditionalOnClass did not find required class 'com.datastax.oss.driver.api.core.CqlSession' (OnClassCondition)

   CassandraDataAutoConfiguration:
      Did not match:
         - @ConditionalOnClass did not find required class 'com.datastax.oss.driver.api.core.CqlSession' (OnClassCondition)

   CassandraReactiveDataAutoConfiguration:
      Did not match:
         - @ConditionalOnClass did not find required class 'com.datastax.oss.driver.api.core.CqlSession' (OnClassCondition)

   CassandraReactiveRepositoriesAutoConfiguration:
      Did not match:
         - @ConditionalOnClass did not find required class 'org.springframework.data.cassandra.ReactiveSession' (OnClassCondition)

   CassandraRepositoriesAutoConfiguration:
      Did not match:
         - @ConditionalOnClass did not find required class 'com.datastax.oss.driver.api.core.CqlSession' (OnClassCondition)

   ClientHttpConnectorAutoConfiguration:
      Did not match:
         - @ConditionalOnClass did not find required class 'org.springframework.web.reactive.function.client.WebClient' (OnClassCondition)

   CodecsAutoConfiguration:
      Did not match:
         - @ConditionalOnClass did not find required class 'org.springframework.web.reactive.function.client.WebClient' (OnClassCondition)

   CouchbaseAutoConfiguration:
      Did not match:
         - @ConditionalOnClass did not find required class 'com.couchbase.client.java.Cluster' (OnClassCondition)

   CouchbaseCacheConfiguration:
      Did not match:
         - @ConditionalOnClass did not find required class 'com.couchbase.client.java.Cluster' (OnClassCondition)

   CouchbaseDataAutoConfiguration:
      Did not match:
         - @ConditionalOnClass did not find required class 'com.couchbase.client.java.Bucket' (OnClassCondition)

   CouchbaseReactiveDataAutoConfiguration:
      Did not match:
         - @ConditionalOnClass did not find required class 'com.couchbase.client.java.Cluster' (OnClassCondition)

   CouchbaseReactiveRepositoriesAutoConfiguration:
      Did not match:
         - @ConditionalOnClass did not find required class 'com.couchbase.client.java.Cluster' (OnClassCondition)

   CouchbaseRepositoriesAutoConfiguration:
      Did not match:
         - @ConditionalOnClass did not find required class 'com.couchbase.client.java.Bucket' (OnClassCondition)

   DataSourceAutoConfiguration.EmbeddedDatabaseConfiguration:
      Did not match:
         - EmbeddedDataSource spring.datasource.url is set (DataSourceAutoConfiguration.EmbeddedDatabaseCondition)

   DataSourceConfiguration.Dbcp2:
      Did not match:
         - @ConditionalOnClass did not find required class 'org.apache.commons.dbcp2.BasicDataSource' (OnClassCondition)

   DataSourceConfiguration.Generic:
      Did not match:
         - @ConditionalOnProperty (spring.datasource.type) did not find property 'spring.datasource.type' (OnPropertyCondition)

   DataSourceConfiguration.OracleUcp:
      Did not match:
         - @ConditionalOnClass did not find required classes 'oracle.ucp.jdbc.PoolDataSourceImpl', 'oracle.jdbc.OracleConnection' (OnClassCondition)

   DataSourceConfiguration.Tomcat:
      Did not match:
         - @ConditionalOnClass did not find required class 'org.apache.tomcat.jdbc.pool.DataSource' (OnClassCondition)

   DataSourceJmxConfiguration:
      Did not match:
         - @ConditionalOnProperty (spring.jmx.enabled=true) found different value in property 'enabled' (OnPropertyCondition)

   DataSourcePoolMetadataProvidersConfiguration.CommonsDbcp2PoolDataSourceMetadataProviderConfiguration:
      Did not match:
         - @ConditionalOnClass did not find required class 'org.apache.commons.dbcp2.BasicDataSource' (OnClassCondition)

   DataSourcePoolMetadataProvidersConfiguration.OracleUcpPoolDataSourceMetadataProviderConfiguration:
      Did not match:
         - @ConditionalOnClass did not find required classes 'oracle.ucp.jdbc.PoolDataSource', 'oracle.jdbc.OracleConnection' (OnClassCondition)

   DataSourcePoolMetadataProvidersConfiguration.TomcatDataSourcePoolMetadataProviderConfiguration:
      Did not match:
         - @ConditionalOnClass did not find required class 'org.apache.tomcat.jdbc.pool.DataSource' (OnClassCondition)

   DataSourceTransactionManagerAutoConfiguration.JdbcTransactionManagerConfiguration#transactionManager:
      Did not match:
         - @ConditionalOnMissingBean (types: org.springframework.transaction.TransactionManager; SearchStrategy: all) found beans of type 'org.springframework.transaction.TransactionManager' transactionManager (OnBeanCondition)

   DevToolsDataSourceAutoConfiguration:
      Did not match:
         - Devtools devtools is disabled for current context. (OnEnabledDevToolsCondition)

   DevToolsR2dbcAutoConfiguration:
      Did not match:
         - @ConditionalOnClass did not find required class 'io.r2dbc.spi.ConnectionFactory' (OnClassCondition)

   DispatcherServletAutoConfiguration.DispatcherServletConfiguration#multipartResolver:
      Did not match:
         - @ConditionalOnBean (types: org.springframework.web.multipart.MultipartResolver; SearchStrategy: all) did not find any beans of type org.springframework.web.multipart.MultipartResolver (OnBeanCondition)

   EhCacheCacheConfiguration:
      Did not match:
         - @ConditionalOnClass did not find required class 'net.sf.ehcache.Cache' (OnClassCondition)

   ElasticsearchDataAutoConfiguration:
      Did not match:
         - @ConditionalOnClass did not find required class 'org.springframework.data.elasticsearch.core.ElasticsearchRestTemplate' (OnClassCondition)

   ElasticsearchRepositoriesAutoConfiguration:
      Did not match:
         - @ConditionalOnClass did not find required class 'org.elasticsearch.client.Client' (OnClassCondition)

   ElasticsearchRestClientAutoConfiguration:
      Did not match:
         - @ConditionalOnClass did not find required class 'org.elasticsearch.client.RestClientBuilder' (OnClassCondition)

   EmbeddedLdapAutoConfiguration:
      Did not match:
         - @ConditionalOnClass did not find required class 'com.unboundid.ldap.listener.InMemoryDirectoryServer' (OnClassCondition)

   EmbeddedMongoAutoConfiguration:
      Did not match:
         - @ConditionalOnClass did not find required class 'com.mongodb.MongoClientSettings' (OnClassCondition)

   EmbeddedWebServerFactoryCustomizerAutoConfiguration.JettyWebServerFactoryCustomizerConfiguration:
      Did not match:
         - @ConditionalOnClass did not find required classes 'org.eclipse.jetty.server.Server', 'org.eclipse.jetty.util.Loader', 'org.eclipse.jetty.webapp.WebAppContext' (OnClassCondition)

   EmbeddedWebServerFactoryCustomizerAutoConfiguration.NettyWebServerFactoryCustomizerConfiguration:
      Did not match:
         - @ConditionalOnClass did not find required class 'reactor.netty.http.server.HttpServer' (OnClassCondition)

   EmbeddedWebServerFactoryCustomizerAutoConfiguration.UndertowWebServerFactoryCustomizerConfiguration:
      Did not match:
         - @ConditionalOnClass did not find required classes 'io.undertow.Undertow', 'org.xnio.SslClientAuthMode' (OnClassCondition)

   ErrorWebFluxAutoConfiguration:
      Did not match:
         - @ConditionalOnClass did not find required class 'org.springframework.web.reactive.config.WebFluxConfigurer' (OnClassCondition)

   FreeMarkerAutoConfiguration:
      Did not match:
         - @ConditionalOnClass did not find required class 'freemarker.template.Configuration' (OnClassCondition)

   GraphQlAutoConfiguration:
      Did not match:
         - @ConditionalOnClass did not find required class 'graphql.GraphQL' (OnClassCondition)

   GraphQlQueryByExampleAutoConfiguration:
      Did not match:
         - @ConditionalOnClass did not find required class 'graphql.GraphQL' (OnClassCondition)

   GraphQlQuerydslAutoConfiguration:
      Did not match:
         - @ConditionalOnClass did not find required class 'graphql.GraphQL' (OnClassCondition)

   GraphQlRSocketAutoConfiguration:
      Did not match:
         - @ConditionalOnClass did not find required class 'graphql.GraphQL' (OnClassCondition)

   GraphQlReactiveQueryByExampleAutoConfiguration:
      Did not match:
         - @ConditionalOnClass did not find required class 'graphql.GraphQL' (OnClassCondition)

   GraphQlReactiveQuerydslAutoConfiguration:
      Did not match:
         - @ConditionalOnClass did not find required class 'graphql.GraphQL' (OnClassCondition)

   GraphQlWebFluxAutoConfiguration:
      Did not match:
         - @ConditionalOnClass did not find required class 'graphql.GraphQL' (OnClassCondition)

   GraphQlWebFluxSecurityAutoConfiguration:
      Did not match:
         - @ConditionalOnClass did not find required class 'graphql.GraphQL' (OnClassCondition)

   GraphQlWebMvcAutoConfiguration:
      Did not match:
         - @ConditionalOnClass did not find required class 'graphql.GraphQL' (OnClassCondition)

   GraphQlWebMvcSecurityAutoConfiguration:
      Did not match:
         - @ConditionalOnClass did not find required class 'graphql.GraphQL' (OnClassCondition)

   GsonHttpMessageConvertersConfiguration.GsonHttpMessageConverterConfiguration:
      Did not match:
         - AnyNestedCondition 0 matched 2 did not; NestedCondition on GsonHttpMessageConvertersConfiguration.PreferGsonOrJacksonAndJsonbUnavailableCondition.JacksonJsonbUnavailable NoneNestedConditions 1 matched 1 did not; NestedCondition on GsonHttpMessageConvertersConfiguration.JacksonAndJsonbUnavailableCondition.JsonbPreferred @ConditionalOnProperty (spring.mvc.converters.preferred-json-mapper=jsonb) did not find property 'spring.mvc.converters.preferred-json-mapper'; NestedCondition on GsonHttpMessageConvertersConfiguration.JacksonAndJsonbUnavailableCondition.JacksonAvailable @ConditionalOnBean (types: org.springframework.http.converter.json.MappingJackson2HttpMessageConverter; SearchStrategy: all) found bean 'mappingJackson2HttpMessageConverter'; NestedCondition on GsonHttpMessageConvertersConfiguration.PreferGsonOrJacksonAndJsonbUnavailableCondition.GsonPreferred @ConditionalOnProperty (spring.mvc.converters.preferred-json-mapper=gson) did not find property 'spring.mvc.converters.preferred-json-mapper' (GsonHttpMessageConvertersConfiguration.PreferGsonOrJacksonAndJsonbUnavailableCondition)

   HazelcastAutoConfiguration:
      Did not match:
         - @ConditionalOnClass did not find required class 'com.hazelcast.core.HazelcastInstance' (OnClassCondition)

   HazelcastCacheConfiguration:
      Did not match:
         - @ConditionalOnClass did not find required class 'com.hazelcast.core.HazelcastInstance' (OnClassCondition)

   HazelcastJpaDependencyAutoConfiguration:
      Did not match:
         - @ConditionalOnClass did not find required class 'com.hazelcast.core.HazelcastInstance' (OnClassCondition)

   HttpHandlerAutoConfiguration:
      Did not match:
         - @ConditionalOnClass did not find required class 'org.springframework.web.reactive.DispatcherHandler' (OnClassCondition)

   HypermediaAutoConfiguration.HypermediaConfiguration:
      Did not match:
         - @ConditionalOnMissingBean (types: org.springframework.hateoas.client.LinkDiscoverers; SearchStrategy: all) found beans of type 'org.springframework.hateoas.client.LinkDiscoverers' linkDiscoverers (OnBeanCondition)
      Matched:
         - @ConditionalOnClass found required class 'com.fasterxml.jackson.databind.ObjectMapper' (OnClassCondition)

   InfinispanCacheConfiguration:
      Did not match:
         - @ConditionalOnClass did not find required class 'org.infinispan.spring.embedded.provider.SpringEmbeddedCacheManager' (OnClassCondition)

   InfluxDbAutoConfiguration:
      Did not match:
         - @ConditionalOnClass did not find required class 'org.influxdb.InfluxDB' (OnClassCondition)

   IntegrationAutoConfiguration:
      Did not match:
         - @ConditionalOnClass did not find required class 'org.springframework.integration.config.EnableIntegration' (OnClassCondition)

   JCacheCacheConfiguration:
      Did not match:
         - @ConditionalOnClass did not find required class 'javax.cache.Caching' (OnClassCondition)

   JacksonHttpMessageConvertersConfiguration.MappingJackson2XmlHttpMessageConverterConfiguration:
      Did not match:
         - @ConditionalOnClass did not find required class 'com.fasterxml.jackson.dataformat.xml.XmlMapper' (OnClassCondition)

   JdbcRepositoriesAutoConfiguration:
      Did not match:
         - @ConditionalOnClass did not find required class 'org.springframework.data.jdbc.repository.config.AbstractJdbcConfiguration' (OnClassCondition)

   JerseyAutoConfiguration:
      Did not match:
         - @ConditionalOnClass did not find required class 'org.glassfish.jersey.server.spring.SpringComponentProvider' (OnClassCondition)

   JmsAutoConfiguration:
      Did not match:
         - @ConditionalOnClass did not find required class 'javax.jms.Message' (OnClassCondition)

   JmxAutoConfiguration:
      Did not match:
         - @ConditionalOnProperty (spring.jmx.enabled=true) found different value in property 'enabled' (OnPropertyCondition)
      Matched:
         - @ConditionalOnClass found required class 'org.springframework.jmx.export.MBeanExporter' (OnClassCondition)

   JndiConnectionFactoryAutoConfiguration:
      Did not match:
         - @ConditionalOnClass did not find required class 'org.springframework.jms.core.JmsTemplate' (OnClassCondition)

   JndiDataSourceAutoConfiguration:
      Did not match:
         - @ConditionalOnProperty (spring.datasource.jndi-name) did not find property 'jndi-name' (OnPropertyCondition)
      Matched:
         - @ConditionalOnClass found required classes 'javax.sql.DataSource', 'org.springframework.jdbc.datasource.embedded.EmbeddedDatabaseType' (OnClassCondition)

   JndiJtaConfiguration:
      Did not match:
         - @ConditionalOnJndi JNDI environment is not available (OnJndiCondition)
      Matched:
         - @ConditionalOnClass found required class 'org.springframework.transaction.jta.JtaTransactionManager' (OnClassCondition)

   JooqAutoConfiguration:
      Did not match:
         - @ConditionalOnClass did not find required class 'org.jooq.DSLContext' (OnClassCondition)

   JpaRepositoriesAutoConfiguration#entityManagerFactoryBootstrapExecutorCustomizer:
      Did not match:
         - AnyNestedCondition 0 matched 2 did not; NestedCondition on JpaRepositoriesAutoConfiguration.BootstrapExecutorCondition.LazyBootstrapMode @ConditionalOnProperty (spring.data.jpa.repositories.bootstrap-mode=lazy) did not find property 'bootstrap-mode'; NestedCondition on JpaRepositoriesAutoConfiguration.BootstrapExecutorCondition.DeferredBootstrapMode @ConditionalOnProperty (spring.data.jpa.repositories.bootstrap-mode=deferred) did not find property 'bootstrap-mode' (JpaRepositoriesAutoConfiguration.BootstrapExecutorCondition)

   JsonbAutoConfiguration:
      Did not match:
         - @ConditionalOnClass did not find required class 'javax.json.bind.Jsonb' (OnClassCondition)

   JsonbHttpMessageConvertersConfiguration:
      Did not match:
         - @ConditionalOnClass did not find required class 'javax.json.bind.Jsonb' (OnClassCondition)

   KafkaAutoConfiguration:
      Did not match:
         - @ConditionalOnClass did not find required class 'org.springframework.kafka.core.KafkaTemplate' (OnClassCondition)

   LdapAutoConfiguration:
      Did not match:
         - @ConditionalOnClass did not find required class 'org.springframework.ldap.core.ContextSource' (OnClassCondition)

   LdapRepositoriesAutoConfiguration:
      Did not match:
         - @ConditionalOnClass did not find required class 'org.springframework.data.ldap.repository.LdapRepository' (OnClassCondition)

   LiquibaseAutoConfiguration:
      Did not match:
         - @ConditionalOnClass did not find required class 'liquibase.change.DatabaseChange' (OnClassCondition)

   LocalDevToolsAutoConfiguration:
      Did not match:
         - Initialized Restarter Condition initialized without URLs (OnInitializedRestarterCondition)

   MailSenderAutoConfiguration:
      Did not match:
         - @ConditionalOnClass did not find required class 'javax.mail.internet.MimeMessage' (OnClassCondition)

   MailSenderValidatorAutoConfiguration:
      Did not match:
         - @ConditionalOnProperty (spring.mail.test-connection) did not find property 'test-connection' (OnPropertyCondition)

   MessageSourceAutoConfiguration:
      Did not match:
         - ResourceBundle did not find bundle with basename messages (MessageSourceAutoConfiguration.ResourceBundleCondition)

   MongoAutoConfiguration:
      Did not match:
         - @ConditionalOnClass did not find required class 'com.mongodb.client.MongoClient' (OnClassCondition)

   MongoDataAutoConfiguration:
      Did not match:
         - @ConditionalOnClass did not find required class 'com.mongodb.client.MongoClient' (OnClassCondition)

   MongoReactiveAutoConfiguration:
      Did not match:
         - @ConditionalOnClass did not find required class 'com.mongodb.reactivestreams.client.MongoClient' (OnClassCondition)

   MongoReactiveDataAutoConfiguration:
      Did not match:
         - @ConditionalOnClass did not find required class 'com.mongodb.reactivestreams.client.MongoClient' (OnClassCondition)

   MongoReactiveRepositoriesAutoConfiguration:
      Did not match:
         - @ConditionalOnClass did not find required class 'com.mongodb.reactivestreams.client.MongoClient' (OnClassCondition)

   MongoRepositoriesAutoConfiguration:
      Did not match:
         - @ConditionalOnClass did not find required class 'com.mongodb.client.MongoClient' (OnClassCondition)

   MustacheAutoConfiguration:
      Did not match:
         - @ConditionalOnClass did not find required class 'com.samskivert.mustache.Mustache' (OnClassCondition)

   Neo4jAutoConfiguration:
      Did not match:
         - @ConditionalOnClass did not find required class 'org.neo4j.driver.Driver' (OnClassCondition)

   Neo4jDataAutoConfiguration:
      Did not match:
         - @ConditionalOnClass did not find required class 'org.neo4j.driver.Driver' (OnClassCondition)

   Neo4jReactiveDataAutoConfiguration:
      Did not match:
         - @ConditionalOnClass did not find required class 'org.neo4j.driver.Driver' (OnClassCondition)

   Neo4jReactiveRepositoriesAutoConfiguration:
      Did not match:
         - @ConditionalOnClass did not find required class 'org.neo4j.driver.Driver' (OnClassCondition)

   Neo4jRepositoriesAutoConfiguration:
      Did not match:
         - @ConditionalOnClass did not find required class 'org.neo4j.driver.Driver' (OnClassCondition)

   OAuth2ClientAutoConfiguration:
      Did not match:
         - @ConditionalOnClass did not find required class 'org.springframework.security.oauth2.client.registration.ClientRegistration' (OnClassCondition)

   OAuth2ResourceServerAutoConfiguration:
      Did not match:
         - @ConditionalOnClass did not find required class 'org.springframework.security.oauth2.server.resource.BearerTokenAuthenticationToken' (OnClassCondition)

   ProjectInfoAutoConfiguration#buildProperties:
      Did not match:
         - @ConditionalOnResource did not find resource '${spring.info.build.location:classpath:META-INF/build-info.properties}' (OnResourceCondition)

   ProjectInfoAutoConfiguration#gitProperties:
      Did not match:
         - GitResource did not find git info at classpath:git.properties (ProjectInfoAutoConfiguration.GitResourceAvailableCondition)

   QuartzAutoConfiguration:
      Did not match:
         - @ConditionalOnClass did not find required class 'org.quartz.Scheduler' (OnClassCondition)

   R2dbcAutoConfiguration:
      Did not match:
         - @ConditionalOnClass did not find required class 'io.r2dbc.spi.ConnectionFactory' (OnClassCondition)

   R2dbcDataAutoConfiguration:
      Did not match:
         - @ConditionalOnClass did not find required class 'org.springframework.data.r2dbc.core.R2dbcEntityTemplate' (OnClassCondition)

   R2dbcInitializationConfiguration:
      Did not match:
         - @ConditionalOnClass did not find required classes 'io.r2dbc.spi.ConnectionFactory', 'org.springframework.r2dbc.connection.init.DatabasePopulator' (OnClassCondition)

   R2dbcRepositoriesAutoConfiguration:
      Did not match:
         - @ConditionalOnClass did not find required class 'io.r2dbc.spi.ConnectionFactory' (OnClassCondition)

   R2dbcTransactionManagerAutoConfiguration:
      Did not match:
         - @ConditionalOnClass did not find required class 'org.springframework.r2dbc.connection.R2dbcTransactionManager' (OnClassCondition)

   RSocketGraphQlClientAutoConfiguration:
      Did not match:
         - @ConditionalOnClass did not find required class 'graphql.GraphQL' (OnClassCondition)

   RSocketMessagingAutoConfiguration:
      Did not match:
         - @ConditionalOnClass did not find required class 'io.rsocket.RSocket' (OnClassCondition)

   RSocketRequesterAutoConfiguration:
      Did not match:
         - @ConditionalOnClass did not find required class 'io.rsocket.RSocket' (OnClassCondition)

   RSocketSecurityAutoConfiguration:
      Did not match:
         - @ConditionalOnClass did not find required class 'org.springframework.security.rsocket.core.SecuritySocketAcceptorInterceptor' (OnClassCondition)

   RSocketServerAutoConfiguration:
      Did not match:
         - @ConditionalOnClass did not find required class 'io.rsocket.core.RSocketServer' (OnClassCondition)

   RSocketStrategiesAutoConfiguration:
      Did not match:
         - @ConditionalOnClass did not find required class 'io.rsocket.RSocket' (OnClassCondition)

   RabbitAutoConfiguration:
      Did not match:
         - @ConditionalOnClass did not find required class 'com.rabbitmq.client.Channel' (OnClassCondition)

   ReactiveElasticsearchRepositoriesAutoConfiguration:
      Did not match:
         - @ConditionalOnClass did not find required class 'org.springframework.data.elasticsearch.client.reactive.ReactiveElasticsearchClient' (OnClassCondition)

   ReactiveElasticsearchRestClientAutoConfiguration:
      Did not match:
         - @ConditionalOnClass did not find required class 'reactor.netty.http.client.HttpClient' (OnClassCondition)

   ReactiveMultipartAutoConfiguration:
      Did not match:
         - @ConditionalOnClass did not find required class 'org.springframework.web.reactive.config.WebFluxConfigurer' (OnClassCondition)

   ReactiveOAuth2ClientAutoConfiguration:
      Did not match:
         - @ConditionalOnClass did not find required class 'reactor.core.publisher.Flux' (OnClassCondition)

   ReactiveOAuth2ResourceServerAutoConfiguration:
      Did not match:
         - @ConditionalOnWebApplication did not find reactive web application classes (OnWebApplicationCondition)

   ReactiveSecurityAutoConfiguration:
      Did not match:
         - @ConditionalOnClass did not find required class 'reactor.core.publisher.Flux' (OnClassCondition)

   ReactiveUserDetailsServiceAutoConfiguration:
      Did not match:
         - AnyNestedCondition 0 matched 2 did not; NestedCondition on ReactiveUserDetailsServiceAutoConfiguration.ReactiveUserDetailsServiceCondition.ReactiveWebApplicationCondition did not find reactive web application classes; NestedCondition on ReactiveUserDetailsServiceAutoConfiguration.ReactiveUserDetailsServiceCondition.RSocketSecurityEnabledCondition @ConditionalOnBean (types: org.springframework.messaging.rsocket.annotation.support.RSocketMessageHandler; SearchStrategy: all) did not find any beans of type org.springframework.messaging.rsocket.annotation.support.RSocketMessageHandler (ReactiveUserDetailsServiceAutoConfiguration.ReactiveUserDetailsServiceCondition)
      Matched:
         - @ConditionalOnClass found required class 'org.springframework.security.authentication.ReactiveAuthenticationManager' (OnClassCondition)

   ReactiveWebServerFactoryAutoConfiguration:
      Did not match:
         - @ConditionalOnWebApplication did not find reactive web application classes (OnWebApplicationCondition)

   RedisAutoConfiguration:
      Did not match:
         - @ConditionalOnClass did not find required class 'org.springframework.data.redis.core.RedisOperations' (OnClassCondition)

   RedisCacheConfiguration:
      Did not match:
         - @ConditionalOnClass did not find required class 'org.springframework.data.redis.connection.RedisConnectionFactory' (OnClassCondition)

   RedisReactiveAutoConfiguration:
      Did not match:
         - @ConditionalOnClass did not find required class 'reactor.core.publisher.Flux' (OnClassCondition)

   RedisRepositoriesAutoConfiguration:
      Did not match:
         - @ConditionalOnClass did not find required class 'org.springframework.data.redis.repository.configuration.EnableRedisRepositories' (OnClassCondition)

   RemoteDevToolsAutoConfiguration:
      Did not match:
         - @ConditionalOnProperty (spring.devtools.remote.secret) did not find property 'secret' (OnPropertyCondition)
      Matched:
         - @ConditionalOnClass found required classes 'javax.servlet.Filter', 'org.springframework.http.server.ServerHttpRequest' (OnClassCondition)

   Saml2RelyingPartyAutoConfiguration:
      Did not match:
         - @ConditionalOnClass did not find required class 'org.springframework.security.saml2.provider.service.registration.RelyingPartyRegistrationRepository' (OnClassCondition)

   SecurityDataConfiguration:
      Did not match:
         - @ConditionalOnClass did not find required class 'org.springframework.security.data.repository.query.SecurityEvaluationContextExtension' (OnClassCondition)

   SendGridAutoConfiguration:
      Did not match:
         - @ConditionalOnClass did not find required class 'com.sendgrid.SendGrid' (OnClassCondition)

   ServletWebServerFactoryAutoConfiguration.ForwardedHeaderFilterConfiguration:
      Did not match:
         - @ConditionalOnProperty (server.forward-headers-strategy=framework) did not find property 'server.forward-headers-strategy' (OnPropertyCondition)

   ServletWebServerFactoryConfiguration.EmbeddedJetty:
      Did not match:
         - @ConditionalOnClass did not find required classes 'org.eclipse.jetty.server.Server', 'org.eclipse.jetty.util.Loader', 'org.eclipse.jetty.webapp.WebAppContext' (OnClassCondition)

   ServletWebServerFactoryConfiguration.EmbeddedUndertow:
      Did not match:
         - @ConditionalOnClass did not find required classes 'io.undertow.Undertow', 'org.xnio.SslClientAuthMode' (OnClassCondition)

   SessionAutoConfiguration:
      Did not match:
         - @ConditionalOnClass did not find required class 'org.springframework.session.Session' (OnClassCondition)

   SolrAutoConfiguration:
      Did not match:
         - @ConditionalOnClass did not find required class 'org.apache.solr.client.solrj.impl.CloudSolrClient' (OnClassCondition)

   SpringApplicationAdminJmxAutoConfiguration:
      Did not match:
         - @ConditionalOnProperty (spring.application.admin.enabled=true) did not find property 'enabled' (OnPropertyCondition)

   SpringBootWebSecurityConfiguration.SecurityFilterChainConfiguration:
      Did not match:
         - AllNestedConditions 1 matched 1 did not; NestedCondition on DefaultWebSecurityCondition.Beans @ConditionalOnMissingBean (types: org.springframework.security.config.annotation.web.configuration.WebSecurityConfigurerAdapter,org.springframework.security.web.SecurityFilterChain; SearchStrategy: all) found beans of type 'org.springframework.security.config.annotation.web.configuration.WebSecurityConfigurerAdapter' webSecurityConfig; NestedCondition on DefaultWebSecurityCondition.Classes @ConditionalOnClass found required classes 'org.springframework.security.web.SecurityFilterChain', 'org.springframework.security.config.annotation.web.builders.HttpSecurity' (DefaultWebSecurityCondition)

   SpringBootWebSecurityConfiguration.WebSecurityEnablerConfiguration:
      Did not match:
         - @ConditionalOnMissingBean (names: springSecurityFilterChain; SearchStrategy: all) found beans named springSecurityFilterChain (OnBeanCondition)
      Matched:
         - @ConditionalOnClass found required class 'org.springframework.security.config.annotation.web.configuration.EnableWebSecurity' (OnClassCondition)

   SpringDataWebAutoConfiguration:
      Did not match:
         - @ConditionalOnMissingBean (types: org.springframework.data.web.PageableHandlerMethodArgumentResolver; SearchStrategy: all) found beans of type 'org.springframework.data.web.PageableHandlerMethodArgumentResolver' pageableResolver (OnBeanCondition)
      Matched:
         - @ConditionalOnClass found required classes 'org.springframework.data.web.PageableHandlerMethodArgumentResolver', 'org.springframework.web.servlet.config.annotation.WebMvcConfigurer' (OnClassCondition)
         - found 'session' scope (OnWebApplicationCondition)

   TaskSchedulingAutoConfiguration#taskScheduler:
      Did not match:
         - @ConditionalOnBean (names: org.springframework.context.annotation.internalScheduledAnnotationProcessor; SearchStrategy: all) did not find any beans named org.springframework.context.annotation.internalScheduledAnnotationProcessor (OnBeanCondition)

   TemplateEngineConfigurations.ReactiveTemplateEngineConfiguration:
      Did not match:
         - did not find reactive web application classes (OnWebApplicationCondition)

   ThymeleafAutoConfiguration.DataAttributeDialectConfiguration:
      Did not match:
         - @ConditionalOnClass did not find required class 'com.github.mxab.thymeleaf.extras.dataattribute.dialect.DataAttributeDialect' (OnClassCondition)

   ThymeleafAutoConfiguration.ThymeleafSecurityDialectConfiguration:
      Did not match:
         - @ConditionalOnClass did not find required class 'org.thymeleaf.extras.springsecurity5.dialect.SpringSecurityDialect' (OnClassCondition)

   ThymeleafAutoConfiguration.ThymeleafWebFluxConfiguration:
      Did not match:
         - did not find reactive web application classes (OnWebApplicationCondition)

   ThymeleafAutoConfiguration.ThymeleafWebLayoutConfiguration:
      Did not match:
         - @ConditionalOnClass did not find required class 'nz.net.ultraq.thymeleaf.layoutdialect.LayoutDialect' (OnClassCondition)

   ThymeleafAutoConfiguration.ThymeleafWebMvcConfiguration#resourceUrlEncodingFilter:
      Did not match:
         - @ConditionalOnEnabledResourceChain did not find class org.webjars.WebJarAssetLocator (OnEnabledResourceChainCondition)

   TransactionAutoConfiguration#transactionalOperator:
      Did not match:
         - @ConditionalOnSingleCandidate (types: org.springframework.transaction.ReactiveTransactionManager; SearchStrategy: all) did not find any beans (OnBeanCondition)

   TransactionAutoConfiguration.EnableTransactionManagementConfiguration.JdkDynamicAutoProxyConfiguration:
      Did not match:
         - @ConditionalOnProperty (spring.aop.proxy-target-class=false) did not find property 'proxy-target-class' (OnPropertyCondition)

   UserDetailsServiceAutoConfiguration:
      Did not match:
         - @ConditionalOnMissingBean (types: org.springframework.security.authentication.AuthenticationManager,org.springframework.security.authentication.AuthenticationProvider,org.springframework.security.core.userdetails.UserDetailsService,org.springframework.security.authentication.AuthenticationManagerResolver,org.springframework.security.oauth2.jwt.JwtDecoder,org.springframework.security.oauth2.server.resource.introspection.OpaqueTokenIntrospector,org.springframework.security.oauth2.client.registration.ClientRegistrationRepository,org.springframework.security.saml2.provider.service.registration.RelyingPartyRegistrationRepository; SearchStrategy: all) found beans of type 'org.springframework.security.authentication.AuthenticationManager' authenticationManagerBean and found beans of type 'org.springframework.security.core.userdetails.UserDetailsService' usuarioService (OnBeanCondition)
      Matched:
         - @ConditionalOnClass found required class 'org.springframework.security.authentication.AuthenticationManager' (OnClassCondition)

   ValidationAutoConfiguration:
      Did not match:
         - @ConditionalOnResource did not find resource 'classpath:META-INF/services/javax.validation.spi.ValidationProvider' (OnResourceCondition)
      Matched:
         - @ConditionalOnClass found required class 'javax.validation.executable.ExecutableValidator' (OnClassCondition)

   WebClientAutoConfiguration:
      Did not match:
         - @ConditionalOnClass did not find required class 'org.springframework.web.reactive.function.client.WebClient' (OnClassCondition)

   WebFluxAutoConfiguration:
      Did not match:
         - @ConditionalOnClass did not find required class 'org.springframework.web.reactive.config.WebFluxConfigurer' (OnClassCondition)

   WebMvcAutoConfiguration#hiddenHttpMethodFilter:
      Did not match:
         - @ConditionalOnProperty (spring.mvc.hiddenmethod.filter.enabled) did not find property 'enabled' (OnPropertyCondition)

   WebMvcAutoConfiguration.ResourceChainCustomizerConfiguration:
      Did not match:
         - @ConditionalOnEnabledResourceChain did not find class org.webjars.WebJarAssetLocator (OnEnabledResourceChainCondition)

   WebMvcAutoConfiguration.WebMvcAutoConfigurationAdapter#beanNameViewResolver:
      Did not match:
         - @ConditionalOnMissingBean (types: org.springframework.web.servlet.view.BeanNameViewResolver; SearchStrategy: all) found beans of type 'org.springframework.web.servlet.view.BeanNameViewResolver' beanNameViewResolver (OnBeanCondition)

   WebServiceTemplateAutoConfiguration:
      Did not match:
         - @ConditionalOnClass did not find required class 'org.springframework.oxm.Marshaller' (OnClassCondition)

   WebServicesAutoConfiguration:
      Did not match:
         - @ConditionalOnClass did not find required class 'org.springframework.ws.transport.http.MessageDispatcherServlet' (OnClassCondition)

   WebSessionIdResolverAutoConfiguration:
      Did not match:
         - @ConditionalOnClass did not find required class 'reactor.core.publisher.Mono' (OnClassCondition)

   WebSocketMessagingAutoConfiguration:
      Did not match:
         - @ConditionalOnClass did not find required class 'org.springframework.web.socket.config.annotation.WebSocketMessageBrokerConfigurer' (OnClassCondition)

   WebSocketReactiveAutoConfiguration:
      Did not match:
         - @ConditionalOnWebApplication did not find reactive web application classes (OnWebApplicationCondition)

   WebSocketServletAutoConfiguration.Jetty10WebSocketConfiguration:
      Did not match:
         - @ConditionalOnClass did not find required classes 'org.eclipse.jetty.websocket.javax.server.internal.JavaxWebSocketServerContainer', 'org.eclipse.jetty.websocket.server.JettyWebSocketServerContainer' (OnClassCondition)

   WebSocketServletAutoConfiguration.JettyWebSocketConfiguration:
      Did not match:
         - @ConditionalOnClass did not find required class 'org.eclipse.jetty.websocket.jsr356.server.deploy.WebSocketServerContainerInitializer' (OnClassCondition)

   WebSocketServletAutoConfiguration.UndertowWebSocketConfiguration:
      Did not match:
         - @ConditionalOnClass did not find required class 'io.undertow.websockets.jsr.Bootstrap' (OnClassCondition)

   XADataSourceAutoConfiguration:
      Did not match:
         - @ConditionalOnBean (types: org.springframework.boot.jdbc.XADataSourceWrapper; SearchStrategy: all) did not find any beans of type org.springframework.boot.jdbc.XADataSourceWrapper (OnBeanCondition)
      Matched:
         - @ConditionalOnClass found required classes 'javax.sql.DataSource', 'javax.transaction.TransactionManager', 'org.springframework.jdbc.datasource.embedded.EmbeddedDatabaseType' (OnClassCondition)


Exclusions:
-----------

    None


Unconditional classes:
----------------------

    org.springframework.boot.autoconfigure.context.ConfigurationPropertiesAutoConfiguration

    org.springframework.boot.autoconfigure.context.PropertyPlaceholderAutoConfiguration

    org.springframework.boot.autoconfigure.context.LifecycleAutoConfiguration

    org.springframework.boot.autoconfigure.availability.ApplicationAvailabilityAutoConfiguration

    org.springframework.boot.autoconfigure.info.ProjectInfoAutoConfiguration



2023-04-04 21:53:44,422 main ERROR An exception occurred processing Appender Console java.lang.IllegalStateException: Illegal access: this web application instance has been stopped already. Could not load [db/migration/V1__create_init_tables.sql]. The following stack trace is thrown for debugging purposes as well as to attempt to terminate the thread which caused the illegal access.
	at org.apache.catalina.loader.WebappClassLoaderBase.checkStateForResourceLoading(WebappClassLoaderBase.java:1432)
	at org.apache.catalina.loader.WebappClassLoaderBase.getResource(WebappClassLoaderBase.java:1057)
	at org.flywaydb.core.internal.resource.classpath.ClassPathResource.getUrl(ClassPathResource.java:85)
	at org.flywaydb.core.internal.resource.classpath.ClassPathResource.getAbsolutePathOnDisk(ClassPathResource.java:74)
	at org.flywaydb.core.internal.sqlscript.FlywaySqlScriptException.getMessage(FlywaySqlScriptException.java:81)
	at java.base/java.lang.Throwable.getLocalizedMessage(Throwable.java:396)
	at java.base/java.lang.Throwable.toString(Throwable.java:495)
	at java.base/java.lang.String.valueOf(String.java:3042)
	at java.base/java.lang.StringBuilder.append(StringBuilder.java:168)
	at java.base/java.lang.Throwable.printEnclosedStackTrace(Throwable.java:709)
	at java.base/java.lang.Throwable.printEnclosedStackTrace(Throwable.java:723)
	at java.base/java.lang.Throwable.printEnclosedStackTrace(Throwable.java:723)
	at java.base/java.lang.Throwable.printEnclosedStackTrace(Throwable.java:723)
	at java.base/java.lang.Throwable.printEnclosedStackTrace(Throwable.java:723)
	at java.base/java.lang.Throwable.printEnclosedStackTrace(Throwable.java:723)
	at java.base/java.lang.Throwable.printEnclosedStackTrace(Throwable.java:723)
	at java.base/java.lang.Throwable.printEnclosedStackTrace(Throwable.java:723)
	at java.base/java.lang.Throwable.printEnclosedStackTrace(Throwable.java:723)
	at java.base/java.lang.Throwable.printStackTrace(Throwable.java:681)
	at java.base/java.lang.Throwable.printStackTrace(Throwable.java:735)
	at org.apache.logging.log4j.core.pattern.ThrowablePatternConverter.formatOption(ThrowablePatternConverter.java:211)
	at org.apache.logging.log4j.core.pattern.ThrowablePatternConverter.format(ThrowablePatternConverter.java:137)
	at org.apache.logging.log4j.core.layout.PatternLayout$NoFormatPatternSerializer.toSerializable(PatternLayout.java:342)
	at org.apache.logging.log4j.core.layout.PatternLayout.toText(PatternLayout.java:240)
	at org.apache.logging.log4j.core.layout.PatternLayout.encode(PatternLayout.java:225)
	at org.apache.logging.log4j.core.layout.PatternLayout.encode(PatternLayout.java:59)
	at org.apache.logging.log4j.core.appender.AbstractOutputStreamAppender.directEncodeEvent(AbstractOutputStreamAppender.java:215)
	at org.apache.logging.log4j.core.appender.AbstractOutputStreamAppender.tryAppend(AbstractOutputStreamAppender.java:208)
	at org.apache.logging.log4j.core.appender.AbstractOutputStreamAppender.append(AbstractOutputStreamAppender.java:199)
	at org.apache.logging.log4j.core.config.AppenderControl.tryCallAppender(AppenderControl.java:161)
	at org.apache.logging.log4j.core.config.AppenderControl.callAppender0(AppenderControl.java:134)
	at org.apache.logging.log4j.core.config.AppenderControl.callAppenderPreventRecursion(AppenderControl.java:125)
	at org.apache.logging.log4j.core.config.AppenderControl.callAppender(AppenderControl.java:89)
	at org.apache.logging.log4j.core.config.LoggerConfig.callAppenders(LoggerConfig.java:675)
	at org.apache.logging.log4j.core.config.LoggerConfig.processLogEvent(LoggerConfig.java:633)
	at org.apache.logging.log4j.core.config.LoggerConfig.log(LoggerConfig.java:616)
	at org.apache.logging.log4j.core.config.LoggerConfig.log(LoggerConfig.java:552)
	at org.apache.logging.log4j.core.config.AwaitCompletionReliabilityStrategy.log(AwaitCompletionReliabilityStrategy.java:82)
	at org.apache.logging.log4j.core.Logger.log(Logger.java:161)
	at org.apache.logging.log4j.spi.AbstractLogger.tryLogMessage(AbstractLogger.java:2205)
	at org.apache.logging.log4j.spi.AbstractLogger.logMessageTrackRecursion(AbstractLogger.java:2159)
	at org.apache.logging.log4j.spi.AbstractLogger.logMessageSafely(AbstractLogger.java:2142)
	at org.apache.logging.log4j.spi.AbstractLogger.logMessage(AbstractLogger.java:2017)
	at org.apache.logging.log4j.spi.AbstractLogger.logIfEnabled(AbstractLogger.java:1983)
	at org.apache.commons.logging.LogAdapter$Log4jLog.log(LogAdapter.java:263)
	at org.apache.commons.logging.LogAdapter$Log4jLog.error(LogAdapter.java:215)
	at org.springframework.boot.SpringApplication.reportFailure(SpringApplication.java:824)
	at org.springframework.boot.SpringApplication.handleRunFailure(SpringApplication.java:788)
	at org.springframework.boot.SpringApplication.run(SpringApplication.java:318)
	at org.springframework.boot.test.context.SpringBootContextLoader.loadContext(SpringBootContextLoader.java:132)
	at org.springframework.test.context.cache.DefaultCacheAwareContextLoaderDelegate.loadContextInternal(DefaultCacheAwareContextLoaderDelegate.java:99)
	at org.springframework.test.context.cache.DefaultCacheAwareContextLoaderDelegate.loadContext(DefaultCacheAwareContextLoaderDelegate.java:124)
	at org.springframework.test.context.support.DefaultTestContext.getApplicationContext(DefaultTestContext.java:124)
	at org.springframework.test.context.support.DependencyInjectionTestExecutionListener.injectDependencies(DependencyInjectionTestExecutionListener.java:118)
	at org.springframework.test.context.support.DependencyInjectionTestExecutionListener.prepareTestInstance(DependencyInjectionTestExecutionListener.java:83)
	at org.springframework.boot.test.autoconfigure.SpringBootDependencyInjectionTestExecutionListener.prepareTestInstance(SpringBootDependencyInjectionTestExecutionListener.java:43)
	at org.springframework.test.context.TestContextManager.prepareTestInstance(TestContextManager.java:248)
	at org.springframework.test.context.junit4.SpringJUnit4ClassRunner.createTest(SpringJUnit4ClassRunner.java:227)
	at org.springframework.test.context.junit4.SpringJUnit4ClassRunner$1.runReflectiveCall(SpringJUnit4ClassRunner.java:289)
	at org.junit.internal.runners.model.ReflectiveCallable.run(ReflectiveCallable.java:12)
	at org.springframework.test.context.junit4.SpringJUnit4ClassRunner.methodBlock(SpringJUnit4ClassRunner.java:291)
	at org.springframework.test.context.junit4.SpringJUnit4ClassRunner.runChild(SpringJUnit4ClassRunner.java:246)
	at org.springframework.test.context.junit4.SpringJUnit4ClassRunner.runChild(SpringJUnit4ClassRunner.java:97)
	at org.junit.runners.ParentRunner$3.run(ParentRunner.java:290)
	at org.junit.runners.ParentRunner$1.schedule(ParentRunner.java:71)
	at org.junit.runners.ParentRunner.runChildren(ParentRunner.java:288)
	at org.junit.runners.ParentRunner.access$000(ParentRunner.java:58)
	at org.junit.runners.ParentRunner$2.evaluate(ParentRunner.java:268)
	at org.springframework.test.context.junit4.statements.RunBeforeTestClassCallbacks.evaluate(RunBeforeTestClassCallbacks.java:61)
	at org.springframework.test.context.junit4.statements.RunAfterTestClassCallbacks.evaluate(RunAfterTestClassCallbacks.java:70)
	at org.junit.runners.ParentRunner.run(ParentRunner.java:363)
	at org.springframework.test.context.junit4.SpringJUnit4ClassRunner.run(SpringJUnit4ClassRunner.java:190)
	at org.junit.runners.Suite.runChild(Suite.java:128)
	at org.junit.runners.Suite.runChild(Suite.java:27)
	at org.junit.runners.ParentRunner$3.run(ParentRunner.java:290)
	at org.junit.runners.ParentRunner$1.schedule(ParentRunner.java:71)
	at org.junit.runners.ParentRunner.runChildren(ParentRunner.java:288)
	at org.junit.runners.ParentRunner.access$000(ParentRunner.java:58)
	at org.junit.runners.ParentRunner$2.evaluate(ParentRunner.java:268)
	at org.junit.runners.ParentRunner.run(ParentRunner.java:363)
	at org.junit.runner.JUnitCore.run(JUnitCore.java:137)
	at org.junit.runner.JUnitCore.run(JUnitCore.java:115)
	at org.apache.maven.surefire.junitcore.JUnitCoreWrapper.createRequestAndRun(JUnitCoreWrapper.java:108)
	at org.apache.maven.surefire.junitcore.JUnitCoreWrapper.executeEager(JUnitCoreWrapper.java:78)
	at org.apache.maven.surefire.junitcore.JUnitCoreWrapper.execute(JUnitCoreWrapper.java:54)
	at org.apache.maven.surefire.junitcore.JUnitCoreProvider.invoke(JUnitCoreProvider.java:144)
	at org.apache.maven.surefire.booter.ForkedBooter.invokeProviderInSameClassLoader(ForkedBooter.java:203)
	at org.apache.maven.surefire.booter.ForkedBooter.runSuitesInProcess(ForkedBooter.java:155)
	at org.apache.maven.surefire.booter.ForkedBooter.main(ForkedBooter.java:103)

2023-04-04 21:53:44,425 main ERROR An exception occurred processing Appender RollingFile org.apache.logging.log4j.core.appender.AppenderLoggingException: java.lang.NoSuchMethodError: org.apache.logging.log4j.util.StackLocatorUtil.getCurrentStackTrace()Ljava/util/Deque;
	at org.apache.logging.log4j.core.config.AppenderControl.tryCallAppender(AppenderControl.java:165)
	at org.apache.logging.log4j.core.config.AppenderControl.callAppender0(AppenderControl.java:134)
	at org.apache.logging.log4j.core.config.AppenderControl.callAppenderPreventRecursion(AppenderControl.java:125)
	at org.apache.logging.log4j.core.config.AppenderControl.callAppender(AppenderControl.java:89)
	at org.apache.logging.log4j.core.config.LoggerConfig.callAppenders(LoggerConfig.java:675)
	at org.apache.logging.log4j.core.config.LoggerConfig.processLogEvent(LoggerConfig.java:633)
	at org.apache.logging.log4j.core.config.LoggerConfig.log(LoggerConfig.java:616)
	at org.apache.logging.log4j.core.config.LoggerConfig.log(LoggerConfig.java:552)
	at org.apache.logging.log4j.core.config.AwaitCompletionReliabilityStrategy.log(AwaitCompletionReliabilityStrategy.java:82)
	at org.apache.logging.log4j.core.Logger.log(Logger.java:161)
	at org.apache.logging.log4j.spi.AbstractLogger.tryLogMessage(AbstractLogger.java:2205)
	at org.apache.logging.log4j.spi.AbstractLogger.logMessageTrackRecursion(AbstractLogger.java:2159)
	at org.apache.logging.log4j.spi.AbstractLogger.logMessageSafely(AbstractLogger.java:2142)
	at org.apache.logging.log4j.spi.AbstractLogger.logMessage(AbstractLogger.java:2017)
	at org.apache.logging.log4j.spi.AbstractLogger.logIfEnabled(AbstractLogger.java:1983)
	at org.apache.commons.logging.LogAdapter$Log4jLog.log(LogAdapter.java:263)
	at org.apache.commons.logging.LogAdapter$Log4jLog.error(LogAdapter.java:215)
	at org.springframework.boot.SpringApplication.reportFailure(SpringApplication.java:824)
	at org.springframework.boot.SpringApplication.handleRunFailure(SpringApplication.java:788)
	at org.springframework.boot.SpringApplication.run(SpringApplication.java:318)
	at org.springframework.boot.test.context.SpringBootContextLoader.loadContext(SpringBootContextLoader.java:132)
	at org.springframework.test.context.cache.DefaultCacheAwareContextLoaderDelegate.loadContextInternal(DefaultCacheAwareContextLoaderDelegate.java:99)
	at org.springframework.test.context.cache.DefaultCacheAwareContextLoaderDelegate.loadContext(DefaultCacheAwareContextLoaderDelegate.java:124)
	at org.springframework.test.context.support.DefaultTestContext.getApplicationContext(DefaultTestContext.java:124)
	at org.springframework.test.context.support.DependencyInjectionTestExecutionListener.injectDependencies(DependencyInjectionTestExecutionListener.java:118)
	at org.springframework.test.context.support.DependencyInjectionTestExecutionListener.prepareTestInstance(DependencyInjectionTestExecutionListener.java:83)
	at org.springframework.boot.test.autoconfigure.SpringBootDependencyInjectionTestExecutionListener.prepareTestInstance(SpringBootDependencyInjectionTestExecutionListener.java:43)
	at org.springframework.test.context.TestContextManager.prepareTestInstance(TestContextManager.java:248)
	at org.springframework.test.context.junit4.SpringJUnit4ClassRunner.createTest(SpringJUnit4ClassRunner.java:227)
	at org.springframework.test.context.junit4.SpringJUnit4ClassRunner$1.runReflectiveCall(SpringJUnit4ClassRunner.java:289)
	at org.junit.internal.runners.model.ReflectiveCallable.run(ReflectiveCallable.java:12)
	at org.springframework.test.context.junit4.SpringJUnit4ClassRunner.methodBlock(SpringJUnit4ClassRunner.java:291)
	at org.springframework.test.context.junit4.SpringJUnit4ClassRunner.runChild(SpringJUnit4ClassRunner.java:246)
	at org.springframework.test.context.junit4.SpringJUnit4ClassRunner.runChild(SpringJUnit4ClassRunner.java:97)
	at org.junit.runners.ParentRunner$3.run(ParentRunner.java:290)
	at org.junit.runners.ParentRunner$1.schedule(ParentRunner.java:71)
	at org.junit.runners.ParentRunner.runChildren(ParentRunner.java:288)
	at org.junit.runners.ParentRunner.access$000(ParentRunner.java:58)
	at org.junit.runners.ParentRunner$2.evaluate(ParentRunner.java:268)
	at org.springframework.test.context.junit4.statements.RunBeforeTestClassCallbacks.evaluate(RunBeforeTestClassCallbacks.java:61)
	at org.springframework.test.context.junit4.statements.RunAfterTestClassCallbacks.evaluate(RunAfterTestClassCallbacks.java:70)
	at org.junit.runners.ParentRunner.run(ParentRunner.java:363)
	at org.springframework.test.context.junit4.SpringJUnit4ClassRunner.run(SpringJUnit4ClassRunner.java:190)
	at org.junit.runners.Suite.runChild(Suite.java:128)
	at org.junit.runners.Suite.runChild(Suite.java:27)
	at org.junit.runners.ParentRunner$3.run(ParentRunner.java:290)
	at org.junit.runners.ParentRunner$1.schedule(ParentRunner.java:71)
	at org.junit.runners.ParentRunner.runChildren(ParentRunner.java:288)
	at org.junit.runners.ParentRunner.access$000(ParentRunner.java:58)
	at org.junit.runners.ParentRunner$2.evaluate(ParentRunner.java:268)
	at org.junit.runners.ParentRunner.run(ParentRunner.java:363)
	at org.junit.runner.JUnitCore.run(JUnitCore.java:137)
	at org.junit.runner.JUnitCore.run(JUnitCore.java:115)
	at org.apache.maven.surefire.junitcore.JUnitCoreWrapper.createRequestAndRun(JUnitCoreWrapper.java:108)
	at org.apache.maven.surefire.junitcore.JUnitCoreWrapper.executeEager(JUnitCoreWrapper.java:78)
	at org.apache.maven.surefire.junitcore.JUnitCoreWrapper.execute(JUnitCoreWrapper.java:54)
	at org.apache.maven.surefire.junitcore.JUnitCoreProvider.invoke(JUnitCoreProvider.java:144)
	at org.apache.maven.surefire.booter.ForkedBooter.invokeProviderInSameClassLoader(ForkedBooter.java:203)
	at org.apache.maven.surefire.booter.ForkedBooter.runSuitesInProcess(ForkedBooter.java:155)
	at org.apache.maven.surefire.booter.ForkedBooter.main(ForkedBooter.java:103)
Caused by: java.lang.NoSuchMethodError: org.apache.logging.log4j.util.StackLocatorUtil.getCurrentStackTrace()Ljava/util/Deque;
	at org.apache.logging.log4j.core.impl.ThrowableProxy.<init>(ThrowableProxy.java:112)
	at org.apache.logging.log4j.core.impl.ThrowableProxy.<init>(ThrowableProxy.java:97)
	at org.apache.logging.log4j.core.impl.Log4jLogEvent.getThrownProxy(Log4jLogEvent.java:629)
	at org.apache.logging.log4j.core.pattern.ExtendedThrowablePatternConverter.format(ExtendedThrowablePatternConverter.java:63)
	at org.apache.logging.log4j.core.layout.PatternLayout$NoFormatPatternSerializer.toSerializable(PatternLayout.java:342)
	at org.apache.logging.log4j.core.layout.PatternLayout.toText(PatternLayout.java:240)
	at org.apache.logging.log4j.core.layout.PatternLayout.encode(PatternLayout.java:225)
	at org.apache.logging.log4j.core.layout.PatternLayout.encode(PatternLayout.java:59)
	at org.apache.logging.log4j.core.appender.AbstractOutputStreamAppender.directEncodeEvent(AbstractOutputStreamAppender.java:215)
	at org.apache.logging.log4j.core.appender.AbstractOutputStreamAppender.tryAppend(AbstractOutputStreamAppender.java:208)
	at org.apache.logging.log4j.core.appender.AbstractOutputStreamAppender.append(AbstractOutputStreamAppender.java:199)
	at org.apache.logging.log4j.core.appender.RollingFileAppender.append(RollingFileAppender.java:312)
	at org.apache.logging.log4j.core.config.AppenderControl.tryCallAppender(AppenderControl.java:161)
	... 59 more

2023-04-04 21:53:44,574 main ERROR Unable to locate appender "FILE" for logger config "root"
2023-04-04 21:53:44,575 main ERROR Unable to locate appender "STDOUT" for logger config "root"

  .   ____          _            __ _ _
 /\\ / ___'_ __ _ _(_)_ __  __ _ \ \ \ \
( ( )\___ | '_ | '_| | '_ \/ _` | \ \ \ \
 \\/  ___)| |_)| | | | | || (_| |  ) ) ) )
  '  |____| .__|_| |_|_| |_\__, | / / / /
 =========|_|==============|___/=/_/_/_/
 :: Spring Boot ::                (v2.7.2)

&amp#27;[30m2023-04-04T21:53:44,603&amp#27;[m &amp#27;[32mINFO  &amp#27;[m[&amp#27;[1;34mmain&amp#27;[m] &amp#27;[1;33mo.s.b.StartupInfoLogger&amp#27;[m:  Starting LoginTest using Java 12.0.2 on MacBook-Air-de-Joseph.local with PID 99265 (started by josephlpz in /Users/josephlpz/Documents/JustWork/JustWork-server)
&amp#27;[30m2023-04-04T21:53:44,609&amp#27;[m &amp#27;[36mDEBUG &amp#27;[m[&amp#27;[1;34mmain&amp#27;[m] &amp#27;[1;33mo.s.b.StartupInfoLogger&amp#27;[m:  Running with Spring Boot v2.7.2, Spring v5.3.22
&amp#27;[30m2023-04-04T21:53:44,609&amp#27;[m &amp#27;[32mINFO  &amp#27;[m[&amp#27;[1;34mmain&amp#27;[m] &amp#27;[1;33mo.s.b.SpringApplication&amp#27;[m:  The following 1 profile is active: "@typeProfile@"
&amp#27;[30m2023-04-04T21:53:44,609&amp#27;[m &amp#27;[36mDEBUG &amp#27;[m[&amp#27;[1;34mmain&amp#27;[m] &amp#27;[1;33mo.s.b.SpringApplication&amp#27;[m:  Loading source class JustWork.server.ServerApplication
&amp#27;[30m2023-04-04T21:53:44,617&amp#27;[m &amp#27;[36mDEBUG &amp#27;[m[&amp#27;[1;34mmain&amp#27;[m] &amp#27;[1;33mo.s.c.s.AbstractApplicationContext&amp#27;[m:  Refreshing org.springframework.boot.web.servlet.context.AnnotationConfigServletWebServerApplicationContext@52e5ad71
&amp#27;[30m2023-04-04T21:53:44,621&amp#27;[m &amp#27;[36mDEBUG &amp#27;[m[&amp#27;[1;34mmain&amp#27;[m] &amp#27;[1;33mo.s.b.f.s.DefaultSingletonBeanRegistry&amp#27;[m:  Creating shared instance of singleton bean 'org.springframework.context.annotation.internalConfigurationAnnotationProcessor'
&amp#27;[30m2023-04-04T21:53:44,623&amp#27;[m &amp#27;[36mDEBUG &amp#27;[m[&amp#27;[1;34mmain&amp#27;[m] &amp#27;[1;33mo.s.b.f.s.DefaultSingletonBeanRegistry&amp#27;[m:  Creating shared instance of singleton bean 'org.springframework.boot.autoconfigure.internalCachingMetadataReaderFactory'
&amp#27;[30m2023-04-04T21:53:44,653&amp#27;[m &amp#27;[36mDEBUG &amp#27;[m[&amp#27;[1;34mmain&amp#27;[m] &amp#27;[1;33mo.s.c.a.ClassPathScanningCandidateComponentProvider&amp#27;[m:  Identified candidate component class: file [/Users/josephlpz/Documents/JustWork/JustWork-server/target/classes/JustWork/server/config/JwtAuthenticationEntryPoint.class]
&amp#27;[30m2023-04-04T21:53:44,653&amp#27;[m &amp#27;[36mDEBUG &amp#27;[m[&amp#27;[1;34mmain&amp#27;[m] &amp#27;[1;33mo.s.c.a.ClassPathScanningCandidateComponentProvider&amp#27;[m:  Identified candidate component class: file [/Users/josephlpz/Documents/JustWork/JustWork-server/target/classes/JustWork/server/config/JwtRequestFilter.class]
&amp#27;[30m2023-04-04T21:53:44,653&amp#27;[m &amp#27;[36mDEBUG &amp#27;[m[&amp#27;[1;34mmain&amp#27;[m] &amp#27;[1;33mo.s.c.a.ClassPathScanningCandidateComponentProvider&amp#27;[m:  Identified candidate component class: file [/Users/josephlpz/Documents/JustWork/JustWork-server/target/classes/JustWork/server/config/JwtTokenUtil.class]
&amp#27;[30m2023-04-04T21:53:44,653&amp#27;[m &amp#27;[36mDEBUG &amp#27;[m[&amp#27;[1;34mmain&amp#27;[m] &amp#27;[1;33mo.s.c.a.ClassPathScanningCandidateComponentProvider&amp#27;[m:  Identified candidate component class: file [/Users/josephlpz/Documents/JustWork/JustWork-server/target/classes/JustWork/server/config/JwtUtils.class]
&amp#27;[30m2023-04-04T21:53:44,655&amp#27;[m &amp#27;[36mDEBUG &amp#27;[m[&amp#27;[1;34mmain&amp#27;[m] &amp#27;[1;33mo.s.c.a.ClassPathScanningCandidateComponentProvider&amp#27;[m:  Identified candidate component class: file [/Users/josephlpz/Documents/JustWork/JustWork-server/target/classes/JustWork/server/config/WebSecurityConfig.class]
&amp#27;[30m2023-04-04T21:53:44,656&amp#27;[m &amp#27;[36mDEBUG &amp#27;[m[&amp#27;[1;34mmain&amp#27;[m] &amp#27;[1;33mo.s.c.a.ClassPathScanningCandidateComponentProvider&amp#27;[m:  Identified candidate component class: file [/Users/josephlpz/Documents/JustWork/JustWork-server/target/classes/JustWork/server/controllers/PosicionController.class]
&amp#27;[30m2023-04-04T21:53:44,656&amp#27;[m &amp#27;[36mDEBUG &amp#27;[m[&amp#27;[1;34mmain&amp#27;[m] &amp#27;[1;33mo.s.c.a.ClassPathScanningCandidateComponentProvider&amp#27;[m:  Identified candidate component class: file [/Users/josephlpz/Documents/JustWork/JustWork-server/target/classes/JustWork/server/controllers/UsuarioController.class]
&amp#27;[30m2023-04-04T21:53:44,657&amp#27;[m &amp#27;[36mDEBUG &amp#27;[m[&amp#27;[1;34mmain&amp#27;[m] &amp#27;[1;33mo.s.c.a.ClassPathScanningCandidateComponentProvider&amp#27;[m:  Ignored because not a concrete top-level class: file [/Users/josephlpz/Documents/JustWork/JustWork-server/target/classes/JustWork/server/interfaces/UserDetailsService.class]
&amp#27;[30m2023-04-04T21:53:44,657&amp#27;[m &amp#27;[36mDEBUG &amp#27;[m[&amp#27;[1;34mmain&amp#27;[m] &amp#27;[1;33mo.s.c.a.ClassPathScanningCandidateComponentProvider&amp#27;[m:  Ignored because not a concrete top-level class: file [/Users/josephlpz/Documents/JustWork/JustWork-server/target/classes/JustWork/server/repository/RolRepository.class]
&amp#27;[30m2023-04-04T21:53:44,657&amp#27;[m &amp#27;[36mDEBUG &amp#27;[m[&amp#27;[1;34mmain&amp#27;[m] &amp#27;[1;33mo.s.c.a.ClassPathScanningCandidateComponentProvider&amp#27;[m:  Ignored because not a concrete top-level class: file [/Users/josephlpz/Documents/JustWork/JustWork-server/target/classes/JustWork/server/repository/TokenRepository.class]
&amp#27;[30m2023-04-04T21:53:44,657&amp#27;[m &amp#27;[36mDEBUG &amp#27;[m[&amp#27;[1;34mmain&amp#27;[m] &amp#27;[1;33mo.s.c.a.ClassPathScanningCandidateComponentProvider&amp#27;[m:  Ignored because not a concrete top-level class: file [/Users/josephlpz/Documents/JustWork/JustWork-server/target/classes/JustWork/server/repository/UsuarioRepository.class]
&amp#27;[30m2023-04-04T21:53:44,658&amp#27;[m &amp#27;[36mDEBUG &amp#27;[m[&amp#27;[1;34mmain&amp#27;[m] &amp#27;[1;33mo.s.c.a.ClassPathScanningCandidateComponentProvider&amp#27;[m:  Identified candidate component class: file [/Users/josephlpz/Documents/JustWork/JustWork-server/target/classes/JustWork/server/service/LoginService.class]
&amp#27;[30m2023-04-04T21:53:44,658&amp#27;[m &amp#27;[36mDEBUG &amp#27;[m[&amp#27;[1;34mmain&amp#27;[m] &amp#27;[1;33mo.s.c.a.ClassPathScanningCandidateComponentProvider&amp#27;[m:  Identified candidate component class: file [/Users/josephlpz/Documents/JustWork/JustWork-server/target/classes/JustWork/server/service/TokenService.class]
&amp#27;[30m2023-04-04T21:53:44,658&amp#27;[m &amp#27;[36mDEBUG &amp#27;[m[&amp#27;[1;34mmain&amp#27;[m] &amp#27;[1;33mo.s.c.a.ClassPathScanningCandidateComponentProvider&amp#27;[m:  Identified candidate component class: file [/Users/josephlpz/Documents/JustWork/JustWork-server/target/classes/JustWork/server/service/UsuarioService.class]
&amp#27;[30m2023-04-04T21:53:44,819&amp#27;[m &amp#27;[32mINFO  &amp#27;[m[&amp#27;[1;34mmain&amp#27;[m] &amp#27;[1;33mo.s.d.r.c.RepositoryConfigurationDelegate&amp#27;[m:  Bootstrapping Spring Data JPA repositories in DEFAULT mode.
&amp#27;[30m2023-04-04T21:53:44,819&amp#27;[m &amp#27;[36mDEBUG &amp#27;[m[&amp#27;[1;34mmain&amp#27;[m] &amp#27;[1;33mo.s.b.f.s.DefaultSingletonBeanRegistry&amp#27;[m:  Creating shared instance of singleton bean 'org.springframework.boot.autoconfigure.AutoConfigurationPackages'
&amp#27;[30m2023-04-04T21:53:44,819&amp#27;[m &amp#27;[36mDEBUG &amp#27;[m[&amp#27;[1;34mmain&amp#27;[m] &amp#27;[1;33mo.s.b.a.AutoConfigurationPackages$BasePackages&amp#27;[m:  @EnableAutoConfiguration was declared on a class in the package 'JustWork.server'. Automatic @Repository and @Entity scanning is enabled.
&amp#27;[30m2023-04-04T21:53:44,819&amp#27;[m &amp#27;[36mDEBUG &amp#27;[m[&amp#27;[1;34mmain&amp#27;[m] &amp#27;[1;33mo.s.d.r.c.RepositoryConfigurationDelegate&amp#27;[m:  Scanning for JPA repositories in packages JustWork.server.
&amp#27;[30m2023-04-04T21:53:44,825&amp#27;[m &amp#27;[36mDEBUG &amp#27;[m[&amp#27;[1;34mmain&amp#27;[m] &amp#27;[1;33mo.s.c.a.ClassPathScanningCandidateComponentProvider&amp#27;[m:  Identified candidate component class: file [/Users/josephlpz/Documents/JustWork/JustWork-server/target/classes/JustWork/server/repository/RolRepository.class]
&amp#27;[30m2023-04-04T21:53:44,825&amp#27;[m &amp#27;[36mDEBUG &amp#27;[m[&amp#27;[1;34mmain&amp#27;[m] &amp#27;[1;33mo.s.c.a.ClassPathScanningCandidateComponentProvider&amp#27;[m:  Identified candidate component class: file [/Users/josephlpz/Documents/JustWork/JustWork-server/target/classes/JustWork/server/repository/TokenRepository.class]
&amp#27;[30m2023-04-04T21:53:44,825&amp#27;[m &amp#27;[36mDEBUG &amp#27;[m[&amp#27;[1;34mmain&amp#27;[m] &amp#27;[1;33mo.s.c.a.ClassPathScanningCandidateComponentProvider&amp#27;[m:  Identified candidate component class: file [/Users/josephlpz/Documents/JustWork/JustWork-server/target/classes/JustWork/server/repository/UsuarioRepository.class]
&amp#27;[30m2023-04-04T21:53:44,835&amp#27;[m &amp#27;[32mINFO  &amp#27;[m[&amp#27;[1;34mmain&amp#27;[m] &amp#27;[1;33mo.s.d.r.c.RepositoryConfigurationDelegate&amp#27;[m:  Finished Spring Data repository scanning in 15 ms. Found 3 JPA repository interfaces.
&amp#27;[30m2023-04-04T21:53:44,867&amp#27;[m &amp#27;[36mDEBUG &amp#27;[m[&amp#27;[1;34mmain&amp#27;[m] &amp#27;[1;33mo.s.b.f.s.DefaultSingletonBeanRegistry&amp#27;[m:  Creating shared instance of singleton bean 'org.springframework.boot.test.web.client.TestRestTemplateContextCustomizer$TestRestTemplateRegistrar'
&amp#27;[30m2023-04-04T21:53:44,869&amp#27;[m &amp#27;[36mDEBUG &amp#27;[m[&amp#27;[1;34mmain&amp#27;[m] &amp#27;[1;33mo.s.b.f.s.DefaultSingletonBeanRegistry&amp#27;[m:  Creating shared instance of singleton bean 'propertySourcesPlaceholderConfigurer'
&amp#27;[30m2023-04-04T21:53:44,873&amp#27;[m &amp#27;[36mDEBUG &amp#27;[m[&amp#27;[1;34mmain&amp#27;[m] &amp#27;[1;33mo.s.b.f.s.DefaultSingletonBeanRegistry&amp#27;[m:  Creating shared instance of singleton bean 'org.springframework.boot.test.mock.mockito.MockitoPostProcessor'
&amp#27;[30m2023-04-04T21:53:44,874&amp#27;[m &amp#27;[36mDEBUG &amp#27;[m[&amp#27;[1;34mmain&amp#27;[m] &amp#27;[1;33mo.s.b.f.s.DefaultSingletonBeanRegistry&amp#27;[m:  Creating shared instance of singleton bean 'emBeanDefinitionRegistrarPostProcessor'
&amp#27;[30m2023-04-04T21:53:44,874&amp#27;[m &amp#27;[36mDEBUG &amp#27;[m[&amp#27;[1;34mmain&amp#27;[m] &amp#27;[1;33mo.s.b.f.s.DefaultSingletonBeanRegistry&amp#27;[m:  Creating shared instance of singleton bean 'org.springframework.boot.sql.init.dependency.DatabaseInitializationDependencyConfigurer$DependsOnDatabaseInitializationPostProcessor'
&amp#27;[30m2023-04-04T21:53:44,880&amp#27;[m &amp#27;[36mDEBUG &amp#27;[m[&amp#27;[1;34mmain&amp#27;[m] &amp#27;[1;33mo.s.b.f.s.DefaultSingletonBeanRegistry&amp#27;[m:  Creating shared instance of singleton bean 'org.springframework.context.event.internalEventListenerProcessor'
&amp#27;[30m2023-04-04T21:53:44,880&amp#27;[m &amp#27;[36mDEBUG &amp#27;[m[&amp#27;[1;34mmain&amp#27;[m] &amp#27;[1;33mo.s.b.f.s.DefaultSingletonBeanRegistry&amp#27;[m:  Creating shared instance of singleton bean 'conversionServicePostProcessor'
&amp#27;[30m2023-04-04T21:53:44,881&amp#27;[m &amp#27;[36mDEBUG &amp#27;[m[&amp#27;[1;34mmain&amp#27;[m] &amp#27;[1;33mo.s.b.f.s.DefaultSingletonBeanRegistry&amp#27;[m:  Creating shared instance of singleton bean 'preserveErrorControllerTargetClassPostProcessor'
&amp#27;[30m2023-04-04T21:53:44,881&amp#27;[m &amp#27;[36mDEBUG &amp#27;[m[&amp#27;[1;34mmain&amp#27;[m] &amp#27;[1;33mo.s.b.f.s.DefaultSingletonBeanRegistry&amp#27;[m:  Creating shared instance of singleton bean 'org.springframework.context.event.internalEventListenerFactory'
&amp#27;[30m2023-04-04T21:53:44,881&amp#27;[m &amp#27;[36mDEBUG &amp#27;[m[&amp#27;[1;34mmain&amp#27;[m] &amp#27;[1;33mo.s.b.f.s.DefaultSingletonBeanRegistry&amp#27;[m:  Creating shared instance of singleton bean 'org.springframework.transaction.config.internalTransactionalEventListenerFactory'
&amp#27;[30m2023-04-04T21:53:44,882&amp#27;[m &amp#27;[36mDEBUG &amp#27;[m[&amp#27;[1;34mmain&amp#27;[m] &amp#27;[1;33mo.s.b.f.s.DefaultSingletonBeanRegistry&amp#27;[m:  Creating shared instance of singleton bean 'org.springframework.context.annotation.internalAutowiredAnnotationProcessor'
&amp#27;[30m2023-04-04T21:53:44,883&amp#27;[m &amp#27;[36mDEBUG &amp#27;[m[&amp#27;[1;34mmain&amp#27;[m] &amp#27;[1;33mo.s.b.f.s.DefaultSingletonBeanRegistry&amp#27;[m:  Creating shared instance of singleton bean 'org.springframework.context.annotation.internalCommonAnnotationProcessor'
&amp#27;[30m2023-04-04T21:53:44,883&amp#27;[m &amp#27;[36mDEBUG &amp#27;[m[&amp#27;[1;34mmain&amp#27;[m] &amp#27;[1;33mo.s.b.f.s.DefaultSingletonBeanRegistry&amp#27;[m:  Creating shared instance of singleton bean 'org.springframework.context.annotation.internalPersistenceAnnotationProcessor'
&amp#27;[30m2023-04-04T21:53:44,883&amp#27;[m &amp#27;[36mDEBUG &amp#27;[m[&amp#27;[1;34mmain&amp#27;[m] &amp#27;[1;33mo.s.b.f.s.DefaultSingletonBeanRegistry&amp#27;[m:  Creating shared instance of singleton bean 'org.springframework.boot.test.mock.mockito.MockitoPostProcessor$SpyPostProcessor'
&amp#27;[30m2023-04-04T21:53:44,883&amp#27;[m &amp#27;[36mDEBUG &amp#27;[m[&amp#27;[1;34mmain&amp#27;[m] &amp#27;[1;33mo.s.b.f.s.DefaultSingletonBeanRegistry&amp#27;[m:  Creating shared instance of singleton bean 'org.springframework.boot.context.properties.ConfigurationPropertiesBindingPostProcessor'
&amp#27;[30m2023-04-04T21:53:44,884&amp#27;[m &amp#27;[36mDEBUG &amp#27;[m[&amp#27;[1;34mmain&amp#27;[m] &amp#27;[1;33mo.s.b.f.s.DefaultSingletonBeanRegistry&amp#27;[m:  Creating shared instance of singleton bean 'org.springframework.boot.context.internalConfigurationPropertiesBinder'
&amp#27;[30m2023-04-04T21:53:44,884&amp#27;[m &amp#27;[36mDEBUG &amp#27;[m[&amp#27;[1;34mmain&amp#27;[m] &amp#27;[1;33mo.s.b.f.s.DefaultSingletonBeanRegistry&amp#27;[m:  Creating shared instance of singleton bean 'org.springframework.boot.context.internalConfigurationPropertiesBinderFactory'
&amp#27;[30m2023-04-04T21:53:44,884&amp#27;[m &amp#27;[36mDEBUG &amp#27;[m[&amp#27;[1;34mmain&amp#27;[m] &amp#27;[1;33mo.s.b.f.s.DefaultSingletonBeanRegistry&amp#27;[m:  Creating shared instance of singleton bean 'org.springframework.aop.config.internalAutoProxyCreator'
&amp#27;[30m2023-04-04T21:53:44,904&amp#27;[m &amp#27;[36mDEBUG &amp#27;[m[&amp#27;[1;34mmain&amp#27;[m] &amp#27;[1;33mo.s.b.f.s.DefaultSingletonBeanRegistry&amp#27;[m:  Creating shared instance of singleton bean 'persistenceExceptionTranslationPostProcessor'
&amp#27;[30m2023-04-04T21:53:44,908&amp#27;[m &amp#27;[36mDEBUG &amp#27;[m[&amp#27;[1;34mmain&amp#27;[m] &amp#27;[1;33mo.s.b.f.s.ConstructorResolver&amp#27;[m:  Autowiring by type from bean name 'persistenceExceptionTranslationPostProcessor' via factory method to bean named 'environment'
&amp#27;[30m2023-04-04T21:53:44,914&amp#27;[m &amp#27;[36mDEBUG &amp#27;[m[&amp#27;[1;34mmain&amp#27;[m] &amp#27;[1;33mo.s.b.f.s.DefaultSingletonBeanRegistry&amp#27;[m:  Creating shared instance of singleton bean 'webServerFactoryCustomizerBeanPostProcessor'
&amp#27;[30m2023-04-04T21:53:44,916&amp#27;[m &amp#27;[36mDEBUG &amp#27;[m[&amp#27;[1;34mmain&amp#27;[m] &amp#27;[1;33mo.s.b.f.s.DefaultSingletonBeanRegistry&amp#27;[m:  Creating shared instance of singleton bean 'errorPageRegistrarBeanPostProcessor'
&amp#27;[30m2023-04-04T21:53:44,918&amp#27;[m &amp#27;[36mDEBUG &amp#27;[m[&amp#27;[1;34mmain&amp#27;[m] &amp#27;[1;33mo.s.b.f.s.DefaultSingletonBeanRegistry&amp#27;[m:  Creating shared instance of singleton bean 'hypermediaRepresentionModelProcessorConfigurator'
&amp#27;[30m2023-04-04T21:53:44,919&amp#27;[m &amp#27;[36mDEBUG &amp#27;[m[&amp#27;[1;34mmain&amp#27;[m] &amp#27;[1;33mo.s.b.f.s.DefaultSingletonBeanRegistry&amp#27;[m:  Creating shared instance of singleton bean 'metaDataSourceAdvisor'
&amp#27;[30m2023-04-04T21:53:44,919&amp#27;[m &amp#27;[36mDEBUG &amp#27;[m[&amp#27;[1;34mmain&amp#27;[m] &amp#27;[1;33mo.s.b.f.s.DefaultSingletonBeanRegistry&amp#27;[m:  Creating shared instance of singleton bean 'methodSecurityMetadataSource'
&amp#27;[30m2023-04-04T21:53:44,920&amp#27;[m &amp#27;[36mDEBUG &amp#27;[m[&amp#27;[1;34mmain&amp#27;[m] &amp#27;[1;33mo.s.b.f.s.DefaultSingletonBeanRegistry&amp#27;[m:  Creating shared instance of singleton bean 'org.springframework.security.config.annotation.method.configuration.GlobalMethodSecurityConfiguration'
&amp#27;[30m2023-04-04T21:53:44,920&amp#27;[m &amp#27;[36mDEBUG &amp#27;[m[&amp#27;[1;34mmain&amp#27;[m] &amp#27;[1;33mo.s.b.f.s.DefaultSingletonBeanRegistry&amp#27;[m:  Creating shared instance of singleton bean 'org.springframework.transaction.config.internalTransactionAdvisor'
&amp#27;[30m2023-04-04T21:53:44,920&amp#27;[m &amp#27;[36mDEBUG &amp#27;[m[&amp#27;[1;34mmain&amp#27;[m] &amp#27;[1;33mo.s.b.f.s.DefaultSingletonBeanRegistry&amp#27;[m:  Creating shared instance of singleton bean 'org.springframework.transaction.annotation.ProxyTransactionManagementConfiguration'
&amp#27;[30m2023-04-04T21:53:44,926&amp#27;[m &amp#27;[36mDEBUG &amp#27;[m[&amp#27;[1;34mmain&amp#27;[m] &amp#27;[1;33mo.s.b.f.s.DefaultSingletonBeanRegistry&amp#27;[m:  Creating shared instance of singleton bean 'transactionAttributeSource'
&amp#27;[30m2023-04-04T21:53:44,930&amp#27;[m &amp#27;[36mDEBUG &amp#27;[m[&amp#27;[1;34mmain&amp#27;[m] &amp#27;[1;33mo.s.b.f.s.DefaultSingletonBeanRegistry&amp#27;[m:  Creating shared instance of singleton bean 'transactionInterceptor'
&amp#27;[30m2023-04-04T21:53:44,930&amp#27;[m &amp#27;[36mDEBUG &amp#27;[m[&amp#27;[1;34mmain&amp#27;[m] &amp#27;[1;33mo.s.b.f.s.ConstructorResolver&amp#27;[m:  Autowiring by type from bean name 'transactionInterceptor' via factory method to bean named 'transactionAttributeSource'
&amp#27;[30m2023-04-04T21:53:44,935&amp#27;[m &amp#27;[36mDEBUG &amp#27;[m[&amp#27;[1;34mmain&amp#27;[m] &amp#27;[1;33mo.s.b.f.s.ConstructorResolver&amp#27;[m:  Autowiring by type from bean name 'org.springframework.transaction.config.internalTransactionAdvisor' via factory method to bean named 'transactionAttributeSource'
&amp#27;[30m2023-04-04T21:53:44,935&amp#27;[m &amp#27;[36mDEBUG &amp#27;[m[&amp#27;[1;34mmain&amp#27;[m] &amp#27;[1;33mo.s.b.f.s.ConstructorResolver&amp#27;[m:  Autowiring by type from bean name 'org.springframework.transaction.config.internalTransactionAdvisor' via factory method to bean named 'transactionInterceptor'
&amp#27;[30m2023-04-04T21:53:44,942&amp#27;[m &amp#27;[36mDEBUG &amp#27;[m[&amp#27;[1;34mmain&amp#27;[m] &amp#27;[1;33mo.s.b.f.s.DefaultSingletonBeanRegistry&amp#27;[m:  Creating shared instance of singleton bean 'objectPostProcessor'
&amp#27;[30m2023-04-04T21:53:44,942&amp#27;[m &amp#27;[36mDEBUG &amp#27;[m[&amp#27;[1;34mmain&amp#27;[m] &amp#27;[1;33mo.s.b.f.s.DefaultSingletonBeanRegistry&amp#27;[m:  Creating shared instance of singleton bean 'org.springframework.security.config.annotation.configuration.ObjectPostProcessorConfiguration'
&amp#27;[30m2023-04-04T21:53:44,944&amp#27;[m &amp#27;[36mDEBUG &amp#27;[m[&amp#27;[1;34mmain&amp#27;[m] &amp#27;[1;33mo.s.b.f.s.ConstructorResolver&amp#27;[m:  Autowiring by type from bean name 'objectPostProcessor' via factory method to bean named 'org.springframework.beans.factory.support.DefaultListableBeanFactory@7c16cc25'
&amp#27;[30m2023-04-04T21:53:44,959&amp#27;[m &amp#27;[36mDEBUG &amp#27;[m[&amp#27;[1;34mmain&amp#27;[m] &amp#27;[1;33mo.s.b.f.s.DefaultSingletonBeanRegistry&amp#27;[m:  Creating shared instance of singleton bean 'hypermediaRestTemplateBeanPostProcessor'
&amp#27;[30m2023-04-04T21:53:44,961&amp#27;[m &amp#27;[36mDEBUG &amp#27;[m[&amp#27;[1;34mmain&amp#27;[m] &amp#27;[1;33mo.s.b.f.s.DefaultSingletonBeanRegistry&amp#27;[m:  Creating shared instance of singleton bean 'projectionDefinitionRegistrar'
&amp#27;[30m2023-04-04T21:53:44,963&amp#27;[m &amp#27;[36mDEBUG &amp#27;[m[&amp#27;[1;34mmain&amp#27;[m] &amp#27;[1;33mo.s.b.f.s.DefaultSingletonBeanRegistry&amp#27;[m:  Creating shared instance of singleton bean 'annotatedEventHandlerInvoker'
&amp#27;[30m2023-04-04T21:53:44,965&amp#27;[m &amp#27;[36mDEBUG &amp#27;[m[&amp#27;[1;34mmain&amp#27;[m] &amp#27;[1;33mo.s.u.c.s.UiApplicationContextUtils&amp#27;[m:  Unable to locate ThemeSource with name 'themeSource': using default [org.springframework.ui.context.support.ResourceBundleThemeSource@19993ed]
&amp#27;[30m2023-04-04T21:53:44,966&amp#27;[m &amp#27;[36mDEBUG &amp#27;[m[&amp#27;[1;34mmain&amp#27;[m] &amp#27;[1;33mo.s.b.f.s.DefaultSingletonBeanRegistry&amp#27;[m:  Creating shared instance of singleton bean 'tomcatServletWebServerFactory'
&amp#27;[30m2023-04-04T21:53:44,966&amp#27;[m &amp#27;[36mDEBUG &amp#27;[m[&amp#27;[1;34mmain&amp#27;[m] &amp#27;[1;33mo.s.b.f.s.DefaultSingletonBeanRegistry&amp#27;[m:  Creating shared instance of singleton bean 'org.springframework.boot.autoconfigure.web.servlet.ServletWebServerFactoryConfiguration$EmbeddedTomcat'
&amp#27;[30m2023-04-04T21:53:44,975&amp#27;[m &amp#27;[36mDEBUG &amp#27;[m[&amp#27;[1;34mmain&amp#27;[m] &amp#27;[1;33mo.s.b.f.s.DefaultSingletonBeanRegistry&amp#27;[m:  Creating shared instance of singleton bean 'websocketServletWebServerCustomizer'
&amp#27;[30m2023-04-04T21:53:44,975&amp#27;[m &amp#27;[36mDEBUG &amp#27;[m[&amp#27;[1;34mmain&amp#27;[m] &amp#27;[1;33mo.s.b.f.s.DefaultSingletonBeanRegistry&amp#27;[m:  Creating shared instance of singleton bean 'org.springframework.boot.autoconfigure.websocket.servlet.WebSocketServletAutoConfiguration$TomcatWebSocketConfiguration'
&amp#27;[30m2023-04-04T21:53:44,978&amp#27;[m &amp#27;[36mDEBUG &amp#27;[m[&amp#27;[1;34mmain&amp#27;[m] &amp#27;[1;33mo.s.b.f.s.DefaultSingletonBeanRegistry&amp#27;[m:  Creating shared instance of singleton bean 'servletWebServerFactoryCustomizer'
&amp#27;[30m2023-04-04T21:53:44,978&amp#27;[m &amp#27;[36mDEBUG &amp#27;[m[&amp#27;[1;34mmain&amp#27;[m] &amp#27;[1;33mo.s.b.f.s.DefaultSingletonBeanRegistry&amp#27;[m:  Creating shared instance of singleton bean 'org.springframework.boot.autoconfigure.web.servlet.ServletWebServerFactoryAutoConfiguration'
&amp#27;[30m2023-04-04T21:53:44,979&amp#27;[m &amp#27;[36mDEBUG &amp#27;[m[&amp#27;[1;34mmain&amp#27;[m] &amp#27;[1;33mo.s.b.f.s.DefaultSingletonBeanRegistry&amp#27;[m:  Creating shared instance of singleton bean 'server-org.springframework.boot.autoconfigure.web.ServerProperties'
&amp#27;[30m2023-04-04T21:53:44,980&amp#27;[m &amp#27;[36mDEBUG &amp#27;[m[&amp#27;[1;34mmain&amp#27;[m] &amp#27;[1;33mo.s.b.f.s.DefaultSingletonBeanRegistry&amp#27;[m:  Creating shared instance of singleton bean 'org.springframework.boot.context.properties.BoundConfigurationProperties'
&amp#27;[30m2023-04-04T21:53:44,982&amp#27;[m &amp#27;[36mDEBUG &amp#27;[m[&amp#27;[1;34mmain&amp#27;[m] &amp#27;[1;33mo.s.b.f.s.DefaultSingletonBeanRegistry&amp#27;[m:  Creating shared instance of singleton bean 'stringOrNumberMigrationVersionConverter'
&amp#27;[30m2023-04-04T21:53:44,983&amp#27;[m &amp#27;[36mDEBUG &amp#27;[m[&amp#27;[1;34mmain&amp#27;[m] &amp#27;[1;33mo.s.b.f.s.DefaultSingletonBeanRegistry&amp#27;[m:  Creating shared instance of singleton bean 'org.springframework.boot.autoconfigure.flyway.FlywayAutoConfiguration'
&amp#27;[30m2023-04-04T21:53:44,991&amp#27;[m &amp#27;[36mDEBUG &amp#27;[m[&amp#27;[1;34mmain&amp#27;[m] &amp#27;[1;33mo.s.b.f.s.ConstructorResolver&amp#27;[m:  Autowiring by type from bean name 'servletWebServerFactoryCustomizer' via factory method to bean named 'server-org.springframework.boot.autoconfigure.web.ServerProperties'
&amp#27;[30m2023-04-04T21:53:44,993&amp#27;[m &amp#27;[36mDEBUG &amp#27;[m[&amp#27;[1;34mmain&amp#27;[m] &amp#27;[1;33mo.s.b.f.s.DefaultSingletonBeanRegistry&amp#27;[m:  Creating shared instance of singleton bean 'tomcatServletWebServerFactoryCustomizer'
&amp#27;[30m2023-04-04T21:53:44,994&amp#27;[m &amp#27;[36mDEBUG &amp#27;[m[&amp#27;[1;34mmain&amp#27;[m] &amp#27;[1;33mo.s.b.f.s.ConstructorResolver&amp#27;[m:  Autowiring by type from bean name 'tomcatServletWebServerFactoryCustomizer' via factory method to bean named 'server-org.springframework.boot.autoconfigure.web.ServerProperties'
&amp#27;[30m2023-04-04T21:53:44,995&amp#27;[m &amp#27;[36mDEBUG &amp#27;[m[&amp#27;[1;34mmain&amp#27;[m] &amp#27;[1;33mo.s.b.f.s.DefaultSingletonBeanRegistry&amp#27;[m:  Creating shared instance of singleton bean 'tomcatWebServerFactoryCustomizer'
&amp#27;[30m2023-04-04T21:53:44,995&amp#27;[m &amp#27;[36mDEBUG &amp#27;[m[&amp#27;[1;34mmain&amp#27;[m] &amp#27;[1;33mo.s.b.f.s.DefaultSingletonBeanRegistry&amp#27;[m:  Creating shared instance of singleton bean 'org.springframework.boot.autoconfigure.web.embedded.EmbeddedWebServerFactoryCustomizerAutoConfiguration$TomcatWebServerFactoryCustomizerConfiguration'
&amp#27;[30m2023-04-04T21:53:44,997&amp#27;[m &amp#27;[36mDEBUG &amp#27;[m[&amp#27;[1;34mmain&amp#27;[m] &amp#27;[1;33mo.s.b.f.s.ConstructorResolver&amp#27;[m:  Autowiring by type from bean name 'tomcatWebServerFactoryCustomizer' via factory method to bean named 'environment'
&amp#27;[30m2023-04-04T21:53:44,997&amp#27;[m &amp#27;[36mDEBUG &amp#27;[m[&amp#27;[1;34mmain&amp#27;[m] &amp#27;[1;33mo.s.b.f.s.ConstructorResolver&amp#27;[m:  Autowiring by type from bean name 'tomcatWebServerFactoryCustomizer' via factory method to bean named 'server-org.springframework.boot.autoconfigure.web.ServerProperties'
&amp#27;[30m2023-04-04T21:53:44,998&amp#27;[m &amp#27;[36mDEBUG &amp#27;[m[&amp#27;[1;34mmain&amp#27;[m] &amp#27;[1;33mo.s.b.f.s.DefaultSingletonBeanRegistry&amp#27;[m:  Creating shared instance of singleton bean 'localeCharsetMappingsCustomizer'
&amp#27;[30m2023-04-04T21:53:44,998&amp#27;[m &amp#27;[36mDEBUG &amp#27;[m[&amp#27;[1;34mmain&amp#27;[m] &amp#27;[1;33mo.s.b.f.s.DefaultSingletonBeanRegistry&amp#27;[m:  Creating shared instance of singleton bean 'org.springframework.boot.autoconfigure.web.servlet.HttpEncodingAutoConfiguration'
&amp#27;[30m2023-04-04T21:53:44,999&amp#27;[m &amp#27;[36mDEBUG &amp#27;[m[&amp#27;[1;34mmain&amp#27;[m] &amp#27;[1;33mo.s.b.f.s.ConstructorResolver&amp#27;[m:  Autowiring by type from bean name 'org.springframework.boot.autoconfigure.web.servlet.HttpEncodingAutoConfiguration' via constructor to bean named 'server-org.springframework.boot.autoconfigure.web.ServerProperties'
&amp#27;[30m2023-04-04T21:53:45,002&amp#27;[m &amp#27;[36mDEBUG &amp#27;[m[&amp#27;[1;34mmain&amp#27;[m] &amp#27;[1;33mo.s.b.f.s.DefaultSingletonBeanRegistry&amp#27;[m:  Creating shared instance of singleton bean 'errorPageCustomizer'
&amp#27;[30m2023-04-04T21:53:45,002&amp#27;[m &amp#27;[36mDEBUG &amp#27;[m[&amp#27;[1;34mmain&amp#27;[m] &amp#27;[1;33mo.s.b.f.s.DefaultSingletonBeanRegistry&amp#27;[m:  Creating shared instance of singleton bean 'org.springframework.boot.autoconfigure.web.servlet.error.ErrorMvcAutoConfiguration'
&amp#27;[30m2023-04-04T21:53:45,003&amp#27;[m &amp#27;[36mDEBUG &amp#27;[m[&amp#27;[1;34mmain&amp#27;[m] &amp#27;[1;33mo.s.b.f.s.ConstructorResolver&amp#27;[m:  Autowiring by type from bean name 'org.springframework.boot.autoconfigure.web.servlet.error.ErrorMvcAutoConfiguration' via constructor to bean named 'server-org.springframework.boot.autoconfigure.web.ServerProperties'
&amp#27;[30m2023-04-04T21:53:45,004&amp#27;[m &amp#27;[36mDEBUG &amp#27;[m[&amp#27;[1;34mmain&amp#27;[m] &amp#27;[1;33mo.s.b.f.s.DefaultSingletonBeanRegistry&amp#27;[m:  Creating shared instance of singleton bean 'dispatcherServletRegistration'
&amp#27;[30m2023-04-04T21:53:45,004&amp#27;[m &amp#27;[36mDEBUG &amp#27;[m[&amp#27;[1;34mmain&amp#27;[m] &amp#27;[1;33mo.s.b.f.s.DefaultSingletonBeanRegistry&amp#27;[m:  Creating shared instance of singleton bean 'org.springframework.boot.autoconfigure.web.servlet.DispatcherServletAutoConfiguration$DispatcherServletRegistrationConfiguration'
&amp#27;[30m2023-04-04T21:53:45,007&amp#27;[m &amp#27;[36mDEBUG &amp#27;[m[&amp#27;[1;34mmain&amp#27;[m] &amp#27;[1;33mo.s.b.f.s.DefaultSingletonBeanRegistry&amp#27;[m:  Creating shared instance of singleton bean 'dispatcherServlet'
&amp#27;[30m2023-04-04T21:53:45,007&amp#27;[m &amp#27;[36mDEBUG &amp#27;[m[&amp#27;[1;34mmain&amp#27;[m] &amp#27;[1;33mo.s.b.f.s.DefaultSingletonBeanRegistry&amp#27;[m:  Creating shared instance of singleton bean 'org.springframework.boot.autoconfigure.web.servlet.DispatcherServletAutoConfiguration$DispatcherServletConfiguration'
&amp#27;[30m2023-04-04T21:53:45,009&amp#27;[m &amp#27;[36mDEBUG &amp#27;[m[&amp#27;[1;34mmain&amp#27;[m] &amp#27;[1;33mo.s.b.f.s.DefaultSingletonBeanRegistry&amp#27;[m:  Creating shared instance of singleton bean 'spring.mvc-org.springframework.boot.autoconfigure.web.servlet.WebMvcProperties'
&amp#27;[30m2023-04-04T21:53:45,011&amp#27;[m &amp#27;[36mDEBUG &amp#27;[m[&amp#27;[1;34mmain&amp#27;[m] &amp#27;[1;33mo.s.b.f.s.ConstructorResolver&amp#27;[m:  Autowiring by type from bean name 'dispatcherServlet' via factory method to bean named 'spring.mvc-org.springframework.boot.autoconfigure.web.servlet.WebMvcProperties'
&amp#27;[30m2023-04-04T21:53:45,020&amp#27;[m &amp#27;[36mDEBUG &amp#27;[m[&amp#27;[1;34mmain&amp#27;[m] &amp#27;[1;33mo.s.b.f.s.ConstructorResolver&amp#27;[m:  Autowiring by type from bean name 'dispatcherServletRegistration' via factory method to bean named 'dispatcherServlet'
&amp#27;[30m2023-04-04T21:53:45,020&amp#27;[m &amp#27;[36mDEBUG &amp#27;[m[&amp#27;[1;34mmain&amp#27;[m] &amp#27;[1;33mo.s.b.f.s.ConstructorResolver&amp#27;[m:  Autowiring by type from bean name 'dispatcherServletRegistration' via factory method to bean named 'spring.mvc-org.springframework.boot.autoconfigure.web.servlet.WebMvcProperties'
&amp#27;[30m2023-04-04T21:53:45,021&amp#27;[m &amp#27;[36mDEBUG &amp#27;[m[&amp#27;[1;34mmain&amp#27;[m] &amp#27;[1;33mo.s.b.f.s.DefaultSingletonBeanRegistry&amp#27;[m:  Creating shared instance of singleton bean 'multipartConfigElement'
&amp#27;[30m2023-04-04T21:53:45,021&amp#27;[m &amp#27;[36mDEBUG &amp#27;[m[&amp#27;[1;34mmain&amp#27;[m] &amp#27;[1;33mo.s.b.f.s.DefaultSingletonBeanRegistry&amp#27;[m:  Creating shared instance of singleton bean 'org.springframework.boot.autoconfigure.web.servlet.MultipartAutoConfiguration'
&amp#27;[30m2023-04-04T21:53:45,023&amp#27;[m &amp#27;[36mDEBUG &amp#27;[m[&amp#27;[1;34mmain&amp#27;[m] &amp#27;[1;33mo.s.b.f.s.DefaultSingletonBeanRegistry&amp#27;[m:  Creating shared instance of singleton bean 'spring.servlet.multipart-org.springframework.boot.autoconfigure.web.servlet.MultipartProperties'
&amp#27;[30m2023-04-04T21:53:45,025&amp#27;[m &amp#27;[36mDEBUG &amp#27;[m[&amp#27;[1;34mmain&amp#27;[m] &amp#27;[1;33mo.s.b.f.s.ConstructorResolver&amp#27;[m:  Autowiring by type from bean name 'org.springframework.boot.autoconfigure.web.servlet.MultipartAutoConfiguration' via constructor to bean named 'spring.servlet.multipart-org.springframework.boot.autoconfigure.web.servlet.MultipartProperties'
&amp#27;[30m2023-04-04T21:53:45,031&amp#27;[m &amp#27;[36mDEBUG &amp#27;[m[&amp#27;[1;34mmain&amp#27;[m] &amp#27;[1;33mo.s.b.f.s.ConstructorResolver&amp#27;[m:  Autowiring by type from bean name 'errorPageCustomizer' via factory method to bean named 'dispatcherServletRegistration'
&amp#27;[30m2023-04-04T21:53:45,036&amp#27;[m &amp#27;[36mDEBUG &amp#27;[m[&amp#27;[1;34mmain&amp#27;[m] &amp#27;[1;33mo.s.b.w.s.s.DocumentRoot&amp#27;[m:  Code archive: /Users/josephlpz/.m2/repository/org/springframework/boot/spring-boot/2.7.2/spring-boot-2.7.2.jar
&amp#27;[30m2023-04-04T21:53:45,037&amp#27;[m &amp#27;[36mDEBUG &amp#27;[m[&amp#27;[1;34mmain&amp#27;[m] &amp#27;[1;33mo.s.b.w.s.s.DocumentRoot&amp#27;[m:  Code archive: /Users/josephlpz/.m2/repository/org/springframework/boot/spring-boot/2.7.2/spring-boot-2.7.2.jar
&amp#27;[30m2023-04-04T21:53:45,037&amp#27;[m &amp#27;[36mDEBUG &amp#27;[m[&amp#27;[1;34mmain&amp#27;[m] &amp#27;[1;33mo.s.b.w.s.s.DocumentRoot&amp#27;[m:  None of the document roots [src/main/webapp, public, static] point to a directory and will be ignored.
&amp#27;[30m2023-04-04T21:53:45,038&amp#27;[m &amp#27;[32mINFO  &amp#27;[m[&amp#27;[1;34mmain&amp#27;[m] &amp#27;[1;33mo.s.b.w.e.t.TomcatWebServer&amp#27;[m:  Tomcat initialized with port(s): 0 (http)
&amp#27;[30m2023-04-04T21:53:45,062&amp#27;[m &amp#27;[36mDEBUG &amp#27;[m[&amp#27;[1;34mmain&amp#27;[m] &amp#27;[1;33mo.s.b.w.s.c.ServletWebServerApplicationContext&amp#27;[m:  Published root WebApplicationContext as ServletContext attribute with name [org.springframework.web.context.WebApplicationContext.ROOT]
&amp#27;[30m2023-04-04T21:53:45,063&amp#27;[m &amp#27;[32mINFO  &amp#27;[m[&amp#27;[1;34mmain&amp#27;[m] &amp#27;[1;33mo.s.b.w.s.c.ServletWebServerApplicationContext&amp#27;[m:  Root WebApplicationContext: initialization completed in 446 ms
&amp#27;[30m2023-04-04T21:53:45,063&amp#27;[m &amp#27;[36mDEBUG &amp#27;[m[&amp#27;[1;34mmain&amp#27;[m] &amp#27;[1;33mo.s.b.f.s.DefaultSingletonBeanRegistry&amp#27;[m:  Creating shared instance of singleton bean 'h2Console'
&amp#27;[30m2023-04-04T21:53:45,063&amp#27;[m &amp#27;[36mDEBUG &amp#27;[m[&amp#27;[1;34mmain&amp#27;[m] &amp#27;[1;33mo.s.b.f.s.DefaultSingletonBeanRegistry&amp#27;[m:  Creating shared instance of singleton bean 'org.springframework.boot.autoconfigure.h2.H2ConsoleAutoConfiguration'
&amp#27;[30m2023-04-04T21:53:45,066&amp#27;[m &amp#27;[36mDEBUG &amp#27;[m[&amp#27;[1;34mmain&amp#27;[m] &amp#27;[1;33mo.s.b.f.s.DefaultSingletonBeanRegistry&amp#27;[m:  Creating shared instance of singleton bean 'spring.h2.console-org.springframework.boot.autoconfigure.h2.H2ConsoleProperties'
&amp#27;[30m2023-04-04T21:53:45,069&amp#27;[m &amp#27;[36mDEBUG &amp#27;[m[&amp#27;[1;34mmain&amp#27;[m] &amp#27;[1;33mo.s.b.f.s.ConstructorResolver&amp#27;[m:  Autowiring by type from bean name 'h2Console' via factory method to bean named 'spring.h2.console-org.springframework.boot.autoconfigure.h2.H2ConsoleProperties'
&amp#27;[30m2023-04-04T21:53:45,069&amp#27;[m &amp#27;[36mDEBUG &amp#27;[m[&amp#27;[1;34mmain&amp#27;[m] &amp#27;[1;33mo.s.b.f.s.DefaultSingletonBeanRegistry&amp#27;[m:  Creating shared instance of singleton bean 'dataSource'
&amp#27;[30m2023-04-04T21:53:45,070&amp#27;[m &amp#27;[36mDEBUG &amp#27;[m[&amp#27;[1;34mmain&amp#27;[m] &amp#27;[1;33mo.s.b.f.s.DefaultSingletonBeanRegistry&amp#27;[m:  Creating shared instance of singleton bean 'org.springframework.boot.autoconfigure.jdbc.DataSourceConfiguration$Hikari'
&amp#27;[30m2023-04-04T21:53:45,072&amp#27;[m &amp#27;[36mDEBUG &amp#27;[m[&amp#27;[1;34mmain&amp#27;[m] &amp#27;[1;33mo.s.b.f.s.DefaultSingletonBeanRegistry&amp#27;[m:  Creating shared instance of singleton bean 'spring.datasource-org.springframework.boot.autoconfigure.jdbc.DataSourceProperties'
&amp#27;[30m2023-04-04T21:53:45,077&amp#27;[m &amp#27;[36mDEBUG &amp#27;[m[&amp#27;[1;34mmain&amp#27;[m] &amp#27;[1;33mo.s.b.f.s.ConstructorResolver&amp#27;[m:  Autowiring by type from bean name 'dataSource' via factory method to bean named 'spring.datasource-org.springframework.boot.autoconfigure.jdbc.DataSourceProperties'
&amp#27;[30m2023-04-04T21:53:45,077&amp#27;[m &amp#27;[36mDEBUG &amp#27;[m[&amp#27;[1;34mmain&amp#27;[m] &amp#27;[1;33mc.z.h.HikariConfig&amp#27;[m:  Driver class org.postgresql.Driver found in Thread context class loader TomcatEmbeddedWebappClassLoader
  context: ROOT
  delegate: true
----------> Parent Classloader:
jdk.internal.loader.ClassLoaders$AppClassLoader@55054057

&amp#27;[30m2023-04-04T21:53:45,086&amp#27;[m &amp#27;[36mDEBUG &amp#27;[m[&amp#27;[1;34mmain&amp#27;[m] &amp#27;[1;33mc.z.h.HikariConfig&amp#27;[m:  HikariPool-6 - configuration:
&amp#27;[30m2023-04-04T21:53:45,087&amp#27;[m &amp#27;[36mDEBUG &amp#27;[m[&amp#27;[1;34mmain&amp#27;[m] &amp#27;[1;33mc.z.h.HikariConfig&amp#27;[m:  allowPoolSuspension................................false
&amp#27;[30m2023-04-04T21:53:45,087&amp#27;[m &amp#27;[36mDEBUG &amp#27;[m[&amp#27;[1;34mmain&amp#27;[m] &amp#27;[1;33mc.z.h.HikariConfig&amp#27;[m:  autoCommit................................true
&amp#27;[30m2023-04-04T21:53:45,087&amp#27;[m &amp#27;[36mDEBUG &amp#27;[m[&amp#27;[1;34mmain&amp#27;[m] &amp#27;[1;33mc.z.h.HikariConfig&amp#27;[m:  catalog................................none
&amp#27;[30m2023-04-04T21:53:45,087&amp#27;[m &amp#27;[36mDEBUG &amp#27;[m[&amp#27;[1;34mmain&amp#27;[m] &amp#27;[1;33mc.z.h.HikariConfig&amp#27;[m:  connectionInitSql................................none
&amp#27;[30m2023-04-04T21:53:45,088&amp#27;[m &amp#27;[36mDEBUG &amp#27;[m[&amp#27;[1;34mmain&amp#27;[m] &amp#27;[1;33mc.z.h.HikariConfig&amp#27;[m:  connectionTestQuery................................none
&amp#27;[30m2023-04-04T21:53:45,088&amp#27;[m &amp#27;[36mDEBUG &amp#27;[m[&amp#27;[1;34mmain&amp#27;[m] &amp#27;[1;33mc.z.h.HikariConfig&amp#27;[m:  connectionTimeout................................30000
&amp#27;[30m2023-04-04T21:53:45,088&amp#27;[m &amp#27;[36mDEBUG &amp#27;[m[&amp#27;[1;34mmain&amp#27;[m] &amp#27;[1;33mc.z.h.HikariConfig&amp#27;[m:  dataSource................................none
&amp#27;[30m2023-04-04T21:53:45,088&amp#27;[m &amp#27;[36mDEBUG &amp#27;[m[&amp#27;[1;34mmain&amp#27;[m] &amp#27;[1;33mc.z.h.HikariConfig&amp#27;[m:  dataSourceClassName................................none
&amp#27;[30m2023-04-04T21:53:45,088&amp#27;[m &amp#27;[36mDEBUG &amp#27;[m[&amp#27;[1;34mmain&amp#27;[m] &amp#27;[1;33mc.z.h.HikariConfig&amp#27;[m:  dataSourceJNDI................................none
&amp#27;[30m2023-04-04T21:53:45,088&amp#27;[m &amp#27;[36mDEBUG &amp#27;[m[&amp#27;[1;34mmain&amp#27;[m] &amp#27;[1;33mc.z.h.HikariConfig&amp#27;[m:  dataSourceProperties................................{password=<masked>}
&amp#27;[30m2023-04-04T21:53:45,088&amp#27;[m &amp#27;[36mDEBUG &amp#27;[m[&amp#27;[1;34mmain&amp#27;[m] &amp#27;[1;33mc.z.h.HikariConfig&amp#27;[m:  driverClassName................................"org.postgresql.Driver"
&amp#27;[30m2023-04-04T21:53:45,088&amp#27;[m &amp#27;[36mDEBUG &amp#27;[m[&amp#27;[1;34mmain&amp#27;[m] &amp#27;[1;33mc.z.h.HikariConfig&amp#27;[m:  exceptionOverrideClassName................................none
&amp#27;[30m2023-04-04T21:53:45,088&amp#27;[m &amp#27;[36mDEBUG &amp#27;[m[&amp#27;[1;34mmain&amp#27;[m] &amp#27;[1;33mc.z.h.HikariConfig&amp#27;[m:  healthCheckProperties................................{}
&amp#27;[30m2023-04-04T21:53:45,088&amp#27;[m &amp#27;[36mDEBUG &amp#27;[m[&amp#27;[1;34mmain&amp#27;[m] &amp#27;[1;33mc.z.h.HikariConfig&amp#27;[m:  healthCheckRegistry................................none
&amp#27;[30m2023-04-04T21:53:45,088&amp#27;[m &amp#27;[36mDEBUG &amp#27;[m[&amp#27;[1;34mmain&amp#27;[m] &amp#27;[1;33mc.z.h.HikariConfig&amp#27;[m:  idleTimeout................................600000
&amp#27;[30m2023-04-04T21:53:45,088&amp#27;[m &amp#27;[36mDEBUG &amp#27;[m[&amp#27;[1;34mmain&amp#27;[m] &amp#27;[1;33mc.z.h.HikariConfig&amp#27;[m:  initializationFailTimeout................................1
&amp#27;[30m2023-04-04T21:53:45,088&amp#27;[m &amp#27;[36mDEBUG &amp#27;[m[&amp#27;[1;34mmain&amp#27;[m] &amp#27;[1;33mc.z.h.HikariConfig&amp#27;[m:  isolateInternalQueries................................false
&amp#27;[30m2023-04-04T21:53:45,089&amp#27;[m &amp#27;[36mDEBUG &amp#27;[m[&amp#27;[1;34mmain&amp#27;[m] &amp#27;[1;33mc.z.h.HikariConfig&amp#27;[m:  jdbcUrl................................jdbc:postgresql://localhost:55013/test-db?loggerLevel=OFF?nullNamePatternMatchesAll=true&useSSL=false&useUnicode=yes&characterEncoding=UTF-8
&amp#27;[30m2023-04-04T21:53:45,089&amp#27;[m &amp#27;[36mDEBUG &amp#27;[m[&amp#27;[1;34mmain&amp#27;[m] &amp#27;[1;33mc.z.h.HikariConfig&amp#27;[m:  keepaliveTime................................0
&amp#27;[30m2023-04-04T21:53:45,089&amp#27;[m &amp#27;[36mDEBUG &amp#27;[m[&amp#27;[1;34mmain&amp#27;[m] &amp#27;[1;33mc.z.h.HikariConfig&amp#27;[m:  leakDetectionThreshold................................0
&amp#27;[30m2023-04-04T21:53:45,089&amp#27;[m &amp#27;[36mDEBUG &amp#27;[m[&amp#27;[1;34mmain&amp#27;[m] &amp#27;[1;33mc.z.h.HikariConfig&amp#27;[m:  maxLifetime................................1800000
&amp#27;[30m2023-04-04T21:53:45,089&amp#27;[m &amp#27;[36mDEBUG &amp#27;[m[&amp#27;[1;34mmain&amp#27;[m] &amp#27;[1;33mc.z.h.HikariConfig&amp#27;[m:  maximumPoolSize................................10
&amp#27;[30m2023-04-04T21:53:45,089&amp#27;[m &amp#27;[36mDEBUG &amp#27;[m[&amp#27;[1;34mmain&amp#27;[m] &amp#27;[1;33mc.z.h.HikariConfig&amp#27;[m:  metricRegistry................................none
&amp#27;[30m2023-04-04T21:53:45,089&amp#27;[m &amp#27;[36mDEBUG &amp#27;[m[&amp#27;[1;34mmain&amp#27;[m] &amp#27;[1;33mc.z.h.HikariConfig&amp#27;[m:  metricsTrackerFactory................................none
&amp#27;[30m2023-04-04T21:53:45,089&amp#27;[m &amp#27;[36mDEBUG &amp#27;[m[&amp#27;[1;34mmain&amp#27;[m] &amp#27;[1;33mc.z.h.HikariConfig&amp#27;[m:  minimumIdle................................10
&amp#27;[30m2023-04-04T21:53:45,089&amp#27;[m &amp#27;[36mDEBUG &amp#27;[m[&amp#27;[1;34mmain&amp#27;[m] &amp#27;[1;33mc.z.h.HikariConfig&amp#27;[m:  password................................<masked>
&amp#27;[30m2023-04-04T21:53:45,089&amp#27;[m &amp#27;[36mDEBUG &amp#27;[m[&amp#27;[1;34mmain&amp#27;[m] &amp#27;[1;33mc.z.h.HikariConfig&amp#27;[m:  poolName................................"HikariPool-6"
&amp#27;[30m2023-04-04T21:53:45,089&amp#27;[m &amp#27;[36mDEBUG &amp#27;[m[&amp#27;[1;34mmain&amp#27;[m] &amp#27;[1;33mc.z.h.HikariConfig&amp#27;[m:  readOnly................................false
&amp#27;[30m2023-04-04T21:53:45,089&amp#27;[m &amp#27;[36mDEBUG &amp#27;[m[&amp#27;[1;34mmain&amp#27;[m] &amp#27;[1;33mc.z.h.HikariConfig&amp#27;[m:  registerMbeans................................false
&amp#27;[30m2023-04-04T21:53:45,089&amp#27;[m &amp#27;[36mDEBUG &amp#27;[m[&amp#27;[1;34mmain&amp#27;[m] &amp#27;[1;33mc.z.h.HikariConfig&amp#27;[m:  scheduledExecutor................................none
&amp#27;[30m2023-04-04T21:53:45,089&amp#27;[m &amp#27;[36mDEBUG &amp#27;[m[&amp#27;[1;34mmain&amp#27;[m] &amp#27;[1;33mc.z.h.HikariConfig&amp#27;[m:  schema................................none
&amp#27;[30m2023-04-04T21:53:45,089&amp#27;[m &amp#27;[36mDEBUG &amp#27;[m[&amp#27;[1;34mmain&amp#27;[m] &amp#27;[1;33mc.z.h.HikariConfig&amp#27;[m:  threadFactory................................internal
&amp#27;[30m2023-04-04T21:53:45,089&amp#27;[m &amp#27;[36mDEBUG &amp#27;[m[&amp#27;[1;34mmain&amp#27;[m] &amp#27;[1;33mc.z.h.HikariConfig&amp#27;[m:  transactionIsolation................................default
&amp#27;[30m2023-04-04T21:53:45,089&amp#27;[m &amp#27;[36mDEBUG &amp#27;[m[&amp#27;[1;34mmain&amp#27;[m] &amp#27;[1;33mc.z.h.HikariConfig&amp#27;[m:  username................................"it"
&amp#27;[30m2023-04-04T21:53:45,090&amp#27;[m &amp#27;[36mDEBUG &amp#27;[m[&amp#27;[1;34mmain&amp#27;[m] &amp#27;[1;33mc.z.h.HikariConfig&amp#27;[m:  validationTimeout................................5000
&amp#27;[30m2023-04-04T21:53:45,090&amp#27;[m &amp#27;[32mINFO  &amp#27;[m[&amp#27;[1;34mmain&amp#27;[m] &amp#27;[1;33mc.z.h.HikariDataSource&amp#27;[m:  HikariPool-6 - Starting...
&amp#27;[30m2023-04-04T21:53:45,124&amp#27;[m &amp#27;[36mDEBUG &amp#27;[m[&amp#27;[1;34mmain&amp#27;[m] &amp#27;[1;33mc.z.h.p.HikariPool&amp#27;[m:  HikariPool-6 - Added connection org.postgresql.jdbc.PgConnection@77a13162
&amp#27;[30m2023-04-04T21:53:45,124&amp#27;[m &amp#27;[32mINFO  &amp#27;[m[&amp#27;[1;34mmain&amp#27;[m] &amp#27;[1;33mc.z.h.HikariDataSource&amp#27;[m:  HikariPool-6 - Start completed.
&amp#27;[30m2023-04-04T21:53:45,125&amp#27;[m &amp#27;[32mINFO  &amp#27;[m[&amp#27;[1;34mmain&amp#27;[m] &amp#27;[1;33mo.s.b.a.h.H2ConsoleAutoConfiguration&amp#27;[m:  H2 console available at '/h2-ui'. Database available at 'jdbc:postgresql://localhost:55013/test-db?loggerLevel=OFF?nullNamePatternMatchesAll=true&useSSL=false&useUnicode=yes&characterEncoding=UTF-8'
&amp#27;[30m2023-04-04T21:53:45,130&amp#27;[m &amp#27;[36mDEBUG &amp#27;[m[&amp#27;[1;34mmain&amp#27;[m] &amp#27;[1;33mo.s.b.f.s.DefaultSingletonBeanRegistry&amp#27;[m:  Creating shared instance of singleton bean 'errorPageSecurityFilter'
&amp#27;[30m2023-04-04T21:53:45,130&amp#27;[m &amp#27;[36mDEBUG &amp#27;[m[&amp#27;[1;34mmain&amp#27;[m] &amp#27;[1;33mo.s.b.f.s.DefaultSingletonBeanRegistry&amp#27;[m:  Creating shared instance of singleton bean 'org.springframework.boot.autoconfigure.security.servlet.SpringBootWebSecurityConfiguration$ErrorPageSecurityFilterConfiguration'
&amp#27;[30m2023-04-04T21:53:45,133&amp#27;[m &amp#27;[36mDEBUG &amp#27;[m[&amp#27;[1;34mmain&amp#27;[m] &amp#27;[1;33mo.s.b.f.s.ConstructorResolver&amp#27;[m:  Autowiring by type from bean name 'errorPageSecurityFilter' via factory method to bean named 'org.springframework.boot.web.servlet.context.AnnotationConfigServletWebServerApplicationContext@52e5ad71'
&amp#27;[30m2023-04-04T21:53:45,139&amp#27;[m &amp#27;[36mDEBUG &amp#27;[m[&amp#27;[1;34mmain&amp#27;[m] &amp#27;[1;33mo.s.b.f.s.DefaultSingletonBeanRegistry&amp#27;[m:  Creating shared instance of singleton bean 'securityFilterChainRegistration'
&amp#27;[30m2023-04-04T21:53:45,139&amp#27;[m &amp#27;[36mDEBUG &amp#27;[m[&amp#27;[1;34mmain&amp#27;[m] &amp#27;[1;33mo.s.b.f.s.DefaultSingletonBeanRegistry&amp#27;[m:  Creating shared instance of singleton bean 'org.springframework.boot.autoconfigure.security.servlet.SecurityFilterAutoConfiguration'
&amp#27;[30m2023-04-04T21:53:45,141&amp#27;[m &amp#27;[36mDEBUG &amp#27;[m[&amp#27;[1;34mmain&amp#27;[m] &amp#27;[1;33mo.s.b.f.s.DefaultSingletonBeanRegistry&amp#27;[m:  Creating shared instance of singleton bean 'spring.security-org.springframework.boot.autoconfigure.security.SecurityProperties'
&amp#27;[30m2023-04-04T21:53:45,143&amp#27;[m &amp#27;[36mDEBUG &amp#27;[m[&amp#27;[1;34mmain&amp#27;[m] &amp#27;[1;33mo.s.b.f.s.ConstructorResolver&amp#27;[m:  Autowiring by type from bean name 'securityFilterChainRegistration' via factory method to bean named 'spring.security-org.springframework.boot.autoconfigure.security.SecurityProperties'
&amp#27;[30m2023-04-04T21:53:45,150&amp#27;[m &amp#27;[36mDEBUG &amp#27;[m[&amp#27;[1;34mmain&amp#27;[m] &amp#27;[1;33mo.s.b.f.s.DefaultSingletonBeanRegistry&amp#27;[m:  Creating shared instance of singleton bean 'jwtRequestFilter'
&amp#27;[30m2023-04-04T21:53:45,159&amp#27;[m &amp#27;[36mDEBUG &amp#27;[m[&amp#27;[1;34mmain&amp#27;[m] &amp#27;[1;33mo.s.b.f.s.DefaultSingletonBeanRegistry&amp#27;[m:  Creating shared instance of singleton bean 'tokenService'
&amp#27;[30m2023-04-04T21:53:45,163&amp#27;[m &amp#27;[36mDEBUG &amp#27;[m[&amp#27;[1;34mmain&amp#27;[m] &amp#27;[1;33mo.s.b.f.s.DefaultSingletonBeanRegistry&amp#27;[m:  Creating shared instance of singleton bean 'tokenRepository'
&amp#27;[30m2023-04-04T21:53:45,200&amp#27;[m &amp#27;[36mDEBUG &amp#27;[m[&amp#27;[1;34mmain&amp#27;[m] &amp#27;[1;33mo.s.b.f.s.DefaultSingletonBeanRegistry&amp#27;[m:  Creating shared instance of singleton bean 'flyway'
&amp#27;[30m2023-04-04T21:53:45,201&amp#27;[m &amp#27;[36mDEBUG &amp#27;[m[&amp#27;[1;34mmain&amp#27;[m] &amp#27;[1;33mo.s.b.f.s.DefaultSingletonBeanRegistry&amp#27;[m:  Creating shared instance of singleton bean 'org.springframework.boot.autoconfigure.flyway.FlywayAutoConfiguration$FlywayConfiguration'
&amp#27;[30m2023-04-04T21:53:45,204&amp#27;[m &amp#27;[36mDEBUG &amp#27;[m[&amp#27;[1;34mmain&amp#27;[m] &amp#27;[1;33mo.s.b.f.s.DefaultSingletonBeanRegistry&amp#27;[m:  Creating shared instance of singleton bean 'spring.flyway-org.springframework.boot.autoconfigure.flyway.FlywayProperties'
&amp#27;[30m2023-04-04T21:53:45,210&amp#27;[m &amp#27;[36mDEBUG &amp#27;[m[&amp#27;[1;34mmain&amp#27;[m] &amp#27;[1;33mo.s.b.f.s.ConstructorResolver&amp#27;[m:  Autowiring by type from bean name 'flyway' via factory method to bean named 'spring.flyway-org.springframework.boot.autoconfigure.flyway.FlywayProperties'
&amp#27;[30m2023-04-04T21:53:45,210&amp#27;[m &amp#27;[36mDEBUG &amp#27;[m[&amp#27;[1;34mmain&amp#27;[m] &amp#27;[1;33mo.s.b.f.s.ConstructorResolver&amp#27;[m:  Autowiring by type from bean name 'flyway' via factory method to bean named 'org.springframework.boot.web.servlet.context.AnnotationConfigServletWebServerApplicationContext@52e5ad71'
&amp#27;[30m2023-04-04T21:53:45,215&amp#27;[m &amp#27;[36mDEBUG &amp#27;[m[&amp#27;[1;34mmain&amp#27;[m] &amp#27;[1;33mo.s.b.f.s.DefaultSingletonBeanRegistry&amp#27;[m:  Creating shared instance of singleton bean 'flywayInitializer'
&amp#27;[30m2023-04-04T21:53:45,216&amp#27;[m &amp#27;[36mDEBUG &amp#27;[m[&amp#27;[1;34mmain&amp#27;[m] &amp#27;[1;33mo.s.b.f.s.ConstructorResolver&amp#27;[m:  Autowiring by type from bean name 'flywayInitializer' via factory method to bean named 'flyway'
&amp#27;[30m2023-04-04T21:53:45,221&amp#27;[m &amp#27;[36mDEBUG &amp#27;[m[&amp#27;[1;34mmain&amp#27;[m] &amp#27;[1;33mo.f.c.i.l.s.Slf4jLog&amp#27;[m:  Scanning for classpath resources at 'classpath:db/migration' ...
&amp#27;[30m2023-04-04T21:53:45,221&amp#27;[m &amp#27;[36mDEBUG &amp#27;[m[&amp#27;[1;34mmain&amp#27;[m] &amp#27;[1;33mo.f.c.i.l.s.Slf4jLog&amp#27;[m:  Determining location urls for classpath:db/migration using ClassLoader TomcatEmbeddedWebappClassLoader
  context: ROOT
  delegate: true
----------> Parent Classloader:
jdk.internal.loader.ClassLoaders$AppClassLoader@55054057
 ...
&amp#27;[30m2023-04-04T21:53:45,221&amp#27;[m &amp#27;[36mDEBUG &amp#27;[m[&amp#27;[1;34mmain&amp#27;[m] &amp#27;[1;33mo.f.c.i.l.s.Slf4jLog&amp#27;[m:  Scanning URL: file:/Users/josephlpz/Documents/JustWork/JustWork-server/target/classes/db/migration
&amp#27;[30m2023-04-04T21:53:45,222&amp#27;[m &amp#27;[36mDEBUG &amp#27;[m[&amp#27;[1;34mmain&amp#27;[m] &amp#27;[1;33mo.f.c.i.l.s.Slf4jLog&amp#27;[m:  JBoss VFS v2 available: false
&amp#27;[30m2023-04-04T21:53:45,222&amp#27;[m &amp#27;[36mDEBUG &amp#27;[m[&amp#27;[1;34mmain&amp#27;[m] &amp#27;[1;33mo.f.c.i.l.s.Slf4jLog&amp#27;[m:  Scanning starting at classpath root in filesystem: /Users/josephlpz/Documents/JustWork/JustWork-server/target/classes/
&amp#27;[30m2023-04-04T21:53:45,222&amp#27;[m &amp#27;[36mDEBUG &amp#27;[m[&amp#27;[1;34mmain&amp#27;[m] &amp#27;[1;33mo.f.c.i.l.s.Slf4jLog&amp#27;[m:  Scanning for resources in path: /Users/josephlpz/Documents/JustWork/JustWork-server/target/classes/db/migration (db/migration)
&amp#27;[30m2023-04-04T21:53:45,222&amp#27;[m &amp#27;[36mDEBUG &amp#27;[m[&amp#27;[1;34mmain&amp#27;[m] &amp#27;[1;33mo.f.c.i.l.s.Slf4jLog&amp#27;[m:  Found resource: db/migration/V1__create_init_tables.sql
&amp#27;[30m2023-04-04T21:53:45,222&amp#27;[m &amp#27;[36mDEBUG &amp#27;[m[&amp#27;[1;34mmain&amp#27;[m] &amp#27;[1;33mo.f.c.i.l.s.Slf4jLog&amp#27;[m:  Scanning for classes at classpath:db/migration
&amp#27;[30m2023-04-04T21:53:45,227&amp#27;[m &amp#27;[32mINFO  &amp#27;[m[&amp#27;[1;34mmain&amp#27;[m] &amp#27;[1;33mo.f.c.i.l.s.Slf4jLog&amp#27;[m:  Database: jdbc:postgresql://localhost:55013/test-db (PostgreSQL 11.8)
&amp#27;[30m2023-04-04T21:53:45,228&amp#27;[m &amp#27;[36mDEBUG &amp#27;[m[&amp#27;[1;34mmain&amp#27;[m] &amp#27;[1;33mo.f.c.i.l.s.Slf4jLog&amp#27;[m:  Driver  : PostgreSQL JDBC Driver 42.2.11
&amp#27;[30m2023-04-04T21:53:45,228&amp#27;[m &amp#27;[36mDEBUG &amp#27;[m[&amp#27;[1;34mmain&amp#27;[m] &amp#27;[1;33mo.f.c.i.l.s.Slf4jLog&amp#27;[m:  DDL Transactions Supported: true
&amp#27;[30m2023-04-04T21:53:45,228&amp#27;[m &amp#27;[36mDEBUG &amp#27;[m[&amp#27;[1;34mmain&amp#27;[m] &amp#27;[1;33mo.f.c.i.l.s.Slf4jLog&amp#27;[m:  Schemas: 
&amp#27;[30m2023-04-04T21:53:45,228&amp#27;[m &amp#27;[36mDEBUG &amp#27;[m[&amp#27;[1;34mmain&amp#27;[m] &amp#27;[1;33mo.f.c.i.l.s.Slf4jLog&amp#27;[m:  Default schema: null
&amp#27;[30m2023-04-04T21:53:45,230&amp#27;[m &amp#27;[36mDEBUG &amp#27;[m[&amp#27;[1;34mHikariPool-6 housekeeper&amp#27;[m] &amp#27;[1;33mc.z.h.p.HikariPool&amp#27;[m:  HikariPool-6 - Pool stats (total=1, active=1, idle=0, waiting=0)
&amp#27;[30m2023-04-04T21:53:45,242&amp#27;[m &amp#27;[36mDEBUG &amp#27;[m[&amp#27;[1;34mmain&amp#27;[m] &amp#27;[1;33mo.f.c.i.l.s.Slf4jLog&amp#27;[m:  Scanning for SQL callbacks ...
&amp#27;[30m2023-04-04T21:53:45,247&amp#27;[m &amp#27;[36mDEBUG &amp#27;[m[&amp#27;[1;34mmain&amp#27;[m] &amp#27;[1;33mo.f.c.i.l.s.Slf4jLog&amp#27;[m:  Validating migrations ...
&amp#27;[30m2023-04-04T21:53:45,247&amp#27;[m &amp#27;[36mDEBUG &amp#27;[m[&amp#27;[1;34mmain&amp#27;[m] &amp#27;[1;33mo.f.c.i.l.s.Slf4jLog&amp#27;[m:  Filtering out resource: db/migration/V1__create_init_tables.sql (filename: V1__create_init_tables.sql)
&amp#27;[30m2023-04-04T21:53:45,256&amp#27;[m &amp#27;[36mDEBUG &amp#27;[m[&amp#27;[1;34mHikariPool-6 connection adder&amp#27;[m] &amp#27;[1;33mc.z.h.p.HikariPool$PoolEntryCreator&amp#27;[m:  HikariPool-6 - Added connection org.postgresql.jdbc.PgConnection@1e2d853f
&amp#27;[30m2023-04-04T21:53:45,259&amp#27;[m &amp#27;[32mINFO  &amp#27;[m[&amp#27;[1;34mmain&amp#27;[m] &amp#27;[1;33mo.f.c.i.l.s.Slf4jLog&amp#27;[m:  Successfully validated 1 migration (execution time 00:00.011s)
&amp#27;[30m2023-04-04T21:53:45,270&amp#27;[m &amp#27;[36mDEBUG &amp#27;[m[&amp#27;[1;34mHikariPool-6 connection adder&amp#27;[m] &amp#27;[1;33mc.z.h.p.HikariPool$PoolEntryCreator&amp#27;[m:  HikariPool-6 - Added connection org.postgresql.jdbc.PgConnection@10ea688a
&amp#27;[30m2023-04-04T21:53:45,271&amp#27;[m &amp#27;[32mINFO  &amp#27;[m[&amp#27;[1;34mmain&amp#27;[m] &amp#27;[1;33mo.f.c.i.l.s.Slf4jLog&amp#27;[m:  Current version of schema "public": << Empty Schema >>
&amp#27;[30m2023-04-04T21:53:45,271&amp#27;[m &amp#27;[36mDEBUG &amp#27;[m[&amp#27;[1;34mmain&amp#27;[m] &amp#27;[1;33mo.f.c.i.l.s.Slf4jLog&amp#27;[m:  Parsing V1__create_init_tables.sql ...
&amp#27;[30m2023-04-04T21:53:45,282&amp#27;[m &amp#27;[36mDEBUG &amp#27;[m[&amp#27;[1;34mmain&amp#27;[m] &amp#27;[1;33mo.f.c.i.l.s.Slf4jLog&amp#27;[m:  Found statement at line 1: CREATE TABLE usuario (
    id                  BIGSERIAL PRIMARY KEY,
    uuid                uuid DEFAULT NULL,
    rut                 character varying(20) NOT NULL,
    nombre              character varying(255) DEFAULT NULL,
    email               character varying(255) NOT NULL,
    telefono            character varying(255) NOT NULL,
    eliminado           boolean NOT NULL DEFAULT false,
    fecha_creacion      timestamp without time zone NOT NULL,
    fecha_actualizacion timestamp without time zone,
    password_sha512     character varying(128) NOT NULL,
    firma               character varying(128) DEFAULT NULL,
    apellido   character varying(255) DEFAULT NULL,
    profesion   character varying(255) DEFAULT NULL,
    tipo       character varying(250) DEFAULT NULL
)
&amp#27;[30m2023-04-04T21:53:45,282&amp#27;[m &amp#27;[36mDEBUG &amp#27;[m[&amp#27;[1;34mmain&amp#27;[m] &amp#27;[1;33mo.f.c.i.l.s.Slf4jLog&amp#27;[m:  Found statement at line 18: CREATE UNIQUE INDEX usuario_uuid_key ON usuario(uuid uuid_ops)
&amp#27;[30m2023-04-04T21:53:45,282&amp#27;[m &amp#27;[36mDEBUG &amp#27;[m[&amp#27;[1;34mmain&amp#27;[m] &amp#27;[1;33mo.f.c.i.l.s.Slf4jLog&amp#27;[m:  Found statement at line 20: CREATE TABLE token (
    id                  BIGSERIAL PRIMARY KEY,
    fecha_creacion      timestamp without time zone,
    fecha_expiracion    timestamp without time zone,
    sso_fecha_expiracion    timestamp without time zone,
    sha_token           character varying(128) DEFAULT NULL,
    firma               character varying(128) DEFAULT NULL,
    usuario_id          bigint NOT NULL,
    sso_access_token    character varying(255) DEFAULT NULL
    sso_refresh_token    character varying(255) DEFAULT NULL
)
&amp#27;[30m2023-04-04T21:53:45,282&amp#27;[m &amp#27;[36mDEBUG &amp#27;[m[&amp#27;[1;34mmain&amp#27;[m] &amp#27;[1;33mo.f.c.i.l.s.Slf4jLog&amp#27;[m:  Found statement at line 33: CREATE TABLE rol(
    id                  BIGSERIAL PRIMARY KEY,
    uuid                uuid DEFAULT NULL,
    nombre              character varying(100) NOT NULL
)
&amp#27;[30m2023-04-04T21:53:45,282&amp#27;[m &amp#27;[36mDEBUG &amp#27;[m[&amp#27;[1;34mmain&amp#27;[m] &amp#27;[1;33mo.f.c.i.l.s.Slf4jLog&amp#27;[m:  Found statement at line 39: CREATE TABLE usuario_roles(
 usuario_id         bigserial not null,
 rol_id             bigserial not null,
 PRIMARY KEY (usuario_id,rol_id)
)
&amp#27;[30m2023-04-04T21:53:45,282&amp#27;[m &amp#27;[36mDEBUG &amp#27;[m[&amp#27;[1;34mmain&amp#27;[m] &amp#27;[1;33mo.f.c.i.l.s.Slf4jLog&amp#27;[m:  Found statement at line 44: create index ix_usuario_roles_usuario_id on usuario_roles (usuario_id)
&amp#27;[30m2023-04-04T21:53:45,283&amp#27;[m &amp#27;[36mDEBUG &amp#27;[m[&amp#27;[1;34mmain&amp#27;[m] &amp#27;[1;33mo.f.c.i.l.s.Slf4jLog&amp#27;[m:  Found statement at line 45: create index ix_usuario_roles_rol_id on usuario_roles (rol_id)
&amp#27;[30m2023-04-04T21:53:45,283&amp#27;[m &amp#27;[36mDEBUG &amp#27;[m[&amp#27;[1;34mmain&amp#27;[m] &amp#27;[1;33mo.f.c.i.l.s.Slf4jLog&amp#27;[m:  Found statement at line 46: alter table usuario_roles add constraint fk_usuario_roles_usuario_id foreign key (usuario_id) references usuario (id)
&amp#27;[30m2023-04-04T21:53:45,283&amp#27;[m &amp#27;[36mDEBUG &amp#27;[m[&amp#27;[1;34mmain&amp#27;[m] &amp#27;[1;33mo.f.c.i.l.s.Slf4jLog&amp#27;[m:  Found statement at line 47: alter table usuario_roles add constraint fk_usuario_roles_rol_id foreign key (rol_id) references rol (id)
&amp#27;[30m2023-04-04T21:53:45,283&amp#27;[m &amp#27;[36mDEBUG &amp#27;[m[&amp#27;[1;34mmain&amp#27;[m] &amp#27;[1;33mo.f.c.i.l.s.Slf4jLog&amp#27;[m:  Starting migration of schema "public" to version 1 - create init tables ...
&amp#27;[30m2023-04-04T21:53:45,285&amp#27;[m &amp#27;[36mDEBUG &amp#27;[m[&amp#27;[1;34mHikariPool-6 connection adder&amp#27;[m] &amp#27;[1;33mc.z.h.p.HikariPool$PoolEntryCreator&amp#27;[m:  HikariPool-6 - Added connection org.postgresql.jdbc.PgConnection@14d5ee4f
&amp#27;[30m2023-04-04T21:53:45,289&amp#27;[m &amp#27;[32mINFO  &amp#27;[m[&amp#27;[1;34mmain&amp#27;[m] &amp#27;[1;33mo.f.c.i.l.s.Slf4jLog&amp#27;[m:  Migrating schema "public" to version 1 - create init tables
&amp#27;[30m2023-04-04T21:53:45,289&amp#27;[m &amp#27;[36mDEBUG &amp#27;[m[&amp#27;[1;34mmain&amp#27;[m] &amp#27;[1;33mo.f.c.i.l.s.Slf4jLog&amp#27;[m:  Executing SQL: CREATE TABLE usuario (
    id                  BIGSERIAL PRIMARY KEY,
    uuid                uuid DEFAULT NULL,
    rut                 character varying(20) NOT NULL,
    nombre              character varying(255) DEFAULT NULL,
    email               character varying(255) NOT NULL,
    telefono            character varying(255) NOT NULL,
    eliminado           boolean NOT NULL DEFAULT false,
    fecha_creacion      timestamp without time zone NOT NULL,
    fecha_actualizacion timestamp without time zone,
    password_sha512     character varying(128) NOT NULL,
    firma               character varying(128) DEFAULT NULL,
    apellido   character varying(255) DEFAULT NULL,
    profesion   character varying(255) DEFAULT NULL,
    tipo       character varying(250) DEFAULT NULL
)
&amp#27;[30m2023-04-04T21:53:45,293&amp#27;[m &amp#27;[36mDEBUG &amp#27;[m[&amp#27;[1;34mmain&amp#27;[m] &amp#27;[1;33mo.f.c.i.l.s.Slf4jLog&amp#27;[m:  Update Count: 0
&amp#27;[30m2023-04-04T21:53:45,293&amp#27;[m &amp#27;[36mDEBUG &amp#27;[m[&amp#27;[1;34mmain&amp#27;[m] &amp#27;[1;33mo.f.c.i.l.s.Slf4jLog&amp#27;[m:  Executing SQL: CREATE UNIQUE INDEX usuario_uuid_key ON usuario(uuid uuid_ops)
&amp#27;[30m2023-04-04T21:53:45,294&amp#27;[m &amp#27;[36mDEBUG &amp#27;[m[&amp#27;[1;34mmain&amp#27;[m] &amp#27;[1;33mo.f.c.i.l.s.Slf4jLog&amp#27;[m:  Update Count: 0
&amp#27;[30m2023-04-04T21:53:45,295&amp#27;[m &amp#27;[36mDEBUG &amp#27;[m[&amp#27;[1;34mmain&amp#27;[m] &amp#27;[1;33mo.f.c.i.l.s.Slf4jLog&amp#27;[m:  Executing SQL: CREATE TABLE token (
    id                  BIGSERIAL PRIMARY KEY,
    fecha_creacion      timestamp without time zone,
    fecha_expiracion    timestamp without time zone,
    sso_fecha_expiracion    timestamp without time zone,
    sha_token           character varying(128) DEFAULT NULL,
    firma               character varying(128) DEFAULT NULL,
    usuario_id          bigint NOT NULL,
    sso_access_token    character varying(255) DEFAULT NULL
    sso_refresh_token    character varying(255) DEFAULT NULL
)
&amp#27;[30m2023-04-04T21:53:45,298&amp#27;[m &amp#27;[36mDEBUG &amp#27;[m[&amp#27;[1;34mmain&amp#27;[m] &amp#27;[1;33mo.f.c.i.l.s.Slf4jLog&amp#27;[m:  Rolling back transaction...
&amp#27;[30m2023-04-04T21:53:45,298&amp#27;[m &amp#27;[36mDEBUG &amp#27;[m[&amp#27;[1;34mHikariPool-6 connection adder&amp#27;[m] &amp#27;[1;33mc.z.h.p.HikariPool$PoolEntryCreator&amp#27;[m:  HikariPool-6 - Added connection org.postgresql.jdbc.PgConnection@51d762b1
&amp#27;[30m2023-04-04T21:53:45,300&amp#27;[m &amp#27;[36mDEBUG &amp#27;[m[&amp#27;[1;34mmain&amp#27;[m] &amp#27;[1;33mo.f.c.i.l.s.Slf4jLog&amp#27;[m:  Transaction rolled back
&amp#27;[30m2023-04-04T21:53:45,300&amp#27;[m &amp#27;[1;31mERROR &amp#27;[m[&amp#27;[1;34mmain&amp#27;[m] &amp#27;[1;33mo.f.c.i.l.s.Slf4jLog&amp#27;[m:  Migration of schema "public" to version 1 - create init tables failed! Changes successfully rolled back.
&amp#27;[30m2023-04-04T21:53:45,305&amp#27;[m &amp#27;[36mDEBUG &amp#27;[m[&amp#27;[1;34mmain&amp#27;[m] &amp#27;[1;33mo.f.c.i.l.s.Slf4jLog&amp#27;[m:  Memory usage: 63 of 156M
&amp#27;[30m2023-04-04T21:53:45,306&amp#27;[m &amp#27;[1;31mERROR &amp#27;[m[&amp#27;[1;34mmain&amp#27;[m] &amp#27;[1;33mo.s.b.w.e.t.TomcatStarter&amp#27;[m:  Error starting Tomcat context. Exception: org.springframework.beans.factory.UnsatisfiedDependencyException. Message: Error creating bean with name 'jwtRequestFilter': Unsatisfied dependency expressed through field 'tokenService'; nested exception is org.springframework.beans.factory.UnsatisfiedDependencyException: Error creating bean with name 'tokenService': Unsatisfied dependency expressed through field 'tokenRepository'; nested exception is org.springframework.beans.factory.BeanCreationException: Error creating bean with name 'tokenRepository' defined in JustWork.server.repository.TokenRepository defined in @EnableJpaRepositories declared on JpaRepositoriesRegistrar.EnableJpaRepositoriesConfiguration: Cannot create inner bean '(inner bean)#7a925ac4' of type [org.springframework.orm.jpa.SharedEntityManagerCreator] while setting bean property 'entityManager'; nested exception is org.springframework.beans.factory.BeanCreationException: Error creating bean with name '(inner bean)#7a925ac4': Cannot resolve reference to bean 'entityManagerFactory' while setting constructor argument; nested exception is org.springframework.beans.factory.BeanCreationException: Error creating bean with name 'flywayInitializer' defined in class path resource [org/springframework/boot/autoconfigure/flyway/FlywayAutoConfiguration$FlywayConfiguration.class]: Invocation of init method failed; nested exception is java.lang.reflect.InvocationTargetException
&amp#27;[30m2023-04-04T21:53:45,310&amp#27;[m &amp#27;[36mDEBUG &amp#27;[m[&amp#27;[1;34mHikariPool-6 connection adder&amp#27;[m] &amp#27;[1;33mc.z.h.p.HikariPool$PoolEntryCreator&amp#27;[m:  HikariPool-6 - Added connection org.postgresql.jdbc.PgConnection@232111c9
&amp#27;[30m2023-04-04T21:53:45,315&amp#27;[m &amp#27;[33mWARN  &amp#27;[m[&amp#27;[1;34mmain&amp#27;[m] &amp#27;[1;33mo.s.c.s.AbstractApplicationContext&amp#27;[m:  Exception encountered during context initialization - cancelling refresh attempt: org.springframework.context.ApplicationContextException: Unable to start web server; nested exception is org.springframework.boot.web.server.WebServerException: Unable to start embedded Tomcat
&amp#27;[30m2023-04-04T21:53:45,316&amp#27;[m &amp#27;[32mINFO  &amp#27;[m[&amp#27;[1;34mmain&amp#27;[m] &amp#27;[1;33mc.z.h.HikariDataSource&amp#27;[m:  HikariPool-6 - Shutdown initiated...
&amp#27;[30m2023-04-04T21:53:45,317&amp#27;[m &amp#27;[36mDEBUG &amp#27;[m[&amp#27;[1;34mmain&amp#27;[m] &amp#27;[1;33mc.z.h.p.HikariPool&amp#27;[m:  HikariPool-6 - Before shutdown stats (total=6, active=0, idle=6, waiting=0)
&amp#27;[30m2023-04-04T21:53:45,317&amp#27;[m &amp#27;[36mDEBUG &amp#27;[m[&amp#27;[1;34mHikariPool-6 connection closer&amp#27;[m] &amp#27;[1;33mc.z.h.p.PoolBase&amp#27;[m:  HikariPool-6 - Closing connection org.postgresql.jdbc.PgConnection@77a13162: (connection evicted)
&amp#27;[30m2023-04-04T21:53:45,318&amp#27;[m &amp#27;[36mDEBUG &amp#27;[m[&amp#27;[1;34mHikariPool-6 connection closer&amp#27;[m] &amp#27;[1;33mc.z.h.p.PoolBase&amp#27;[m:  HikariPool-6 - Closing connection org.postgresql.jdbc.PgConnection@1e2d853f: (connection evicted)
&amp#27;[30m2023-04-04T21:53:45,318&amp#27;[m &amp#27;[36mDEBUG &amp#27;[m[&amp#27;[1;34mHikariPool-6 connection closer&amp#27;[m] &amp#27;[1;33mc.z.h.p.PoolBase&amp#27;[m:  HikariPool-6 - Closing connection org.postgresql.jdbc.PgConnection@10ea688a: (connection evicted)
&amp#27;[30m2023-04-04T21:53:45,318&amp#27;[m &amp#27;[36mDEBUG &amp#27;[m[&amp#27;[1;34mHikariPool-6 connection closer&amp#27;[m] &amp#27;[1;33mc.z.h.p.PoolBase&amp#27;[m:  HikariPool-6 - Closing connection org.postgresql.jdbc.PgConnection@14d5ee4f: (connection evicted)
&amp#27;[30m2023-04-04T21:53:45,318&amp#27;[m &amp#27;[36mDEBUG &amp#27;[m[&amp#27;[1;34mHikariPool-6 connection closer&amp#27;[m] &amp#27;[1;33mc.z.h.p.PoolBase&amp#27;[m:  HikariPool-6 - Closing connection org.postgresql.jdbc.PgConnection@51d762b1: (connection evicted)
&amp#27;[30m2023-04-04T21:53:45,318&amp#27;[m &amp#27;[36mDEBUG &amp#27;[m[&amp#27;[1;34mHikariPool-6 connection closer&amp#27;[m] &amp#27;[1;33mc.z.h.p.PoolBase&amp#27;[m:  HikariPool-6 - Closing connection org.postgresql.jdbc.PgConnection@232111c9: (connection evicted)
&amp#27;[30m2023-04-04T21:53:45,332&amp#27;[m &amp#27;[36mDEBUG &amp#27;[m[&amp#27;[1;34mHikariPool-6 connection adder&amp#27;[m] &amp#27;[1;33mc.z.h.p.HikariPool$PoolEntryCreator&amp#27;[m:  HikariPool-6 - Added connection org.postgresql.jdbc.PgConnection@60cc931f
&amp#27;[30m2023-04-04T21:53:45,332&amp#27;[m &amp#27;[36mDEBUG &amp#27;[m[&amp#27;[1;34mHikariPool-6 connection closer&amp#27;[m] &amp#27;[1;33mc.z.h.p.PoolBase&amp#27;[m:  HikariPool-6 - Closing connection org.postgresql.jdbc.PgConnection@60cc931f: (connection evicted)
&amp#27;[30m2023-04-04T21:53:45,333&amp#27;[m &amp#27;[36mDEBUG &amp#27;[m[&amp#27;[1;34mmain&amp#27;[m] &amp#27;[1;33mc.z.h.p.HikariPool&amp#27;[m:  HikariPool-6 - After shutdown stats (total=0, active=0, idle=0, waiting=0)
&amp#27;[30m2023-04-04T21:53:45,333&amp#27;[m &amp#27;[32mINFO  &amp#27;[m[&amp#27;[1;34mmain&amp#27;[m] &amp#27;[1;33mc.z.h.HikariDataSource&amp#27;[m:  HikariPool-6 - Shutdown completed.
&amp#27;[30m2023-04-04T21:53:45,350&amp#27;[m &amp#27;[36mDEBUG &amp#27;[m[&amp#27;[1;34mmain&amp#27;[m] &amp#27;[1;33mo.s.b.a.l.ConditionEvaluationReportLoggingListener&amp#27;[m:  


============================
CONDITIONS EVALUATION REPORT
============================


Positive matches:
-----------------

   AopAutoConfiguration matched:
      - @ConditionalOnProperty (spring.aop.auto=true) matched (OnPropertyCondition)

   AopAutoConfiguration.AspectJAutoProxyingConfiguration matched:
      - @ConditionalOnClass found required class 'org.aspectj.weaver.Advice' (OnClassCondition)

   AopAutoConfiguration.AspectJAutoProxyingConfiguration.CglibAutoProxyConfiguration matched:
      - @ConditionalOnProperty (spring.aop.proxy-target-class=true) matched (OnPropertyCondition)

   DataSourceAutoConfiguration matched:
      - @ConditionalOnClass found required classes 'javax.sql.DataSource', 'org.springframework.jdbc.datasource.embedded.EmbeddedDatabaseType' (OnClassCondition)
      - @ConditionalOnMissingBean (types: io.r2dbc.spi.ConnectionFactory; SearchStrategy: all) did not find any beans (OnBeanCondition)

   DataSourceAutoConfiguration.PooledDataSourceConfiguration matched:
      - AnyNestedCondition 1 matched 1 did not; NestedCondition on DataSourceAutoConfiguration.PooledDataSourceCondition.PooledDataSourceAvailable PooledDataSource found supported DataSource; NestedCondition on DataSourceAutoConfiguration.PooledDataSourceCondition.ExplicitType @ConditionalOnProperty (spring.datasource.type) did not find property 'type' (DataSourceAutoConfiguration.PooledDataSourceCondition)
      - @ConditionalOnMissingBean (types: javax.sql.DataSource,javax.sql.XADataSource; SearchStrategy: all) did not find any beans (OnBeanCondition)

   DataSourceConfiguration.Hikari matched:
      - @ConditionalOnClass found required class 'com.zaxxer.hikari.HikariDataSource' (OnClassCondition)
      - @ConditionalOnProperty (spring.datasource.type=com.zaxxer.hikari.HikariDataSource) matched (OnPropertyCondition)
      - @ConditionalOnMissingBean (types: javax.sql.DataSource; SearchStrategy: all) did not find any beans (OnBeanCondition)

   DataSourceInitializationConfiguration matched:
      - @ConditionalOnClass found required class 'org.springframework.jdbc.datasource.init.DatabasePopulator' (OnClassCondition)
      - @ConditionalOnSingleCandidate (types: javax.sql.DataSource; SearchStrategy: all) found a single bean 'dataSource'; @ConditionalOnMissingBean (types: org.springframework.boot.autoconfigure.sql.init.SqlDataSourceScriptDatabaseInitializer,org.springframework.boot.autoconfigure.sql.init.SqlR2dbcScriptDatabaseInitializer; SearchStrategy: all) did not find any beans (OnBeanCondition)

   DataSourcePoolMetadataProvidersConfiguration.HikariPoolDataSourceMetadataProviderConfiguration matched:
      - @ConditionalOnClass found required class 'com.zaxxer.hikari.HikariDataSource' (OnClassCondition)

   DataSourceTransactionManagerAutoConfiguration matched:
      - @ConditionalOnClass found required classes 'org.springframework.jdbc.core.JdbcTemplate', 'org.springframework.transaction.TransactionManager' (OnClassCondition)

   DataSourceTransactionManagerAutoConfiguration.JdbcTransactionManagerConfiguration matched:
      - @ConditionalOnSingleCandidate (types: javax.sql.DataSource; SearchStrategy: all) found a single bean 'dataSource' (OnBeanCondition)

   DispatcherServletAutoConfiguration matched:
      - @ConditionalOnClass found required class 'org.springframework.web.servlet.DispatcherServlet' (OnClassCondition)
      - found 'session' scope (OnWebApplicationCondition)

   DispatcherServletAutoConfiguration.DispatcherServletConfiguration matched:
      - @ConditionalOnClass found required class 'javax.servlet.ServletRegistration' (OnClassCondition)
      - Default DispatcherServlet did not find dispatcher servlet beans (DispatcherServletAutoConfiguration.DefaultDispatcherServletCondition)

   DispatcherServletAutoConfiguration.DispatcherServletRegistrationConfiguration matched:
      - @ConditionalOnClass found required class 'javax.servlet.ServletRegistration' (OnClassCondition)
      - DispatcherServlet Registration did not find servlet registration bean (DispatcherServletAutoConfiguration.DispatcherServletRegistrationCondition)

   DispatcherServletAutoConfiguration.DispatcherServletRegistrationConfiguration#dispatcherServletRegistration matched:
      - @ConditionalOnBean (names: dispatcherServlet types: org.springframework.web.servlet.DispatcherServlet; SearchStrategy: all) found bean 'dispatcherServlet' (OnBeanCondition)

   EmbeddedWebServerFactoryCustomizerAutoConfiguration matched:
      - @ConditionalOnWebApplication (required) found 'session' scope (OnWebApplicationCondition)

   EmbeddedWebServerFactoryCustomizerAutoConfiguration.TomcatWebServerFactoryCustomizerConfiguration matched:
      - @ConditionalOnClass found required classes 'org.apache.catalina.startup.Tomcat', 'org.apache.coyote.UpgradeProtocol' (OnClassCondition)

   ErrorMvcAutoConfiguration matched:
      - @ConditionalOnClass found required classes 'javax.servlet.Servlet', 'org.springframework.web.servlet.DispatcherServlet' (OnClassCondition)
      - found 'session' scope (OnWebApplicationCondition)

   ErrorMvcAutoConfiguration#basicErrorController matched:
      - @ConditionalOnMissingBean (types: org.springframework.boot.web.servlet.error.ErrorController; SearchStrategy: current) did not find any beans (OnBeanCondition)

   ErrorMvcAutoConfiguration#errorAttributes matched:
      - @ConditionalOnMissingBean (types: org.springframework.boot.web.servlet.error.ErrorAttributes; SearchStrategy: current) did not find any beans (OnBeanCondition)

   ErrorMvcAutoConfiguration.DefaultErrorViewResolverConfiguration#conventionErrorViewResolver matched:
      - @ConditionalOnBean (types: org.springframework.web.servlet.DispatcherServlet; SearchStrategy: all) found bean 'dispatcherServlet'; @ConditionalOnMissingBean (types: org.springframework.boot.autoconfigure.web.servlet.error.ErrorViewResolver; SearchStrategy: all) did not find any beans (OnBeanCondition)

   ErrorMvcAutoConfiguration.WhitelabelErrorViewConfiguration matched:
      - @ConditionalOnProperty (server.error.whitelabel.enabled) matched (OnPropertyCondition)
      - ErrorTemplate Missing did not find error template view (ErrorMvcAutoConfiguration.ErrorTemplateMissingCondition)

   ErrorMvcAutoConfiguration.WhitelabelErrorViewConfiguration#beanNameViewResolver matched:
      - @ConditionalOnMissingBean (types: org.springframework.web.servlet.view.BeanNameViewResolver; SearchStrategy: all) did not find any beans (OnBeanCondition)

   ErrorMvcAutoConfiguration.WhitelabelErrorViewConfiguration#defaultErrorView matched:
      - @ConditionalOnMissingBean (names: error; SearchStrategy: all) did not find any beans (OnBeanCondition)

   FlywayAutoConfiguration matched:
      - @ConditionalOnClass found required class 'org.flywaydb.core.Flyway' (OnClassCondition)
      - @ConditionalOnProperty (spring.flyway.enabled) matched (OnPropertyCondition)
      - AnyNestedCondition 1 matched 1 did not; NestedCondition on FlywayAutoConfiguration.FlywayDataSourceCondition.FlywayUrlCondition @ConditionalOnProperty (spring.flyway.url) did not find property 'url'; NestedCondition on FlywayAutoConfiguration.FlywayDataSourceCondition.DataSourceBeanCondition @ConditionalOnBean (types: javax.sql.DataSource; SearchStrategy: all) found bean 'dataSource' (FlywayAutoConfiguration.FlywayDataSourceCondition)

   FlywayAutoConfiguration.FlywayConfiguration matched:
      - @ConditionalOnClass found required class 'org.springframework.jdbc.support.JdbcUtils' (OnClassCondition)
      - @ConditionalOnMissingBean (types: org.flywaydb.core.Flyway; SearchStrategy: all) did not find any beans (OnBeanCondition)

   FlywayAutoConfiguration.FlywayConfiguration#flywayInitializer matched:
      - @ConditionalOnMissingBean (types: org.springframework.boot.autoconfigure.flyway.FlywayMigrationInitializer; SearchStrategy: all) did not find any beans (OnBeanCondition)

   GenericCacheConfiguration matched:
      - Cache org.springframework.boot.autoconfigure.cache.GenericCacheConfiguration automatic cache type (CacheCondition)

   GroovyTemplateAutoConfiguration matched:
      - @ConditionalOnClass found required class 'groovy.text.markup.MarkupTemplateEngine' (OnClassCondition)

   GroovyTemplateAutoConfiguration.GroovyMarkupConfiguration matched:
      - @ConditionalOnClass found required class 'org.springframework.web.servlet.view.groovy.GroovyMarkupConfigurer' (OnClassCondition)

   GroovyTemplateAutoConfiguration.GroovyMarkupConfiguration#groovyMarkupConfigurer matched:
      - @ConditionalOnMissingBean (types: org.springframework.web.servlet.view.groovy.GroovyMarkupConfig; SearchStrategy: all) did not find any beans (OnBeanCondition)

   GroovyTemplateAutoConfiguration.GroovyWebConfiguration matched:
      - @ConditionalOnClass found required classes 'javax.servlet.Servlet', 'org.springframework.context.i18n.LocaleContextHolder', 'org.springframework.web.servlet.view.UrlBasedViewResolver' (OnClassCondition)
      - found 'session' scope (OnWebApplicationCondition)
      - @ConditionalOnProperty (spring.groovy.template.enabled) matched (OnPropertyCondition)

   GroovyTemplateAutoConfiguration.GroovyWebConfiguration#groovyMarkupViewResolver matched:
      - @ConditionalOnMissingBean (names: groovyMarkupViewResolver; SearchStrategy: all) did not find any beans (OnBeanCondition)

   GsonAutoConfiguration matched:
      - @ConditionalOnClass found required class 'com.google.gson.Gson' (OnClassCondition)

   GsonAutoConfiguration#gson matched:
      - @ConditionalOnMissingBean (types: com.google.gson.Gson; SearchStrategy: all) did not find any beans (OnBeanCondition)

   GsonAutoConfiguration#gsonBuilder matched:
      - @ConditionalOnMissingBean (types: com.google.gson.GsonBuilder; SearchStrategy: all) did not find any beans (OnBeanCondition)

   GsonHttpMessageConvertersConfiguration matched:
      - @ConditionalOnClass found required class 'com.google.gson.Gson' (OnClassCondition)

   H2ConsoleAutoConfiguration matched:
      - @ConditionalOnClass found required class 'org.h2.server.web.WebServlet' (OnClassCondition)
      - found 'session' scope (OnWebApplicationCondition)
      - @ConditionalOnProperty (spring.h2.console.enabled=true) matched (OnPropertyCondition)

   HibernateJpaAutoConfiguration matched:
      - @ConditionalOnClass found required classes 'org.springframework.orm.jpa.LocalContainerEntityManagerFactoryBean', 'javax.persistence.EntityManager', 'org.hibernate.engine.spi.SessionImplementor' (OnClassCondition)

   HibernateJpaConfiguration matched:
      - @ConditionalOnSingleCandidate (types: javax.sql.DataSource; SearchStrategy: all) found a single bean 'dataSource' (OnBeanCondition)

   HttpEncodingAutoConfiguration matched:
      - @ConditionalOnClass found required class 'org.springframework.web.filter.CharacterEncodingFilter' (OnClassCondition)
      - found 'session' scope (OnWebApplicationCondition)
      - @ConditionalOnProperty (server.servlet.encoding.enabled) matched (OnPropertyCondition)

   HttpEncodingAutoConfiguration#characterEncodingFilter matched:
      - @ConditionalOnMissingBean (types: org.springframework.web.filter.CharacterEncodingFilter; SearchStrategy: all) did not find any beans (OnBeanCondition)

   HttpMessageConvertersAutoConfiguration matched:
      - @ConditionalOnClass found required class 'org.springframework.http.converter.HttpMessageConverter' (OnClassCondition)
      - NoneNestedConditions 0 matched 1 did not; NestedCondition on HttpMessageConvertersAutoConfiguration.NotReactiveWebApplicationCondition.ReactiveWebApplication did not find reactive web application classes (HttpMessageConvertersAutoConfiguration.NotReactiveWebApplicationCondition)

   HttpMessageConvertersAutoConfiguration#messageConverters matched:
      - @ConditionalOnMissingBean (types: org.springframework.boot.autoconfigure.http.HttpMessageConverters; SearchStrategy: all) did not find any beans (OnBeanCondition)

   HttpMessageConvertersAutoConfiguration.StringHttpMessageConverterConfiguration matched:
      - @ConditionalOnClass found required class 'org.springframework.http.converter.StringHttpMessageConverter' (OnClassCondition)

   HttpMessageConvertersAutoConfiguration.StringHttpMessageConverterConfiguration#stringHttpMessageConverter matched:
      - @ConditionalOnMissingBean (types: org.springframework.http.converter.StringHttpMessageConverter; SearchStrategy: all) did not find any beans (OnBeanCondition)

   HypermediaAutoConfiguration matched:
      - @ConditionalOnClass found required classes 'org.springframework.hateoas.EntityModel', 'org.springframework.web.bind.annotation.RequestMapping', 'org.springframework.web.servlet.mvc.method.annotation.RequestMappingHandlerAdapter', 'org.springframework.plugin.core.Plugin' (OnClassCondition)
      - @ConditionalOnWebApplication (required) found 'session' scope (OnWebApplicationCondition)

   HypermediaAutoConfiguration#applicationJsonHalConfiguration matched:
      - @ConditionalOnClass found required class 'com.fasterxml.jackson.databind.ObjectMapper' (OnClassCondition)
      - @ConditionalOnProperty (spring.hateoas.use-hal-as-default-json-media-type) matched (OnPropertyCondition)
      - @ConditionalOnMissingBean (types: org.springframework.hateoas.mediatype.hal.HalConfiguration; SearchStrategy: all) did not find any beans (OnBeanCondition)

   JacksonAutoConfiguration matched:
      - @ConditionalOnClass found required class 'com.fasterxml.jackson.databind.ObjectMapper' (OnClassCondition)

   JacksonAutoConfiguration.Jackson2ObjectMapperBuilderCustomizerConfiguration matched:
      - @ConditionalOnClass found required class 'org.springframework.http.converter.json.Jackson2ObjectMapperBuilder' (OnClassCondition)

   JacksonAutoConfiguration.JacksonObjectMapperBuilderConfiguration matched:
      - @ConditionalOnClass found required class 'org.springframework.http.converter.json.Jackson2ObjectMapperBuilder' (OnClassCondition)

   JacksonAutoConfiguration.JacksonObjectMapperBuilderConfiguration#jacksonObjectMapperBuilder matched:
      - @ConditionalOnMissingBean (types: org.springframework.http.converter.json.Jackson2ObjectMapperBuilder; SearchStrategy: all) did not find any beans (OnBeanCondition)

   JacksonAutoConfiguration.JacksonObjectMapperConfiguration matched:
      - @ConditionalOnClass found required class 'org.springframework.http.converter.json.Jackson2ObjectMapperBuilder' (OnClassCondition)

   JacksonAutoConfiguration.JacksonObjectMapperConfiguration#jacksonObjectMapper matched:
      - @ConditionalOnMissingBean (types: com.fasterxml.jackson.databind.ObjectMapper; SearchStrategy: all) did not find any beans (OnBeanCondition)

   JacksonAutoConfiguration.ParameterNamesModuleConfiguration matched:
      - @ConditionalOnClass found required class 'com.fasterxml.jackson.module.paramnames.ParameterNamesModule' (OnClassCondition)

   JacksonAutoConfiguration.ParameterNamesModuleConfiguration#parameterNamesModule matched:
      - @ConditionalOnMissingBean (types: com.fasterxml.jackson.module.paramnames.ParameterNamesModule; SearchStrategy: all) did not find any beans (OnBeanCondition)

   JacksonHttpMessageConvertersConfiguration.MappingJackson2HttpMessageConverterConfiguration matched:
      - @ConditionalOnClass found required class 'com.fasterxml.jackson.databind.ObjectMapper' (OnClassCondition)
      - @ConditionalOnProperty (spring.mvc.converters.preferred-json-mapper=jackson) matched (OnPropertyCondition)
      - @ConditionalOnBean (types: com.fasterxml.jackson.databind.ObjectMapper; SearchStrategy: all) found bean 'jacksonObjectMapper' (OnBeanCondition)

   JacksonHttpMessageConvertersConfiguration.MappingJackson2HttpMessageConverterConfiguration#mappingJackson2HttpMessageConverter matched:
      - @ConditionalOnMissingBean (types: org.springframework.http.converter.json.MappingJackson2HttpMessageConverter ignored: org.springframework.hateoas.server.mvc.TypeConstrainedMappingJackson2HttpMessageConverter,org.springframework.data.rest.webmvc.alps.AlpsJsonHttpMessageConverter; SearchStrategy: all) did not find any beans (OnBeanCondition)

   JdbcTemplateAutoConfiguration matched:
      - @ConditionalOnClass found required classes 'javax.sql.DataSource', 'org.springframework.jdbc.core.JdbcTemplate' (OnClassCondition)
      - @ConditionalOnSingleCandidate (types: javax.sql.DataSource; SearchStrategy: all) found a single bean 'dataSource' (OnBeanCondition)

   JdbcTemplateConfiguration matched:
      - @ConditionalOnMissingBean (types: org.springframework.jdbc.core.JdbcOperations; SearchStrategy: all) did not find any beans (OnBeanCondition)

   JpaBaseConfiguration#entityManagerFactory matched:
      - @ConditionalOnMissingBean (types: org.springframework.orm.jpa.LocalContainerEntityManagerFactoryBean,javax.persistence.EntityManagerFactory; SearchStrategy: all) did not find any beans (OnBeanCondition)

   JpaBaseConfiguration#entityManagerFactoryBuilder matched:
      - @ConditionalOnMissingBean (types: org.springframework.boot.orm.jpa.EntityManagerFactoryBuilder; SearchStrategy: all) did not find any beans (OnBeanCondition)

   JpaBaseConfiguration#jpaVendorAdapter matched:
      - @ConditionalOnMissingBean (types: org.springframework.orm.jpa.JpaVendorAdapter; SearchStrategy: all) did not find any beans (OnBeanCondition)

   JpaBaseConfiguration#transactionManager matched:
      - @ConditionalOnMissingBean (types: org.springframework.transaction.TransactionManager; SearchStrategy: all) did not find any beans (OnBeanCondition)

   JpaBaseConfiguration.JpaWebConfiguration matched:
      - @ConditionalOnClass found required class 'org.springframework.web.servlet.config.annotation.WebMvcConfigurer' (OnClassCondition)
      - found 'session' scope (OnWebApplicationCondition)
      - @ConditionalOnProperty (spring.jpa.open-in-view=true) matched (OnPropertyCondition)
      - @ConditionalOnMissingBean (types: org.springframework.orm.jpa.support.OpenEntityManagerInViewInterceptor,org.springframework.orm.jpa.support.OpenEntityManagerInViewFilter; SearchStrategy: all) did not find any beans (OnBeanCondition)

   JpaRepositoriesAutoConfiguration matched:
      - @ConditionalOnClass found required class 'org.springframework.data.jpa.repository.JpaRepository' (OnClassCondition)
      - @ConditionalOnProperty (spring.data.jpa.repositories.enabled=true) matched (OnPropertyCondition)
      - @ConditionalOnBean (types: javax.sql.DataSource; SearchStrategy: all) found bean 'dataSource'; @ConditionalOnMissingBean (types: org.springframework.data.jpa.repository.support.JpaRepositoryFactoryBean,org.springframework.data.jpa.repository.config.JpaRepositoryConfigExtension; SearchStrategy: all) did not find any beans (OnBeanCondition)

   JtaAutoConfiguration matched:
      - @ConditionalOnClass found required class 'javax.transaction.Transaction' (OnClassCondition)
      - @ConditionalOnProperty (spring.jta.enabled) matched (OnPropertyCondition)

   LifecycleAutoConfiguration#defaultLifecycleProcessor matched:
      - @ConditionalOnMissingBean (names: lifecycleProcessor; SearchStrategy: current) did not find any beans (OnBeanCondition)

   MultipartAutoConfiguration matched:
      - @ConditionalOnClass found required classes 'javax.servlet.Servlet', 'org.springframework.web.multipart.support.StandardServletMultipartResolver', 'javax.servlet.MultipartConfigElement' (OnClassCondition)
      - found 'session' scope (OnWebApplicationCondition)
      - @ConditionalOnProperty (spring.servlet.multipart.enabled) matched (OnPropertyCondition)

   MultipartAutoConfiguration#multipartConfigElement matched:
      - @ConditionalOnMissingBean (types: javax.servlet.MultipartConfigElement,org.springframework.web.multipart.commons.CommonsMultipartResolver; SearchStrategy: all) did not find any beans (OnBeanCondition)

   MultipartAutoConfiguration#multipartResolver matched:
      - @ConditionalOnMissingBean (types: org.springframework.web.multipart.MultipartResolver; SearchStrategy: all) did not find any beans (OnBeanCondition)

   NamedParameterJdbcTemplateConfiguration matched:
      - @ConditionalOnSingleCandidate (types: org.springframework.jdbc.core.JdbcTemplate; SearchStrategy: all) found a single bean 'jdbcTemplate'; @ConditionalOnMissingBean (types: org.springframework.jdbc.core.namedparam.NamedParameterJdbcOperations; SearchStrategy: all) did not find any beans (OnBeanCondition)

   NettyAutoConfiguration matched:
      - @ConditionalOnClass found required class 'io.netty.util.NettyRuntime' (OnClassCondition)

   NoOpCacheConfiguration matched:
      - Cache org.springframework.boot.autoconfigure.cache.NoOpCacheConfiguration automatic cache type (CacheCondition)

   PersistenceExceptionTranslationAutoConfiguration matched:
      - @ConditionalOnClass found required class 'org.springframework.dao.annotation.PersistenceExceptionTranslationPostProcessor' (OnClassCondition)

   PersistenceExceptionTranslationAutoConfiguration#persistenceExceptionTranslationPostProcessor matched:
      - @ConditionalOnProperty (spring.dao.exceptiontranslation.enabled) matched (OnPropertyCondition)
      - @ConditionalOnMissingBean (types: org.springframework.dao.annotation.PersistenceExceptionTranslationPostProcessor; SearchStrategy: all) did not find any beans (OnBeanCondition)

   PropertyPlaceholderAutoConfiguration#propertySourcesPlaceholderConfigurer matched:
      - @ConditionalOnMissingBean (types: org.springframework.context.support.PropertySourcesPlaceholderConfigurer; SearchStrategy: current) did not find any beans (OnBeanCondition)

   RepositoryRestMvcAutoConfiguration matched:
      - @ConditionalOnClass found required class 'org.springframework.data.rest.webmvc.config.RepositoryRestMvcConfiguration' (OnClassCondition)
      - found 'session' scope (OnWebApplicationCondition)
      - @ConditionalOnMissingBean (types: org.springframework.data.rest.webmvc.config.RepositoryRestMvcConfiguration; SearchStrategy: all) did not find any beans (OnBeanCondition)

   RestTemplateAutoConfiguration matched:
      - @ConditionalOnClass found required class 'org.springframework.web.client.RestTemplate' (OnClassCondition)
      - NoneNestedConditions 0 matched 1 did not; NestedCondition on RestTemplateAutoConfiguration.NotReactiveWebApplicationCondition.ReactiveWebApplication did not find reactive web application classes (RestTemplateAutoConfiguration.NotReactiveWebApplicationCondition)

   RestTemplateAutoConfiguration#restTemplateBuilder matched:
      - @ConditionalOnMissingBean (types: org.springframework.boot.web.client.RestTemplateBuilder; SearchStrategy: all) did not find any beans (OnBeanCondition)

   RestTemplateAutoConfiguration#restTemplateBuilderConfigurer matched:
      - @ConditionalOnMissingBean (types: org.springframework.boot.autoconfigure.web.client.RestTemplateBuilderConfigurer; SearchStrategy: all) did not find any beans (OnBeanCondition)

   SecurityAutoConfiguration matched:
      - @ConditionalOnClass found required class 'org.springframework.security.authentication.DefaultAuthenticationEventPublisher' (OnClassCondition)

   SecurityAutoConfiguration#authenticationEventPublisher matched:
      - @ConditionalOnMissingBean (types: org.springframework.security.authentication.AuthenticationEventPublisher; SearchStrategy: all) did not find any beans (OnBeanCondition)

   SecurityFilterAutoConfiguration matched:
      - @ConditionalOnClass found required classes 'org.springframework.security.web.context.AbstractSecurityWebApplicationInitializer', 'org.springframework.security.config.http.SessionCreationPolicy' (OnClassCondition)
      - found 'session' scope (OnWebApplicationCondition)

   SecurityFilterAutoConfiguration#securityFilterChainRegistration matched:
      - @ConditionalOnBean (names: springSecurityFilterChain; SearchStrategy: all) found bean 'springSecurityFilterChain' (OnBeanCondition)

   ServletWebServerFactoryAutoConfiguration matched:
      - @ConditionalOnClass found required class 'javax.servlet.ServletRequest' (OnClassCondition)
      - found 'session' scope (OnWebApplicationCondition)

   ServletWebServerFactoryAutoConfiguration#tomcatServletWebServerFactoryCustomizer matched:
      - @ConditionalOnClass found required class 'org.apache.catalina.startup.Tomcat' (OnClassCondition)

   ServletWebServerFactoryConfiguration.EmbeddedTomcat matched:
      - @ConditionalOnClass found required classes 'javax.servlet.Servlet', 'org.apache.catalina.startup.Tomcat', 'org.apache.coyote.UpgradeProtocol' (OnClassCondition)
      - @ConditionalOnMissingBean (types: org.springframework.boot.web.servlet.server.ServletWebServerFactory; SearchStrategy: current) did not find any beans (OnBeanCondition)

   SimpleCacheConfiguration matched:
      - Cache org.springframework.boot.autoconfigure.cache.SimpleCacheConfiguration automatic cache type (CacheCondition)

   SpringBootWebSecurityConfiguration matched:
      - found 'session' scope (OnWebApplicationCondition)

   SpringBootWebSecurityConfiguration.ErrorPageSecurityFilterConfiguration matched:
      - @ConditionalOnClass found required class 'org.springframework.security.web.access.WebInvocationPrivilegeEvaluator' (OnClassCondition)
      - @ConditionalOnBean (types: org.springframework.security.web.access.WebInvocationPrivilegeEvaluator; SearchStrategy: all) found bean 'privilegeEvaluator' (OnBeanCondition)

   SqlInitializationAutoConfiguration matched:
      - @ConditionalOnProperty (spring.sql.init.enabled) matched (OnPropertyCondition)
      - NoneNestedConditions 0 matched 1 did not; NestedCondition on SqlInitializationAutoConfiguration.SqlInitializationModeCondition.ModeIsNever @ConditionalOnProperty (spring.sql.init.mode=never) did not find property 'mode' (SqlInitializationAutoConfiguration.SqlInitializationModeCondition)

   TaskExecutionAutoConfiguration matched:
      - @ConditionalOnClass found required class 'org.springframework.scheduling.concurrent.ThreadPoolTaskExecutor' (OnClassCondition)

   TaskExecutionAutoConfiguration#applicationTaskExecutor matched:
      - @ConditionalOnMissingBean (types: java.util.concurrent.Executor; SearchStrategy: all) did not find any beans (OnBeanCondition)

   TaskExecutionAutoConfiguration#taskExecutorBuilder matched:
      - @ConditionalOnMissingBean (types: org.springframework.boot.task.TaskExecutorBuilder; SearchStrategy: all) did not find any beans (OnBeanCondition)

   TaskSchedulingAutoConfiguration matched:
      - @ConditionalOnClass found required class 'org.springframework.scheduling.concurrent.ThreadPoolTaskScheduler' (OnClassCondition)

   TaskSchedulingAutoConfiguration#taskSchedulerBuilder matched:
      - @ConditionalOnMissingBean (types: org.springframework.boot.task.TaskSchedulerBuilder; SearchStrategy: all) did not find any beans (OnBeanCondition)

   TemplateEngineConfigurations.DefaultTemplateEngineConfiguration#templateEngine matched:
      - @ConditionalOnMissingBean (types: org.thymeleaf.spring5.ISpringTemplateEngine; SearchStrategy: all) did not find any beans (OnBeanCondition)

   ThymeleafAutoConfiguration matched:
      - @ConditionalOnClass found required classes 'org.thymeleaf.templatemode.TemplateMode', 'org.thymeleaf.spring5.SpringTemplateEngine' (OnClassCondition)

   ThymeleafAutoConfiguration.DefaultTemplateResolverConfiguration matched:
      - @ConditionalOnMissingBean (names: defaultTemplateResolver; SearchStrategy: all) did not find any beans (OnBeanCondition)

   ThymeleafAutoConfiguration.ThymeleafJava8TimeDialect matched:
      - @ConditionalOnClass found required class 'org.thymeleaf.extras.java8time.dialect.Java8TimeDialect' (OnClassCondition)

   ThymeleafAutoConfiguration.ThymeleafJava8TimeDialect#java8TimeDialect matched:
      - @ConditionalOnMissingBean (types: org.thymeleaf.extras.java8time.dialect.Java8TimeDialect; SearchStrategy: all) did not find any beans (OnBeanCondition)

   ThymeleafAutoConfiguration.ThymeleafWebMvcConfiguration matched:
      - found 'session' scope (OnWebApplicationCondition)
      - @ConditionalOnProperty (spring.thymeleaf.enabled) matched (OnPropertyCondition)

   ThymeleafAutoConfiguration.ThymeleafWebMvcConfiguration.ThymeleafViewResolverConfiguration#thymeleafViewResolver matched:
      - @ConditionalOnMissingBean (names: thymeleafViewResolver; SearchStrategy: all) did not find any beans (OnBeanCondition)

   TransactionAutoConfiguration matched:
      - @ConditionalOnClass found required class 'org.springframework.transaction.PlatformTransactionManager' (OnClassCondition)

   TransactionAutoConfiguration#platformTransactionManagerCustomizers matched:
      - @ConditionalOnMissingBean (types: org.springframework.boot.autoconfigure.transaction.TransactionManagerCustomizers; SearchStrategy: all) did not find any beans (OnBeanCondition)

   TransactionAutoConfiguration.EnableTransactionManagementConfiguration matched:
      - @ConditionalOnBean (types: org.springframework.transaction.TransactionManager; SearchStrategy: all) found bean 'transactionManager'; @ConditionalOnMissingBean (types: org.springframework.transaction.annotation.AbstractTransactionManagementConfiguration; SearchStrategy: all) did not find any beans (OnBeanCondition)

   TransactionAutoConfiguration.EnableTransactionManagementConfiguration.CglibAutoProxyConfiguration matched:
      - @ConditionalOnProperty (spring.aop.proxy-target-class=true) matched (OnPropertyCondition)

   TransactionAutoConfiguration.TransactionTemplateConfiguration matched:
      - @ConditionalOnSingleCandidate (types: org.springframework.transaction.PlatformTransactionManager; SearchStrategy: all) found a single bean 'transactionManager' (OnBeanCondition)

   TransactionAutoConfiguration.TransactionTemplateConfiguration#transactionTemplate matched:
      - @ConditionalOnMissingBean (types: org.springframework.transaction.support.TransactionOperations; SearchStrategy: all) did not find any beans (OnBeanCondition)

   WebMvcAutoConfiguration matched:
      - @ConditionalOnClass found required classes 'javax.servlet.Servlet', 'org.springframework.web.servlet.DispatcherServlet', 'org.springframework.web.servlet.config.annotation.WebMvcConfigurer' (OnClassCondition)
      - found 'session' scope (OnWebApplicationCondition)
      - @ConditionalOnMissingBean (types: org.springframework.web.servlet.config.annotation.WebMvcConfigurationSupport; SearchStrategy: all) did not find any beans (OnBeanCondition)

   WebMvcAutoConfiguration#formContentFilter matched:
      - @ConditionalOnProperty (spring.mvc.formcontent.filter.enabled) matched (OnPropertyCondition)
      - @ConditionalOnMissingBean (types: org.springframework.web.filter.FormContentFilter; SearchStrategy: all) did not find any beans (OnBeanCondition)

   WebMvcAutoConfiguration.EnableWebMvcConfiguration#flashMapManager matched:
      - @ConditionalOnMissingBean (names: flashMapManager; SearchStrategy: all) did not find any beans (OnBeanCondition)

   WebMvcAutoConfiguration.EnableWebMvcConfiguration#localeResolver matched:
      - @ConditionalOnMissingBean (names: localeResolver; SearchStrategy: all) did not find any beans (OnBeanCondition)

   WebMvcAutoConfiguration.EnableWebMvcConfiguration#themeResolver matched:
      - @ConditionalOnMissingBean (names: themeResolver; SearchStrategy: all) did not find any beans (OnBeanCondition)

   WebMvcAutoConfiguration.WebMvcAutoConfigurationAdapter#defaultViewResolver matched:
      - @ConditionalOnMissingBean (types: org.springframework.web.servlet.view.InternalResourceViewResolver; SearchStrategy: all) did not find any beans (OnBeanCondition)

   WebMvcAutoConfiguration.WebMvcAutoConfigurationAdapter#requestContextFilter matched:
      - @ConditionalOnMissingBean (types: org.springframework.web.context.request.RequestContextListener,org.springframework.web.filter.RequestContextFilter; SearchStrategy: all) did not find any beans (OnBeanCondition)

   WebMvcAutoConfiguration.WebMvcAutoConfigurationAdapter#viewResolver matched:
      - @ConditionalOnBean (types: org.springframework.web.servlet.ViewResolver; SearchStrategy: all) found beans 'defaultViewResolver', 'beanNameViewResolver', 'mvcViewResolver'; @ConditionalOnMissingBean (names: viewResolver types: org.springframework.web.servlet.view.ContentNegotiatingViewResolver; SearchStrategy: all) did not find any beans (OnBeanCondition)

   WebSocketServletAutoConfiguration matched:
      - @ConditionalOnClass found required classes 'javax.servlet.Servlet', 'javax.websocket.server.ServerContainer' (OnClassCondition)
      - found 'session' scope (OnWebApplicationCondition)

   WebSocketServletAutoConfiguration.TomcatWebSocketConfiguration matched:
      - @ConditionalOnClass found required classes 'org.apache.catalina.startup.Tomcat', 'org.apache.tomcat.websocket.server.WsSci' (OnClassCondition)

   WebSocketServletAutoConfiguration.TomcatWebSocketConfiguration#websocketServletWebServerCustomizer matched:
      - @ConditionalOnMissingBean (names: websocketServletWebServerCustomizer; SearchStrategy: all) did not find any beans (OnBeanCondition)


Negative matches:
-----------------

   ActiveMQAutoConfiguration:
      Did not match:
         - @ConditionalOnClass did not find required class 'javax.jms.ConnectionFactory' (OnClassCondition)

   AopAutoConfiguration.AspectJAutoProxyingConfiguration.JdkDynamicAutoProxyConfiguration:
      Did not match:
         - @ConditionalOnProperty (spring.aop.proxy-target-class=false) did not find property 'proxy-target-class' (OnPropertyCondition)

   AopAutoConfiguration.ClassProxyingConfiguration:
      Did not match:
         - @ConditionalOnMissingClass found unwanted class 'org.aspectj.weaver.Advice' (OnClassCondition)

   ArtemisAutoConfiguration:
      Did not match:
         - @ConditionalOnClass did not find required class 'javax.jms.ConnectionFactory' (OnClassCondition)

   AtomikosJtaConfiguration:
      Did not match:
         - @ConditionalOnClass did not find required class 'com.atomikos.icatch.jta.UserTransactionManager' (OnClassCondition)

   BatchAutoConfiguration:
      Did not match:
         - @ConditionalOnClass did not find required class 'org.springframework.batch.core.launch.JobLauncher' (OnClassCondition)

   Cache2kCacheConfiguration:
      Did not match:
         - @ConditionalOnClass did not find required class 'org.cache2k.Cache2kBuilder' (OnClassCondition)

   CacheAutoConfiguration:
      Did not match:
         - @ConditionalOnBean (types: org.springframework.cache.interceptor.CacheAspectSupport; SearchStrategy: all) did not find any beans of type org.springframework.cache.interceptor.CacheAspectSupport (OnBeanCondition)
      Matched:
         - @ConditionalOnClass found required class 'org.springframework.cache.CacheManager' (OnClassCondition)

   CacheAutoConfiguration.CacheManagerEntityManagerFactoryDependsOnPostProcessor:
      Did not match:
         - Ancestor org.springframework.boot.autoconfigure.cache.CacheAutoConfiguration did not match (ConditionEvaluationReport.AncestorsMatchedCondition)
      Matched:
         - @ConditionalOnClass found required class 'org.springframework.orm.jpa.LocalContainerEntityManagerFactoryBean' (OnClassCondition)

   CaffeineCacheConfiguration:
      Did not match:
         - @ConditionalOnClass did not find required class 'com.github.benmanes.caffeine.cache.Caffeine' (OnClassCondition)

   CassandraAutoConfiguration:
      Did not match:
         - @ConditionalOnClass did not find required class 'com.datastax.oss.driver.api.core.CqlSession' (OnClassCondition)

   CassandraDataAutoConfiguration:
      Did not match:
         - @ConditionalOnClass did not find required class 'com.datastax.oss.driver.api.core.CqlSession' (OnClassCondition)

   CassandraReactiveDataAutoConfiguration:
      Did not match:
         - @ConditionalOnClass did not find required class 'com.datastax.oss.driver.api.core.CqlSession' (OnClassCondition)

   CassandraReactiveRepositoriesAutoConfiguration:
      Did not match:
         - @ConditionalOnClass did not find required class 'org.springframework.data.cassandra.ReactiveSession' (OnClassCondition)

   CassandraRepositoriesAutoConfiguration:
      Did not match:
         - @ConditionalOnClass did not find required class 'com.datastax.oss.driver.api.core.CqlSession' (OnClassCondition)

   ClientHttpConnectorAutoConfiguration:
      Did not match:
         - @ConditionalOnClass did not find required class 'org.springframework.web.reactive.function.client.WebClient' (OnClassCondition)

   CodecsAutoConfiguration:
      Did not match:
         - @ConditionalOnClass did not find required class 'org.springframework.web.reactive.function.client.WebClient' (OnClassCondition)

   CouchbaseAutoConfiguration:
      Did not match:
         - @ConditionalOnClass did not find required class 'com.couchbase.client.java.Cluster' (OnClassCondition)

   CouchbaseCacheConfiguration:
      Did not match:
         - @ConditionalOnClass did not find required class 'com.couchbase.client.java.Cluster' (OnClassCondition)

   CouchbaseDataAutoConfiguration:
      Did not match:
         - @ConditionalOnClass did not find required class 'com.couchbase.client.java.Bucket' (OnClassCondition)

   CouchbaseReactiveDataAutoConfiguration:
      Did not match:
         - @ConditionalOnClass did not find required class 'com.couchbase.client.java.Cluster' (OnClassCondition)

   CouchbaseReactiveRepositoriesAutoConfiguration:
      Did not match:
         - @ConditionalOnClass did not find required class 'com.couchbase.client.java.Cluster' (OnClassCondition)

   CouchbaseRepositoriesAutoConfiguration:
      Did not match:
         - @ConditionalOnClass did not find required class 'com.couchbase.client.java.Bucket' (OnClassCondition)

   DataSourceAutoConfiguration.EmbeddedDatabaseConfiguration:
      Did not match:
         - EmbeddedDataSource spring.datasource.url is set (DataSourceAutoConfiguration.EmbeddedDatabaseCondition)

   DataSourceConfiguration.Dbcp2:
      Did not match:
         - @ConditionalOnClass did not find required class 'org.apache.commons.dbcp2.BasicDataSource' (OnClassCondition)

   DataSourceConfiguration.Generic:
      Did not match:
         - @ConditionalOnProperty (spring.datasource.type) did not find property 'spring.datasource.type' (OnPropertyCondition)

   DataSourceConfiguration.OracleUcp:
      Did not match:
         - @ConditionalOnClass did not find required classes 'oracle.ucp.jdbc.PoolDataSourceImpl', 'oracle.jdbc.OracleConnection' (OnClassCondition)

   DataSourceConfiguration.Tomcat:
      Did not match:
         - @ConditionalOnClass did not find required class 'org.apache.tomcat.jdbc.pool.DataSource' (OnClassCondition)

   DataSourceJmxConfiguration:
      Did not match:
         - @ConditionalOnProperty (spring.jmx.enabled=true) found different value in property 'enabled' (OnPropertyCondition)

   DataSourcePoolMetadataProvidersConfiguration.CommonsDbcp2PoolDataSourceMetadataProviderConfiguration:
      Did not match:
         - @ConditionalOnClass did not find required class 'org.apache.commons.dbcp2.BasicDataSource' (OnClassCondition)

   DataSourcePoolMetadataProvidersConfiguration.OracleUcpPoolDataSourceMetadataProviderConfiguration:
      Did not match:
         - @ConditionalOnClass did not find required classes 'oracle.ucp.jdbc.PoolDataSource', 'oracle.jdbc.OracleConnection' (OnClassCondition)

   DataSourcePoolMetadataProvidersConfiguration.TomcatDataSourcePoolMetadataProviderConfiguration:
      Did not match:
         - @ConditionalOnClass did not find required class 'org.apache.tomcat.jdbc.pool.DataSource' (OnClassCondition)

   DataSourceTransactionManagerAutoConfiguration.JdbcTransactionManagerConfiguration#transactionManager:
      Did not match:
         - @ConditionalOnMissingBean (types: org.springframework.transaction.TransactionManager; SearchStrategy: all) found beans of type 'org.springframework.transaction.TransactionManager' transactionManager (OnBeanCondition)

   DevToolsDataSourceAutoConfiguration:
      Did not match:
         - Devtools devtools is disabled for current context. (OnEnabledDevToolsCondition)

   DevToolsR2dbcAutoConfiguration:
      Did not match:
         - @ConditionalOnClass did not find required class 'io.r2dbc.spi.ConnectionFactory' (OnClassCondition)

   DispatcherServletAutoConfiguration.DispatcherServletConfiguration#multipartResolver:
      Did not match:
         - @ConditionalOnBean (types: org.springframework.web.multipart.MultipartResolver; SearchStrategy: all) did not find any beans of type org.springframework.web.multipart.MultipartResolver (OnBeanCondition)

   EhCacheCacheConfiguration:
      Did not match:
         - @ConditionalOnClass did not find required class 'net.sf.ehcache.Cache' (OnClassCondition)

   ElasticsearchDataAutoConfiguration:
      Did not match:
         - @ConditionalOnClass did not find required class 'org.springframework.data.elasticsearch.core.ElasticsearchRestTemplate' (OnClassCondition)

   ElasticsearchRepositoriesAutoConfiguration:
      Did not match:
         - @ConditionalOnClass did not find required class 'org.elasticsearch.client.Client' (OnClassCondition)

   ElasticsearchRestClientAutoConfiguration:
      Did not match:
         - @ConditionalOnClass did not find required class 'org.elasticsearch.client.RestClientBuilder' (OnClassCondition)

   EmbeddedLdapAutoConfiguration:
      Did not match:
         - @ConditionalOnClass did not find required class 'com.unboundid.ldap.listener.InMemoryDirectoryServer' (OnClassCondition)

   EmbeddedMongoAutoConfiguration:
      Did not match:
         - @ConditionalOnClass did not find required class 'com.mongodb.MongoClientSettings' (OnClassCondition)

   EmbeddedWebServerFactoryCustomizerAutoConfiguration.JettyWebServerFactoryCustomizerConfiguration:
      Did not match:
         - @ConditionalOnClass did not find required classes 'org.eclipse.jetty.server.Server', 'org.eclipse.jetty.util.Loader', 'org.eclipse.jetty.webapp.WebAppContext' (OnClassCondition)

   EmbeddedWebServerFactoryCustomizerAutoConfiguration.NettyWebServerFactoryCustomizerConfiguration:
      Did not match:
         - @ConditionalOnClass did not find required class 'reactor.netty.http.server.HttpServer' (OnClassCondition)

   EmbeddedWebServerFactoryCustomizerAutoConfiguration.UndertowWebServerFactoryCustomizerConfiguration:
      Did not match:
         - @ConditionalOnClass did not find required classes 'io.undertow.Undertow', 'org.xnio.SslClientAuthMode' (OnClassCondition)

   ErrorWebFluxAutoConfiguration:
      Did not match:
         - @ConditionalOnClass did not find required class 'org.springframework.web.reactive.config.WebFluxConfigurer' (OnClassCondition)

   FreeMarkerAutoConfiguration:
      Did not match:
         - @ConditionalOnClass did not find required class 'freemarker.template.Configuration' (OnClassCondition)

   GraphQlAutoConfiguration:
      Did not match:
         - @ConditionalOnClass did not find required class 'graphql.GraphQL' (OnClassCondition)

   GraphQlQueryByExampleAutoConfiguration:
      Did not match:
         - @ConditionalOnClass did not find required class 'graphql.GraphQL' (OnClassCondition)

   GraphQlQuerydslAutoConfiguration:
      Did not match:
         - @ConditionalOnClass did not find required class 'graphql.GraphQL' (OnClassCondition)

   GraphQlRSocketAutoConfiguration:
      Did not match:
         - @ConditionalOnClass did not find required class 'graphql.GraphQL' (OnClassCondition)

   GraphQlReactiveQueryByExampleAutoConfiguration:
      Did not match:
         - @ConditionalOnClass did not find required class 'graphql.GraphQL' (OnClassCondition)

   GraphQlReactiveQuerydslAutoConfiguration:
      Did not match:
         - @ConditionalOnClass did not find required class 'graphql.GraphQL' (OnClassCondition)

   GraphQlWebFluxAutoConfiguration:
      Did not match:
         - @ConditionalOnClass did not find required class 'graphql.GraphQL' (OnClassCondition)

   GraphQlWebFluxSecurityAutoConfiguration:
      Did not match:
         - @ConditionalOnClass did not find required class 'graphql.GraphQL' (OnClassCondition)

   GraphQlWebMvcAutoConfiguration:
      Did not match:
         - @ConditionalOnClass did not find required class 'graphql.GraphQL' (OnClassCondition)

   GraphQlWebMvcSecurityAutoConfiguration:
      Did not match:
         - @ConditionalOnClass did not find required class 'graphql.GraphQL' (OnClassCondition)

   GsonHttpMessageConvertersConfiguration.GsonHttpMessageConverterConfiguration:
      Did not match:
         - AnyNestedCondition 0 matched 2 did not; NestedCondition on GsonHttpMessageConvertersConfiguration.PreferGsonOrJacksonAndJsonbUnavailableCondition.JacksonJsonbUnavailable NoneNestedConditions 1 matched 1 did not; NestedCondition on GsonHttpMessageConvertersConfiguration.JacksonAndJsonbUnavailableCondition.JsonbPreferred @ConditionalOnProperty (spring.mvc.converters.preferred-json-mapper=jsonb) did not find property 'spring.mvc.converters.preferred-json-mapper'; NestedCondition on GsonHttpMessageConvertersConfiguration.JacksonAndJsonbUnavailableCondition.JacksonAvailable @ConditionalOnBean (types: org.springframework.http.converter.json.MappingJackson2HttpMessageConverter; SearchStrategy: all) found bean 'mappingJackson2HttpMessageConverter'; NestedCondition on GsonHttpMessageConvertersConfiguration.PreferGsonOrJacksonAndJsonbUnavailableCondition.GsonPreferred @ConditionalOnProperty (spring.mvc.converters.preferred-json-mapper=gson) did not find property 'spring.mvc.converters.preferred-json-mapper' (GsonHttpMessageConvertersConfiguration.PreferGsonOrJacksonAndJsonbUnavailableCondition)

   HazelcastAutoConfiguration:
      Did not match:
         - @ConditionalOnClass did not find required class 'com.hazelcast.core.HazelcastInstance' (OnClassCondition)

   HazelcastCacheConfiguration:
      Did not match:
         - @ConditionalOnClass did not find required class 'com.hazelcast.core.HazelcastInstance' (OnClassCondition)

   HazelcastJpaDependencyAutoConfiguration:
      Did not match:
         - @ConditionalOnClass did not find required class 'com.hazelcast.core.HazelcastInstance' (OnClassCondition)

   HttpHandlerAutoConfiguration:
      Did not match:
         - @ConditionalOnClass did not find required class 'org.springframework.web.reactive.DispatcherHandler' (OnClassCondition)

   HypermediaAutoConfiguration.HypermediaConfiguration:
      Did not match:
         - @ConditionalOnMissingBean (types: org.springframework.hateoas.client.LinkDiscoverers; SearchStrategy: all) found beans of type 'org.springframework.hateoas.client.LinkDiscoverers' linkDiscoverers (OnBeanCondition)
      Matched:
         - @ConditionalOnClass found required class 'com.fasterxml.jackson.databind.ObjectMapper' (OnClassCondition)

   InfinispanCacheConfiguration:
      Did not match:
         - @ConditionalOnClass did not find required class 'org.infinispan.spring.embedded.provider.SpringEmbeddedCacheManager' (OnClassCondition)

   InfluxDbAutoConfiguration:
      Did not match:
         - @ConditionalOnClass did not find required class 'org.influxdb.InfluxDB' (OnClassCondition)

   IntegrationAutoConfiguration:
      Did not match:
         - @ConditionalOnClass did not find required class 'org.springframework.integration.config.EnableIntegration' (OnClassCondition)

   JCacheCacheConfiguration:
      Did not match:
         - @ConditionalOnClass did not find required class 'javax.cache.Caching' (OnClassCondition)

   JacksonHttpMessageConvertersConfiguration.MappingJackson2XmlHttpMessageConverterConfiguration:
      Did not match:
         - @ConditionalOnClass did not find required class 'com.fasterxml.jackson.dataformat.xml.XmlMapper' (OnClassCondition)

   JdbcRepositoriesAutoConfiguration:
      Did not match:
         - @ConditionalOnClass did not find required class 'org.springframework.data.jdbc.repository.config.AbstractJdbcConfiguration' (OnClassCondition)

   JerseyAutoConfiguration:
      Did not match:
         - @ConditionalOnClass did not find required class 'org.glassfish.jersey.server.spring.SpringComponentProvider' (OnClassCondition)

   JmsAutoConfiguration:
      Did not match:
         - @ConditionalOnClass did not find required class 'javax.jms.Message' (OnClassCondition)

   JmxAutoConfiguration:
      Did not match:
         - @ConditionalOnProperty (spring.jmx.enabled=true) found different value in property 'enabled' (OnPropertyCondition)
      Matched:
         - @ConditionalOnClass found required class 'org.springframework.jmx.export.MBeanExporter' (OnClassCondition)

   JndiConnectionFactoryAutoConfiguration:
      Did not match:
         - @ConditionalOnClass did not find required class 'org.springframework.jms.core.JmsTemplate' (OnClassCondition)

   JndiDataSourceAutoConfiguration:
      Did not match:
         - @ConditionalOnProperty (spring.datasource.jndi-name) did not find property 'jndi-name' (OnPropertyCondition)
      Matched:
         - @ConditionalOnClass found required classes 'javax.sql.DataSource', 'org.springframework.jdbc.datasource.embedded.EmbeddedDatabaseType' (OnClassCondition)

   JndiJtaConfiguration:
      Did not match:
         - @ConditionalOnJndi JNDI environment is not available (OnJndiCondition)
      Matched:
         - @ConditionalOnClass found required class 'org.springframework.transaction.jta.JtaTransactionManager' (OnClassCondition)

   JooqAutoConfiguration:
      Did not match:
         - @ConditionalOnClass did not find required class 'org.jooq.DSLContext' (OnClassCondition)

   JpaRepositoriesAutoConfiguration#entityManagerFactoryBootstrapExecutorCustomizer:
      Did not match:
         - AnyNestedCondition 0 matched 2 did not; NestedCondition on JpaRepositoriesAutoConfiguration.BootstrapExecutorCondition.LazyBootstrapMode @ConditionalOnProperty (spring.data.jpa.repositories.bootstrap-mode=lazy) did not find property 'bootstrap-mode'; NestedCondition on JpaRepositoriesAutoConfiguration.BootstrapExecutorCondition.DeferredBootstrapMode @ConditionalOnProperty (spring.data.jpa.repositories.bootstrap-mode=deferred) did not find property 'bootstrap-mode' (JpaRepositoriesAutoConfiguration.BootstrapExecutorCondition)

   JsonbAutoConfiguration:
      Did not match:
         - @ConditionalOnClass did not find required class 'javax.json.bind.Jsonb' (OnClassCondition)

   JsonbHttpMessageConvertersConfiguration:
      Did not match:
         - @ConditionalOnClass did not find required class 'javax.json.bind.Jsonb' (OnClassCondition)

   KafkaAutoConfiguration:
      Did not match:
         - @ConditionalOnClass did not find required class 'org.springframework.kafka.core.KafkaTemplate' (OnClassCondition)

   LdapAutoConfiguration:
      Did not match:
         - @ConditionalOnClass did not find required class 'org.springframework.ldap.core.ContextSource' (OnClassCondition)

   LdapRepositoriesAutoConfiguration:
      Did not match:
         - @ConditionalOnClass did not find required class 'org.springframework.data.ldap.repository.LdapRepository' (OnClassCondition)

   LiquibaseAutoConfiguration:
      Did not match:
         - @ConditionalOnClass did not find required class 'liquibase.change.DatabaseChange' (OnClassCondition)

   LocalDevToolsAutoConfiguration:
      Did not match:
         - Initialized Restarter Condition initialized without URLs (OnInitializedRestarterCondition)

   MailSenderAutoConfiguration:
      Did not match:
         - @ConditionalOnClass did not find required class 'javax.mail.internet.MimeMessage' (OnClassCondition)

   MailSenderValidatorAutoConfiguration:
      Did not match:
         - @ConditionalOnProperty (spring.mail.test-connection) did not find property 'test-connection' (OnPropertyCondition)

   MessageSourceAutoConfiguration:
      Did not match:
         - ResourceBundle did not find bundle with basename messages (MessageSourceAutoConfiguration.ResourceBundleCondition)

   MongoAutoConfiguration:
      Did not match:
         - @ConditionalOnClass did not find required class 'com.mongodb.client.MongoClient' (OnClassCondition)

   MongoDataAutoConfiguration:
      Did not match:
         - @ConditionalOnClass did not find required class 'com.mongodb.client.MongoClient' (OnClassCondition)

   MongoReactiveAutoConfiguration:
      Did not match:
         - @ConditionalOnClass did not find required class 'com.mongodb.reactivestreams.client.MongoClient' (OnClassCondition)

   MongoReactiveDataAutoConfiguration:
      Did not match:
         - @ConditionalOnClass did not find required class 'com.mongodb.reactivestreams.client.MongoClient' (OnClassCondition)

   MongoReactiveRepositoriesAutoConfiguration:
      Did not match:
         - @ConditionalOnClass did not find required class 'com.mongodb.reactivestreams.client.MongoClient' (OnClassCondition)

   MongoRepositoriesAutoConfiguration:
      Did not match:
         - @ConditionalOnClass did not find required class 'com.mongodb.client.MongoClient' (OnClassCondition)

   MustacheAutoConfiguration:
      Did not match:
         - @ConditionalOnClass did not find required class 'com.samskivert.mustache.Mustache' (OnClassCondition)

   Neo4jAutoConfiguration:
      Did not match:
         - @ConditionalOnClass did not find required class 'org.neo4j.driver.Driver' (OnClassCondition)

   Neo4jDataAutoConfiguration:
      Did not match:
         - @ConditionalOnClass did not find required class 'org.neo4j.driver.Driver' (OnClassCondition)

   Neo4jReactiveDataAutoConfiguration:
      Did not match:
         - @ConditionalOnClass did not find required class 'org.neo4j.driver.Driver' (OnClassCondition)

   Neo4jReactiveRepositoriesAutoConfiguration:
      Did not match:
         - @ConditionalOnClass did not find required class 'org.neo4j.driver.Driver' (OnClassCondition)

   Neo4jRepositoriesAutoConfiguration:
      Did not match:
         - @ConditionalOnClass did not find required class 'org.neo4j.driver.Driver' (OnClassCondition)

   OAuth2ClientAutoConfiguration:
      Did not match:
         - @ConditionalOnClass did not find required class 'org.springframework.security.oauth2.client.registration.ClientRegistration' (OnClassCondition)

   OAuth2ResourceServerAutoConfiguration:
      Did not match:
         - @ConditionalOnClass did not find required class 'org.springframework.security.oauth2.server.resource.BearerTokenAuthenticationToken' (OnClassCondition)

   ProjectInfoAutoConfiguration#buildProperties:
      Did not match:
         - @ConditionalOnResource did not find resource '${spring.info.build.location:classpath:META-INF/build-info.properties}' (OnResourceCondition)

   ProjectInfoAutoConfiguration#gitProperties:
      Did not match:
         - GitResource did not find git info at classpath:git.properties (ProjectInfoAutoConfiguration.GitResourceAvailableCondition)

   QuartzAutoConfiguration:
      Did not match:
         - @ConditionalOnClass did not find required class 'org.quartz.Scheduler' (OnClassCondition)

   R2dbcAutoConfiguration:
      Did not match:
         - @ConditionalOnClass did not find required class 'io.r2dbc.spi.ConnectionFactory' (OnClassCondition)

   R2dbcDataAutoConfiguration:
      Did not match:
         - @ConditionalOnClass did not find required class 'org.springframework.data.r2dbc.core.R2dbcEntityTemplate' (OnClassCondition)

   R2dbcInitializationConfiguration:
      Did not match:
         - @ConditionalOnClass did not find required classes 'io.r2dbc.spi.ConnectionFactory', 'org.springframework.r2dbc.connection.init.DatabasePopulator' (OnClassCondition)

   R2dbcRepositoriesAutoConfiguration:
      Did not match:
         - @ConditionalOnClass did not find required class 'io.r2dbc.spi.ConnectionFactory' (OnClassCondition)

   R2dbcTransactionManagerAutoConfiguration:
      Did not match:
         - @ConditionalOnClass did not find required class 'org.springframework.r2dbc.connection.R2dbcTransactionManager' (OnClassCondition)

   RSocketGraphQlClientAutoConfiguration:
      Did not match:
         - @ConditionalOnClass did not find required class 'graphql.GraphQL' (OnClassCondition)

   RSocketMessagingAutoConfiguration:
      Did not match:
         - @ConditionalOnClass did not find required class 'io.rsocket.RSocket' (OnClassCondition)

   RSocketRequesterAutoConfiguration:
      Did not match:
         - @ConditionalOnClass did not find required class 'io.rsocket.RSocket' (OnClassCondition)

   RSocketSecurityAutoConfiguration:
      Did not match:
         - @ConditionalOnClass did not find required class 'org.springframework.security.rsocket.core.SecuritySocketAcceptorInterceptor' (OnClassCondition)

   RSocketServerAutoConfiguration:
      Did not match:
         - @ConditionalOnClass did not find required class 'io.rsocket.core.RSocketServer' (OnClassCondition)

   RSocketStrategiesAutoConfiguration:
      Did not match:
         - @ConditionalOnClass did not find required class 'io.rsocket.RSocket' (OnClassCondition)

   RabbitAutoConfiguration:
      Did not match:
         - @ConditionalOnClass did not find required class 'com.rabbitmq.client.Channel' (OnClassCondition)

   ReactiveElasticsearchRepositoriesAutoConfiguration:
      Did not match:
         - @ConditionalOnClass did not find required class 'org.springframework.data.elasticsearch.client.reactive.ReactiveElasticsearchClient' (OnClassCondition)

   ReactiveElasticsearchRestClientAutoConfiguration:
      Did not match:
         - @ConditionalOnClass did not find required class 'reactor.netty.http.client.HttpClient' (OnClassCondition)

   ReactiveMultipartAutoConfiguration:
      Did not match:
         - @ConditionalOnClass did not find required class 'org.springframework.web.reactive.config.WebFluxConfigurer' (OnClassCondition)

   ReactiveOAuth2ClientAutoConfiguration:
      Did not match:
         - @ConditionalOnClass did not find required class 'reactor.core.publisher.Flux' (OnClassCondition)

   ReactiveOAuth2ResourceServerAutoConfiguration:
      Did not match:
         - @ConditionalOnWebApplication did not find reactive web application classes (OnWebApplicationCondition)

   ReactiveSecurityAutoConfiguration:
      Did not match:
         - @ConditionalOnClass did not find required class 'reactor.core.publisher.Flux' (OnClassCondition)

   ReactiveUserDetailsServiceAutoConfiguration:
      Did not match:
         - AnyNestedCondition 0 matched 2 did not; NestedCondition on ReactiveUserDetailsServiceAutoConfiguration.ReactiveUserDetailsServiceCondition.ReactiveWebApplicationCondition did not find reactive web application classes; NestedCondition on ReactiveUserDetailsServiceAutoConfiguration.ReactiveUserDetailsServiceCondition.RSocketSecurityEnabledCondition @ConditionalOnBean (types: org.springframework.messaging.rsocket.annotation.support.RSocketMessageHandler; SearchStrategy: all) did not find any beans of type org.springframework.messaging.rsocket.annotation.support.RSocketMessageHandler (ReactiveUserDetailsServiceAutoConfiguration.ReactiveUserDetailsServiceCondition)
      Matched:
         - @ConditionalOnClass found required class 'org.springframework.security.authentication.ReactiveAuthenticationManager' (OnClassCondition)

   ReactiveWebServerFactoryAutoConfiguration:
      Did not match:
         - @ConditionalOnWebApplication did not find reactive web application classes (OnWebApplicationCondition)

   RedisAutoConfiguration:
      Did not match:
         - @ConditionalOnClass did not find required class 'org.springframework.data.redis.core.RedisOperations' (OnClassCondition)

   RedisCacheConfiguration:
      Did not match:
         - @ConditionalOnClass did not find required class 'org.springframework.data.redis.connection.RedisConnectionFactory' (OnClassCondition)

   RedisReactiveAutoConfiguration:
      Did not match:
         - @ConditionalOnClass did not find required class 'reactor.core.publisher.Flux' (OnClassCondition)

   RedisRepositoriesAutoConfiguration:
      Did not match:
         - @ConditionalOnClass did not find required class 'org.springframework.data.redis.repository.configuration.EnableRedisRepositories' (OnClassCondition)

   RemoteDevToolsAutoConfiguration:
      Did not match:
         - @ConditionalOnProperty (spring.devtools.remote.secret) did not find property 'secret' (OnPropertyCondition)
      Matched:
         - @ConditionalOnClass found required classes 'javax.servlet.Filter', 'org.springframework.http.server.ServerHttpRequest' (OnClassCondition)

   Saml2RelyingPartyAutoConfiguration:
      Did not match:
         - @ConditionalOnClass did not find required class 'org.springframework.security.saml2.provider.service.registration.RelyingPartyRegistrationRepository' (OnClassCondition)

   SecurityDataConfiguration:
      Did not match:
         - @ConditionalOnClass did not find required class 'org.springframework.security.data.repository.query.SecurityEvaluationContextExtension' (OnClassCondition)

   SendGridAutoConfiguration:
      Did not match:
         - @ConditionalOnClass did not find required class 'com.sendgrid.SendGrid' (OnClassCondition)

   ServletWebServerFactoryAutoConfiguration.ForwardedHeaderFilterConfiguration:
      Did not match:
         - @ConditionalOnProperty (server.forward-headers-strategy=framework) did not find property 'server.forward-headers-strategy' (OnPropertyCondition)

   ServletWebServerFactoryConfiguration.EmbeddedJetty:
      Did not match:
         - @ConditionalOnClass did not find required classes 'org.eclipse.jetty.server.Server', 'org.eclipse.jetty.util.Loader', 'org.eclipse.jetty.webapp.WebAppContext' (OnClassCondition)

   ServletWebServerFactoryConfiguration.EmbeddedUndertow:
      Did not match:
         - @ConditionalOnClass did not find required classes 'io.undertow.Undertow', 'org.xnio.SslClientAuthMode' (OnClassCondition)

   SessionAutoConfiguration:
      Did not match:
         - @ConditionalOnClass did not find required class 'org.springframework.session.Session' (OnClassCondition)

   SolrAutoConfiguration:
      Did not match:
         - @ConditionalOnClass did not find required class 'org.apache.solr.client.solrj.impl.CloudSolrClient' (OnClassCondition)

   SpringApplicationAdminJmxAutoConfiguration:
      Did not match:
         - @ConditionalOnProperty (spring.application.admin.enabled=true) did not find property 'enabled' (OnPropertyCondition)

   SpringBootWebSecurityConfiguration.SecurityFilterChainConfiguration:
      Did not match:
         - AllNestedConditions 1 matched 1 did not; NestedCondition on DefaultWebSecurityCondition.Beans @ConditionalOnMissingBean (types: org.springframework.security.config.annotation.web.configuration.WebSecurityConfigurerAdapter,org.springframework.security.web.SecurityFilterChain; SearchStrategy: all) found beans of type 'org.springframework.security.config.annotation.web.configuration.WebSecurityConfigurerAdapter' webSecurityConfig; NestedCondition on DefaultWebSecurityCondition.Classes @ConditionalOnClass found required classes 'org.springframework.security.web.SecurityFilterChain', 'org.springframework.security.config.annotation.web.builders.HttpSecurity' (DefaultWebSecurityCondition)

   SpringBootWebSecurityConfiguration.WebSecurityEnablerConfiguration:
      Did not match:
         - @ConditionalOnMissingBean (names: springSecurityFilterChain; SearchStrategy: all) found beans named springSecurityFilterChain (OnBeanCondition)
      Matched:
         - @ConditionalOnClass found required class 'org.springframework.security.config.annotation.web.configuration.EnableWebSecurity' (OnClassCondition)

   SpringDataWebAutoConfiguration:
      Did not match:
         - @ConditionalOnMissingBean (types: org.springframework.data.web.PageableHandlerMethodArgumentResolver; SearchStrategy: all) found beans of type 'org.springframework.data.web.PageableHandlerMethodArgumentResolver' pageableResolver (OnBeanCondition)
      Matched:
         - @ConditionalOnClass found required classes 'org.springframework.data.web.PageableHandlerMethodArgumentResolver', 'org.springframework.web.servlet.config.annotation.WebMvcConfigurer' (OnClassCondition)
         - found 'session' scope (OnWebApplicationCondition)

   TaskSchedulingAutoConfiguration#taskScheduler:
      Did not match:
         - @ConditionalOnBean (names: org.springframework.context.annotation.internalScheduledAnnotationProcessor; SearchStrategy: all) did not find any beans named org.springframework.context.annotation.internalScheduledAnnotationProcessor (OnBeanCondition)

   TemplateEngineConfigurations.ReactiveTemplateEngineConfiguration:
      Did not match:
         - did not find reactive web application classes (OnWebApplicationCondition)

   ThymeleafAutoConfiguration.DataAttributeDialectConfiguration:
      Did not match:
         - @ConditionalOnClass did not find required class 'com.github.mxab.thymeleaf.extras.dataattribute.dialect.DataAttributeDialect' (OnClassCondition)

   ThymeleafAutoConfiguration.ThymeleafSecurityDialectConfiguration:
      Did not match:
         - @ConditionalOnClass did not find required class 'org.thymeleaf.extras.springsecurity5.dialect.SpringSecurityDialect' (OnClassCondition)

   ThymeleafAutoConfiguration.ThymeleafWebFluxConfiguration:
      Did not match:
         - did not find reactive web application classes (OnWebApplicationCondition)

   ThymeleafAutoConfiguration.ThymeleafWebLayoutConfiguration:
      Did not match:
         - @ConditionalOnClass did not find required class 'nz.net.ultraq.thymeleaf.layoutdialect.LayoutDialect' (OnClassCondition)

   ThymeleafAutoConfiguration.ThymeleafWebMvcConfiguration#resourceUrlEncodingFilter:
      Did not match:
         - @ConditionalOnEnabledResourceChain did not find class org.webjars.WebJarAssetLocator (OnEnabledResourceChainCondition)

   TransactionAutoConfiguration#transactionalOperator:
      Did not match:
         - @ConditionalOnSingleCandidate (types: org.springframework.transaction.ReactiveTransactionManager; SearchStrategy: all) did not find any beans (OnBeanCondition)

   TransactionAutoConfiguration.EnableTransactionManagementConfiguration.JdkDynamicAutoProxyConfiguration:
      Did not match:
         - @ConditionalOnProperty (spring.aop.proxy-target-class=false) did not find property 'proxy-target-class' (OnPropertyCondition)

   UserDetailsServiceAutoConfiguration:
      Did not match:
         - @ConditionalOnMissingBean (types: org.springframework.security.authentication.AuthenticationManager,org.springframework.security.authentication.AuthenticationProvider,org.springframework.security.core.userdetails.UserDetailsService,org.springframework.security.authentication.AuthenticationManagerResolver,org.springframework.security.oauth2.jwt.JwtDecoder,org.springframework.security.oauth2.server.resource.introspection.OpaqueTokenIntrospector,org.springframework.security.oauth2.client.registration.ClientRegistrationRepository,org.springframework.security.saml2.provider.service.registration.RelyingPartyRegistrationRepository; SearchStrategy: all) found beans of type 'org.springframework.security.authentication.AuthenticationManager' authenticationManagerBean and found beans of type 'org.springframework.security.core.userdetails.UserDetailsService' usuarioService (OnBeanCondition)
      Matched:
         - @ConditionalOnClass found required class 'org.springframework.security.authentication.AuthenticationManager' (OnClassCondition)

   ValidationAutoConfiguration:
      Did not match:
         - @ConditionalOnResource did not find resource 'classpath:META-INF/services/javax.validation.spi.ValidationProvider' (OnResourceCondition)
      Matched:
         - @ConditionalOnClass found required class 'javax.validation.executable.ExecutableValidator' (OnClassCondition)

   WebClientAutoConfiguration:
      Did not match:
         - @ConditionalOnClass did not find required class 'org.springframework.web.reactive.function.client.WebClient' (OnClassCondition)

   WebFluxAutoConfiguration:
      Did not match:
         - @ConditionalOnClass did not find required class 'org.springframework.web.reactive.config.WebFluxConfigurer' (OnClassCondition)

   WebMvcAutoConfiguration#hiddenHttpMethodFilter:
      Did not match:
         - @ConditionalOnProperty (spring.mvc.hiddenmethod.filter.enabled) did not find property 'enabled' (OnPropertyCondition)

   WebMvcAutoConfiguration.ResourceChainCustomizerConfiguration:
      Did not match:
         - @ConditionalOnEnabledResourceChain did not find class org.webjars.WebJarAssetLocator (OnEnabledResourceChainCondition)

   WebMvcAutoConfiguration.WebMvcAutoConfigurationAdapter#beanNameViewResolver:
      Did not match:
         - @ConditionalOnMissingBean (types: org.springframework.web.servlet.view.BeanNameViewResolver; SearchStrategy: all) found beans of type 'org.springframework.web.servlet.view.BeanNameViewResolver' beanNameViewResolver (OnBeanCondition)

   WebServiceTemplateAutoConfiguration:
      Did not match:
         - @ConditionalOnClass did not find required class 'org.springframework.oxm.Marshaller' (OnClassCondition)

   WebServicesAutoConfiguration:
      Did not match:
         - @ConditionalOnClass did not find required class 'org.springframework.ws.transport.http.MessageDispatcherServlet' (OnClassCondition)

   WebSessionIdResolverAutoConfiguration:
      Did not match:
         - @ConditionalOnClass did not find required class 'reactor.core.publisher.Mono' (OnClassCondition)

   WebSocketMessagingAutoConfiguration:
      Did not match:
         - @ConditionalOnClass did not find required class 'org.springframework.web.socket.config.annotation.WebSocketMessageBrokerConfigurer' (OnClassCondition)

   WebSocketReactiveAutoConfiguration:
      Did not match:
         - @ConditionalOnWebApplication did not find reactive web application classes (OnWebApplicationCondition)

   WebSocketServletAutoConfiguration.Jetty10WebSocketConfiguration:
      Did not match:
         - @ConditionalOnClass did not find required classes 'org.eclipse.jetty.websocket.javax.server.internal.JavaxWebSocketServerContainer', 'org.eclipse.jetty.websocket.server.JettyWebSocketServerContainer' (OnClassCondition)

   WebSocketServletAutoConfiguration.JettyWebSocketConfiguration:
      Did not match:
         - @ConditionalOnClass did not find required class 'org.eclipse.jetty.websocket.jsr356.server.deploy.WebSocketServerContainerInitializer' (OnClassCondition)

   WebSocketServletAutoConfiguration.UndertowWebSocketConfiguration:
      Did not match:
         - @ConditionalOnClass did not find required class 'io.undertow.websockets.jsr.Bootstrap' (OnClassCondition)

   XADataSourceAutoConfiguration:
      Did not match:
         - @ConditionalOnBean (types: org.springframework.boot.jdbc.XADataSourceWrapper; SearchStrategy: all) did not find any beans of type org.springframework.boot.jdbc.XADataSourceWrapper (OnBeanCondition)
      Matched:
         - @ConditionalOnClass found required classes 'javax.sql.DataSource', 'javax.transaction.TransactionManager', 'org.springframework.jdbc.datasource.embedded.EmbeddedDatabaseType' (OnClassCondition)


Exclusions:
-----------

    None


Unconditional classes:
----------------------

    org.springframework.boot.autoconfigure.context.ConfigurationPropertiesAutoConfiguration

    org.springframework.boot.autoconfigure.context.PropertyPlaceholderAutoConfiguration

    org.springframework.boot.autoconfigure.context.LifecycleAutoConfiguration

    org.springframework.boot.autoconfigure.availability.ApplicationAvailabilityAutoConfiguration

    org.springframework.boot.autoconfigure.info.ProjectInfoAutoConfiguration



2023-04-04 21:53:45,358 main ERROR An exception occurred processing Appender Console java.lang.IllegalStateException: Illegal access: this web application instance has been stopped already. Could not load [db/migration/V1__create_init_tables.sql]. The following stack trace is thrown for debugging purposes as well as to attempt to terminate the thread which caused the illegal access.
	at org.apache.catalina.loader.WebappClassLoaderBase.checkStateForResourceLoading(WebappClassLoaderBase.java:1432)
	at org.apache.catalina.loader.WebappClassLoaderBase.getResource(WebappClassLoaderBase.java:1057)
	at org.flywaydb.core.internal.resource.classpath.ClassPathResource.getUrl(ClassPathResource.java:85)
	at org.flywaydb.core.internal.resource.classpath.ClassPathResource.getAbsolutePathOnDisk(ClassPathResource.java:74)
	at org.flywaydb.core.internal.sqlscript.FlywaySqlScriptException.getMessage(FlywaySqlScriptException.java:81)
	at java.base/java.lang.Throwable.getLocalizedMessage(Throwable.java:396)
	at java.base/java.lang.Throwable.toString(Throwable.java:495)
	at java.base/java.lang.String.valueOf(String.java:3042)
	at java.base/java.lang.StringBuilder.append(StringBuilder.java:168)
	at java.base/java.lang.Throwable.printEnclosedStackTrace(Throwable.java:709)
	at java.base/java.lang.Throwable.printEnclosedStackTrace(Throwable.java:723)
	at java.base/java.lang.Throwable.printEnclosedStackTrace(Throwable.java:723)
	at java.base/java.lang.Throwable.printEnclosedStackTrace(Throwable.java:723)
	at java.base/java.lang.Throwable.printEnclosedStackTrace(Throwable.java:723)
	at java.base/java.lang.Throwable.printEnclosedStackTrace(Throwable.java:723)
	at java.base/java.lang.Throwable.printEnclosedStackTrace(Throwable.java:723)
	at java.base/java.lang.Throwable.printEnclosedStackTrace(Throwable.java:723)
	at java.base/java.lang.Throwable.printEnclosedStackTrace(Throwable.java:723)
	at java.base/java.lang.Throwable.printStackTrace(Throwable.java:681)
	at java.base/java.lang.Throwable.printStackTrace(Throwable.java:735)
	at org.apache.logging.log4j.core.pattern.ThrowablePatternConverter.formatOption(ThrowablePatternConverter.java:211)
	at org.apache.logging.log4j.core.pattern.ThrowablePatternConverter.format(ThrowablePatternConverter.java:137)
	at org.apache.logging.log4j.core.layout.PatternLayout$NoFormatPatternSerializer.toSerializable(PatternLayout.java:342)
	at org.apache.logging.log4j.core.layout.PatternLayout.toText(PatternLayout.java:240)
	at org.apache.logging.log4j.core.layout.PatternLayout.encode(PatternLayout.java:225)
	at org.apache.logging.log4j.core.layout.PatternLayout.encode(PatternLayout.java:59)
	at org.apache.logging.log4j.core.appender.AbstractOutputStreamAppender.directEncodeEvent(AbstractOutputStreamAppender.java:215)
	at org.apache.logging.log4j.core.appender.AbstractOutputStreamAppender.tryAppend(AbstractOutputStreamAppender.java:208)
	at org.apache.logging.log4j.core.appender.AbstractOutputStreamAppender.append(AbstractOutputStreamAppender.java:199)
	at org.apache.logging.log4j.core.config.AppenderControl.tryCallAppender(AppenderControl.java:161)
	at org.apache.logging.log4j.core.config.AppenderControl.callAppender0(AppenderControl.java:134)
	at org.apache.logging.log4j.core.config.AppenderControl.callAppenderPreventRecursion(AppenderControl.java:125)
	at org.apache.logging.log4j.core.config.AppenderControl.callAppender(AppenderControl.java:89)
	at org.apache.logging.log4j.core.config.LoggerConfig.callAppenders(LoggerConfig.java:675)
	at org.apache.logging.log4j.core.config.LoggerConfig.processLogEvent(LoggerConfig.java:633)
	at org.apache.logging.log4j.core.config.LoggerConfig.log(LoggerConfig.java:616)
	at org.apache.logging.log4j.core.config.LoggerConfig.log(LoggerConfig.java:552)
	at org.apache.logging.log4j.core.config.AwaitCompletionReliabilityStrategy.log(AwaitCompletionReliabilityStrategy.java:82)
	at org.apache.logging.log4j.core.Logger.log(Logger.java:161)
	at org.apache.logging.log4j.spi.AbstractLogger.tryLogMessage(AbstractLogger.java:2205)
	at org.apache.logging.log4j.spi.AbstractLogger.logMessageTrackRecursion(AbstractLogger.java:2159)
	at org.apache.logging.log4j.spi.AbstractLogger.logMessageSafely(AbstractLogger.java:2142)
	at org.apache.logging.log4j.spi.AbstractLogger.logMessage(AbstractLogger.java:2017)
	at org.apache.logging.log4j.spi.AbstractLogger.logIfEnabled(AbstractLogger.java:1983)
	at org.apache.commons.logging.LogAdapter$Log4jLog.log(LogAdapter.java:263)
	at org.apache.commons.logging.LogAdapter$Log4jLog.error(LogAdapter.java:215)
	at org.springframework.boot.SpringApplication.reportFailure(SpringApplication.java:824)
	at org.springframework.boot.SpringApplication.handleRunFailure(SpringApplication.java:788)
	at org.springframework.boot.SpringApplication.run(SpringApplication.java:318)
	at org.springframework.boot.test.context.SpringBootContextLoader.loadContext(SpringBootContextLoader.java:132)
	at org.springframework.test.context.cache.DefaultCacheAwareContextLoaderDelegate.loadContextInternal(DefaultCacheAwareContextLoaderDelegate.java:99)
	at org.springframework.test.context.cache.DefaultCacheAwareContextLoaderDelegate.loadContext(DefaultCacheAwareContextLoaderDelegate.java:124)
	at org.springframework.test.context.support.DefaultTestContext.getApplicationContext(DefaultTestContext.java:124)
	at org.springframework.boot.test.autoconfigure.SpringBootDependencyInjectionTestExecutionListener.outputConditionEvaluationReport(SpringBootDependencyInjectionTestExecutionListener.java:53)
	at org.springframework.boot.test.autoconfigure.SpringBootDependencyInjectionTestExecutionListener.prepareTestInstance(SpringBootDependencyInjectionTestExecutionListener.java:46)
	at org.springframework.test.context.TestContextManager.prepareTestInstance(TestContextManager.java:248)
	at org.springframework.test.context.junit4.SpringJUnit4ClassRunner.createTest(SpringJUnit4ClassRunner.java:227)
	at org.springframework.test.context.junit4.SpringJUnit4ClassRunner$1.runReflectiveCall(SpringJUnit4ClassRunner.java:289)
	at org.junit.internal.runners.model.ReflectiveCallable.run(ReflectiveCallable.java:12)
	at org.springframework.test.context.junit4.SpringJUnit4ClassRunner.methodBlock(SpringJUnit4ClassRunner.java:291)
	at org.springframework.test.context.junit4.SpringJUnit4ClassRunner.runChild(SpringJUnit4ClassRunner.java:246)
	at org.springframework.test.context.junit4.SpringJUnit4ClassRunner.runChild(SpringJUnit4ClassRunner.java:97)
	at org.junit.runners.ParentRunner$3.run(ParentRunner.java:290)
	at org.junit.runners.ParentRunner$1.schedule(ParentRunner.java:71)
	at org.junit.runners.ParentRunner.runChildren(ParentRunner.java:288)
	at org.junit.runners.ParentRunner.access$000(ParentRunner.java:58)
	at org.junit.runners.ParentRunner$2.evaluate(ParentRunner.java:268)
	at org.springframework.test.context.junit4.statements.RunBeforeTestClassCallbacks.evaluate(RunBeforeTestClassCallbacks.java:61)
	at org.springframework.test.context.junit4.statements.RunAfterTestClassCallbacks.evaluate(RunAfterTestClassCallbacks.java:70)
	at org.junit.runners.ParentRunner.run(ParentRunner.java:363)
	at org.springframework.test.context.junit4.SpringJUnit4ClassRunner.run(SpringJUnit4ClassRunner.java:190)
	at org.junit.runners.Suite.runChild(Suite.java:128)
	at org.junit.runners.Suite.runChild(Suite.java:27)
	at org.junit.runners.ParentRunner$3.run(ParentRunner.java:290)
	at org.junit.runners.ParentRunner$1.schedule(ParentRunner.java:71)
	at org.junit.runners.ParentRunner.runChildren(ParentRunner.java:288)
	at org.junit.runners.ParentRunner.access$000(ParentRunner.java:58)
	at org.junit.runners.ParentRunner$2.evaluate(ParentRunner.java:268)
	at org.junit.runners.ParentRunner.run(ParentRunner.java:363)
	at org.junit.runner.JUnitCore.run(JUnitCore.java:137)
	at org.junit.runner.JUnitCore.run(JUnitCore.java:115)
	at org.apache.maven.surefire.junitcore.JUnitCoreWrapper.createRequestAndRun(JUnitCoreWrapper.java:108)
	at org.apache.maven.surefire.junitcore.JUnitCoreWrapper.executeEager(JUnitCoreWrapper.java:78)
	at org.apache.maven.surefire.junitcore.JUnitCoreWrapper.execute(JUnitCoreWrapper.java:54)
	at org.apache.maven.surefire.junitcore.JUnitCoreProvider.invoke(JUnitCoreProvider.java:144)
	at org.apache.maven.surefire.booter.ForkedBooter.invokeProviderInSameClassLoader(ForkedBooter.java:203)
	at org.apache.maven.surefire.booter.ForkedBooter.runSuitesInProcess(ForkedBooter.java:155)
	at org.apache.maven.surefire.booter.ForkedBooter.main(ForkedBooter.java:103)

2023-04-04 21:53:45,362 main ERROR An exception occurred processing Appender RollingFile org.apache.logging.log4j.core.appender.AppenderLoggingException: java.lang.NoSuchMethodError: org.apache.logging.log4j.util.StackLocatorUtil.getCurrentStackTrace()Ljava/util/Deque;
	at org.apache.logging.log4j.core.config.AppenderControl.tryCallAppender(AppenderControl.java:165)
	at org.apache.logging.log4j.core.config.AppenderControl.callAppender0(AppenderControl.java:134)
	at org.apache.logging.log4j.core.config.AppenderControl.callAppenderPreventRecursion(AppenderControl.java:125)
	at org.apache.logging.log4j.core.config.AppenderControl.callAppender(AppenderControl.java:89)
	at org.apache.logging.log4j.core.config.LoggerConfig.callAppenders(LoggerConfig.java:675)
	at org.apache.logging.log4j.core.config.LoggerConfig.processLogEvent(LoggerConfig.java:633)
	at org.apache.logging.log4j.core.config.LoggerConfig.log(LoggerConfig.java:616)
	at org.apache.logging.log4j.core.config.LoggerConfig.log(LoggerConfig.java:552)
	at org.apache.logging.log4j.core.config.AwaitCompletionReliabilityStrategy.log(AwaitCompletionReliabilityStrategy.java:82)
	at org.apache.logging.log4j.core.Logger.log(Logger.java:161)
	at org.apache.logging.log4j.spi.AbstractLogger.tryLogMessage(AbstractLogger.java:2205)
	at org.apache.logging.log4j.spi.AbstractLogger.logMessageTrackRecursion(AbstractLogger.java:2159)
	at org.apache.logging.log4j.spi.AbstractLogger.logMessageSafely(AbstractLogger.java:2142)
	at org.apache.logging.log4j.spi.AbstractLogger.logMessage(AbstractLogger.java:2017)
	at org.apache.logging.log4j.spi.AbstractLogger.logIfEnabled(AbstractLogger.java:1983)
	at org.apache.commons.logging.LogAdapter$Log4jLog.log(LogAdapter.java:263)
	at org.apache.commons.logging.LogAdapter$Log4jLog.error(LogAdapter.java:215)
	at org.springframework.boot.SpringApplication.reportFailure(SpringApplication.java:824)
	at org.springframework.boot.SpringApplication.handleRunFailure(SpringApplication.java:788)
	at org.springframework.boot.SpringApplication.run(SpringApplication.java:318)
	at org.springframework.boot.test.context.SpringBootContextLoader.loadContext(SpringBootContextLoader.java:132)
	at org.springframework.test.context.cache.DefaultCacheAwareContextLoaderDelegate.loadContextInternal(DefaultCacheAwareContextLoaderDelegate.java:99)
	at org.springframework.test.context.cache.DefaultCacheAwareContextLoaderDelegate.loadContext(DefaultCacheAwareContextLoaderDelegate.java:124)
	at org.springframework.test.context.support.DefaultTestContext.getApplicationContext(DefaultTestContext.java:124)
	at org.springframework.boot.test.autoconfigure.SpringBootDependencyInjectionTestExecutionListener.outputConditionEvaluationReport(SpringBootDependencyInjectionTestExecutionListener.java:53)
	at org.springframework.boot.test.autoconfigure.SpringBootDependencyInjectionTestExecutionListener.prepareTestInstance(SpringBootDependencyInjectionTestExecutionListener.java:46)
	at org.springframework.test.context.TestContextManager.prepareTestInstance(TestContextManager.java:248)
	at org.springframework.test.context.junit4.SpringJUnit4ClassRunner.createTest(SpringJUnit4ClassRunner.java:227)
	at org.springframework.test.context.junit4.SpringJUnit4ClassRunner$1.runReflectiveCall(SpringJUnit4ClassRunner.java:289)
	at org.junit.internal.runners.model.ReflectiveCallable.run(ReflectiveCallable.java:12)
	at org.springframework.test.context.junit4.SpringJUnit4ClassRunner.methodBlock(SpringJUnit4ClassRunner.java:291)
	at org.springframework.test.context.junit4.SpringJUnit4ClassRunner.runChild(SpringJUnit4ClassRunner.java:246)
	at org.springframework.test.context.junit4.SpringJUnit4ClassRunner.runChild(SpringJUnit4ClassRunner.java:97)
	at org.junit.runners.ParentRunner$3.run(ParentRunner.java:290)
	at org.junit.runners.ParentRunner$1.schedule(ParentRunner.java:71)
	at org.junit.runners.ParentRunner.runChildren(ParentRunner.java:288)
	at org.junit.runners.ParentRunner.access$000(ParentRunner.java:58)
	at org.junit.runners.ParentRunner$2.evaluate(ParentRunner.java:268)
	at org.springframework.test.context.junit4.statements.RunBeforeTestClassCallbacks.evaluate(RunBeforeTestClassCallbacks.java:61)
	at org.springframework.test.context.junit4.statements.RunAfterTestClassCallbacks.evaluate(RunAfterTestClassCallbacks.java:70)
	at org.junit.runners.ParentRunner.run(ParentRunner.java:363)
	at org.springframework.test.context.junit4.SpringJUnit4ClassRunner.run(SpringJUnit4ClassRunner.java:190)
	at org.junit.runners.Suite.runChild(Suite.java:128)
	at org.junit.runners.Suite.runChild(Suite.java:27)
	at org.junit.runners.ParentRunner$3.run(ParentRunner.java:290)
	at org.junit.runners.ParentRunner$1.schedule(ParentRunner.java:71)
	at org.junit.runners.ParentRunner.runChildren(ParentRunner.java:288)
	at org.junit.runners.ParentRunner.access$000(ParentRunner.java:58)
	at org.junit.runners.ParentRunner$2.evaluate(ParentRunner.java:268)
	at org.junit.runners.ParentRunner.run(ParentRunner.java:363)
	at org.junit.runner.JUnitCore.run(JUnitCore.java:137)
	at org.junit.runner.JUnitCore.run(JUnitCore.java:115)
	at org.apache.maven.surefire.junitcore.JUnitCoreWrapper.createRequestAndRun(JUnitCoreWrapper.java:108)
	at org.apache.maven.surefire.junitcore.JUnitCoreWrapper.executeEager(JUnitCoreWrapper.java:78)
	at org.apache.maven.surefire.junitcore.JUnitCoreWrapper.execute(JUnitCoreWrapper.java:54)
	at org.apache.maven.surefire.junitcore.JUnitCoreProvider.invoke(JUnitCoreProvider.java:144)
	at org.apache.maven.surefire.booter.ForkedBooter.invokeProviderInSameClassLoader(ForkedBooter.java:203)
	at org.apache.maven.surefire.booter.ForkedBooter.runSuitesInProcess(ForkedBooter.java:155)
	at org.apache.maven.surefire.booter.ForkedBooter.main(ForkedBooter.java:103)
Caused by: java.lang.NoSuchMethodError: org.apache.logging.log4j.util.StackLocatorUtil.getCurrentStackTrace()Ljava/util/Deque;
	at org.apache.logging.log4j.core.impl.ThrowableProxy.<init>(ThrowableProxy.java:112)
	at org.apache.logging.log4j.core.impl.ThrowableProxy.<init>(ThrowableProxy.java:97)
	at org.apache.logging.log4j.core.impl.Log4jLogEvent.getThrownProxy(Log4jLogEvent.java:629)
	at org.apache.logging.log4j.core.pattern.ExtendedThrowablePatternConverter.format(ExtendedThrowablePatternConverter.java:63)
	at org.apache.logging.log4j.core.layout.PatternLayout$NoFormatPatternSerializer.toSerializable(PatternLayout.java:342)
	at org.apache.logging.log4j.core.layout.PatternLayout.toText(PatternLayout.java:240)
	at org.apache.logging.log4j.core.layout.PatternLayout.encode(PatternLayout.java:225)
	at org.apache.logging.log4j.core.layout.PatternLayout.encode(PatternLayout.java:59)
	at org.apache.logging.log4j.core.appender.AbstractOutputStreamAppender.directEncodeEvent(AbstractOutputStreamAppender.java:215)
	at org.apache.logging.log4j.core.appender.AbstractOutputStreamAppender.tryAppend(AbstractOutputStreamAppender.java:208)
	at org.apache.logging.log4j.core.appender.AbstractOutputStreamAppender.append(AbstractOutputStreamAppender.java:199)
	at org.apache.logging.log4j.core.appender.RollingFileAppender.append(RollingFileAppender.java:312)
	at org.apache.logging.log4j.core.config.AppenderControl.tryCallAppender(AppenderControl.java:161)
	... 58 more

2023-04-04 21:53:45,364 main ERROR An exception occurred processing Appender Console java.lang.IllegalStateException: Illegal access: this web application instance has been stopped already. Could not load [db/migration/V1__create_init_tables.sql]. The following stack trace is thrown for debugging purposes as well as to attempt to terminate the thread which caused the illegal access.
	at org.apache.catalina.loader.WebappClassLoaderBase.checkStateForResourceLoading(WebappClassLoaderBase.java:1432)
	at org.apache.catalina.loader.WebappClassLoaderBase.getResource(WebappClassLoaderBase.java:1057)
	at org.flywaydb.core.internal.resource.classpath.ClassPathResource.getUrl(ClassPathResource.java:85)
	at org.flywaydb.core.internal.resource.classpath.ClassPathResource.getAbsolutePathOnDisk(ClassPathResource.java:74)
	at org.flywaydb.core.internal.sqlscript.FlywaySqlScriptException.getMessage(FlywaySqlScriptException.java:81)
	at java.base/java.lang.Throwable.getLocalizedMessage(Throwable.java:396)
	at java.base/java.lang.Throwable.toString(Throwable.java:495)
	at java.base/java.lang.String.valueOf(String.java:3042)
	at java.base/java.lang.StringBuilder.append(StringBuilder.java:168)
	at java.base/java.lang.Throwable.printEnclosedStackTrace(Throwable.java:709)
	at java.base/java.lang.Throwable.printEnclosedStackTrace(Throwable.java:723)
	at java.base/java.lang.Throwable.printEnclosedStackTrace(Throwable.java:723)
	at java.base/java.lang.Throwable.printEnclosedStackTrace(Throwable.java:723)
	at java.base/java.lang.Throwable.printEnclosedStackTrace(Throwable.java:723)
	at java.base/java.lang.Throwable.printEnclosedStackTrace(Throwable.java:723)
	at java.base/java.lang.Throwable.printEnclosedStackTrace(Throwable.java:723)
	at java.base/java.lang.Throwable.printEnclosedStackTrace(Throwable.java:723)
	at java.base/java.lang.Throwable.printEnclosedStackTrace(Throwable.java:723)
	at java.base/java.lang.Throwable.printEnclosedStackTrace(Throwable.java:723)
	at java.base/java.lang.Throwable.printStackTrace(Throwable.java:681)
	at java.base/java.lang.Throwable.printStackTrace(Throwable.java:735)
	at org.apache.logging.log4j.core.pattern.ThrowablePatternConverter.formatOption(ThrowablePatternConverter.java:211)
	at org.apache.logging.log4j.core.pattern.ThrowablePatternConverter.format(ThrowablePatternConverter.java:137)
	at org.apache.logging.log4j.core.layout.PatternLayout$NoFormatPatternSerializer.toSerializable(PatternLayout.java:342)
	at org.apache.logging.log4j.core.layout.PatternLayout.toText(PatternLayout.java:240)
	at org.apache.logging.log4j.core.layout.PatternLayout.encode(PatternLayout.java:225)
	at org.apache.logging.log4j.core.layout.PatternLayout.encode(PatternLayout.java:59)
	at org.apache.logging.log4j.core.appender.AbstractOutputStreamAppender.directEncodeEvent(AbstractOutputStreamAppender.java:215)
	at org.apache.logging.log4j.core.appender.AbstractOutputStreamAppender.tryAppend(AbstractOutputStreamAppender.java:208)
	at org.apache.logging.log4j.core.appender.AbstractOutputStreamAppender.append(AbstractOutputStreamAppender.java:199)
	at org.apache.logging.log4j.core.config.AppenderControl.tryCallAppender(AppenderControl.java:161)
	at org.apache.logging.log4j.core.config.AppenderControl.callAppender0(AppenderControl.java:134)
	at org.apache.logging.log4j.core.config.AppenderControl.callAppenderPreventRecursion(AppenderControl.java:125)
	at org.apache.logging.log4j.core.config.AppenderControl.callAppender(AppenderControl.java:89)
	at org.apache.logging.log4j.core.config.LoggerConfig.callAppenders(LoggerConfig.java:675)
	at org.apache.logging.log4j.core.config.LoggerConfig.processLogEvent(LoggerConfig.java:633)
	at org.apache.logging.log4j.core.config.LoggerConfig.log(LoggerConfig.java:616)
	at org.apache.logging.log4j.core.config.LoggerConfig.log(LoggerConfig.java:552)
	at org.apache.logging.log4j.core.config.AwaitCompletionReliabilityStrategy.log(AwaitCompletionReliabilityStrategy.java:82)
	at org.apache.logging.log4j.core.Logger.log(Logger.java:161)
	at org.apache.logging.log4j.spi.AbstractLogger.tryLogMessage(AbstractLogger.java:2205)
	at org.apache.logging.log4j.spi.AbstractLogger.logMessageTrackRecursion(AbstractLogger.java:2159)
	at org.apache.logging.log4j.spi.AbstractLogger.logMessageSafely(AbstractLogger.java:2142)
	at org.apache.logging.log4j.spi.AbstractLogger.logMessage(AbstractLogger.java:2017)
	at org.apache.logging.log4j.spi.AbstractLogger.logIfEnabled(AbstractLogger.java:1983)
	at org.apache.commons.logging.LogAdapter$Log4jLog.log(LogAdapter.java:263)
	at org.apache.commons.logging.LogAdapter$Log4jLog.error(LogAdapter.java:215)
	at org.springframework.test.context.TestContextManager.prepareTestInstance(TestContextManager.java:252)
	at org.springframework.test.context.junit4.SpringJUnit4ClassRunner.createTest(SpringJUnit4ClassRunner.java:227)
	at org.springframework.test.context.junit4.SpringJUnit4ClassRunner$1.runReflectiveCall(SpringJUnit4ClassRunner.java:289)
	at org.junit.internal.runners.model.ReflectiveCallable.run(ReflectiveCallable.java:12)
	at org.springframework.test.context.junit4.SpringJUnit4ClassRunner.methodBlock(SpringJUnit4ClassRunner.java:291)
	at org.springframework.test.context.junit4.SpringJUnit4ClassRunner.runChild(SpringJUnit4ClassRunner.java:246)
	at org.springframework.test.context.junit4.SpringJUnit4ClassRunner.runChild(SpringJUnit4ClassRunner.java:97)
	at org.junit.runners.ParentRunner$3.run(ParentRunner.java:290)
	at org.junit.runners.ParentRunner$1.schedule(ParentRunner.java:71)
	at org.junit.runners.ParentRunner.runChildren(ParentRunner.java:288)
	at org.junit.runners.ParentRunner.access$000(ParentRunner.java:58)
	at org.junit.runners.ParentRunner$2.evaluate(ParentRunner.java:268)
	at org.springframework.test.context.junit4.statements.RunBeforeTestClassCallbacks.evaluate(RunBeforeTestClassCallbacks.java:61)
	at org.springframework.test.context.junit4.statements.RunAfterTestClassCallbacks.evaluate(RunAfterTestClassCallbacks.java:70)
	at org.junit.runners.ParentRunner.run(ParentRunner.java:363)
	at org.springframework.test.context.junit4.SpringJUnit4ClassRunner.run(SpringJUnit4ClassRunner.java:190)
	at org.junit.runners.Suite.runChild(Suite.java:128)
	at org.junit.runners.Suite.runChild(Suite.java:27)
	at org.junit.runners.ParentRunner$3.run(ParentRunner.java:290)
	at org.junit.runners.ParentRunner$1.schedule(ParentRunner.java:71)
	at org.junit.runners.ParentRunner.runChildren(ParentRunner.java:288)
	at org.junit.runners.ParentRunner.access$000(ParentRunner.java:58)
	at org.junit.runners.ParentRunner$2.evaluate(ParentRunner.java:268)
	at org.junit.runners.ParentRunner.run(ParentRunner.java:363)
	at org.junit.runner.JUnitCore.run(JUnitCore.java:137)
	at org.junit.runner.JUnitCore.run(JUnitCore.java:115)
	at org.apache.maven.surefire.junitcore.JUnitCoreWrapper.createRequestAndRun(JUnitCoreWrapper.java:108)
	at org.apache.maven.surefire.junitcore.JUnitCoreWrapper.executeEager(JUnitCoreWrapper.java:78)
	at org.apache.maven.surefire.junitcore.JUnitCoreWrapper.execute(JUnitCoreWrapper.java:54)
	at org.apache.maven.surefire.junitcore.JUnitCoreProvider.invoke(JUnitCoreProvider.java:144)
	at org.apache.maven.surefire.booter.ForkedBooter.invokeProviderInSameClassLoader(ForkedBooter.java:203)
	at org.apache.maven.surefire.booter.ForkedBooter.runSuitesInProcess(ForkedBooter.java:155)
	at org.apache.maven.surefire.booter.ForkedBooter.main(ForkedBooter.java:103)

2023-04-04 21:53:45,365 main ERROR An exception occurred processing Appender RollingFile org.apache.logging.log4j.core.appender.AppenderLoggingException: java.lang.NoSuchMethodError: org.apache.logging.log4j.util.StackLocatorUtil.getCurrentStackTrace()Ljava/util/Deque;
	at org.apache.logging.log4j.core.config.AppenderControl.tryCallAppender(AppenderControl.java:165)
	at org.apache.logging.log4j.core.config.AppenderControl.callAppender0(AppenderControl.java:134)
	at org.apache.logging.log4j.core.config.AppenderControl.callAppenderPreventRecursion(AppenderControl.java:125)
	at org.apache.logging.log4j.core.config.AppenderControl.callAppender(AppenderControl.java:89)
	at org.apache.logging.log4j.core.config.LoggerConfig.callAppenders(LoggerConfig.java:675)
	at org.apache.logging.log4j.core.config.LoggerConfig.processLogEvent(LoggerConfig.java:633)
	at org.apache.logging.log4j.core.config.LoggerConfig.log(LoggerConfig.java:616)
	at org.apache.logging.log4j.core.config.LoggerConfig.log(LoggerConfig.java:552)
	at org.apache.logging.log4j.core.config.AwaitCompletionReliabilityStrategy.log(AwaitCompletionReliabilityStrategy.java:82)
	at org.apache.logging.log4j.core.Logger.log(Logger.java:161)
	at org.apache.logging.log4j.spi.AbstractLogger.tryLogMessage(AbstractLogger.java:2205)
	at org.apache.logging.log4j.spi.AbstractLogger.logMessageTrackRecursion(AbstractLogger.java:2159)
	at org.apache.logging.log4j.spi.AbstractLogger.logMessageSafely(AbstractLogger.java:2142)
	at org.apache.logging.log4j.spi.AbstractLogger.logMessage(AbstractLogger.java:2017)
	at org.apache.logging.log4j.spi.AbstractLogger.logIfEnabled(AbstractLogger.java:1983)
	at org.apache.commons.logging.LogAdapter$Log4jLog.log(LogAdapter.java:263)
	at org.apache.commons.logging.LogAdapter$Log4jLog.error(LogAdapter.java:215)
	at org.springframework.test.context.TestContextManager.prepareTestInstance(TestContextManager.java:252)
	at org.springframework.test.context.junit4.SpringJUnit4ClassRunner.createTest(SpringJUnit4ClassRunner.java:227)
	at org.springframework.test.context.junit4.SpringJUnit4ClassRunner$1.runReflectiveCall(SpringJUnit4ClassRunner.java:289)
	at org.junit.internal.runners.model.ReflectiveCallable.run(ReflectiveCallable.java:12)
	at org.springframework.test.context.junit4.SpringJUnit4ClassRunner.methodBlock(SpringJUnit4ClassRunner.java:291)
	at org.springframework.test.context.junit4.SpringJUnit4ClassRunner.runChild(SpringJUnit4ClassRunner.java:246)
	at org.springframework.test.context.junit4.SpringJUnit4ClassRunner.runChild(SpringJUnit4ClassRunner.java:97)
	at org.junit.runners.ParentRunner$3.run(ParentRunner.java:290)
	at org.junit.runners.ParentRunner$1.schedule(ParentRunner.java:71)
	at org.junit.runners.ParentRunner.runChildren(ParentRunner.java:288)
	at org.junit.runners.ParentRunner.access$000(ParentRunner.java:58)
	at org.junit.runners.ParentRunner$2.evaluate(ParentRunner.java:268)
	at org.springframework.test.context.junit4.statements.RunBeforeTestClassCallbacks.evaluate(RunBeforeTestClassCallbacks.java:61)
	at org.springframework.test.context.junit4.statements.RunAfterTestClassCallbacks.evaluate(RunAfterTestClassCallbacks.java:70)
	at org.junit.runners.ParentRunner.run(ParentRunner.java:363)
	at org.springframework.test.context.junit4.SpringJUnit4ClassRunner.run(SpringJUnit4ClassRunner.java:190)
	at org.junit.runners.Suite.runChild(Suite.java:128)
	at org.junit.runners.Suite.runChild(Suite.java:27)
	at org.junit.runners.ParentRunner$3.run(ParentRunner.java:290)
	at org.junit.runners.ParentRunner$1.schedule(ParentRunner.java:71)
	at org.junit.runners.ParentRunner.runChildren(ParentRunner.java:288)
	at org.junit.runners.ParentRunner.access$000(ParentRunner.java:58)
	at org.junit.runners.ParentRunner$2.evaluate(ParentRunner.java:268)
	at org.junit.runners.ParentRunner.run(ParentRunner.java:363)
	at org.junit.runner.JUnitCore.run(JUnitCore.java:137)
	at org.junit.runner.JUnitCore.run(JUnitCore.java:115)
	at org.apache.maven.surefire.junitcore.JUnitCoreWrapper.createRequestAndRun(JUnitCoreWrapper.java:108)
	at org.apache.maven.surefire.junitcore.JUnitCoreWrapper.executeEager(JUnitCoreWrapper.java:78)
	at org.apache.maven.surefire.junitcore.JUnitCoreWrapper.execute(JUnitCoreWrapper.java:54)
	at org.apache.maven.surefire.junitcore.JUnitCoreProvider.invoke(JUnitCoreProvider.java:144)
	at org.apache.maven.surefire.booter.ForkedBooter.invokeProviderInSameClassLoader(ForkedBooter.java:203)
	at org.apache.maven.surefire.booter.ForkedBooter.runSuitesInProcess(ForkedBooter.java:155)
	at org.apache.maven.surefire.booter.ForkedBooter.main(ForkedBooter.java:103)
Caused by: java.lang.NoSuchMethodError: org.apache.logging.log4j.util.StackLocatorUtil.getCurrentStackTrace()Ljava/util/Deque;
	at org.apache.logging.log4j.core.impl.ThrowableProxy.<init>(ThrowableProxy.java:112)
	at org.apache.logging.log4j.core.impl.ThrowableProxy.<init>(ThrowableProxy.java:97)
	at org.apache.logging.log4j.core.impl.Log4jLogEvent.getThrownProxy(Log4jLogEvent.java:629)
	at org.apache.logging.log4j.core.pattern.ExtendedThrowablePatternConverter.format(ExtendedThrowablePatternConverter.java:63)
	at org.apache.logging.log4j.core.layout.PatternLayout$NoFormatPatternSerializer.toSerializable(PatternLayout.java:342)
	at org.apache.logging.log4j.core.layout.PatternLayout.toText(PatternLayout.java:240)
	at org.apache.logging.log4j.core.layout.PatternLayout.encode(PatternLayout.java:225)
	at org.apache.logging.log4j.core.layout.PatternLayout.encode(PatternLayout.java:59)
	at org.apache.logging.log4j.core.appender.AbstractOutputStreamAppender.directEncodeEvent(AbstractOutputStreamAppender.java:215)
	at org.apache.logging.log4j.core.appender.AbstractOutputStreamAppender.tryAppend(AbstractOutputStreamAppender.java:208)
	at org.apache.logging.log4j.core.appender.AbstractOutputStreamAppender.append(AbstractOutputStreamAppender.java:199)
	at org.apache.logging.log4j.core.appender.RollingFileAppender.append(RollingFileAppender.java:312)
	at org.apache.logging.log4j.core.config.AppenderControl.tryCallAppender(AppenderControl.java:161)
	... 49 more

]]></system-out>
    <system-err><![CDATA[Apr 04, 2023 9:53:44 PM org.apache.coyote.AbstractProtocol init
INFO: Initializing ProtocolHandler ["http-nio-auto-5"]
Apr 04, 2023 9:53:44 PM org.apache.catalina.core.StandardService startInternal
INFO: Starting service [Tomcat]
Apr 04, 2023 9:53:44 PM org.apache.catalina.core.StandardEngine startInternal
INFO: Starting Servlet engine: [Apache Tomcat/9.0.65]
Apr 04, 2023 9:53:44 PM org.apache.catalina.core.ApplicationContext log
INFO: Initializing Spring embedded WebApplicationContext
Apr 04, 2023 9:53:44 PM org.apache.catalina.core.StandardService stopInternal
INFO: Stopping service [Tomcat]
Apr 04, 2023 9:53:44 PM org.apache.catalina.loader.WebappClassLoaderBase clearReferencesThreads
WARNING: The web application [ROOT] appears to have started a thread named [HikariPool-5 housekeeper] but has failed to stop it. This is very likely to create a memory leak. Stack trace of thread:
 java.base@12.0.2/jdk.internal.misc.Unsafe.park(Native Method)
 java.base@12.0.2/java.util.concurrent.locks.LockSupport.parkNanos(LockSupport.java:235)
 java.base@12.0.2/java.util.concurrent.locks.AbstractQueuedSynchronizer$ConditionObject.awaitNanos(AbstractQueuedSynchronizer.java:2123)
 java.base@12.0.2/java.util.concurrent.ScheduledThreadPoolExecutor$DelayedWorkQueue.take(ScheduledThreadPoolExecutor.java:1182)
 java.base@12.0.2/java.util.concurrent.ScheduledThreadPoolExecutor$DelayedWorkQueue.take(ScheduledThreadPoolExecutor.java:899)
 java.base@12.0.2/java.util.concurrent.ThreadPoolExecutor.getTask(ThreadPoolExecutor.java:1054)
 java.base@12.0.2/java.util.concurrent.ThreadPoolExecutor.runWorker(ThreadPoolExecutor.java:1114)
 java.base@12.0.2/java.util.concurrent.ThreadPoolExecutor$Worker.run(ThreadPoolExecutor.java:628)
 java.base@12.0.2/java.lang.Thread.run(Thread.java:835)
Apr 04, 2023 9:53:44 PM org.apache.catalina.loader.WebappClassLoaderBase clearReferencesThreads
WARNING: The web application [ROOT] appears to have started a thread named [HikariPool-5 connection adder] but has failed to stop it. This is very likely to create a memory leak. Stack trace of thread:
 java.base@12.0.2/java.net.SocketInputStream.socketRead0(Native Method)
 java.base@12.0.2/java.net.SocketInputStream.socketRead(SocketInputStream.java:115)
 java.base@12.0.2/java.net.SocketInputStream.read(SocketInputStream.java:168)
 java.base@12.0.2/java.net.SocketInputStream.read(SocketInputStream.java:140)
 app//org.postgresql.core.VisibleBufferedInputStream.readMore(VisibleBufferedInputStream.java:161)
 app//org.postgresql.core.VisibleBufferedInputStream.ensureBytes(VisibleBufferedInputStream.java:128)
 app//org.postgresql.core.VisibleBufferedInputStream.ensureBytes(VisibleBufferedInputStream.java:113)
 app//org.postgresql.core.VisibleBufferedInputStream.read(VisibleBufferedInputStream.java:73)
 app//org.postgresql.core.PGStream.receiveChar(PGStream.java:370)
 app//org.postgresql.core.v3.ConnectionFactoryImpl.doAuthentication(ConnectionFactoryImpl.java:510)
 app//org.postgresql.core.v3.ConnectionFactoryImpl.tryConnect(ConnectionFactoryImpl.java:146)
 app//org.postgresql.core.v3.ConnectionFactoryImpl.openConnectionImpl(ConnectionFactoryImpl.java:197)
 app//org.postgresql.core.ConnectionFactory.openConnection(ConnectionFactory.java:49)
 app//org.postgresql.jdbc.PgConnection.<init>(PgConnection.java:211)
 app//org.postgresql.Driver.makeConnection(Driver.java:459)
 app//org.postgresql.Driver.connect(Driver.java:261)
 app//com.zaxxer.hikari.util.DriverDataSource.getConnection(DriverDataSource.java:138)
 app//com.zaxxer.hikari.pool.PoolBase.newConnection(PoolBase.java:364)
 app//com.zaxxer.hikari.pool.PoolBase.newPoolEntry(PoolBase.java:206)
 app//com.zaxxer.hikari.pool.HikariPool.createPoolEntry(HikariPool.java:476)
 app//com.zaxxer.hikari.pool.HikariPool.access$100(HikariPool.java:71)
 app//com.zaxxer.hikari.pool.HikariPool$PoolEntryCreator.call(HikariPool.java:726)
 app//com.zaxxer.hikari.pool.HikariPool$PoolEntryCreator.call(HikariPool.java:712)
 java.base@12.0.2/java.util.concurrent.FutureTask.run(FutureTask.java:264)
 java.base@12.0.2/java.util.concurrent.ThreadPoolExecutor.runWorker(ThreadPoolExecutor.java:1128)
 java.base@12.0.2/java.util.concurrent.ThreadPoolExecutor$Worker.run(ThreadPoolExecutor.java:628)
 java.base@12.0.2/java.lang.Thread.run(Thread.java:835)
Apr 04, 2023 9:53:44 PM org.apache.catalina.loader.WebappClassLoaderBase checkStateForResourceLoading
INFO: Illegal access: this web application instance has been stopped already. Could not load [db/migration/V1__create_init_tables.sql]. The following stack trace is thrown for debugging purposes as well as to attempt to terminate the thread which caused the illegal access.
java.lang.IllegalStateException: Illegal access: this web application instance has been stopped already. Could not load [db/migration/V1__create_init_tables.sql]. The following stack trace is thrown for debugging purposes as well as to attempt to terminate the thread which caused the illegal access.
	at org.apache.catalina.loader.WebappClassLoaderBase.checkStateForResourceLoading(WebappClassLoaderBase.java:1432)
	at org.apache.catalina.loader.WebappClassLoaderBase.getResource(WebappClassLoaderBase.java:1057)
	at org.flywaydb.core.internal.resource.classpath.ClassPathResource.getUrl(ClassPathResource.java:85)
	at org.flywaydb.core.internal.resource.classpath.ClassPathResource.getAbsolutePathOnDisk(ClassPathResource.java:74)
	at org.flywaydb.core.internal.sqlscript.FlywaySqlScriptException.getMessage(FlywaySqlScriptException.java:81)
	at java.base/java.lang.Throwable.getLocalizedMessage(Throwable.java:396)
	at java.base/java.lang.Throwable.toString(Throwable.java:495)
	at java.base/java.lang.String.valueOf(String.java:3042)
	at java.base/java.lang.StringBuilder.append(StringBuilder.java:168)
	at java.base/java.lang.Throwable.printEnclosedStackTrace(Throwable.java:709)
	at java.base/java.lang.Throwable.printEnclosedStackTrace(Throwable.java:723)
	at java.base/java.lang.Throwable.printEnclosedStackTrace(Throwable.java:723)
	at java.base/java.lang.Throwable.printEnclosedStackTrace(Throwable.java:723)
	at java.base/java.lang.Throwable.printEnclosedStackTrace(Throwable.java:723)
	at java.base/java.lang.Throwable.printEnclosedStackTrace(Throwable.java:723)
	at java.base/java.lang.Throwable.printEnclosedStackTrace(Throwable.java:723)
	at java.base/java.lang.Throwable.printEnclosedStackTrace(Throwable.java:723)
	at java.base/java.lang.Throwable.printEnclosedStackTrace(Throwable.java:723)
	at java.base/java.lang.Throwable.printStackTrace(Throwable.java:681)
	at java.base/java.lang.Throwable.printStackTrace(Throwable.java:735)
	at org.apache.logging.log4j.core.pattern.ThrowablePatternConverter.formatOption(ThrowablePatternConverter.java:211)
	at org.apache.logging.log4j.core.pattern.ThrowablePatternConverter.format(ThrowablePatternConverter.java:137)
	at org.apache.logging.log4j.core.layout.PatternLayout$NoFormatPatternSerializer.toSerializable(PatternLayout.java:342)
	at org.apache.logging.log4j.core.layout.PatternLayout.toText(PatternLayout.java:240)
	at org.apache.logging.log4j.core.layout.PatternLayout.encode(PatternLayout.java:225)
	at org.apache.logging.log4j.core.layout.PatternLayout.encode(PatternLayout.java:59)
	at org.apache.logging.log4j.core.appender.AbstractOutputStreamAppender.directEncodeEvent(AbstractOutputStreamAppender.java:215)
	at org.apache.logging.log4j.core.appender.AbstractOutputStreamAppender.tryAppend(AbstractOutputStreamAppender.java:208)
	at org.apache.logging.log4j.core.appender.AbstractOutputStreamAppender.append(AbstractOutputStreamAppender.java:199)
	at org.apache.logging.log4j.core.config.AppenderControl.tryCallAppender(AppenderControl.java:161)
	at org.apache.logging.log4j.core.config.AppenderControl.callAppender0(AppenderControl.java:134)
	at org.apache.logging.log4j.core.config.AppenderControl.callAppenderPreventRecursion(AppenderControl.java:125)
	at org.apache.logging.log4j.core.config.AppenderControl.callAppender(AppenderControl.java:89)
	at org.apache.logging.log4j.core.config.LoggerConfig.callAppenders(LoggerConfig.java:675)
	at org.apache.logging.log4j.core.config.LoggerConfig.processLogEvent(LoggerConfig.java:633)
	at org.apache.logging.log4j.core.config.LoggerConfig.log(LoggerConfig.java:616)
	at org.apache.logging.log4j.core.config.LoggerConfig.log(LoggerConfig.java:552)
	at org.apache.logging.log4j.core.config.AwaitCompletionReliabilityStrategy.log(AwaitCompletionReliabilityStrategy.java:82)
	at org.apache.logging.log4j.core.Logger.log(Logger.java:161)
	at org.apache.logging.log4j.spi.AbstractLogger.tryLogMessage(AbstractLogger.java:2205)
	at org.apache.logging.log4j.spi.AbstractLogger.logMessageTrackRecursion(AbstractLogger.java:2159)
	at org.apache.logging.log4j.spi.AbstractLogger.logMessageSafely(AbstractLogger.java:2142)
	at org.apache.logging.log4j.spi.AbstractLogger.logMessage(AbstractLogger.java:2017)
	at org.apache.logging.log4j.spi.AbstractLogger.logIfEnabled(AbstractLogger.java:1983)
	at org.apache.commons.logging.LogAdapter$Log4jLog.log(LogAdapter.java:263)
	at org.apache.commons.logging.LogAdapter$Log4jLog.error(LogAdapter.java:215)
	at org.springframework.boot.SpringApplication.reportFailure(SpringApplication.java:824)
	at org.springframework.boot.SpringApplication.handleRunFailure(SpringApplication.java:788)
	at org.springframework.boot.SpringApplication.run(SpringApplication.java:318)
	at org.springframework.boot.test.context.SpringBootContextLoader.loadContext(SpringBootContextLoader.java:132)
	at org.springframework.test.context.cache.DefaultCacheAwareContextLoaderDelegate.loadContextInternal(DefaultCacheAwareContextLoaderDelegate.java:99)
	at org.springframework.test.context.cache.DefaultCacheAwareContextLoaderDelegate.loadContext(DefaultCacheAwareContextLoaderDelegate.java:124)
	at org.springframework.test.context.support.DefaultTestContext.getApplicationContext(DefaultTestContext.java:124)
	at org.springframework.test.context.support.DependencyInjectionTestExecutionListener.injectDependencies(DependencyInjectionTestExecutionListener.java:118)
	at org.springframework.test.context.support.DependencyInjectionTestExecutionListener.prepareTestInstance(DependencyInjectionTestExecutionListener.java:83)
	at org.springframework.boot.test.autoconfigure.SpringBootDependencyInjectionTestExecutionListener.prepareTestInstance(SpringBootDependencyInjectionTestExecutionListener.java:43)
	at org.springframework.test.context.TestContextManager.prepareTestInstance(TestContextManager.java:248)
	at org.springframework.test.context.junit4.SpringJUnit4ClassRunner.createTest(SpringJUnit4ClassRunner.java:227)
	at org.springframework.test.context.junit4.SpringJUnit4ClassRunner$1.runReflectiveCall(SpringJUnit4ClassRunner.java:289)
	at org.junit.internal.runners.model.ReflectiveCallable.run(ReflectiveCallable.java:12)
	at org.springframework.test.context.junit4.SpringJUnit4ClassRunner.methodBlock(SpringJUnit4ClassRunner.java:291)
	at org.springframework.test.context.junit4.SpringJUnit4ClassRunner.runChild(SpringJUnit4ClassRunner.java:246)
	at org.springframework.test.context.junit4.SpringJUnit4ClassRunner.runChild(SpringJUnit4ClassRunner.java:97)
	at org.junit.runners.ParentRunner$3.run(ParentRunner.java:290)
	at org.junit.runners.ParentRunner$1.schedule(ParentRunner.java:71)
	at org.junit.runners.ParentRunner.runChildren(ParentRunner.java:288)
	at org.junit.runners.ParentRunner.access$000(ParentRunner.java:58)
	at org.junit.runners.ParentRunner$2.evaluate(ParentRunner.java:268)
	at org.springframework.test.context.junit4.statements.RunBeforeTestClassCallbacks.evaluate(RunBeforeTestClassCallbacks.java:61)
	at org.springframework.test.context.junit4.statements.RunAfterTestClassCallbacks.evaluate(RunAfterTestClassCallbacks.java:70)
	at org.junit.runners.ParentRunner.run(ParentRunner.java:363)
	at org.springframework.test.context.junit4.SpringJUnit4ClassRunner.run(SpringJUnit4ClassRunner.java:190)
	at org.junit.runners.Suite.runChild(Suite.java:128)
	at org.junit.runners.Suite.runChild(Suite.java:27)
	at org.junit.runners.ParentRunner$3.run(ParentRunner.java:290)
	at org.junit.runners.ParentRunner$1.schedule(ParentRunner.java:71)
	at org.junit.runners.ParentRunner.runChildren(ParentRunner.java:288)
	at org.junit.runners.ParentRunner.access$000(ParentRunner.java:58)
	at org.junit.runners.ParentRunner$2.evaluate(ParentRunner.java:268)
	at org.junit.runners.ParentRunner.run(ParentRunner.java:363)
	at org.junit.runner.JUnitCore.run(JUnitCore.java:137)
	at org.junit.runner.JUnitCore.run(JUnitCore.java:115)
	at org.apache.maven.surefire.junitcore.JUnitCoreWrapper.createRequestAndRun(JUnitCoreWrapper.java:108)
	at org.apache.maven.surefire.junitcore.JUnitCoreWrapper.executeEager(JUnitCoreWrapper.java:78)
	at org.apache.maven.surefire.junitcore.JUnitCoreWrapper.execute(JUnitCoreWrapper.java:54)
	at org.apache.maven.surefire.junitcore.JUnitCoreProvider.invoke(JUnitCoreProvider.java:144)
	at org.apache.maven.surefire.booter.ForkedBooter.invokeProviderInSameClassLoader(ForkedBooter.java:203)
	at org.apache.maven.surefire.booter.ForkedBooter.runSuitesInProcess(ForkedBooter.java:155)
	at org.apache.maven.surefire.booter.ForkedBooter.main(ForkedBooter.java:103)

Apr 04, 2023 9:53:45 PM org.apache.coyote.AbstractProtocol init
INFO: Initializing ProtocolHandler ["http-nio-auto-6"]
Apr 04, 2023 9:53:45 PM org.apache.catalina.core.StandardService startInternal
INFO: Starting service [Tomcat]
Apr 04, 2023 9:53:45 PM org.apache.catalina.core.StandardEngine startInternal
INFO: Starting Servlet engine: [Apache Tomcat/9.0.65]
Apr 04, 2023 9:53:45 PM org.apache.catalina.core.ApplicationContext log
INFO: Initializing Spring embedded WebApplicationContext
Apr 04, 2023 9:53:45 PM org.apache.catalina.core.StandardService stopInternal
INFO: Stopping service [Tomcat]
Apr 04, 2023 9:53:45 PM org.apache.catalina.loader.WebappClassLoaderBase clearReferencesThreads
WARNING: The web application [ROOT] appears to have started a thread named [HikariPool-6 housekeeper] but has failed to stop it. This is very likely to create a memory leak. Stack trace of thread:
 java.base@12.0.2/jdk.internal.misc.Unsafe.park(Native Method)
 java.base@12.0.2/java.util.concurrent.locks.LockSupport.parkNanos(LockSupport.java:235)
 java.base@12.0.2/java.util.concurrent.locks.AbstractQueuedSynchronizer$ConditionObject.awaitNanos(AbstractQueuedSynchronizer.java:2123)
 java.base@12.0.2/java.util.concurrent.ScheduledThreadPoolExecutor$DelayedWorkQueue.take(ScheduledThreadPoolExecutor.java:1182)
 java.base@12.0.2/java.util.concurrent.ScheduledThreadPoolExecutor$DelayedWorkQueue.take(ScheduledThreadPoolExecutor.java:899)
 java.base@12.0.2/java.util.concurrent.ThreadPoolExecutor.getTask(ThreadPoolExecutor.java:1054)
 java.base@12.0.2/java.util.concurrent.ThreadPoolExecutor.runWorker(ThreadPoolExecutor.java:1114)
 java.base@12.0.2/java.util.concurrent.ThreadPoolExecutor$Worker.run(ThreadPoolExecutor.java:628)
 java.base@12.0.2/java.lang.Thread.run(Thread.java:835)
Apr 04, 2023 9:53:45 PM org.apache.catalina.loader.WebappClassLoaderBase clearReferencesThreads
WARNING: The web application [ROOT] appears to have started a thread named [HikariPool-6 connection adder] but has failed to stop it. This is very likely to create a memory leak. Stack trace of thread:
 java.base@12.0.2/java.lang.StringBuilder.append(StringBuilder.java:174)
 java.base@12.0.2/java.lang.Object.toString(Object.java:244)
 app//org.apache.logging.log4j.message.ParameterFormatter.tryObjectToString(ParameterFormatter.java:645)
 app//org.apache.logging.log4j.message.ParameterFormatter.recursiveDeepToString(ParameterFormatter.java:479)
 app//org.apache.logging.log4j.message.ParameterFormatter.recursiveDeepToString(ParameterFormatter.java:448)
 app//org.apache.logging.log4j.message.ParameterFormatter.formatMessage2(ParameterFormatter.java:191)
 app//org.apache.logging.log4j.message.ParameterizedMessage.formatTo(ParameterizedMessage.java:227)
 app//org.apache.logging.log4j.core.pattern.MessagePatternConverter$SimpleMessagePatternConverter.format(MessagePatternConverter.java:121)
 app//org.apache.logging.log4j.core.layout.PatternLayout$NoFormatPatternSerializer.toSerializable(PatternLayout.java:342)
 app//org.apache.logging.log4j.core.layout.PatternLayout.toText(PatternLayout.java:240)
 app//org.apache.logging.log4j.core.layout.PatternLayout.encode(PatternLayout.java:225)
 app//org.apache.logging.log4j.core.layout.PatternLayout.encode(PatternLayout.java:59)
 app//org.apache.logging.log4j.core.appender.AbstractOutputStreamAppender.directEncodeEvent(AbstractOutputStreamAppender.java:215)
 app//org.apache.logging.log4j.core.appender.AbstractOutputStreamAppender.tryAppend(AbstractOutputStreamAppender.java:208)
 app//org.apache.logging.log4j.core.appender.AbstractOutputStreamAppender.append(AbstractOutputStreamAppender.java:199)
 app//org.apache.logging.log4j.core.config.AppenderControl.tryCallAppender(AppenderControl.java:161)
 app//org.apache.logging.log4j.core.config.AppenderControl.callAppender0(AppenderControl.java:134)
 app//org.apache.logging.log4j.core.config.AppenderControl.callAppenderPreventRecursion(AppenderControl.java:125)
 app//org.apache.logging.log4j.core.config.AppenderControl.callAppender(AppenderControl.java:89)
 app//org.apache.logging.log4j.core.config.LoggerConfig.callAppenders(LoggerConfig.java:675)
 app//org.apache.logging.log4j.core.config.LoggerConfig.processLogEvent(LoggerConfig.java:633)
 app//org.apache.logging.log4j.core.config.LoggerConfig.log(LoggerConfig.java:616)
 app//org.apache.logging.log4j.core.config.LoggerConfig.log(LoggerConfig.java:552)
 app//org.apache.logging.log4j.core.config.AwaitCompletionReliabilityStrategy.log(AwaitCompletionReliabilityStrategy.java:82)
 app//org.apache.logging.log4j.core.Logger.log(Logger.java:161)
 app//org.apache.logging.log4j.spi.AbstractLogger.tryLogMessage(AbstractLogger.java:2205)
 app//org.apache.logging.log4j.spi.AbstractLogger.logMessageTrackRecursion(AbstractLogger.java:2159)
 app//org.apache.logging.log4j.spi.AbstractLogger.logMessageSafely(AbstractLogger.java:2142)
 app//org.apache.logging.log4j.spi.AbstractLogger.logMessage(AbstractLogger.java:2040)
 app//org.apache.logging.log4j.spi.AbstractLogger.logIfEnabled(AbstractLogger.java:1907)
 app//org.apache.logging.slf4j.Log4jLogger.debug(Log4jLogger.java:129)
 app//com.zaxxer.hikari.pool.HikariPool$PoolEntryCreator.call(HikariPool.java:729)
 app//com.zaxxer.hikari.pool.HikariPool$PoolEntryCreator.call(HikariPool.java:712)
 java.base@12.0.2/java.util.concurrent.FutureTask.run(FutureTask.java:264)
 java.base@12.0.2/java.util.concurrent.ThreadPoolExecutor.runWorker(ThreadPoolExecutor.java:1128)
 java.base@12.0.2/java.util.concurrent.ThreadPoolExecutor$Worker.run(ThreadPoolExecutor.java:628)
 java.base@12.0.2/java.lang.Thread.run(Thread.java:835)
Apr 04, 2023 9:53:45 PM org.apache.catalina.loader.WebappClassLoaderBase checkStateForResourceLoading
INFO: Illegal access: this web application instance has been stopped already. Could not load [db/migration/V1__create_init_tables.sql]. The following stack trace is thrown for debugging purposes as well as to attempt to terminate the thread which caused the illegal access.
java.lang.IllegalStateException: Illegal access: this web application instance has been stopped already. Could not load [db/migration/V1__create_init_tables.sql]. The following stack trace is thrown for debugging purposes as well as to attempt to terminate the thread which caused the illegal access.
	at org.apache.catalina.loader.WebappClassLoaderBase.checkStateForResourceLoading(WebappClassLoaderBase.java:1432)
	at org.apache.catalina.loader.WebappClassLoaderBase.getResource(WebappClassLoaderBase.java:1057)
	at org.flywaydb.core.internal.resource.classpath.ClassPathResource.getUrl(ClassPathResource.java:85)
	at org.flywaydb.core.internal.resource.classpath.ClassPathResource.getAbsolutePathOnDisk(ClassPathResource.java:74)
	at org.flywaydb.core.internal.sqlscript.FlywaySqlScriptException.getMessage(FlywaySqlScriptException.java:81)
	at java.base/java.lang.Throwable.getLocalizedMessage(Throwable.java:396)
	at java.base/java.lang.Throwable.toString(Throwable.java:495)
	at java.base/java.lang.String.valueOf(String.java:3042)
	at java.base/java.lang.StringBuilder.append(StringBuilder.java:168)
	at java.base/java.lang.Throwable.printEnclosedStackTrace(Throwable.java:709)
	at java.base/java.lang.Throwable.printEnclosedStackTrace(Throwable.java:723)
	at java.base/java.lang.Throwable.printEnclosedStackTrace(Throwable.java:723)
	at java.base/java.lang.Throwable.printEnclosedStackTrace(Throwable.java:723)
	at java.base/java.lang.Throwable.printEnclosedStackTrace(Throwable.java:723)
	at java.base/java.lang.Throwable.printEnclosedStackTrace(Throwable.java:723)
	at java.base/java.lang.Throwable.printEnclosedStackTrace(Throwable.java:723)
	at java.base/java.lang.Throwable.printEnclosedStackTrace(Throwable.java:723)
	at java.base/java.lang.Throwable.printEnclosedStackTrace(Throwable.java:723)
	at java.base/java.lang.Throwable.printStackTrace(Throwable.java:681)
	at java.base/java.lang.Throwable.printStackTrace(Throwable.java:735)
	at org.apache.logging.log4j.core.pattern.ThrowablePatternConverter.formatOption(ThrowablePatternConverter.java:211)
	at org.apache.logging.log4j.core.pattern.ThrowablePatternConverter.format(ThrowablePatternConverter.java:137)
	at org.apache.logging.log4j.core.layout.PatternLayout$NoFormatPatternSerializer.toSerializable(PatternLayout.java:342)
	at org.apache.logging.log4j.core.layout.PatternLayout.toText(PatternLayout.java:240)
	at org.apache.logging.log4j.core.layout.PatternLayout.encode(PatternLayout.java:225)
	at org.apache.logging.log4j.core.layout.PatternLayout.encode(PatternLayout.java:59)
	at org.apache.logging.log4j.core.appender.AbstractOutputStreamAppender.directEncodeEvent(AbstractOutputStreamAppender.java:215)
	at org.apache.logging.log4j.core.appender.AbstractOutputStreamAppender.tryAppend(AbstractOutputStreamAppender.java:208)
	at org.apache.logging.log4j.core.appender.AbstractOutputStreamAppender.append(AbstractOutputStreamAppender.java:199)
	at org.apache.logging.log4j.core.config.AppenderControl.tryCallAppender(AppenderControl.java:161)
	at org.apache.logging.log4j.core.config.AppenderControl.callAppender0(AppenderControl.java:134)
	at org.apache.logging.log4j.core.config.AppenderControl.callAppenderPreventRecursion(AppenderControl.java:125)
	at org.apache.logging.log4j.core.config.AppenderControl.callAppender(AppenderControl.java:89)
	at org.apache.logging.log4j.core.config.LoggerConfig.callAppenders(LoggerConfig.java:675)
	at org.apache.logging.log4j.core.config.LoggerConfig.processLogEvent(LoggerConfig.java:633)
	at org.apache.logging.log4j.core.config.LoggerConfig.log(LoggerConfig.java:616)
	at org.apache.logging.log4j.core.config.LoggerConfig.log(LoggerConfig.java:552)
	at org.apache.logging.log4j.core.config.AwaitCompletionReliabilityStrategy.log(AwaitCompletionReliabilityStrategy.java:82)
	at org.apache.logging.log4j.core.Logger.log(Logger.java:161)
	at org.apache.logging.log4j.spi.AbstractLogger.tryLogMessage(AbstractLogger.java:2205)
	at org.apache.logging.log4j.spi.AbstractLogger.logMessageTrackRecursion(AbstractLogger.java:2159)
	at org.apache.logging.log4j.spi.AbstractLogger.logMessageSafely(AbstractLogger.java:2142)
	at org.apache.logging.log4j.spi.AbstractLogger.logMessage(AbstractLogger.java:2017)
	at org.apache.logging.log4j.spi.AbstractLogger.logIfEnabled(AbstractLogger.java:1983)
	at org.apache.commons.logging.LogAdapter$Log4jLog.log(LogAdapter.java:263)
	at org.apache.commons.logging.LogAdapter$Log4jLog.error(LogAdapter.java:215)
	at org.springframework.boot.SpringApplication.reportFailure(SpringApplication.java:824)
	at org.springframework.boot.SpringApplication.handleRunFailure(SpringApplication.java:788)
	at org.springframework.boot.SpringApplication.run(SpringApplication.java:318)
	at org.springframework.boot.test.context.SpringBootContextLoader.loadContext(SpringBootContextLoader.java:132)
	at org.springframework.test.context.cache.DefaultCacheAwareContextLoaderDelegate.loadContextInternal(DefaultCacheAwareContextLoaderDelegate.java:99)
	at org.springframework.test.context.cache.DefaultCacheAwareContextLoaderDelegate.loadContext(DefaultCacheAwareContextLoaderDelegate.java:124)
	at org.springframework.test.context.support.DefaultTestContext.getApplicationContext(DefaultTestContext.java:124)
	at org.springframework.boot.test.autoconfigure.SpringBootDependencyInjectionTestExecutionListener.outputConditionEvaluationReport(SpringBootDependencyInjectionTestExecutionListener.java:53)
	at org.springframework.boot.test.autoconfigure.SpringBootDependencyInjectionTestExecutionListener.prepareTestInstance(SpringBootDependencyInjectionTestExecutionListener.java:46)
	at org.springframework.test.context.TestContextManager.prepareTestInstance(TestContextManager.java:248)
	at org.springframework.test.context.junit4.SpringJUnit4ClassRunner.createTest(SpringJUnit4ClassRunner.java:227)
	at org.springframework.test.context.junit4.SpringJUnit4ClassRunner$1.runReflectiveCall(SpringJUnit4ClassRunner.java:289)
	at org.junit.internal.runners.model.ReflectiveCallable.run(ReflectiveCallable.java:12)
	at org.springframework.test.context.junit4.SpringJUnit4ClassRunner.methodBlock(SpringJUnit4ClassRunner.java:291)
	at org.springframework.test.context.junit4.SpringJUnit4ClassRunner.runChild(SpringJUnit4ClassRunner.java:246)
	at org.springframework.test.context.junit4.SpringJUnit4ClassRunner.runChild(SpringJUnit4ClassRunner.java:97)
	at org.junit.runners.ParentRunner$3.run(ParentRunner.java:290)
	at org.junit.runners.ParentRunner$1.schedule(ParentRunner.java:71)
	at org.junit.runners.ParentRunner.runChildren(ParentRunner.java:288)
	at org.junit.runners.ParentRunner.access$000(ParentRunner.java:58)
	at org.junit.runners.ParentRunner$2.evaluate(ParentRunner.java:268)
	at org.springframework.test.context.junit4.statements.RunBeforeTestClassCallbacks.evaluate(RunBeforeTestClassCallbacks.java:61)
	at org.springframework.test.context.junit4.statements.RunAfterTestClassCallbacks.evaluate(RunAfterTestClassCallbacks.java:70)
	at org.junit.runners.ParentRunner.run(ParentRunner.java:363)
	at org.springframework.test.context.junit4.SpringJUnit4ClassRunner.run(SpringJUnit4ClassRunner.java:190)
	at org.junit.runners.Suite.runChild(Suite.java:128)
	at org.junit.runners.Suite.runChild(Suite.java:27)
	at org.junit.runners.ParentRunner$3.run(ParentRunner.java:290)
	at org.junit.runners.ParentRunner$1.schedule(ParentRunner.java:71)
	at org.junit.runners.ParentRunner.runChildren(ParentRunner.java:288)
	at org.junit.runners.ParentRunner.access$000(ParentRunner.java:58)
	at org.junit.runners.ParentRunner$2.evaluate(ParentRunner.java:268)
	at org.junit.runners.ParentRunner.run(ParentRunner.java:363)
	at org.junit.runner.JUnitCore.run(JUnitCore.java:137)
	at org.junit.runner.JUnitCore.run(JUnitCore.java:115)
	at org.apache.maven.surefire.junitcore.JUnitCoreWrapper.createRequestAndRun(JUnitCoreWrapper.java:108)
	at org.apache.maven.surefire.junitcore.JUnitCoreWrapper.executeEager(JUnitCoreWrapper.java:78)
	at org.apache.maven.surefire.junitcore.JUnitCoreWrapper.execute(JUnitCoreWrapper.java:54)
	at org.apache.maven.surefire.junitcore.JUnitCoreProvider.invoke(JUnitCoreProvider.java:144)
	at org.apache.maven.surefire.booter.ForkedBooter.invokeProviderInSameClassLoader(ForkedBooter.java:203)
	at org.apache.maven.surefire.booter.ForkedBooter.runSuitesInProcess(ForkedBooter.java:155)
	at org.apache.maven.surefire.booter.ForkedBooter.main(ForkedBooter.java:103)

Apr 04, 2023 9:53:45 PM org.apache.catalina.loader.WebappClassLoaderBase checkStateForResourceLoading
INFO: Illegal access: this web application instance has been stopped already. Could not load [db/migration/V1__create_init_tables.sql]. The following stack trace is thrown for debugging purposes as well as to attempt to terminate the thread which caused the illegal access.
java.lang.IllegalStateException: Illegal access: this web application instance has been stopped already. Could not load [db/migration/V1__create_init_tables.sql]. The following stack trace is thrown for debugging purposes as well as to attempt to terminate the thread which caused the illegal access.
	at org.apache.catalina.loader.WebappClassLoaderBase.checkStateForResourceLoading(WebappClassLoaderBase.java:1432)
	at org.apache.catalina.loader.WebappClassLoaderBase.getResource(WebappClassLoaderBase.java:1057)
	at org.flywaydb.core.internal.resource.classpath.ClassPathResource.getUrl(ClassPathResource.java:85)
	at org.flywaydb.core.internal.resource.classpath.ClassPathResource.getAbsolutePathOnDisk(ClassPathResource.java:74)
	at org.flywaydb.core.internal.sqlscript.FlywaySqlScriptException.getMessage(FlywaySqlScriptException.java:81)
	at java.base/java.lang.Throwable.getLocalizedMessage(Throwable.java:396)
	at java.base/java.lang.Throwable.toString(Throwable.java:495)
	at java.base/java.lang.String.valueOf(String.java:3042)
	at java.base/java.lang.StringBuilder.append(StringBuilder.java:168)
	at java.base/java.lang.Throwable.printEnclosedStackTrace(Throwable.java:709)
	at java.base/java.lang.Throwable.printEnclosedStackTrace(Throwable.java:723)
	at java.base/java.lang.Throwable.printEnclosedStackTrace(Throwable.java:723)
	at java.base/java.lang.Throwable.printEnclosedStackTrace(Throwable.java:723)
	at java.base/java.lang.Throwable.printEnclosedStackTrace(Throwable.java:723)
	at java.base/java.lang.Throwable.printEnclosedStackTrace(Throwable.java:723)
	at java.base/java.lang.Throwable.printEnclosedStackTrace(Throwable.java:723)
	at java.base/java.lang.Throwable.printEnclosedStackTrace(Throwable.java:723)
	at java.base/java.lang.Throwable.printEnclosedStackTrace(Throwable.java:723)
	at java.base/java.lang.Throwable.printEnclosedStackTrace(Throwable.java:723)
	at java.base/java.lang.Throwable.printStackTrace(Throwable.java:681)
	at java.base/java.lang.Throwable.printStackTrace(Throwable.java:735)
	at org.apache.logging.log4j.core.pattern.ThrowablePatternConverter.formatOption(ThrowablePatternConverter.java:211)
	at org.apache.logging.log4j.core.pattern.ThrowablePatternConverter.format(ThrowablePatternConverter.java:137)
	at org.apache.logging.log4j.core.layout.PatternLayout$NoFormatPatternSerializer.toSerializable(PatternLayout.java:342)
	at org.apache.logging.log4j.core.layout.PatternLayout.toText(PatternLayout.java:240)
	at org.apache.logging.log4j.core.layout.PatternLayout.encode(PatternLayout.java:225)
	at org.apache.logging.log4j.core.layout.PatternLayout.encode(PatternLayout.java:59)
	at org.apache.logging.log4j.core.appender.AbstractOutputStreamAppender.directEncodeEvent(AbstractOutputStreamAppender.java:215)
	at org.apache.logging.log4j.core.appender.AbstractOutputStreamAppender.tryAppend(AbstractOutputStreamAppender.java:208)
	at org.apache.logging.log4j.core.appender.AbstractOutputStreamAppender.append(AbstractOutputStreamAppender.java:199)
	at org.apache.logging.log4j.core.config.AppenderControl.tryCallAppender(AppenderControl.java:161)
	at org.apache.logging.log4j.core.config.AppenderControl.callAppender0(AppenderControl.java:134)
	at org.apache.logging.log4j.core.config.AppenderControl.callAppenderPreventRecursion(AppenderControl.java:125)
	at org.apache.logging.log4j.core.config.AppenderControl.callAppender(AppenderControl.java:89)
	at org.apache.logging.log4j.core.config.LoggerConfig.callAppenders(LoggerConfig.java:675)
	at org.apache.logging.log4j.core.config.LoggerConfig.processLogEvent(LoggerConfig.java:633)
	at org.apache.logging.log4j.core.config.LoggerConfig.log(LoggerConfig.java:616)
	at org.apache.logging.log4j.core.config.LoggerConfig.log(LoggerConfig.java:552)
	at org.apache.logging.log4j.core.config.AwaitCompletionReliabilityStrategy.log(AwaitCompletionReliabilityStrategy.java:82)
	at org.apache.logging.log4j.core.Logger.log(Logger.java:161)
	at org.apache.logging.log4j.spi.AbstractLogger.tryLogMessage(AbstractLogger.java:2205)
	at org.apache.logging.log4j.spi.AbstractLogger.logMessageTrackRecursion(AbstractLogger.java:2159)
	at org.apache.logging.log4j.spi.AbstractLogger.logMessageSafely(AbstractLogger.java:2142)
	at org.apache.logging.log4j.spi.AbstractLogger.logMessage(AbstractLogger.java:2017)
	at org.apache.logging.log4j.spi.AbstractLogger.logIfEnabled(AbstractLogger.java:1983)
	at org.apache.commons.logging.LogAdapter$Log4jLog.log(LogAdapter.java:263)
	at org.apache.commons.logging.LogAdapter$Log4jLog.error(LogAdapter.java:215)
	at org.springframework.test.context.TestContextManager.prepareTestInstance(TestContextManager.java:252)
	at org.springframework.test.context.junit4.SpringJUnit4ClassRunner.createTest(SpringJUnit4ClassRunner.java:227)
	at org.springframework.test.context.junit4.SpringJUnit4ClassRunner$1.runReflectiveCall(SpringJUnit4ClassRunner.java:289)
	at org.junit.internal.runners.model.ReflectiveCallable.run(ReflectiveCallable.java:12)
	at org.springframework.test.context.junit4.SpringJUnit4ClassRunner.methodBlock(SpringJUnit4ClassRunner.java:291)
	at org.springframework.test.context.junit4.SpringJUnit4ClassRunner.runChild(SpringJUnit4ClassRunner.java:246)
	at org.springframework.test.context.junit4.SpringJUnit4ClassRunner.runChild(SpringJUnit4ClassRunner.java:97)
	at org.junit.runners.ParentRunner$3.run(ParentRunner.java:290)
	at org.junit.runners.ParentRunner$1.schedule(ParentRunner.java:71)
	at org.junit.runners.ParentRunner.runChildren(ParentRunner.java:288)
	at org.junit.runners.ParentRunner.access$000(ParentRunner.java:58)
	at org.junit.runners.ParentRunner$2.evaluate(ParentRunner.java:268)
	at org.springframework.test.context.junit4.statements.RunBeforeTestClassCallbacks.evaluate(RunBeforeTestClassCallbacks.java:61)
	at org.springframework.test.context.junit4.statements.RunAfterTestClassCallbacks.evaluate(RunAfterTestClassCallbacks.java:70)
	at org.junit.runners.ParentRunner.run(ParentRunner.java:363)
	at org.springframework.test.context.junit4.SpringJUnit4ClassRunner.run(SpringJUnit4ClassRunner.java:190)
	at org.junit.runners.Suite.runChild(Suite.java:128)
	at org.junit.runners.Suite.runChild(Suite.java:27)
	at org.junit.runners.ParentRunner$3.run(ParentRunner.java:290)
	at org.junit.runners.ParentRunner$1.schedule(ParentRunner.java:71)
	at org.junit.runners.ParentRunner.runChildren(ParentRunner.java:288)
	at org.junit.runners.ParentRunner.access$000(ParentRunner.java:58)
	at org.junit.runners.ParentRunner$2.evaluate(ParentRunner.java:268)
	at org.junit.runners.ParentRunner.run(ParentRunner.java:363)
	at org.junit.runner.JUnitCore.run(JUnitCore.java:137)
	at org.junit.runner.JUnitCore.run(JUnitCore.java:115)
	at org.apache.maven.surefire.junitcore.JUnitCoreWrapper.createRequestAndRun(JUnitCoreWrapper.java:108)
	at org.apache.maven.surefire.junitcore.JUnitCoreWrapper.executeEager(JUnitCoreWrapper.java:78)
	at org.apache.maven.surefire.junitcore.JUnitCoreWrapper.execute(JUnitCoreWrapper.java:54)
	at org.apache.maven.surefire.junitcore.JUnitCoreProvider.invoke(JUnitCoreProvider.java:144)
	at org.apache.maven.surefire.booter.ForkedBooter.invokeProviderInSameClassLoader(ForkedBooter.java:203)
	at org.apache.maven.surefire.booter.ForkedBooter.runSuitesInProcess(ForkedBooter.java:155)
	at org.apache.maven.surefire.booter.ForkedBooter.main(ForkedBooter.java:103)

Apr 04, 2023 9:53:45 PM org.apache.catalina.loader.WebappClassLoaderBase checkStateForResourceLoading
INFO: Illegal access: this web application instance has been stopped already. Could not load [db/migration/V1__create_init_tables.sql]. The following stack trace is thrown for debugging purposes as well as to attempt to terminate the thread which caused the illegal access.
java.lang.IllegalStateException: Illegal access: this web application instance has been stopped already. Could not load [db/migration/V1__create_init_tables.sql]. The following stack trace is thrown for debugging purposes as well as to attempt to terminate the thread which caused the illegal access.
	at org.apache.catalina.loader.WebappClassLoaderBase.checkStateForResourceLoading(WebappClassLoaderBase.java:1432)
	at org.apache.catalina.loader.WebappClassLoaderBase.getResource(WebappClassLoaderBase.java:1057)
	at org.flywaydb.core.internal.resource.classpath.ClassPathResource.getUrl(ClassPathResource.java:85)
	at org.flywaydb.core.internal.resource.classpath.ClassPathResource.getAbsolutePathOnDisk(ClassPathResource.java:74)
	at org.flywaydb.core.internal.sqlscript.FlywaySqlScriptException.getMessage(FlywaySqlScriptException.java:81)
	at org.apache.maven.surefire.report.SmartStackTraceParser.toString(SmartStackTraceParser.java:311)
	at org.apache.maven.surefire.report.SmartStackTraceParser.causeToString(SmartStackTraceParser.java:300)
	at org.apache.maven.surefire.report.SmartStackTraceParser.innerMostWithFocusOnClass(SmartStackTraceParser.java:248)
	at org.apache.maven.surefire.common.junit4.JUnit4StackTraceWriter.writeTrimmedTraceToString(JUnit4StackTraceWriter.java:97)
	at org.apache.maven.surefire.booter.ForkingRunListener.encode(ForkingRunListener.java:330)
	at org.apache.maven.surefire.booter.ForkingRunListener.encode(ForkingRunListener.java:312)
	at org.apache.maven.surefire.booter.ForkingRunListener.toString(ForkingRunListener.java:258)
	at org.apache.maven.surefire.booter.ForkingRunListener.testError(ForkingRunListener.java:132)
	at org.apache.maven.surefire.common.junit4.JUnit4RunListener.testFailure(JUnit4RunListener.java:118)
	at org.apache.maven.surefire.junitcore.NonConcurrentRunListener.testFailure(NonConcurrentRunListener.java:132)
	at org.junit.runner.notification.SynchronizedRunListener.testFailure(SynchronizedRunListener.java:63)
	at org.junit.runner.notification.RunNotifier$4.notifyListener(RunNotifier.java:142)
	at org.junit.runner.notification.RunNotifier$SafeNotifier.run(RunNotifier.java:72)
	at org.junit.runner.notification.RunNotifier.fireTestFailures(RunNotifier.java:138)
	at org.junit.runner.notification.RunNotifier.fireTestFailure(RunNotifier.java:132)
	at org.junit.internal.runners.model.EachTestNotifier.addFailure(EachTestNotifier.java:23)
	at org.junit.runners.ParentRunner.runLeaf(ParentRunner.java:329)
	at org.springframework.test.context.junit4.SpringJUnit4ClassRunner.runChild(SpringJUnit4ClassRunner.java:251)
	at org.springframework.test.context.junit4.SpringJUnit4ClassRunner.runChild(SpringJUnit4ClassRunner.java:97)
	at org.junit.runners.ParentRunner$3.run(ParentRunner.java:290)
	at org.junit.runners.ParentRunner$1.schedule(ParentRunner.java:71)
	at org.junit.runners.ParentRunner.runChildren(ParentRunner.java:288)
	at org.junit.runners.ParentRunner.access$000(ParentRunner.java:58)
	at org.junit.runners.ParentRunner$2.evaluate(ParentRunner.java:268)
	at org.springframework.test.context.junit4.statements.RunBeforeTestClassCallbacks.evaluate(RunBeforeTestClassCallbacks.java:61)
	at org.springframework.test.context.junit4.statements.RunAfterTestClassCallbacks.evaluate(RunAfterTestClassCallbacks.java:70)
	at org.junit.runners.ParentRunner.run(ParentRunner.java:363)
	at org.springframework.test.context.junit4.SpringJUnit4ClassRunner.run(SpringJUnit4ClassRunner.java:190)
	at org.junit.runners.Suite.runChild(Suite.java:128)
	at org.junit.runners.Suite.runChild(Suite.java:27)
	at org.junit.runners.ParentRunner$3.run(ParentRunner.java:290)
	at org.junit.runners.ParentRunner$1.schedule(ParentRunner.java:71)
	at org.junit.runners.ParentRunner.runChildren(ParentRunner.java:288)
	at org.junit.runners.ParentRunner.access$000(ParentRunner.java:58)
	at org.junit.runners.ParentRunner$2.evaluate(ParentRunner.java:268)
	at org.junit.runners.ParentRunner.run(ParentRunner.java:363)
	at org.junit.runner.JUnitCore.run(JUnitCore.java:137)
	at org.junit.runner.JUnitCore.run(JUnitCore.java:115)
	at org.apache.maven.surefire.junitcore.JUnitCoreWrapper.createRequestAndRun(JUnitCoreWrapper.java:108)
	at org.apache.maven.surefire.junitcore.JUnitCoreWrapper.executeEager(JUnitCoreWrapper.java:78)
	at org.apache.maven.surefire.junitcore.JUnitCoreWrapper.execute(JUnitCoreWrapper.java:54)
	at org.apache.maven.surefire.junitcore.JUnitCoreProvider.invoke(JUnitCoreProvider.java:144)
	at org.apache.maven.surefire.booter.ForkedBooter.invokeProviderInSameClassLoader(ForkedBooter.java:203)
	at org.apache.maven.surefire.booter.ForkedBooter.runSuitesInProcess(ForkedBooter.java:155)
	at org.apache.maven.surefire.booter.ForkedBooter.main(ForkedBooter.java:103)

]]></system-err>
  </testcase>
</testsuite>